[0.148s] Invoking command in '/workspace/action_data_offset_ws/build/crb_ros_msg': CMAKE_PREFIX_PATH=/opt/rootfs_2204_aarch64/opt/ros/humble /usr/bin/cmake /workspace/action_data_offset_ws/src/crb_ros_msg -DCMAKE_VERBOSE_MAKEFILE:BOOL=ON -DCMAKE_TOOLCHAIN_FILE=/workspace/action_data_offset_ws/docker_env/environment/cmake-toolchains/generic_aarch64.cmake -DSECURITY=ON -DBUILD_TESTING=OFF -DCMAKE_INSTALL_PREFIX=/workspace/action_data_offset_ws/install
[0.158s] -- Using SECURITY: ON.
[0.158s] -- Using BUILD_TESTING: OFF.
[0.158s] -- Using CMAKE_TOOLCHAIN_FILE: /workspace/action_data_offset_ws/docker_env/environment/cmake-toolchains/generic_aarch64.cmake.
[0.159s] -- Using CATKIN_INSTALL_INTO_PREFIX_ROOT: .
[0.159s] -- Using CMAKE_CUSTOM_CROSS: .
[0.174s] -- Found ament_cmake: 1.3.12 (/opt/rootfs_2204_aarch64/opt/ros/humble/share/ament_cmake/cmake)
[0.258s] -- Found rosidl_default_generators: 1.2.1 (/opt/rootfs_2204_aarch64/opt/ros/humble/share/rosidl_default_generators/cmake)
[0.259s] -- Using all available rosidl_typesupport_c: rosidl_typesupport_fastrtps_c;rosidl_typesupport_introspection_c
[0.261s] -- Found rosidl_adapter: 3.1.7 (/opt/rootfs_2204_aarch64/opt/ros/humble/share/rosidl_adapter/cmake)
[0.282s] -- Using all available rosidl_typesupport_cpp: rosidl_typesupport_fastrtps_cpp;rosidl_typesupport_introspection_cpp
[0.309s] -- Found std_msgs: 4.9.0 (/opt/rootfs_2204_aarch64/opt/ros/humble/share/std_msgs/cmake)
[0.330s] -- Found sensor_msgs: 4.9.1 (/opt/rootfs_2204_aarch64/opt/ros/humble/share/sensor_msgs/cmake)
[0.354s] -- Found action_msgs: 1.2.2 (/opt/rootfs_2204_aarch64/opt/ros/humble/share/action_msgs/cmake)
[0.586s] -- Found ament_cmake_ros: 0.10.0 (/opt/rootfs_2204_aarch64/opt/ros/humble/share/ament_cmake_ros/cmake)
[0.807s] -- Using all available rosidl_typesupport_c: rosidl_typesupport_fastrtps_c;rosidl_typesupport_introspection_c
[1.069s] -- Using all available rosidl_typesupport_cpp: rosidl_typesupport_fastrtps_cpp;rosidl_typesupport_introspection_cpp
[1.081s] -- Found python_cmake_module: 0.10.0 (/opt/rootfs_2204_aarch64/opt/ros/humble/share/python_cmake_module/cmake)
[1.094s] -- Using PYTHON_EXECUTABLE: /usr/bin/python3
[1.095s] -- Using PYTHON_INCLUDE_DIRS: /opt/rootfs_2204_aarch64/usr/include/python3.10
[1.095s] -- Using PYTHON_LIBRARIES: /opt/rootfs_2204_aarch64/usr/lib/aarch64-linux-gnu/libpython3.10.so
[1.202s] -- Configuring done
[1.237s] -- Generating done
[1.248s] -- Build files have been written to: /workspace/action_data_offset_ws/build_aarch64/crb_ros_msg
[1.254s] Invoked command in '/workspace/action_data_offset_ws/build/crb_ros_msg' returned '0': CMAKE_PREFIX_PATH=/opt/rootfs_2204_aarch64/opt/ros/humble /usr/bin/cmake /workspace/action_data_offset_ws/src/crb_ros_msg -DCMAKE_VERBOSE_MAKEFILE:BOOL=ON -DCMAKE_TOOLCHAIN_FILE=/workspace/action_data_offset_ws/docker_env/environment/cmake-toolchains/generic_aarch64.cmake -DSECURITY=ON -DBUILD_TESTING=OFF -DCMAKE_INSTALL_PREFIX=/workspace/action_data_offset_ws/install
[1.256s] Invoking command in '/workspace/action_data_offset_ws/build/crb_ros_msg': CMAKE_PREFIX_PATH=/opt/rootfs_2204_aarch64/opt/ros/humble /usr/bin/cmake --build /workspace/action_data_offset_ws/build/crb_ros_msg -- -j16 -l16
[1.274s] /usr/bin/cmake -S/workspace/action_data_offset_ws/src/crb_ros_msg -B/workspace/action_data_offset_ws/build_aarch64/crb_ros_msg --check-build-system CMakeFiles/Makefile.cmake 0
[1.285s] /usr/bin/cmake -E cmake_progress_start /workspace/action_data_offset_ws/build_aarch64/crb_ros_msg/CMakeFiles /workspace/action_data_offset_ws/build_aarch64/crb_ros_msg//CMakeFiles/progress.marks
[1.292s] /usr/bin/gmake  -f CMakeFiles/Makefile2 all
[1.294s] gmake[1]: Entering directory '/workspace/action_data_offset_ws/build_aarch64/crb_ros_msg'
[1.294s] /usr/bin/gmake  -f crb_ros_msg__rs/CMakeFiles/crb_ros_msg__rs.dir/build.make crb_ros_msg__rs/CMakeFiles/crb_ros_msg__rs.dir/depend
[1.295s] /usr/bin/gmake  -f CMakeFiles/crb_ros_msg__rosidl_generator_c.dir/build.make CMakeFiles/crb_ros_msg__rosidl_generator_c.dir/depend
[1.295s] /usr/bin/gmake  -f CMakeFiles/crb_ros_msg__cpp.dir/build.make CMakeFiles/crb_ros_msg__cpp.dir/depend
[1.295s] /usr/bin/gmake  -f CMakeFiles/ament_cmake_python_copy_crb_ros_msg.dir/build.make CMakeFiles/ament_cmake_python_copy_crb_ros_msg.dir/depend
[1.296s] gmake[2]: Entering directory '/workspace/action_data_offset_ws/build_aarch64/crb_ros_msg'
[1.296s] cd /workspace/action_data_offset_ws/build_aarch64/crb_ros_msg && /usr/bin/cmake -E cmake_depends "Unix Makefiles" /workspace/action_data_offset_ws/src/crb_ros_msg /workspace/action_data_offset_ws/build_aarch64/crb_ros_msg/crb_ros_msg__rs /workspace/action_data_offset_ws/build_aarch64/crb_ros_msg /workspace/action_data_offset_ws/build_aarch64/crb_ros_msg/crb_ros_msg__rs /workspace/action_data_offset_ws/build_aarch64/crb_ros_msg/crb_ros_msg__rs/CMakeFiles/crb_ros_msg__rs.dir/DependInfo.cmake --color=
[1.296s] gmake[2]: Entering directory '/workspace/action_data_offset_ws/build_aarch64/crb_ros_msg'
[1.296s] cd /workspace/action_data_offset_ws/build_aarch64/crb_ros_msg && /usr/bin/cmake -E cmake_depends "Unix Makefiles" /workspace/action_data_offset_ws/src/crb_ros_msg /workspace/action_data_offset_ws/src/crb_ros_msg /workspace/action_data_offset_ws/build_aarch64/crb_ros_msg /workspace/action_data_offset_ws/build_aarch64/crb_ros_msg /workspace/action_data_offset_ws/build_aarch64/crb_ros_msg/CMakeFiles/ament_cmake_python_copy_crb_ros_msg.dir/DependInfo.cmake --color=
[1.297s] gmake[2]: Entering directory '/workspace/action_data_offset_ws/build_aarch64/crb_ros_msg'
[1.297s] cd /workspace/action_data_offset_ws/build_aarch64/crb_ros_msg && /usr/bin/cmake -E cmake_depends "Unix Makefiles" /workspace/action_data_offset_ws/src/crb_ros_msg /workspace/action_data_offset_ws/src/crb_ros_msg /workspace/action_data_offset_ws/build_aarch64/crb_ros_msg /workspace/action_data_offset_ws/build_aarch64/crb_ros_msg /workspace/action_data_offset_ws/build_aarch64/crb_ros_msg/CMakeFiles/crb_ros_msg__cpp.dir/DependInfo.cmake --color=
[1.297s] gmake[2]: Entering directory '/workspace/action_data_offset_ws/build_aarch64/crb_ros_msg'
[1.298s] cd /workspace/action_data_offset_ws/build_aarch64/crb_ros_msg && /usr/bin/cmake -E cmake_depends "Unix Makefiles" /workspace/action_data_offset_ws/src/crb_ros_msg /workspace/action_data_offset_ws/src/crb_ros_msg /workspace/action_data_offset_ws/build_aarch64/crb_ros_msg /workspace/action_data_offset_ws/build_aarch64/crb_ros_msg /workspace/action_data_offset_ws/build_aarch64/crb_ros_msg/CMakeFiles/crb_ros_msg__rosidl_generator_c.dir/DependInfo.cmake --color=
[1.306s] Dependencies file "CMakeFiles/crb_ros_msg__rosidl_generator_c.dir/rosidl_generator_c/crb_ros_msg/action/detail/action_play__functions.c.o.d" is newer than depends file "/workspace/action_data_offset_ws/build_aarch64/crb_ros_msg/CMakeFiles/crb_ros_msg__rosidl_generator_c.dir/compiler_depend.internal".
[1.306s] Dependencies file "CMakeFiles/crb_ros_msg__rosidl_generator_c.dir/rosidl_generator_c/crb_ros_msg/msg/detail/upper_joint_data__functions.c.o.d" is newer than depends file "/workspace/action_data_offset_ws/build_aarch64/crb_ros_msg/CMakeFiles/crb_ros_msg__rosidl_generator_c.dir/compiler_depend.internal".
[1.306s] [35m[1mConsolidate compiler generated dependencies of target crb_ros_msg__rosidl_generator_c[0m
[1.307s] gmake[2]: Leaving directory '/workspace/action_data_offset_ws/build_aarch64/crb_ros_msg'
[1.307s] gmake[2]: Leaving directory '/workspace/action_data_offset_ws/build_aarch64/crb_ros_msg'
[1.307s] /usr/bin/gmake  -f CMakeFiles/crb_ros_msg__cpp.dir/build.make CMakeFiles/crb_ros_msg__cpp.dir/build
[1.307s] /usr/bin/gmake  -f crb_ros_msg__rs/CMakeFiles/crb_ros_msg__rs.dir/build.make crb_ros_msg__rs/CMakeFiles/crb_ros_msg__rs.dir/build
[1.310s] gmake[2]: Entering directory '/workspace/action_data_offset_ws/build_aarch64/crb_ros_msg'
[1.310s] gmake[2]: Nothing to be done for 'CMakeFiles/crb_ros_msg__cpp.dir/build'.
[1.310s] gmake[2]: Leaving directory '/workspace/action_data_offset_ws/build_aarch64/crb_ros_msg'
[1.311s] gmake[2]: Leaving directory '/workspace/action_data_offset_ws/build_aarch64/crb_ros_msg'
[1.311s] /usr/bin/gmake  -f CMakeFiles/crb_ros_msg__rosidl_generator_c.dir/build.make CMakeFiles/crb_ros_msg__rosidl_generator_c.dir/build
[1.312s] gmake[2]: Entering directory '/workspace/action_data_offset_ws/build_aarch64/crb_ros_msg'
[1.312s] gmake[2]: Nothing to be done for 'crb_ros_msg__rs/CMakeFiles/crb_ros_msg__rs.dir/build'.
[1.313s] gmake[2]: Leaving directory '/workspace/action_data_offset_ws/build_aarch64/crb_ros_msg'
[1.314s] gmake[2]: Leaving directory '/workspace/action_data_offset_ws/build_aarch64/crb_ros_msg'
[1.314s] /usr/bin/gmake  -f CMakeFiles/ament_cmake_python_copy_crb_ros_msg.dir/build.make CMakeFiles/ament_cmake_python_copy_crb_ros_msg.dir/build
[1.318s] gmake[2]: Entering directory '/workspace/action_data_offset_ws/build_aarch64/crb_ros_msg'
[1.318s] gmake[2]: Nothing to be done for 'CMakeFiles/crb_ros_msg__rosidl_generator_c.dir/build'.
[1.318s] gmake[2]: Leaving directory '/workspace/action_data_offset_ws/build_aarch64/crb_ros_msg'
[1.319s] gmake[2]: Entering directory '/workspace/action_data_offset_ws/build_aarch64/crb_ros_msg'
[1.319s] /usr/bin/cmake -E copy_directory /workspace/action_data_offset_ws/build_aarch64/crb_ros_msg/rosidl_generator_py/crb_ros_msg /workspace/action_data_offset_ws/build_aarch64/crb_ros_msg/ament_cmake_python/crb_ros_msg/crb_ros_msg
[1.323s] [  2%] Built target crb_ros_msg__cpp
[1.323s] /usr/bin/gmake  -f CMakeFiles/crb_ros_msg__rosidl_typesupport_fastrtps_cpp.dir/build.make CMakeFiles/crb_ros_msg__rosidl_typesupport_fastrtps_cpp.dir/depend
[1.324s] /usr/bin/gmake  -f CMakeFiles/crb_ros_msg__rosidl_typesupport_introspection_cpp.dir/build.make CMakeFiles/crb_ros_msg__rosidl_typesupport_introspection_cpp.dir/depend
[1.324s] /usr/bin/gmake  -f CMakeFiles/crb_ros_msg__rosidl_typesupport_cpp.dir/build.make CMakeFiles/crb_ros_msg__rosidl_typesupport_cpp.dir/depend
[1.325s] [  5%] Built target crb_ros_msg__rs
[1.330s] gmake[2]: Entering directory '/workspace/action_data_offset_ws/build_aarch64/crb_ros_msg'
[1.330s] cd /workspace/action_data_offset_ws/build_aarch64/crb_ros_msg && /usr/bin/cmake -E cmake_depends "Unix Makefiles" /workspace/action_data_offset_ws/src/crb_ros_msg /workspace/action_data_offset_ws/src/crb_ros_msg /workspace/action_data_offset_ws/build_aarch64/crb_ros_msg /workspace/action_data_offset_ws/build_aarch64/crb_ros_msg /workspace/action_data_offset_ws/build_aarch64/crb_ros_msg/CMakeFiles/crb_ros_msg__rosidl_typesupport_fastrtps_cpp.dir/DependInfo.cmake --color=
[1.330s] gmake[2]: Entering directory '/workspace/action_data_offset_ws/build_aarch64/crb_ros_msg'
[1.330s] gmake[2]: Entering directory '/workspace/action_data_offset_ws/build_aarch64/crb_ros_msg'
[1.330s] cd /workspace/action_data_offset_ws/build_aarch64/crb_ros_msg && /usr/bin/cmake -E cmake_depends "Unix Makefiles" /workspace/action_data_offset_ws/src/crb_ros_msg /workspace/action_data_offset_ws/src/crb_ros_msg /workspace/action_data_offset_ws/build_aarch64/crb_ros_msg /workspace/action_data_offset_ws/build_aarch64/crb_ros_msg /workspace/action_data_offset_ws/build_aarch64/crb_ros_msg/CMakeFiles/crb_ros_msg__rosidl_typesupport_introspection_cpp.dir/DependInfo.cmake --color=
[1.330s] cd /workspace/action_data_offset_ws/build_aarch64/crb_ros_msg && /usr/bin/cmake -E cmake_depends "Unix Makefiles" /workspace/action_data_offset_ws/src/crb_ros_msg /workspace/action_data_offset_ws/src/crb_ros_msg /workspace/action_data_offset_ws/build_aarch64/crb_ros_msg /workspace/action_data_offset_ws/build_aarch64/crb_ros_msg /workspace/action_data_offset_ws/build_aarch64/crb_ros_msg/CMakeFiles/crb_ros_msg__rosidl_typesupport_cpp.dir/DependInfo.cmake --color=
[1.334s] [ 15%] Built target crb_ros_msg__rosidl_generator_c
[1.335s] /usr/bin/gmake  -f CMakeFiles/crb_ros_msg__rosidl_typesupport_fastrtps_c.dir/build.make CMakeFiles/crb_ros_msg__rosidl_typesupport_fastrtps_c.dir/depend
[1.336s] /usr/bin/gmake  -f CMakeFiles/crb_ros_msg__rosidl_typesupport_introspection_c.dir/build.make CMakeFiles/crb_ros_msg__rosidl_typesupport_introspection_c.dir/depend
[1.336s] /usr/bin/gmake  -f CMakeFiles/crb_ros_msg__rosidl_typesupport_c.dir/build.make CMakeFiles/crb_ros_msg__rosidl_typesupport_c.dir/depend
[1.339s] gmake[2]: Leaving directory '/workspace/action_data_offset_ws/build_aarch64/crb_ros_msg'
[1.342s] gmake[2]: Entering directory '/workspace/action_data_offset_ws/build_aarch64/crb_ros_msg'
[1.342s] cd /workspace/action_data_offset_ws/build_aarch64/crb_ros_msg && /usr/bin/cmake -E cmake_depends "Unix Makefiles" /workspace/action_data_offset_ws/src/crb_ros_msg /workspace/action_data_offset_ws/src/crb_ros_msg /workspace/action_data_offset_ws/build_aarch64/crb_ros_msg /workspace/action_data_offset_ws/build_aarch64/crb_ros_msg /workspace/action_data_offset_ws/build_aarch64/crb_ros_msg/CMakeFiles/crb_ros_msg__rosidl_typesupport_fastrtps_c.dir/DependInfo.cmake --color=
[1.344s] gmake[2]: Entering directory '/workspace/action_data_offset_ws/build_aarch64/crb_ros_msg'
[1.344s] cd /workspace/action_data_offset_ws/build_aarch64/crb_ros_msg && /usr/bin/cmake -E cmake_depends "Unix Makefiles" /workspace/action_data_offset_ws/src/crb_ros_msg /workspace/action_data_offset_ws/src/crb_ros_msg /workspace/action_data_offset_ws/build_aarch64/crb_ros_msg /workspace/action_data_offset_ws/build_aarch64/crb_ros_msg /workspace/action_data_offset_ws/build_aarch64/crb_ros_msg/CMakeFiles/crb_ros_msg__rosidl_typesupport_introspection_c.dir/DependInfo.cmake --color=
[1.345s] gmake[2]: Entering directory '/workspace/action_data_offset_ws/build_aarch64/crb_ros_msg'
[1.345s] cd /workspace/action_data_offset_ws/build_aarch64/crb_ros_msg && /usr/bin/cmake -E cmake_depends "Unix Makefiles" /workspace/action_data_offset_ws/src/crb_ros_msg /workspace/action_data_offset_ws/src/crb_ros_msg /workspace/action_data_offset_ws/build_aarch64/crb_ros_msg /workspace/action_data_offset_ws/build_aarch64/crb_ros_msg /workspace/action_data_offset_ws/build_aarch64/crb_ros_msg/CMakeFiles/crb_ros_msg__rosidl_typesupport_c.dir/DependInfo.cmake --color=
[1.350s] Dependencies file "CMakeFiles/crb_ros_msg__rosidl_typesupport_introspection_cpp.dir/rosidl_typesupport_introspection_cpp/crb_ros_msg/action/detail/action_play__type_support.cpp.o.d" is newer than depends file "/workspace/action_data_offset_ws/build_aarch64/crb_ros_msg/CMakeFiles/crb_ros_msg__rosidl_typesupport_introspection_cpp.dir/compiler_depend.internal".
[1.351s] Dependencies file "CMakeFiles/crb_ros_msg__rosidl_typesupport_introspection_cpp.dir/rosidl_typesupport_introspection_cpp/crb_ros_msg/msg/detail/upper_joint_data__type_support.cpp.o.d" is newer than depends file "/workspace/action_data_offset_ws/build_aarch64/crb_ros_msg/CMakeFiles/crb_ros_msg__rosidl_typesupport_introspection_cpp.dir/compiler_depend.internal".
[1.351s] [35m[1mConsolidate compiler generated dependencies of target crb_ros_msg__rosidl_typesupport_introspection_cpp[0m
[1.355s] Dependencies file "CMakeFiles/crb_ros_msg__rosidl_typesupport_cpp.dir/rosidl_typesupport_cpp/crb_ros_msg/action/action_play__type_support.cpp.o.d" is newer than depends file "/workspace/action_data_offset_ws/build_aarch64/crb_ros_msg/CMakeFiles/crb_ros_msg__rosidl_typesupport_cpp.dir/compiler_depend.internal".
[1.356s] Dependencies file "CMakeFiles/crb_ros_msg__rosidl_typesupport_fastrtps_cpp.dir/rosidl_typesupport_fastrtps_cpp/crb_ros_msg/action/detail/dds_fastrtps/action_play__type_support.cpp.o.d" is newer than depends file "/workspace/action_data_offset_ws/build_aarch64/crb_ros_msg/CMakeFiles/crb_ros_msg__rosidl_typesupport_fastrtps_cpp.dir/compiler_depend.internal".
[1.356s] Dependencies file "CMakeFiles/crb_ros_msg__rosidl_typesupport_cpp.dir/rosidl_typesupport_cpp/crb_ros_msg/msg/upper_joint_data__type_support.cpp.o.d" is newer than depends file "/workspace/action_data_offset_ws/build_aarch64/crb_ros_msg/CMakeFiles/crb_ros_msg__rosidl_typesupport_cpp.dir/compiler_depend.internal".
[1.356s] Dependencies file "CMakeFiles/crb_ros_msg__rosidl_typesupport_fastrtps_cpp.dir/rosidl_typesupport_fastrtps_cpp/crb_ros_msg/msg/detail/dds_fastrtps/upper_joint_data__type_support.cpp.o.d" is newer than depends file "/workspace/action_data_offset_ws/build_aarch64/crb_ros_msg/CMakeFiles/crb_ros_msg__rosidl_typesupport_fastrtps_cpp.dir/compiler_depend.internal".
[1.356s] [35m[1mConsolidate compiler generated dependencies of target crb_ros_msg__rosidl_typesupport_cpp[0m
[1.357s] [35m[1mConsolidate compiler generated dependencies of target crb_ros_msg__rosidl_typesupport_fastrtps_cpp[0m
[1.359s] [ 15%] Built target ament_cmake_python_copy_crb_ros_msg
[1.360s] /usr/bin/gmake  -f CMakeFiles/ament_cmake_python_build_crb_ros_msg_egg.dir/build.make CMakeFiles/ament_cmake_python_build_crb_ros_msg_egg.dir/depend
[1.363s] Dependencies file "CMakeFiles/crb_ros_msg__rosidl_typesupport_introspection_c.dir/rosidl_typesupport_introspection_c/crb_ros_msg/action/detail/action_play__type_support.c.o.d" is newer than depends file "/workspace/action_data_offset_ws/build_aarch64/crb_ros_msg/CMakeFiles/crb_ros_msg__rosidl_typesupport_introspection_c.dir/compiler_depend.internal".
[1.364s] Dependencies file "CMakeFiles/crb_ros_msg__rosidl_typesupport_introspection_c.dir/rosidl_typesupport_introspection_c/crb_ros_msg/msg/detail/upper_joint_data__type_support.c.o.d" is newer than depends file "/workspace/action_data_offset_ws/build_aarch64/crb_ros_msg/CMakeFiles/crb_ros_msg__rosidl_typesupport_introspection_c.dir/compiler_depend.internal".
[1.364s] [35m[1mConsolidate compiler generated dependencies of target crb_ros_msg__rosidl_typesupport_introspection_c[0m
[1.365s] gmake[2]: Entering directory '/workspace/action_data_offset_ws/build_aarch64/crb_ros_msg'
[1.365s] cd /workspace/action_data_offset_ws/build_aarch64/crb_ros_msg && /usr/bin/cmake -E cmake_depends "Unix Makefiles" /workspace/action_data_offset_ws/src/crb_ros_msg /workspace/action_data_offset_ws/src/crb_ros_msg /workspace/action_data_offset_ws/build_aarch64/crb_ros_msg /workspace/action_data_offset_ws/build_aarch64/crb_ros_msg /workspace/action_data_offset_ws/build_aarch64/crb_ros_msg/CMakeFiles/ament_cmake_python_build_crb_ros_msg_egg.dir/DependInfo.cmake --color=
[1.366s] gmake[2]: Leaving directory '/workspace/action_data_offset_ws/build_aarch64/crb_ros_msg'
[1.366s] /usr/bin/gmake  -f CMakeFiles/crb_ros_msg__rosidl_typesupport_introspection_cpp.dir/build.make CMakeFiles/crb_ros_msg__rosidl_typesupport_introspection_cpp.dir/build
[1.369s] Dependencies file "CMakeFiles/crb_ros_msg__rosidl_typesupport_fastrtps_c.dir/rosidl_typesupport_fastrtps_c/crb_ros_msg/action/detail/action_play__type_support_c.cpp.o.d" is newer than depends file "/workspace/action_data_offset_ws/build_aarch64/crb_ros_msg/CMakeFiles/crb_ros_msg__rosidl_typesupport_fastrtps_c.dir/compiler_depend.internal".
[1.370s] Dependencies file "CMakeFiles/crb_ros_msg__rosidl_typesupport_fastrtps_c.dir/rosidl_typesupport_fastrtps_c/crb_ros_msg/msg/detail/upper_joint_data__type_support_c.cpp.o.d" is newer than depends file "/workspace/action_data_offset_ws/build_aarch64/crb_ros_msg/CMakeFiles/crb_ros_msg__rosidl_typesupport_fastrtps_c.dir/compiler_depend.internal".
[1.370s] gmake[2]: Leaving directory '/workspace/action_data_offset_ws/build_aarch64/crb_ros_msg'
[1.370s] /usr/bin/gmake  -f CMakeFiles/crb_ros_msg__rosidl_typesupport_introspection_c.dir/build.make CMakeFiles/crb_ros_msg__rosidl_typesupport_introspection_c.dir/build
[1.370s] Dependencies file "CMakeFiles/crb_ros_msg__rosidl_typesupport_c.dir/rosidl_typesupport_c/crb_ros_msg/action/action_play__type_support.cpp.o.d" is newer than depends file "/workspace/action_data_offset_ws/build_aarch64/crb_ros_msg/CMakeFiles/crb_ros_msg__rosidl_typesupport_c.dir/compiler_depend.internal".
[1.371s] [35m[1mConsolidate compiler generated dependencies of target crb_ros_msg__rosidl_typesupport_fastrtps_c[0m
[1.371s] Dependencies file "CMakeFiles/crb_ros_msg__rosidl_typesupport_c.dir/rosidl_typesupport_c/crb_ros_msg/msg/upper_joint_data__type_support.cpp.o.d" is newer than depends file "/workspace/action_data_offset_ws/build_aarch64/crb_ros_msg/CMakeFiles/crb_ros_msg__rosidl_typesupport_c.dir/compiler_depend.internal".
[1.371s] [35m[1mConsolidate compiler generated dependencies of target crb_ros_msg__rosidl_typesupport_c[0m
[1.373s] gmake[2]: Entering directory '/workspace/action_data_offset_ws/build_aarch64/crb_ros_msg'
[1.373s] gmake[2]: Nothing to be done for 'CMakeFiles/crb_ros_msg__rosidl_typesupport_introspection_cpp.dir/build'.
[1.374s] gmake[2]: Leaving directory '/workspace/action_data_offset_ws/build_aarch64/crb_ros_msg'
[1.375s] gmake[2]: Leaving directory '/workspace/action_data_offset_ws/build_aarch64/crb_ros_msg'
[1.375s] /usr/bin/gmake  -f CMakeFiles/crb_ros_msg__rosidl_typesupport_c.dir/build.make CMakeFiles/crb_ros_msg__rosidl_typesupport_c.dir/build
[1.376s] gmake[2]: Entering directory '/workspace/action_data_offset_ws/build_aarch64/crb_ros_msg'
[1.376s] gmake[2]: Nothing to be done for 'CMakeFiles/crb_ros_msg__rosidl_typesupport_introspection_c.dir/build'.
[1.376s] gmake[2]: Leaving directory '/workspace/action_data_offset_ws/build_aarch64/crb_ros_msg'
[1.377s] gmake[2]: Leaving directory '/workspace/action_data_offset_ws/build_aarch64/crb_ros_msg'
[1.377s] /usr/bin/gmake  -f CMakeFiles/crb_ros_msg__rosidl_typesupport_cpp.dir/build.make CMakeFiles/crb_ros_msg__rosidl_typesupport_cpp.dir/build
[1.380s] gmake[2]: Leaving directory '/workspace/action_data_offset_ws/build_aarch64/crb_ros_msg'
[1.380s] /usr/bin/gmake  -f CMakeFiles/crb_ros_msg__rosidl_typesupport_fastrtps_c.dir/build.make CMakeFiles/crb_ros_msg__rosidl_typesupport_fastrtps_c.dir/build
[1.381s] gmake[2]: Leaving directory '/workspace/action_data_offset_ws/build_aarch64/crb_ros_msg'
[1.381s] /usr/bin/gmake  -f CMakeFiles/crb_ros_msg__rosidl_typesupport_fastrtps_cpp.dir/build.make CMakeFiles/crb_ros_msg__rosidl_typesupport_fastrtps_cpp.dir/build
[1.382s] gmake[2]: Leaving directory '/workspace/action_data_offset_ws/build_aarch64/crb_ros_msg'
[1.382s] /usr/bin/gmake  -f CMakeFiles/ament_cmake_python_build_crb_ros_msg_egg.dir/build.make CMakeFiles/ament_cmake_python_build_crb_ros_msg_egg.dir/build
[1.382s] gmake[2]: Entering directory '/workspace/action_data_offset_ws/build_aarch64/crb_ros_msg'
[1.382s] gmake[2]: Nothing to be done for 'CMakeFiles/crb_ros_msg__rosidl_typesupport_c.dir/build'.
[1.383s] gmake[2]: Leaving directory '/workspace/action_data_offset_ws/build_aarch64/crb_ros_msg'
[1.384s] gmake[2]: Entering directory '/workspace/action_data_offset_ws/build_aarch64/crb_ros_msg'
[1.384s] cd /workspace/action_data_offset_ws/build_aarch64/crb_ros_msg/ament_cmake_python/crb_ros_msg && /usr/bin/python3 setup.py egg_info
[1.386s] [ 25%] Built target crb_ros_msg__rosidl_typesupport_introspection_c
[1.387s] gmake[2]: Entering directory '/workspace/action_data_offset_ws/build_aarch64/crb_ros_msg'
[1.388s] gmake[2]: Nothing to be done for 'CMakeFiles/crb_ros_msg__rosidl_typesupport_fastrtps_cpp.dir/build'.
[1.388s] gmake[2]: Leaving directory '/workspace/action_data_offset_ws/build_aarch64/crb_ros_msg'
[1.388s] gmake[2]: Entering directory '/workspace/action_data_offset_ws/build_aarch64/crb_ros_msg'
[1.389s] gmake[2]: Nothing to be done for 'CMakeFiles/crb_ros_msg__rosidl_typesupport_cpp.dir/build'.
[1.389s] gmake[2]: Leaving directory '/workspace/action_data_offset_ws/build_aarch64/crb_ros_msg'
[1.391s] [ 35%] Built target crb_ros_msg__rosidl_typesupport_introspection_cpp
[1.392s] gmake[2]: Entering directory '/workspace/action_data_offset_ws/build_aarch64/crb_ros_msg'
[1.392s] gmake[2]: Nothing to be done for 'CMakeFiles/crb_ros_msg__rosidl_typesupport_fastrtps_c.dir/build'.
[1.392s] gmake[2]: Leaving directory '/workspace/action_data_offset_ws/build_aarch64/crb_ros_msg'
[1.395s] [ 45%] Built target crb_ros_msg__rosidl_typesupport_fastrtps_cpp
[1.396s] [ 55%] Built target crb_ros_msg__rosidl_typesupport_c
[1.397s] [ 65%] Built target crb_ros_msg__rosidl_typesupport_cpp
[1.404s] [ 75%] Built target crb_ros_msg__rosidl_typesupport_fastrtps_c
[1.404s] /usr/bin/gmake  -f CMakeFiles/crb_ros_msg.dir/build.make CMakeFiles/crb_ros_msg.dir/depend
[1.406s] gmake[2]: Entering directory '/workspace/action_data_offset_ws/build_aarch64/crb_ros_msg'
[1.406s] cd /workspace/action_data_offset_ws/build_aarch64/crb_ros_msg && /usr/bin/cmake -E cmake_depends "Unix Makefiles" /workspace/action_data_offset_ws/src/crb_ros_msg /workspace/action_data_offset_ws/src/crb_ros_msg /workspace/action_data_offset_ws/build_aarch64/crb_ros_msg /workspace/action_data_offset_ws/build_aarch64/crb_ros_msg /workspace/action_data_offset_ws/build_aarch64/crb_ros_msg/CMakeFiles/crb_ros_msg.dir/DependInfo.cmake --color=
[1.417s] gmake[2]: Leaving directory '/workspace/action_data_offset_ws/build_aarch64/crb_ros_msg'
[1.418s] /usr/bin/gmake  -f CMakeFiles/crb_ros_msg.dir/build.make CMakeFiles/crb_ros_msg.dir/build
[1.419s] gmake[2]: Entering directory '/workspace/action_data_offset_ws/build_aarch64/crb_ros_msg'
[1.419s] gmake[2]: Nothing to be done for 'CMakeFiles/crb_ros_msg.dir/build'.
[1.420s] gmake[2]: Leaving directory '/workspace/action_data_offset_ws/build_aarch64/crb_ros_msg'
[1.428s] [ 75%] Built target crb_ros_msg
[1.428s] /usr/bin/gmake  -f crb_ros_msg__py/CMakeFiles/crb_ros_msg__py.dir/build.make crb_ros_msg__py/CMakeFiles/crb_ros_msg__py.dir/depend
[1.431s] gmake[2]: Entering directory '/workspace/action_data_offset_ws/build_aarch64/crb_ros_msg'
[1.431s] cd /workspace/action_data_offset_ws/build_aarch64/crb_ros_msg && /usr/bin/cmake -E cmake_depends "Unix Makefiles" /workspace/action_data_offset_ws/src/crb_ros_msg /workspace/action_data_offset_ws/build_aarch64/crb_ros_msg/crb_ros_msg__py /workspace/action_data_offset_ws/build_aarch64/crb_ros_msg /workspace/action_data_offset_ws/build_aarch64/crb_ros_msg/crb_ros_msg__py /workspace/action_data_offset_ws/build_aarch64/crb_ros_msg/crb_ros_msg__py/CMakeFiles/crb_ros_msg__py.dir/DependInfo.cmake --color=
[1.442s] gmake[2]: Leaving directory '/workspace/action_data_offset_ws/build_aarch64/crb_ros_msg'
[1.442s] /usr/bin/gmake  -f crb_ros_msg__py/CMakeFiles/crb_ros_msg__py.dir/build.make crb_ros_msg__py/CMakeFiles/crb_ros_msg__py.dir/build
[1.446s] gmake[2]: Entering directory '/workspace/action_data_offset_ws/build_aarch64/crb_ros_msg'
[1.446s] gmake[2]: Nothing to be done for 'crb_ros_msg__py/CMakeFiles/crb_ros_msg__py.dir/build'.
[1.446s] gmake[2]: Leaving directory '/workspace/action_data_offset_ws/build_aarch64/crb_ros_msg'
[1.457s] [ 77%] Built target crb_ros_msg__py
[1.458s] /usr/bin/gmake  -f CMakeFiles/crb_ros_msg__rosidl_generator_py.dir/build.make CMakeFiles/crb_ros_msg__rosidl_generator_py.dir/depend
[1.460s] gmake[2]: Entering directory '/workspace/action_data_offset_ws/build_aarch64/crb_ros_msg'
[1.460s] cd /workspace/action_data_offset_ws/build_aarch64/crb_ros_msg && /usr/bin/cmake -E cmake_depends "Unix Makefiles" /workspace/action_data_offset_ws/src/crb_ros_msg /workspace/action_data_offset_ws/src/crb_ros_msg /workspace/action_data_offset_ws/build_aarch64/crb_ros_msg /workspace/action_data_offset_ws/build_aarch64/crb_ros_msg /workspace/action_data_offset_ws/build_aarch64/crb_ros_msg/CMakeFiles/crb_ros_msg__rosidl_generator_py.dir/DependInfo.cmake --color=
[1.471s] Dependencies file "CMakeFiles/crb_ros_msg__rosidl_generator_py.dir/rosidl_generator_py/crb_ros_msg/action/_action_play_s.c.o.d" is newer than depends file "/workspace/action_data_offset_ws/build_aarch64/crb_ros_msg/CMakeFiles/crb_ros_msg__rosidl_generator_py.dir/compiler_depend.internal".
[1.472s] Dependencies file "CMakeFiles/crb_ros_msg__rosidl_generator_py.dir/rosidl_generator_py/crb_ros_msg/msg/_upper_joint_data_s.c.o.d" is newer than depends file "/workspace/action_data_offset_ws/build_aarch64/crb_ros_msg/CMakeFiles/crb_ros_msg__rosidl_generator_py.dir/compiler_depend.internal".
[1.472s] [35m[1mConsolidate compiler generated dependencies of target crb_ros_msg__rosidl_generator_py[0m
[1.478s] gmake[2]: Leaving directory '/workspace/action_data_offset_ws/build_aarch64/crb_ros_msg'
[1.478s] /usr/bin/gmake  -f CMakeFiles/crb_ros_msg__rosidl_generator_py.dir/build.make CMakeFiles/crb_ros_msg__rosidl_generator_py.dir/build
[1.485s] gmake[2]: Entering directory '/workspace/action_data_offset_ws/build_aarch64/crb_ros_msg'
[1.485s] gmake[2]: Nothing to be done for 'CMakeFiles/crb_ros_msg__rosidl_generator_py.dir/build'.
[1.485s] gmake[2]: Leaving directory '/workspace/action_data_offset_ws/build_aarch64/crb_ros_msg'
[1.498s] [ 85%] Built target crb_ros_msg__rosidl_generator_py
[1.499s] /usr/bin/gmake  -f CMakeFiles/crb_ros_msg__rosidl_typesupport_fastrtps_c__pyext.dir/build.make CMakeFiles/crb_ros_msg__rosidl_typesupport_fastrtps_c__pyext.dir/depend
[1.499s] /usr/bin/gmake  -f CMakeFiles/crb_ros_msg__rosidl_typesupport_introspection_c__pyext.dir/build.make CMakeFiles/crb_ros_msg__rosidl_typesupport_introspection_c__pyext.dir/depend
[1.500s] /usr/bin/gmake  -f CMakeFiles/crb_ros_msg__rosidl_typesupport_c__pyext.dir/build.make CMakeFiles/crb_ros_msg__rosidl_typesupport_c__pyext.dir/depend
[1.501s] gmake[2]: Entering directory '/workspace/action_data_offset_ws/build_aarch64/crb_ros_msg'
[1.501s] cd /workspace/action_data_offset_ws/build_aarch64/crb_ros_msg && /usr/bin/cmake -E cmake_depends "Unix Makefiles" /workspace/action_data_offset_ws/src/crb_ros_msg /workspace/action_data_offset_ws/src/crb_ros_msg /workspace/action_data_offset_ws/build_aarch64/crb_ros_msg /workspace/action_data_offset_ws/build_aarch64/crb_ros_msg /workspace/action_data_offset_ws/build_aarch64/crb_ros_msg/CMakeFiles/crb_ros_msg__rosidl_typesupport_c__pyext.dir/DependInfo.cmake --color=
[1.502s] gmake[2]: Entering directory '/workspace/action_data_offset_ws/build_aarch64/crb_ros_msg'
[1.502s] cd /workspace/action_data_offset_ws/build_aarch64/crb_ros_msg && /usr/bin/cmake -E cmake_depends "Unix Makefiles" /workspace/action_data_offset_ws/src/crb_ros_msg /workspace/action_data_offset_ws/src/crb_ros_msg /workspace/action_data_offset_ws/build_aarch64/crb_ros_msg /workspace/action_data_offset_ws/build_aarch64/crb_ros_msg /workspace/action_data_offset_ws/build_aarch64/crb_ros_msg/CMakeFiles/crb_ros_msg__rosidl_typesupport_fastrtps_c__pyext.dir/DependInfo.cmake --color=
[1.502s] gmake[2]: Entering directory '/workspace/action_data_offset_ws/build_aarch64/crb_ros_msg'
[1.502s] cd /workspace/action_data_offset_ws/build_aarch64/crb_ros_msg && /usr/bin/cmake -E cmake_depends "Unix Makefiles" /workspace/action_data_offset_ws/src/crb_ros_msg /workspace/action_data_offset_ws/src/crb_ros_msg /workspace/action_data_offset_ws/build_aarch64/crb_ros_msg /workspace/action_data_offset_ws/build_aarch64/crb_ros_msg /workspace/action_data_offset_ws/build_aarch64/crb_ros_msg/CMakeFiles/crb_ros_msg__rosidl_typesupport_introspection_c__pyext.dir/DependInfo.cmake --color=
[1.511s] Dependencies file "CMakeFiles/crb_ros_msg__rosidl_typesupport_introspection_c__pyext.dir/rosidl_generator_py/crb_ros_msg/_crb_ros_msg_s.ep.rosidl_typesupport_introspection_c.c.o.d" is newer than depends file "/workspace/action_data_offset_ws/build_aarch64/crb_ros_msg/CMakeFiles/crb_ros_msg__rosidl_typesupport_introspection_c__pyext.dir/compiler_depend.internal".
[1.511s] [35m[1mConsolidate compiler generated dependencies of target crb_ros_msg__rosidl_typesupport_introspection_c__pyext[0m
[1.515s] Dependencies file "CMakeFiles/crb_ros_msg__rosidl_typesupport_c__pyext.dir/rosidl_generator_py/crb_ros_msg/_crb_ros_msg_s.ep.rosidl_typesupport_c.c.o.d" is newer than depends file "/workspace/action_data_offset_ws/build_aarch64/crb_ros_msg/CMakeFiles/crb_ros_msg__rosidl_typesupport_c__pyext.dir/compiler_depend.internal".
[1.515s] Dependencies file "CMakeFiles/crb_ros_msg__rosidl_typesupport_fastrtps_c__pyext.dir/rosidl_generator_py/crb_ros_msg/_crb_ros_msg_s.ep.rosidl_typesupport_fastrtps_c.c.o.d" is newer than depends file "/workspace/action_data_offset_ws/build_aarch64/crb_ros_msg/CMakeFiles/crb_ros_msg__rosidl_typesupport_fastrtps_c__pyext.dir/compiler_depend.internal".
[1.515s] [35m[1mConsolidate compiler generated dependencies of target crb_ros_msg__rosidl_typesupport_fastrtps_c__pyext[0m
[1.516s] [35m[1mConsolidate compiler generated dependencies of target crb_ros_msg__rosidl_typesupport_c__pyext[0m
[1.516s] gmake[2]: Leaving directory '/workspace/action_data_offset_ws/build_aarch64/crb_ros_msg'
[1.516s] /usr/bin/gmake  -f CMakeFiles/crb_ros_msg__rosidl_typesupport_introspection_c__pyext.dir/build.make CMakeFiles/crb_ros_msg__rosidl_typesupport_introspection_c__pyext.dir/build
[1.520s] gmake[2]: Entering directory '/workspace/action_data_offset_ws/build_aarch64/crb_ros_msg'
[1.520s] gmake[2]: Nothing to be done for 'CMakeFiles/crb_ros_msg__rosidl_typesupport_introspection_c__pyext.dir/build'.
[1.520s] gmake[2]: Leaving directory '/workspace/action_data_offset_ws/build_aarch64/crb_ros_msg'
[1.521s] gmake[2]: Leaving directory '/workspace/action_data_offset_ws/build_aarch64/crb_ros_msg'
[1.521s] /usr/bin/gmake  -f CMakeFiles/crb_ros_msg__rosidl_typesupport_c__pyext.dir/build.make CMakeFiles/crb_ros_msg__rosidl_typesupport_c__pyext.dir/build
[1.524s] gmake[2]: Entering directory '/workspace/action_data_offset_ws/build_aarch64/crb_ros_msg'
[1.524s] gmake[2]: Nothing to be done for 'CMakeFiles/crb_ros_msg__rosidl_typesupport_c__pyext.dir/build'.
[1.525s] gmake[2]: Leaving directory '/workspace/action_data_offset_ws/build_aarch64/crb_ros_msg'
[1.525s] gmake[2]: Leaving directory '/workspace/action_data_offset_ws/build_aarch64/crb_ros_msg'
[1.525s] /usr/bin/gmake  -f CMakeFiles/crb_ros_msg__rosidl_typesupport_fastrtps_c__pyext.dir/build.make CMakeFiles/crb_ros_msg__rosidl_typesupport_fastrtps_c__pyext.dir/build
[1.528s] gmake[2]: Entering directory '/workspace/action_data_offset_ws/build_aarch64/crb_ros_msg'
[1.528s] gmake[2]: Nothing to be done for 'CMakeFiles/crb_ros_msg__rosidl_typesupport_fastrtps_c__pyext.dir/build'.
[1.528s] gmake[2]: Leaving directory '/workspace/action_data_offset_ws/build_aarch64/crb_ros_msg'
[1.533s] running egg_info
[1.533s] [ 90%] Built target crb_ros_msg__rosidl_typesupport_introspection_c__pyext
[1.533s] writing crb_ros_msg.egg-info/PKG-INFO
[1.534s] writing dependency_links to crb_ros_msg.egg-info/dependency_links.txt
[1.534s] writing top-level names to crb_ros_msg.egg-info/top_level.txt
[1.536s] reading manifest file 'crb_ros_msg.egg-info/SOURCES.txt'
[1.536s] writing manifest file 'crb_ros_msg.egg-info/SOURCES.txt'
[1.537s] [ 95%] Built target crb_ros_msg__rosidl_typesupport_c__pyext
[1.537s] [100%] Built target crb_ros_msg__rosidl_typesupport_fastrtps_c__pyext
[1.548s] gmake[2]: Leaving directory '/workspace/action_data_offset_ws/build_aarch64/crb_ros_msg'
[1.558s] [100%] Built target ament_cmake_python_build_crb_ros_msg_egg
[1.559s] gmake[1]: Leaving directory '/workspace/action_data_offset_ws/build_aarch64/crb_ros_msg'
[1.559s] /usr/bin/cmake -E cmake_progress_start /workspace/action_data_offset_ws/build_aarch64/crb_ros_msg/CMakeFiles 0
[1.574s] Invoked command in '/workspace/action_data_offset_ws/build/crb_ros_msg' returned '0': CMAKE_PREFIX_PATH=/opt/rootfs_2204_aarch64/opt/ros/humble /usr/bin/cmake --build /workspace/action_data_offset_ws/build/crb_ros_msg -- -j16 -l16
[1.582s] Invoking command in '/workspace/action_data_offset_ws/build/crb_ros_msg': CMAKE_PREFIX_PATH=/opt/rootfs_2204_aarch64/opt/ros/humble /usr/bin/cmake --install /workspace/action_data_offset_ws/build/crb_ros_msg
[1.590s] -- Install configuration: "Release"
[1.590s] -- Up-to-date: /workspace/action_data_offset_ws/install/share/ament_index/resource_index/rosidl_interfaces/crb_ros_msg
[1.590s] -- Up-to-date: /workspace/action_data_offset_ws/install/include/crb_ros_msg/crb_ros_msg
[1.591s] -- Up-to-date: /workspace/action_data_offset_ws/install/include/crb_ros_msg/crb_ros_msg/action
[1.591s] -- Up-to-date: /workspace/action_data_offset_ws/install/include/crb_ros_msg/crb_ros_msg/action/detail
[1.591s] -- Up-to-date: /workspace/action_data_offset_ws/install/include/crb_ros_msg/crb_ros_msg/action/detail/action_play__functions.c
[1.591s] -- Up-to-date: /workspace/action_data_offset_ws/install/include/crb_ros_msg/crb_ros_msg/action/detail/action_play__struct.h
[1.591s] -- Up-to-date: /workspace/action_data_offset_ws/install/include/crb_ros_msg/crb_ros_msg/action/detail/action_play__functions.h
[1.591s] -- Up-to-date: /workspace/action_data_offset_ws/install/include/crb_ros_msg/crb_ros_msg/action/detail/action_play__type_support.h
[1.591s] -- Up-to-date: /workspace/action_data_offset_ws/install/include/crb_ros_msg/crb_ros_msg/action/action_play.h
[1.591s] -- Up-to-date: /workspace/action_data_offset_ws/install/include/crb_ros_msg/crb_ros_msg/msg
[1.591s] -- Up-to-date: /workspace/action_data_offset_ws/install/include/crb_ros_msg/crb_ros_msg/msg/detail
[1.592s] -- Up-to-date: /workspace/action_data_offset_ws/install/include/crb_ros_msg/crb_ros_msg/msg/detail/upper_joint_data__functions.h
[1.592s] -- Up-to-date: /workspace/action_data_offset_ws/install/include/crb_ros_msg/crb_ros_msg/msg/detail/upper_joint_data__type_support.h
[1.592s] -- Up-to-date: /workspace/action_data_offset_ws/install/include/crb_ros_msg/crb_ros_msg/msg/detail/upper_joint_data__functions.c
[1.592s] -- Up-to-date: /workspace/action_data_offset_ws/install/include/crb_ros_msg/crb_ros_msg/msg/detail/upper_joint_data__struct.h
[1.592s] -- Up-to-date: /workspace/action_data_offset_ws/install/include/crb_ros_msg/crb_ros_msg/msg/rosidl_generator_c__visibility_control.h
[1.592s] -- Up-to-date: /workspace/action_data_offset_ws/install/include/crb_ros_msg/crb_ros_msg/msg/upper_joint_data.h
[1.592s] -- Up-to-date: /workspace/action_data_offset_ws/install/share/crb_ros_msg/environment/library_path.sh
[1.592s] -- Installing: /workspace/action_data_offset_ws/install/share/crb_ros_msg/environment/library_path.dsv
[1.592s] -- Up-to-date: /workspace/action_data_offset_ws/install/lib/libcrb_ros_msg__rosidl_generator_c.so
[1.593s] -- Up-to-date: /workspace/action_data_offset_ws/install/include/crb_ros_msg/crb_ros_msg
[1.593s] -- Up-to-date: /workspace/action_data_offset_ws/install/include/crb_ros_msg/crb_ros_msg/action
[1.593s] -- Up-to-date: /workspace/action_data_offset_ws/install/include/crb_ros_msg/crb_ros_msg/action/detail
[1.593s] -- Up-to-date: /workspace/action_data_offset_ws/install/include/crb_ros_msg/crb_ros_msg/action/detail/action_play__rosidl_typesupport_fastrtps_c.h
[1.593s] -- Up-to-date: /workspace/action_data_offset_ws/install/include/crb_ros_msg/crb_ros_msg/msg
[1.593s] -- Up-to-date: /workspace/action_data_offset_ws/install/include/crb_ros_msg/crb_ros_msg/msg/rosidl_typesupport_fastrtps_c__visibility_control.h
[1.593s] -- Up-to-date: /workspace/action_data_offset_ws/install/include/crb_ros_msg/crb_ros_msg/msg/detail
[1.593s] -- Up-to-date: /workspace/action_data_offset_ws/install/include/crb_ros_msg/crb_ros_msg/msg/detail/upper_joint_data__rosidl_typesupport_fastrtps_c.h
[1.593s] -- Up-to-date: /workspace/action_data_offset_ws/install/lib/libcrb_ros_msg__rosidl_typesupport_fastrtps_c.so
[1.594s] -- Up-to-date: /workspace/action_data_offset_ws/install/include/crb_ros_msg/crb_ros_msg
[1.594s] -- Up-to-date: /workspace/action_data_offset_ws/install/include/crb_ros_msg/crb_ros_msg/action
[1.594s] -- Up-to-date: /workspace/action_data_offset_ws/install/include/crb_ros_msg/crb_ros_msg/action/detail
[1.594s] -- Up-to-date: /workspace/action_data_offset_ws/install/include/crb_ros_msg/crb_ros_msg/action/detail/action_play__type_support.c
[1.594s] -- Up-to-date: /workspace/action_data_offset_ws/install/include/crb_ros_msg/crb_ros_msg/action/detail/action_play__rosidl_typesupport_introspection_c.h
[1.594s] -- Up-to-date: /workspace/action_data_offset_ws/install/include/crb_ros_msg/crb_ros_msg/msg
[1.594s] -- Up-to-date: /workspace/action_data_offset_ws/install/include/crb_ros_msg/crb_ros_msg/msg/detail
[1.594s] -- Up-to-date: /workspace/action_data_offset_ws/install/include/crb_ros_msg/crb_ros_msg/msg/detail/upper_joint_data__rosidl_typesupport_introspection_c.h
[1.595s] -- Up-to-date: /workspace/action_data_offset_ws/install/include/crb_ros_msg/crb_ros_msg/msg/detail/upper_joint_data__type_support.c
[1.595s] -- Up-to-date: /workspace/action_data_offset_ws/install/include/crb_ros_msg/crb_ros_msg/msg/rosidl_typesupport_introspection_c__visibility_control.h
[1.595s] -- Up-to-date: /workspace/action_data_offset_ws/install/lib/libcrb_ros_msg__rosidl_typesupport_introspection_c.so
[1.596s] -- Up-to-date: /workspace/action_data_offset_ws/install/lib/libcrb_ros_msg__rosidl_typesupport_c.so
[1.596s] -- Up-to-date: /workspace/action_data_offset_ws/install/include/crb_ros_msg/crb_ros_msg
[1.596s] -- Up-to-date: /workspace/action_data_offset_ws/install/include/crb_ros_msg/crb_ros_msg/action
[1.596s] -- Up-to-date: /workspace/action_data_offset_ws/install/include/crb_ros_msg/crb_ros_msg/action/detail
[1.597s] -- Up-to-date: /workspace/action_data_offset_ws/install/include/crb_ros_msg/crb_ros_msg/action/detail/action_play__traits.hpp
[1.597s] -- Up-to-date: /workspace/action_data_offset_ws/install/include/crb_ros_msg/crb_ros_msg/action/detail/action_play__type_support.hpp
[1.597s] -- Up-to-date: /workspace/action_data_offset_ws/install/include/crb_ros_msg/crb_ros_msg/action/detail/action_play__builder.hpp
[1.597s] -- Up-to-date: /workspace/action_data_offset_ws/install/include/crb_ros_msg/crb_ros_msg/action/detail/action_play__struct.hpp
[1.597s] -- Up-to-date: /workspace/action_data_offset_ws/install/include/crb_ros_msg/crb_ros_msg/action/action_play.hpp
[1.597s] -- Up-to-date: /workspace/action_data_offset_ws/install/include/crb_ros_msg/crb_ros_msg/msg
[1.597s] -- Up-to-date: /workspace/action_data_offset_ws/install/include/crb_ros_msg/crb_ros_msg/msg/detail
[1.597s] -- Up-to-date: /workspace/action_data_offset_ws/install/include/crb_ros_msg/crb_ros_msg/msg/detail/upper_joint_data__traits.hpp
[1.598s] -- Up-to-date: /workspace/action_data_offset_ws/install/include/crb_ros_msg/crb_ros_msg/msg/detail/upper_joint_data__type_support.hpp
[1.598s] -- Up-to-date: /workspace/action_data_offset_ws/install/include/crb_ros_msg/crb_ros_msg/msg/detail/upper_joint_data__struct.hpp
[1.598s] -- Up-to-date: /workspace/action_data_offset_ws/install/include/crb_ros_msg/crb_ros_msg/msg/detail/upper_joint_data__builder.hpp
[1.598s] -- Up-to-date: /workspace/action_data_offset_ws/install/include/crb_ros_msg/crb_ros_msg/msg/rosidl_generator_cpp__visibility_control.hpp
[1.598s] -- Up-to-date: /workspace/action_data_offset_ws/install/include/crb_ros_msg/crb_ros_msg/msg/upper_joint_data.hpp
[1.598s] -- Up-to-date: /workspace/action_data_offset_ws/install/include/crb_ros_msg/crb_ros_msg
[1.598s] -- Up-to-date: /workspace/action_data_offset_ws/install/include/crb_ros_msg/crb_ros_msg/action
[1.598s] -- Up-to-date: /workspace/action_data_offset_ws/install/include/crb_ros_msg/crb_ros_msg/action/detail
[1.598s] -- Up-to-date: /workspace/action_data_offset_ws/install/include/crb_ros_msg/crb_ros_msg/action/detail/action_play__rosidl_typesupport_fastrtps_cpp.hpp
[1.599s] -- Up-to-date: /workspace/action_data_offset_ws/install/include/crb_ros_msg/crb_ros_msg/action/detail/dds_fastrtps
[1.599s] -- Up-to-date: /workspace/action_data_offset_ws/install/include/crb_ros_msg/crb_ros_msg/msg
[1.599s] -- Up-to-date: /workspace/action_data_offset_ws/install/include/crb_ros_msg/crb_ros_msg/msg/detail
[1.599s] -- Up-to-date: /workspace/action_data_offset_ws/install/include/crb_ros_msg/crb_ros_msg/msg/detail/upper_joint_data__rosidl_typesupport_fastrtps_cpp.hpp
[1.599s] -- Up-to-date: /workspace/action_data_offset_ws/install/include/crb_ros_msg/crb_ros_msg/msg/detail/dds_fastrtps
[1.599s] -- Up-to-date: /workspace/action_data_offset_ws/install/include/crb_ros_msg/crb_ros_msg/msg/rosidl_typesupport_fastrtps_cpp__visibility_control.h
[1.599s] -- Up-to-date: /workspace/action_data_offset_ws/install/lib/libcrb_ros_msg__rosidl_typesupport_fastrtps_cpp.so
[1.599s] -- Up-to-date: /workspace/action_data_offset_ws/install/include/crb_ros_msg/crb_ros_msg
[1.600s] -- Up-to-date: /workspace/action_data_offset_ws/install/include/crb_ros_msg/crb_ros_msg/action
[1.600s] -- Up-to-date: /workspace/action_data_offset_ws/install/include/crb_ros_msg/crb_ros_msg/action/detail
[1.600s] -- Up-to-date: /workspace/action_data_offset_ws/install/include/crb_ros_msg/crb_ros_msg/action/detail/action_play__rosidl_typesupport_introspection_cpp.hpp
[1.600s] -- Up-to-date: /workspace/action_data_offset_ws/install/include/crb_ros_msg/crb_ros_msg/action/detail/action_play__type_support.cpp
[1.600s] -- Up-to-date: /workspace/action_data_offset_ws/install/include/crb_ros_msg/crb_ros_msg/msg
[1.600s] -- Up-to-date: /workspace/action_data_offset_ws/install/include/crb_ros_msg/crb_ros_msg/msg/detail
[1.600s] -- Up-to-date: /workspace/action_data_offset_ws/install/include/crb_ros_msg/crb_ros_msg/msg/detail/upper_joint_data__rosidl_typesupport_introspection_cpp.hpp
[1.600s] -- Up-to-date: /workspace/action_data_offset_ws/install/include/crb_ros_msg/crb_ros_msg/msg/detail/upper_joint_data__type_support.cpp
[1.600s] -- Up-to-date: /workspace/action_data_offset_ws/install/lib/libcrb_ros_msg__rosidl_typesupport_introspection_cpp.so
[1.600s] -- Up-to-date: /workspace/action_data_offset_ws/install/lib/libcrb_ros_msg__rosidl_typesupport_cpp.so
[1.601s] -- Up-to-date: /workspace/action_data_offset_ws/install/share/crb_ros_msg/environment/pythonpath.sh
[1.601s] -- Installing: /workspace/action_data_offset_ws/install/share/crb_ros_msg/environment/pythonpath.dsv
[1.601s] -- Up-to-date: /workspace/action_data_offset_ws/install/local/lib/python3.10/dist-packages/crb_ros_msg-0.1.0-py3.10.egg-info
[1.601s] -- Installing: /workspace/action_data_offset_ws/install/local/lib/python3.10/dist-packages/crb_ros_msg-0.1.0-py3.10.egg-info/PKG-INFO
[1.601s] -- Installing: /workspace/action_data_offset_ws/install/local/lib/python3.10/dist-packages/crb_ros_msg-0.1.0-py3.10.egg-info/dependency_links.txt
[1.601s] -- Installing: /workspace/action_data_offset_ws/install/local/lib/python3.10/dist-packages/crb_ros_msg-0.1.0-py3.10.egg-info/SOURCES.txt
[1.601s] -- Installing: /workspace/action_data_offset_ws/install/local/lib/python3.10/dist-packages/crb_ros_msg-0.1.0-py3.10.egg-info/top_level.txt
[1.601s] -- Up-to-date: /workspace/action_data_offset_ws/install/local/lib/python3.10/dist-packages/crb_ros_msg
[1.602s] -- Up-to-date: /workspace/action_data_offset_ws/install/local/lib/python3.10/dist-packages/crb_ros_msg/libcrb_ros_msg__rosidl_generator_py.so
[1.602s] -- Installing: /workspace/action_data_offset_ws/install/local/lib/python3.10/dist-packages/crb_ros_msg/crb_ros_msg_s__rosidl_typesupport_introspection_c.cpython-310-x86_64-linux-gnu.so
[1.602s] -- Up-to-date: /workspace/action_data_offset_ws/install/local/lib/python3.10/dist-packages/crb_ros_msg/_crb_ros_msg_s.ep.rosidl_typesupport_fastrtps_c.c
[1.602s] -- Up-to-date: /workspace/action_data_offset_ws/install/local/lib/python3.10/dist-packages/crb_ros_msg/_crb_ros_msg_s.ep.rosidl_typesupport_c.c
[1.602s] -- Up-to-date: /workspace/action_data_offset_ws/install/local/lib/python3.10/dist-packages/crb_ros_msg/action
[1.602s] -- Up-to-date: /workspace/action_data_offset_ws/install/local/lib/python3.10/dist-packages/crb_ros_msg/action/_action_play.py
[1.602s] -- Up-to-date: /workspace/action_data_offset_ws/install/local/lib/python3.10/dist-packages/crb_ros_msg/action/__init__.py
[1.602s] -- Up-to-date: /workspace/action_data_offset_ws/install/local/lib/python3.10/dist-packages/crb_ros_msg/action/_action_play_s.c
[1.602s] -- Installing: /workspace/action_data_offset_ws/install/local/lib/python3.10/dist-packages/crb_ros_msg/__init__.py
[1.602s] -- Up-to-date: /workspace/action_data_offset_ws/install/local/lib/python3.10/dist-packages/crb_ros_msg/msg
[1.602s] -- Up-to-date: /workspace/action_data_offset_ws/install/local/lib/python3.10/dist-packages/crb_ros_msg/msg/_upper_joint_data.py
[1.602s] -- Up-to-date: /workspace/action_data_offset_ws/install/local/lib/python3.10/dist-packages/crb_ros_msg/msg/_upper_joint_data_s.c
[1.602s] -- Up-to-date: /workspace/action_data_offset_ws/install/local/lib/python3.10/dist-packages/crb_ros_msg/msg/__init__.py
[1.602s] -- Installing: /workspace/action_data_offset_ws/install/local/lib/python3.10/dist-packages/crb_ros_msg/crb_ros_msg_s__rosidl_typesupport_fastrtps_c.cpython-310-x86_64-linux-gnu.so
[1.603s] -- Installing: /workspace/action_data_offset_ws/install/local/lib/python3.10/dist-packages/crb_ros_msg/crb_ros_msg_s__rosidl_typesupport_c.cpython-310-x86_64-linux-gnu.so
[1.603s] -- Up-to-date: /workspace/action_data_offset_ws/install/local/lib/python3.10/dist-packages/crb_ros_msg/_crb_ros_msg_s.ep.rosidl_typesupport_introspection_c.c
[1.629s] Listing '/workspace/action_data_offset_ws/install/local/lib/python3.10/dist-packages/crb_ros_msg'...
[1.629s] Compiling '/workspace/action_data_offset_ws/install/local/lib/python3.10/dist-packages/crb_ros_msg/__init__.py'...
[1.629s] Listing '/workspace/action_data_offset_ws/install/local/lib/python3.10/dist-packages/crb_ros_msg/action'...
[1.629s] Listing '/workspace/action_data_offset_ws/install/local/lib/python3.10/dist-packages/crb_ros_msg/msg'...
[1.632s] -- Installing: /workspace/action_data_offset_ws/install/local/lib/python3.10/dist-packages/crb_ros_msg/crb_ros_msg_s__rosidl_typesupport_fastrtps_c.cpython-310-x86_64-linux-gnu.so
[1.633s] -- Set runtime path of "/workspace/action_data_offset_ws/install/local/lib/python3.10/dist-packages/crb_ros_msg/crb_ros_msg_s__rosidl_typesupport_fastrtps_c.cpython-310-x86_64-linux-gnu.so" to ""
[1.633s] -- Installing: /workspace/action_data_offset_ws/install/local/lib/python3.10/dist-packages/crb_ros_msg/crb_ros_msg_s__rosidl_typesupport_introspection_c.cpython-310-x86_64-linux-gnu.so
[1.634s] -- Set runtime path of "/workspace/action_data_offset_ws/install/local/lib/python3.10/dist-packages/crb_ros_msg/crb_ros_msg_s__rosidl_typesupport_introspection_c.cpython-310-x86_64-linux-gnu.so" to ""
[1.634s] -- Installing: /workspace/action_data_offset_ws/install/local/lib/python3.10/dist-packages/crb_ros_msg/crb_ros_msg_s__rosidl_typesupport_c.cpython-310-x86_64-linux-gnu.so
[1.635s] -- Set runtime path of "/workspace/action_data_offset_ws/install/local/lib/python3.10/dist-packages/crb_ros_msg/crb_ros_msg_s__rosidl_typesupport_c.cpython-310-x86_64-linux-gnu.so" to ""
[1.635s] -- Up-to-date: /workspace/action_data_offset_ws/install/lib/libcrb_ros_msg__rosidl_generator_py.so
[1.635s] -- Up-to-date: /workspace/action_data_offset_ws/install/share/ament_index/resource_index/rust_packages/crb_ros_msg
[1.635s] -- Up-to-date: /workspace/action_data_offset_ws/install/share/crb_ros_msg/rust
[1.635s] -- Up-to-date: /workspace/action_data_offset_ws/install/share/crb_ros_msg/rust/src
[1.636s] -- Up-to-date: /workspace/action_data_offset_ws/install/share/crb_ros_msg/rust/src/action.rs
[1.636s] -- Up-to-date: /workspace/action_data_offset_ws/install/share/crb_ros_msg/rust/src/lib.rs
[1.636s] -- Up-to-date: /workspace/action_data_offset_ws/install/share/crb_ros_msg/rust/src/action
[1.636s] -- Up-to-date: /workspace/action_data_offset_ws/install/share/crb_ros_msg/rust/src/action/rmw.rs
[1.636s] -- Up-to-date: /workspace/action_data_offset_ws/install/share/crb_ros_msg/rust/src/msg.rs
[1.636s] -- Up-to-date: /workspace/action_data_offset_ws/install/share/crb_ros_msg/rust/src/msg
[1.636s] -- Up-to-date: /workspace/action_data_offset_ws/install/share/crb_ros_msg/rust/src/msg/rmw.rs
[1.636s] -- Up-to-date: /workspace/action_data_offset_ws/install/share/crb_ros_msg/rust/build.rs
[1.636s] -- Up-to-date: /workspace/action_data_offset_ws/install/share/crb_ros_msg/rust/Cargo.toml
[1.637s] -- Up-to-date: /workspace/action_data_offset_ws/install/share/crb_ros_msg/msg/UpperJointData.idl
[1.637s] -- Up-to-date: /workspace/action_data_offset_ws/install/share/crb_ros_msg/action/ActionPlay.idl
[1.637s] -- Up-to-date: /workspace/action_data_offset_ws/install/share/crb_ros_msg/msg/UpperJointData.msg
[1.637s] -- Up-to-date: /workspace/action_data_offset_ws/install/share/crb_ros_msg/action/ActionPlay.action
[1.637s] -- Up-to-date: /workspace/action_data_offset_ws/install/share/ament_index/resource_index/package_run_dependencies/crb_ros_msg
[1.637s] -- Installing: /workspace/action_data_offset_ws/install/share/ament_index/resource_index/parent_prefix_path/crb_ros_msg
[1.637s] -- Up-to-date: /workspace/action_data_offset_ws/install/share/crb_ros_msg/environment/ament_prefix_path.sh
[1.637s] -- Installing: /workspace/action_data_offset_ws/install/share/crb_ros_msg/environment/ament_prefix_path.dsv
[1.637s] -- Up-to-date: /workspace/action_data_offset_ws/install/share/crb_ros_msg/environment/path.sh
[1.638s] -- Installing: /workspace/action_data_offset_ws/install/share/crb_ros_msg/environment/path.dsv
[1.638s] -- Up-to-date: /workspace/action_data_offset_ws/install/share/crb_ros_msg/local_setup.bash
[1.638s] -- Up-to-date: /workspace/action_data_offset_ws/install/share/crb_ros_msg/local_setup.sh
[1.638s] -- Up-to-date: /workspace/action_data_offset_ws/install/share/crb_ros_msg/local_setup.zsh
[1.638s] -- Installing: /workspace/action_data_offset_ws/install/share/crb_ros_msg/local_setup.dsv
[1.638s] -- Installing: /workspace/action_data_offset_ws/install/share/crb_ros_msg/package.dsv
[1.638s] -- Up-to-date: /workspace/action_data_offset_ws/install/share/ament_index/resource_index/packages/crb_ros_msg
[1.638s] -- Up-to-date: /workspace/action_data_offset_ws/install/share/crb_ros_msg/cmake/export_crb_ros_msg__rosidl_generator_cExport.cmake
[1.639s] -- Up-to-date: /workspace/action_data_offset_ws/install/share/crb_ros_msg/cmake/export_crb_ros_msg__rosidl_generator_cExport-release.cmake
[1.639s] -- Up-to-date: /workspace/action_data_offset_ws/install/share/crb_ros_msg/cmake/export_crb_ros_msg__rosidl_typesupport_fastrtps_cExport.cmake
[1.639s] -- Up-to-date: /workspace/action_data_offset_ws/install/share/crb_ros_msg/cmake/export_crb_ros_msg__rosidl_typesupport_fastrtps_cExport-release.cmake
[1.639s] -- Up-to-date: /workspace/action_data_offset_ws/install/share/crb_ros_msg/cmake/crb_ros_msg__rosidl_typesupport_introspection_cExport.cmake
[1.639s] -- Up-to-date: /workspace/action_data_offset_ws/install/share/crb_ros_msg/cmake/crb_ros_msg__rosidl_typesupport_introspection_cExport-release.cmake
[1.639s] -- Up-to-date: /workspace/action_data_offset_ws/install/share/crb_ros_msg/cmake/crb_ros_msg__rosidl_typesupport_cExport.cmake
[1.639s] -- Up-to-date: /workspace/action_data_offset_ws/install/share/crb_ros_msg/cmake/crb_ros_msg__rosidl_typesupport_cExport-release.cmake
[1.640s] -- Up-to-date: /workspace/action_data_offset_ws/install/share/crb_ros_msg/cmake/export_crb_ros_msg__rosidl_generator_cppExport.cmake
[1.640s] -- Up-to-date: /workspace/action_data_offset_ws/install/share/crb_ros_msg/cmake/export_crb_ros_msg__rosidl_typesupport_fastrtps_cppExport.cmake
[1.640s] -- Up-to-date: /workspace/action_data_offset_ws/install/share/crb_ros_msg/cmake/export_crb_ros_msg__rosidl_typesupport_fastrtps_cppExport-release.cmake
[1.640s] -- Up-to-date: /workspace/action_data_offset_ws/install/share/crb_ros_msg/cmake/crb_ros_msg__rosidl_typesupport_introspection_cppExport.cmake
[1.640s] -- Up-to-date: /workspace/action_data_offset_ws/install/share/crb_ros_msg/cmake/crb_ros_msg__rosidl_typesupport_introspection_cppExport-release.cmake
[1.640s] -- Up-to-date: /workspace/action_data_offset_ws/install/share/crb_ros_msg/cmake/crb_ros_msg__rosidl_typesupport_cppExport.cmake
[1.640s] -- Up-to-date: /workspace/action_data_offset_ws/install/share/crb_ros_msg/cmake/crb_ros_msg__rosidl_typesupport_cppExport-release.cmake
[1.640s] -- Up-to-date: /workspace/action_data_offset_ws/install/share/crb_ros_msg/cmake/export_crb_ros_msg__rosidl_generator_pyExport.cmake
[1.641s] -- Up-to-date: /workspace/action_data_offset_ws/install/share/crb_ros_msg/cmake/export_crb_ros_msg__rosidl_generator_pyExport-release.cmake
[1.641s] -- Up-to-date: /workspace/action_data_offset_ws/install/share/crb_ros_msg/cmake/rosidl_cmake-extras.cmake
[1.641s] -- Up-to-date: /workspace/action_data_offset_ws/install/share/crb_ros_msg/cmake/ament_cmake_export_dependencies-extras.cmake
[1.642s] -- Up-to-date: /workspace/action_data_offset_ws/install/share/crb_ros_msg/cmake/ament_cmake_export_include_directories-extras.cmake
[1.642s] -- Up-to-date: /workspace/action_data_offset_ws/install/share/crb_ros_msg/cmake/ament_cmake_export_libraries-extras.cmake
[1.642s] -- Up-to-date: /workspace/action_data_offset_ws/install/share/crb_ros_msg/cmake/ament_cmake_export_targets-extras.cmake
[1.642s] -- Up-to-date: /workspace/action_data_offset_ws/install/share/crb_ros_msg/cmake/rosidl_cmake_export_typesupport_targets-extras.cmake
[1.642s] -- Up-to-date: /workspace/action_data_offset_ws/install/share/crb_ros_msg/cmake/rosidl_cmake_export_typesupport_libraries-extras.cmake
[1.642s] -- Up-to-date: /workspace/action_data_offset_ws/install/share/crb_ros_msg/cmake/crb_ros_msgConfig.cmake
[1.643s] -- Up-to-date: /workspace/action_data_offset_ws/install/share/crb_ros_msg/cmake/crb_ros_msgConfig-version.cmake
[1.643s] -- Up-to-date: /workspace/action_data_offset_ws/install/share/crb_ros_msg/package.xml
[1.643s] Invoked command in '/workspace/action_data_offset_ws/build/crb_ros_msg' returned '0': CMAKE_PREFIX_PATH=/opt/rootfs_2204_aarch64/opt/ros/humble /usr/bin/cmake --install /workspace/action_data_offset_ws/build/crb_ros_msg
