[0.578s] Invoking command in '/workspace/action_data_offset_ws/src/action_data_offset': PYTHONPATH=/workspace/action_data_offset_ws/build/action_data_offset/prefix_override:/usr/local/lib/python3.10/dist-packages/colcon_core/task/python/colcon_distutils_commands:/workspace/action_data_offset_ws/install/lib/python3.10/site-packages:${PYTHONPATH} /usr/bin/python3 -W ignore:setup.py install is deprecated -W ignore:easy_install command is deprecated setup.py egg_info --egg-base ../../build_aarch64/action_data_offset build --build-base /workspace/action_data_offset_ws/build/action_data_offset/build install --record /workspace/action_data_offset_ws/build/action_data_offset/install.log --single-version-externally-managed install_data
[0.798s] running egg_info
[0.798s] writing ../../build_aarch64/action_data_offset/action_data_offset.egg-info/PKG-INFO
[0.799s] writing dependency_links to ../../build_aarch64/action_data_offset/action_data_offset.egg-info/dependency_links.txt
[0.799s] writing entry points to ../../build_aarch64/action_data_offset/action_data_offset.egg-info/entry_points.txt
[0.799s] writing requirements to ../../build_aarch64/action_data_offset/action_data_offset.egg-info/requires.txt
[0.799s] writing top-level names to ../../build_aarch64/action_data_offset/action_data_offset.egg-info/top_level.txt
[0.803s] reading manifest file '../../build_aarch64/action_data_offset/action_data_offset.egg-info/SOURCES.txt'
[0.808s] writing manifest file '../../build_aarch64/action_data_offset/action_data_offset.egg-info/SOURCES.txt'
[0.808s] running build
[0.808s] running build_py
[0.808s] running install
[0.809s] running install_lib
[0.811s] running install_data
[0.817s] running install_egg_info
[0.819s] removing '/workspace/action_data_offset_ws/install/lib/python3.10/site-packages/action_data_offset-0.1.0-py3.10.egg-info' (and everything under it)
[0.819s] Copying ../../build_aarch64/action_data_offset/action_data_offset.egg-info to /workspace/action_data_offset_ws/install/lib/python3.10/site-packages/action_data_offset-0.1.0-py3.10.egg-info
[0.821s] running install_scripts
[0.842s] Installing arm_trajectory_transform script to /workspace/action_data_offset_ws/install/lib/action_data_offset
[0.843s] Installing arm_trajectory_transform_jacobian script to /workspace/action_data_offset_ws/install/lib/action_data_offset
[0.843s] Installing mujoco_trajectory_sim script to /workspace/action_data_offset_ws/install/lib/action_data_offset
[0.843s] writing list of installed files to '/workspace/action_data_offset_ws/build/action_data_offset/install.log'
[0.864s] Invoked command in '/workspace/action_data_offset_ws/src/action_data_offset' returned '0': PYTHONPATH=/workspace/action_data_offset_ws/build/action_data_offset/prefix_override:/usr/local/lib/python3.10/dist-packages/colcon_core/task/python/colcon_distutils_commands:/workspace/action_data_offset_ws/install/lib/python3.10/site-packages:${PYTHONPATH} /usr/bin/python3 -W ignore:setup.py install is deprecated -W ignore:easy_install command is deprecated setup.py egg_info --egg-base ../../build_aarch64/action_data_offset build --build-base /workspace/action_data_offset_ws/build/action_data_offset/build install --record /workspace/action_data_offset_ws/build/action_data_offset/install.log --single-version-externally-managed install_data
