[0.554s] Invoking command in '/home/casbot/action_data_offset_ws_old/action_data_offset_ws/src/casbot_arm_calibration_web': PYTHONPATH=/home/casbot/action_data_offset_ws_old/action_data_offset_ws/build/casbot_arm_calibration_web/prefix_override:/usr/lib/python3/dist-packages/colcon_core/task/python/colcon_distutils_commands:/home/casbot/action_data_offset_ws_old/action_data_offset_ws/install/lib/python3.10/site-packages:/home/casbot/action_data_offset_ws_old/action_data_offset_ws/install/lib/python3.10/site-packages:/home/casbot/action_data_offset_ws_old/action_data_offset_ws/install/local/lib/python3.10/dist-packages:/opt/ros/humble/lib/python3.10/site-packages:/opt/ros/humble/local/lib/python3.10/dist-packages /usr/bin/python3 -W ignore:setup.py install is deprecated -W ignore:easy_install command is deprecated setup.py egg_info --egg-base ../../build/casbot_arm_calibration_web build --build-base /home/casbot/action_data_offset_ws_old/action_data_offset_ws/build/casbot_arm_calibration_web/build install --record /home/casbot/action_data_offset_ws_old/action_data_offset_ws/build/casbot_arm_calibration_web/install.log --single-version-externally-managed install_data
[0.779s] running egg_info
[0.780s] writing ../../build/casbot_arm_calibration_web/casbot_arm_calibration_web.egg-info/PKG-INFO
[0.780s] writing dependency_links to ../../build/casbot_arm_calibration_web/casbot_arm_calibration_web.egg-info/dependency_links.txt
[0.780s] writing entry points to ../../build/casbot_arm_calibration_web/casbot_arm_calibration_web.egg-info/entry_points.txt
[0.780s] writing requirements to ../../build/casbot_arm_calibration_web/casbot_arm_calibration_web.egg-info/requires.txt
[0.781s] writing top-level names to ../../build/casbot_arm_calibration_web/casbot_arm_calibration_web.egg-info/top_level.txt
[0.782s] reading manifest file '../../build/casbot_arm_calibration_web/casbot_arm_calibration_web.egg-info/SOURCES.txt'
[0.783s] writing manifest file '../../build/casbot_arm_calibration_web/casbot_arm_calibration_web.egg-info/SOURCES.txt'
[0.783s] running build
[0.783s] running build_py
[0.784s] copying casbot_arm_calibration_web/kin_pin_trac.py -> /home/casbot/action_data_offset_ws_old/action_data_offset_ws/build/casbot_arm_calibration_web/build/lib/casbot_arm_calibration_web
[0.784s] running install
[0.784s] running install_lib
[0.785s] copying /home/casbot/action_data_offset_ws_old/action_data_offset_ws/build/casbot_arm_calibration_web/build/lib/casbot_arm_calibration_web/kin_pin_trac.py -> /home/casbot/action_data_offset_ws_old/action_data_offset_ws/install/lib/python3.10/site-packages/casbot_arm_calibration_web
[0.786s] byte-compiling /home/casbot/action_data_offset_ws_old/action_data_offset_ws/install/lib/python3.10/site-packages/casbot_arm_calibration_web/kin_pin_trac.py to kin_pin_trac.cpython-310.pyc
[0.787s] running install_data
[0.787s] running install_egg_info
[0.789s] removing '/home/casbot/action_data_offset_ws_old/action_data_offset_ws/install/lib/python3.10/site-packages/casbot_arm_calibration_web-0.1.0-py3.10.egg-info' (and everything under it)
[0.789s] Copying ../../build/casbot_arm_calibration_web/casbot_arm_calibration_web.egg-info to /home/casbot/action_data_offset_ws_old/action_data_offset_ws/install/lib/python3.10/site-packages/casbot_arm_calibration_web-0.1.0-py3.10.egg-info
[0.789s] running install_scripts
[0.805s] Installing arm_calibration_web script to /home/casbot/action_data_offset_ws_old/action_data_offset_ws/install/lib/casbot_arm_calibration_web
[0.805s] writing list of installed files to '/home/casbot/action_data_offset_ws_old/action_data_offset_ws/build/casbot_arm_calibration_web/install.log'
[0.823s] Invoked command in '/home/casbot/action_data_offset_ws_old/action_data_offset_ws/src/casbot_arm_calibration_web' returned '0': PYTHONPATH=/home/casbot/action_data_offset_ws_old/action_data_offset_ws/build/casbot_arm_calibration_web/prefix_override:/usr/lib/python3/dist-packages/colcon_core/task/python/colcon_distutils_commands:/home/casbot/action_data_offset_ws_old/action_data_offset_ws/install/lib/python3.10/site-packages:/home/casbot/action_data_offset_ws_old/action_data_offset_ws/install/lib/python3.10/site-packages:/home/casbot/action_data_offset_ws_old/action_data_offset_ws/install/local/lib/python3.10/dist-packages:/opt/ros/humble/lib/python3.10/site-packages:/opt/ros/humble/local/lib/python3.10/dist-packages /usr/bin/python3 -W ignore:setup.py install is deprecated -W ignore:easy_install command is deprecated setup.py egg_info --egg-base ../../build/casbot_arm_calibration_web build --build-base /home/casbot/action_data_offset_ws_old/action_data_offset_ws/build/casbot_arm_calibration_web/build install --record /home/casbot/action_data_offset_ws_old/action_data_offset_ws/build/casbot_arm_calibration_web/install.log --single-version-externally-managed install_data
