[0.000000] (-) TimerEvent: {}
[0.000972] (action_data_offset) JobQueued: {'identifier': 'action_data_offset', 'dependencies': OrderedDict()}
[0.001002] (crb_ros_msg) JobQueued: {'identifier': 'crb_ros_msg', 'dependencies': OrderedDict()}
[0.001020] (casbot_arm_calibration_web) JobQueued: {'identifier': 'casbot_arm_calibration_web', 'dependencies': OrderedDict([('action_data_offset', '/workspace/action_data_offset_posture_ws/install'), ('crb_ros_msg', '/workspace/action_data_offset_posture_ws/install')])}
[0.001172] (action_data_offset) JobStarted: {'identifier': 'action_data_offset'}
[0.006596] (crb_ros_msg) JobStarted: {'identifier': 'crb_ros_msg'}
[0.099590] (-) TimerEvent: {}
[0.160777] (crb_ros_msg) JobProgress: {'identifier': 'crb_ros_msg', 'progress': 'cmake'}
[0.163401] (crb_ros_msg) Command: {'cmd': ['/usr/bin/cmake', '/workspace/action_data_offset_posture_ws/src/crb_ros_msg', '-DCMAKE_VERBOSE_MAKEFILE:BOOL=ON', '-DCMAKE_TOOLCHAIN_FILE=/workspace/action_data_offset_posture_ws/docker_env/environment/cmake-toolchains/generic_aarch64.cmake', '-DSECURITY=ON', '-DBUILD_TESTING=OFF', '-DCMAKE_INSTALL_PREFIX=/workspace/action_data_offset_posture_ws/install'], 'cwd': '/workspace/action_data_offset_posture_ws/build/crb_ros_msg', 'env': OrderedDict([('PYTHON_SOABI', 'cpython-310-aarch64-linux-gnu'), ('ARCH', 'aarch64'), ('HOSTNAME', 'aarch64_2204_0515_1459_02'), ('SHLVL', '2'), ('LD_LIBRARY_PATH', '/opt/rootfs_2204_aarch64/opt/ros/humble/opt/rviz_ogre_vendor/lib:/opt/rootfs_2204_aarch64/opt/ros/humble/lib/aarch64-linux-gnu:/opt/rootfs_2204_aarch64/opt/ros/humble/lib'), ('HOME', '/home/casbot'), ('OLDPWD', '/workspace/action_data_offset_posture_ws'), ('ROS_PYTHON_VERSION', '3'), ('CROSS_FLAG', '-DCMAKE_CUSTOM_CROSS=ON -DCMAKE_TOOLCHAIN_FILE=/workspace/action_data_offset_posture_ws/docker_env/environment/cmake-toolchains/generic_aarch64.cmake'), ('project_environment_dir', '/workspace/action_data_offset_posture_ws/docker_env/environment'), ('ROS_DISTRO', 'humble'), ('is_ubuntu_20_04', 'false'), ('_', '/usr/local/bin/colcon'), ('ROS_VERSION', '2'), ('is_orin', 'false'), ('is_ubuntu_22_04', 'true'), ('TERM', 'xterm'), ('ROS_LOCALHOST_ONLY', '0'), ('QT_X11_NO_MITSHM', '1'), ('PATH', '/opt/rootfs_2204_aarch64/opt/ros/humble/bin:/usr/local/sbin:/usr/local/bin:/usr/sbin:/usr/bin:/sbin:/bin'), ('is_pc', 'true'), ('env_is_docker', '1'), ('DISPLAY', ':1'), ('LANG', 'en_US.UTF-8'), ('AMENT_PREFIX_PATH', '/opt/rootfs_2204_aarch64/opt/ros/humble'), ('env_docker_aarch64', '1'), ('PWD', '/workspace/action_data_offset_posture_ws/build_aarch64/crb_ros_msg'), ('env_docker_x86', '0'), ('PYTHONPATH', '/opt/rootfs_2204_aarch64/opt/ros/humble/lib/python3.10/site-packages:/opt/rootfs_2204_aarch64/opt/ros/humble/local/lib/python3.10/dist-packages'), ('SYSROOT', '/opt/rootfs_2204_aarch64/'), ('TARGET_ARCH', 'aarch64'), ('TZ', 'Asia/Shanghai'), ('project_install_dir', '/workspace/action_data_offset_posture_ws/install_aarch64'), ('COLCON', '1'), ('CMAKE_PREFIX_PATH', '/opt/rootfs_2204_aarch64/opt/ros/humble')]), 'shell': False}
[0.175195] (crb_ros_msg) StdoutLine: {'line': b'-- Using SECURITY: ON.\n'}
[0.175448] (crb_ros_msg) StdoutLine: {'line': b'-- Using BUILD_TESTING: OFF.\n'}
[0.175573] (crb_ros_msg) StdoutLine: {'line': b'-- Using CMAKE_TOOLCHAIN_FILE: /workspace/action_data_offset_posture_ws/docker_env/environment/cmake-toolchains/generic_aarch64.cmake.\n'}
[0.175680] (crb_ros_msg) StdoutLine: {'line': b'-- Using CATKIN_INSTALL_INTO_PREFIX_ROOT: .\n'}
[0.175779] (crb_ros_msg) StdoutLine: {'line': b'-- Using CMAKE_CUSTOM_CROSS: .\n'}
[0.186900] (crb_ros_msg) StdoutLine: {'line': b'-- Found ament_cmake: 1.3.12 (/opt/rootfs_2204_aarch64/opt/ros/humble/share/ament_cmake/cmake)\n'}
[0.199675] (-) TimerEvent: {}
[0.272822] (crb_ros_msg) StdoutLine: {'line': b'-- Found rosidl_default_generators: 1.2.1 (/opt/rootfs_2204_aarch64/opt/ros/humble/share/rosidl_default_generators/cmake)\n'}
[0.273914] (crb_ros_msg) StdoutLine: {'line': b'-- Using all available rosidl_typesupport_c: rosidl_typesupport_fastrtps_c;rosidl_typesupport_introspection_c\n'}
[0.276036] (crb_ros_msg) StdoutLine: {'line': b'-- Found rosidl_adapter: 3.1.7 (/opt/rootfs_2204_aarch64/opt/ros/humble/share/rosidl_adapter/cmake)\n'}
[0.298876] (crb_ros_msg) StdoutLine: {'line': b'-- Using all available rosidl_typesupport_cpp: rosidl_typesupport_fastrtps_cpp;rosidl_typesupport_introspection_cpp\n'}
[0.299735] (-) TimerEvent: {}
[0.323222] (crb_ros_msg) StdoutLine: {'line': b'-- Found std_msgs: 4.9.0 (/opt/rootfs_2204_aarch64/opt/ros/humble/share/std_msgs/cmake)\n'}
[0.340222] (crb_ros_msg) StdoutLine: {'line': b'-- Found sensor_msgs: 4.9.1 (/opt/rootfs_2204_aarch64/opt/ros/humble/share/sensor_msgs/cmake)\n'}
[0.371345] (action_data_offset) Command: {'cmd': ['/usr/bin/python3', '-W', 'ignore:setup.py install is deprecated', '-W', 'ignore:easy_install command is deprecated', 'setup.py', 'egg_info', '--egg-base', '../../build_aarch64/action_data_offset', 'build', '--build-base', '/workspace/action_data_offset_posture_ws/build/action_data_offset/build', 'install', '--record', '/workspace/action_data_offset_posture_ws/build/action_data_offset/install.log', '--single-version-externally-managed', 'install_data'], 'cwd': '/workspace/action_data_offset_posture_ws/src/action_data_offset', 'env': {'PYTHON_SOABI': 'cpython-310-aarch64-linux-gnu', 'ARCH': 'aarch64', 'HOSTNAME': 'aarch64_2204_0515_1459_02', 'SHLVL': '2', 'LD_LIBRARY_PATH': '/opt/rootfs_2204_aarch64/opt/ros/humble/opt/rviz_ogre_vendor/lib:/opt/rootfs_2204_aarch64/opt/ros/humble/lib/aarch64-linux-gnu:/opt/rootfs_2204_aarch64/opt/ros/humble/lib', 'HOME': '/home/casbot', 'OLDPWD': '/workspace/action_data_offset_posture_ws', 'ROS_PYTHON_VERSION': '3', 'CROSS_FLAG': '-DCMAKE_CUSTOM_CROSS=ON -DCMAKE_TOOLCHAIN_FILE=/workspace/action_data_offset_posture_ws/docker_env/environment/cmake-toolchains/generic_aarch64.cmake', 'project_environment_dir': '/workspace/action_data_offset_posture_ws/docker_env/environment', 'ROS_DISTRO': 'humble', 'is_ubuntu_20_04': 'false', '_': '/usr/local/bin/colcon', 'ROS_VERSION': '2', 'is_orin': 'false', 'is_ubuntu_22_04': 'true', 'TERM': 'xterm', 'ROS_LOCALHOST_ONLY': '0', 'QT_X11_NO_MITSHM': '1', 'PATH': '/opt/rootfs_2204_aarch64/opt/ros/humble/bin:/usr/local/sbin:/usr/local/bin:/usr/sbin:/usr/bin:/sbin:/bin', 'is_pc': 'true', 'env_is_docker': '1', 'DISPLAY': ':1', 'LANG': 'en_US.UTF-8', 'AMENT_PREFIX_PATH': '/opt/rootfs_2204_aarch64/opt/ros/humble', 'env_docker_aarch64': '1', 'PWD': '/workspace/action_data_offset_posture_ws/build_aarch64/action_data_offset', 'env_docker_x86': '0', 'PYTHONPATH': '/workspace/action_data_offset_posture_ws/build/action_data_offset/prefix_override:/usr/local/lib/python3.10/dist-packages/colcon_core/task/python/colcon_distutils_commands:/workspace/action_data_offset_posture_ws/install/lib/python3.10/site-packages:/opt/rootfs_2204_aarch64/opt/ros/humble/lib/python3.10/site-packages:/opt/rootfs_2204_aarch64/opt/ros/humble/local/lib/python3.10/dist-packages', 'SYSROOT': '/opt/rootfs_2204_aarch64/', 'TARGET_ARCH': 'aarch64', 'TZ': 'Asia/Shanghai', 'project_install_dir': '/workspace/action_data_offset_posture_ws/install_aarch64', 'COLCON': '1'}, 'shell': False}
[0.373080] (crb_ros_msg) StdoutLine: {'line': b'-- Found action_msgs: 1.2.2 (/opt/rootfs_2204_aarch64/opt/ros/humble/share/action_msgs/cmake)\n'}
[0.399884] (-) TimerEvent: {}
[0.500129] (-) TimerEvent: {}
[0.504829] (action_data_offset) StdoutLine: {'line': b'running egg_info\n'}
[0.505346] (action_data_offset) StdoutLine: {'line': b'writing ../../build_aarch64/action_data_offset/action_data_offset.egg-info/PKG-INFO\n'}
[0.505511] (action_data_offset) StdoutLine: {'line': b'writing dependency_links to ../../build_aarch64/action_data_offset/action_data_offset.egg-info/dependency_links.txt\n'}
[0.505678] (action_data_offset) StdoutLine: {'line': b'writing entry points to ../../build_aarch64/action_data_offset/action_data_offset.egg-info/entry_points.txt\n'}
[0.505810] (action_data_offset) StdoutLine: {'line': b'writing requirements to ../../build_aarch64/action_data_offset/action_data_offset.egg-info/requires.txt\n'}
[0.505909] (action_data_offset) StdoutLine: {'line': b'writing top-level names to ../../build_aarch64/action_data_offset/action_data_offset.egg-info/top_level.txt\n'}
[0.508080] (action_data_offset) StdoutLine: {'line': b"reading manifest file '../../build_aarch64/action_data_offset/action_data_offset.egg-info/SOURCES.txt'\n"}
[0.510864] (action_data_offset) StdoutLine: {'line': b"writing manifest file '../../build_aarch64/action_data_offset/action_data_offset.egg-info/SOURCES.txt'\n"}
[0.510991] (action_data_offset) StdoutLine: {'line': b'running build\n'}
[0.511084] (action_data_offset) StdoutLine: {'line': b'running build_py\n'}
[0.511356] (action_data_offset) StdoutLine: {'line': b'running install\n'}
[0.511568] (action_data_offset) StdoutLine: {'line': b'running install_lib\n'}
[0.512669] (action_data_offset) StdoutLine: {'line': b'running install_data\n'}
[0.517085] (action_data_offset) StdoutLine: {'line': b'running install_egg_info\n'}
[0.518368] (action_data_offset) StdoutLine: {'line': b"removing '/workspace/action_data_offset_posture_ws/install/lib/python3.10/site-packages/action_data_offset-0.1.0-py3.10.egg-info' (and everything under it)\n"}
[0.518571] (action_data_offset) StdoutLine: {'line': b'Copying ../../build_aarch64/action_data_offset/action_data_offset.egg-info to /workspace/action_data_offset_posture_ws/install/lib/python3.10/site-packages/action_data_offset-0.1.0-py3.10.egg-info\n'}
[0.519221] (action_data_offset) StdoutLine: {'line': b'running install_scripts\n'}
[0.532957] (action_data_offset) StdoutLine: {'line': b'Installing arm_trajectory_transform script to /workspace/action_data_offset_posture_ws/install/lib/action_data_offset\n'}
[0.533147] (action_data_offset) StdoutLine: {'line': b'Installing arm_trajectory_transform_jacobian script to /workspace/action_data_offset_posture_ws/install/lib/action_data_offset\n'}
[0.533239] (action_data_offset) StdoutLine: {'line': b'Installing mujoco_trajectory_sim script to /workspace/action_data_offset_posture_ws/install/lib/action_data_offset\n'}
[0.533366] (action_data_offset) StdoutLine: {'line': b"writing list of installed files to '/workspace/action_data_offset_posture_ws/build/action_data_offset/install.log'\n"}
[0.547120] (action_data_offset) CommandEnded: {'returncode': 0}
[0.558085] (action_data_offset) JobEnded: {'identifier': 'action_data_offset', 'rc': 0}
[0.600228] (-) TimerEvent: {}
[0.612311] (crb_ros_msg) StdoutLine: {'line': b'-- Found ament_cmake_ros: 0.10.0 (/opt/rootfs_2204_aarch64/opt/ros/humble/share/ament_cmake_ros/cmake)\n'}
[0.700359] (-) TimerEvent: {}
[0.800581] (-) TimerEvent: {}
[0.823326] (crb_ros_msg) StdoutLine: {'line': b'-- Using all available rosidl_typesupport_c: rosidl_typesupport_fastrtps_c;rosidl_typesupport_introspection_c\n'}
[0.900687] (-) TimerEvent: {}
[1.000956] (-) TimerEvent: {}
[1.075678] (crb_ros_msg) StdoutLine: {'line': b'-- Using all available rosidl_typesupport_cpp: rosidl_typesupport_fastrtps_cpp;rosidl_typesupport_introspection_cpp\n'}
[1.092296] (crb_ros_msg) StdoutLine: {'line': b'-- Found python_cmake_module: 0.10.0 (/opt/rootfs_2204_aarch64/opt/ros/humble/share/python_cmake_module/cmake)\n'}
[1.101049] (-) TimerEvent: {}
[1.106368] (crb_ros_msg) StdoutLine: {'line': b'-- Using PYTHON_EXECUTABLE: /usr/bin/python3\n'}
[1.106653] (crb_ros_msg) StdoutLine: {'line': b'-- Using PYTHON_INCLUDE_DIRS: /opt/rootfs_2204_aarch64/usr/include/python3.10\n'}
[1.106794] (crb_ros_msg) StdoutLine: {'line': b'-- Using PYTHON_LIBRARIES: /opt/rootfs_2204_aarch64/usr/lib/aarch64-linux-gnu/libpython3.10.so\n'}
[1.201140] (-) TimerEvent: {}
[1.219628] (crb_ros_msg) StdoutLine: {'line': b'-- Configuring done\n'}
[1.264555] (crb_ros_msg) StdoutLine: {'line': b'-- Generating done\n'}
[1.276567] (crb_ros_msg) StdoutLine: {'line': b'-- Build files have been written to: /workspace/action_data_offset_posture_ws/build_aarch64/crb_ros_msg\n'}
[1.281279] (crb_ros_msg) CommandEnded: {'returncode': 0}
[1.281743] (crb_ros_msg) JobProgress: {'identifier': 'crb_ros_msg', 'progress': 'build'}
[1.282680] (crb_ros_msg) Command: {'cmd': ['/usr/bin/cmake', '--build', '/workspace/action_data_offset_posture_ws/build/crb_ros_msg', '--', '-j16', '-l16'], 'cwd': '/workspace/action_data_offset_posture_ws/build/crb_ros_msg', 'env': OrderedDict([('PYTHON_SOABI', 'cpython-310-aarch64-linux-gnu'), ('ARCH', 'aarch64'), ('HOSTNAME', 'aarch64_2204_0515_1459_02'), ('SHLVL', '2'), ('LD_LIBRARY_PATH', '/opt/rootfs_2204_aarch64/opt/ros/humble/opt/rviz_ogre_vendor/lib:/opt/rootfs_2204_aarch64/opt/ros/humble/lib/aarch64-linux-gnu:/opt/rootfs_2204_aarch64/opt/ros/humble/lib'), ('HOME', '/home/casbot'), ('OLDPWD', '/workspace/action_data_offset_posture_ws'), ('ROS_PYTHON_VERSION', '3'), ('CROSS_FLAG', '-DCMAKE_CUSTOM_CROSS=ON -DCMAKE_TOOLCHAIN_FILE=/workspace/action_data_offset_posture_ws/docker_env/environment/cmake-toolchains/generic_aarch64.cmake'), ('project_environment_dir', '/workspace/action_data_offset_posture_ws/docker_env/environment'), ('ROS_DISTRO', 'humble'), ('is_ubuntu_20_04', 'false'), ('_', '/usr/local/bin/colcon'), ('ROS_VERSION', '2'), ('is_orin', 'false'), ('is_ubuntu_22_04', 'true'), ('TERM', 'xterm'), ('ROS_LOCALHOST_ONLY', '0'), ('QT_X11_NO_MITSHM', '1'), ('PATH', '/opt/rootfs_2204_aarch64/opt/ros/humble/bin:/usr/local/sbin:/usr/local/bin:/usr/sbin:/usr/bin:/sbin:/bin'), ('is_pc', 'true'), ('env_is_docker', '1'), ('DISPLAY', ':1'), ('LANG', 'en_US.UTF-8'), ('AMENT_PREFIX_PATH', '/opt/rootfs_2204_aarch64/opt/ros/humble'), ('env_docker_aarch64', '1'), ('PWD', '/workspace/action_data_offset_posture_ws/build_aarch64/crb_ros_msg'), ('env_docker_x86', '0'), ('PYTHONPATH', '/opt/rootfs_2204_aarch64/opt/ros/humble/lib/python3.10/site-packages:/opt/rootfs_2204_aarch64/opt/ros/humble/local/lib/python3.10/dist-packages'), ('SYSROOT', '/opt/rootfs_2204_aarch64/'), ('TARGET_ARCH', 'aarch64'), ('TZ', 'Asia/Shanghai'), ('project_install_dir', '/workspace/action_data_offset_posture_ws/install_aarch64'), ('COLCON', '1'), ('CMAKE_PREFIX_PATH', '/opt/rootfs_2204_aarch64/opt/ros/humble')]), 'shell': False}
[1.301267] (-) TimerEvent: {}
[1.303509] (crb_ros_msg) StdoutLine: {'line': b'/usr/bin/cmake -S/workspace/action_data_offset_posture_ws/src/crb_ros_msg -B/workspace/action_data_offset_posture_ws/build_aarch64/crb_ros_msg --check-build-system CMakeFiles/Makefile.cmake 0\n'}
[1.320712] (crb_ros_msg) StdoutLine: {'line': b'/usr/bin/cmake -E cmake_progress_start /workspace/action_data_offset_posture_ws/build_aarch64/crb_ros_msg/CMakeFiles /workspace/action_data_offset_posture_ws/build_aarch64/crb_ros_msg//CMakeFiles/progress.marks\n'}
[1.331325] (crb_ros_msg) StdoutLine: {'line': b'/usr/bin/gmake  -f CMakeFiles/Makefile2 all\n'}
[1.333593] (crb_ros_msg) StdoutLine: {'line': b"gmake[1]: Entering directory '/workspace/action_data_offset_posture_ws/build_aarch64/crb_ros_msg'\n"}
[1.333717] (crb_ros_msg) StdoutLine: {'line': b'/usr/bin/gmake  -f crb_ros_msg__rs/CMakeFiles/crb_ros_msg__rs.dir/build.make crb_ros_msg__rs/CMakeFiles/crb_ros_msg__rs.dir/depend\n'}
[1.333836] (crb_ros_msg) StdoutLine: {'line': b'/usr/bin/gmake  -f CMakeFiles/crb_ros_msg__rosidl_generator_c.dir/build.make CMakeFiles/crb_ros_msg__rosidl_generator_c.dir/depend\n'}
[1.334072] (crb_ros_msg) StdoutLine: {'line': b'/usr/bin/gmake  -f CMakeFiles/crb_ros_msg__cpp.dir/build.make CMakeFiles/crb_ros_msg__cpp.dir/depend\n'}
[1.334308] (crb_ros_msg) StdoutLine: {'line': b'/usr/bin/gmake  -f CMakeFiles/ament_cmake_python_copy_crb_ros_msg.dir/build.make CMakeFiles/ament_cmake_python_copy_crb_ros_msg.dir/depend\n'}
[1.335589] (crb_ros_msg) StdoutLine: {'line': b"gmake[2]: Entering directory '/workspace/action_data_offset_posture_ws/build_aarch64/crb_ros_msg'\n"}
[1.335749] (crb_ros_msg) StdoutLine: {'line': b'cd /workspace/action_data_offset_posture_ws/build_aarch64/crb_ros_msg && /usr/bin/cmake -E cmake_depends "Unix Makefiles" /workspace/action_data_offset_posture_ws/src/crb_ros_msg /workspace/action_data_offset_posture_ws/src/crb_ros_msg /workspace/action_data_offset_posture_ws/build_aarch64/crb_ros_msg /workspace/action_data_offset_posture_ws/build_aarch64/crb_ros_msg /workspace/action_data_offset_posture_ws/build_aarch64/crb_ros_msg/CMakeFiles/ament_cmake_python_copy_crb_ros_msg.dir/DependInfo.cmake --color=\n'}
[1.335999] (crb_ros_msg) StdoutLine: {'line': b"gmake[2]: Entering directory '/workspace/action_data_offset_posture_ws/build_aarch64/crb_ros_msg'\n"}
[1.336143] (crb_ros_msg) StdoutLine: {'line': b'cd /workspace/action_data_offset_posture_ws/build_aarch64/crb_ros_msg && /usr/bin/cmake -E cmake_depends "Unix Makefiles" /workspace/action_data_offset_posture_ws/src/crb_ros_msg /workspace/action_data_offset_posture_ws/build_aarch64/crb_ros_msg/crb_ros_msg__rs /workspace/action_data_offset_posture_ws/build_aarch64/crb_ros_msg /workspace/action_data_offset_posture_ws/build_aarch64/crb_ros_msg/crb_ros_msg__rs /workspace/action_data_offset_posture_ws/build_aarch64/crb_ros_msg/crb_ros_msg__rs/CMakeFiles/crb_ros_msg__rs.dir/DependInfo.cmake --color=\n'}
[1.336441] (crb_ros_msg) StdoutLine: {'line': b"gmake[2]: Entering directory '/workspace/action_data_offset_posture_ws/build_aarch64/crb_ros_msg'\n"}
[1.336574] (crb_ros_msg) StdoutLine: {'line': b'cd /workspace/action_data_offset_posture_ws/build_aarch64/crb_ros_msg && /usr/bin/cmake -E cmake_depends "Unix Makefiles" /workspace/action_data_offset_posture_ws/src/crb_ros_msg /workspace/action_data_offset_posture_ws/src/crb_ros_msg /workspace/action_data_offset_posture_ws/build_aarch64/crb_ros_msg /workspace/action_data_offset_posture_ws/build_aarch64/crb_ros_msg /workspace/action_data_offset_posture_ws/build_aarch64/crb_ros_msg/CMakeFiles/crb_ros_msg__cpp.dir/DependInfo.cmake --color=\n'}
[1.337586] (crb_ros_msg) StdoutLine: {'line': b"gmake[2]: Entering directory '/workspace/action_data_offset_posture_ws/build_aarch64/crb_ros_msg'\n"}
[1.337802] (crb_ros_msg) StdoutLine: {'line': b'cd /workspace/action_data_offset_posture_ws/build_aarch64/crb_ros_msg && /usr/bin/cmake -E cmake_depends "Unix Makefiles" /workspace/action_data_offset_posture_ws/src/crb_ros_msg /workspace/action_data_offset_posture_ws/src/crb_ros_msg /workspace/action_data_offset_posture_ws/build_aarch64/crb_ros_msg /workspace/action_data_offset_posture_ws/build_aarch64/crb_ros_msg /workspace/action_data_offset_posture_ws/build_aarch64/crb_ros_msg/CMakeFiles/crb_ros_msg__rosidl_generator_c.dir/DependInfo.cmake --color=\n'}
[1.347380] (crb_ros_msg) StdoutLine: {'line': b"gmake[2]: Leaving directory '/workspace/action_data_offset_posture_ws/build_aarch64/crb_ros_msg'\n"}
[1.347698] (crb_ros_msg) StdoutLine: {'line': b'/usr/bin/gmake  -f CMakeFiles/ament_cmake_python_copy_crb_ros_msg.dir/build.make CMakeFiles/ament_cmake_python_copy_crb_ros_msg.dir/build\n'}
[1.349913] (crb_ros_msg) StdoutLine: {'line': b'Dependencies file "CMakeFiles/crb_ros_msg__rosidl_generator_c.dir/rosidl_generator_c/crb_ros_msg/action/detail/action_play__functions.c.o.d" is newer than depends file "/workspace/action_data_offset_posture_ws/build_aarch64/crb_ros_msg/CMakeFiles/crb_ros_msg__rosidl_generator_c.dir/compiler_depend.internal".\n'}
[1.350297] (crb_ros_msg) StdoutLine: {'line': b"gmake[2]: Entering directory '/workspace/action_data_offset_posture_ws/build_aarch64/crb_ros_msg'\n"}
[1.350529] (crb_ros_msg) StdoutLine: {'line': b'/usr/bin/cmake -E copy_directory /workspace/action_data_offset_posture_ws/build_aarch64/crb_ros_msg/rosidl_generator_py/crb_ros_msg /workspace/action_data_offset_posture_ws/build_aarch64/crb_ros_msg/ament_cmake_python/crb_ros_msg/crb_ros_msg\n'}
[1.350636] (crb_ros_msg) StdoutLine: {'line': b'Dependencies file "CMakeFiles/crb_ros_msg__rosidl_generator_c.dir/rosidl_generator_c/crb_ros_msg/msg/detail/upper_joint_data__functions.c.o.d" is newer than depends file "/workspace/action_data_offset_posture_ws/build_aarch64/crb_ros_msg/CMakeFiles/crb_ros_msg__rosidl_generator_c.dir/compiler_depend.internal".\n'}
[1.350691] (crb_ros_msg) StdoutLine: {'line': b"gmake[2]: Leaving directory '/workspace/action_data_offset_posture_ws/build_aarch64/crb_ros_msg'\n"}
[1.350736] (crb_ros_msg) StdoutLine: {'line': b'\x1b[35m\x1b[1mConsolidate compiler generated dependencies of target crb_ros_msg__rosidl_generator_c\x1b[0m\n'}
[1.350778] (crb_ros_msg) StdoutLine: {'line': b'/usr/bin/gmake  -f crb_ros_msg__rs/CMakeFiles/crb_ros_msg__rs.dir/build.make crb_ros_msg__rs/CMakeFiles/crb_ros_msg__rs.dir/build\n'}
[1.350826] (crb_ros_msg) StdoutLine: {'line': b"gmake[2]: Leaving directory '/workspace/action_data_offset_posture_ws/build_aarch64/crb_ros_msg'\n"}
[1.350869] (crb_ros_msg) StdoutLine: {'line': b'/usr/bin/gmake  -f CMakeFiles/crb_ros_msg__cpp.dir/build.make CMakeFiles/crb_ros_msg__cpp.dir/build\n'}
[1.352217] (crb_ros_msg) StdoutLine: {'line': b"gmake[2]: Entering directory '/workspace/action_data_offset_posture_ws/build_aarch64/crb_ros_msg'\n"}
[1.352309] (crb_ros_msg) StdoutLine: {'line': b"gmake[2]: Nothing to be done for 'crb_ros_msg__rs/CMakeFiles/crb_ros_msg__rs.dir/build'.\n"}
[1.352361] (crb_ros_msg) StdoutLine: {'line': b"gmake[2]: Leaving directory '/workspace/action_data_offset_posture_ws/build_aarch64/crb_ros_msg'\n"}
[1.352567] (crb_ros_msg) StdoutLine: {'line': b"gmake[2]: Leaving directory '/workspace/action_data_offset_posture_ws/build_aarch64/crb_ros_msg'\n"}
[1.352769] (crb_ros_msg) StdoutLine: {'line': b'/usr/bin/gmake  -f CMakeFiles/crb_ros_msg__rosidl_generator_c.dir/build.make CMakeFiles/crb_ros_msg__rosidl_generator_c.dir/build\n'}
[1.353356] (crb_ros_msg) StdoutLine: {'line': b"gmake[2]: Entering directory '/workspace/action_data_offset_posture_ws/build_aarch64/crb_ros_msg'\n"}
[1.353534] (crb_ros_msg) StdoutLine: {'line': b"gmake[2]: Nothing to be done for 'CMakeFiles/crb_ros_msg__cpp.dir/build'.\n"}
[1.353654] (crb_ros_msg) StdoutLine: {'line': b"gmake[2]: Leaving directory '/workspace/action_data_offset_posture_ws/build_aarch64/crb_ros_msg'\n"}
[1.357267] (crb_ros_msg) StdoutLine: {'line': b"gmake[2]: Entering directory '/workspace/action_data_offset_posture_ws/build_aarch64/crb_ros_msg'\n"}
[1.357466] (crb_ros_msg) StdoutLine: {'line': b"gmake[2]: Nothing to be done for 'CMakeFiles/crb_ros_msg__rosidl_generator_c.dir/build'.\n"}
[1.357596] (crb_ros_msg) StdoutLine: {'line': b"gmake[2]: Leaving directory '/workspace/action_data_offset_posture_ws/build_aarch64/crb_ros_msg'\n"}
[1.362246] (crb_ros_msg) StdoutLine: {'line': b'[  2%] Built target crb_ros_msg__cpp\n'}
[1.362649] (crb_ros_msg) StdoutLine: {'line': b'[  5%] Built target crb_ros_msg__rs\n'}
[1.362918] (crb_ros_msg) StdoutLine: {'line': b'/usr/bin/gmake  -f CMakeFiles/crb_ros_msg__rosidl_typesupport_fastrtps_cpp.dir/build.make CMakeFiles/crb_ros_msg__rosidl_typesupport_fastrtps_cpp.dir/depend\n'}
[1.363212] (crb_ros_msg) StdoutLine: {'line': b'/usr/bin/gmake  -f CMakeFiles/crb_ros_msg__rosidl_typesupport_introspection_cpp.dir/build.make CMakeFiles/crb_ros_msg__rosidl_typesupport_introspection_cpp.dir/depend\n'}
[1.363480] (crb_ros_msg) StdoutLine: {'line': b'/usr/bin/gmake  -f CMakeFiles/crb_ros_msg__rosidl_typesupport_cpp.dir/build.make CMakeFiles/crb_ros_msg__rosidl_typesupport_cpp.dir/depend\n'}
[1.365644] (crb_ros_msg) StdoutLine: {'line': b'[ 15%] Built target crb_ros_msg__rosidl_generator_c\n'}
[1.365947] (crb_ros_msg) StdoutLine: {'line': b"gmake[2]: Entering directory '/workspace/action_data_offset_posture_ws/build_aarch64/crb_ros_msg'\n"}
[1.366147] (crb_ros_msg) StdoutLine: {'line': b'cd /workspace/action_data_offset_posture_ws/build_aarch64/crb_ros_msg && /usr/bin/cmake -E cmake_depends "Unix Makefiles" /workspace/action_data_offset_posture_ws/src/crb_ros_msg /workspace/action_data_offset_posture_ws/src/crb_ros_msg /workspace/action_data_offset_posture_ws/build_aarch64/crb_ros_msg /workspace/action_data_offset_posture_ws/build_aarch64/crb_ros_msg /workspace/action_data_offset_posture_ws/build_aarch64/crb_ros_msg/CMakeFiles/crb_ros_msg__rosidl_typesupport_cpp.dir/DependInfo.cmake --color=\n'}
[1.366438] (crb_ros_msg) StdoutLine: {'line': b'/usr/bin/gmake  -f CMakeFiles/crb_ros_msg__rosidl_typesupport_fastrtps_c.dir/build.make CMakeFiles/crb_ros_msg__rosidl_typesupport_fastrtps_c.dir/depend\n'}
[1.366880] (crb_ros_msg) StdoutLine: {'line': b'/usr/bin/gmake  -f CMakeFiles/crb_ros_msg__rosidl_typesupport_introspection_c.dir/build.make CMakeFiles/crb_ros_msg__rosidl_typesupport_introspection_c.dir/depend\n'}
[1.367203] (crb_ros_msg) StdoutLine: {'line': b"gmake[2]: Entering directory '/workspace/action_data_offset_posture_ws/build_aarch64/crb_ros_msg'\n"}
[1.367355] (crb_ros_msg) StdoutLine: {'line': b'cd /workspace/action_data_offset_posture_ws/build_aarch64/crb_ros_msg && /usr/bin/cmake -E cmake_depends "Unix Makefiles" /workspace/action_data_offset_posture_ws/src/crb_ros_msg /workspace/action_data_offset_posture_ws/src/crb_ros_msg /workspace/action_data_offset_posture_ws/build_aarch64/crb_ros_msg /workspace/action_data_offset_posture_ws/build_aarch64/crb_ros_msg /workspace/action_data_offset_posture_ws/build_aarch64/crb_ros_msg/CMakeFiles/crb_ros_msg__rosidl_typesupport_fastrtps_cpp.dir/DependInfo.cmake --color=\n'}
[1.367682] (crb_ros_msg) StdoutLine: {'line': b'/usr/bin/gmake  -f CMakeFiles/crb_ros_msg__rosidl_typesupport_c.dir/build.make CMakeFiles/crb_ros_msg__rosidl_typesupport_c.dir/depend\n'}
[1.368431] (crb_ros_msg) StdoutLine: {'line': b"gmake[2]: Entering directory '/workspace/action_data_offset_posture_ws/build_aarch64/crb_ros_msg'\n"}
[1.368634] (crb_ros_msg) StdoutLine: {'line': b'cd /workspace/action_data_offset_posture_ws/build_aarch64/crb_ros_msg && /usr/bin/cmake -E cmake_depends "Unix Makefiles" /workspace/action_data_offset_posture_ws/src/crb_ros_msg /workspace/action_data_offset_posture_ws/src/crb_ros_msg /workspace/action_data_offset_posture_ws/build_aarch64/crb_ros_msg /workspace/action_data_offset_posture_ws/build_aarch64/crb_ros_msg /workspace/action_data_offset_posture_ws/build_aarch64/crb_ros_msg/CMakeFiles/crb_ros_msg__rosidl_typesupport_introspection_cpp.dir/DependInfo.cmake --color=\n'}
[1.370418] (crb_ros_msg) StdoutLine: {'line': b"gmake[2]: Entering directory '/workspace/action_data_offset_posture_ws/build_aarch64/crb_ros_msg'\n"}
[1.370549] (crb_ros_msg) StdoutLine: {'line': b'cd /workspace/action_data_offset_posture_ws/build_aarch64/crb_ros_msg && /usr/bin/cmake -E cmake_depends "Unix Makefiles" /workspace/action_data_offset_posture_ws/src/crb_ros_msg /workspace/action_data_offset_posture_ws/src/crb_ros_msg /workspace/action_data_offset_posture_ws/build_aarch64/crb_ros_msg /workspace/action_data_offset_posture_ws/build_aarch64/crb_ros_msg /workspace/action_data_offset_posture_ws/build_aarch64/crb_ros_msg/CMakeFiles/crb_ros_msg__rosidl_typesupport_introspection_c.dir/DependInfo.cmake --color=\n'}
[1.371176] (crb_ros_msg) StdoutLine: {'line': b"gmake[2]: Leaving directory '/workspace/action_data_offset_posture_ws/build_aarch64/crb_ros_msg'\n"}
[1.372253] (crb_ros_msg) StdoutLine: {'line': b"gmake[2]: Entering directory '/workspace/action_data_offset_posture_ws/build_aarch64/crb_ros_msg'\n"}
[1.372420] (crb_ros_msg) StdoutLine: {'line': b'cd /workspace/action_data_offset_posture_ws/build_aarch64/crb_ros_msg && /usr/bin/cmake -E cmake_depends "Unix Makefiles" /workspace/action_data_offset_posture_ws/src/crb_ros_msg /workspace/action_data_offset_posture_ws/src/crb_ros_msg /workspace/action_data_offset_posture_ws/build_aarch64/crb_ros_msg /workspace/action_data_offset_posture_ws/build_aarch64/crb_ros_msg /workspace/action_data_offset_posture_ws/build_aarch64/crb_ros_msg/CMakeFiles/crb_ros_msg__rosidl_typesupport_fastrtps_c.dir/DependInfo.cmake --color=\n'}
[1.373344] (crb_ros_msg) StdoutLine: {'line': b"gmake[2]: Entering directory '/workspace/action_data_offset_posture_ws/build_aarch64/crb_ros_msg'\n"}
[1.373479] (crb_ros_msg) StdoutLine: {'line': b'cd /workspace/action_data_offset_posture_ws/build_aarch64/crb_ros_msg && /usr/bin/cmake -E cmake_depends "Unix Makefiles" /workspace/action_data_offset_posture_ws/src/crb_ros_msg /workspace/action_data_offset_posture_ws/src/crb_ros_msg /workspace/action_data_offset_posture_ws/build_aarch64/crb_ros_msg /workspace/action_data_offset_posture_ws/build_aarch64/crb_ros_msg /workspace/action_data_offset_posture_ws/build_aarch64/crb_ros_msg/CMakeFiles/crb_ros_msg__rosidl_typesupport_c.dir/DependInfo.cmake --color=\n'}
[1.379514] (crb_ros_msg) StdoutLine: {'line': b'Dependencies file "CMakeFiles/crb_ros_msg__rosidl_typesupport_fastrtps_cpp.dir/rosidl_typesupport_fastrtps_cpp/crb_ros_msg/action/detail/dds_fastrtps/action_play__type_support.cpp.o.d" is newer than depends file "/workspace/action_data_offset_posture_ws/build_aarch64/crb_ros_msg/CMakeFiles/crb_ros_msg__rosidl_typesupport_fastrtps_cpp.dir/compiler_depend.internal".\n'}
[1.380115] (crb_ros_msg) StdoutLine: {'line': b'Dependencies file "CMakeFiles/crb_ros_msg__rosidl_typesupport_fastrtps_cpp.dir/rosidl_typesupport_fastrtps_cpp/crb_ros_msg/msg/detail/dds_fastrtps/upper_joint_data__type_support.cpp.o.d" is newer than depends file "/workspace/action_data_offset_posture_ws/build_aarch64/crb_ros_msg/CMakeFiles/crb_ros_msg__rosidl_typesupport_fastrtps_cpp.dir/compiler_depend.internal".\n'}
[1.380576] (crb_ros_msg) StdoutLine: {'line': b'\x1b[35m\x1b[1mConsolidate compiler generated dependencies of target crb_ros_msg__rosidl_typesupport_fastrtps_cpp\x1b[0m\n'}
[1.387725] (crb_ros_msg) StdoutLine: {'line': b'Dependencies file "CMakeFiles/crb_ros_msg__rosidl_typesupport_cpp.dir/rosidl_typesupport_cpp/crb_ros_msg/action/action_play__type_support.cpp.o.d" is newer than depends file "/workspace/action_data_offset_posture_ws/build_aarch64/crb_ros_msg/CMakeFiles/crb_ros_msg__rosidl_typesupport_cpp.dir/compiler_depend.internal".\n'}
[1.388256] (crb_ros_msg) StdoutLine: {'line': b'Dependencies file "CMakeFiles/crb_ros_msg__rosidl_typesupport_cpp.dir/rosidl_typesupport_cpp/crb_ros_msg/msg/upper_joint_data__type_support.cpp.o.d" is newer than depends file "/workspace/action_data_offset_posture_ws/build_aarch64/crb_ros_msg/CMakeFiles/crb_ros_msg__rosidl_typesupport_cpp.dir/compiler_depend.internal".\n'}
[1.388608] (crb_ros_msg) StdoutLine: {'line': b'\x1b[35m\x1b[1mConsolidate compiler generated dependencies of target crb_ros_msg__rosidl_typesupport_cpp\x1b[0m\n'}
[1.391720] (crb_ros_msg) StdoutLine: {'line': b'Dependencies file "CMakeFiles/crb_ros_msg__rosidl_typesupport_c.dir/rosidl_typesupport_c/crb_ros_msg/action/action_play__type_support.cpp.o.d" is newer than depends file "/workspace/action_data_offset_posture_ws/build_aarch64/crb_ros_msg/CMakeFiles/crb_ros_msg__rosidl_typesupport_c.dir/compiler_depend.internal".\n'}
[1.392173] (crb_ros_msg) StdoutLine: {'line': b'Dependencies file "CMakeFiles/crb_ros_msg__rosidl_typesupport_fastrtps_c.dir/rosidl_typesupport_fastrtps_c/crb_ros_msg/action/detail/action_play__type_support_c.cpp.o.d" is newer than depends file "/workspace/action_data_offset_posture_ws/build_aarch64/crb_ros_msg/CMakeFiles/crb_ros_msg__rosidl_typesupport_fastrtps_c.dir/compiler_depend.internal".\n'}
[1.392343] (crb_ros_msg) StdoutLine: {'line': b'Dependencies file "CMakeFiles/crb_ros_msg__rosidl_typesupport_introspection_cpp.dir/rosidl_typesupport_introspection_cpp/crb_ros_msg/action/detail/action_play__type_support.cpp.o.d" is newer than depends file "/workspace/action_data_offset_posture_ws/build_aarch64/crb_ros_msg/CMakeFiles/crb_ros_msg__rosidl_typesupport_introspection_cpp.dir/compiler_depend.internal".\n'}
[1.392620] (crb_ros_msg) StdoutLine: {'line': b'Dependencies file "CMakeFiles/crb_ros_msg__rosidl_typesupport_c.dir/rosidl_typesupport_c/crb_ros_msg/msg/upper_joint_data__type_support.cpp.o.d" is newer than depends file "/workspace/action_data_offset_posture_ws/build_aarch64/crb_ros_msg/CMakeFiles/crb_ros_msg__rosidl_typesupport_c.dir/compiler_depend.internal".\n'}
[1.392954] (crb_ros_msg) StdoutLine: {'line': b'\x1b[35m\x1b[1mConsolidate compiler generated dependencies of target crb_ros_msg__rosidl_typesupport_c\x1b[0m\n'}
[1.393317] (crb_ros_msg) StdoutLine: {'line': b"gmake[2]: Leaving directory '/workspace/action_data_offset_posture_ws/build_aarch64/crb_ros_msg'\n"}
[1.393564] (crb_ros_msg) StdoutLine: {'line': b'Dependencies file "CMakeFiles/crb_ros_msg__rosidl_typesupport_fastrtps_c.dir/rosidl_typesupport_fastrtps_c/crb_ros_msg/msg/detail/upper_joint_data__type_support_c.cpp.o.d" is newer than depends file "/workspace/action_data_offset_posture_ws/build_aarch64/crb_ros_msg/CMakeFiles/crb_ros_msg__rosidl_typesupport_fastrtps_c.dir/compiler_depend.internal".\n'}
[1.393806] (crb_ros_msg) StdoutLine: {'line': b'Dependencies file "CMakeFiles/crb_ros_msg__rosidl_typesupport_introspection_cpp.dir/rosidl_typesupport_introspection_cpp/crb_ros_msg/msg/detail/upper_joint_data__type_support.cpp.o.d" is newer than depends file "/workspace/action_data_offset_posture_ws/build_aarch64/crb_ros_msg/CMakeFiles/crb_ros_msg__rosidl_typesupport_introspection_cpp.dir/compiler_depend.internal".\n'}
[1.394013] (crb_ros_msg) StdoutLine: {'line': b'/usr/bin/gmake  -f CMakeFiles/crb_ros_msg__rosidl_typesupport_fastrtps_cpp.dir/build.make CMakeFiles/crb_ros_msg__rosidl_typesupport_fastrtps_cpp.dir/build\n'}
[1.394196] (crb_ros_msg) StdoutLine: {'line': b'\x1b[35m\x1b[1mConsolidate compiler generated dependencies of target crb_ros_msg__rosidl_typesupport_fastrtps_c\x1b[0m\n'}
[1.394448] (crb_ros_msg) StdoutLine: {'line': b'\x1b[35m\x1b[1mConsolidate compiler generated dependencies of target crb_ros_msg__rosidl_typesupport_introspection_cpp\x1b[0m\n'}
[1.394674] (crb_ros_msg) StdoutLine: {'line': b'Dependencies file "CMakeFiles/crb_ros_msg__rosidl_typesupport_introspection_c.dir/rosidl_typesupport_introspection_c/crb_ros_msg/action/detail/action_play__type_support.c.o.d" is newer than depends file "/workspace/action_data_offset_posture_ws/build_aarch64/crb_ros_msg/CMakeFiles/crb_ros_msg__rosidl_typesupport_introspection_c.dir/compiler_depend.internal".\n'}
[1.394886] (crb_ros_msg) StdoutLine: {'line': b'Dependencies file "CMakeFiles/crb_ros_msg__rosidl_typesupport_introspection_c.dir/rosidl_typesupport_introspection_c/crb_ros_msg/msg/detail/upper_joint_data__type_support.c.o.d" is newer than depends file "/workspace/action_data_offset_posture_ws/build_aarch64/crb_ros_msg/CMakeFiles/crb_ros_msg__rosidl_typesupport_introspection_c.dir/compiler_depend.internal".\n'}
[1.395184] (crb_ros_msg) StdoutLine: {'line': b'\x1b[35m\x1b[1mConsolidate compiler generated dependencies of target crb_ros_msg__rosidl_typesupport_introspection_c\x1b[0m\n'}
[1.395393] (crb_ros_msg) StdoutLine: {'line': b'[ 15%] Built target ament_cmake_python_copy_crb_ros_msg\n'}
[1.395795] (crb_ros_msg) StdoutLine: {'line': b"gmake[2]: Leaving directory '/workspace/action_data_offset_posture_ws/build_aarch64/crb_ros_msg'\n"}
[1.396069] (crb_ros_msg) StdoutLine: {'line': b'/usr/bin/gmake  -f CMakeFiles/crb_ros_msg__rosidl_typesupport_c.dir/build.make CMakeFiles/crb_ros_msg__rosidl_typesupport_c.dir/build\n'}
[1.396359] (crb_ros_msg) StdoutLine: {'line': b'/usr/bin/gmake  -f CMakeFiles/ament_cmake_python_build_crb_ros_msg_egg.dir/build.make CMakeFiles/ament_cmake_python_build_crb_ros_msg_egg.dir/depend\n'}
[1.397156] (crb_ros_msg) StdoutLine: {'line': b"gmake[2]: Leaving directory '/workspace/action_data_offset_posture_ws/build_aarch64/crb_ros_msg'\n"}
[1.397375] (crb_ros_msg) StdoutLine: {'line': b'/usr/bin/gmake  -f CMakeFiles/crb_ros_msg__rosidl_typesupport_cpp.dir/build.make CMakeFiles/crb_ros_msg__rosidl_typesupport_cpp.dir/build\n'}
[1.398038] (crb_ros_msg) StdoutLine: {'line': b"gmake[2]: Entering directory '/workspace/action_data_offset_posture_ws/build_aarch64/crb_ros_msg'\n"}
[1.398154] (crb_ros_msg) StdoutLine: {'line': b'cd /workspace/action_data_offset_posture_ws/build_aarch64/crb_ros_msg && /usr/bin/cmake -E cmake_depends "Unix Makefiles" /workspace/action_data_offset_posture_ws/src/crb_ros_msg /workspace/action_data_offset_posture_ws/src/crb_ros_msg /workspace/action_data_offset_posture_ws/build_aarch64/crb_ros_msg /workspace/action_data_offset_posture_ws/build_aarch64/crb_ros_msg /workspace/action_data_offset_posture_ws/build_aarch64/crb_ros_msg/CMakeFiles/ament_cmake_python_build_crb_ros_msg_egg.dir/DependInfo.cmake --color=\n'}
[1.400467] (crb_ros_msg) StdoutLine: {'line': b"gmake[2]: Leaving directory '/workspace/action_data_offset_posture_ws/build_aarch64/crb_ros_msg'\n"}
[1.400620] (crb_ros_msg) StdoutLine: {'line': b'/usr/bin/gmake  -f CMakeFiles/crb_ros_msg__rosidl_typesupport_introspection_c.dir/build.make CMakeFiles/crb_ros_msg__rosidl_typesupport_introspection_c.dir/build\n'}
[1.400886] (crb_ros_msg) StdoutLine: {'line': b"gmake[2]: Entering directory '/workspace/action_data_offset_posture_ws/build_aarch64/crb_ros_msg'\n"}
[1.400961] (crb_ros_msg) StdoutLine: {'line': b"gmake[2]: Nothing to be done for 'CMakeFiles/crb_ros_msg__rosidl_typesupport_c.dir/build'.\n"}
[1.401041] (crb_ros_msg) StdoutLine: {'line': b"gmake[2]: Leaving directory '/workspace/action_data_offset_posture_ws/build_aarch64/crb_ros_msg'\n"}
[1.401307] (-) TimerEvent: {}
[1.405411] (crb_ros_msg) StdoutLine: {'line': b"gmake[2]: Entering directory '/workspace/action_data_offset_posture_ws/build_aarch64/crb_ros_msg'\n"}
[1.405675] (crb_ros_msg) StdoutLine: {'line': b"gmake[2]: Nothing to be done for 'CMakeFiles/crb_ros_msg__rosidl_typesupport_introspection_c.dir/build'.\n"}
[1.405822] (crb_ros_msg) StdoutLine: {'line': b"gmake[2]: Leaving directory '/workspace/action_data_offset_posture_ws/build_aarch64/crb_ros_msg'\n"}
[1.405956] (crb_ros_msg) StdoutLine: {'line': b"gmake[2]: Entering directory '/workspace/action_data_offset_posture_ws/build_aarch64/crb_ros_msg'\n"}
[1.406078] (crb_ros_msg) StdoutLine: {'line': b"gmake[2]: Nothing to be done for 'CMakeFiles/crb_ros_msg__rosidl_typesupport_fastrtps_cpp.dir/build'.\n"}
[1.406200] (crb_ros_msg) StdoutLine: {'line': b"gmake[2]: Leaving directory '/workspace/action_data_offset_posture_ws/build_aarch64/crb_ros_msg'\n"}
[1.407030] (crb_ros_msg) StdoutLine: {'line': b"gmake[2]: Leaving directory '/workspace/action_data_offset_posture_ws/build_aarch64/crb_ros_msg'\n"}
[1.407245] (crb_ros_msg) StdoutLine: {'line': b"gmake[2]: Leaving directory '/workspace/action_data_offset_posture_ws/build_aarch64/crb_ros_msg'\n"}
[1.407403] (crb_ros_msg) StdoutLine: {'line': b'/usr/bin/gmake  -f CMakeFiles/crb_ros_msg__rosidl_typesupport_introspection_cpp.dir/build.make CMakeFiles/crb_ros_msg__rosidl_typesupport_introspection_cpp.dir/build\n'}
[1.407549] (crb_ros_msg) StdoutLine: {'line': b'/usr/bin/gmake  -f CMakeFiles/crb_ros_msg__rosidl_typesupport_fastrtps_c.dir/build.make CMakeFiles/crb_ros_msg__rosidl_typesupport_fastrtps_c.dir/build\n'}
[1.408160] (crb_ros_msg) StdoutLine: {'line': b"gmake[2]: Entering directory '/workspace/action_data_offset_posture_ws/build_aarch64/crb_ros_msg'\n"}
[1.408342] (crb_ros_msg) StdoutLine: {'line': b"gmake[2]: Nothing to be done for 'CMakeFiles/crb_ros_msg__rosidl_typesupport_cpp.dir/build'.\n"}
[1.408513] (crb_ros_msg) StdoutLine: {'line': b"gmake[2]: Leaving directory '/workspace/action_data_offset_posture_ws/build_aarch64/crb_ros_msg'\n"}
[1.409851] (crb_ros_msg) StdoutLine: {'line': b'[ 25%] Built target crb_ros_msg__rosidl_typesupport_c\n'}
[1.410254] (crb_ros_msg) StdoutLine: {'line': b"gmake[2]: Leaving directory '/workspace/action_data_offset_posture_ws/build_aarch64/crb_ros_msg'\n"}
[1.410418] (crb_ros_msg) StdoutLine: {'line': b'/usr/bin/gmake  -f CMakeFiles/ament_cmake_python_build_crb_ros_msg_egg.dir/build.make CMakeFiles/ament_cmake_python_build_crb_ros_msg_egg.dir/build\n'}
[1.411465] (crb_ros_msg) StdoutLine: {'line': b"gmake[2]: Entering directory '/workspace/action_data_offset_posture_ws/build_aarch64/crb_ros_msg'\n"}
[1.411609] (crb_ros_msg) StdoutLine: {'line': b'cd /workspace/action_data_offset_posture_ws/build_aarch64/crb_ros_msg/ament_cmake_python/crb_ros_msg && /usr/bin/python3 setup.py egg_info\n'}
[1.413347] (crb_ros_msg) StdoutLine: {'line': b'[ 35%] Built target crb_ros_msg__rosidl_typesupport_introspection_c\n'}
[1.415264] (crb_ros_msg) StdoutLine: {'line': b"gmake[2]: Entering directory '/workspace/action_data_offset_posture_ws/build_aarch64/crb_ros_msg'\n"}
[1.415406] (crb_ros_msg) StdoutLine: {'line': b"gmake[2]: Nothing to be done for 'CMakeFiles/crb_ros_msg__rosidl_typesupport_fastrtps_c.dir/build'.\n"}
[1.415472] (crb_ros_msg) StdoutLine: {'line': b"gmake[2]: Leaving directory '/workspace/action_data_offset_posture_ws/build_aarch64/crb_ros_msg'\n"}
[1.415942] (crb_ros_msg) StdoutLine: {'line': b'[ 45%] Built target crb_ros_msg__rosidl_typesupport_fastrtps_cpp\n'}
[1.416629] (crb_ros_msg) StdoutLine: {'line': b"gmake[2]: Entering directory '/workspace/action_data_offset_posture_ws/build_aarch64/crb_ros_msg'\n"}
[1.416796] (crb_ros_msg) StdoutLine: {'line': b"gmake[2]: Nothing to be done for 'CMakeFiles/crb_ros_msg__rosidl_typesupport_introspection_cpp.dir/build'.\n"}
[1.416915] (crb_ros_msg) StdoutLine: {'line': b"gmake[2]: Leaving directory '/workspace/action_data_offset_posture_ws/build_aarch64/crb_ros_msg'\n"}
[1.419663] (crb_ros_msg) StdoutLine: {'line': b'[ 55%] Built target crb_ros_msg__rosidl_typesupport_cpp\n'}
[1.423000] (crb_ros_msg) StdoutLine: {'line': b'[ 65%] Built target crb_ros_msg__rosidl_typesupport_fastrtps_c\n'}
[1.427256] (crb_ros_msg) StdoutLine: {'line': b'[ 75%] Built target crb_ros_msg__rosidl_typesupport_introspection_cpp\n'}
[1.427880] (crb_ros_msg) StdoutLine: {'line': b'/usr/bin/gmake  -f CMakeFiles/crb_ros_msg.dir/build.make CMakeFiles/crb_ros_msg.dir/depend\n'}
[1.429388] (crb_ros_msg) StdoutLine: {'line': b"gmake[2]: Entering directory '/workspace/action_data_offset_posture_ws/build_aarch64/crb_ros_msg'\n"}
[1.429524] (crb_ros_msg) StdoutLine: {'line': b'cd /workspace/action_data_offset_posture_ws/build_aarch64/crb_ros_msg && /usr/bin/cmake -E cmake_depends "Unix Makefiles" /workspace/action_data_offset_posture_ws/src/crb_ros_msg /workspace/action_data_offset_posture_ws/src/crb_ros_msg /workspace/action_data_offset_posture_ws/build_aarch64/crb_ros_msg /workspace/action_data_offset_posture_ws/build_aarch64/crb_ros_msg /workspace/action_data_offset_posture_ws/build_aarch64/crb_ros_msg/CMakeFiles/crb_ros_msg.dir/DependInfo.cmake --color=\n'}
[1.441157] (crb_ros_msg) StdoutLine: {'line': b"gmake[2]: Leaving directory '/workspace/action_data_offset_posture_ws/build_aarch64/crb_ros_msg'\n"}
[1.441364] (crb_ros_msg) StdoutLine: {'line': b'/usr/bin/gmake  -f CMakeFiles/crb_ros_msg.dir/build.make CMakeFiles/crb_ros_msg.dir/build\n'}
[1.443292] (crb_ros_msg) StdoutLine: {'line': b"gmake[2]: Entering directory '/workspace/action_data_offset_posture_ws/build_aarch64/crb_ros_msg'\n"}
[1.443421] (crb_ros_msg) StdoutLine: {'line': b"gmake[2]: Nothing to be done for 'CMakeFiles/crb_ros_msg.dir/build'.\n"}
[1.443531] (crb_ros_msg) StdoutLine: {'line': b"gmake[2]: Leaving directory '/workspace/action_data_offset_posture_ws/build_aarch64/crb_ros_msg'\n"}
[1.453944] (crb_ros_msg) StdoutLine: {'line': b'[ 75%] Built target crb_ros_msg\n'}
[1.454582] (crb_ros_msg) StdoutLine: {'line': b'/usr/bin/gmake  -f crb_ros_msg__py/CMakeFiles/crb_ros_msg__py.dir/build.make crb_ros_msg__py/CMakeFiles/crb_ros_msg__py.dir/depend\n'}
[1.457032] (crb_ros_msg) StdoutLine: {'line': b"gmake[2]: Entering directory '/workspace/action_data_offset_posture_ws/build_aarch64/crb_ros_msg'\n"}
[1.457151] (crb_ros_msg) StdoutLine: {'line': b'cd /workspace/action_data_offset_posture_ws/build_aarch64/crb_ros_msg && /usr/bin/cmake -E cmake_depends "Unix Makefiles" /workspace/action_data_offset_posture_ws/src/crb_ros_msg /workspace/action_data_offset_posture_ws/build_aarch64/crb_ros_msg/crb_ros_msg__py /workspace/action_data_offset_posture_ws/build_aarch64/crb_ros_msg /workspace/action_data_offset_posture_ws/build_aarch64/crb_ros_msg/crb_ros_msg__py /workspace/action_data_offset_posture_ws/build_aarch64/crb_ros_msg/crb_ros_msg__py/CMakeFiles/crb_ros_msg__py.dir/DependInfo.cmake --color=\n'}
[1.465450] (crb_ros_msg) StdoutLine: {'line': b"gmake[2]: Leaving directory '/workspace/action_data_offset_posture_ws/build_aarch64/crb_ros_msg'\n"}
[1.465644] (crb_ros_msg) StdoutLine: {'line': b'/usr/bin/gmake  -f crb_ros_msg__py/CMakeFiles/crb_ros_msg__py.dir/build.make crb_ros_msg__py/CMakeFiles/crb_ros_msg__py.dir/build\n'}
[1.469200] (crb_ros_msg) StdoutLine: {'line': b"gmake[2]: Entering directory '/workspace/action_data_offset_posture_ws/build_aarch64/crb_ros_msg'\n"}
[1.469381] (crb_ros_msg) StdoutLine: {'line': b"gmake[2]: Nothing to be done for 'crb_ros_msg__py/CMakeFiles/crb_ros_msg__py.dir/build'.\n"}
[1.469511] (crb_ros_msg) StdoutLine: {'line': b"gmake[2]: Leaving directory '/workspace/action_data_offset_posture_ws/build_aarch64/crb_ros_msg'\n"}
[1.478634] (crb_ros_msg) StdoutLine: {'line': b'[ 77%] Built target crb_ros_msg__py\n'}
[1.479325] (crb_ros_msg) StdoutLine: {'line': b'/usr/bin/gmake  -f CMakeFiles/crb_ros_msg__rosidl_generator_py.dir/build.make CMakeFiles/crb_ros_msg__rosidl_generator_py.dir/depend\n'}
[1.481570] (crb_ros_msg) StdoutLine: {'line': b"gmake[2]: Entering directory '/workspace/action_data_offset_posture_ws/build_aarch64/crb_ros_msg'\n"}
[1.481713] (crb_ros_msg) StdoutLine: {'line': b'cd /workspace/action_data_offset_posture_ws/build_aarch64/crb_ros_msg && /usr/bin/cmake -E cmake_depends "Unix Makefiles" /workspace/action_data_offset_posture_ws/src/crb_ros_msg /workspace/action_data_offset_posture_ws/src/crb_ros_msg /workspace/action_data_offset_posture_ws/build_aarch64/crb_ros_msg /workspace/action_data_offset_posture_ws/build_aarch64/crb_ros_msg /workspace/action_data_offset_posture_ws/build_aarch64/crb_ros_msg/CMakeFiles/crb_ros_msg__rosidl_generator_py.dir/DependInfo.cmake --color=\n'}
[1.492286] (crb_ros_msg) StdoutLine: {'line': b'Dependencies file "CMakeFiles/crb_ros_msg__rosidl_generator_py.dir/rosidl_generator_py/crb_ros_msg/action/_action_play_s.c.o.d" is newer than depends file "/workspace/action_data_offset_posture_ws/build_aarch64/crb_ros_msg/CMakeFiles/crb_ros_msg__rosidl_generator_py.dir/compiler_depend.internal".\n'}
[1.492488] (crb_ros_msg) StdoutLine: {'line': b'Dependencies file "CMakeFiles/crb_ros_msg__rosidl_generator_py.dir/rosidl_generator_py/crb_ros_msg/msg/_upper_joint_data_s.c.o.d" is newer than depends file "/workspace/action_data_offset_posture_ws/build_aarch64/crb_ros_msg/CMakeFiles/crb_ros_msg__rosidl_generator_py.dir/compiler_depend.internal".\n'}
[1.492656] (crb_ros_msg) StdoutLine: {'line': b'\x1b[35m\x1b[1mConsolidate compiler generated dependencies of target crb_ros_msg__rosidl_generator_py\x1b[0m\n'}
[1.497835] (crb_ros_msg) StdoutLine: {'line': b"gmake[2]: Leaving directory '/workspace/action_data_offset_posture_ws/build_aarch64/crb_ros_msg'\n"}
[1.497980] (crb_ros_msg) StdoutLine: {'line': b'/usr/bin/gmake  -f CMakeFiles/crb_ros_msg__rosidl_generator_py.dir/build.make CMakeFiles/crb_ros_msg__rosidl_generator_py.dir/build\n'}
[1.501379] (-) TimerEvent: {}
[1.501607] (crb_ros_msg) StdoutLine: {'line': b"gmake[2]: Entering directory '/workspace/action_data_offset_posture_ws/build_aarch64/crb_ros_msg'\n"}
[1.501743] (crb_ros_msg) StdoutLine: {'line': b"gmake[2]: Nothing to be done for 'CMakeFiles/crb_ros_msg__rosidl_generator_py.dir/build'.\n"}
[1.501843] (crb_ros_msg) StdoutLine: {'line': b"gmake[2]: Leaving directory '/workspace/action_data_offset_posture_ws/build_aarch64/crb_ros_msg'\n"}
[1.511332] (crb_ros_msg) StdoutLine: {'line': b'[ 85%] Built target crb_ros_msg__rosidl_generator_py\n'}
[1.512153] (crb_ros_msg) StdoutLine: {'line': b'/usr/bin/gmake  -f CMakeFiles/crb_ros_msg__rosidl_typesupport_fastrtps_c__pyext.dir/build.make CMakeFiles/crb_ros_msg__rosidl_typesupport_fastrtps_c__pyext.dir/depend\n'}
[1.512479] (crb_ros_msg) StdoutLine: {'line': b'/usr/bin/gmake  -f CMakeFiles/crb_ros_msg__rosidl_typesupport_introspection_c__pyext.dir/build.make CMakeFiles/crb_ros_msg__rosidl_typesupport_introspection_c__pyext.dir/depend\n'}
[1.512762] (crb_ros_msg) StdoutLine: {'line': b'/usr/bin/gmake  -f CMakeFiles/crb_ros_msg__rosidl_typesupport_c__pyext.dir/build.make CMakeFiles/crb_ros_msg__rosidl_typesupport_c__pyext.dir/depend\n'}
[1.514202] (crb_ros_msg) StdoutLine: {'line': b"gmake[2]: Entering directory '/workspace/action_data_offset_posture_ws/build_aarch64/crb_ros_msg'\n"}
[1.514362] (crb_ros_msg) StdoutLine: {'line': b'cd /workspace/action_data_offset_posture_ws/build_aarch64/crb_ros_msg && /usr/bin/cmake -E cmake_depends "Unix Makefiles" /workspace/action_data_offset_posture_ws/src/crb_ros_msg /workspace/action_data_offset_posture_ws/src/crb_ros_msg /workspace/action_data_offset_posture_ws/build_aarch64/crb_ros_msg /workspace/action_data_offset_posture_ws/build_aarch64/crb_ros_msg /workspace/action_data_offset_posture_ws/build_aarch64/crb_ros_msg/CMakeFiles/crb_ros_msg__rosidl_typesupport_c__pyext.dir/DependInfo.cmake --color=\n'}
[1.514723] (crb_ros_msg) StdoutLine: {'line': b"gmake[2]: Entering directory '/workspace/action_data_offset_posture_ws/build_aarch64/crb_ros_msg'\n"}
[1.514881] (crb_ros_msg) StdoutLine: {'line': b'cd /workspace/action_data_offset_posture_ws/build_aarch64/crb_ros_msg && /usr/bin/cmake -E cmake_depends "Unix Makefiles" /workspace/action_data_offset_posture_ws/src/crb_ros_msg /workspace/action_data_offset_posture_ws/src/crb_ros_msg /workspace/action_data_offset_posture_ws/build_aarch64/crb_ros_msg /workspace/action_data_offset_posture_ws/build_aarch64/crb_ros_msg /workspace/action_data_offset_posture_ws/build_aarch64/crb_ros_msg/CMakeFiles/crb_ros_msg__rosidl_typesupport_fastrtps_c__pyext.dir/DependInfo.cmake --color=\n'}
[1.515011] (crb_ros_msg) StdoutLine: {'line': b"gmake[2]: Entering directory '/workspace/action_data_offset_posture_ws/build_aarch64/crb_ros_msg'\n"}
[1.515119] (crb_ros_msg) StdoutLine: {'line': b'cd /workspace/action_data_offset_posture_ws/build_aarch64/crb_ros_msg && /usr/bin/cmake -E cmake_depends "Unix Makefiles" /workspace/action_data_offset_posture_ws/src/crb_ros_msg /workspace/action_data_offset_posture_ws/src/crb_ros_msg /workspace/action_data_offset_posture_ws/build_aarch64/crb_ros_msg /workspace/action_data_offset_posture_ws/build_aarch64/crb_ros_msg /workspace/action_data_offset_posture_ws/build_aarch64/crb_ros_msg/CMakeFiles/crb_ros_msg__rosidl_typesupport_introspection_c__pyext.dir/DependInfo.cmake --color=\n'}
[1.523491] (crb_ros_msg) StdoutLine: {'line': b'Dependencies file "CMakeFiles/crb_ros_msg__rosidl_typesupport_introspection_c__pyext.dir/rosidl_generator_py/crb_ros_msg/_crb_ros_msg_s.ep.rosidl_typesupport_introspection_c.c.o.d" is newer than depends file "/workspace/action_data_offset_posture_ws/build_aarch64/crb_ros_msg/CMakeFiles/crb_ros_msg__rosidl_typesupport_introspection_c__pyext.dir/compiler_depend.internal".\n'}
[1.523949] (crb_ros_msg) StdoutLine: {'line': b'\x1b[35m\x1b[1mConsolidate compiler generated dependencies of target crb_ros_msg__rosidl_typesupport_introspection_c__pyext\x1b[0m\n'}
[1.526143] (crb_ros_msg) StdoutLine: {'line': b'Dependencies file "CMakeFiles/crb_ros_msg__rosidl_typesupport_fastrtps_c__pyext.dir/rosidl_generator_py/crb_ros_msg/_crb_ros_msg_s.ep.rosidl_typesupport_fastrtps_c.c.o.d" is newer than depends file "/workspace/action_data_offset_posture_ws/build_aarch64/crb_ros_msg/CMakeFiles/crb_ros_msg__rosidl_typesupport_fastrtps_c__pyext.dir/compiler_depend.internal".\n'}
[1.526534] (crb_ros_msg) StdoutLine: {'line': b'\x1b[35m\x1b[1mConsolidate compiler generated dependencies of target crb_ros_msg__rosidl_typesupport_fastrtps_c__pyext\x1b[0m\n'}
[1.527925] (crb_ros_msg) StdoutLine: {'line': b'Dependencies file "CMakeFiles/crb_ros_msg__rosidl_typesupport_c__pyext.dir/rosidl_generator_py/crb_ros_msg/_crb_ros_msg_s.ep.rosidl_typesupport_c.c.o.d" is newer than depends file "/workspace/action_data_offset_posture_ws/build_aarch64/crb_ros_msg/CMakeFiles/crb_ros_msg__rosidl_typesupport_c__pyext.dir/compiler_depend.internal".\n'}
[1.528341] (crb_ros_msg) StdoutLine: {'line': b"gmake[2]: Leaving directory '/workspace/action_data_offset_posture_ws/build_aarch64/crb_ros_msg'\n"}
[1.528505] (crb_ros_msg) StdoutLine: {'line': b'/usr/bin/gmake  -f CMakeFiles/crb_ros_msg__rosidl_typesupport_introspection_c__pyext.dir/build.make CMakeFiles/crb_ros_msg__rosidl_typesupport_introspection_c__pyext.dir/build\n'}
[1.528619] (crb_ros_msg) StdoutLine: {'line': b'\x1b[35m\x1b[1mConsolidate compiler generated dependencies of target crb_ros_msg__rosidl_typesupport_c__pyext\x1b[0m\n'}
[1.532345] (crb_ros_msg) StdoutLine: {'line': b"gmake[2]: Entering directory '/workspace/action_data_offset_posture_ws/build_aarch64/crb_ros_msg'\n"}
[1.532499] (crb_ros_msg) StdoutLine: {'line': b"gmake[2]: Nothing to be done for 'CMakeFiles/crb_ros_msg__rosidl_typesupport_introspection_c__pyext.dir/build'.\n"}
[1.532607] (crb_ros_msg) StdoutLine: {'line': b"gmake[2]: Leaving directory '/workspace/action_data_offset_posture_ws/build_aarch64/crb_ros_msg'\n"}
[1.533752] (crb_ros_msg) StdoutLine: {'line': b"gmake[2]: Leaving directory '/workspace/action_data_offset_posture_ws/build_aarch64/crb_ros_msg'\n"}
[1.533912] (crb_ros_msg) StdoutLine: {'line': b'/usr/bin/gmake  -f CMakeFiles/crb_ros_msg__rosidl_typesupport_c__pyext.dir/build.make CMakeFiles/crb_ros_msg__rosidl_typesupport_c__pyext.dir/build\n'}
[1.534126] (crb_ros_msg) StdoutLine: {'line': b"gmake[2]: Leaving directory '/workspace/action_data_offset_posture_ws/build_aarch64/crb_ros_msg'\n"}
[1.534309] (crb_ros_msg) StdoutLine: {'line': b'/usr/bin/gmake  -f CMakeFiles/crb_ros_msg__rosidl_typesupport_fastrtps_c__pyext.dir/build.make CMakeFiles/crb_ros_msg__rosidl_typesupport_fastrtps_c__pyext.dir/build\n'}
[1.537511] (crb_ros_msg) StdoutLine: {'line': b"gmake[2]: Entering directory '/workspace/action_data_offset_posture_ws/build_aarch64/crb_ros_msg'\n"}
[1.537627] (crb_ros_msg) StdoutLine: {'line': b"gmake[2]: Nothing to be done for 'CMakeFiles/crb_ros_msg__rosidl_typesupport_c__pyext.dir/build'.\n"}
[1.537706] (crb_ros_msg) StdoutLine: {'line': b"gmake[2]: Leaving directory '/workspace/action_data_offset_posture_ws/build_aarch64/crb_ros_msg'\n"}
[1.541030] (crb_ros_msg) StdoutLine: {'line': b"gmake[2]: Entering directory '/workspace/action_data_offset_posture_ws/build_aarch64/crb_ros_msg'\n"}
[1.541275] (crb_ros_msg) StdoutLine: {'line': b"gmake[2]: Nothing to be done for 'CMakeFiles/crb_ros_msg__rosidl_typesupport_fastrtps_c__pyext.dir/build'.\n"}
[1.541410] (crb_ros_msg) StdoutLine: {'line': b"gmake[2]: Leaving directory '/workspace/action_data_offset_posture_ws/build_aarch64/crb_ros_msg'\n"}
[1.543603] (crb_ros_msg) StdoutLine: {'line': b'[ 90%] Built target crb_ros_msg__rosidl_typesupport_introspection_c__pyext\n'}
[1.545436] (crb_ros_msg) StdoutLine: {'line': b'[ 95%] Built target crb_ros_msg__rosidl_typesupport_c__pyext\n'}
[1.553294] (crb_ros_msg) StdoutLine: {'line': b'[100%] Built target crb_ros_msg__rosidl_typesupport_fastrtps_c__pyext\n'}
[1.577967] (crb_ros_msg) StdoutLine: {'line': b'running egg_info\n'}
[1.578362] (crb_ros_msg) StdoutLine: {'line': b'writing crb_ros_msg.egg-info/PKG-INFO\n'}
[1.578581] (crb_ros_msg) StdoutLine: {'line': b'writing dependency_links to crb_ros_msg.egg-info/dependency_links.txt\n'}
[1.578728] (crb_ros_msg) StdoutLine: {'line': b'writing top-level names to crb_ros_msg.egg-info/top_level.txt\n'}
[1.580733] (crb_ros_msg) StdoutLine: {'line': b"reading manifest file 'crb_ros_msg.egg-info/SOURCES.txt'\n"}
[1.581258] (crb_ros_msg) StdoutLine: {'line': b"writing manifest file 'crb_ros_msg.egg-info/SOURCES.txt'\n"}
[1.592335] (crb_ros_msg) StdoutLine: {'line': b"gmake[2]: Leaving directory '/workspace/action_data_offset_posture_ws/build_aarch64/crb_ros_msg'\n"}
[1.601448] (-) TimerEvent: {}
[1.601791] (crb_ros_msg) StdoutLine: {'line': b'[100%] Built target ament_cmake_python_build_crb_ros_msg_egg\n'}
[1.602533] (crb_ros_msg) StdoutLine: {'line': b"gmake[1]: Leaving directory '/workspace/action_data_offset_posture_ws/build_aarch64/crb_ros_msg'\n"}
[1.602773] (crb_ros_msg) StdoutLine: {'line': b'/usr/bin/cmake -E cmake_progress_start /workspace/action_data_offset_posture_ws/build_aarch64/crb_ros_msg/CMakeFiles 0\n'}
[1.613151] (crb_ros_msg) CommandEnded: {'returncode': 0}
[1.613728] (crb_ros_msg) JobProgress: {'identifier': 'crb_ros_msg', 'progress': 'install'}
[1.621198] (crb_ros_msg) Command: {'cmd': ['/usr/bin/cmake', '--install', '/workspace/action_data_offset_posture_ws/build/crb_ros_msg'], 'cwd': '/workspace/action_data_offset_posture_ws/build/crb_ros_msg', 'env': OrderedDict([('PYTHON_SOABI', 'cpython-310-aarch64-linux-gnu'), ('ARCH', 'aarch64'), ('HOSTNAME', 'aarch64_2204_0515_1459_02'), ('SHLVL', '2'), ('LD_LIBRARY_PATH', '/opt/rootfs_2204_aarch64/opt/ros/humble/opt/rviz_ogre_vendor/lib:/opt/rootfs_2204_aarch64/opt/ros/humble/lib/aarch64-linux-gnu:/opt/rootfs_2204_aarch64/opt/ros/humble/lib'), ('HOME', '/home/casbot'), ('OLDPWD', '/workspace/action_data_offset_posture_ws'), ('ROS_PYTHON_VERSION', '3'), ('CROSS_FLAG', '-DCMAKE_CUSTOM_CROSS=ON -DCMAKE_TOOLCHAIN_FILE=/workspace/action_data_offset_posture_ws/docker_env/environment/cmake-toolchains/generic_aarch64.cmake'), ('project_environment_dir', '/workspace/action_data_offset_posture_ws/docker_env/environment'), ('ROS_DISTRO', 'humble'), ('is_ubuntu_20_04', 'false'), ('_', '/usr/local/bin/colcon'), ('ROS_VERSION', '2'), ('is_orin', 'false'), ('is_ubuntu_22_04', 'true'), ('TERM', 'xterm'), ('ROS_LOCALHOST_ONLY', '0'), ('QT_X11_NO_MITSHM', '1'), ('PATH', '/opt/rootfs_2204_aarch64/opt/ros/humble/bin:/usr/local/sbin:/usr/local/bin:/usr/sbin:/usr/bin:/sbin:/bin'), ('is_pc', 'true'), ('env_is_docker', '1'), ('DISPLAY', ':1'), ('LANG', 'en_US.UTF-8'), ('AMENT_PREFIX_PATH', '/opt/rootfs_2204_aarch64/opt/ros/humble'), ('env_docker_aarch64', '1'), ('PWD', '/workspace/action_data_offset_posture_ws/build_aarch64/crb_ros_msg'), ('env_docker_x86', '0'), ('PYTHONPATH', '/opt/rootfs_2204_aarch64/opt/ros/humble/lib/python3.10/site-packages:/opt/rootfs_2204_aarch64/opt/ros/humble/local/lib/python3.10/dist-packages'), ('SYSROOT', '/opt/rootfs_2204_aarch64/'), ('TARGET_ARCH', 'aarch64'), ('TZ', 'Asia/Shanghai'), ('project_install_dir', '/workspace/action_data_offset_posture_ws/install_aarch64'), ('COLCON', '1'), ('CMAKE_PREFIX_PATH', '/opt/rootfs_2204_aarch64/opt/ros/humble')]), 'shell': False}
[1.630424] (crb_ros_msg) StdoutLine: {'line': b'-- Install configuration: "Release"\n'}
[1.630612] (crb_ros_msg) StdoutLine: {'line': b'-- Up-to-date: /workspace/action_data_offset_posture_ws/install/share/ament_index/resource_index/rosidl_interfaces/crb_ros_msg\n'}
[1.630705] (crb_ros_msg) StdoutLine: {'line': b'-- Up-to-date: /workspace/action_data_offset_posture_ws/install/include/crb_ros_msg/crb_ros_msg\n'}
[1.630795] (crb_ros_msg) StdoutLine: {'line': b'-- Up-to-date: /workspace/action_data_offset_posture_ws/install/include/crb_ros_msg/crb_ros_msg/action\n'}
[1.630879] (crb_ros_msg) StdoutLine: {'line': b'-- Up-to-date: /workspace/action_data_offset_posture_ws/install/include/crb_ros_msg/crb_ros_msg/action/detail\n'}
[1.630933] (crb_ros_msg) StdoutLine: {'line': b'-- Up-to-date: /workspace/action_data_offset_posture_ws/install/include/crb_ros_msg/crb_ros_msg/action/detail/action_play__functions.c\n'}
[1.630980] (crb_ros_msg) StdoutLine: {'line': b'-- Up-to-date: /workspace/action_data_offset_posture_ws/install/include/crb_ros_msg/crb_ros_msg/action/detail/action_play__struct.h\n'}
[1.631042] (crb_ros_msg) StdoutLine: {'line': b'-- Up-to-date: /workspace/action_data_offset_posture_ws/install/include/crb_ros_msg/crb_ros_msg/action/detail/action_play__functions.h\n'}
[1.631095] (crb_ros_msg) StdoutLine: {'line': b'-- Up-to-date: /workspace/action_data_offset_posture_ws/install/include/crb_ros_msg/crb_ros_msg/action/detail/action_play__type_support.h\n'}
[1.631147] (crb_ros_msg) StdoutLine: {'line': b'-- Up-to-date: /workspace/action_data_offset_posture_ws/install/include/crb_ros_msg/crb_ros_msg/action/action_play.h\n'}
[1.631203] (crb_ros_msg) StdoutLine: {'line': b'-- Up-to-date: /workspace/action_data_offset_posture_ws/install/include/crb_ros_msg/crb_ros_msg/msg\n'}
[1.631259] (crb_ros_msg) StdoutLine: {'line': b'-- Up-to-date: /workspace/action_data_offset_posture_ws/install/include/crb_ros_msg/crb_ros_msg/msg/detail\n'}
[1.631299] (crb_ros_msg) StdoutLine: {'line': b'-- Up-to-date: /workspace/action_data_offset_posture_ws/install/include/crb_ros_msg/crb_ros_msg/msg/detail/upper_joint_data__functions.h\n'}
[1.631340] (crb_ros_msg) StdoutLine: {'line': b'-- Up-to-date: /workspace/action_data_offset_posture_ws/install/include/crb_ros_msg/crb_ros_msg/msg/detail/upper_joint_data__type_support.h\n'}
[1.631380] (crb_ros_msg) StdoutLine: {'line': b'-- Up-to-date: /workspace/action_data_offset_posture_ws/install/include/crb_ros_msg/crb_ros_msg/msg/detail/upper_joint_data__functions.c\n'}
[1.631428] (crb_ros_msg) StdoutLine: {'line': b'-- Up-to-date: /workspace/action_data_offset_posture_ws/install/include/crb_ros_msg/crb_ros_msg/msg/detail/upper_joint_data__struct.h\n'}
[1.631468] (crb_ros_msg) StdoutLine: {'line': b'-- Up-to-date: /workspace/action_data_offset_posture_ws/install/include/crb_ros_msg/crb_ros_msg/msg/rosidl_generator_c__visibility_control.h\n'}
[1.631508] (crb_ros_msg) StdoutLine: {'line': b'-- Up-to-date: /workspace/action_data_offset_posture_ws/install/include/crb_ros_msg/crb_ros_msg/msg/upper_joint_data.h\n'}
[1.631556] (crb_ros_msg) StdoutLine: {'line': b'-- Up-to-date: /workspace/action_data_offset_posture_ws/install/share/crb_ros_msg/environment/library_path.sh\n'}
[1.631597] (crb_ros_msg) StdoutLine: {'line': b'-- Installing: /workspace/action_data_offset_posture_ws/install/share/crb_ros_msg/environment/library_path.dsv\n'}
[1.632317] (crb_ros_msg) StdoutLine: {'line': b'-- Up-to-date: /workspace/action_data_offset_posture_ws/install/lib/libcrb_ros_msg__rosidl_generator_c.so\n'}
[1.632555] (crb_ros_msg) StdoutLine: {'line': b'-- Up-to-date: /workspace/action_data_offset_posture_ws/install/include/crb_ros_msg/crb_ros_msg\n'}
[1.632629] (crb_ros_msg) StdoutLine: {'line': b'-- Up-to-date: /workspace/action_data_offset_posture_ws/install/include/crb_ros_msg/crb_ros_msg/action\n'}
[1.632697] (crb_ros_msg) StdoutLine: {'line': b'-- Up-to-date: /workspace/action_data_offset_posture_ws/install/include/crb_ros_msg/crb_ros_msg/action/detail\n'}
[1.632777] (crb_ros_msg) StdoutLine: {'line': b'-- Up-to-date: /workspace/action_data_offset_posture_ws/install/include/crb_ros_msg/crb_ros_msg/action/detail/action_play__rosidl_typesupport_fastrtps_c.h\n'}
[1.632827] (crb_ros_msg) StdoutLine: {'line': b'-- Up-to-date: /workspace/action_data_offset_posture_ws/install/include/crb_ros_msg/crb_ros_msg/msg\n'}
[1.632868] (crb_ros_msg) StdoutLine: {'line': b'-- Up-to-date: /workspace/action_data_offset_posture_ws/install/include/crb_ros_msg/crb_ros_msg/msg/rosidl_typesupport_fastrtps_c__visibility_control.h\n'}
[1.632908] (crb_ros_msg) StdoutLine: {'line': b'-- Up-to-date: /workspace/action_data_offset_posture_ws/install/include/crb_ros_msg/crb_ros_msg/msg/detail\n'}
[1.632954] (crb_ros_msg) StdoutLine: {'line': b'-- Up-to-date: /workspace/action_data_offset_posture_ws/install/include/crb_ros_msg/crb_ros_msg/msg/detail/upper_joint_data__rosidl_typesupport_fastrtps_c.h\n'}
[1.633276] (crb_ros_msg) StdoutLine: {'line': b'-- Up-to-date: /workspace/action_data_offset_posture_ws/install/lib/libcrb_ros_msg__rosidl_typesupport_fastrtps_c.so\n'}
[1.633543] (crb_ros_msg) StdoutLine: {'line': b'-- Up-to-date: /workspace/action_data_offset_posture_ws/install/include/crb_ros_msg/crb_ros_msg\n'}
[1.633612] (crb_ros_msg) StdoutLine: {'line': b'-- Up-to-date: /workspace/action_data_offset_posture_ws/install/include/crb_ros_msg/crb_ros_msg/action\n'}
[1.633653] (crb_ros_msg) StdoutLine: {'line': b'-- Up-to-date: /workspace/action_data_offset_posture_ws/install/include/crb_ros_msg/crb_ros_msg/action/detail\n'}
[1.633715] (crb_ros_msg) StdoutLine: {'line': b'-- Up-to-date: /workspace/action_data_offset_posture_ws/install/include/crb_ros_msg/crb_ros_msg/action/detail/action_play__type_support.c\n'}
[1.633790] (crb_ros_msg) StdoutLine: {'line': b'-- Up-to-date: /workspace/action_data_offset_posture_ws/install/include/crb_ros_msg/crb_ros_msg/action/detail/action_play__rosidl_typesupport_introspection_c.h\n'}
[1.633832] (crb_ros_msg) StdoutLine: {'line': b'-- Up-to-date: /workspace/action_data_offset_posture_ws/install/include/crb_ros_msg/crb_ros_msg/msg\n'}
[1.633888] (crb_ros_msg) StdoutLine: {'line': b'-- Up-to-date: /workspace/action_data_offset_posture_ws/install/include/crb_ros_msg/crb_ros_msg/msg/detail\n'}
[1.633931] (crb_ros_msg) StdoutLine: {'line': b'-- Up-to-date: /workspace/action_data_offset_posture_ws/install/include/crb_ros_msg/crb_ros_msg/msg/detail/upper_joint_data__rosidl_typesupport_introspection_c.h\n'}
[1.634002] (crb_ros_msg) StdoutLine: {'line': b'-- Up-to-date: /workspace/action_data_offset_posture_ws/install/include/crb_ros_msg/crb_ros_msg/msg/detail/upper_joint_data__type_support.c\n'}
[1.634044] (crb_ros_msg) StdoutLine: {'line': b'-- Up-to-date: /workspace/action_data_offset_posture_ws/install/include/crb_ros_msg/crb_ros_msg/msg/rosidl_typesupport_introspection_c__visibility_control.h\n'}
[1.634435] (crb_ros_msg) StdoutLine: {'line': b'-- Up-to-date: /workspace/action_data_offset_posture_ws/install/lib/libcrb_ros_msg__rosidl_typesupport_introspection_c.so\n'}
[1.635074] (crb_ros_msg) StdoutLine: {'line': b'-- Up-to-date: /workspace/action_data_offset_posture_ws/install/lib/libcrb_ros_msg__rosidl_typesupport_c.so\n'}
[1.635206] (crb_ros_msg) StdoutLine: {'line': b'-- Up-to-date: /workspace/action_data_offset_posture_ws/install/include/crb_ros_msg/crb_ros_msg\n'}
[1.635274] (crb_ros_msg) StdoutLine: {'line': b'-- Up-to-date: /workspace/action_data_offset_posture_ws/install/include/crb_ros_msg/crb_ros_msg/action\n'}
[1.635398] (crb_ros_msg) StdoutLine: {'line': b'-- Up-to-date: /workspace/action_data_offset_posture_ws/install/include/crb_ros_msg/crb_ros_msg/action/detail\n'}
[1.635597] (crb_ros_msg) StdoutLine: {'line': b'-- Up-to-date: /workspace/action_data_offset_posture_ws/install/include/crb_ros_msg/crb_ros_msg/action/detail/action_play__traits.hpp\n'}
[1.635776] (crb_ros_msg) StdoutLine: {'line': b'-- Up-to-date: /workspace/action_data_offset_posture_ws/install/include/crb_ros_msg/crb_ros_msg/action/detail/action_play__type_support.hpp\n'}
[1.635967] (crb_ros_msg) StdoutLine: {'line': b'-- Up-to-date: /workspace/action_data_offset_posture_ws/install/include/crb_ros_msg/crb_ros_msg/action/detail/action_play__builder.hpp\n'}
[1.636115] (crb_ros_msg) StdoutLine: {'line': b'-- Up-to-date: /workspace/action_data_offset_posture_ws/install/include/crb_ros_msg/crb_ros_msg/action/detail/action_play__struct.hpp\n'}
[1.636223] (crb_ros_msg) StdoutLine: {'line': b'-- Up-to-date: /workspace/action_data_offset_posture_ws/install/include/crb_ros_msg/crb_ros_msg/action/action_play.hpp\n'}
[1.636327] (crb_ros_msg) StdoutLine: {'line': b'-- Up-to-date: /workspace/action_data_offset_posture_ws/install/include/crb_ros_msg/crb_ros_msg/msg\n'}
[1.636438] (crb_ros_msg) StdoutLine: {'line': b'-- Up-to-date: /workspace/action_data_offset_posture_ws/install/include/crb_ros_msg/crb_ros_msg/msg/detail\n'}
[1.636547] (crb_ros_msg) StdoutLine: {'line': b'-- Up-to-date: /workspace/action_data_offset_posture_ws/install/include/crb_ros_msg/crb_ros_msg/msg/detail/upper_joint_data__traits.hpp\n'}
[1.636673] (crb_ros_msg) StdoutLine: {'line': b'-- Up-to-date: /workspace/action_data_offset_posture_ws/install/include/crb_ros_msg/crb_ros_msg/msg/detail/upper_joint_data__type_support.hpp\n'}
[1.636776] (crb_ros_msg) StdoutLine: {'line': b'-- Up-to-date: /workspace/action_data_offset_posture_ws/install/include/crb_ros_msg/crb_ros_msg/msg/detail/upper_joint_data__struct.hpp\n'}
[1.636918] (crb_ros_msg) StdoutLine: {'line': b'-- Up-to-date: /workspace/action_data_offset_posture_ws/install/include/crb_ros_msg/crb_ros_msg/msg/detail/upper_joint_data__builder.hpp\n'}
[1.637025] (crb_ros_msg) StdoutLine: {'line': b'-- Up-to-date: /workspace/action_data_offset_posture_ws/install/include/crb_ros_msg/crb_ros_msg/msg/rosidl_generator_cpp__visibility_control.hpp\n'}
[1.637117] (crb_ros_msg) StdoutLine: {'line': b'-- Up-to-date: /workspace/action_data_offset_posture_ws/install/include/crb_ros_msg/crb_ros_msg/msg/upper_joint_data.hpp\n'}
[1.637177] (crb_ros_msg) StdoutLine: {'line': b'-- Up-to-date: /workspace/action_data_offset_posture_ws/install/include/crb_ros_msg/crb_ros_msg\n'}
[1.637234] (crb_ros_msg) StdoutLine: {'line': b'-- Up-to-date: /workspace/action_data_offset_posture_ws/install/include/crb_ros_msg/crb_ros_msg/action\n'}
[1.637282] (crb_ros_msg) StdoutLine: {'line': b'-- Up-to-date: /workspace/action_data_offset_posture_ws/install/include/crb_ros_msg/crb_ros_msg/action/detail\n'}
[1.637329] (crb_ros_msg) StdoutLine: {'line': b'-- Up-to-date: /workspace/action_data_offset_posture_ws/install/include/crb_ros_msg/crb_ros_msg/action/detail/action_play__rosidl_typesupport_fastrtps_cpp.hpp\n'}
[1.637375] (crb_ros_msg) StdoutLine: {'line': b'-- Up-to-date: /workspace/action_data_offset_posture_ws/install/include/crb_ros_msg/crb_ros_msg/action/detail/dds_fastrtps\n'}
[1.637441] (crb_ros_msg) StdoutLine: {'line': b'-- Up-to-date: /workspace/action_data_offset_posture_ws/install/include/crb_ros_msg/crb_ros_msg/msg\n'}
[1.637496] (crb_ros_msg) StdoutLine: {'line': b'-- Up-to-date: /workspace/action_data_offset_posture_ws/install/include/crb_ros_msg/crb_ros_msg/msg/detail\n'}
[1.637556] (crb_ros_msg) StdoutLine: {'line': b'-- Up-to-date: /workspace/action_data_offset_posture_ws/install/include/crb_ros_msg/crb_ros_msg/msg/detail/upper_joint_data__rosidl_typesupport_fastrtps_cpp.hpp\n'}
[1.637696] (crb_ros_msg) StdoutLine: {'line': b'-- Up-to-date: /workspace/action_data_offset_posture_ws/install/include/crb_ros_msg/crb_ros_msg/msg/detail/dds_fastrtps\n'}
[1.637764] (crb_ros_msg) StdoutLine: {'line': b'-- Up-to-date: /workspace/action_data_offset_posture_ws/install/include/crb_ros_msg/crb_ros_msg/msg/rosidl_typesupport_fastrtps_cpp__visibility_control.h\n'}
[1.637841] (crb_ros_msg) StdoutLine: {'line': b'-- Up-to-date: /workspace/action_data_offset_posture_ws/install/lib/libcrb_ros_msg__rosidl_typesupport_fastrtps_cpp.so\n'}
[1.637892] (crb_ros_msg) StdoutLine: {'line': b'-- Up-to-date: /workspace/action_data_offset_posture_ws/install/include/crb_ros_msg/crb_ros_msg\n'}
[1.637942] (crb_ros_msg) StdoutLine: {'line': b'-- Up-to-date: /workspace/action_data_offset_posture_ws/install/include/crb_ros_msg/crb_ros_msg/action\n'}
[1.637991] (crb_ros_msg) StdoutLine: {'line': b'-- Up-to-date: /workspace/action_data_offset_posture_ws/install/include/crb_ros_msg/crb_ros_msg/action/detail\n'}
[1.638040] (crb_ros_msg) StdoutLine: {'line': b'-- Up-to-date: /workspace/action_data_offset_posture_ws/install/include/crb_ros_msg/crb_ros_msg/action/detail/action_play__rosidl_typesupport_introspection_cpp.hpp\n'}
[1.638089] (crb_ros_msg) StdoutLine: {'line': b'-- Up-to-date: /workspace/action_data_offset_posture_ws/install/include/crb_ros_msg/crb_ros_msg/action/detail/action_play__type_support.cpp\n'}
[1.638136] (crb_ros_msg) StdoutLine: {'line': b'-- Up-to-date: /workspace/action_data_offset_posture_ws/install/include/crb_ros_msg/crb_ros_msg/msg\n'}
[1.638177] (crb_ros_msg) StdoutLine: {'line': b'-- Up-to-date: /workspace/action_data_offset_posture_ws/install/include/crb_ros_msg/crb_ros_msg/msg/detail\n'}
[1.638216] (crb_ros_msg) StdoutLine: {'line': b'-- Up-to-date: /workspace/action_data_offset_posture_ws/install/include/crb_ros_msg/crb_ros_msg/msg/detail/upper_joint_data__rosidl_typesupport_introspection_cpp.hpp\n'}
[1.638256] (crb_ros_msg) StdoutLine: {'line': b'-- Up-to-date: /workspace/action_data_offset_posture_ws/install/include/crb_ros_msg/crb_ros_msg/msg/detail/upper_joint_data__type_support.cpp\n'}
[1.638298] (crb_ros_msg) StdoutLine: {'line': b'-- Up-to-date: /workspace/action_data_offset_posture_ws/install/lib/libcrb_ros_msg__rosidl_typesupport_introspection_cpp.so\n'}
[1.638461] (crb_ros_msg) StdoutLine: {'line': b'-- Up-to-date: /workspace/action_data_offset_posture_ws/install/lib/libcrb_ros_msg__rosidl_typesupport_cpp.so\n'}
[1.638707] (crb_ros_msg) StdoutLine: {'line': b'-- Up-to-date: /workspace/action_data_offset_posture_ws/install/share/crb_ros_msg/environment/pythonpath.sh\n'}
[1.638773] (crb_ros_msg) StdoutLine: {'line': b'-- Installing: /workspace/action_data_offset_posture_ws/install/share/crb_ros_msg/environment/pythonpath.dsv\n'}
[1.638944] (crb_ros_msg) StdoutLine: {'line': b'-- Up-to-date: /workspace/action_data_offset_posture_ws/install/local/lib/python3.10/dist-packages/crb_ros_msg-0.1.0-py3.10.egg-info\n'}
[1.639007] (crb_ros_msg) StdoutLine: {'line': b'-- Installing: /workspace/action_data_offset_posture_ws/install/local/lib/python3.10/dist-packages/crb_ros_msg-0.1.0-py3.10.egg-info/PKG-INFO\n'}
[1.639151] (crb_ros_msg) StdoutLine: {'line': b'-- Installing: /workspace/action_data_offset_posture_ws/install/local/lib/python3.10/dist-packages/crb_ros_msg-0.1.0-py3.10.egg-info/dependency_links.txt\n'}
[1.639282] (crb_ros_msg) StdoutLine: {'line': b'-- Installing: /workspace/action_data_offset_posture_ws/install/local/lib/python3.10/dist-packages/crb_ros_msg-0.1.0-py3.10.egg-info/SOURCES.txt\n'}
[1.639432] (crb_ros_msg) StdoutLine: {'line': b'-- Installing: /workspace/action_data_offset_posture_ws/install/local/lib/python3.10/dist-packages/crb_ros_msg-0.1.0-py3.10.egg-info/top_level.txt\n'}
[1.639566] (crb_ros_msg) StdoutLine: {'line': b'-- Up-to-date: /workspace/action_data_offset_posture_ws/install/local/lib/python3.10/dist-packages/crb_ros_msg\n'}
[1.639703] (crb_ros_msg) StdoutLine: {'line': b'-- Up-to-date: /workspace/action_data_offset_posture_ws/install/local/lib/python3.10/dist-packages/crb_ros_msg/libcrb_ros_msg__rosidl_generator_py.so\n'}
[1.639767] (crb_ros_msg) StdoutLine: {'line': b'-- Installing: /workspace/action_data_offset_posture_ws/install/local/lib/python3.10/dist-packages/crb_ros_msg/crb_ros_msg_s__rosidl_typesupport_introspection_c.cpython-310-x86_64-linux-gnu.so\n'}
[1.639989] (crb_ros_msg) StdoutLine: {'line': b'-- Up-to-date: /workspace/action_data_offset_posture_ws/install/local/lib/python3.10/dist-packages/crb_ros_msg/_crb_ros_msg_s.ep.rosidl_typesupport_fastrtps_c.c\n'}
[1.640072] (crb_ros_msg) StdoutLine: {'line': b'-- Up-to-date: /workspace/action_data_offset_posture_ws/install/local/lib/python3.10/dist-packages/crb_ros_msg/_crb_ros_msg_s.ep.rosidl_typesupport_c.c\n'}
[1.640130] (crb_ros_msg) StdoutLine: {'line': b'-- Up-to-date: /workspace/action_data_offset_posture_ws/install/local/lib/python3.10/dist-packages/crb_ros_msg/action\n'}
[1.640210] (crb_ros_msg) StdoutLine: {'line': b'-- Up-to-date: /workspace/action_data_offset_posture_ws/install/local/lib/python3.10/dist-packages/crb_ros_msg/action/_action_play.py\n'}
[1.640274] (crb_ros_msg) StdoutLine: {'line': b'-- Up-to-date: /workspace/action_data_offset_posture_ws/install/local/lib/python3.10/dist-packages/crb_ros_msg/action/__init__.py\n'}
[1.640336] (crb_ros_msg) StdoutLine: {'line': b'-- Up-to-date: /workspace/action_data_offset_posture_ws/install/local/lib/python3.10/dist-packages/crb_ros_msg/action/_action_play_s.c\n'}
[1.640402] (crb_ros_msg) StdoutLine: {'line': b'-- Installing: /workspace/action_data_offset_posture_ws/install/local/lib/python3.10/dist-packages/crb_ros_msg/__init__.py\n'}
[1.640463] (crb_ros_msg) StdoutLine: {'line': b'-- Up-to-date: /workspace/action_data_offset_posture_ws/install/local/lib/python3.10/dist-packages/crb_ros_msg/msg\n'}
[1.640508] (crb_ros_msg) StdoutLine: {'line': b'-- Up-to-date: /workspace/action_data_offset_posture_ws/install/local/lib/python3.10/dist-packages/crb_ros_msg/msg/_upper_joint_data.py\n'}
[1.640581] (crb_ros_msg) StdoutLine: {'line': b'-- Up-to-date: /workspace/action_data_offset_posture_ws/install/local/lib/python3.10/dist-packages/crb_ros_msg/msg/_upper_joint_data_s.c\n'}
[1.640641] (crb_ros_msg) StdoutLine: {'line': b'-- Up-to-date: /workspace/action_data_offset_posture_ws/install/local/lib/python3.10/dist-packages/crb_ros_msg/msg/__init__.py\n'}
[1.640688] (crb_ros_msg) StdoutLine: {'line': b'-- Installing: /workspace/action_data_offset_posture_ws/install/local/lib/python3.10/dist-packages/crb_ros_msg/crb_ros_msg_s__rosidl_typesupport_fastrtps_c.cpython-310-x86_64-linux-gnu.so\n'}
[1.640795] (crb_ros_msg) StdoutLine: {'line': b'-- Installing: /workspace/action_data_offset_posture_ws/install/local/lib/python3.10/dist-packages/crb_ros_msg/crb_ros_msg_s__rosidl_typesupport_c.cpython-310-x86_64-linux-gnu.so\n'}
[1.641032] (crb_ros_msg) StdoutLine: {'line': b'-- Up-to-date: /workspace/action_data_offset_posture_ws/install/local/lib/python3.10/dist-packages/crb_ros_msg/_crb_ros_msg_s.ep.rosidl_typesupport_introspection_c.c\n'}
[1.668114] (crb_ros_msg) StdoutLine: {'line': b"Listing '/workspace/action_data_offset_posture_ws/install/local/lib/python3.10/dist-packages/crb_ros_msg'...\n"}
[1.668260] (crb_ros_msg) StdoutLine: {'line': b"Compiling '/workspace/action_data_offset_posture_ws/install/local/lib/python3.10/dist-packages/crb_ros_msg/__init__.py'...\n"}
[1.668341] (crb_ros_msg) StdoutLine: {'line': b"Listing '/workspace/action_data_offset_posture_ws/install/local/lib/python3.10/dist-packages/crb_ros_msg/action'...\n"}
[1.668559] (crb_ros_msg) StdoutLine: {'line': b"Listing '/workspace/action_data_offset_posture_ws/install/local/lib/python3.10/dist-packages/crb_ros_msg/msg'...\n"}
[1.671522] (crb_ros_msg) StdoutLine: {'line': b'-- Installing: /workspace/action_data_offset_posture_ws/install/local/lib/python3.10/dist-packages/crb_ros_msg/crb_ros_msg_s__rosidl_typesupport_fastrtps_c.cpython-310-x86_64-linux-gnu.so\n'}
[1.672226] (crb_ros_msg) StdoutLine: {'line': b'-- Set runtime path of "/workspace/action_data_offset_posture_ws/install/local/lib/python3.10/dist-packages/crb_ros_msg/crb_ros_msg_s__rosidl_typesupport_fastrtps_c.cpython-310-x86_64-linux-gnu.so" to ""\n'}
[1.672419] (crb_ros_msg) StdoutLine: {'line': b'-- Installing: /workspace/action_data_offset_posture_ws/install/local/lib/python3.10/dist-packages/crb_ros_msg/crb_ros_msg_s__rosidl_typesupport_introspection_c.cpython-310-x86_64-linux-gnu.so\n'}
[1.673087] (crb_ros_msg) StdoutLine: {'line': b'-- Set runtime path of "/workspace/action_data_offset_posture_ws/install/local/lib/python3.10/dist-packages/crb_ros_msg/crb_ros_msg_s__rosidl_typesupport_introspection_c.cpython-310-x86_64-linux-gnu.so" to ""\n'}
[1.673258] (crb_ros_msg) StdoutLine: {'line': b'-- Installing: /workspace/action_data_offset_posture_ws/install/local/lib/python3.10/dist-packages/crb_ros_msg/crb_ros_msg_s__rosidl_typesupport_c.cpython-310-x86_64-linux-gnu.so\n'}
[1.673868] (crb_ros_msg) StdoutLine: {'line': b'-- Set runtime path of "/workspace/action_data_offset_posture_ws/install/local/lib/python3.10/dist-packages/crb_ros_msg/crb_ros_msg_s__rosidl_typesupport_c.cpython-310-x86_64-linux-gnu.so" to ""\n'}
[1.674247] (crb_ros_msg) StdoutLine: {'line': b'-- Up-to-date: /workspace/action_data_offset_posture_ws/install/lib/libcrb_ros_msg__rosidl_generator_py.so\n'}
[1.674505] (crb_ros_msg) StdoutLine: {'line': b'-- Up-to-date: /workspace/action_data_offset_posture_ws/install/share/ament_index/resource_index/rust_packages/crb_ros_msg\n'}
[1.674626] (crb_ros_msg) StdoutLine: {'line': b'-- Up-to-date: /workspace/action_data_offset_posture_ws/install/share/crb_ros_msg/rust\n'}
[1.674746] (crb_ros_msg) StdoutLine: {'line': b'-- Up-to-date: /workspace/action_data_offset_posture_ws/install/share/crb_ros_msg/rust/src\n'}
[1.674851] (crb_ros_msg) StdoutLine: {'line': b'-- Up-to-date: /workspace/action_data_offset_posture_ws/install/share/crb_ros_msg/rust/src/action.rs\n'}
[1.674960] (crb_ros_msg) StdoutLine: {'line': b'-- Up-to-date: /workspace/action_data_offset_posture_ws/install/share/crb_ros_msg/rust/src/lib.rs\n'}
[1.675086] (crb_ros_msg) StdoutLine: {'line': b'-- Up-to-date: /workspace/action_data_offset_posture_ws/install/share/crb_ros_msg/rust/src/action\n'}
[1.675189] (crb_ros_msg) StdoutLine: {'line': b'-- Up-to-date: /workspace/action_data_offset_posture_ws/install/share/crb_ros_msg/rust/src/action/rmw.rs\n'}
[1.675301] (crb_ros_msg) StdoutLine: {'line': b'-- Up-to-date: /workspace/action_data_offset_posture_ws/install/share/crb_ros_msg/rust/src/msg.rs\n'}
[1.675414] (crb_ros_msg) StdoutLine: {'line': b'-- Up-to-date: /workspace/action_data_offset_posture_ws/install/share/crb_ros_msg/rust/src/msg\n'}
[1.675517] (crb_ros_msg) StdoutLine: {'line': b'-- Up-to-date: /workspace/action_data_offset_posture_ws/install/share/crb_ros_msg/rust/src/msg/rmw.rs\n'}
[1.675625] (crb_ros_msg) StdoutLine: {'line': b'-- Up-to-date: /workspace/action_data_offset_posture_ws/install/share/crb_ros_msg/rust/build.rs\n'}
[1.675728] (crb_ros_msg) StdoutLine: {'line': b'-- Up-to-date: /workspace/action_data_offset_posture_ws/install/share/crb_ros_msg/rust/Cargo.toml\n'}
[1.675826] (crb_ros_msg) StdoutLine: {'line': b'-- Up-to-date: /workspace/action_data_offset_posture_ws/install/share/crb_ros_msg/msg/UpperJointData.idl\n'}
[1.675928] (crb_ros_msg) StdoutLine: {'line': b'-- Up-to-date: /workspace/action_data_offset_posture_ws/install/share/crb_ros_msg/action/ActionPlay.idl\n'}
[1.676035] (crb_ros_msg) StdoutLine: {'line': b'-- Up-to-date: /workspace/action_data_offset_posture_ws/install/share/crb_ros_msg/msg/UpperJointData.msg\n'}
[1.676132] (crb_ros_msg) StdoutLine: {'line': b'-- Up-to-date: /workspace/action_data_offset_posture_ws/install/share/crb_ros_msg/action/ActionPlay.action\n'}
[1.676228] (crb_ros_msg) StdoutLine: {'line': b'-- Up-to-date: /workspace/action_data_offset_posture_ws/install/share/ament_index/resource_index/package_run_dependencies/crb_ros_msg\n'}
[1.676335] (crb_ros_msg) StdoutLine: {'line': b'-- Installing: /workspace/action_data_offset_posture_ws/install/share/ament_index/resource_index/parent_prefix_path/crb_ros_msg\n'}
[1.676444] (crb_ros_msg) StdoutLine: {'line': b'-- Up-to-date: /workspace/action_data_offset_posture_ws/install/share/crb_ros_msg/environment/ament_prefix_path.sh\n'}
[1.676667] (crb_ros_msg) StdoutLine: {'line': b'-- Installing: /workspace/action_data_offset_posture_ws/install/share/crb_ros_msg/environment/ament_prefix_path.dsv\n'}
[1.676809] (crb_ros_msg) StdoutLine: {'line': b'-- Up-to-date: /workspace/action_data_offset_posture_ws/install/share/crb_ros_msg/environment/path.sh\n'}
[1.676939] (crb_ros_msg) StdoutLine: {'line': b'-- Installing: /workspace/action_data_offset_posture_ws/install/share/crb_ros_msg/environment/path.dsv\n'}
[1.677053] (crb_ros_msg) StdoutLine: {'line': b'-- Up-to-date: /workspace/action_data_offset_posture_ws/install/share/crb_ros_msg/local_setup.bash\n'}
[1.677180] (crb_ros_msg) StdoutLine: {'line': b'-- Up-to-date: /workspace/action_data_offset_posture_ws/install/share/crb_ros_msg/local_setup.sh\n'}
[1.677302] (crb_ros_msg) StdoutLine: {'line': b'-- Up-to-date: /workspace/action_data_offset_posture_ws/install/share/crb_ros_msg/local_setup.zsh\n'}
[1.677419] (crb_ros_msg) StdoutLine: {'line': b'-- Installing: /workspace/action_data_offset_posture_ws/install/share/crb_ros_msg/local_setup.dsv\n'}
[1.677555] (crb_ros_msg) StdoutLine: {'line': b'-- Installing: /workspace/action_data_offset_posture_ws/install/share/crb_ros_msg/package.dsv\n'}
[1.677687] (crb_ros_msg) StdoutLine: {'line': b'-- Up-to-date: /workspace/action_data_offset_posture_ws/install/share/ament_index/resource_index/packages/crb_ros_msg\n'}
[1.677820] (crb_ros_msg) StdoutLine: {'line': b'-- Up-to-date: /workspace/action_data_offset_posture_ws/install/share/crb_ros_msg/cmake/export_crb_ros_msg__rosidl_generator_cExport.cmake\n'}
[1.677951] (crb_ros_msg) StdoutLine: {'line': b'-- Up-to-date: /workspace/action_data_offset_posture_ws/install/share/crb_ros_msg/cmake/export_crb_ros_msg__rosidl_generator_cExport-release.cmake\n'}
[1.678086] (crb_ros_msg) StdoutLine: {'line': b'-- Up-to-date: /workspace/action_data_offset_posture_ws/install/share/crb_ros_msg/cmake/export_crb_ros_msg__rosidl_typesupport_fastrtps_cExport.cmake\n'}
[1.678184] (crb_ros_msg) StdoutLine: {'line': b'-- Up-to-date: /workspace/action_data_offset_posture_ws/install/share/crb_ros_msg/cmake/export_crb_ros_msg__rosidl_typesupport_fastrtps_cExport-release.cmake\n'}
[1.678281] (crb_ros_msg) StdoutLine: {'line': b'-- Up-to-date: /workspace/action_data_offset_posture_ws/install/share/crb_ros_msg/cmake/crb_ros_msg__rosidl_typesupport_introspection_cExport.cmake\n'}
[1.678378] (crb_ros_msg) StdoutLine: {'line': b'-- Up-to-date: /workspace/action_data_offset_posture_ws/install/share/crb_ros_msg/cmake/crb_ros_msg__rosidl_typesupport_introspection_cExport-release.cmake\n'}
[1.678496] (crb_ros_msg) StdoutLine: {'line': b'-- Up-to-date: /workspace/action_data_offset_posture_ws/install/share/crb_ros_msg/cmake/crb_ros_msg__rosidl_typesupport_cExport.cmake\n'}
[1.678594] (crb_ros_msg) StdoutLine: {'line': b'-- Up-to-date: /workspace/action_data_offset_posture_ws/install/share/crb_ros_msg/cmake/crb_ros_msg__rosidl_typesupport_cExport-release.cmake\n'}
[1.678690] (crb_ros_msg) StdoutLine: {'line': b'-- Up-to-date: /workspace/action_data_offset_posture_ws/install/share/crb_ros_msg/cmake/export_crb_ros_msg__rosidl_generator_cppExport.cmake\n'}
[1.678788] (crb_ros_msg) StdoutLine: {'line': b'-- Up-to-date: /workspace/action_data_offset_posture_ws/install/share/crb_ros_msg/cmake/export_crb_ros_msg__rosidl_typesupport_fastrtps_cppExport.cmake\n'}
[1.678882] (crb_ros_msg) StdoutLine: {'line': b'-- Up-to-date: /workspace/action_data_offset_posture_ws/install/share/crb_ros_msg/cmake/export_crb_ros_msg__rosidl_typesupport_fastrtps_cppExport-release.cmake\n'}
[1.678976] (crb_ros_msg) StdoutLine: {'line': b'-- Up-to-date: /workspace/action_data_offset_posture_ws/install/share/crb_ros_msg/cmake/crb_ros_msg__rosidl_typesupport_introspection_cppExport.cmake\n'}
[1.679074] (crb_ros_msg) StdoutLine: {'line': b'-- Up-to-date: /workspace/action_data_offset_posture_ws/install/share/crb_ros_msg/cmake/crb_ros_msg__rosidl_typesupport_introspection_cppExport-release.cmake\n'}
[1.679177] (crb_ros_msg) StdoutLine: {'line': b'-- Up-to-date: /workspace/action_data_offset_posture_ws/install/share/crb_ros_msg/cmake/crb_ros_msg__rosidl_typesupport_cppExport.cmake\n'}
[1.679270] (crb_ros_msg) StdoutLine: {'line': b'-- Up-to-date: /workspace/action_data_offset_posture_ws/install/share/crb_ros_msg/cmake/crb_ros_msg__rosidl_typesupport_cppExport-release.cmake\n'}
[1.679467] (crb_ros_msg) StdoutLine: {'line': b'-- Up-to-date: /workspace/action_data_offset_posture_ws/install/share/crb_ros_msg/cmake/export_crb_ros_msg__rosidl_generator_pyExport.cmake\n'}
[1.680048] (crb_ros_msg) StdoutLine: {'line': b'-- Up-to-date: /workspace/action_data_offset_posture_ws/install/share/crb_ros_msg/cmake/export_crb_ros_msg__rosidl_generator_pyExport-release.cmake\n'}
[1.680775] (crb_ros_msg) StdoutLine: {'line': b'-- Up-to-date: /workspace/action_data_offset_posture_ws/install/share/crb_ros_msg/cmake/rosidl_cmake-extras.cmake\n'}
[1.680893] (crb_ros_msg) StdoutLine: {'line': b'-- Up-to-date: /workspace/action_data_offset_posture_ws/install/share/crb_ros_msg/cmake/ament_cmake_export_dependencies-extras.cmake\n'}
[1.681040] (crb_ros_msg) StdoutLine: {'line': b'-- Up-to-date: /workspace/action_data_offset_posture_ws/install/share/crb_ros_msg/cmake/ament_cmake_export_include_directories-extras.cmake\n'}
[1.681208] (crb_ros_msg) StdoutLine: {'line': b'-- Up-to-date: /workspace/action_data_offset_posture_ws/install/share/crb_ros_msg/cmake/ament_cmake_export_libraries-extras.cmake\n'}
[1.681428] (crb_ros_msg) StdoutLine: {'line': b'-- Up-to-date: /workspace/action_data_offset_posture_ws/install/share/crb_ros_msg/cmake/ament_cmake_export_targets-extras.cmake\n'}
[1.681543] (crb_ros_msg) StdoutLine: {'line': b'-- Up-to-date: /workspace/action_data_offset_posture_ws/install/share/crb_ros_msg/cmake/rosidl_cmake_export_typesupport_targets-extras.cmake\n'}
[1.681689] (crb_ros_msg) StdoutLine: {'line': b'-- Up-to-date: /workspace/action_data_offset_posture_ws/install/share/crb_ros_msg/cmake/rosidl_cmake_export_typesupport_libraries-extras.cmake\n'}
[1.681882] (crb_ros_msg) StdoutLine: {'line': b'-- Up-to-date: /workspace/action_data_offset_posture_ws/install/share/crb_ros_msg/cmake/crb_ros_msgConfig.cmake\n'}
[1.682044] (crb_ros_msg) StdoutLine: {'line': b'-- Up-to-date: /workspace/action_data_offset_posture_ws/install/share/crb_ros_msg/cmake/crb_ros_msgConfig-version.cmake\n'}
[1.682171] (crb_ros_msg) StdoutLine: {'line': b'-- Up-to-date: /workspace/action_data_offset_posture_ws/install/share/crb_ros_msg/package.xml\n'}
[1.682297] (crb_ros_msg) CommandEnded: {'returncode': 0}
[1.700863] (crb_ros_msg) JobEnded: {'identifier': 'crb_ros_msg', 'rc': 0}
[1.701693] (-) TimerEvent: {}
[1.701883] (casbot_arm_calibration_web) JobStarted: {'identifier': 'casbot_arm_calibration_web'}
[1.801832] (-) TimerEvent: {}
[1.902100] (-) TimerEvent: {}
[2.002406] (-) TimerEvent: {}
[2.066576] (casbot_arm_calibration_web) Command: {'cmd': ['/usr/bin/python3', '-W', 'ignore:setup.py install is deprecated', '-W', 'ignore:easy_install command is deprecated', 'setup.py', 'egg_info', '--egg-base', '../../build_aarch64/casbot_arm_calibration_web', 'build', '--build-base', '/workspace/action_data_offset_posture_ws/build/casbot_arm_calibration_web/build', 'install', '--record', '/workspace/action_data_offset_posture_ws/build/casbot_arm_calibration_web/install.log', '--single-version-externally-managed', 'install_data'], 'cwd': '/workspace/action_data_offset_posture_ws/src/casbot_arm_calibration_web', 'env': {'PYTHON_SOABI': 'cpython-310-aarch64-linux-gnu', 'ARCH': 'aarch64', 'HOSTNAME': 'aarch64_2204_0515_1459_02', 'SHLVL': '2', 'LD_LIBRARY_PATH': '/workspace/action_data_offset_posture_ws/install/lib:/opt/rootfs_2204_aarch64/opt/ros/humble/opt/rviz_ogre_vendor/lib:/opt/rootfs_2204_aarch64/opt/ros/humble/lib/aarch64-linux-gnu:/opt/rootfs_2204_aarch64/opt/ros/humble/lib', 'HOME': '/home/casbot', 'OLDPWD': '/workspace/action_data_offset_posture_ws', 'ROS_PYTHON_VERSION': '3', 'CROSS_FLAG': '-DCMAKE_CUSTOM_CROSS=ON -DCMAKE_TOOLCHAIN_FILE=/workspace/action_data_offset_posture_ws/docker_env/environment/cmake-toolchains/generic_aarch64.cmake', 'project_environment_dir': '/workspace/action_data_offset_posture_ws/docker_env/environment', 'ROS_DISTRO': 'humble', 'is_ubuntu_20_04': 'false', '_': '/usr/local/bin/colcon', 'ROS_VERSION': '2', 'is_orin': 'false', 'is_ubuntu_22_04': 'true', 'TERM': 'xterm', 'ROS_LOCALHOST_ONLY': '0', 'QT_X11_NO_MITSHM': '1', 'PATH': '/workspace/action_data_offset_posture_ws/install/bin:/opt/rootfs_2204_aarch64/opt/ros/humble/bin:/usr/local/sbin:/usr/local/bin:/usr/sbin:/usr/bin:/sbin:/bin', 'is_pc': 'true', 'env_is_docker': '1', 'DISPLAY': ':1', 'LANG': 'en_US.UTF-8', 'AMENT_PREFIX_PATH': '/workspace/action_data_offset_posture_ws/install:/opt/rootfs_2204_aarch64/opt/ros/humble', 'env_docker_aarch64': '1', 'PWD': '/workspace/action_data_offset_posture_ws/build_aarch64/casbot_arm_calibration_web', 'env_docker_x86': '0', 'PYTHONPATH': '/workspace/action_data_offset_posture_ws/build/casbot_arm_calibration_web/prefix_override:/usr/local/lib/python3.10/dist-packages/colcon_core/task/python/colcon_distutils_commands:/workspace/action_data_offset_posture_ws/install/lib/python3.10/site-packages:/workspace/action_data_offset_posture_ws/install/local/lib/python3.10/dist-packages:/workspace/action_data_offset_posture_ws/install/lib/python3.10/site-packages:/opt/rootfs_2204_aarch64/opt/ros/humble/lib/python3.10/site-packages:/opt/rootfs_2204_aarch64/opt/ros/humble/local/lib/python3.10/dist-packages', 'SYSROOT': '/opt/rootfs_2204_aarch64/', 'TARGET_ARCH': 'aarch64', 'TZ': 'Asia/Shanghai', 'project_install_dir': '/workspace/action_data_offset_posture_ws/install_aarch64', 'COLCON': '1', 'CMAKE_PREFIX_PATH': '/workspace/action_data_offset_posture_ws/install'}, 'shell': False}
[2.102522] (-) TimerEvent: {}
[2.202803] (-) TimerEvent: {}
[2.208469] (casbot_arm_calibration_web) StdoutLine: {'line': b'running egg_info\n'}
[2.208834] (casbot_arm_calibration_web) StdoutLine: {'line': b'writing ../../build_aarch64/casbot_arm_calibration_web/casbot_arm_calibration_web.egg-info/PKG-INFO\n'}
[2.208989] (casbot_arm_calibration_web) StdoutLine: {'line': b'writing dependency_links to ../../build_aarch64/casbot_arm_calibration_web/casbot_arm_calibration_web.egg-info/dependency_links.txt\n'}
[2.209088] (casbot_arm_calibration_web) StdoutLine: {'line': b'writing entry points to ../../build_aarch64/casbot_arm_calibration_web/casbot_arm_calibration_web.egg-info/entry_points.txt\n'}
[2.209171] (casbot_arm_calibration_web) StdoutLine: {'line': b'writing requirements to ../../build_aarch64/casbot_arm_calibration_web/casbot_arm_calibration_web.egg-info/requires.txt\n'}
[2.209230] (casbot_arm_calibration_web) StdoutLine: {'line': b'writing top-level names to ../../build_aarch64/casbot_arm_calibration_web/casbot_arm_calibration_web.egg-info/top_level.txt\n'}
[2.210741] (casbot_arm_calibration_web) StdoutLine: {'line': b"reading manifest file '../../build_aarch64/casbot_arm_calibration_web/casbot_arm_calibration_web.egg-info/SOURCES.txt'\n"}
[2.211848] (casbot_arm_calibration_web) StdoutLine: {'line': b"writing manifest file '../../build_aarch64/casbot_arm_calibration_web/casbot_arm_calibration_web.egg-info/SOURCES.txt'\n"}
[2.211934] (casbot_arm_calibration_web) StdoutLine: {'line': b'running build\n'}
[2.211977] (casbot_arm_calibration_web) StdoutLine: {'line': b'running build_py\n'}
[2.212738] (casbot_arm_calibration_web) StdoutLine: {'line': b'running install\n'}
[2.212939] (casbot_arm_calibration_web) StdoutLine: {'line': b'running install_lib\n'}
[2.215907] (casbot_arm_calibration_web) StdoutLine: {'line': b'running install_data\n'}
[2.216594] (casbot_arm_calibration_web) StdoutLine: {'line': b'running install_egg_info\n'}
[2.217823] (casbot_arm_calibration_web) StdoutLine: {'line': b"removing '/workspace/action_data_offset_posture_ws/install/lib/python3.10/site-packages/casbot_arm_calibration_web-0.1.0-py3.10.egg-info' (and everything under it)\n"}
[2.218034] (casbot_arm_calibration_web) StdoutLine: {'line': b'Copying ../../build_aarch64/casbot_arm_calibration_web/casbot_arm_calibration_web.egg-info to /workspace/action_data_offset_posture_ws/install/lib/python3.10/site-packages/casbot_arm_calibration_web-0.1.0-py3.10.egg-info\n'}
[2.218868] (casbot_arm_calibration_web) StdoutLine: {'line': b'running install_scripts\n'}
[2.234619] (casbot_arm_calibration_web) StdoutLine: {'line': b'Installing arm_calibration_web script to /workspace/action_data_offset_posture_ws/install/lib/casbot_arm_calibration_web\n'}
[2.235024] (casbot_arm_calibration_web) StdoutLine: {'line': b"writing list of installed files to '/workspace/action_data_offset_posture_ws/build/casbot_arm_calibration_web/install.log'\n"}
[2.256963] (casbot_arm_calibration_web) CommandEnded: {'returncode': 0}
[2.265777] (casbot_arm_calibration_web) JobEnded: {'identifier': 'casbot_arm_calibration_web', 'rc': 0}
[2.266540] (-) EventReactorShutdown: {}
