[0.159s] Invoking command in '/workspace/action_data_offset_posture_ws/build/crb_ros_msg': CMAKE_PREFIX_PATH=/opt/rootfs_2204_aarch64/opt/ros/humble /usr/bin/cmake /workspace/action_data_offset_posture_ws/src/crb_ros_msg -DCMAKE_VERBOSE_MAKEFILE:BOOL=ON -DCMAKE_TOOLCHAIN_FILE=/workspace/action_data_offset_posture_ws/docker_env/environment/cmake-toolchains/generic_aarch64.cmake -DSECURITY=ON -DBUILD_TESTING=OFF -DCMAKE_INSTALL_PREFIX=/workspace/action_data_offset_posture_ws/install
[0.169s] -- Using SECURITY: ON.
[0.169s] -- Using BUILD_TESTING: OFF.
[0.169s] -- Using CMAKE_TOOLCHAIN_FILE: /workspace/action_data_offset_posture_ws/docker_env/environment/cmake-toolchains/generic_aarch64.cmake.
[0.169s] -- Using CATKIN_INSTALL_INTO_PREFIX_ROOT: .
[0.169s] -- Using CMAKE_CUSTOM_CROSS: .
[0.180s] -- Found ament_cmake: 1.3.12 (/opt/rootfs_2204_aarch64/opt/ros/humble/share/ament_cmake/cmake)
[0.266s] -- Found rosidl_default_generators: 1.2.1 (/opt/rootfs_2204_aarch64/opt/ros/humble/share/rosidl_default_generators/cmake)
[0.267s] -- Using all available rosidl_typesupport_c: rosidl_typesupport_fastrtps_c;rosidl_typesupport_introspection_c
[0.269s] -- Found rosidl_adapter: 3.1.7 (/opt/rootfs_2204_aarch64/opt/ros/humble/share/rosidl_adapter/cmake)
[0.292s] -- Using all available rosidl_typesupport_cpp: rosidl_typesupport_fastrtps_cpp;rosidl_typesupport_introspection_cpp
[0.317s] -- Found std_msgs: 4.9.0 (/opt/rootfs_2204_aarch64/opt/ros/humble/share/std_msgs/cmake)
[0.334s] -- Found sensor_msgs: 4.9.1 (/opt/rootfs_2204_aarch64/opt/ros/humble/share/sensor_msgs/cmake)
[0.366s] -- Found action_msgs: 1.2.2 (/opt/rootfs_2204_aarch64/opt/ros/humble/share/action_msgs/cmake)
[0.606s] -- Found ament_cmake_ros: 0.10.0 (/opt/rootfs_2204_aarch64/opt/ros/humble/share/ament_cmake_ros/cmake)
[0.817s] -- Using all available rosidl_typesupport_c: rosidl_typesupport_fastrtps_c;rosidl_typesupport_introspection_c
[1.069s] -- Using all available rosidl_typesupport_cpp: rosidl_typesupport_fastrtps_cpp;rosidl_typesupport_introspection_cpp
[1.086s] -- Found python_cmake_module: 0.10.0 (/opt/rootfs_2204_aarch64/opt/ros/humble/share/python_cmake_module/cmake)
[1.100s] -- Using PYTHON_EXECUTABLE: /usr/bin/python3
[1.100s] -- Using PYTHON_INCLUDE_DIRS: /opt/rootfs_2204_aarch64/usr/include/python3.10
[1.100s] -- Using PYTHON_LIBRARIES: /opt/rootfs_2204_aarch64/usr/lib/aarch64-linux-gnu/libpython3.10.so
[1.213s] -- Configuring done
[1.258s] -- Generating done
[1.270s] -- Build files have been written to: /workspace/action_data_offset_posture_ws/build_aarch64/crb_ros_msg
[1.275s] Invoked command in '/workspace/action_data_offset_posture_ws/build/crb_ros_msg' returned '0': CMAKE_PREFIX_PATH=/opt/rootfs_2204_aarch64/opt/ros/humble /usr/bin/cmake /workspace/action_data_offset_posture_ws/src/crb_ros_msg -DCMAKE_VERBOSE_MAKEFILE:BOOL=ON -DCMAKE_TOOLCHAIN_FILE=/workspace/action_data_offset_posture_ws/docker_env/environment/cmake-toolchains/generic_aarch64.cmake -DSECURITY=ON -DBUILD_TESTING=OFF -DCMAKE_INSTALL_PREFIX=/workspace/action_data_offset_posture_ws/install
[1.276s] Invoking command in '/workspace/action_data_offset_posture_ws/build/crb_ros_msg': CMAKE_PREFIX_PATH=/opt/rootfs_2204_aarch64/opt/ros/humble /usr/bin/cmake --build /workspace/action_data_offset_posture_ws/build/crb_ros_msg -- -j16 -l16
[1.297s] /usr/bin/cmake -S/workspace/action_data_offset_posture_ws/src/crb_ros_msg -B/workspace/action_data_offset_posture_ws/build_aarch64/crb_ros_msg --check-build-system CMakeFiles/Makefile.cmake 0
[1.314s] /usr/bin/cmake -E cmake_progress_start /workspace/action_data_offset_posture_ws/build_aarch64/crb_ros_msg/CMakeFiles /workspace/action_data_offset_posture_ws/build_aarch64/crb_ros_msg//CMakeFiles/progress.marks
[1.325s] /usr/bin/gmake  -f CMakeFiles/Makefile2 all
[1.327s] gmake[1]: Entering directory '/workspace/action_data_offset_posture_ws/build_aarch64/crb_ros_msg'
[1.327s] /usr/bin/gmake  -f crb_ros_msg__rs/CMakeFiles/crb_ros_msg__rs.dir/build.make crb_ros_msg__rs/CMakeFiles/crb_ros_msg__rs.dir/depend
[1.327s] /usr/bin/gmake  -f CMakeFiles/crb_ros_msg__rosidl_generator_c.dir/build.make CMakeFiles/crb_ros_msg__rosidl_generator_c.dir/depend
[1.327s] /usr/bin/gmake  -f CMakeFiles/crb_ros_msg__cpp.dir/build.make CMakeFiles/crb_ros_msg__cpp.dir/depend
[1.328s] /usr/bin/gmake  -f CMakeFiles/ament_cmake_python_copy_crb_ros_msg.dir/build.make CMakeFiles/ament_cmake_python_copy_crb_ros_msg.dir/depend
[1.329s] gmake[2]: Entering directory '/workspace/action_data_offset_posture_ws/build_aarch64/crb_ros_msg'
[1.329s] cd /workspace/action_data_offset_posture_ws/build_aarch64/crb_ros_msg && /usr/bin/cmake -E cmake_depends "Unix Makefiles" /workspace/action_data_offset_posture_ws/src/crb_ros_msg /workspace/action_data_offset_posture_ws/src/crb_ros_msg /workspace/action_data_offset_posture_ws/build_aarch64/crb_ros_msg /workspace/action_data_offset_posture_ws/build_aarch64/crb_ros_msg /workspace/action_data_offset_posture_ws/build_aarch64/crb_ros_msg/CMakeFiles/ament_cmake_python_copy_crb_ros_msg.dir/DependInfo.cmake --color=
[1.329s] gmake[2]: Entering directory '/workspace/action_data_offset_posture_ws/build_aarch64/crb_ros_msg'
[1.330s] cd /workspace/action_data_offset_posture_ws/build_aarch64/crb_ros_msg && /usr/bin/cmake -E cmake_depends "Unix Makefiles" /workspace/action_data_offset_posture_ws/src/crb_ros_msg /workspace/action_data_offset_posture_ws/build_aarch64/crb_ros_msg/crb_ros_msg__rs /workspace/action_data_offset_posture_ws/build_aarch64/crb_ros_msg /workspace/action_data_offset_posture_ws/build_aarch64/crb_ros_msg/crb_ros_msg__rs /workspace/action_data_offset_posture_ws/build_aarch64/crb_ros_msg/crb_ros_msg__rs/CMakeFiles/crb_ros_msg__rs.dir/DependInfo.cmake --color=
[1.330s] gmake[2]: Entering directory '/workspace/action_data_offset_posture_ws/build_aarch64/crb_ros_msg'
[1.330s] cd /workspace/action_data_offset_posture_ws/build_aarch64/crb_ros_msg && /usr/bin/cmake -E cmake_depends "Unix Makefiles" /workspace/action_data_offset_posture_ws/src/crb_ros_msg /workspace/action_data_offset_posture_ws/src/crb_ros_msg /workspace/action_data_offset_posture_ws/build_aarch64/crb_ros_msg /workspace/action_data_offset_posture_ws/build_aarch64/crb_ros_msg /workspace/action_data_offset_posture_ws/build_aarch64/crb_ros_msg/CMakeFiles/crb_ros_msg__cpp.dir/DependInfo.cmake --color=
[1.331s] gmake[2]: Entering directory '/workspace/action_data_offset_posture_ws/build_aarch64/crb_ros_msg'
[1.331s] cd /workspace/action_data_offset_posture_ws/build_aarch64/crb_ros_msg && /usr/bin/cmake -E cmake_depends "Unix Makefiles" /workspace/action_data_offset_posture_ws/src/crb_ros_msg /workspace/action_data_offset_posture_ws/src/crb_ros_msg /workspace/action_data_offset_posture_ws/build_aarch64/crb_ros_msg /workspace/action_data_offset_posture_ws/build_aarch64/crb_ros_msg /workspace/action_data_offset_posture_ws/build_aarch64/crb_ros_msg/CMakeFiles/crb_ros_msg__rosidl_generator_c.dir/DependInfo.cmake --color=
[1.341s] gmake[2]: Leaving directory '/workspace/action_data_offset_posture_ws/build_aarch64/crb_ros_msg'
[1.341s] /usr/bin/gmake  -f CMakeFiles/ament_cmake_python_copy_crb_ros_msg.dir/build.make CMakeFiles/ament_cmake_python_copy_crb_ros_msg.dir/build
[1.344s] Dependencies file "CMakeFiles/crb_ros_msg__rosidl_generator_c.dir/rosidl_generator_c/crb_ros_msg/action/detail/action_play__functions.c.o.d" is newer than depends file "/workspace/action_data_offset_posture_ws/build_aarch64/crb_ros_msg/CMakeFiles/crb_ros_msg__rosidl_generator_c.dir/compiler_depend.internal".
[1.344s] gmake[2]: Entering directory '/workspace/action_data_offset_posture_ws/build_aarch64/crb_ros_msg'
[1.344s] /usr/bin/cmake -E copy_directory /workspace/action_data_offset_posture_ws/build_aarch64/crb_ros_msg/rosidl_generator_py/crb_ros_msg /workspace/action_data_offset_posture_ws/build_aarch64/crb_ros_msg/ament_cmake_python/crb_ros_msg/crb_ros_msg
[1.344s] Dependencies file "CMakeFiles/crb_ros_msg__rosidl_generator_c.dir/rosidl_generator_c/crb_ros_msg/msg/detail/upper_joint_data__functions.c.o.d" is newer than depends file "/workspace/action_data_offset_posture_ws/build_aarch64/crb_ros_msg/CMakeFiles/crb_ros_msg__rosidl_generator_c.dir/compiler_depend.internal".
[1.344s] gmake[2]: Leaving directory '/workspace/action_data_offset_posture_ws/build_aarch64/crb_ros_msg'
[1.344s] [35m[1mConsolidate compiler generated dependencies of target crb_ros_msg__rosidl_generator_c[0m
[1.344s] /usr/bin/gmake  -f crb_ros_msg__rs/CMakeFiles/crb_ros_msg__rs.dir/build.make crb_ros_msg__rs/CMakeFiles/crb_ros_msg__rs.dir/build
[1.344s] gmake[2]: Leaving directory '/workspace/action_data_offset_posture_ws/build_aarch64/crb_ros_msg'
[1.344s] /usr/bin/gmake  -f CMakeFiles/crb_ros_msg__cpp.dir/build.make CMakeFiles/crb_ros_msg__cpp.dir/build
[1.346s] gmake[2]: Entering directory '/workspace/action_data_offset_posture_ws/build_aarch64/crb_ros_msg'
[1.346s] gmake[2]: Nothing to be done for 'crb_ros_msg__rs/CMakeFiles/crb_ros_msg__rs.dir/build'.
[1.346s] gmake[2]: Leaving directory '/workspace/action_data_offset_posture_ws/build_aarch64/crb_ros_msg'
[1.346s] gmake[2]: Leaving directory '/workspace/action_data_offset_posture_ws/build_aarch64/crb_ros_msg'
[1.346s] /usr/bin/gmake  -f CMakeFiles/crb_ros_msg__rosidl_generator_c.dir/build.make CMakeFiles/crb_ros_msg__rosidl_generator_c.dir/build
[1.347s] gmake[2]: Entering directory '/workspace/action_data_offset_posture_ws/build_aarch64/crb_ros_msg'
[1.347s] gmake[2]: Nothing to be done for 'CMakeFiles/crb_ros_msg__cpp.dir/build'.
[1.347s] gmake[2]: Leaving directory '/workspace/action_data_offset_posture_ws/build_aarch64/crb_ros_msg'
[1.351s] gmake[2]: Entering directory '/workspace/action_data_offset_posture_ws/build_aarch64/crb_ros_msg'
[1.351s] gmake[2]: Nothing to be done for 'CMakeFiles/crb_ros_msg__rosidl_generator_c.dir/build'.
[1.351s] gmake[2]: Leaving directory '/workspace/action_data_offset_posture_ws/build_aarch64/crb_ros_msg'
[1.356s] [  2%] Built target crb_ros_msg__cpp
[1.356s] [  5%] Built target crb_ros_msg__rs
[1.356s] /usr/bin/gmake  -f CMakeFiles/crb_ros_msg__rosidl_typesupport_fastrtps_cpp.dir/build.make CMakeFiles/crb_ros_msg__rosidl_typesupport_fastrtps_cpp.dir/depend
[1.357s] /usr/bin/gmake  -f CMakeFiles/crb_ros_msg__rosidl_typesupport_introspection_cpp.dir/build.make CMakeFiles/crb_ros_msg__rosidl_typesupport_introspection_cpp.dir/depend
[1.357s] /usr/bin/gmake  -f CMakeFiles/crb_ros_msg__rosidl_typesupport_cpp.dir/build.make CMakeFiles/crb_ros_msg__rosidl_typesupport_cpp.dir/depend
[1.359s] [ 15%] Built target crb_ros_msg__rosidl_generator_c
[1.359s] gmake[2]: Entering directory '/workspace/action_data_offset_posture_ws/build_aarch64/crb_ros_msg'
[1.360s] cd /workspace/action_data_offset_posture_ws/build_aarch64/crb_ros_msg && /usr/bin/cmake -E cmake_depends "Unix Makefiles" /workspace/action_data_offset_posture_ws/src/crb_ros_msg /workspace/action_data_offset_posture_ws/src/crb_ros_msg /workspace/action_data_offset_posture_ws/build_aarch64/crb_ros_msg /workspace/action_data_offset_posture_ws/build_aarch64/crb_ros_msg /workspace/action_data_offset_posture_ws/build_aarch64/crb_ros_msg/CMakeFiles/crb_ros_msg__rosidl_typesupport_cpp.dir/DependInfo.cmake --color=
[1.360s] /usr/bin/gmake  -f CMakeFiles/crb_ros_msg__rosidl_typesupport_fastrtps_c.dir/build.make CMakeFiles/crb_ros_msg__rosidl_typesupport_fastrtps_c.dir/depend
[1.360s] /usr/bin/gmake  -f CMakeFiles/crb_ros_msg__rosidl_typesupport_introspection_c.dir/build.make CMakeFiles/crb_ros_msg__rosidl_typesupport_introspection_c.dir/depend
[1.361s] gmake[2]: Entering directory '/workspace/action_data_offset_posture_ws/build_aarch64/crb_ros_msg'
[1.361s] cd /workspace/action_data_offset_posture_ws/build_aarch64/crb_ros_msg && /usr/bin/cmake -E cmake_depends "Unix Makefiles" /workspace/action_data_offset_posture_ws/src/crb_ros_msg /workspace/action_data_offset_posture_ws/src/crb_ros_msg /workspace/action_data_offset_posture_ws/build_aarch64/crb_ros_msg /workspace/action_data_offset_posture_ws/build_aarch64/crb_ros_msg /workspace/action_data_offset_posture_ws/build_aarch64/crb_ros_msg/CMakeFiles/crb_ros_msg__rosidl_typesupport_fastrtps_cpp.dir/DependInfo.cmake --color=
[1.361s] /usr/bin/gmake  -f CMakeFiles/crb_ros_msg__rosidl_typesupport_c.dir/build.make CMakeFiles/crb_ros_msg__rosidl_typesupport_c.dir/depend
[1.362s] gmake[2]: Entering directory '/workspace/action_data_offset_posture_ws/build_aarch64/crb_ros_msg'
[1.362s] cd /workspace/action_data_offset_posture_ws/build_aarch64/crb_ros_msg && /usr/bin/cmake -E cmake_depends "Unix Makefiles" /workspace/action_data_offset_posture_ws/src/crb_ros_msg /workspace/action_data_offset_posture_ws/src/crb_ros_msg /workspace/action_data_offset_posture_ws/build_aarch64/crb_ros_msg /workspace/action_data_offset_posture_ws/build_aarch64/crb_ros_msg /workspace/action_data_offset_posture_ws/build_aarch64/crb_ros_msg/CMakeFiles/crb_ros_msg__rosidl_typesupport_introspection_cpp.dir/DependInfo.cmake --color=
[1.364s] gmake[2]: Entering directory '/workspace/action_data_offset_posture_ws/build_aarch64/crb_ros_msg'
[1.364s] cd /workspace/action_data_offset_posture_ws/build_aarch64/crb_ros_msg && /usr/bin/cmake -E cmake_depends "Unix Makefiles" /workspace/action_data_offset_posture_ws/src/crb_ros_msg /workspace/action_data_offset_posture_ws/src/crb_ros_msg /workspace/action_data_offset_posture_ws/build_aarch64/crb_ros_msg /workspace/action_data_offset_posture_ws/build_aarch64/crb_ros_msg /workspace/action_data_offset_posture_ws/build_aarch64/crb_ros_msg/CMakeFiles/crb_ros_msg__rosidl_typesupport_introspection_c.dir/DependInfo.cmake --color=
[1.365s] gmake[2]: Leaving directory '/workspace/action_data_offset_posture_ws/build_aarch64/crb_ros_msg'
[1.366s] gmake[2]: Entering directory '/workspace/action_data_offset_posture_ws/build_aarch64/crb_ros_msg'
[1.366s] cd /workspace/action_data_offset_posture_ws/build_aarch64/crb_ros_msg && /usr/bin/cmake -E cmake_depends "Unix Makefiles" /workspace/action_data_offset_posture_ws/src/crb_ros_msg /workspace/action_data_offset_posture_ws/src/crb_ros_msg /workspace/action_data_offset_posture_ws/build_aarch64/crb_ros_msg /workspace/action_data_offset_posture_ws/build_aarch64/crb_ros_msg /workspace/action_data_offset_posture_ws/build_aarch64/crb_ros_msg/CMakeFiles/crb_ros_msg__rosidl_typesupport_fastrtps_c.dir/DependInfo.cmake --color=
[1.367s] gmake[2]: Entering directory '/workspace/action_data_offset_posture_ws/build_aarch64/crb_ros_msg'
[1.367s] cd /workspace/action_data_offset_posture_ws/build_aarch64/crb_ros_msg && /usr/bin/cmake -E cmake_depends "Unix Makefiles" /workspace/action_data_offset_posture_ws/src/crb_ros_msg /workspace/action_data_offset_posture_ws/src/crb_ros_msg /workspace/action_data_offset_posture_ws/build_aarch64/crb_ros_msg /workspace/action_data_offset_posture_ws/build_aarch64/crb_ros_msg /workspace/action_data_offset_posture_ws/build_aarch64/crb_ros_msg/CMakeFiles/crb_ros_msg__rosidl_typesupport_c.dir/DependInfo.cmake --color=
[1.373s] Dependencies file "CMakeFiles/crb_ros_msg__rosidl_typesupport_fastrtps_cpp.dir/rosidl_typesupport_fastrtps_cpp/crb_ros_msg/action/detail/dds_fastrtps/action_play__type_support.cpp.o.d" is newer than depends file "/workspace/action_data_offset_posture_ws/build_aarch64/crb_ros_msg/CMakeFiles/crb_ros_msg__rosidl_typesupport_fastrtps_cpp.dir/compiler_depend.internal".
[1.374s] Dependencies file "CMakeFiles/crb_ros_msg__rosidl_typesupport_fastrtps_cpp.dir/rosidl_typesupport_fastrtps_cpp/crb_ros_msg/msg/detail/dds_fastrtps/upper_joint_data__type_support.cpp.o.d" is newer than depends file "/workspace/action_data_offset_posture_ws/build_aarch64/crb_ros_msg/CMakeFiles/crb_ros_msg__rosidl_typesupport_fastrtps_cpp.dir/compiler_depend.internal".
[1.374s] [35m[1mConsolidate compiler generated dependencies of target crb_ros_msg__rosidl_typesupport_fastrtps_cpp[0m
[1.381s] Dependencies file "CMakeFiles/crb_ros_msg__rosidl_typesupport_cpp.dir/rosidl_typesupport_cpp/crb_ros_msg/action/action_play__type_support.cpp.o.d" is newer than depends file "/workspace/action_data_offset_posture_ws/build_aarch64/crb_ros_msg/CMakeFiles/crb_ros_msg__rosidl_typesupport_cpp.dir/compiler_depend.internal".
[1.382s] Dependencies file "CMakeFiles/crb_ros_msg__rosidl_typesupport_cpp.dir/rosidl_typesupport_cpp/crb_ros_msg/msg/upper_joint_data__type_support.cpp.o.d" is newer than depends file "/workspace/action_data_offset_posture_ws/build_aarch64/crb_ros_msg/CMakeFiles/crb_ros_msg__rosidl_typesupport_cpp.dir/compiler_depend.internal".
[1.382s] [35m[1mConsolidate compiler generated dependencies of target crb_ros_msg__rosidl_typesupport_cpp[0m
[1.385s] Dependencies file "CMakeFiles/crb_ros_msg__rosidl_typesupport_c.dir/rosidl_typesupport_c/crb_ros_msg/action/action_play__type_support.cpp.o.d" is newer than depends file "/workspace/action_data_offset_posture_ws/build_aarch64/crb_ros_msg/CMakeFiles/crb_ros_msg__rosidl_typesupport_c.dir/compiler_depend.internal".
[1.386s] Dependencies file "CMakeFiles/crb_ros_msg__rosidl_typesupport_fastrtps_c.dir/rosidl_typesupport_fastrtps_c/crb_ros_msg/action/detail/action_play__type_support_c.cpp.o.d" is newer than depends file "/workspace/action_data_offset_posture_ws/build_aarch64/crb_ros_msg/CMakeFiles/crb_ros_msg__rosidl_typesupport_fastrtps_c.dir/compiler_depend.internal".
[1.386s] Dependencies file "CMakeFiles/crb_ros_msg__rosidl_typesupport_introspection_cpp.dir/rosidl_typesupport_introspection_cpp/crb_ros_msg/action/detail/action_play__type_support.cpp.o.d" is newer than depends file "/workspace/action_data_offset_posture_ws/build_aarch64/crb_ros_msg/CMakeFiles/crb_ros_msg__rosidl_typesupport_introspection_cpp.dir/compiler_depend.internal".
[1.386s] Dependencies file "CMakeFiles/crb_ros_msg__rosidl_typesupport_c.dir/rosidl_typesupport_c/crb_ros_msg/msg/upper_joint_data__type_support.cpp.o.d" is newer than depends file "/workspace/action_data_offset_posture_ws/build_aarch64/crb_ros_msg/CMakeFiles/crb_ros_msg__rosidl_typesupport_c.dir/compiler_depend.internal".
[1.387s] [35m[1mConsolidate compiler generated dependencies of target crb_ros_msg__rosidl_typesupport_c[0m
[1.387s] gmake[2]: Leaving directory '/workspace/action_data_offset_posture_ws/build_aarch64/crb_ros_msg'
[1.387s] Dependencies file "CMakeFiles/crb_ros_msg__rosidl_typesupport_fastrtps_c.dir/rosidl_typesupport_fastrtps_c/crb_ros_msg/msg/detail/upper_joint_data__type_support_c.cpp.o.d" is newer than depends file "/workspace/action_data_offset_posture_ws/build_aarch64/crb_ros_msg/CMakeFiles/crb_ros_msg__rosidl_typesupport_fastrtps_c.dir/compiler_depend.internal".
[1.387s] Dependencies file "CMakeFiles/crb_ros_msg__rosidl_typesupport_introspection_cpp.dir/rosidl_typesupport_introspection_cpp/crb_ros_msg/msg/detail/upper_joint_data__type_support.cpp.o.d" is newer than depends file "/workspace/action_data_offset_posture_ws/build_aarch64/crb_ros_msg/CMakeFiles/crb_ros_msg__rosidl_typesupport_introspection_cpp.dir/compiler_depend.internal".
[1.387s] /usr/bin/gmake  -f CMakeFiles/crb_ros_msg__rosidl_typesupport_fastrtps_cpp.dir/build.make CMakeFiles/crb_ros_msg__rosidl_typesupport_fastrtps_cpp.dir/build
[1.388s] [35m[1mConsolidate compiler generated dependencies of target crb_ros_msg__rosidl_typesupport_fastrtps_c[0m
[1.388s] [35m[1mConsolidate compiler generated dependencies of target crb_ros_msg__rosidl_typesupport_introspection_cpp[0m
[1.388s] Dependencies file "CMakeFiles/crb_ros_msg__rosidl_typesupport_introspection_c.dir/rosidl_typesupport_introspection_c/crb_ros_msg/action/detail/action_play__type_support.c.o.d" is newer than depends file "/workspace/action_data_offset_posture_ws/build_aarch64/crb_ros_msg/CMakeFiles/crb_ros_msg__rosidl_typesupport_introspection_c.dir/compiler_depend.internal".
[1.388s] Dependencies file "CMakeFiles/crb_ros_msg__rosidl_typesupport_introspection_c.dir/rosidl_typesupport_introspection_c/crb_ros_msg/msg/detail/upper_joint_data__type_support.c.o.d" is newer than depends file "/workspace/action_data_offset_posture_ws/build_aarch64/crb_ros_msg/CMakeFiles/crb_ros_msg__rosidl_typesupport_introspection_c.dir/compiler_depend.internal".
[1.389s] [35m[1mConsolidate compiler generated dependencies of target crb_ros_msg__rosidl_typesupport_introspection_c[0m
[1.389s] [ 15%] Built target ament_cmake_python_copy_crb_ros_msg
[1.389s] gmake[2]: Leaving directory '/workspace/action_data_offset_posture_ws/build_aarch64/crb_ros_msg'
[1.390s] /usr/bin/gmake  -f CMakeFiles/crb_ros_msg__rosidl_typesupport_c.dir/build.make CMakeFiles/crb_ros_msg__rosidl_typesupport_c.dir/build
[1.390s] /usr/bin/gmake  -f CMakeFiles/ament_cmake_python_build_crb_ros_msg_egg.dir/build.make CMakeFiles/ament_cmake_python_build_crb_ros_msg_egg.dir/depend
[1.391s] gmake[2]: Leaving directory '/workspace/action_data_offset_posture_ws/build_aarch64/crb_ros_msg'
[1.391s] /usr/bin/gmake  -f CMakeFiles/crb_ros_msg__rosidl_typesupport_cpp.dir/build.make CMakeFiles/crb_ros_msg__rosidl_typesupport_cpp.dir/build
[1.391s] gmake[2]: Entering directory '/workspace/action_data_offset_posture_ws/build_aarch64/crb_ros_msg'
[1.392s] cd /workspace/action_data_offset_posture_ws/build_aarch64/crb_ros_msg && /usr/bin/cmake -E cmake_depends "Unix Makefiles" /workspace/action_data_offset_posture_ws/src/crb_ros_msg /workspace/action_data_offset_posture_ws/src/crb_ros_msg /workspace/action_data_offset_posture_ws/build_aarch64/crb_ros_msg /workspace/action_data_offset_posture_ws/build_aarch64/crb_ros_msg /workspace/action_data_offset_posture_ws/build_aarch64/crb_ros_msg/CMakeFiles/ament_cmake_python_build_crb_ros_msg_egg.dir/DependInfo.cmake --color=
[1.394s] gmake[2]: Leaving directory '/workspace/action_data_offset_posture_ws/build_aarch64/crb_ros_msg'
[1.394s] /usr/bin/gmake  -f CMakeFiles/crb_ros_msg__rosidl_typesupport_introspection_c.dir/build.make CMakeFiles/crb_ros_msg__rosidl_typesupport_introspection_c.dir/build
[1.394s] gmake[2]: Entering directory '/workspace/action_data_offset_posture_ws/build_aarch64/crb_ros_msg'
[1.394s] gmake[2]: Nothing to be done for 'CMakeFiles/crb_ros_msg__rosidl_typesupport_c.dir/build'.
[1.394s] gmake[2]: Leaving directory '/workspace/action_data_offset_posture_ws/build_aarch64/crb_ros_msg'
[1.399s] gmake[2]: Entering directory '/workspace/action_data_offset_posture_ws/build_aarch64/crb_ros_msg'
[1.399s] gmake[2]: Nothing to be done for 'CMakeFiles/crb_ros_msg__rosidl_typesupport_introspection_c.dir/build'.
[1.399s] gmake[2]: Leaving directory '/workspace/action_data_offset_posture_ws/build_aarch64/crb_ros_msg'
[1.399s] gmake[2]: Entering directory '/workspace/action_data_offset_posture_ws/build_aarch64/crb_ros_msg'
[1.399s] gmake[2]: Nothing to be done for 'CMakeFiles/crb_ros_msg__rosidl_typesupport_fastrtps_cpp.dir/build'.
[1.400s] gmake[2]: Leaving directory '/workspace/action_data_offset_posture_ws/build_aarch64/crb_ros_msg'
[1.401s] gmake[2]: Leaving directory '/workspace/action_data_offset_posture_ws/build_aarch64/crb_ros_msg'
[1.401s] gmake[2]: Leaving directory '/workspace/action_data_offset_posture_ws/build_aarch64/crb_ros_msg'
[1.401s] /usr/bin/gmake  -f CMakeFiles/crb_ros_msg__rosidl_typesupport_introspection_cpp.dir/build.make CMakeFiles/crb_ros_msg__rosidl_typesupport_introspection_cpp.dir/build
[1.401s] /usr/bin/gmake  -f CMakeFiles/crb_ros_msg__rosidl_typesupport_fastrtps_c.dir/build.make CMakeFiles/crb_ros_msg__rosidl_typesupport_fastrtps_c.dir/build
[1.402s] gmake[2]: Entering directory '/workspace/action_data_offset_posture_ws/build_aarch64/crb_ros_msg'
[1.402s] gmake[2]: Nothing to be done for 'CMakeFiles/crb_ros_msg__rosidl_typesupport_cpp.dir/build'.
[1.402s] gmake[2]: Leaving directory '/workspace/action_data_offset_posture_ws/build_aarch64/crb_ros_msg'
[1.403s] [ 25%] Built target crb_ros_msg__rosidl_typesupport_c
[1.404s] gmake[2]: Leaving directory '/workspace/action_data_offset_posture_ws/build_aarch64/crb_ros_msg'
[1.404s] /usr/bin/gmake  -f CMakeFiles/ament_cmake_python_build_crb_ros_msg_egg.dir/build.make CMakeFiles/ament_cmake_python_build_crb_ros_msg_egg.dir/build
[1.405s] gmake[2]: Entering directory '/workspace/action_data_offset_posture_ws/build_aarch64/crb_ros_msg'
[1.405s] cd /workspace/action_data_offset_posture_ws/build_aarch64/crb_ros_msg/ament_cmake_python/crb_ros_msg && /usr/bin/python3 setup.py egg_info
[1.407s] [ 35%] Built target crb_ros_msg__rosidl_typesupport_introspection_c
[1.409s] gmake[2]: Entering directory '/workspace/action_data_offset_posture_ws/build_aarch64/crb_ros_msg'
[1.409s] gmake[2]: Nothing to be done for 'CMakeFiles/crb_ros_msg__rosidl_typesupport_fastrtps_c.dir/build'.
[1.409s] gmake[2]: Leaving directory '/workspace/action_data_offset_posture_ws/build_aarch64/crb_ros_msg'
[1.409s] [ 45%] Built target crb_ros_msg__rosidl_typesupport_fastrtps_cpp
[1.410s] gmake[2]: Entering directory '/workspace/action_data_offset_posture_ws/build_aarch64/crb_ros_msg'
[1.410s] gmake[2]: Nothing to be done for 'CMakeFiles/crb_ros_msg__rosidl_typesupport_introspection_cpp.dir/build'.
[1.410s] gmake[2]: Leaving directory '/workspace/action_data_offset_posture_ws/build_aarch64/crb_ros_msg'
[1.413s] [ 55%] Built target crb_ros_msg__rosidl_typesupport_cpp
[1.416s] [ 65%] Built target crb_ros_msg__rosidl_typesupport_fastrtps_c
[1.421s] [ 75%] Built target crb_ros_msg__rosidl_typesupport_introspection_cpp
[1.421s] /usr/bin/gmake  -f CMakeFiles/crb_ros_msg.dir/build.make CMakeFiles/crb_ros_msg.dir/depend
[1.423s] gmake[2]: Entering directory '/workspace/action_data_offset_posture_ws/build_aarch64/crb_ros_msg'
[1.423s] cd /workspace/action_data_offset_posture_ws/build_aarch64/crb_ros_msg && /usr/bin/cmake -E cmake_depends "Unix Makefiles" /workspace/action_data_offset_posture_ws/src/crb_ros_msg /workspace/action_data_offset_posture_ws/src/crb_ros_msg /workspace/action_data_offset_posture_ws/build_aarch64/crb_ros_msg /workspace/action_data_offset_posture_ws/build_aarch64/crb_ros_msg /workspace/action_data_offset_posture_ws/build_aarch64/crb_ros_msg/CMakeFiles/crb_ros_msg.dir/DependInfo.cmake --color=
[1.435s] gmake[2]: Leaving directory '/workspace/action_data_offset_posture_ws/build_aarch64/crb_ros_msg'
[1.435s] /usr/bin/gmake  -f CMakeFiles/crb_ros_msg.dir/build.make CMakeFiles/crb_ros_msg.dir/build
[1.437s] gmake[2]: Entering directory '/workspace/action_data_offset_posture_ws/build_aarch64/crb_ros_msg'
[1.437s] gmake[2]: Nothing to be done for 'CMakeFiles/crb_ros_msg.dir/build'.
[1.437s] gmake[2]: Leaving directory '/workspace/action_data_offset_posture_ws/build_aarch64/crb_ros_msg'
[1.447s] [ 75%] Built target crb_ros_msg
[1.448s] /usr/bin/gmake  -f crb_ros_msg__py/CMakeFiles/crb_ros_msg__py.dir/build.make crb_ros_msg__py/CMakeFiles/crb_ros_msg__py.dir/depend
[1.450s] gmake[2]: Entering directory '/workspace/action_data_offset_posture_ws/build_aarch64/crb_ros_msg'
[1.451s] cd /workspace/action_data_offset_posture_ws/build_aarch64/crb_ros_msg && /usr/bin/cmake -E cmake_depends "Unix Makefiles" /workspace/action_data_offset_posture_ws/src/crb_ros_msg /workspace/action_data_offset_posture_ws/build_aarch64/crb_ros_msg/crb_ros_msg__py /workspace/action_data_offset_posture_ws/build_aarch64/crb_ros_msg /workspace/action_data_offset_posture_ws/build_aarch64/crb_ros_msg/crb_ros_msg__py /workspace/action_data_offset_posture_ws/build_aarch64/crb_ros_msg/crb_ros_msg__py/CMakeFiles/crb_ros_msg__py.dir/DependInfo.cmake --color=
[1.459s] gmake[2]: Leaving directory '/workspace/action_data_offset_posture_ws/build_aarch64/crb_ros_msg'
[1.459s] /usr/bin/gmake  -f crb_ros_msg__py/CMakeFiles/crb_ros_msg__py.dir/build.make crb_ros_msg__py/CMakeFiles/crb_ros_msg__py.dir/build
[1.463s] gmake[2]: Entering directory '/workspace/action_data_offset_posture_ws/build_aarch64/crb_ros_msg'
[1.463s] gmake[2]: Nothing to be done for 'crb_ros_msg__py/CMakeFiles/crb_ros_msg__py.dir/build'.
[1.463s] gmake[2]: Leaving directory '/workspace/action_data_offset_posture_ws/build_aarch64/crb_ros_msg'
[1.472s] [ 77%] Built target crb_ros_msg__py
[1.473s] /usr/bin/gmake  -f CMakeFiles/crb_ros_msg__rosidl_generator_py.dir/build.make CMakeFiles/crb_ros_msg__rosidl_generator_py.dir/depend
[1.475s] gmake[2]: Entering directory '/workspace/action_data_offset_posture_ws/build_aarch64/crb_ros_msg'
[1.475s] cd /workspace/action_data_offset_posture_ws/build_aarch64/crb_ros_msg && /usr/bin/cmake -E cmake_depends "Unix Makefiles" /workspace/action_data_offset_posture_ws/src/crb_ros_msg /workspace/action_data_offset_posture_ws/src/crb_ros_msg /workspace/action_data_offset_posture_ws/build_aarch64/crb_ros_msg /workspace/action_data_offset_posture_ws/build_aarch64/crb_ros_msg /workspace/action_data_offset_posture_ws/build_aarch64/crb_ros_msg/CMakeFiles/crb_ros_msg__rosidl_generator_py.dir/DependInfo.cmake --color=
[1.486s] Dependencies file "CMakeFiles/crb_ros_msg__rosidl_generator_py.dir/rosidl_generator_py/crb_ros_msg/action/_action_play_s.c.o.d" is newer than depends file "/workspace/action_data_offset_posture_ws/build_aarch64/crb_ros_msg/CMakeFiles/crb_ros_msg__rosidl_generator_py.dir/compiler_depend.internal".
[1.486s] Dependencies file "CMakeFiles/crb_ros_msg__rosidl_generator_py.dir/rosidl_generator_py/crb_ros_msg/msg/_upper_joint_data_s.c.o.d" is newer than depends file "/workspace/action_data_offset_posture_ws/build_aarch64/crb_ros_msg/CMakeFiles/crb_ros_msg__rosidl_generator_py.dir/compiler_depend.internal".
[1.486s] [35m[1mConsolidate compiler generated dependencies of target crb_ros_msg__rosidl_generator_py[0m
[1.491s] gmake[2]: Leaving directory '/workspace/action_data_offset_posture_ws/build_aarch64/crb_ros_msg'
[1.491s] /usr/bin/gmake  -f CMakeFiles/crb_ros_msg__rosidl_generator_py.dir/build.make CMakeFiles/crb_ros_msg__rosidl_generator_py.dir/build
[1.495s] gmake[2]: Entering directory '/workspace/action_data_offset_posture_ws/build_aarch64/crb_ros_msg'
[1.495s] gmake[2]: Nothing to be done for 'CMakeFiles/crb_ros_msg__rosidl_generator_py.dir/build'.
[1.495s] gmake[2]: Leaving directory '/workspace/action_data_offset_posture_ws/build_aarch64/crb_ros_msg'
[1.505s] [ 85%] Built target crb_ros_msg__rosidl_generator_py
[1.506s] /usr/bin/gmake  -f CMakeFiles/crb_ros_msg__rosidl_typesupport_fastrtps_c__pyext.dir/build.make CMakeFiles/crb_ros_msg__rosidl_typesupport_fastrtps_c__pyext.dir/depend
[1.506s] /usr/bin/gmake  -f CMakeFiles/crb_ros_msg__rosidl_typesupport_introspection_c__pyext.dir/build.make CMakeFiles/crb_ros_msg__rosidl_typesupport_introspection_c__pyext.dir/depend
[1.506s] /usr/bin/gmake  -f CMakeFiles/crb_ros_msg__rosidl_typesupport_c__pyext.dir/build.make CMakeFiles/crb_ros_msg__rosidl_typesupport_c__pyext.dir/depend
[1.508s] gmake[2]: Entering directory '/workspace/action_data_offset_posture_ws/build_aarch64/crb_ros_msg'
[1.508s] cd /workspace/action_data_offset_posture_ws/build_aarch64/crb_ros_msg && /usr/bin/cmake -E cmake_depends "Unix Makefiles" /workspace/action_data_offset_posture_ws/src/crb_ros_msg /workspace/action_data_offset_posture_ws/src/crb_ros_msg /workspace/action_data_offset_posture_ws/build_aarch64/crb_ros_msg /workspace/action_data_offset_posture_ws/build_aarch64/crb_ros_msg /workspace/action_data_offset_posture_ws/build_aarch64/crb_ros_msg/CMakeFiles/crb_ros_msg__rosidl_typesupport_c__pyext.dir/DependInfo.cmake --color=
[1.508s] gmake[2]: Entering directory '/workspace/action_data_offset_posture_ws/build_aarch64/crb_ros_msg'
[1.508s] cd /workspace/action_data_offset_posture_ws/build_aarch64/crb_ros_msg && /usr/bin/cmake -E cmake_depends "Unix Makefiles" /workspace/action_data_offset_posture_ws/src/crb_ros_msg /workspace/action_data_offset_posture_ws/src/crb_ros_msg /workspace/action_data_offset_posture_ws/build_aarch64/crb_ros_msg /workspace/action_data_offset_posture_ws/build_aarch64/crb_ros_msg /workspace/action_data_offset_posture_ws/build_aarch64/crb_ros_msg/CMakeFiles/crb_ros_msg__rosidl_typesupport_fastrtps_c__pyext.dir/DependInfo.cmake --color=
[1.508s] gmake[2]: Entering directory '/workspace/action_data_offset_posture_ws/build_aarch64/crb_ros_msg'
[1.509s] cd /workspace/action_data_offset_posture_ws/build_aarch64/crb_ros_msg && /usr/bin/cmake -E cmake_depends "Unix Makefiles" /workspace/action_data_offset_posture_ws/src/crb_ros_msg /workspace/action_data_offset_posture_ws/src/crb_ros_msg /workspace/action_data_offset_posture_ws/build_aarch64/crb_ros_msg /workspace/action_data_offset_posture_ws/build_aarch64/crb_ros_msg /workspace/action_data_offset_posture_ws/build_aarch64/crb_ros_msg/CMakeFiles/crb_ros_msg__rosidl_typesupport_introspection_c__pyext.dir/DependInfo.cmake --color=
[1.517s] Dependencies file "CMakeFiles/crb_ros_msg__rosidl_typesupport_introspection_c__pyext.dir/rosidl_generator_py/crb_ros_msg/_crb_ros_msg_s.ep.rosidl_typesupport_introspection_c.c.o.d" is newer than depends file "/workspace/action_data_offset_posture_ws/build_aarch64/crb_ros_msg/CMakeFiles/crb_ros_msg__rosidl_typesupport_introspection_c__pyext.dir/compiler_depend.internal".
[1.517s] [35m[1mConsolidate compiler generated dependencies of target crb_ros_msg__rosidl_typesupport_introspection_c__pyext[0m
[1.520s] Dependencies file "CMakeFiles/crb_ros_msg__rosidl_typesupport_fastrtps_c__pyext.dir/rosidl_generator_py/crb_ros_msg/_crb_ros_msg_s.ep.rosidl_typesupport_fastrtps_c.c.o.d" is newer than depends file "/workspace/action_data_offset_posture_ws/build_aarch64/crb_ros_msg/CMakeFiles/crb_ros_msg__rosidl_typesupport_fastrtps_c__pyext.dir/compiler_depend.internal".
[1.520s] [35m[1mConsolidate compiler generated dependencies of target crb_ros_msg__rosidl_typesupport_fastrtps_c__pyext[0m
[1.521s] Dependencies file "CMakeFiles/crb_ros_msg__rosidl_typesupport_c__pyext.dir/rosidl_generator_py/crb_ros_msg/_crb_ros_msg_s.ep.rosidl_typesupport_c.c.o.d" is newer than depends file "/workspace/action_data_offset_posture_ws/build_aarch64/crb_ros_msg/CMakeFiles/crb_ros_msg__rosidl_typesupport_c__pyext.dir/compiler_depend.internal".
[1.522s] gmake[2]: Leaving directory '/workspace/action_data_offset_posture_ws/build_aarch64/crb_ros_msg'
[1.522s] /usr/bin/gmake  -f CMakeFiles/crb_ros_msg__rosidl_typesupport_introspection_c__pyext.dir/build.make CMakeFiles/crb_ros_msg__rosidl_typesupport_introspection_c__pyext.dir/build
[1.522s] [35m[1mConsolidate compiler generated dependencies of target crb_ros_msg__rosidl_typesupport_c__pyext[0m
[1.526s] gmake[2]: Entering directory '/workspace/action_data_offset_posture_ws/build_aarch64/crb_ros_msg'
[1.526s] gmake[2]: Nothing to be done for 'CMakeFiles/crb_ros_msg__rosidl_typesupport_introspection_c__pyext.dir/build'.
[1.526s] gmake[2]: Leaving directory '/workspace/action_data_offset_posture_ws/build_aarch64/crb_ros_msg'
[1.527s] gmake[2]: Leaving directory '/workspace/action_data_offset_posture_ws/build_aarch64/crb_ros_msg'
[1.527s] /usr/bin/gmake  -f CMakeFiles/crb_ros_msg__rosidl_typesupport_c__pyext.dir/build.make CMakeFiles/crb_ros_msg__rosidl_typesupport_c__pyext.dir/build
[1.528s] gmake[2]: Leaving directory '/workspace/action_data_offset_posture_ws/build_aarch64/crb_ros_msg'
[1.528s] /usr/bin/gmake  -f CMakeFiles/crb_ros_msg__rosidl_typesupport_fastrtps_c__pyext.dir/build.make CMakeFiles/crb_ros_msg__rosidl_typesupport_fastrtps_c__pyext.dir/build
[1.531s] gmake[2]: Entering directory '/workspace/action_data_offset_posture_ws/build_aarch64/crb_ros_msg'
[1.531s] gmake[2]: Nothing to be done for 'CMakeFiles/crb_ros_msg__rosidl_typesupport_c__pyext.dir/build'.
[1.531s] gmake[2]: Leaving directory '/workspace/action_data_offset_posture_ws/build_aarch64/crb_ros_msg'
[1.535s] gmake[2]: Entering directory '/workspace/action_data_offset_posture_ws/build_aarch64/crb_ros_msg'
[1.535s] gmake[2]: Nothing to be done for 'CMakeFiles/crb_ros_msg__rosidl_typesupport_fastrtps_c__pyext.dir/build'.
[1.535s] gmake[2]: Leaving directory '/workspace/action_data_offset_posture_ws/build_aarch64/crb_ros_msg'
[1.537s] [ 90%] Built target crb_ros_msg__rosidl_typesupport_introspection_c__pyext
[1.539s] [ 95%] Built target crb_ros_msg__rosidl_typesupport_c__pyext
[1.547s] [100%] Built target crb_ros_msg__rosidl_typesupport_fastrtps_c__pyext
[1.571s] running egg_info
[1.572s] writing crb_ros_msg.egg-info/PKG-INFO
[1.572s] writing dependency_links to crb_ros_msg.egg-info/dependency_links.txt
[1.572s] writing top-level names to crb_ros_msg.egg-info/top_level.txt
[1.574s] reading manifest file 'crb_ros_msg.egg-info/SOURCES.txt'
[1.575s] writing manifest file 'crb_ros_msg.egg-info/SOURCES.txt'
[1.586s] gmake[2]: Leaving directory '/workspace/action_data_offset_posture_ws/build_aarch64/crb_ros_msg'
[1.595s] [100%] Built target ament_cmake_python_build_crb_ros_msg_egg
[1.596s] gmake[1]: Leaving directory '/workspace/action_data_offset_posture_ws/build_aarch64/crb_ros_msg'
[1.596s] /usr/bin/cmake -E cmake_progress_start /workspace/action_data_offset_posture_ws/build_aarch64/crb_ros_msg/CMakeFiles 0
[1.607s] Invoked command in '/workspace/action_data_offset_posture_ws/build/crb_ros_msg' returned '0': CMAKE_PREFIX_PATH=/opt/rootfs_2204_aarch64/opt/ros/humble /usr/bin/cmake --build /workspace/action_data_offset_posture_ws/build/crb_ros_msg -- -j16 -l16
[1.615s] Invoking command in '/workspace/action_data_offset_posture_ws/build/crb_ros_msg': CMAKE_PREFIX_PATH=/opt/rootfs_2204_aarch64/opt/ros/humble /usr/bin/cmake --install /workspace/action_data_offset_posture_ws/build/crb_ros_msg
[1.624s] -- Install configuration: "Release"
[1.624s] -- Up-to-date: /workspace/action_data_offset_posture_ws/install/share/ament_index/resource_index/rosidl_interfaces/crb_ros_msg
[1.624s] -- Up-to-date: /workspace/action_data_offset_posture_ws/install/include/crb_ros_msg/crb_ros_msg
[1.624s] -- Up-to-date: /workspace/action_data_offset_posture_ws/install/include/crb_ros_msg/crb_ros_msg/action
[1.624s] -- Up-to-date: /workspace/action_data_offset_posture_ws/install/include/crb_ros_msg/crb_ros_msg/action/detail
[1.624s] -- Up-to-date: /workspace/action_data_offset_posture_ws/install/include/crb_ros_msg/crb_ros_msg/action/detail/action_play__functions.c
[1.624s] -- Up-to-date: /workspace/action_data_offset_posture_ws/install/include/crb_ros_msg/crb_ros_msg/action/detail/action_play__struct.h
[1.624s] -- Up-to-date: /workspace/action_data_offset_posture_ws/install/include/crb_ros_msg/crb_ros_msg/action/detail/action_play__functions.h
[1.624s] -- Up-to-date: /workspace/action_data_offset_posture_ws/install/include/crb_ros_msg/crb_ros_msg/action/detail/action_play__type_support.h
[1.625s] -- Up-to-date: /workspace/action_data_offset_posture_ws/install/include/crb_ros_msg/crb_ros_msg/action/action_play.h
[1.625s] -- Up-to-date: /workspace/action_data_offset_posture_ws/install/include/crb_ros_msg/crb_ros_msg/msg
[1.625s] -- Up-to-date: /workspace/action_data_offset_posture_ws/install/include/crb_ros_msg/crb_ros_msg/msg/detail
[1.625s] -- Up-to-date: /workspace/action_data_offset_posture_ws/install/include/crb_ros_msg/crb_ros_msg/msg/detail/upper_joint_data__functions.h
[1.625s] -- Up-to-date: /workspace/action_data_offset_posture_ws/install/include/crb_ros_msg/crb_ros_msg/msg/detail/upper_joint_data__type_support.h
[1.625s] -- Up-to-date: /workspace/action_data_offset_posture_ws/install/include/crb_ros_msg/crb_ros_msg/msg/detail/upper_joint_data__functions.c
[1.625s] -- Up-to-date: /workspace/action_data_offset_posture_ws/install/include/crb_ros_msg/crb_ros_msg/msg/detail/upper_joint_data__struct.h
[1.625s] -- Up-to-date: /workspace/action_data_offset_posture_ws/install/include/crb_ros_msg/crb_ros_msg/msg/rosidl_generator_c__visibility_control.h
[1.625s] -- Up-to-date: /workspace/action_data_offset_posture_ws/install/include/crb_ros_msg/crb_ros_msg/msg/upper_joint_data.h
[1.625s] -- Up-to-date: /workspace/action_data_offset_posture_ws/install/share/crb_ros_msg/environment/library_path.sh
[1.625s] -- Installing: /workspace/action_data_offset_posture_ws/install/share/crb_ros_msg/environment/library_path.dsv
[1.626s] -- Up-to-date: /workspace/action_data_offset_posture_ws/install/lib/libcrb_ros_msg__rosidl_generator_c.so
[1.626s] -- Up-to-date: /workspace/action_data_offset_posture_ws/install/include/crb_ros_msg/crb_ros_msg
[1.626s] -- Up-to-date: /workspace/action_data_offset_posture_ws/install/include/crb_ros_msg/crb_ros_msg/action
[1.626s] -- Up-to-date: /workspace/action_data_offset_posture_ws/install/include/crb_ros_msg/crb_ros_msg/action/detail
[1.626s] -- Up-to-date: /workspace/action_data_offset_posture_ws/install/include/crb_ros_msg/crb_ros_msg/action/detail/action_play__rosidl_typesupport_fastrtps_c.h
[1.626s] -- Up-to-date: /workspace/action_data_offset_posture_ws/install/include/crb_ros_msg/crb_ros_msg/msg
[1.626s] -- Up-to-date: /workspace/action_data_offset_posture_ws/install/include/crb_ros_msg/crb_ros_msg/msg/rosidl_typesupport_fastrtps_c__visibility_control.h
[1.626s] -- Up-to-date: /workspace/action_data_offset_posture_ws/install/include/crb_ros_msg/crb_ros_msg/msg/detail
[1.626s] -- Up-to-date: /workspace/action_data_offset_posture_ws/install/include/crb_ros_msg/crb_ros_msg/msg/detail/upper_joint_data__rosidl_typesupport_fastrtps_c.h
[1.627s] -- Up-to-date: /workspace/action_data_offset_posture_ws/install/lib/libcrb_ros_msg__rosidl_typesupport_fastrtps_c.so
[1.627s] -- Up-to-date: /workspace/action_data_offset_posture_ws/install/include/crb_ros_msg/crb_ros_msg
[1.627s] -- Up-to-date: /workspace/action_data_offset_posture_ws/install/include/crb_ros_msg/crb_ros_msg/action
[1.627s] -- Up-to-date: /workspace/action_data_offset_posture_ws/install/include/crb_ros_msg/crb_ros_msg/action/detail
[1.627s] -- Up-to-date: /workspace/action_data_offset_posture_ws/install/include/crb_ros_msg/crb_ros_msg/action/detail/action_play__type_support.c
[1.627s] -- Up-to-date: /workspace/action_data_offset_posture_ws/install/include/crb_ros_msg/crb_ros_msg/action/detail/action_play__rosidl_typesupport_introspection_c.h
[1.627s] -- Up-to-date: /workspace/action_data_offset_posture_ws/install/include/crb_ros_msg/crb_ros_msg/msg
[1.627s] -- Up-to-date: /workspace/action_data_offset_posture_ws/install/include/crb_ros_msg/crb_ros_msg/msg/detail
[1.627s] -- Up-to-date: /workspace/action_data_offset_posture_ws/install/include/crb_ros_msg/crb_ros_msg/msg/detail/upper_joint_data__rosidl_typesupport_introspection_c.h
[1.627s] -- Up-to-date: /workspace/action_data_offset_posture_ws/install/include/crb_ros_msg/crb_ros_msg/msg/detail/upper_joint_data__type_support.c
[1.627s] -- Up-to-date: /workspace/action_data_offset_posture_ws/install/include/crb_ros_msg/crb_ros_msg/msg/rosidl_typesupport_introspection_c__visibility_control.h
[1.628s] -- Up-to-date: /workspace/action_data_offset_posture_ws/install/lib/libcrb_ros_msg__rosidl_typesupport_introspection_c.so
[1.628s] -- Up-to-date: /workspace/action_data_offset_posture_ws/install/lib/libcrb_ros_msg__rosidl_typesupport_c.so
[1.629s] -- Up-to-date: /workspace/action_data_offset_posture_ws/install/include/crb_ros_msg/crb_ros_msg
[1.629s] -- Up-to-date: /workspace/action_data_offset_posture_ws/install/include/crb_ros_msg/crb_ros_msg/action
[1.629s] -- Up-to-date: /workspace/action_data_offset_posture_ws/install/include/crb_ros_msg/crb_ros_msg/action/detail
[1.629s] -- Up-to-date: /workspace/action_data_offset_posture_ws/install/include/crb_ros_msg/crb_ros_msg/action/detail/action_play__traits.hpp
[1.629s] -- Up-to-date: /workspace/action_data_offset_posture_ws/install/include/crb_ros_msg/crb_ros_msg/action/detail/action_play__type_support.hpp
[1.629s] -- Up-to-date: /workspace/action_data_offset_posture_ws/install/include/crb_ros_msg/crb_ros_msg/action/detail/action_play__builder.hpp
[1.630s] -- Up-to-date: /workspace/action_data_offset_posture_ws/install/include/crb_ros_msg/crb_ros_msg/action/detail/action_play__struct.hpp
[1.630s] -- Up-to-date: /workspace/action_data_offset_posture_ws/install/include/crb_ros_msg/crb_ros_msg/action/action_play.hpp
[1.630s] -- Up-to-date: /workspace/action_data_offset_posture_ws/install/include/crb_ros_msg/crb_ros_msg/msg
[1.630s] -- Up-to-date: /workspace/action_data_offset_posture_ws/install/include/crb_ros_msg/crb_ros_msg/msg/detail
[1.630s] -- Up-to-date: /workspace/action_data_offset_posture_ws/install/include/crb_ros_msg/crb_ros_msg/msg/detail/upper_joint_data__traits.hpp
[1.630s] -- Up-to-date: /workspace/action_data_offset_posture_ws/install/include/crb_ros_msg/crb_ros_msg/msg/detail/upper_joint_data__type_support.hpp
[1.630s] -- Up-to-date: /workspace/action_data_offset_posture_ws/install/include/crb_ros_msg/crb_ros_msg/msg/detail/upper_joint_data__struct.hpp
[1.630s] -- Up-to-date: /workspace/action_data_offset_posture_ws/install/include/crb_ros_msg/crb_ros_msg/msg/detail/upper_joint_data__builder.hpp
[1.630s] -- Up-to-date: /workspace/action_data_offset_posture_ws/install/include/crb_ros_msg/crb_ros_msg/msg/rosidl_generator_cpp__visibility_control.hpp
[1.630s] -- Up-to-date: /workspace/action_data_offset_posture_ws/install/include/crb_ros_msg/crb_ros_msg/msg/upper_joint_data.hpp
[1.631s] -- Up-to-date: /workspace/action_data_offset_posture_ws/install/include/crb_ros_msg/crb_ros_msg
[1.631s] -- Up-to-date: /workspace/action_data_offset_posture_ws/install/include/crb_ros_msg/crb_ros_msg/action
[1.631s] -- Up-to-date: /workspace/action_data_offset_posture_ws/install/include/crb_ros_msg/crb_ros_msg/action/detail
[1.631s] -- Up-to-date: /workspace/action_data_offset_posture_ws/install/include/crb_ros_msg/crb_ros_msg/action/detail/action_play__rosidl_typesupport_fastrtps_cpp.hpp
[1.631s] -- Up-to-date: /workspace/action_data_offset_posture_ws/install/include/crb_ros_msg/crb_ros_msg/action/detail/dds_fastrtps
[1.631s] -- Up-to-date: /workspace/action_data_offset_posture_ws/install/include/crb_ros_msg/crb_ros_msg/msg
[1.631s] -- Up-to-date: /workspace/action_data_offset_posture_ws/install/include/crb_ros_msg/crb_ros_msg/msg/detail
[1.631s] -- Up-to-date: /workspace/action_data_offset_posture_ws/install/include/crb_ros_msg/crb_ros_msg/msg/detail/upper_joint_data__rosidl_typesupport_fastrtps_cpp.hpp
[1.631s] -- Up-to-date: /workspace/action_data_offset_posture_ws/install/include/crb_ros_msg/crb_ros_msg/msg/detail/dds_fastrtps
[1.631s] -- Up-to-date: /workspace/action_data_offset_posture_ws/install/include/crb_ros_msg/crb_ros_msg/msg/rosidl_typesupport_fastrtps_cpp__visibility_control.h
[1.631s] -- Up-to-date: /workspace/action_data_offset_posture_ws/install/lib/libcrb_ros_msg__rosidl_typesupport_fastrtps_cpp.so
[1.631s] -- Up-to-date: /workspace/action_data_offset_posture_ws/install/include/crb_ros_msg/crb_ros_msg
[1.631s] -- Up-to-date: /workspace/action_data_offset_posture_ws/install/include/crb_ros_msg/crb_ros_msg/action
[1.631s] -- Up-to-date: /workspace/action_data_offset_posture_ws/install/include/crb_ros_msg/crb_ros_msg/action/detail
[1.631s] -- Up-to-date: /workspace/action_data_offset_posture_ws/install/include/crb_ros_msg/crb_ros_msg/action/detail/action_play__rosidl_typesupport_introspection_cpp.hpp
[1.631s] -- Up-to-date: /workspace/action_data_offset_posture_ws/install/include/crb_ros_msg/crb_ros_msg/action/detail/action_play__type_support.cpp
[1.631s] -- Up-to-date: /workspace/action_data_offset_posture_ws/install/include/crb_ros_msg/crb_ros_msg/msg
[1.632s] -- Up-to-date: /workspace/action_data_offset_posture_ws/install/include/crb_ros_msg/crb_ros_msg/msg/detail
[1.632s] -- Up-to-date: /workspace/action_data_offset_posture_ws/install/include/crb_ros_msg/crb_ros_msg/msg/detail/upper_joint_data__rosidl_typesupport_introspection_cpp.hpp
[1.632s] -- Up-to-date: /workspace/action_data_offset_posture_ws/install/include/crb_ros_msg/crb_ros_msg/msg/detail/upper_joint_data__type_support.cpp
[1.632s] -- Up-to-date: /workspace/action_data_offset_posture_ws/install/lib/libcrb_ros_msg__rosidl_typesupport_introspection_cpp.so
[1.632s] -- Up-to-date: /workspace/action_data_offset_posture_ws/install/lib/libcrb_ros_msg__rosidl_typesupport_cpp.so
[1.632s] -- Up-to-date: /workspace/action_data_offset_posture_ws/install/share/crb_ros_msg/environment/pythonpath.sh
[1.632s] -- Installing: /workspace/action_data_offset_posture_ws/install/share/crb_ros_msg/environment/pythonpath.dsv
[1.632s] -- Up-to-date: /workspace/action_data_offset_posture_ws/install/local/lib/python3.10/dist-packages/crb_ros_msg-0.1.0-py3.10.egg-info
[1.632s] -- Installing: /workspace/action_data_offset_posture_ws/install/local/lib/python3.10/dist-packages/crb_ros_msg-0.1.0-py3.10.egg-info/PKG-INFO
[1.633s] -- Installing: /workspace/action_data_offset_posture_ws/install/local/lib/python3.10/dist-packages/crb_ros_msg-0.1.0-py3.10.egg-info/dependency_links.txt
[1.633s] -- Installing: /workspace/action_data_offset_posture_ws/install/local/lib/python3.10/dist-packages/crb_ros_msg-0.1.0-py3.10.egg-info/SOURCES.txt
[1.633s] -- Installing: /workspace/action_data_offset_posture_ws/install/local/lib/python3.10/dist-packages/crb_ros_msg-0.1.0-py3.10.egg-info/top_level.txt
[1.633s] -- Up-to-date: /workspace/action_data_offset_posture_ws/install/local/lib/python3.10/dist-packages/crb_ros_msg
[1.633s] -- Up-to-date: /workspace/action_data_offset_posture_ws/install/local/lib/python3.10/dist-packages/crb_ros_msg/libcrb_ros_msg__rosidl_generator_py.so
[1.633s] -- Installing: /workspace/action_data_offset_posture_ws/install/local/lib/python3.10/dist-packages/crb_ros_msg/crb_ros_msg_s__rosidl_typesupport_introspection_c.cpython-310-x86_64-linux-gnu.so
[1.633s] -- Up-to-date: /workspace/action_data_offset_posture_ws/install/local/lib/python3.10/dist-packages/crb_ros_msg/_crb_ros_msg_s.ep.rosidl_typesupport_fastrtps_c.c
[1.633s] -- Up-to-date: /workspace/action_data_offset_posture_ws/install/local/lib/python3.10/dist-packages/crb_ros_msg/_crb_ros_msg_s.ep.rosidl_typesupport_c.c
[1.634s] -- Up-to-date: /workspace/action_data_offset_posture_ws/install/local/lib/python3.10/dist-packages/crb_ros_msg/action
[1.634s] -- Up-to-date: /workspace/action_data_offset_posture_ws/install/local/lib/python3.10/dist-packages/crb_ros_msg/action/_action_play.py
[1.634s] -- Up-to-date: /workspace/action_data_offset_posture_ws/install/local/lib/python3.10/dist-packages/crb_ros_msg/action/__init__.py
[1.634s] -- Up-to-date: /workspace/action_data_offset_posture_ws/install/local/lib/python3.10/dist-packages/crb_ros_msg/action/_action_play_s.c
[1.634s] -- Installing: /workspace/action_data_offset_posture_ws/install/local/lib/python3.10/dist-packages/crb_ros_msg/__init__.py
[1.634s] -- Up-to-date: /workspace/action_data_offset_posture_ws/install/local/lib/python3.10/dist-packages/crb_ros_msg/msg
[1.634s] -- Up-to-date: /workspace/action_data_offset_posture_ws/install/local/lib/python3.10/dist-packages/crb_ros_msg/msg/_upper_joint_data.py
[1.634s] -- Up-to-date: /workspace/action_data_offset_posture_ws/install/local/lib/python3.10/dist-packages/crb_ros_msg/msg/_upper_joint_data_s.c
[1.634s] -- Up-to-date: /workspace/action_data_offset_posture_ws/install/local/lib/python3.10/dist-packages/crb_ros_msg/msg/__init__.py
[1.634s] -- Installing: /workspace/action_data_offset_posture_ws/install/local/lib/python3.10/dist-packages/crb_ros_msg/crb_ros_msg_s__rosidl_typesupport_fastrtps_c.cpython-310-x86_64-linux-gnu.so
[1.634s] -- Installing: /workspace/action_data_offset_posture_ws/install/local/lib/python3.10/dist-packages/crb_ros_msg/crb_ros_msg_s__rosidl_typesupport_c.cpython-310-x86_64-linux-gnu.so
[1.634s] -- Up-to-date: /workspace/action_data_offset_posture_ws/install/local/lib/python3.10/dist-packages/crb_ros_msg/_crb_ros_msg_s.ep.rosidl_typesupport_introspection_c.c
[1.662s] Listing '/workspace/action_data_offset_posture_ws/install/local/lib/python3.10/dist-packages/crb_ros_msg'...
[1.662s] Compiling '/workspace/action_data_offset_posture_ws/install/local/lib/python3.10/dist-packages/crb_ros_msg/__init__.py'...
[1.662s] Listing '/workspace/action_data_offset_posture_ws/install/local/lib/python3.10/dist-packages/crb_ros_msg/action'...
[1.662s] Listing '/workspace/action_data_offset_posture_ws/install/local/lib/python3.10/dist-packages/crb_ros_msg/msg'...
[1.665s] -- Installing: /workspace/action_data_offset_posture_ws/install/local/lib/python3.10/dist-packages/crb_ros_msg/crb_ros_msg_s__rosidl_typesupport_fastrtps_c.cpython-310-x86_64-linux-gnu.so
[1.666s] -- Set runtime path of "/workspace/action_data_offset_posture_ws/install/local/lib/python3.10/dist-packages/crb_ros_msg/crb_ros_msg_s__rosidl_typesupport_fastrtps_c.cpython-310-x86_64-linux-gnu.so" to ""
[1.666s] -- Installing: /workspace/action_data_offset_posture_ws/install/local/lib/python3.10/dist-packages/crb_ros_msg/crb_ros_msg_s__rosidl_typesupport_introspection_c.cpython-310-x86_64-linux-gnu.so
[1.666s] -- Set runtime path of "/workspace/action_data_offset_posture_ws/install/local/lib/python3.10/dist-packages/crb_ros_msg/crb_ros_msg_s__rosidl_typesupport_introspection_c.cpython-310-x86_64-linux-gnu.so" to ""
[1.667s] -- Installing: /workspace/action_data_offset_posture_ws/install/local/lib/python3.10/dist-packages/crb_ros_msg/crb_ros_msg_s__rosidl_typesupport_c.cpython-310-x86_64-linux-gnu.so
[1.667s] -- Set runtime path of "/workspace/action_data_offset_posture_ws/install/local/lib/python3.10/dist-packages/crb_ros_msg/crb_ros_msg_s__rosidl_typesupport_c.cpython-310-x86_64-linux-gnu.so" to ""
[1.668s] -- Up-to-date: /workspace/action_data_offset_posture_ws/install/lib/libcrb_ros_msg__rosidl_generator_py.so
[1.668s] -- Up-to-date: /workspace/action_data_offset_posture_ws/install/share/ament_index/resource_index/rust_packages/crb_ros_msg
[1.668s] -- Up-to-date: /workspace/action_data_offset_posture_ws/install/share/crb_ros_msg/rust
[1.668s] -- Up-to-date: /workspace/action_data_offset_posture_ws/install/share/crb_ros_msg/rust/src
[1.668s] -- Up-to-date: /workspace/action_data_offset_posture_ws/install/share/crb_ros_msg/rust/src/action.rs
[1.668s] -- Up-to-date: /workspace/action_data_offset_posture_ws/install/share/crb_ros_msg/rust/src/lib.rs
[1.668s] -- Up-to-date: /workspace/action_data_offset_posture_ws/install/share/crb_ros_msg/rust/src/action
[1.669s] -- Up-to-date: /workspace/action_data_offset_posture_ws/install/share/crb_ros_msg/rust/src/action/rmw.rs
[1.669s] -- Up-to-date: /workspace/action_data_offset_posture_ws/install/share/crb_ros_msg/rust/src/msg.rs
[1.669s] -- Up-to-date: /workspace/action_data_offset_posture_ws/install/share/crb_ros_msg/rust/src/msg
[1.669s] -- Up-to-date: /workspace/action_data_offset_posture_ws/install/share/crb_ros_msg/rust/src/msg/rmw.rs
[1.669s] -- Up-to-date: /workspace/action_data_offset_posture_ws/install/share/crb_ros_msg/rust/build.rs
[1.669s] -- Up-to-date: /workspace/action_data_offset_posture_ws/install/share/crb_ros_msg/rust/Cargo.toml
[1.669s] -- Up-to-date: /workspace/action_data_offset_posture_ws/install/share/crb_ros_msg/msg/UpperJointData.idl
[1.669s] -- Up-to-date: /workspace/action_data_offset_posture_ws/install/share/crb_ros_msg/action/ActionPlay.idl
[1.669s] -- Up-to-date: /workspace/action_data_offset_posture_ws/install/share/crb_ros_msg/msg/UpperJointData.msg
[1.670s] -- Up-to-date: /workspace/action_data_offset_posture_ws/install/share/crb_ros_msg/action/ActionPlay.action
[1.670s] -- Up-to-date: /workspace/action_data_offset_posture_ws/install/share/ament_index/resource_index/package_run_dependencies/crb_ros_msg
[1.670s] -- Installing: /workspace/action_data_offset_posture_ws/install/share/ament_index/resource_index/parent_prefix_path/crb_ros_msg
[1.670s] -- Up-to-date: /workspace/action_data_offset_posture_ws/install/share/crb_ros_msg/environment/ament_prefix_path.sh
[1.670s] -- Installing: /workspace/action_data_offset_posture_ws/install/share/crb_ros_msg/environment/ament_prefix_path.dsv
[1.670s] -- Up-to-date: /workspace/action_data_offset_posture_ws/install/share/crb_ros_msg/environment/path.sh
[1.670s] -- Installing: /workspace/action_data_offset_posture_ws/install/share/crb_ros_msg/environment/path.dsv
[1.670s] -- Up-to-date: /workspace/action_data_offset_posture_ws/install/share/crb_ros_msg/local_setup.bash
[1.671s] -- Up-to-date: /workspace/action_data_offset_posture_ws/install/share/crb_ros_msg/local_setup.sh
[1.671s] -- Up-to-date: /workspace/action_data_offset_posture_ws/install/share/crb_ros_msg/local_setup.zsh
[1.671s] -- Installing: /workspace/action_data_offset_posture_ws/install/share/crb_ros_msg/local_setup.dsv
[1.671s] -- Installing: /workspace/action_data_offset_posture_ws/install/share/crb_ros_msg/package.dsv
[1.671s] -- Up-to-date: /workspace/action_data_offset_posture_ws/install/share/ament_index/resource_index/packages/crb_ros_msg
[1.671s] -- Up-to-date: /workspace/action_data_offset_posture_ws/install/share/crb_ros_msg/cmake/export_crb_ros_msg__rosidl_generator_cExport.cmake
[1.671s] -- Up-to-date: /workspace/action_data_offset_posture_ws/install/share/crb_ros_msg/cmake/export_crb_ros_msg__rosidl_generator_cExport-release.cmake
[1.671s] -- Up-to-date: /workspace/action_data_offset_posture_ws/install/share/crb_ros_msg/cmake/export_crb_ros_msg__rosidl_typesupport_fastrtps_cExport.cmake
[1.672s] -- Up-to-date: /workspace/action_data_offset_posture_ws/install/share/crb_ros_msg/cmake/export_crb_ros_msg__rosidl_typesupport_fastrtps_cExport-release.cmake
[1.672s] -- Up-to-date: /workspace/action_data_offset_posture_ws/install/share/crb_ros_msg/cmake/crb_ros_msg__rosidl_typesupport_introspection_cExport.cmake
[1.672s] -- Up-to-date: /workspace/action_data_offset_posture_ws/install/share/crb_ros_msg/cmake/crb_ros_msg__rosidl_typesupport_introspection_cExport-release.cmake
[1.672s] -- Up-to-date: /workspace/action_data_offset_posture_ws/install/share/crb_ros_msg/cmake/crb_ros_msg__rosidl_typesupport_cExport.cmake
[1.672s] -- Up-to-date: /workspace/action_data_offset_posture_ws/install/share/crb_ros_msg/cmake/crb_ros_msg__rosidl_typesupport_cExport-release.cmake
[1.672s] -- Up-to-date: /workspace/action_data_offset_posture_ws/install/share/crb_ros_msg/cmake/export_crb_ros_msg__rosidl_generator_cppExport.cmake
[1.672s] -- Up-to-date: /workspace/action_data_offset_posture_ws/install/share/crb_ros_msg/cmake/export_crb_ros_msg__rosidl_typesupport_fastrtps_cppExport.cmake
[1.672s] -- Up-to-date: /workspace/action_data_offset_posture_ws/install/share/crb_ros_msg/cmake/export_crb_ros_msg__rosidl_typesupport_fastrtps_cppExport-release.cmake
[1.672s] -- Up-to-date: /workspace/action_data_offset_posture_ws/install/share/crb_ros_msg/cmake/crb_ros_msg__rosidl_typesupport_introspection_cppExport.cmake
[1.672s] -- Up-to-date: /workspace/action_data_offset_posture_ws/install/share/crb_ros_msg/cmake/crb_ros_msg__rosidl_typesupport_introspection_cppExport-release.cmake
[1.673s] -- Up-to-date: /workspace/action_data_offset_posture_ws/install/share/crb_ros_msg/cmake/crb_ros_msg__rosidl_typesupport_cppExport.cmake
[1.673s] -- Up-to-date: /workspace/action_data_offset_posture_ws/install/share/crb_ros_msg/cmake/crb_ros_msg__rosidl_typesupport_cppExport-release.cmake
[1.673s] -- Up-to-date: /workspace/action_data_offset_posture_ws/install/share/crb_ros_msg/cmake/export_crb_ros_msg__rosidl_generator_pyExport.cmake
[1.674s] -- Up-to-date: /workspace/action_data_offset_posture_ws/install/share/crb_ros_msg/cmake/export_crb_ros_msg__rosidl_generator_pyExport-release.cmake
[1.674s] -- Up-to-date: /workspace/action_data_offset_posture_ws/install/share/crb_ros_msg/cmake/rosidl_cmake-extras.cmake
[1.674s] -- Up-to-date: /workspace/action_data_offset_posture_ws/install/share/crb_ros_msg/cmake/ament_cmake_export_dependencies-extras.cmake
[1.674s] -- Up-to-date: /workspace/action_data_offset_posture_ws/install/share/crb_ros_msg/cmake/ament_cmake_export_include_directories-extras.cmake
[1.675s] -- Up-to-date: /workspace/action_data_offset_posture_ws/install/share/crb_ros_msg/cmake/ament_cmake_export_libraries-extras.cmake
[1.675s] -- Up-to-date: /workspace/action_data_offset_posture_ws/install/share/crb_ros_msg/cmake/ament_cmake_export_targets-extras.cmake
[1.675s] -- Up-to-date: /workspace/action_data_offset_posture_ws/install/share/crb_ros_msg/cmake/rosidl_cmake_export_typesupport_targets-extras.cmake
[1.675s] -- Up-to-date: /workspace/action_data_offset_posture_ws/install/share/crb_ros_msg/cmake/rosidl_cmake_export_typesupport_libraries-extras.cmake
[1.675s] -- Up-to-date: /workspace/action_data_offset_posture_ws/install/share/crb_ros_msg/cmake/crb_ros_msgConfig.cmake
[1.675s] -- Up-to-date: /workspace/action_data_offset_posture_ws/install/share/crb_ros_msg/cmake/crb_ros_msgConfig-version.cmake
[1.676s] -- Up-to-date: /workspace/action_data_offset_posture_ws/install/share/crb_ros_msg/package.xml
[1.676s] Invoked command in '/workspace/action_data_offset_posture_ws/build/crb_ros_msg' returned '0': CMAKE_PREFIX_PATH=/opt/rootfs_2204_aarch64/opt/ros/humble /usr/bin/cmake --install /workspace/action_data_offset_posture_ws/build/crb_ros_msg
