-- Using SECURITY: ON.
-- Using BUILD_TESTING: OFF.
-- Using CMAKE_TOOLCHAIN_FILE: /workspace/action_data_offset_ws/docker_env/environment/cmake-toolchains/generic_pc.cmake.
-- Using CATKIN_INSTALL_INTO_PREFIX_ROOT: .
-- Found ament_cmake: 1.3.12 (/opt/ros/humble/share/ament_cmake/cmake)
-- Found rosidl_default_generators: 1.2.0 (/opt/ros/humble/share/rosidl_default_generators/cmake)
-- Using all available rosidl_typesupport_c: rosidl_typesupport_fastrtps_c;rosidl_typesupport_introspection_c
-- Found rosidl_adapter: 3.1.7 (/opt/ros/humble/share/rosidl_adapter/cmake)
-- Using all available rosidl_typesupport_cpp: rosidl_typesupport_fastrtps_cpp;rosidl_typesupport_introspection_cpp
-- Found std_msgs: 4.9.0 (/opt/ros/humble/share/std_msgs/cmake)
-- Found sensor_msgs: 4.9.0 (/opt/ros/humble/share/sensor_msgs/cmake)
-- Found ament_cmake_ros: 0.10.0 (/opt/ros/humble/share/ament_cmake_ros/cmake)
-- Using all available rosidl_typesupport_c: rosidl_typesupport_fastrtps_c;rosidl_typesupport_introspection_c
-- Using all available rosidl_typesupport_cpp: rosidl_typesupport_fastrtps_cpp;rosidl_typesupport_introspection_cpp
-- Found python_cmake_module: 0.10.0 (/opt/ros/humble/share/python_cmake_module/cmake)
-- Using PYTHON_EXECUTABLE: /usr/bin/python3
-- Using PYTHON_INCLUDE_DIRS: /usr/include/python3.10
-- Using PYTHON_LIBRARIES: /usr/lib/x86_64-linux-gnu/libpython3.10.so
-- Configuring done
-- Generating done
-- Build files have been written to: /workspace/action_data_offset_ws/build_x86/crb_ros_msg
/usr/bin/cmake -S/workspace/action_data_offset_ws/src/crb_ros_msg -B/workspace/action_data_offset_ws/build_x86/crb_ros_msg --check-build-system CMakeFiles/Makefile.cmake 0
/usr/bin/cmake -E cmake_progress_start /workspace/action_data_offset_ws/build_x86/crb_ros_msg/CMakeFiles /workspace/action_data_offset_ws/build_x86/crb_ros_msg//CMakeFiles/progress.marks
/usr/bin/gmake  -f CMakeFiles/Makefile2 all
gmake[1]: Entering directory '/workspace/action_data_offset_ws/build_x86/crb_ros_msg'
/usr/bin/gmake  -f CMakeFiles/crb_ros_msg__cpp.dir/build.make CMakeFiles/crb_ros_msg__cpp.dir/depend
/usr/bin/gmake  -f CMakeFiles/crb_ros_msg__rosidl_generator_c.dir/build.make CMakeFiles/crb_ros_msg__rosidl_generator_c.dir/depend
/usr/bin/gmake  -f CMakeFiles/ament_cmake_python_copy_crb_ros_msg.dir/build.make CMakeFiles/ament_cmake_python_copy_crb_ros_msg.dir/depend
gmake[2]: Entering directory '/workspace/action_data_offset_ws/build_x86/crb_ros_msg'
cd /workspace/action_data_offset_ws/build_x86/crb_ros_msg && /usr/bin/cmake -E cmake_depends "Unix Makefiles" /workspace/action_data_offset_ws/src/crb_ros_msg /workspace/action_data_offset_ws/src/crb_ros_msg /workspace/action_data_offset_ws/build_x86/crb_ros_msg /workspace/action_data_offset_ws/build_x86/crb_ros_msg /workspace/action_data_offset_ws/build_x86/crb_ros_msg/CMakeFiles/crb_ros_msg__cpp.dir/DependInfo.cmake --color=
gmake[2]: Entering directory '/workspace/action_data_offset_ws/build_x86/crb_ros_msg'
cd /workspace/action_data_offset_ws/build_x86/crb_ros_msg && /usr/bin/cmake -E cmake_depends "Unix Makefiles" /workspace/action_data_offset_ws/src/crb_ros_msg /workspace/action_data_offset_ws/src/crb_ros_msg /workspace/action_data_offset_ws/build_x86/crb_ros_msg /workspace/action_data_offset_ws/build_x86/crb_ros_msg /workspace/action_data_offset_ws/build_x86/crb_ros_msg/CMakeFiles/ament_cmake_python_copy_crb_ros_msg.dir/DependInfo.cmake --color=
gmake[2]: Entering directory '/workspace/action_data_offset_ws/build_x86/crb_ros_msg'
cd /workspace/action_data_offset_ws/build_x86/crb_ros_msg && /usr/bin/cmake -E cmake_depends "Unix Makefiles" /workspace/action_data_offset_ws/src/crb_ros_msg /workspace/action_data_offset_ws/src/crb_ros_msg /workspace/action_data_offset_ws/build_x86/crb_ros_msg /workspace/action_data_offset_ws/build_x86/crb_ros_msg /workspace/action_data_offset_ws/build_x86/crb_ros_msg/CMakeFiles/crb_ros_msg__rosidl_generator_c.dir/DependInfo.cmake --color=
Dependencies file "CMakeFiles/crb_ros_msg__rosidl_generator_c.dir/rosidl_generator_c/crb_ros_msg/msg/detail/upper_joint_data__functions.c.o.d" is newer than depends file "/workspace/action_data_offset_ws/build_x86/crb_ros_msg/CMakeFiles/crb_ros_msg__rosidl_generator_c.dir/compiler_depend.internal".
[35m[1mConsolidate compiler generated dependencies of target crb_ros_msg__rosidl_generator_c[0m
gmake[2]: Leaving directory '/workspace/action_data_offset_ws/build_x86/crb_ros_msg'
/usr/bin/gmake  -f CMakeFiles/ament_cmake_python_copy_crb_ros_msg.dir/build.make CMakeFiles/ament_cmake_python_copy_crb_ros_msg.dir/build
gmake[2]: Leaving directory '/workspace/action_data_offset_ws/build_x86/crb_ros_msg'
/usr/bin/gmake  -f CMakeFiles/crb_ros_msg__cpp.dir/build.make CMakeFiles/crb_ros_msg__cpp.dir/build
gmake[2]: Leaving directory '/workspace/action_data_offset_ws/build_x86/crb_ros_msg'
/usr/bin/gmake  -f CMakeFiles/crb_ros_msg__rosidl_generator_c.dir/build.make CMakeFiles/crb_ros_msg__rosidl_generator_c.dir/build
gmake[2]: Entering directory '/workspace/action_data_offset_ws/build_x86/crb_ros_msg'
/usr/bin/cmake -E copy_directory /workspace/action_data_offset_ws/build_x86/crb_ros_msg/rosidl_generator_py/crb_ros_msg /workspace/action_data_offset_ws/build_x86/crb_ros_msg/ament_cmake_python/crb_ros_msg/crb_ros_msg
gmake[2]: Entering directory '/workspace/action_data_offset_ws/build_x86/crb_ros_msg'
gmake[2]: Nothing to be done for 'CMakeFiles/crb_ros_msg__cpp.dir/build'.
gmake[2]: Leaving directory '/workspace/action_data_offset_ws/build_x86/crb_ros_msg'
gmake[2]: Entering directory '/workspace/action_data_offset_ws/build_x86/crb_ros_msg'
[  6%] Built target crb_ros_msg__cpp
[  6%] [32mBuilding C object CMakeFiles/crb_ros_msg__rosidl_generator_c.dir/rosidl_generator_c/crb_ros_msg/msg/detail/upper_joint_data__functions.c.o[0m
/usr/bin/cc -DRCUTILS_ENABLE_FAULT_INJECTION -DROSIDL_GENERATOR_C_BUILDING_DLL_crb_ros_msg -DROS_PACKAGE_NAME=\"crb_ros_msg\" -I/workspace/action_data_offset_ws/docker_env/environment/x86_prebuild/install_2204_qpOASES_x86/include -I/workspace/action_data_offset_ws/docker_env/environment/x86_prebuild/install_2204_glog_x86/include -I/workspace/action_data_offset_ws/docker_env/environment/x86_prebuild/onnxruntime-linux-x64-1.19.0/include -I/opt/ros/humble/include -I/workspace/action_data_offset_ws/install:/opt/ros/humble/include -I/usr/include/eigen3 -I/workspace/action_data_offset_ws/build_x86/crb_ros_msg/rosidl_generator_c -isystem /opt/ros/humble/include/std_msgs -isystem /opt/ros/humble/include/builtin_interfaces -isystem /opt/ros/humble/include/rosidl_runtime_c -isystem /opt/ros/humble/include/rcutils -isystem /opt/ros/humble/include/rosidl_typesupport_interface -isystem /opt/ros/humble/include/sensor_msgs -isystem /opt/ros/humble/include/geometry_msgs -fPIC -Wall -std=gnu11 -MD -MT CMakeFiles/crb_ros_msg__rosidl_generator_c.dir/rosidl_generator_c/crb_ros_msg/msg/detail/upper_joint_data__functions.c.o -MF CMakeFiles/crb_ros_msg__rosidl_generator_c.dir/rosidl_generator_c/crb_ros_msg/msg/detail/upper_joint_data__functions.c.o.d -o CMakeFiles/crb_ros_msg__rosidl_generator_c.dir/rosidl_generator_c/crb_ros_msg/msg/detail/upper_joint_data__functions.c.o -c /workspace/action_data_offset_ws/build_x86/crb_ros_msg/rosidl_generator_c/crb_ros_msg/msg/detail/upper_joint_data__functions.c
/usr/bin/gmake  -f CMakeFiles/crb_ros_msg__rosidl_typesupport_cpp.dir/build.make CMakeFiles/crb_ros_msg__rosidl_typesupport_cpp.dir/depend
/usr/bin/gmake  -f CMakeFiles/crb_ros_msg__rosidl_typesupport_fastrtps_cpp.dir/build.make CMakeFiles/crb_ros_msg__rosidl_typesupport_fastrtps_cpp.dir/depend
/usr/bin/gmake  -f CMakeFiles/crb_ros_msg__rosidl_typesupport_introspection_cpp.dir/build.make CMakeFiles/crb_ros_msg__rosidl_typesupport_introspection_cpp.dir/depend
gmake[2]: Entering directory '/workspace/action_data_offset_ws/build_x86/crb_ros_msg'
cd /workspace/action_data_offset_ws/build_x86/crb_ros_msg && /usr/bin/cmake -E cmake_depends "Unix Makefiles" /workspace/action_data_offset_ws/src/crb_ros_msg /workspace/action_data_offset_ws/src/crb_ros_msg /workspace/action_data_offset_ws/build_x86/crb_ros_msg /workspace/action_data_offset_ws/build_x86/crb_ros_msg /workspace/action_data_offset_ws/build_x86/crb_ros_msg/CMakeFiles/crb_ros_msg__rosidl_typesupport_cpp.dir/DependInfo.cmake --color=
gmake[2]: Entering directory '/workspace/action_data_offset_ws/build_x86/crb_ros_msg'
cd /workspace/action_data_offset_ws/build_x86/crb_ros_msg && /usr/bin/cmake -E cmake_depends "Unix Makefiles" /workspace/action_data_offset_ws/src/crb_ros_msg /workspace/action_data_offset_ws/src/crb_ros_msg /workspace/action_data_offset_ws/build_x86/crb_ros_msg /workspace/action_data_offset_ws/build_x86/crb_ros_msg /workspace/action_data_offset_ws/build_x86/crb_ros_msg/CMakeFiles/crb_ros_msg__rosidl_typesupport_introspection_cpp.dir/DependInfo.cmake --color=
gmake[2]: Entering directory '/workspace/action_data_offset_ws/build_x86/crb_ros_msg'
cd /workspace/action_data_offset_ws/build_x86/crb_ros_msg && /usr/bin/cmake -E cmake_depends "Unix Makefiles" /workspace/action_data_offset_ws/src/crb_ros_msg /workspace/action_data_offset_ws/src/crb_ros_msg /workspace/action_data_offset_ws/build_x86/crb_ros_msg /workspace/action_data_offset_ws/build_x86/crb_ros_msg /workspace/action_data_offset_ws/build_x86/crb_ros_msg/CMakeFiles/crb_ros_msg__rosidl_typesupport_fastrtps_cpp.dir/DependInfo.cmake --color=
gmake[2]: Leaving directory '/workspace/action_data_offset_ws/build_x86/crb_ros_msg'
Dependencies file "CMakeFiles/crb_ros_msg__rosidl_typesupport_cpp.dir/rosidl_typesupport_cpp/crb_ros_msg/msg/upper_joint_data__type_support.cpp.o.d" is newer than depends file "/workspace/action_data_offset_ws/build_x86/crb_ros_msg/CMakeFiles/crb_ros_msg__rosidl_typesupport_cpp.dir/compiler_depend.internal".
Dependencies file "CMakeFiles/crb_ros_msg__rosidl_typesupport_introspection_cpp.dir/rosidl_typesupport_introspection_cpp/crb_ros_msg/msg/detail/upper_joint_data__type_support.cpp.o.d" is newer than depends file "/workspace/action_data_offset_ws/build_x86/crb_ros_msg/CMakeFiles/crb_ros_msg__rosidl_typesupport_introspection_cpp.dir/compiler_depend.internal".
[35m[1mConsolidate compiler generated dependencies of target crb_ros_msg__rosidl_typesupport_cpp[0m
[35m[1mConsolidate compiler generated dependencies of target crb_ros_msg__rosidl_typesupport_introspection_cpp[0m
Dependencies file "CMakeFiles/crb_ros_msg__rosidl_typesupport_fastrtps_cpp.dir/rosidl_typesupport_fastrtps_cpp/crb_ros_msg/msg/detail/dds_fastrtps/upper_joint_data__type_support.cpp.o.d" is newer than depends file "/workspace/action_data_offset_ws/build_x86/crb_ros_msg/CMakeFiles/crb_ros_msg__rosidl_typesupport_fastrtps_cpp.dir/compiler_depend.internal".
[35m[1mConsolidate compiler generated dependencies of target crb_ros_msg__rosidl_typesupport_fastrtps_cpp[0m
[  6%] Built target ament_cmake_python_copy_crb_ros_msg
/usr/bin/gmake  -f CMakeFiles/ament_cmake_python_build_crb_ros_msg_egg.dir/build.make CMakeFiles/ament_cmake_python_build_crb_ros_msg_egg.dir/depend
gmake[2]: Entering directory '/workspace/action_data_offset_ws/build_x86/crb_ros_msg'
cd /workspace/action_data_offset_ws/build_x86/crb_ros_msg && /usr/bin/cmake -E cmake_depends "Unix Makefiles" /workspace/action_data_offset_ws/src/crb_ros_msg /workspace/action_data_offset_ws/src/crb_ros_msg /workspace/action_data_offset_ws/build_x86/crb_ros_msg /workspace/action_data_offset_ws/build_x86/crb_ros_msg /workspace/action_data_offset_ws/build_x86/crb_ros_msg/CMakeFiles/ament_cmake_python_build_crb_ros_msg_egg.dir/DependInfo.cmake --color=
gmake[2]: Leaving directory '/workspace/action_data_offset_ws/build_x86/crb_ros_msg'
/usr/bin/gmake  -f CMakeFiles/crb_ros_msg__rosidl_typesupport_introspection_cpp.dir/build.make CMakeFiles/crb_ros_msg__rosidl_typesupport_introspection_cpp.dir/build
gmake[2]: Leaving directory '/workspace/action_data_offset_ws/build_x86/crb_ros_msg'
gmake[2]: Leaving directory '/workspace/action_data_offset_ws/build_x86/crb_ros_msg'
/usr/bin/gmake  -f CMakeFiles/crb_ros_msg__rosidl_typesupport_fastrtps_cpp.dir/build.make CMakeFiles/crb_ros_msg__rosidl_typesupport_fastrtps_cpp.dir/build
/usr/bin/gmake  -f CMakeFiles/crb_ros_msg__rosidl_typesupport_cpp.dir/build.make CMakeFiles/crb_ros_msg__rosidl_typesupport_cpp.dir/build
gmake[2]: Entering directory '/workspace/action_data_offset_ws/build_x86/crb_ros_msg'
gmake[2]: Entering directory '/workspace/action_data_offset_ws/build_x86/crb_ros_msg'
gmake[2]: Leaving directory '/workspace/action_data_offset_ws/build_x86/crb_ros_msg'
/usr/bin/gmake  -f CMakeFiles/ament_cmake_python_build_crb_ros_msg_egg.dir/build.make CMakeFiles/ament_cmake_python_build_crb_ros_msg_egg.dir/build
gmake[2]: Entering directory '/workspace/action_data_offset_ws/build_x86/crb_ros_msg'
gmake[2]: Entering directory '/workspace/action_data_offset_ws/build_x86/crb_ros_msg'
cd /workspace/action_data_offset_ws/build_x86/crb_ros_msg/ament_cmake_python/crb_ros_msg && /usr/bin/python3 setup.py egg_info
[  9%] [32mBuilding CXX object CMakeFiles/crb_ros_msg__rosidl_typesupport_introspection_cpp.dir/rosidl_typesupport_introspection_cpp/crb_ros_msg/msg/detail/upper_joint_data__type_support.cpp.o[0m
/usr/bin/c++ -DRCUTILS_ENABLE_FAULT_INJECTION -DROSIDL_TYPESUPPORT_INTROSPECTION_CPP_BUILDING_DLL -DROS_PACKAGE_NAME=\"crb_ros_msg\" -I/workspace/action_data_offset_ws/docker_env/environment/x86_prebuild/install_2204_qpOASES_x86/include -I/workspace/action_data_offset_ws/docker_env/environment/x86_prebuild/install_2204_glog_x86/include -I/workspace/action_data_offset_ws/docker_env/environment/x86_prebuild/onnxruntime-linux-x64-1.19.0/include -I/opt/ros/humble/include -I/workspace/action_data_offset_ws/install:/opt/ros/humble/include -I/usr/include/eigen3 -I/workspace/action_data_offset_ws/build_x86/crb_ros_msg/rosidl_typesupport_introspection_cpp -I/workspace/action_data_offset_ws/build_x86/crb_ros_msg/rosidl_generator_cpp -isystem /opt/ros/humble/include/std_msgs -isystem /opt/ros/humble/include/builtin_interfaces -isystem /opt/ros/humble/include/rosidl_runtime_cpp -isystem /opt/ros/humble/include/rosidl_runtime_c -isystem /opt/ros/humble/include/rcutils -isystem /opt/ros/humble/include/rosidl_typesupport_interface -isystem /opt/ros/humble/include/sensor_msgs -isystem /opt/ros/humble/include/geometry_msgs -isystem /opt/ros/humble/include/rosidl_typesupport_introspection_cpp -isystem /opt/ros/humble/include/rosidl_typesupport_introspection_c -fPIC -DUBUNTU2204 -Wno-unused-variable -Wno-unused-but-set-variable -Wno-unused-parameter -Wno-deprecated-declarations -Wno-reorder -Wno-attributes -Wno-maybe-uninitialized -Wno-return-type -DTARGET_MUJOCO=1 -O3 -DROS_VERSION_2 -Wall -Wextra -Wpedantic -MD -MT CMakeFiles/crb_ros_msg__rosidl_typesupport_introspection_cpp.dir/rosidl_typesupport_introspection_cpp/crb_ros_msg/msg/detail/upper_joint_data__type_support.cpp.o -MF CMakeFiles/crb_ros_msg__rosidl_typesupport_introspection_cpp.dir/rosidl_typesupport_introspection_cpp/crb_ros_msg/msg/detail/upper_joint_data__type_support.cpp.o.d -o CMakeFiles/crb_ros_msg__rosidl_typesupport_introspection_cpp.dir/rosidl_typesupport_introspection_cpp/crb_ros_msg/msg/detail/upper_joint_data__type_support.cpp.o -c /workspace/action_data_offset_ws/build_x86/crb_ros_msg/rosidl_typesupport_introspection_cpp/crb_ros_msg/msg/detail/upper_joint_data__type_support.cpp
[ 12%] [32mBuilding CXX object CMakeFiles/crb_ros_msg__rosidl_typesupport_fastrtps_cpp.dir/rosidl_typesupport_fastrtps_cpp/crb_ros_msg/msg/detail/dds_fastrtps/upper_joint_data__type_support.cpp.o[0m
[ 16%] [32mBuilding CXX object CMakeFiles/crb_ros_msg__rosidl_typesupport_cpp.dir/rosidl_typesupport_cpp/crb_ros_msg/msg/upper_joint_data__type_support.cpp.o[0m
/usr/bin/c++ -DRCUTILS_ENABLE_FAULT_INJECTION -DROSIDL_TYPESUPPORT_FASTRTPS_CPP_BUILDING_DLL_crb_ros_msg -DROS_PACKAGE_NAME=\"crb_ros_msg\" -I/workspace/action_data_offset_ws/docker_env/environment/x86_prebuild/install_2204_qpOASES_x86/include -I/workspace/action_data_offset_ws/docker_env/environment/x86_prebuild/install_2204_glog_x86/include -I/workspace/action_data_offset_ws/docker_env/environment/x86_prebuild/onnxruntime-linux-x64-1.19.0/include -I/opt/ros/humble/include -I/workspace/action_data_offset_ws/install:/opt/ros/humble/include -I/usr/include/eigen3 -I/workspace/action_data_offset_ws/build_x86/crb_ros_msg/rosidl_typesupport_fastrtps_cpp -I/workspace/action_data_offset_ws/build_x86/crb_ros_msg/rosidl_generator_cpp -isystem /opt/ros/humble/include/fastcdr -isystem /opt/ros/humble/include/rmw -isystem /opt/ros/humble/include/rcutils -isystem /opt/ros/humble/include/rosidl_runtime_c -isystem /opt/ros/humble/include/rosidl_typesupport_interface -isystem /opt/ros/humble/include/rosidl_runtime_cpp -isystem /opt/ros/humble/include/rosidl_typesupport_fastrtps_cpp -isystem /opt/ros/humble/include/std_msgs -isystem /opt/ros/humble/include/builtin_interfaces -isystem /opt/ros/humble/include/sensor_msgs -isystem /opt/ros/humble/include/geometry_msgs -fPIC -DUBUNTU2204 -Wno-unused-variable -Wno-unused-but-set-variable -Wno-unused-parameter -Wno-deprecated-declarations -Wno-reorder -Wno-attributes -Wno-maybe-uninitialized -Wno-return-type -DTARGET_MUJOCO=1 -O3 -DROS_VERSION_2 -Wall -Wextra -Wpedantic -Wredundant-decls -std=gnu++14 -MD -MT CMakeFiles/crb_ros_msg__rosidl_typesupport_fastrtps_cpp.dir/rosidl_typesupport_fastrtps_cpp/crb_ros_msg/msg/detail/dds_fastrtps/upper_joint_data__type_support.cpp.o -MF CMakeFiles/crb_ros_msg__rosidl_typesupport_fastrtps_cpp.dir/rosidl_typesupport_fastrtps_cpp/crb_ros_msg/msg/detail/dds_fastrtps/upper_joint_data__type_support.cpp.o.d -o CMakeFiles/crb_ros_msg__rosidl_typesupport_fastrtps_cpp.dir/rosidl_typesupport_fastrtps_cpp/crb_ros_msg/msg/detail/dds_fastrtps/upper_joint_data__type_support.cpp.o -c /workspace/action_data_offset_ws/build_x86/crb_ros_msg/rosidl_typesupport_fastrtps_cpp/crb_ros_msg/msg/detail/dds_fastrtps/upper_joint_data__type_support.cpp
/usr/bin/c++ -DRCUTILS_ENABLE_FAULT_INJECTION -DROSIDL_TYPESUPPORT_CPP_BUILDING_DLL -DROS_PACKAGE_NAME=\"crb_ros_msg\" -I/workspace/action_data_offset_ws/docker_env/environment/x86_prebuild/install_2204_qpOASES_x86/include -I/workspace/action_data_offset_ws/docker_env/environment/x86_prebuild/install_2204_glog_x86/include -I/workspace/action_data_offset_ws/docker_env/environment/x86_prebuild/onnxruntime-linux-x64-1.19.0/include -I/opt/ros/humble/include -I/workspace/action_data_offset_ws/install:/opt/ros/humble/include -I/usr/include/eigen3 -I/workspace/action_data_offset_ws/build_x86/crb_ros_msg/rosidl_generator_cpp -isystem /opt/ros/humble/include/std_msgs -isystem /opt/ros/humble/include/builtin_interfaces -isystem /opt/ros/humble/include/rosidl_runtime_cpp -isystem /opt/ros/humble/include/rosidl_runtime_c -isystem /opt/ros/humble/include/rcutils -isystem /opt/ros/humble/include/rosidl_typesupport_interface -isystem /opt/ros/humble/include/sensor_msgs -isystem /opt/ros/humble/include/geometry_msgs -isystem /opt/ros/humble/include/rosidl_typesupport_cpp -isystem /opt/ros/humble/include/rosidl_typesupport_c -fPIC -DUBUNTU2204 -Wno-unused-variable -Wno-unused-but-set-variable -Wno-unused-parameter -Wno-deprecated-declarations -Wno-reorder -Wno-attributes -Wno-maybe-uninitialized -Wno-return-type -DTARGET_MUJOCO=1 -O3 -DROS_VERSION_2 -Wall -Wextra -Wpedantic -std=gnu++14 -MD -MT CMakeFiles/crb_ros_msg__rosidl_typesupport_cpp.dir/rosidl_typesupport_cpp/crb_ros_msg/msg/upper_joint_data__type_support.cpp.o -MF CMakeFiles/crb_ros_msg__rosidl_typesupport_cpp.dir/rosidl_typesupport_cpp/crb_ros_msg/msg/upper_joint_data__type_support.cpp.o.d -o CMakeFiles/crb_ros_msg__rosidl_typesupport_cpp.dir/rosidl_typesupport_cpp/crb_ros_msg/msg/upper_joint_data__type_support.cpp.o -c /workspace/action_data_offset_ws/build_x86/crb_ros_msg/rosidl_typesupport_cpp/crb_ros_msg/msg/upper_joint_data__type_support.cpp
[ 19%] [32m[1mLinking C shared library libcrb_ros_msg__rosidl_generator_c.so[0m
/usr/bin/cmake -E cmake_link_script CMakeFiles/crb_ros_msg__rosidl_generator_c.dir/link.txt --verbose=1
/usr/bin/cc -fPIC -shared -Wl,-soname,libcrb_ros_msg__rosidl_generator_c.so -o libcrb_ros_msg__rosidl_generator_c.so CMakeFiles/crb_ros_msg__rosidl_generator_c.dir/rosidl_generator_c/crb_ros_msg/msg/detail/upper_joint_data__functions.c.o   -L/workspace/action_data_offset_ws/install:/opt/ros/humble/lib  -Wl,-rpath,/workspace/action_data_offset_ws/install:/opt/ros/humble/lib: /opt/ros/humble/lib/libsensor_msgs__rosidl_generator_c.so /opt/ros/humble/lib/libgeometry_msgs__rosidl_generator_c.so /opt/ros/humble/lib/libstd_msgs__rosidl_generator_c.so /opt/ros/humble/lib/libbuiltin_interfaces__rosidl_generator_c.so /opt/ros/humble/lib/librosidl_runtime_c.so /opt/ros/humble/lib/librcutils.so -ldl 
gmake[2]: Leaving directory '/workspace/action_data_offset_ws/build_x86/crb_ros_msg'
[ 22%] Built target crb_ros_msg__rosidl_generator_c
/usr/bin/gmake  -f CMakeFiles/crb_ros_msg__rosidl_typesupport_fastrtps_c.dir/build.make CMakeFiles/crb_ros_msg__rosidl_typesupport_fastrtps_c.dir/depend
/usr/bin/gmake  -f CMakeFiles/crb_ros_msg__rosidl_typesupport_introspection_c.dir/build.make CMakeFiles/crb_ros_msg__rosidl_typesupport_introspection_c.dir/depend
/usr/bin/gmake  -f CMakeFiles/crb_ros_msg__rosidl_typesupport_c.dir/build.make CMakeFiles/crb_ros_msg__rosidl_typesupport_c.dir/depend
gmake[2]: Entering directory '/workspace/action_data_offset_ws/build_x86/crb_ros_msg'
cd /workspace/action_data_offset_ws/build_x86/crb_ros_msg && /usr/bin/cmake -E cmake_depends "Unix Makefiles" /workspace/action_data_offset_ws/src/crb_ros_msg /workspace/action_data_offset_ws/src/crb_ros_msg /workspace/action_data_offset_ws/build_x86/crb_ros_msg /workspace/action_data_offset_ws/build_x86/crb_ros_msg /workspace/action_data_offset_ws/build_x86/crb_ros_msg/CMakeFiles/crb_ros_msg__rosidl_typesupport_c.dir/DependInfo.cmake --color=
gmake[2]: Entering directory '/workspace/action_data_offset_ws/build_x86/crb_ros_msg'
cd /workspace/action_data_offset_ws/build_x86/crb_ros_msg && /usr/bin/cmake -E cmake_depends "Unix Makefiles" /workspace/action_data_offset_ws/src/crb_ros_msg /workspace/action_data_offset_ws/src/crb_ros_msg /workspace/action_data_offset_ws/build_x86/crb_ros_msg /workspace/action_data_offset_ws/build_x86/crb_ros_msg /workspace/action_data_offset_ws/build_x86/crb_ros_msg/CMakeFiles/crb_ros_msg__rosidl_typesupport_introspection_c.dir/DependInfo.cmake --color=
gmake[2]: Entering directory '/workspace/action_data_offset_ws/build_x86/crb_ros_msg'
cd /workspace/action_data_offset_ws/build_x86/crb_ros_msg && /usr/bin/cmake -E cmake_depends "Unix Makefiles" /workspace/action_data_offset_ws/src/crb_ros_msg /workspace/action_data_offset_ws/src/crb_ros_msg /workspace/action_data_offset_ws/build_x86/crb_ros_msg /workspace/action_data_offset_ws/build_x86/crb_ros_msg /workspace/action_data_offset_ws/build_x86/crb_ros_msg/CMakeFiles/crb_ros_msg__rosidl_typesupport_fastrtps_c.dir/DependInfo.cmake --color=
Dependencies file "CMakeFiles/crb_ros_msg__rosidl_typesupport_c.dir/rosidl_typesupport_c/crb_ros_msg/msg/upper_joint_data__type_support.cpp.o.d" is newer than depends file "/workspace/action_data_offset_ws/build_x86/crb_ros_msg/CMakeFiles/crb_ros_msg__rosidl_typesupport_c.dir/compiler_depend.internal".
[35m[1mConsolidate compiler generated dependencies of target crb_ros_msg__rosidl_typesupport_c[0m
gmake[2]: Leaving directory '/workspace/action_data_offset_ws/build_x86/crb_ros_msg'
/usr/bin/gmake  -f CMakeFiles/crb_ros_msg__rosidl_typesupport_c.dir/build.make CMakeFiles/crb_ros_msg__rosidl_typesupport_c.dir/build
gmake[2]: Entering directory '/workspace/action_data_offset_ws/build_x86/crb_ros_msg'
Dependencies file "CMakeFiles/crb_ros_msg__rosidl_typesupport_fastrtps_c.dir/rosidl_typesupport_fastrtps_c/crb_ros_msg/msg/detail/upper_joint_data__type_support_c.cpp.o.d" is newer than depends file "/workspace/action_data_offset_ws/build_x86/crb_ros_msg/CMakeFiles/crb_ros_msg__rosidl_typesupport_fastrtps_c.dir/compiler_depend.internal".
[35m[1mConsolidate compiler generated dependencies of target crb_ros_msg__rosidl_typesupport_fastrtps_c[0m
Dependencies file "CMakeFiles/crb_ros_msg__rosidl_typesupport_introspection_c.dir/rosidl_typesupport_introspection_c/crb_ros_msg/msg/detail/upper_joint_data__type_support.c.o.d" is newer than depends file "/workspace/action_data_offset_ws/build_x86/crb_ros_msg/CMakeFiles/crb_ros_msg__rosidl_typesupport_introspection_c.dir/compiler_depend.internal".
[35m[1mConsolidate compiler generated dependencies of target crb_ros_msg__rosidl_typesupport_introspection_c[0m
gmake[2]: Leaving directory '/workspace/action_data_offset_ws/build_x86/crb_ros_msg'
gmake[2]: Leaving directory '/workspace/action_data_offset_ws/build_x86/crb_ros_msg'
/usr/bin/gmake  -f CMakeFiles/crb_ros_msg__rosidl_typesupport_fastrtps_c.dir/build.make CMakeFiles/crb_ros_msg__rosidl_typesupport_fastrtps_c.dir/build
/usr/bin/gmake  -f CMakeFiles/crb_ros_msg__rosidl_typesupport_introspection_c.dir/build.make CMakeFiles/crb_ros_msg__rosidl_typesupport_introspection_c.dir/build
gmake[2]: Entering directory '/workspace/action_data_offset_ws/build_x86/crb_ros_msg'
gmake[2]: Entering directory '/workspace/action_data_offset_ws/build_x86/crb_ros_msg'
[ 25%] [32mBuilding CXX object CMakeFiles/crb_ros_msg__rosidl_typesupport_c.dir/rosidl_typesupport_c/crb_ros_msg/msg/upper_joint_data__type_support.cpp.o[0m
/usr/bin/c++ -DRCUTILS_ENABLE_FAULT_INJECTION -DROSIDL_GENERATOR_C_BUILDING_DLL_crb_ros_msg -DROS_PACKAGE_NAME=\"crb_ros_msg\" -I/workspace/action_data_offset_ws/docker_env/environment/x86_prebuild/install_2204_qpOASES_x86/include -I/workspace/action_data_offset_ws/docker_env/environment/x86_prebuild/install_2204_glog_x86/include -I/workspace/action_data_offset_ws/docker_env/environment/x86_prebuild/onnxruntime-linux-x64-1.19.0/include -I/opt/ros/humble/include -I/workspace/action_data_offset_ws/install:/opt/ros/humble/include -I/usr/include/eigen3 -I/workspace/action_data_offset_ws/build_x86/crb_ros_msg/rosidl_generator_c -isystem /opt/ros/humble/include/std_msgs -isystem /opt/ros/humble/include/builtin_interfaces -isystem /opt/ros/humble/include/rosidl_runtime_c -isystem /opt/ros/humble/include/rcutils -isystem /opt/ros/humble/include/rosidl_typesupport_interface -isystem /opt/ros/humble/include/sensor_msgs -isystem /opt/ros/humble/include/geometry_msgs -isystem /opt/ros/humble/include/rosidl_typesupport_c -fPIC -Wall -std=gnu++14 -MD -MT CMakeFiles/crb_ros_msg__rosidl_typesupport_c.dir/rosidl_typesupport_c/crb_ros_msg/msg/upper_joint_data__type_support.cpp.o -MF CMakeFiles/crb_ros_msg__rosidl_typesupport_c.dir/rosidl_typesupport_c/crb_ros_msg/msg/upper_joint_data__type_support.cpp.o.d -o CMakeFiles/crb_ros_msg__rosidl_typesupport_c.dir/rosidl_typesupport_c/crb_ros_msg/msg/upper_joint_data__type_support.cpp.o -c /workspace/action_data_offset_ws/build_x86/crb_ros_msg/rosidl_typesupport_c/crb_ros_msg/msg/upper_joint_data__type_support.cpp
[ 29%] [32mBuilding CXX object CMakeFiles/crb_ros_msg__rosidl_typesupport_fastrtps_c.dir/rosidl_typesupport_fastrtps_c/crb_ros_msg/msg/detail/upper_joint_data__type_support_c.cpp.o[0m
/usr/bin/c++ -DRCUTILS_ENABLE_FAULT_INJECTION -DROSIDL_TYPESUPPORT_FASTRTPS_C_BUILDING_DLL_crb_ros_msg -DROS_PACKAGE_NAME=\"crb_ros_msg\" -I/workspace/action_data_offset_ws/docker_env/environment/x86_prebuild/install_2204_qpOASES_x86/include -I/workspace/action_data_offset_ws/docker_env/environment/x86_prebuild/install_2204_glog_x86/include -I/workspace/action_data_offset_ws/docker_env/environment/x86_prebuild/onnxruntime-linux-x64-1.19.0/include -I/opt/ros/humble/include -I/workspace/action_data_offset_ws/install:/opt/ros/humble/include -I/usr/include/eigen3 -I/workspace/action_data_offset_ws/build_x86/crb_ros_msg/rosidl_typesupport_fastrtps_c -I/workspace/action_data_offset_ws/build_x86/crb_ros_msg/rosidl_generator_c -isystem /opt/ros/humble/include/fastcdr -isystem /opt/ros/humble/include/rosidl_runtime_c -isystem /opt/ros/humble/include/rcutils -isystem /opt/ros/humble/include/rosidl_typesupport_interface -isystem /opt/ros/humble/include/rosidl_runtime_cpp -isystem /opt/ros/humble/include/rosidl_typesupport_fastrtps_cpp -isystem /opt/ros/humble/include/rmw -isystem /opt/ros/humble/include/rosidl_typesupport_fastrtps_c -isystem /opt/ros/humble/include/std_msgs -isystem /opt/ros/humble/include/builtin_interfaces -isystem /opt/ros/humble/include/sensor_msgs -isystem /opt/ros/humble/include/geometry_msgs -fPIC -DUBUNTU2204 -Wno-unused-variable -Wno-unused-but-set-variable -Wno-unused-parameter -Wno-deprecated-declarations -Wno-reorder -Wno-attributes -Wno-maybe-uninitialized -Wno-return-type -DTARGET_MUJOCO=1 -O3 -DROS_VERSION_2 -Wall -Wextra -Wpedantic -std=gnu++14 -MD -MT CMakeFiles/crb_ros_msg__rosidl_typesupport_fastrtps_c.dir/rosidl_typesupport_fastrtps_c/crb_ros_msg/msg/detail/upper_joint_data__type_support_c.cpp.o -MF CMakeFiles/crb_ros_msg__rosidl_typesupport_fastrtps_c.dir/rosidl_typesupport_fastrtps_c/crb_ros_msg/msg/detail/upper_joint_data__type_support_c.cpp.o.d -o CMakeFiles/crb_ros_msg__rosidl_typesupport_fastrtps_c.dir/rosidl_typesupport_fastrtps_c/crb_ros_msg/msg/detail/upper_joint_data__type_support_c.cpp.o -c /workspace/action_data_offset_ws/build_x86/crb_ros_msg/rosidl_typesupport_fastrtps_c/crb_ros_msg/msg/detail/upper_joint_data__type_support_c.cpp
[ 32%] [32mBuilding C object CMakeFiles/crb_ros_msg__rosidl_typesupport_introspection_c.dir/rosidl_typesupport_introspection_c/crb_ros_msg/msg/detail/upper_joint_data__type_support.c.o[0m
/usr/bin/cc -DRCUTILS_ENABLE_FAULT_INJECTION -DROSIDL_TYPESUPPORT_INTROSPECTION_C_BUILDING_DLL_crb_ros_msg -DROS_PACKAGE_NAME=\"crb_ros_msg\" -I/workspace/action_data_offset_ws/docker_env/environment/x86_prebuild/install_2204_qpOASES_x86/include -I/workspace/action_data_offset_ws/docker_env/environment/x86_prebuild/install_2204_glog_x86/include -I/workspace/action_data_offset_ws/docker_env/environment/x86_prebuild/onnxruntime-linux-x64-1.19.0/include -I/opt/ros/humble/include -I/workspace/action_data_offset_ws/install:/opt/ros/humble/include -I/usr/include/eigen3 -I/workspace/action_data_offset_ws/build_x86/crb_ros_msg/rosidl_typesupport_introspection_c -I/workspace/action_data_offset_ws/build_x86/crb_ros_msg/rosidl_generator_c -isystem /opt/ros/humble/include/std_msgs -isystem /opt/ros/humble/include/builtin_interfaces -isystem /opt/ros/humble/include/rosidl_runtime_c -isystem /opt/ros/humble/include/rcutils -isystem /opt/ros/humble/include/rosidl_typesupport_interface -isystem /opt/ros/humble/include/sensor_msgs -isystem /opt/ros/humble/include/geometry_msgs -isystem /opt/ros/humble/include/rosidl_typesupport_introspection_c -fPIC -Wall -std=gnu11 -MD -MT CMakeFiles/crb_ros_msg__rosidl_typesupport_introspection_c.dir/rosidl_typesupport_introspection_c/crb_ros_msg/msg/detail/upper_joint_data__type_support.c.o -MF CMakeFiles/crb_ros_msg__rosidl_typesupport_introspection_c.dir/rosidl_typesupport_introspection_c/crb_ros_msg/msg/detail/upper_joint_data__type_support.c.o.d -o CMakeFiles/crb_ros_msg__rosidl_typesupport_introspection_c.dir/rosidl_typesupport_introspection_c/crb_ros_msg/msg/detail/upper_joint_data__type_support.c.o -c /workspace/action_data_offset_ws/build_x86/crb_ros_msg/rosidl_typesupport_introspection_c/crb_ros_msg/msg/detail/upper_joint_data__type_support.c
running egg_info
writing crb_ros_msg.egg-info/PKG-INFO
writing dependency_links to crb_ros_msg.egg-info/dependency_links.txt
writing top-level names to crb_ros_msg.egg-info/top_level.txt
reading manifest file 'crb_ros_msg.egg-info/SOURCES.txt'
writing manifest file 'crb_ros_msg.egg-info/SOURCES.txt'
gmake[2]: Leaving directory '/workspace/action_data_offset_ws/build_x86/crb_ros_msg'
[ 35%] [32m[1mLinking CXX shared library libcrb_ros_msg__rosidl_typesupport_c.so[0m
/usr/bin/cmake -E cmake_link_script CMakeFiles/crb_ros_msg__rosidl_typesupport_c.dir/link.txt --verbose=1
[ 35%] Built target ament_cmake_python_build_crb_ros_msg_egg
/usr/bin/c++ -fPIC -shared -Wl,-soname,libcrb_ros_msg__rosidl_typesupport_c.so -o libcrb_ros_msg__rosidl_typesupport_c.so CMakeFiles/crb_ros_msg__rosidl_typesupport_c.dir/rosidl_typesupport_c/crb_ros_msg/msg/upper_joint_data__type_support.cpp.o   -L/workspace/action_data_offset_ws/install:/opt/ros/humble/lib  -Wl,-rpath,/workspace/action_data_offset_ws/install:/opt/ros/humble/lib:/workspace/action_data_offset_ws/build_x86/crb_ros_msg: libcrb_ros_msg__rosidl_generator_c.so /opt/ros/humble/lib/libsensor_msgs__rosidl_typesupport_c.so /opt/ros/humble/lib/libgeometry_msgs__rosidl_typesupport_c.so /opt/ros/humble/lib/libstd_msgs__rosidl_typesupport_c.so /opt/ros/humble/lib/libbuiltin_interfaces__rosidl_typesupport_c.so /opt/ros/humble/lib/librosidl_typesupport_c.so /opt/ros/humble/lib/libsensor_msgs__rosidl_generator_c.so /opt/ros/humble/lib/libgeometry_msgs__rosidl_generator_c.so /opt/ros/humble/lib/libstd_msgs__rosidl_generator_c.so /opt/ros/humble/lib/libbuiltin_interfaces__rosidl_generator_c.so /opt/ros/humble/lib/librosidl_runtime_c.so /opt/ros/humble/lib/librcutils.so -ldl 
[ 38%] [32m[1mLinking C shared library libcrb_ros_msg__rosidl_typesupport_introspection_c.so[0m
/usr/bin/cmake -E cmake_link_script CMakeFiles/crb_ros_msg__rosidl_typesupport_introspection_c.dir/link.txt --verbose=1
/usr/bin/cc -fPIC -shared -Wl,-soname,libcrb_ros_msg__rosidl_typesupport_introspection_c.so -o libcrb_ros_msg__rosidl_typesupport_introspection_c.so CMakeFiles/crb_ros_msg__rosidl_typesupport_introspection_c.dir/rosidl_typesupport_introspection_c/crb_ros_msg/msg/detail/upper_joint_data__type_support.c.o   -L/workspace/action_data_offset_ws/install:/opt/ros/humble/lib  -Wl,-rpath,/workspace/action_data_offset_ws/install:/opt/ros/humble/lib:/workspace/action_data_offset_ws/build_x86/crb_ros_msg: libcrb_ros_msg__rosidl_generator_c.so /opt/ros/humble/lib/libsensor_msgs__rosidl_typesupport_introspection_c.so /opt/ros/humble/lib/libgeometry_msgs__rosidl_typesupport_introspection_c.so /opt/ros/humble/lib/libstd_msgs__rosidl_typesupport_introspection_c.so /opt/ros/humble/lib/libbuiltin_interfaces__rosidl_typesupport_introspection_c.so /opt/ros/humble/lib/librosidl_typesupport_introspection_c.so /opt/ros/humble/lib/libsensor_msgs__rosidl_generator_c.so /opt/ros/humble/lib/libgeometry_msgs__rosidl_generator_c.so /opt/ros/humble/lib/libstd_msgs__rosidl_generator_c.so /opt/ros/humble/lib/libbuiltin_interfaces__rosidl_generator_c.so /opt/ros/humble/lib/librosidl_runtime_c.so /opt/ros/humble/lib/librcutils.so -ldl 
gmake[2]: Leaving directory '/workspace/action_data_offset_ws/build_x86/crb_ros_msg'
gmake[2]: Leaving directory '/workspace/action_data_offset_ws/build_x86/crb_ros_msg'
[ 41%] Built target crb_ros_msg__rosidl_typesupport_c
[ 45%] Built target crb_ros_msg__rosidl_typesupport_introspection_c
[ 48%] [32m[1mLinking CXX shared library libcrb_ros_msg__rosidl_typesupport_cpp.so[0m
/usr/bin/cmake -E cmake_link_script CMakeFiles/crb_ros_msg__rosidl_typesupport_cpp.dir/link.txt --verbose=1
/usr/bin/c++ -fPIC -shared -Wl,-soname,libcrb_ros_msg__rosidl_typesupport_cpp.so -o libcrb_ros_msg__rosidl_typesupport_cpp.so CMakeFiles/crb_ros_msg__rosidl_typesupport_cpp.dir/rosidl_typesupport_cpp/crb_ros_msg/msg/upper_joint_data__type_support.cpp.o   -L/workspace/action_data_offset_ws/install:/opt/ros/humble/lib  -Wl,-rpath,/workspace/action_data_offset_ws/install:/opt/ros/humble/lib: /opt/ros/humble/lib/libsensor_msgs__rosidl_typesupport_cpp.so /opt/ros/humble/lib/libgeometry_msgs__rosidl_typesupport_cpp.so /opt/ros/humble/lib/libstd_msgs__rosidl_typesupport_cpp.so /opt/ros/humble/lib/libbuiltin_interfaces__rosidl_typesupport_cpp.so /opt/ros/humble/lib/librosidl_typesupport_cpp.so /opt/ros/humble/lib/librosidl_typesupport_c.so /opt/ros/humble/lib/librosidl_runtime_c.so /opt/ros/humble/lib/librcutils.so -ldl 
gmake[2]: Leaving directory '/workspace/action_data_offset_ws/build_x86/crb_ros_msg'
[ 51%] Built target crb_ros_msg__rosidl_typesupport_cpp
[ 54%] [32m[1mLinking CXX shared library libcrb_ros_msg__rosidl_typesupport_fastrtps_c.so[0m
/usr/bin/cmake -E cmake_link_script CMakeFiles/crb_ros_msg__rosidl_typesupport_fastrtps_c.dir/link.txt --verbose=1
/usr/bin/c++ -fPIC -shared -Wl,-soname,libcrb_ros_msg__rosidl_typesupport_fastrtps_c.so -o libcrb_ros_msg__rosidl_typesupport_fastrtps_c.so CMakeFiles/crb_ros_msg__rosidl_typesupport_fastrtps_c.dir/rosidl_typesupport_fastrtps_c/crb_ros_msg/msg/detail/upper_joint_data__type_support_c.cpp.o   -L/workspace/action_data_offset_ws/install:/opt/ros/humble/lib  -Wl,-rpath,/workspace/action_data_offset_ws/install:/opt/ros/humble/lib:/workspace/action_data_offset_ws/build_x86/crb_ros_msg: libcrb_ros_msg__rosidl_generator_c.so /opt/ros/humble/lib/libsensor_msgs__rosidl_typesupport_fastrtps_c.so /opt/ros/humble/lib/libgeometry_msgs__rosidl_typesupport_fastrtps_c.so /opt/ros/humble/lib/libstd_msgs__rosidl_typesupport_fastrtps_c.so /opt/ros/humble/lib/libbuiltin_interfaces__rosidl_typesupport_fastrtps_c.so /opt/ros/humble/lib/librosidl_typesupport_fastrtps_cpp.so /opt/ros/humble/lib/libfastcdr.so.1.0.24 /opt/ros/humble/lib/librmw.so /opt/ros/humble/lib/librosidl_typesupport_fastrtps_c.so /opt/ros/humble/lib/libsensor_msgs__rosidl_generator_c.so /opt/ros/humble/lib/libgeometry_msgs__rosidl_generator_c.so /opt/ros/humble/lib/libstd_msgs__rosidl_generator_c.so /opt/ros/humble/lib/libbuiltin_interfaces__rosidl_generator_c.so /opt/ros/humble/lib/librosidl_runtime_c.so /opt/ros/humble/lib/librcutils.so -ldl 
[ 58%] [32m[1mLinking CXX shared library libcrb_ros_msg__rosidl_typesupport_introspection_cpp.so[0m
/usr/bin/cmake -E cmake_link_script CMakeFiles/crb_ros_msg__rosidl_typesupport_introspection_cpp.dir/link.txt --verbose=1
/usr/bin/c++ -fPIC -shared -Wl,-soname,libcrb_ros_msg__rosidl_typesupport_introspection_cpp.so -o libcrb_ros_msg__rosidl_typesupport_introspection_cpp.so CMakeFiles/crb_ros_msg__rosidl_typesupport_introspection_cpp.dir/rosidl_typesupport_introspection_cpp/crb_ros_msg/msg/detail/upper_joint_data__type_support.cpp.o   -L/workspace/action_data_offset_ws/install:/opt/ros/humble/lib  -Wl,-rpath,/workspace/action_data_offset_ws/install:/opt/ros/humble/lib: /opt/ros/humble/lib/libsensor_msgs__rosidl_typesupport_introspection_cpp.so /opt/ros/humble/lib/libgeometry_msgs__rosidl_typesupport_introspection_cpp.so /opt/ros/humble/lib/libstd_msgs__rosidl_typesupport_introspection_cpp.so /opt/ros/humble/lib/libbuiltin_interfaces__rosidl_typesupport_introspection_cpp.so /opt/ros/humble/lib/librosidl_typesupport_introspection_cpp.so /opt/ros/humble/lib/librosidl_typesupport_introspection_c.so /opt/ros/humble/lib/librosidl_runtime_c.so /opt/ros/humble/lib/librcutils.so -ldl 
[ 61%] [32m[1mLinking CXX shared library libcrb_ros_msg__rosidl_typesupport_fastrtps_cpp.so[0m
/usr/bin/cmake -E cmake_link_script CMakeFiles/crb_ros_msg__rosidl_typesupport_fastrtps_cpp.dir/link.txt --verbose=1
/usr/bin/c++ -fPIC -shared -Wl,-soname,libcrb_ros_msg__rosidl_typesupport_fastrtps_cpp.so -o libcrb_ros_msg__rosidl_typesupport_fastrtps_cpp.so CMakeFiles/crb_ros_msg__rosidl_typesupport_fastrtps_cpp.dir/rosidl_typesupport_fastrtps_cpp/crb_ros_msg/msg/detail/dds_fastrtps/upper_joint_data__type_support.cpp.o   -L/workspace/action_data_offset_ws/install:/opt/ros/humble/lib  -Wl,-rpath,/workspace/action_data_offset_ws/install:/opt/ros/humble/lib: /opt/ros/humble/lib/libsensor_msgs__rosidl_typesupport_fastrtps_cpp.so /opt/ros/humble/lib/libgeometry_msgs__rosidl_typesupport_fastrtps_cpp.so /opt/ros/humble/lib/libstd_msgs__rosidl_typesupport_fastrtps_cpp.so /opt/ros/humble/lib/libbuiltin_interfaces__rosidl_typesupport_fastrtps_cpp.so /opt/ros/humble/lib/librosidl_typesupport_fastrtps_cpp.so /opt/ros/humble/lib/libfastcdr.so.1.0.24 /opt/ros/humble/lib/librmw.so /opt/ros/humble/lib/librosidl_runtime_c.so /opt/ros/humble/lib/librcutils.so -ldl 
gmake[2]: Leaving directory '/workspace/action_data_offset_ws/build_x86/crb_ros_msg'
[ 64%] Built target crb_ros_msg__rosidl_typesupport_introspection_cpp
gmake[2]: Leaving directory '/workspace/action_data_offset_ws/build_x86/crb_ros_msg'
[ 67%] Built target crb_ros_msg__rosidl_typesupport_fastrtps_c
gmake[2]: Leaving directory '/workspace/action_data_offset_ws/build_x86/crb_ros_msg'
[ 70%] Built target crb_ros_msg__rosidl_typesupport_fastrtps_cpp
/usr/bin/gmake  -f CMakeFiles/crb_ros_msg.dir/build.make CMakeFiles/crb_ros_msg.dir/depend
gmake[2]: Entering directory '/workspace/action_data_offset_ws/build_x86/crb_ros_msg'
cd /workspace/action_data_offset_ws/build_x86/crb_ros_msg && /usr/bin/cmake -E cmake_depends "Unix Makefiles" /workspace/action_data_offset_ws/src/crb_ros_msg /workspace/action_data_offset_ws/src/crb_ros_msg /workspace/action_data_offset_ws/build_x86/crb_ros_msg /workspace/action_data_offset_ws/build_x86/crb_ros_msg /workspace/action_data_offset_ws/build_x86/crb_ros_msg/CMakeFiles/crb_ros_msg.dir/DependInfo.cmake --color=
gmake[2]: Leaving directory '/workspace/action_data_offset_ws/build_x86/crb_ros_msg'
/usr/bin/gmake  -f CMakeFiles/crb_ros_msg.dir/build.make CMakeFiles/crb_ros_msg.dir/build
gmake[2]: Entering directory '/workspace/action_data_offset_ws/build_x86/crb_ros_msg'
gmake[2]: Nothing to be done for 'CMakeFiles/crb_ros_msg.dir/build'.
gmake[2]: Leaving directory '/workspace/action_data_offset_ws/build_x86/crb_ros_msg'
[ 70%] Built target crb_ros_msg
/usr/bin/gmake  -f crb_ros_msg__py/CMakeFiles/crb_ros_msg__py.dir/build.make crb_ros_msg__py/CMakeFiles/crb_ros_msg__py.dir/depend
gmake[2]: Entering directory '/workspace/action_data_offset_ws/build_x86/crb_ros_msg'
cd /workspace/action_data_offset_ws/build_x86/crb_ros_msg && /usr/bin/cmake -E cmake_depends "Unix Makefiles" /workspace/action_data_offset_ws/src/crb_ros_msg /workspace/action_data_offset_ws/build_x86/crb_ros_msg/crb_ros_msg__py /workspace/action_data_offset_ws/build_x86/crb_ros_msg /workspace/action_data_offset_ws/build_x86/crb_ros_msg/crb_ros_msg__py /workspace/action_data_offset_ws/build_x86/crb_ros_msg/crb_ros_msg__py/CMakeFiles/crb_ros_msg__py.dir/DependInfo.cmake --color=
gmake[2]: Leaving directory '/workspace/action_data_offset_ws/build_x86/crb_ros_msg'
/usr/bin/gmake  -f crb_ros_msg__py/CMakeFiles/crb_ros_msg__py.dir/build.make crb_ros_msg__py/CMakeFiles/crb_ros_msg__py.dir/build
gmake[2]: Entering directory '/workspace/action_data_offset_ws/build_x86/crb_ros_msg'
gmake[2]: Nothing to be done for 'crb_ros_msg__py/CMakeFiles/crb_ros_msg__py.dir/build'.
gmake[2]: Leaving directory '/workspace/action_data_offset_ws/build_x86/crb_ros_msg'
[ 74%] Built target crb_ros_msg__py
/usr/bin/gmake  -f CMakeFiles/crb_ros_msg__rosidl_generator_py.dir/build.make CMakeFiles/crb_ros_msg__rosidl_generator_py.dir/depend
gmake[2]: Entering directory '/workspace/action_data_offset_ws/build_x86/crb_ros_msg'
cd /workspace/action_data_offset_ws/build_x86/crb_ros_msg && /usr/bin/cmake -E cmake_depends "Unix Makefiles" /workspace/action_data_offset_ws/src/crb_ros_msg /workspace/action_data_offset_ws/src/crb_ros_msg /workspace/action_data_offset_ws/build_x86/crb_ros_msg /workspace/action_data_offset_ws/build_x86/crb_ros_msg /workspace/action_data_offset_ws/build_x86/crb_ros_msg/CMakeFiles/crb_ros_msg__rosidl_generator_py.dir/DependInfo.cmake --color=
Dependencies file "CMakeFiles/crb_ros_msg__rosidl_generator_py.dir/rosidl_generator_py/crb_ros_msg/msg/_upper_joint_data_s.c.o.d" is newer than depends file "/workspace/action_data_offset_ws/build_x86/crb_ros_msg/CMakeFiles/crb_ros_msg__rosidl_generator_py.dir/compiler_depend.internal".
[35m[1mConsolidate compiler generated dependencies of target crb_ros_msg__rosidl_generator_py[0m
gmake[2]: Leaving directory '/workspace/action_data_offset_ws/build_x86/crb_ros_msg'
/usr/bin/gmake  -f CMakeFiles/crb_ros_msg__rosidl_generator_py.dir/build.make CMakeFiles/crb_ros_msg__rosidl_generator_py.dir/build
gmake[2]: Entering directory '/workspace/action_data_offset_ws/build_x86/crb_ros_msg'
[ 77%] [32mBuilding C object CMakeFiles/crb_ros_msg__rosidl_generator_py.dir/rosidl_generator_py/crb_ros_msg/msg/_upper_joint_data_s.c.o[0m
/usr/bin/cc -DRCUTILS_ENABLE_FAULT_INJECTION -DROS_PACKAGE_NAME=\"crb_ros_msg\" -Dcrb_ros_msg__rosidl_generator_py_EXPORTS -I/workspace/action_data_offset_ws/docker_env/environment/x86_prebuild/install_2204_qpOASES_x86/include -I/workspace/action_data_offset_ws/docker_env/environment/x86_prebuild/install_2204_glog_x86/include -I/workspace/action_data_offset_ws/docker_env/environment/x86_prebuild/onnxruntime-linux-x64-1.19.0/include -I/opt/ros/humble/include -I/workspace/action_data_offset_ws/install:/opt/ros/humble/include -I/usr/include/eigen3 -I/workspace/action_data_offset_ws/build_x86/crb_ros_msg/rosidl_generator_c -I/workspace/action_data_offset_ws/build_x86/crb_ros_msg/rosidl_generator_py -I/usr/include/python3.10 -isystem /opt/ros/humble/include/std_msgs -isystem /opt/ros/humble/include/builtin_interfaces -isystem /opt/ros/humble/include/rosidl_runtime_c -isystem /opt/ros/humble/include/rcutils -isystem /opt/ros/humble/include/rosidl_typesupport_interface -isystem /opt/ros/humble/include/sensor_msgs -isystem /opt/ros/humble/include/geometry_msgs -fPIC -Wall -Wextra -MD -MT CMakeFiles/crb_ros_msg__rosidl_generator_py.dir/rosidl_generator_py/crb_ros_msg/msg/_upper_joint_data_s.c.o -MF CMakeFiles/crb_ros_msg__rosidl_generator_py.dir/rosidl_generator_py/crb_ros_msg/msg/_upper_joint_data_s.c.o.d -o CMakeFiles/crb_ros_msg__rosidl_generator_py.dir/rosidl_generator_py/crb_ros_msg/msg/_upper_joint_data_s.c.o -c /workspace/action_data_offset_ws/build_x86/crb_ros_msg/rosidl_generator_py/crb_ros_msg/msg/_upper_joint_data_s.c
[ 80%] [32m[1mLinking C shared library rosidl_generator_py/crb_ros_msg/libcrb_ros_msg__rosidl_generator_py.so[0m
/usr/bin/cmake -E cmake_link_script CMakeFiles/crb_ros_msg__rosidl_generator_py.dir/link.txt --verbose=1
/usr/bin/cc -fPIC -shared -Wl,-soname,libcrb_ros_msg__rosidl_generator_py.so -o rosidl_generator_py/crb_ros_msg/libcrb_ros_msg__rosidl_generator_py.so CMakeFiles/crb_ros_msg__rosidl_generator_py.dir/rosidl_generator_py/crb_ros_msg/msg/_upper_joint_data_s.c.o   -L/workspace/action_data_offset_ws/install:/opt/ros/humble/lib  -Wl,-rpath,/workspace/action_data_offset_ws/install:/opt/ros/humble/lib:/workspace/action_data_offset_ws/build_x86/crb_ros_msg: /usr/lib/x86_64-linux-gnu/libpython3.10.so libcrb_ros_msg__rosidl_typesupport_c.so /opt/ros/humble/lib/libsensor_msgs__rosidl_generator_py.so /opt/ros/humble/lib/libgeometry_msgs__rosidl_generator_py.so libcrb_ros_msg__rosidl_generator_c.so /opt/ros/humble/lib/libstd_msgs__rosidl_generator_py.so /opt/ros/humble/lib/libbuiltin_interfaces__rosidl_generator_py.so /usr/lib/x86_64-linux-gnu/libpython3.10.so /opt/ros/humble/lib/libsensor_msgs__rosidl_typesupport_c.so /opt/ros/humble/lib/libsensor_msgs__rosidl_generator_c.so /opt/ros/humble/lib/libgeometry_msgs__rosidl_typesupport_c.so /opt/ros/humble/lib/libgeometry_msgs__rosidl_generator_c.so /opt/ros/humble/lib/libstd_msgs__rosidl_typesupport_c.so /opt/ros/humble/lib/libstd_msgs__rosidl_generator_c.so /opt/ros/humble/lib/libbuiltin_interfaces__rosidl_typesupport_c.so /opt/ros/humble/lib/libbuiltin_interfaces__rosidl_generator_c.so /opt/ros/humble/lib/librosidl_runtime_c.so /opt/ros/humble/lib/librcutils.so -ldl 
gmake[2]: Leaving directory '/workspace/action_data_offset_ws/build_x86/crb_ros_msg'
[ 80%] Built target crb_ros_msg__rosidl_generator_py
/usr/bin/gmake  -f CMakeFiles/crb_ros_msg__rosidl_typesupport_fastrtps_c__pyext.dir/build.make CMakeFiles/crb_ros_msg__rosidl_typesupport_fastrtps_c__pyext.dir/depend
/usr/bin/gmake  -f CMakeFiles/crb_ros_msg__rosidl_typesupport_introspection_c__pyext.dir/build.make CMakeFiles/crb_ros_msg__rosidl_typesupport_introspection_c__pyext.dir/depend
/usr/bin/gmake  -f CMakeFiles/crb_ros_msg__rosidl_typesupport_c__pyext.dir/build.make CMakeFiles/crb_ros_msg__rosidl_typesupport_c__pyext.dir/depend
gmake[2]: Entering directory '/workspace/action_data_offset_ws/build_x86/crb_ros_msg'
cd /workspace/action_data_offset_ws/build_x86/crb_ros_msg && /usr/bin/cmake -E cmake_depends "Unix Makefiles" /workspace/action_data_offset_ws/src/crb_ros_msg /workspace/action_data_offset_ws/src/crb_ros_msg /workspace/action_data_offset_ws/build_x86/crb_ros_msg /workspace/action_data_offset_ws/build_x86/crb_ros_msg /workspace/action_data_offset_ws/build_x86/crb_ros_msg/CMakeFiles/crb_ros_msg__rosidl_typesupport_c__pyext.dir/DependInfo.cmake --color=
gmake[2]: Entering directory '/workspace/action_data_offset_ws/build_x86/crb_ros_msg'
cd /workspace/action_data_offset_ws/build_x86/crb_ros_msg && /usr/bin/cmake -E cmake_depends "Unix Makefiles" /workspace/action_data_offset_ws/src/crb_ros_msg /workspace/action_data_offset_ws/src/crb_ros_msg /workspace/action_data_offset_ws/build_x86/crb_ros_msg /workspace/action_data_offset_ws/build_x86/crb_ros_msg /workspace/action_data_offset_ws/build_x86/crb_ros_msg/CMakeFiles/crb_ros_msg__rosidl_typesupport_introspection_c__pyext.dir/DependInfo.cmake --color=
gmake[2]: Entering directory '/workspace/action_data_offset_ws/build_x86/crb_ros_msg'
cd /workspace/action_data_offset_ws/build_x86/crb_ros_msg && /usr/bin/cmake -E cmake_depends "Unix Makefiles" /workspace/action_data_offset_ws/src/crb_ros_msg /workspace/action_data_offset_ws/src/crb_ros_msg /workspace/action_data_offset_ws/build_x86/crb_ros_msg /workspace/action_data_offset_ws/build_x86/crb_ros_msg /workspace/action_data_offset_ws/build_x86/crb_ros_msg/CMakeFiles/crb_ros_msg__rosidl_typesupport_fastrtps_c__pyext.dir/DependInfo.cmake --color=
Dependencies file "CMakeFiles/crb_ros_msg__rosidl_typesupport_introspection_c__pyext.dir/rosidl_generator_py/crb_ros_msg/_crb_ros_msg_s.ep.rosidl_typesupport_introspection_c.c.o.d" is newer than depends file "/workspace/action_data_offset_ws/build_x86/crb_ros_msg/CMakeFiles/crb_ros_msg__rosidl_typesupport_introspection_c__pyext.dir/compiler_depend.internal".
[35m[1mConsolidate compiler generated dependencies of target crb_ros_msg__rosidl_typesupport_introspection_c__pyext[0m
Dependencies file "CMakeFiles/crb_ros_msg__rosidl_typesupport_c__pyext.dir/rosidl_generator_py/crb_ros_msg/_crb_ros_msg_s.ep.rosidl_typesupport_c.c.o.d" is newer than depends file "/workspace/action_data_offset_ws/build_x86/crb_ros_msg/CMakeFiles/crb_ros_msg__rosidl_typesupport_c__pyext.dir/compiler_depend.internal".
[35m[1mConsolidate compiler generated dependencies of target crb_ros_msg__rosidl_typesupport_c__pyext[0m
Dependencies file "CMakeFiles/crb_ros_msg__rosidl_typesupport_fastrtps_c__pyext.dir/rosidl_generator_py/crb_ros_msg/_crb_ros_msg_s.ep.rosidl_typesupport_fastrtps_c.c.o.d" is newer than depends file "/workspace/action_data_offset_ws/build_x86/crb_ros_msg/CMakeFiles/crb_ros_msg__rosidl_typesupport_fastrtps_c__pyext.dir/compiler_depend.internal".
[35m[1mConsolidate compiler generated dependencies of target crb_ros_msg__rosidl_typesupport_fastrtps_c__pyext[0m
gmake[2]: Leaving directory '/workspace/action_data_offset_ws/build_x86/crb_ros_msg'
/usr/bin/gmake  -f CMakeFiles/crb_ros_msg__rosidl_typesupport_introspection_c__pyext.dir/build.make CMakeFiles/crb_ros_msg__rosidl_typesupport_introspection_c__pyext.dir/build
gmake[2]: Leaving directory '/workspace/action_data_offset_ws/build_x86/crb_ros_msg'
/usr/bin/gmake  -f CMakeFiles/crb_ros_msg__rosidl_typesupport_c__pyext.dir/build.make CMakeFiles/crb_ros_msg__rosidl_typesupport_c__pyext.dir/build
gmake[2]: Leaving directory '/workspace/action_data_offset_ws/build_x86/crb_ros_msg'
/usr/bin/gmake  -f CMakeFiles/crb_ros_msg__rosidl_typesupport_fastrtps_c__pyext.dir/build.make CMakeFiles/crb_ros_msg__rosidl_typesupport_fastrtps_c__pyext.dir/build
gmake[2]: Entering directory '/workspace/action_data_offset_ws/build_x86/crb_ros_msg'
gmake[2]: Entering directory '/workspace/action_data_offset_ws/build_x86/crb_ros_msg'
gmake[2]: Entering directory '/workspace/action_data_offset_ws/build_x86/crb_ros_msg'
[ 83%] [32mBuilding C object CMakeFiles/crb_ros_msg__rosidl_typesupport_c__pyext.dir/rosidl_generator_py/crb_ros_msg/_crb_ros_msg_s.ep.rosidl_typesupport_c.c.o[0m
/usr/bin/cc -DRCUTILS_ENABLE_FAULT_INJECTION -DROS_PACKAGE_NAME=\"crb_ros_msg\" -Dcrb_ros_msg__rosidl_typesupport_c__pyext_EXPORTS -I/workspace/action_data_offset_ws/docker_env/environment/x86_prebuild/install_2204_qpOASES_x86/include -I/workspace/action_data_offset_ws/docker_env/environment/x86_prebuild/install_2204_glog_x86/include -I/workspace/action_data_offset_ws/docker_env/environment/x86_prebuild/onnxruntime-linux-x64-1.19.0/include -I/opt/ros/humble/include -I/workspace/action_data_offset_ws/install:/opt/ros/humble/include -I/usr/include/eigen3 -I/workspace/action_data_offset_ws/build_x86/crb_ros_msg/rosidl_generator_c -I/workspace/action_data_offset_ws/build_x86/crb_ros_msg/rosidl_generator_py -I/usr/include/python3.10 -isystem /opt/ros/humble/include/rosidl_runtime_c -isystem /opt/ros/humble/include/rosidl_typesupport_c -isystem /opt/ros/humble/include/rosidl_typesupport_interface -isystem /opt/ros/humble/include/std_msgs -isystem /opt/ros/humble/include/builtin_interfaces -isystem /opt/ros/humble/include/sensor_msgs -isystem /opt/ros/humble/include/geometry_msgs -isystem /opt/ros/humble/include/rmw -isystem /opt/ros/humble/include/rcutils -isystem /opt/ros/humble/include/fastcdr -isystem /opt/ros/humble/include/rosidl_runtime_cpp -isystem /opt/ros/humble/include/rosidl_typesupport_fastrtps_cpp -isystem /opt/ros/humble/include/rosidl_typesupport_fastrtps_c -isystem /opt/ros/humble/include/rosidl_typesupport_introspection_c -isystem /opt/ros/humble/include/rosidl_typesupport_introspection_cpp -fPIC -Wall -Wextra -MD -MT CMakeFiles/crb_ros_msg__rosidl_typesupport_c__pyext.dir/rosidl_generator_py/crb_ros_msg/_crb_ros_msg_s.ep.rosidl_typesupport_c.c.o -MF CMakeFiles/crb_ros_msg__rosidl_typesupport_c__pyext.dir/rosidl_generator_py/crb_ros_msg/_crb_ros_msg_s.ep.rosidl_typesupport_c.c.o.d -o CMakeFiles/crb_ros_msg__rosidl_typesupport_c__pyext.dir/rosidl_generator_py/crb_ros_msg/_crb_ros_msg_s.ep.rosidl_typesupport_c.c.o -c /workspace/action_data_offset_ws/build_x86/crb_ros_msg/rosidl_generator_py/crb_ros_msg/_crb_ros_msg_s.ep.rosidl_typesupport_c.c
[ 87%] [32mBuilding C object CMakeFiles/crb_ros_msg__rosidl_typesupport_introspection_c__pyext.dir/rosidl_generator_py/crb_ros_msg/_crb_ros_msg_s.ep.rosidl_typesupport_introspection_c.c.o[0m
/usr/bin/cc -DRCUTILS_ENABLE_FAULT_INJECTION -DROS_PACKAGE_NAME=\"crb_ros_msg\" -Dcrb_ros_msg__rosidl_typesupport_introspection_c__pyext_EXPORTS -I/workspace/action_data_offset_ws/docker_env/environment/x86_prebuild/install_2204_qpOASES_x86/include -I/workspace/action_data_offset_ws/docker_env/environment/x86_prebuild/install_2204_glog_x86/include -I/workspace/action_data_offset_ws/docker_env/environment/x86_prebuild/onnxruntime-linux-x64-1.19.0/include -I/opt/ros/humble/include -I/workspace/action_data_offset_ws/install:/opt/ros/humble/include -I/usr/include/eigen3 -I/workspace/action_data_offset_ws/build_x86/crb_ros_msg/rosidl_generator_c -I/workspace/action_data_offset_ws/build_x86/crb_ros_msg/rosidl_generator_py -I/usr/include/python3.10 -I/workspace/action_data_offset_ws/build_x86/crb_ros_msg/rosidl_typesupport_introspection_c -isystem /opt/ros/humble/include/rosidl_runtime_c -isystem /opt/ros/humble/include/rosidl_typesupport_c -isystem /opt/ros/humble/include/rosidl_typesupport_interface -isystem /opt/ros/humble/include/std_msgs -isystem /opt/ros/humble/include/builtin_interfaces -isystem /opt/ros/humble/include/sensor_msgs -isystem /opt/ros/humble/include/geometry_msgs -isystem /opt/ros/humble/include/rmw -isystem /opt/ros/humble/include/rcutils -isystem /opt/ros/humble/include/rosidl_typesupport_introspection_c -isystem /opt/ros/humble/include/fastcdr -isystem /opt/ros/humble/include/rosidl_runtime_cpp -isystem /opt/ros/humble/include/rosidl_typesupport_fastrtps_cpp -isystem /opt/ros/humble/include/rosidl_typesupport_fastrtps_c -isystem /opt/ros/humble/include/rosidl_typesupport_introspection_cpp -fPIC -Wall -Wextra -MD -MT CMakeFiles/crb_ros_msg__rosidl_typesupport_introspection_c__pyext.dir/rosidl_generator_py/crb_ros_msg/_crb_ros_msg_s.ep.rosidl_typesupport_introspection_c.c.o -MF CMakeFiles/crb_ros_msg__rosidl_typesupport_introspection_c__pyext.dir/rosidl_generator_py/crb_ros_msg/_crb_ros_msg_s.ep.rosidl_typesupport_introspection_c.c.o.d -o CMakeFiles/crb_ros_msg__rosidl_typesupport_introspection_c__pyext.dir/rosidl_generator_py/crb_ros_msg/_crb_ros_msg_s.ep.rosidl_typesupport_introspection_c.c.o -c /workspace/action_data_offset_ws/build_x86/crb_ros_msg/rosidl_generator_py/crb_ros_msg/_crb_ros_msg_s.ep.rosidl_typesupport_introspection_c.c
[ 90%] [32mBuilding C object CMakeFiles/crb_ros_msg__rosidl_typesupport_fastrtps_c__pyext.dir/rosidl_generator_py/crb_ros_msg/_crb_ros_msg_s.ep.rosidl_typesupport_fastrtps_c.c.o[0m
/usr/bin/cc -DRCUTILS_ENABLE_FAULT_INJECTION -DROS_PACKAGE_NAME=\"crb_ros_msg\" -Dcrb_ros_msg__rosidl_typesupport_fastrtps_c__pyext_EXPORTS -I/workspace/action_data_offset_ws/docker_env/environment/x86_prebuild/install_2204_qpOASES_x86/include -I/workspace/action_data_offset_ws/docker_env/environment/x86_prebuild/install_2204_glog_x86/include -I/workspace/action_data_offset_ws/docker_env/environment/x86_prebuild/onnxruntime-linux-x64-1.19.0/include -I/opt/ros/humble/include -I/workspace/action_data_offset_ws/install:/opt/ros/humble/include -I/usr/include/eigen3 -I/workspace/action_data_offset_ws/build_x86/crb_ros_msg/rosidl_generator_c -I/workspace/action_data_offset_ws/build_x86/crb_ros_msg/rosidl_generator_py -I/usr/include/python3.10 -I/workspace/action_data_offset_ws/build_x86/crb_ros_msg/rosidl_typesupport_fastrtps_c -isystem /opt/ros/humble/include/rosidl_runtime_c -isystem /opt/ros/humble/include/rosidl_typesupport_c -isystem /opt/ros/humble/include/rosidl_typesupport_interface -isystem /opt/ros/humble/include/std_msgs -isystem /opt/ros/humble/include/builtin_interfaces -isystem /opt/ros/humble/include/sensor_msgs -isystem /opt/ros/humble/include/geometry_msgs -isystem /opt/ros/humble/include/rmw -isystem /opt/ros/humble/include/rcutils -isystem /opt/ros/humble/include/fastcdr -isystem /opt/ros/humble/include/rosidl_runtime_cpp -isystem /opt/ros/humble/include/rosidl_typesupport_fastrtps_cpp -isystem /opt/ros/humble/include/rosidl_typesupport_fastrtps_c -isystem /opt/ros/humble/include/rosidl_typesupport_introspection_c -isystem /opt/ros/humble/include/rosidl_typesupport_introspection_cpp -fPIC -Wall -Wextra -MD -MT CMakeFiles/crb_ros_msg__rosidl_typesupport_fastrtps_c__pyext.dir/rosidl_generator_py/crb_ros_msg/_crb_ros_msg_s.ep.rosidl_typesupport_fastrtps_c.c.o -MF CMakeFiles/crb_ros_msg__rosidl_typesupport_fastrtps_c__pyext.dir/rosidl_generator_py/crb_ros_msg/_crb_ros_msg_s.ep.rosidl_typesupport_fastrtps_c.c.o.d -o CMakeFiles/crb_ros_msg__rosidl_typesupport_fastrtps_c__pyext.dir/rosidl_generator_py/crb_ros_msg/_crb_ros_msg_s.ep.rosidl_typesupport_fastrtps_c.c.o -c /workspace/action_data_offset_ws/build_x86/crb_ros_msg/rosidl_generator_py/crb_ros_msg/_crb_ros_msg_s.ep.rosidl_typesupport_fastrtps_c.c
[ 93%] [32m[1mLinking C shared library rosidl_generator_py/crb_ros_msg/crb_ros_msg_s__rosidl_typesupport_introspection_c.cpython-310-x86_64-linux-gnu.so[0m
/usr/bin/cmake -E cmake_link_script CMakeFiles/crb_ros_msg__rosidl_typesupport_introspection_c__pyext.dir/link.txt --verbose=1
/usr/bin/cc -fPIC -shared -Wl,-soname,crb_ros_msg_s__rosidl_typesupport_introspection_c.cpython-310-x86_64-linux-gnu.so -o rosidl_generator_py/crb_ros_msg/crb_ros_msg_s__rosidl_typesupport_introspection_c.cpython-310-x86_64-linux-gnu.so CMakeFiles/crb_ros_msg__rosidl_typesupport_introspection_c__pyext.dir/rosidl_generator_py/crb_ros_msg/_crb_ros_msg_s.ep.rosidl_typesupport_introspection_c.c.o   -L/workspace/action_data_offset_ws/install:/opt/ros/humble/lib  -Wl,-rpath,/workspace/action_data_offset_ws/install:/opt/ros/humble/lib:/workspace/action_data_offset_ws/build_x86/crb_ros_msg/rosidl_generator_py/crb_ros_msg:/workspace/action_data_offset_ws/build_x86/crb_ros_msg: rosidl_generator_py/crb_ros_msg/libcrb_ros_msg__rosidl_generator_py.so /usr/lib/x86_64-linux-gnu/libpython3.10.so libcrb_ros_msg__rosidl_typesupport_introspection_c.so libcrb_ros_msg__rosidl_typesupport_c.so /opt/ros/humble/lib/libsensor_msgs__rosidl_typesupport_fastrtps_c.so /opt/ros/humble/lib/libsensor_msgs__rosidl_typesupport_fastrtps_cpp.so /opt/ros/humble/lib/libsensor_msgs__rosidl_typesupport_introspection_c.so /opt/ros/humble/lib/libsensor_msgs__rosidl_typesupport_introspection_cpp.so /opt/ros/humble/lib/libsensor_msgs__rosidl_generator_py.so /opt/ros/humble/lib/libgeometry_msgs__rosidl_typesupport_fastrtps_c.so /opt/ros/humble/lib/libgeometry_msgs__rosidl_typesupport_introspection_c.so /opt/ros/humble/lib/libgeometry_msgs__rosidl_typesupport_fastrtps_cpp.so /opt/ros/humble/lib/libgeometry_msgs__rosidl_typesupport_introspection_cpp.so /opt/ros/humble/lib/libgeometry_msgs__rosidl_generator_py.so /opt/ros/humble/lib/librmw.so /opt/ros/humble/lib/libsensor_msgs__rosidl_typesupport_c.so /opt/ros/humble/lib/libstd_msgs__rosidl_generator_py.so /opt/ros/humble/lib/libbuiltin_interfaces__rosidl_generator_py.so /usr/lib/x86_64-linux-gnu/libpython3.10.so /opt/ros/humble/lib/libgeometry_msgs__rosidl_typesupport_c.so /opt/ros/humble/lib/libstd_msgs__rosidl_typesupport_c.so /opt/ros/humble/lib/libbuiltin_interfaces__rosidl_typesupport_c.so /opt/ros/humble/lib/libstd_msgs__rosidl_typesupport_introspection_c.so /opt/ros/humble/lib/libbuiltin_interfaces__rosidl_typesupport_introspection_c.so libcrb_ros_msg__rosidl_generator_c.so /opt/ros/humble/lib/libsensor_msgs__rosidl_generator_c.so /opt/ros/humble/lib/libstd_msgs__rosidl_typesupport_fastrtps_c.so /opt/ros/humble/lib/libbuiltin_interfaces__rosidl_typesupport_fastrtps_c.so /opt/ros/humble/lib/libgeometry_msgs__rosidl_generator_c.so /opt/ros/humble/lib/libstd_msgs__rosidl_generator_c.so /opt/ros/humble/lib/libbuiltin_interfaces__rosidl_generator_c.so /opt/ros/humble/lib/librosidl_typesupport_fastrtps_c.so /opt/ros/humble/lib/libstd_msgs__rosidl_typesupport_fastrtps_cpp.so /opt/ros/humble/lib/libbuiltin_interfaces__rosidl_typesupport_fastrtps_cpp.so /opt/ros/humble/lib/librosidl_typesupport_fastrtps_cpp.so /opt/ros/humble/lib/libfastcdr.so.1.0.24 /opt/ros/humble/lib/librmw.so /opt/ros/humble/lib/libstd_msgs__rosidl_typesupport_introspection_cpp.so /opt/ros/humble/lib/libbuiltin_interfaces__rosidl_typesupport_introspection_cpp.so /opt/ros/humble/lib/librosidl_typesupport_introspection_cpp.so /opt/ros/humble/lib/librosidl_typesupport_introspection_c.so /opt/ros/humble/lib/libsensor_msgs__rosidl_typesupport_cpp.so /opt/ros/humble/lib/libgeometry_msgs__rosidl_typesupport_cpp.so /opt/ros/humble/lib/libstd_msgs__rosidl_typesupport_cpp.so /opt/ros/humble/lib/libbuiltin_interfaces__rosidl_typesupport_cpp.so /opt/ros/humble/lib/librosidl_typesupport_c.so /opt/ros/humble/lib/librosidl_runtime_c.so /opt/ros/humble/lib/librcutils.so -ldl 
[ 96%] [32m[1mLinking C shared library rosidl_generator_py/crb_ros_msg/crb_ros_msg_s__rosidl_typesupport_fastrtps_c.cpython-310-x86_64-linux-gnu.so[0m
/usr/bin/cmake -E cmake_link_script CMakeFiles/crb_ros_msg__rosidl_typesupport_fastrtps_c__pyext.dir/link.txt --verbose=1
[100%] [32m[1mLinking C shared library rosidl_generator_py/crb_ros_msg/crb_ros_msg_s__rosidl_typesupport_c.cpython-310-x86_64-linux-gnu.so[0m
/usr/bin/cmake -E cmake_link_script CMakeFiles/crb_ros_msg__rosidl_typesupport_c__pyext.dir/link.txt --verbose=1
/usr/bin/cc -fPIC -shared -Wl,-soname,crb_ros_msg_s__rosidl_typesupport_fastrtps_c.cpython-310-x86_64-linux-gnu.so -o rosidl_generator_py/crb_ros_msg/crb_ros_msg_s__rosidl_typesupport_fastrtps_c.cpython-310-x86_64-linux-gnu.so CMakeFiles/crb_ros_msg__rosidl_typesupport_fastrtps_c__pyext.dir/rosidl_generator_py/crb_ros_msg/_crb_ros_msg_s.ep.rosidl_typesupport_fastrtps_c.c.o   -L/workspace/action_data_offset_ws/install:/opt/ros/humble/lib  -Wl,-rpath,/workspace/action_data_offset_ws/install:/opt/ros/humble/lib:/workspace/action_data_offset_ws/build_x86/crb_ros_msg/rosidl_generator_py/crb_ros_msg:/workspace/action_data_offset_ws/build_x86/crb_ros_msg: rosidl_generator_py/crb_ros_msg/libcrb_ros_msg__rosidl_generator_py.so /usr/lib/x86_64-linux-gnu/libpython3.10.so libcrb_ros_msg__rosidl_typesupport_fastrtps_c.so libcrb_ros_msg__rosidl_typesupport_c.so /opt/ros/humble/lib/libsensor_msgs__rosidl_typesupport_fastrtps_c.so /opt/ros/humble/lib/libsensor_msgs__rosidl_typesupport_fastrtps_cpp.so /opt/ros/humble/lib/libsensor_msgs__rosidl_typesupport_introspection_c.so /opt/ros/humble/lib/libsensor_msgs__rosidl_typesupport_introspection_cpp.so /opt/ros/humble/lib/libsensor_msgs__rosidl_generator_py.so /opt/ros/humble/lib/libgeometry_msgs__rosidl_typesupport_fastrtps_c.so /opt/ros/humble/lib/libgeometry_msgs__rosidl_typesupport_introspection_c.so /opt/ros/humble/lib/libgeometry_msgs__rosidl_typesupport_fastrtps_cpp.so /opt/ros/humble/lib/libgeometry_msgs__rosidl_typesupport_introspection_cpp.so /opt/ros/humble/lib/libgeometry_msgs__rosidl_generator_py.so /opt/ros/humble/lib/librmw.so /opt/ros/humble/lib/libsensor_msgs__rosidl_typesupport_c.so /opt/ros/humble/lib/libstd_msgs__rosidl_generator_py.so /opt/ros/humble/lib/libbuiltin_interfaces__rosidl_generator_py.so /usr/lib/x86_64-linux-gnu/libpython3.10.so /opt/ros/humble/lib/libgeometry_msgs__rosidl_typesupport_c.so /opt/ros/humble/lib/libstd_msgs__rosidl_typesupport_c.so /opt/ros/humble/lib/libbuiltin_interfaces__rosidl_typesupport_c.so /opt/ros/humble/lib/libstd_msgs__rosidl_typesupport_fastrtps_c.so /opt/ros/humble/lib/libbuiltin_interfaces__rosidl_typesupport_fastrtps_c.so libcrb_ros_msg__rosidl_generator_c.so /opt/ros/humble/lib/librosidl_typesupport_fastrtps_c.so /opt/ros/humble/lib/libstd_msgs__rosidl_typesupport_fastrtps_cpp.so /opt/ros/humble/lib/libbuiltin_interfaces__rosidl_typesupport_fastrtps_cpp.so /opt/ros/humble/lib/librosidl_typesupport_fastrtps_cpp.so /opt/ros/humble/lib/libfastcdr.so.1.0.24 /opt/ros/humble/lib/librmw.so /opt/ros/humble/lib/libsensor_msgs__rosidl_generator_c.so /opt/ros/humble/lib/libstd_msgs__rosidl_typesupport_introspection_c.so /opt/ros/humble/lib/libbuiltin_interfaces__rosidl_typesupport_introspection_c.so /opt/ros/humble/lib/libgeometry_msgs__rosidl_generator_c.so /opt/ros/humble/lib/libstd_msgs__rosidl_generator_c.so /opt/ros/humble/lib/libbuiltin_interfaces__rosidl_generator_c.so /opt/ros/humble/lib/libstd_msgs__rosidl_typesupport_introspection_cpp.so /opt/ros/humble/lib/libbuiltin_interfaces__rosidl_typesupport_introspection_cpp.so /opt/ros/humble/lib/librosidl_typesupport_introspection_cpp.so /opt/ros/humble/lib/librosidl_typesupport_introspection_c.so /opt/ros/humble/lib/libsensor_msgs__rosidl_typesupport_cpp.so /opt/ros/humble/lib/libgeometry_msgs__rosidl_typesupport_cpp.so /opt/ros/humble/lib/libstd_msgs__rosidl_typesupport_cpp.so /opt/ros/humble/lib/libbuiltin_interfaces__rosidl_typesupport_cpp.so /opt/ros/humble/lib/librosidl_typesupport_c.so /opt/ros/humble/lib/librosidl_runtime_c.so /opt/ros/humble/lib/librcutils.so -ldl 
/usr/bin/cc -fPIC -shared -Wl,-soname,crb_ros_msg_s__rosidl_typesupport_c.cpython-310-x86_64-linux-gnu.so -o rosidl_generator_py/crb_ros_msg/crb_ros_msg_s__rosidl_typesupport_c.cpython-310-x86_64-linux-gnu.so CMakeFiles/crb_ros_msg__rosidl_typesupport_c__pyext.dir/rosidl_generator_py/crb_ros_msg/_crb_ros_msg_s.ep.rosidl_typesupport_c.c.o   -L/workspace/action_data_offset_ws/install:/opt/ros/humble/lib  -Wl,-rpath,/workspace/action_data_offset_ws/install:/opt/ros/humble/lib:/workspace/action_data_offset_ws/build_x86/crb_ros_msg/rosidl_generator_py/crb_ros_msg:/workspace/action_data_offset_ws/build_x86/crb_ros_msg: rosidl_generator_py/crb_ros_msg/libcrb_ros_msg__rosidl_generator_py.so /usr/lib/x86_64-linux-gnu/libpython3.10.so libcrb_ros_msg__rosidl_typesupport_c.so /opt/ros/humble/lib/libsensor_msgs__rosidl_typesupport_fastrtps_c.so /opt/ros/humble/lib/libsensor_msgs__rosidl_typesupport_fastrtps_cpp.so /opt/ros/humble/lib/libsensor_msgs__rosidl_typesupport_introspection_c.so /opt/ros/humble/lib/libsensor_msgs__rosidl_typesupport_introspection_cpp.so /opt/ros/humble/lib/libsensor_msgs__rosidl_generator_py.so /opt/ros/humble/lib/libgeometry_msgs__rosidl_typesupport_fastrtps_c.so /opt/ros/humble/lib/libgeometry_msgs__rosidl_typesupport_introspection_c.so /opt/ros/humble/lib/libgeometry_msgs__rosidl_typesupport_fastrtps_cpp.so /opt/ros/humble/lib/libgeometry_msgs__rosidl_typesupport_introspection_cpp.so /opt/ros/humble/lib/libgeometry_msgs__rosidl_generator_py.so /opt/ros/humble/lib/librmw.so /opt/ros/humble/lib/libsensor_msgs__rosidl_typesupport_c.so /opt/ros/humble/lib/libstd_msgs__rosidl_generator_py.so /opt/ros/humble/lib/libbuiltin_interfaces__rosidl_generator_py.so /usr/lib/x86_64-linux-gnu/libpython3.10.so /opt/ros/humble/lib/libgeometry_msgs__rosidl_typesupport_c.so /opt/ros/humble/lib/libstd_msgs__rosidl_typesupport_c.so /opt/ros/humble/lib/libbuiltin_interfaces__rosidl_typesupport_c.so libcrb_ros_msg__rosidl_generator_c.so /opt/ros/humble/lib/libstd_msgs__rosidl_typesupport_fastrtps_c.so /opt/ros/humble/lib/libbuiltin_interfaces__rosidl_typesupport_fastrtps_c.so /opt/ros/humble/lib/librosidl_typesupport_fastrtps_c.so /opt/ros/humble/lib/libstd_msgs__rosidl_typesupport_fastrtps_cpp.so /opt/ros/humble/lib/libbuiltin_interfaces__rosidl_typesupport_fastrtps_cpp.so /opt/ros/humble/lib/librosidl_typesupport_fastrtps_cpp.so /opt/ros/humble/lib/libfastcdr.so.1.0.24 /opt/ros/humble/lib/librmw.so /opt/ros/humble/lib/libsensor_msgs__rosidl_generator_c.so /opt/ros/humble/lib/libstd_msgs__rosidl_typesupport_introspection_c.so /opt/ros/humble/lib/libbuiltin_interfaces__rosidl_typesupport_introspection_c.so /opt/ros/humble/lib/libgeometry_msgs__rosidl_generator_c.so /opt/ros/humble/lib/libstd_msgs__rosidl_generator_c.so /opt/ros/humble/lib/libbuiltin_interfaces__rosidl_generator_c.so /opt/ros/humble/lib/libstd_msgs__rosidl_typesupport_introspection_cpp.so /opt/ros/humble/lib/libbuiltin_interfaces__rosidl_typesupport_introspection_cpp.so /opt/ros/humble/lib/librosidl_typesupport_introspection_cpp.so /opt/ros/humble/lib/librosidl_typesupport_introspection_c.so /opt/ros/humble/lib/libsensor_msgs__rosidl_typesupport_cpp.so /opt/ros/humble/lib/libgeometry_msgs__rosidl_typesupport_cpp.so /opt/ros/humble/lib/libstd_msgs__rosidl_typesupport_cpp.so /opt/ros/humble/lib/libbuiltin_interfaces__rosidl_typesupport_cpp.so /opt/ros/humble/lib/librosidl_typesupport_c.so /opt/ros/humble/lib/librosidl_runtime_c.so /opt/ros/humble/lib/librcutils.so -ldl 
gmake[2]: Leaving directory '/workspace/action_data_offset_ws/build_x86/crb_ros_msg'
gmake[2]: Leaving directory '/workspace/action_data_offset_ws/build_x86/crb_ros_msg'
gmake[2]: Leaving directory '/workspace/action_data_offset_ws/build_x86/crb_ros_msg'
[100%] Built target crb_ros_msg__rosidl_typesupport_introspection_c__pyext
[100%] Built target crb_ros_msg__rosidl_typesupport_c__pyext
[100%] Built target crb_ros_msg__rosidl_typesupport_fastrtps_c__pyext
gmake[1]: Leaving directory '/workspace/action_data_offset_ws/build_x86/crb_ros_msg'
/usr/bin/cmake -E cmake_progress_start /workspace/action_data_offset_ws/build_x86/crb_ros_msg/CMakeFiles 0
-- Install configuration: ""
-- Up-to-date: /workspace/action_data_offset_ws/install/share/ament_index/resource_index/rosidl_interfaces/crb_ros_msg
-- Up-to-date: /workspace/action_data_offset_ws/install/include/crb_ros_msg/crb_ros_msg
-- Up-to-date: /workspace/action_data_offset_ws/install/include/crb_ros_msg/crb_ros_msg/msg
-- Up-to-date: /workspace/action_data_offset_ws/install/include/crb_ros_msg/crb_ros_msg/msg/detail
-- Up-to-date: /workspace/action_data_offset_ws/install/include/crb_ros_msg/crb_ros_msg/msg/detail/upper_joint_data__functions.h
-- Up-to-date: /workspace/action_data_offset_ws/install/include/crb_ros_msg/crb_ros_msg/msg/detail/upper_joint_data__type_support.h
-- Up-to-date: /workspace/action_data_offset_ws/install/include/crb_ros_msg/crb_ros_msg/msg/detail/upper_joint_data__functions.c
-- Up-to-date: /workspace/action_data_offset_ws/install/include/crb_ros_msg/crb_ros_msg/msg/detail/upper_joint_data__struct.h
-- Up-to-date: /workspace/action_data_offset_ws/install/include/crb_ros_msg/crb_ros_msg/msg/rosidl_generator_c__visibility_control.h
-- Up-to-date: /workspace/action_data_offset_ws/install/include/crb_ros_msg/crb_ros_msg/msg/upper_joint_data.h
-- Up-to-date: /workspace/action_data_offset_ws/install/share/crb_ros_msg/environment/library_path.sh
-- Installing: /workspace/action_data_offset_ws/install/share/crb_ros_msg/environment/library_path.dsv
-- Installing: /workspace/action_data_offset_ws/install/lib/libcrb_ros_msg__rosidl_generator_c.so
-- Set runtime path of "/workspace/action_data_offset_ws/install/lib/libcrb_ros_msg__rosidl_generator_c.so" to ""
-- Up-to-date: /workspace/action_data_offset_ws/install/include/crb_ros_msg/crb_ros_msg
-- Up-to-date: /workspace/action_data_offset_ws/install/include/crb_ros_msg/crb_ros_msg/msg
-- Up-to-date: /workspace/action_data_offset_ws/install/include/crb_ros_msg/crb_ros_msg/msg/rosidl_typesupport_fastrtps_c__visibility_control.h
-- Up-to-date: /workspace/action_data_offset_ws/install/include/crb_ros_msg/crb_ros_msg/msg/detail
-- Up-to-date: /workspace/action_data_offset_ws/install/include/crb_ros_msg/crb_ros_msg/msg/detail/upper_joint_data__rosidl_typesupport_fastrtps_c.h
-- Installing: /workspace/action_data_offset_ws/install/lib/libcrb_ros_msg__rosidl_typesupport_fastrtps_c.so
-- Set runtime path of "/workspace/action_data_offset_ws/install/lib/libcrb_ros_msg__rosidl_typesupport_fastrtps_c.so" to ""
-- Up-to-date: /workspace/action_data_offset_ws/install/include/crb_ros_msg/crb_ros_msg
-- Up-to-date: /workspace/action_data_offset_ws/install/include/crb_ros_msg/crb_ros_msg/msg
-- Up-to-date: /workspace/action_data_offset_ws/install/include/crb_ros_msg/crb_ros_msg/msg/detail
-- Up-to-date: /workspace/action_data_offset_ws/install/include/crb_ros_msg/crb_ros_msg/msg/detail/upper_joint_data__rosidl_typesupport_introspection_c.h
-- Up-to-date: /workspace/action_data_offset_ws/install/include/crb_ros_msg/crb_ros_msg/msg/detail/upper_joint_data__type_support.c
-- Up-to-date: /workspace/action_data_offset_ws/install/include/crb_ros_msg/crb_ros_msg/msg/rosidl_typesupport_introspection_c__visibility_control.h
-- Installing: /workspace/action_data_offset_ws/install/lib/libcrb_ros_msg__rosidl_typesupport_introspection_c.so
-- Set runtime path of "/workspace/action_data_offset_ws/install/lib/libcrb_ros_msg__rosidl_typesupport_introspection_c.so" to ""
-- Installing: /workspace/action_data_offset_ws/install/lib/libcrb_ros_msg__rosidl_typesupport_c.so
-- Set runtime path of "/workspace/action_data_offset_ws/install/lib/libcrb_ros_msg__rosidl_typesupport_c.so" to ""
-- Up-to-date: /workspace/action_data_offset_ws/install/include/crb_ros_msg/crb_ros_msg
-- Up-to-date: /workspace/action_data_offset_ws/install/include/crb_ros_msg/crb_ros_msg/msg
-- Up-to-date: /workspace/action_data_offset_ws/install/include/crb_ros_msg/crb_ros_msg/msg/detail
-- Up-to-date: /workspace/action_data_offset_ws/install/include/crb_ros_msg/crb_ros_msg/msg/detail/upper_joint_data__traits.hpp
-- Up-to-date: /workspace/action_data_offset_ws/install/include/crb_ros_msg/crb_ros_msg/msg/detail/upper_joint_data__type_support.hpp
-- Up-to-date: /workspace/action_data_offset_ws/install/include/crb_ros_msg/crb_ros_msg/msg/detail/upper_joint_data__struct.hpp
-- Up-to-date: /workspace/action_data_offset_ws/install/include/crb_ros_msg/crb_ros_msg/msg/detail/upper_joint_data__builder.hpp
-- Up-to-date: /workspace/action_data_offset_ws/install/include/crb_ros_msg/crb_ros_msg/msg/rosidl_generator_cpp__visibility_control.hpp
-- Up-to-date: /workspace/action_data_offset_ws/install/include/crb_ros_msg/crb_ros_msg/msg/upper_joint_data.hpp
-- Up-to-date: /workspace/action_data_offset_ws/install/include/crb_ros_msg/crb_ros_msg
-- Up-to-date: /workspace/action_data_offset_ws/install/include/crb_ros_msg/crb_ros_msg/msg
-- Up-to-date: /workspace/action_data_offset_ws/install/include/crb_ros_msg/crb_ros_msg/msg/detail
-- Up-to-date: /workspace/action_data_offset_ws/install/include/crb_ros_msg/crb_ros_msg/msg/detail/upper_joint_data__rosidl_typesupport_fastrtps_cpp.hpp
-- Up-to-date: /workspace/action_data_offset_ws/install/include/crb_ros_msg/crb_ros_msg/msg/detail/dds_fastrtps
-- Up-to-date: /workspace/action_data_offset_ws/install/include/crb_ros_msg/crb_ros_msg/msg/rosidl_typesupport_fastrtps_cpp__visibility_control.h
-- Installing: /workspace/action_data_offset_ws/install/lib/libcrb_ros_msg__rosidl_typesupport_fastrtps_cpp.so
-- Set runtime path of "/workspace/action_data_offset_ws/install/lib/libcrb_ros_msg__rosidl_typesupport_fastrtps_cpp.so" to ""
-- Up-to-date: /workspace/action_data_offset_ws/install/include/crb_ros_msg/crb_ros_msg
-- Up-to-date: /workspace/action_data_offset_ws/install/include/crb_ros_msg/crb_ros_msg/msg
-- Up-to-date: /workspace/action_data_offset_ws/install/include/crb_ros_msg/crb_ros_msg/msg/detail
-- Up-to-date: /workspace/action_data_offset_ws/install/include/crb_ros_msg/crb_ros_msg/msg/detail/upper_joint_data__rosidl_typesupport_introspection_cpp.hpp
-- Up-to-date: /workspace/action_data_offset_ws/install/include/crb_ros_msg/crb_ros_msg/msg/detail/upper_joint_data__type_support.cpp
-- Installing: /workspace/action_data_offset_ws/install/lib/libcrb_ros_msg__rosidl_typesupport_introspection_cpp.so
-- Set runtime path of "/workspace/action_data_offset_ws/install/lib/libcrb_ros_msg__rosidl_typesupport_introspection_cpp.so" to ""
-- Installing: /workspace/action_data_offset_ws/install/lib/libcrb_ros_msg__rosidl_typesupport_cpp.so
-- Set runtime path of "/workspace/action_data_offset_ws/install/lib/libcrb_ros_msg__rosidl_typesupport_cpp.so" to ""
-- Up-to-date: /workspace/action_data_offset_ws/install/share/crb_ros_msg/environment/pythonpath.sh
-- Installing: /workspace/action_data_offset_ws/install/share/crb_ros_msg/environment/pythonpath.dsv
-- Up-to-date: /workspace/action_data_offset_ws/install/local/lib/python3.10/dist-packages/crb_ros_msg-0.1.0-py3.10.egg-info
-- Installing: /workspace/action_data_offset_ws/install/local/lib/python3.10/dist-packages/crb_ros_msg-0.1.0-py3.10.egg-info/PKG-INFO
-- Installing: /workspace/action_data_offset_ws/install/local/lib/python3.10/dist-packages/crb_ros_msg-0.1.0-py3.10.egg-info/dependency_links.txt
-- Installing: /workspace/action_data_offset_ws/install/local/lib/python3.10/dist-packages/crb_ros_msg-0.1.0-py3.10.egg-info/SOURCES.txt
-- Installing: /workspace/action_data_offset_ws/install/local/lib/python3.10/dist-packages/crb_ros_msg-0.1.0-py3.10.egg-info/top_level.txt
-- Up-to-date: /workspace/action_data_offset_ws/install/local/lib/python3.10/dist-packages/crb_ros_msg
-- Installing: /workspace/action_data_offset_ws/install/local/lib/python3.10/dist-packages/crb_ros_msg/libcrb_ros_msg__rosidl_generator_py.so
-- Installing: /workspace/action_data_offset_ws/install/local/lib/python3.10/dist-packages/crb_ros_msg/crb_ros_msg_s__rosidl_typesupport_introspection_c.cpython-310-x86_64-linux-gnu.so
-- Up-to-date: /workspace/action_data_offset_ws/install/local/lib/python3.10/dist-packages/crb_ros_msg/_crb_ros_msg_s.ep.rosidl_typesupport_fastrtps_c.c
-- Up-to-date: /workspace/action_data_offset_ws/install/local/lib/python3.10/dist-packages/crb_ros_msg/_crb_ros_msg_s.ep.rosidl_typesupport_c.c
-- Installing: /workspace/action_data_offset_ws/install/local/lib/python3.10/dist-packages/crb_ros_msg/__init__.py
-- Up-to-date: /workspace/action_data_offset_ws/install/local/lib/python3.10/dist-packages/crb_ros_msg/msg
-- Up-to-date: /workspace/action_data_offset_ws/install/local/lib/python3.10/dist-packages/crb_ros_msg/msg/_upper_joint_data.py
-- Up-to-date: /workspace/action_data_offset_ws/install/local/lib/python3.10/dist-packages/crb_ros_msg/msg/_upper_joint_data_s.c
-- Up-to-date: /workspace/action_data_offset_ws/install/local/lib/python3.10/dist-packages/crb_ros_msg/msg/__init__.py
-- Installing: /workspace/action_data_offset_ws/install/local/lib/python3.10/dist-packages/crb_ros_msg/crb_ros_msg_s__rosidl_typesupport_fastrtps_c.cpython-310-x86_64-linux-gnu.so
-- Installing: /workspace/action_data_offset_ws/install/local/lib/python3.10/dist-packages/crb_ros_msg/crb_ros_msg_s__rosidl_typesupport_c.cpython-310-x86_64-linux-gnu.so
-- Up-to-date: /workspace/action_data_offset_ws/install/local/lib/python3.10/dist-packages/crb_ros_msg/_crb_ros_msg_s.ep.rosidl_typesupport_introspection_c.c
Listing '/workspace/action_data_offset_ws/install/local/lib/python3.10/dist-packages/crb_ros_msg'...
Compiling '/workspace/action_data_offset_ws/install/local/lib/python3.10/dist-packages/crb_ros_msg/__init__.py'...
Listing '/workspace/action_data_offset_ws/install/local/lib/python3.10/dist-packages/crb_ros_msg/msg'...
-- Installing: /workspace/action_data_offset_ws/install/local/lib/python3.10/dist-packages/crb_ros_msg/crb_ros_msg_s__rosidl_typesupport_fastrtps_c.cpython-310-x86_64-linux-gnu.so
-- Set runtime path of "/workspace/action_data_offset_ws/install/local/lib/python3.10/dist-packages/crb_ros_msg/crb_ros_msg_s__rosidl_typesupport_fastrtps_c.cpython-310-x86_64-linux-gnu.so" to ""
-- Installing: /workspace/action_data_offset_ws/install/local/lib/python3.10/dist-packages/crb_ros_msg/crb_ros_msg_s__rosidl_typesupport_introspection_c.cpython-310-x86_64-linux-gnu.so
-- Set runtime path of "/workspace/action_data_offset_ws/install/local/lib/python3.10/dist-packages/crb_ros_msg/crb_ros_msg_s__rosidl_typesupport_introspection_c.cpython-310-x86_64-linux-gnu.so" to ""
-- Installing: /workspace/action_data_offset_ws/install/local/lib/python3.10/dist-packages/crb_ros_msg/crb_ros_msg_s__rosidl_typesupport_c.cpython-310-x86_64-linux-gnu.so
-- Set runtime path of "/workspace/action_data_offset_ws/install/local/lib/python3.10/dist-packages/crb_ros_msg/crb_ros_msg_s__rosidl_typesupport_c.cpython-310-x86_64-linux-gnu.so" to ""
-- Installing: /workspace/action_data_offset_ws/install/lib/libcrb_ros_msg__rosidl_generator_py.so
-- Set runtime path of "/workspace/action_data_offset_ws/install/lib/libcrb_ros_msg__rosidl_generator_py.so" to ""
-- Up-to-date: /workspace/action_data_offset_ws/install/share/crb_ros_msg/msg/UpperJointData.idl
-- Up-to-date: /workspace/action_data_offset_ws/install/share/crb_ros_msg/msg/UpperJointData.msg
-- Up-to-date: /workspace/action_data_offset_ws/install/share/ament_index/resource_index/package_run_dependencies/crb_ros_msg
-- Installing: /workspace/action_data_offset_ws/install/share/ament_index/resource_index/parent_prefix_path/crb_ros_msg
-- Up-to-date: /workspace/action_data_offset_ws/install/share/crb_ros_msg/environment/ament_prefix_path.sh
-- Installing: /workspace/action_data_offset_ws/install/share/crb_ros_msg/environment/ament_prefix_path.dsv
-- Up-to-date: /workspace/action_data_offset_ws/install/share/crb_ros_msg/environment/path.sh
-- Installing: /workspace/action_data_offset_ws/install/share/crb_ros_msg/environment/path.dsv
-- Up-to-date: /workspace/action_data_offset_ws/install/share/crb_ros_msg/local_setup.bash
-- Up-to-date: /workspace/action_data_offset_ws/install/share/crb_ros_msg/local_setup.sh
-- Up-to-date: /workspace/action_data_offset_ws/install/share/crb_ros_msg/local_setup.zsh
-- Installing: /workspace/action_data_offset_ws/install/share/crb_ros_msg/local_setup.dsv
-- Installing: /workspace/action_data_offset_ws/install/share/crb_ros_msg/package.dsv
-- Up-to-date: /workspace/action_data_offset_ws/install/share/ament_index/resource_index/packages/crb_ros_msg
-- Up-to-date: /workspace/action_data_offset_ws/install/share/crb_ros_msg/cmake/export_crb_ros_msg__rosidl_generator_cExport.cmake
-- Up-to-date: /workspace/action_data_offset_ws/install/share/crb_ros_msg/cmake/export_crb_ros_msg__rosidl_generator_cExport-noconfig.cmake
-- Up-to-date: /workspace/action_data_offset_ws/install/share/crb_ros_msg/cmake/export_crb_ros_msg__rosidl_typesupport_fastrtps_cExport.cmake
-- Up-to-date: /workspace/action_data_offset_ws/install/share/crb_ros_msg/cmake/export_crb_ros_msg__rosidl_typesupport_fastrtps_cExport-noconfig.cmake
-- Up-to-date: /workspace/action_data_offset_ws/install/share/crb_ros_msg/cmake/crb_ros_msg__rosidl_typesupport_introspection_cExport.cmake
-- Up-to-date: /workspace/action_data_offset_ws/install/share/crb_ros_msg/cmake/crb_ros_msg__rosidl_typesupport_introspection_cExport-noconfig.cmake
-- Up-to-date: /workspace/action_data_offset_ws/install/share/crb_ros_msg/cmake/crb_ros_msg__rosidl_typesupport_cExport.cmake
-- Up-to-date: /workspace/action_data_offset_ws/install/share/crb_ros_msg/cmake/crb_ros_msg__rosidl_typesupport_cExport-noconfig.cmake
-- Up-to-date: /workspace/action_data_offset_ws/install/share/crb_ros_msg/cmake/export_crb_ros_msg__rosidl_generator_cppExport.cmake
-- Up-to-date: /workspace/action_data_offset_ws/install/share/crb_ros_msg/cmake/export_crb_ros_msg__rosidl_typesupport_fastrtps_cppExport.cmake
-- Up-to-date: /workspace/action_data_offset_ws/install/share/crb_ros_msg/cmake/export_crb_ros_msg__rosidl_typesupport_fastrtps_cppExport-noconfig.cmake
-- Up-to-date: /workspace/action_data_offset_ws/install/share/crb_ros_msg/cmake/crb_ros_msg__rosidl_typesupport_introspection_cppExport.cmake
-- Up-to-date: /workspace/action_data_offset_ws/install/share/crb_ros_msg/cmake/crb_ros_msg__rosidl_typesupport_introspection_cppExport-noconfig.cmake
-- Up-to-date: /workspace/action_data_offset_ws/install/share/crb_ros_msg/cmake/crb_ros_msg__rosidl_typesupport_cppExport.cmake
-- Up-to-date: /workspace/action_data_offset_ws/install/share/crb_ros_msg/cmake/crb_ros_msg__rosidl_typesupport_cppExport-noconfig.cmake
-- Up-to-date: /workspace/action_data_offset_ws/install/share/crb_ros_msg/cmake/export_crb_ros_msg__rosidl_generator_pyExport.cmake
-- Up-to-date: /workspace/action_data_offset_ws/install/share/crb_ros_msg/cmake/export_crb_ros_msg__rosidl_generator_pyExport-noconfig.cmake
-- Up-to-date: /workspace/action_data_offset_ws/install/share/crb_ros_msg/cmake/rosidl_cmake-extras.cmake
-- Up-to-date: /workspace/action_data_offset_ws/install/share/crb_ros_msg/cmake/ament_cmake_export_dependencies-extras.cmake
-- Up-to-date: /workspace/action_data_offset_ws/install/share/crb_ros_msg/cmake/ament_cmake_export_include_directories-extras.cmake
-- Up-to-date: /workspace/action_data_offset_ws/install/share/crb_ros_msg/cmake/ament_cmake_export_libraries-extras.cmake
-- Up-to-date: /workspace/action_data_offset_ws/install/share/crb_ros_msg/cmake/ament_cmake_export_targets-extras.cmake
-- Up-to-date: /workspace/action_data_offset_ws/install/share/crb_ros_msg/cmake/rosidl_cmake_export_typesupport_targets-extras.cmake
-- Up-to-date: /workspace/action_data_offset_ws/install/share/crb_ros_msg/cmake/rosidl_cmake_export_typesupport_libraries-extras.cmake
-- Up-to-date: /workspace/action_data_offset_ws/install/share/crb_ros_msg/cmake/crb_ros_msgConfig.cmake
-- Up-to-date: /workspace/action_data_offset_ws/install/share/crb_ros_msg/cmake/crb_ros_msgConfig-version.cmake
-- Up-to-date: /workspace/action_data_offset_ws/install/share/crb_ros_msg/package.xml
