[0.000000] (-) TimerEvent: {}
[0.001224] (action_data_offset) JobQueued: {'identifier': 'action_data_offset', 'dependencies': OrderedDict()}
[0.001292] (crb_ros_msg) JobQueued: {'identifier': 'crb_ros_msg', 'dependencies': OrderedDict()}
[0.001328] (casbot_arm_calibration_web) JobQueued: {'identifier': 'casbot_arm_calibration_web', 'dependencies': OrderedDict([('action_data_offset', '/workspace/action_data_offset_ws/install'), ('crb_ros_msg', '/workspace/action_data_offset_ws/install')])}
[0.001367] (action_data_offset) JobStarted: {'identifier': 'action_data_offset'}
[0.007012] (crb_ros_msg) JobStarted: {'identifier': 'crb_ros_msg'}
[0.099863] (-) TimerEvent: {}
[0.160048] (crb_ros_msg) JobProgress: {'identifier': 'crb_ros_msg', 'progress': 'cmake'}
[0.160192] (crb_ros_msg) Command: {'cmd': ['/usr/bin/cmake', '/workspace/action_data_offset_ws/src/crb_ros_msg', '-DCMAKE_VERBOSE_MAKEFILE:BOOL=ON', '-DCMAKE_TOOLCHAIN_FILE=/workspace/action_data_offset_ws/docker_env/environment/cmake-toolchains/generic_aarch64.cmake', '-DSECURITY=ON', '-DBUILD_TESTING=OFF', '-DCMAKE_INSTALL_PREFIX=/workspace/action_data_offset_ws/install'], 'cwd': '/workspace/action_data_offset_ws/build/crb_ros_msg', 'env': OrderedDict([('PYTHON_SOABI', 'cpython-310-aarch64-linux-gnu'), ('ARCH', 'aarch64'), ('HOSTNAME', 'aarch64_2204_0508_1407_17'), ('SHLVL', '2'), ('LD_LIBRARY_PATH', '/opt/rootfs_2204_aarch64/opt/ros/humble/opt/rviz_ogre_vendor/lib:/opt/rootfs_2204_aarch64/opt/ros/humble/lib/aarch64-linux-gnu:/opt/rootfs_2204_aarch64/opt/ros/humble/lib'), ('HOME', '/home/casbot'), ('OLDPWD', '/workspace/action_data_offset_ws'), ('ROS_PYTHON_VERSION', '3'), ('CROSS_FLAG', '-DCMAKE_CUSTOM_CROSS=ON -DCMAKE_TOOLCHAIN_FILE=/workspace/action_data_offset_ws/docker_env/environment/cmake-toolchains/generic_aarch64.cmake'), ('project_environment_dir', '/workspace/action_data_offset_ws/docker_env/environment'), ('ROS_DISTRO', 'humble'), ('is_ubuntu_20_04', 'false'), ('_', '/usr/local/bin/colcon'), ('ROS_VERSION', '2'), ('is_orin', 'false'), ('is_ubuntu_22_04', 'true'), ('TERM', 'xterm'), ('ROS_LOCALHOST_ONLY', '0'), ('QT_X11_NO_MITSHM', '1'), ('PATH', '/opt/rootfs_2204_aarch64/opt/ros/humble/bin:/usr/local/sbin:/usr/local/bin:/usr/sbin:/usr/bin:/sbin:/bin'), ('is_pc', 'true'), ('env_is_docker', '1'), ('DISPLAY', ':1'), ('LANG', 'en_US.UTF-8'), ('AMENT_PREFIX_PATH', '/opt/rootfs_2204_aarch64/opt/ros/humble'), ('env_docker_aarch64', '1'), ('PWD', '/workspace/action_data_offset_ws/build_aarch64/crb_ros_msg'), ('env_docker_x86', '0'), ('PYTHONPATH', '/opt/rootfs_2204_aarch64/opt/ros/humble/lib/python3.10/site-packages:/opt/rootfs_2204_aarch64/opt/ros/humble/local/lib/python3.10/dist-packages'), ('SYSROOT', '/opt/rootfs_2204_aarch64/'), ('TARGET_ARCH', 'aarch64'), ('TZ', 'Asia/Shanghai'), ('project_install_dir', '/workspace/action_data_offset_ws/install_aarch64'), ('COLCON', '1'), ('CMAKE_PREFIX_PATH', '/opt/rootfs_2204_aarch64/opt/ros/humble')]), 'shell': False}
[0.170035] (crb_ros_msg) StdoutLine: {'line': b'-- Using SECURITY: ON.\n'}
[0.170138] (crb_ros_msg) StdoutLine: {'line': b'-- Using BUILD_TESTING: OFF.\n'}
[0.170189] (crb_ros_msg) StdoutLine: {'line': b'-- Using CMAKE_TOOLCHAIN_FILE: /workspace/action_data_offset_ws/docker_env/environment/cmake-toolchains/generic_aarch64.cmake.\n'}
[0.170240] (crb_ros_msg) StdoutLine: {'line': b'-- Using CATKIN_INSTALL_INTO_PREFIX_ROOT: .\n'}
[0.170291] (crb_ros_msg) StdoutLine: {'line': b'-- Using CMAKE_CUSTOM_CROSS: .\n'}
[0.183668] (crb_ros_msg) StdoutLine: {'line': b'-- Found ament_cmake: 1.3.12 (/opt/rootfs_2204_aarch64/opt/ros/humble/share/ament_cmake/cmake)\n'}
[0.199994] (-) TimerEvent: {}
[0.275028] (crb_ros_msg) StdoutLine: {'line': b'-- Found rosidl_default_generators: 1.2.1 (/opt/rootfs_2204_aarch64/opt/ros/humble/share/rosidl_default_generators/cmake)\n'}
[0.276068] (crb_ros_msg) StdoutLine: {'line': b'-- Using all available rosidl_typesupport_c: rosidl_typesupport_fastrtps_c;rosidl_typesupport_introspection_c\n'}
[0.278358] (crb_ros_msg) StdoutLine: {'line': b'-- Found rosidl_adapter: 3.1.7 (/opt/rootfs_2204_aarch64/opt/ros/humble/share/rosidl_adapter/cmake)\n'}
[0.300075] (-) TimerEvent: {}
[0.305773] (crb_ros_msg) StdoutLine: {'line': b'-- Using all available rosidl_typesupport_cpp: rosidl_typesupport_fastrtps_cpp;rosidl_typesupport_introspection_cpp\n'}
[0.327885] (crb_ros_msg) StdoutLine: {'line': b'-- Found std_msgs: 4.9.0 (/opt/rootfs_2204_aarch64/opt/ros/humble/share/std_msgs/cmake)\n'}
[0.346531] (crb_ros_msg) StdoutLine: {'line': b'-- Found sensor_msgs: 4.9.1 (/opt/rootfs_2204_aarch64/opt/ros/humble/share/sensor_msgs/cmake)\n'}
[0.366208] (action_data_offset) Command: {'cmd': ['/usr/bin/python3', '-W', 'ignore:setup.py install is deprecated', '-W', 'ignore:easy_install command is deprecated', 'setup.py', 'egg_info', '--egg-base', '../../build_aarch64/action_data_offset', 'build', '--build-base', '/workspace/action_data_offset_ws/build/action_data_offset/build', 'install', '--record', '/workspace/action_data_offset_ws/build/action_data_offset/install.log', '--single-version-externally-managed', 'install_data'], 'cwd': '/workspace/action_data_offset_ws/src/action_data_offset', 'env': {'PYTHON_SOABI': 'cpython-310-aarch64-linux-gnu', 'ARCH': 'aarch64', 'HOSTNAME': 'aarch64_2204_0508_1407_17', 'SHLVL': '2', 'LD_LIBRARY_PATH': '/opt/rootfs_2204_aarch64/opt/ros/humble/opt/rviz_ogre_vendor/lib:/opt/rootfs_2204_aarch64/opt/ros/humble/lib/aarch64-linux-gnu:/opt/rootfs_2204_aarch64/opt/ros/humble/lib', 'HOME': '/home/casbot', 'OLDPWD': '/workspace/action_data_offset_ws', 'ROS_PYTHON_VERSION': '3', 'CROSS_FLAG': '-DCMAKE_CUSTOM_CROSS=ON -DCMAKE_TOOLCHAIN_FILE=/workspace/action_data_offset_ws/docker_env/environment/cmake-toolchains/generic_aarch64.cmake', 'project_environment_dir': '/workspace/action_data_offset_ws/docker_env/environment', 'ROS_DISTRO': 'humble', 'is_ubuntu_20_04': 'false', '_': '/usr/local/bin/colcon', 'ROS_VERSION': '2', 'is_orin': 'false', 'is_ubuntu_22_04': 'true', 'TERM': 'xterm', 'ROS_LOCALHOST_ONLY': '0', 'QT_X11_NO_MITSHM': '1', 'PATH': '/opt/rootfs_2204_aarch64/opt/ros/humble/bin:/usr/local/sbin:/usr/local/bin:/usr/sbin:/usr/bin:/sbin:/bin', 'is_pc': 'true', 'env_is_docker': '1', 'DISPLAY': ':1', 'LANG': 'en_US.UTF-8', 'AMENT_PREFIX_PATH': '/opt/rootfs_2204_aarch64/opt/ros/humble', 'env_docker_aarch64': '1', 'PWD': '/workspace/action_data_offset_ws/build_aarch64/action_data_offset', 'env_docker_x86': '0', 'PYTHONPATH': '/workspace/action_data_offset_ws/build/action_data_offset/prefix_override:/usr/local/lib/python3.10/dist-packages/colcon_core/task/python/colcon_distutils_commands:/workspace/action_data_offset_ws/install/lib/python3.10/site-packages:/opt/rootfs_2204_aarch64/opt/ros/humble/lib/python3.10/site-packages:/opt/rootfs_2204_aarch64/opt/ros/humble/local/lib/python3.10/dist-packages', 'SYSROOT': '/opt/rootfs_2204_aarch64/', 'TARGET_ARCH': 'aarch64', 'TZ': 'Asia/Shanghai', 'project_install_dir': '/workspace/action_data_offset_ws/install_aarch64', 'COLCON': '1'}, 'shell': False}
[0.368779] (crb_ros_msg) StdoutLine: {'line': b'-- Found action_msgs: 1.2.2 (/opt/rootfs_2204_aarch64/opt/ros/humble/share/action_msgs/cmake)\n'}
[0.400200] (-) TimerEvent: {}
[0.500472] (-) TimerEvent: {}
[0.515334] (action_data_offset) StdoutLine: {'line': b'running egg_info\n'}
[0.515875] (action_data_offset) StdoutLine: {'line': b'writing ../../build_aarch64/action_data_offset/action_data_offset.egg-info/PKG-INFO\n'}
[0.516070] (action_data_offset) StdoutLine: {'line': b'writing dependency_links to ../../build_aarch64/action_data_offset/action_data_offset.egg-info/dependency_links.txt\n'}
[0.516228] (action_data_offset) StdoutLine: {'line': b'writing entry points to ../../build_aarch64/action_data_offset/action_data_offset.egg-info/entry_points.txt\n'}
[0.516364] (action_data_offset) StdoutLine: {'line': b'writing requirements to ../../build_aarch64/action_data_offset/action_data_offset.egg-info/requires.txt\n'}
[0.516476] (action_data_offset) StdoutLine: {'line': b'writing top-level names to ../../build_aarch64/action_data_offset/action_data_offset.egg-info/top_level.txt\n'}
[0.518706] (action_data_offset) StdoutLine: {'line': b"reading manifest file '../../build_aarch64/action_data_offset/action_data_offset.egg-info/SOURCES.txt'\n"}
[0.521503] (action_data_offset) StdoutLine: {'line': b"writing manifest file '../../build_aarch64/action_data_offset/action_data_offset.egg-info/SOURCES.txt'\n"}
[0.521629] (action_data_offset) StdoutLine: {'line': b'running build\n'}
[0.521734] (action_data_offset) StdoutLine: {'line': b'running build_py\n'}
[0.522044] (action_data_offset) StdoutLine: {'line': b'running install\n'}
[0.522244] (action_data_offset) StdoutLine: {'line': b'running install_lib\n'}
[0.523357] (action_data_offset) StdoutLine: {'line': b'running install_data\n'}
[0.528265] (action_data_offset) StdoutLine: {'line': b'running install_egg_info\n'}
[0.530984] (action_data_offset) StdoutLine: {'line': b"removing '/workspace/action_data_offset_ws/install/lib/python3.10/site-packages/action_data_offset-0.1.0-py3.10.egg-info' (and everything under it)\n"}
[0.531555] (action_data_offset) StdoutLine: {'line': b'Copying ../../build_aarch64/action_data_offset/action_data_offset.egg-info to /workspace/action_data_offset_ws/install/lib/python3.10/site-packages/action_data_offset-0.1.0-py3.10.egg-info\n'}
[0.533092] (action_data_offset) StdoutLine: {'line': b'running install_scripts\n'}
[0.549691] (action_data_offset) StdoutLine: {'line': b'Installing arm_trajectory_transform script to /workspace/action_data_offset_ws/install/lib/action_data_offset\n'}
[0.549926] (action_data_offset) StdoutLine: {'line': b'Installing arm_trajectory_transform_jacobian script to /workspace/action_data_offset_ws/install/lib/action_data_offset\n'}
[0.550065] (action_data_offset) StdoutLine: {'line': b'Installing mujoco_trajectory_sim script to /workspace/action_data_offset_ws/install/lib/action_data_offset\n'}
[0.550218] (action_data_offset) StdoutLine: {'line': b"writing list of installed files to '/workspace/action_data_offset_ws/build/action_data_offset/install.log'\n"}
[0.565660] (action_data_offset) CommandEnded: {'returncode': 0}
[0.576869] (action_data_offset) JobEnded: {'identifier': 'action_data_offset', 'rc': 0}
[0.600554] (-) TimerEvent: {}
[0.603766] (crb_ros_msg) StdoutLine: {'line': b'-- Found ament_cmake_ros: 0.10.0 (/opt/rootfs_2204_aarch64/opt/ros/humble/share/ament_cmake_ros/cmake)\n'}
[0.700687] (-) TimerEvent: {}
[0.800925] (-) TimerEvent: {}
[0.809104] (crb_ros_msg) StdoutLine: {'line': b'-- Using all available rosidl_typesupport_c: rosidl_typesupport_fastrtps_c;rosidl_typesupport_introspection_c\n'}
[0.901150] (-) TimerEvent: {}
[1.001387] (-) TimerEvent: {}
[1.101631] (-) TimerEvent: {}
[1.132125] (crb_ros_msg) StdoutLine: {'line': b'-- Using all available rosidl_typesupport_cpp: rosidl_typesupport_fastrtps_cpp;rosidl_typesupport_introspection_cpp\n'}
[1.160024] (crb_ros_msg) StdoutLine: {'line': b'-- Found python_cmake_module: 0.10.0 (/opt/rootfs_2204_aarch64/opt/ros/humble/share/python_cmake_module/cmake)\n'}
[1.184283] (crb_ros_msg) StdoutLine: {'line': b'-- Using PYTHON_EXECUTABLE: /usr/bin/python3\n'}
[1.184523] (crb_ros_msg) StdoutLine: {'line': b'-- Using PYTHON_INCLUDE_DIRS: /opt/rootfs_2204_aarch64/usr/include/python3.10\n'}
[1.184635] (crb_ros_msg) StdoutLine: {'line': b'-- Using PYTHON_LIBRARIES: /opt/rootfs_2204_aarch64/usr/lib/aarch64-linux-gnu/libpython3.10.so\n'}
[1.201720] (-) TimerEvent: {}
[1.301958] (-) TimerEvent: {}
[1.321341] (crb_ros_msg) StdoutLine: {'line': b'-- Configuring done\n'}
[1.358414] (crb_ros_msg) StdoutLine: {'line': b'-- Generating done\n'}
[1.371020] (crb_ros_msg) StdoutLine: {'line': b'-- Build files have been written to: /workspace/action_data_offset_ws/build_aarch64/crb_ros_msg\n'}
[1.376393] (crb_ros_msg) CommandEnded: {'returncode': 0}
[1.376771] (crb_ros_msg) JobProgress: {'identifier': 'crb_ros_msg', 'progress': 'build'}
[1.377193] (crb_ros_msg) Command: {'cmd': ['/usr/bin/cmake', '--build', '/workspace/action_data_offset_ws/build/crb_ros_msg', '--', '-j16', '-l16'], 'cwd': '/workspace/action_data_offset_ws/build/crb_ros_msg', 'env': OrderedDict([('PYTHON_SOABI', 'cpython-310-aarch64-linux-gnu'), ('ARCH', 'aarch64'), ('HOSTNAME', 'aarch64_2204_0508_1407_17'), ('SHLVL', '2'), ('LD_LIBRARY_PATH', '/opt/rootfs_2204_aarch64/opt/ros/humble/opt/rviz_ogre_vendor/lib:/opt/rootfs_2204_aarch64/opt/ros/humble/lib/aarch64-linux-gnu:/opt/rootfs_2204_aarch64/opt/ros/humble/lib'), ('HOME', '/home/casbot'), ('OLDPWD', '/workspace/action_data_offset_ws'), ('ROS_PYTHON_VERSION', '3'), ('CROSS_FLAG', '-DCMAKE_CUSTOM_CROSS=ON -DCMAKE_TOOLCHAIN_FILE=/workspace/action_data_offset_ws/docker_env/environment/cmake-toolchains/generic_aarch64.cmake'), ('project_environment_dir', '/workspace/action_data_offset_ws/docker_env/environment'), ('ROS_DISTRO', 'humble'), ('is_ubuntu_20_04', 'false'), ('_', '/usr/local/bin/colcon'), ('ROS_VERSION', '2'), ('is_orin', 'false'), ('is_ubuntu_22_04', 'true'), ('TERM', 'xterm'), ('ROS_LOCALHOST_ONLY', '0'), ('QT_X11_NO_MITSHM', '1'), ('PATH', '/opt/rootfs_2204_aarch64/opt/ros/humble/bin:/usr/local/sbin:/usr/local/bin:/usr/sbin:/usr/bin:/sbin:/bin'), ('is_pc', 'true'), ('env_is_docker', '1'), ('DISPLAY', ':1'), ('LANG', 'en_US.UTF-8'), ('AMENT_PREFIX_PATH', '/opt/rootfs_2204_aarch64/opt/ros/humble'), ('env_docker_aarch64', '1'), ('PWD', '/workspace/action_data_offset_ws/build_aarch64/crb_ros_msg'), ('env_docker_x86', '0'), ('PYTHONPATH', '/opt/rootfs_2204_aarch64/opt/ros/humble/lib/python3.10/site-packages:/opt/rootfs_2204_aarch64/opt/ros/humble/local/lib/python3.10/dist-packages'), ('SYSROOT', '/opt/rootfs_2204_aarch64/'), ('TARGET_ARCH', 'aarch64'), ('TZ', 'Asia/Shanghai'), ('project_install_dir', '/workspace/action_data_offset_ws/install_aarch64'), ('COLCON', '1'), ('CMAKE_PREFIX_PATH', '/opt/rootfs_2204_aarch64/opt/ros/humble')]), 'shell': False}
[1.399049] (crb_ros_msg) StdoutLine: {'line': b'/usr/bin/cmake -S/workspace/action_data_offset_ws/src/crb_ros_msg -B/workspace/action_data_offset_ws/build_aarch64/crb_ros_msg --check-build-system CMakeFiles/Makefile.cmake 0\n'}
[1.402071] (-) TimerEvent: {}
[1.413804] (crb_ros_msg) StdoutLine: {'line': b'/usr/bin/cmake -E cmake_progress_start /workspace/action_data_offset_ws/build_aarch64/crb_ros_msg/CMakeFiles /workspace/action_data_offset_ws/build_aarch64/crb_ros_msg//CMakeFiles/progress.marks\n'}
[1.421319] (crb_ros_msg) StdoutLine: {'line': b'/usr/bin/gmake  -f CMakeFiles/Makefile2 all\n'}
[1.423101] (crb_ros_msg) StdoutLine: {'line': b"gmake[1]: Entering directory '/workspace/action_data_offset_ws/build_aarch64/crb_ros_msg'\n"}
[1.423257] (crb_ros_msg) StdoutLine: {'line': b'/usr/bin/gmake  -f crb_ros_msg__rs/CMakeFiles/crb_ros_msg__rs.dir/build.make crb_ros_msg__rs/CMakeFiles/crb_ros_msg__rs.dir/depend\n'}
[1.423485] (crb_ros_msg) StdoutLine: {'line': b'/usr/bin/gmake  -f CMakeFiles/crb_ros_msg__rosidl_generator_c.dir/build.make CMakeFiles/crb_ros_msg__rosidl_generator_c.dir/depend\n'}
[1.423669] (crb_ros_msg) StdoutLine: {'line': b'/usr/bin/gmake  -f CMakeFiles/crb_ros_msg__cpp.dir/build.make CMakeFiles/crb_ros_msg__cpp.dir/depend\n'}
[1.423840] (crb_ros_msg) StdoutLine: {'line': b'/usr/bin/gmake  -f CMakeFiles/ament_cmake_python_copy_crb_ros_msg.dir/build.make CMakeFiles/ament_cmake_python_copy_crb_ros_msg.dir/depend\n'}
[1.424784] (crb_ros_msg) StdoutLine: {'line': b"gmake[2]: Entering directory '/workspace/action_data_offset_ws/build_aarch64/crb_ros_msg'\n"}
[1.424970] (crb_ros_msg) StdoutLine: {'line': b'cd /workspace/action_data_offset_ws/build_aarch64/crb_ros_msg && /usr/bin/cmake -E cmake_depends "Unix Makefiles" /workspace/action_data_offset_ws/src/crb_ros_msg /workspace/action_data_offset_ws/build_aarch64/crb_ros_msg/crb_ros_msg__rs /workspace/action_data_offset_ws/build_aarch64/crb_ros_msg /workspace/action_data_offset_ws/build_aarch64/crb_ros_msg/crb_ros_msg__rs /workspace/action_data_offset_ws/build_aarch64/crb_ros_msg/crb_ros_msg__rs/CMakeFiles/crb_ros_msg__rs.dir/DependInfo.cmake --color=\n'}
[1.425908] (crb_ros_msg) StdoutLine: {'line': b"gmake[2]: Entering directory '/workspace/action_data_offset_ws/build_aarch64/crb_ros_msg'\n"}
[1.426164] (crb_ros_msg) StdoutLine: {'line': b'cd /workspace/action_data_offset_ws/build_aarch64/crb_ros_msg && /usr/bin/cmake -E cmake_depends "Unix Makefiles" /workspace/action_data_offset_ws/src/crb_ros_msg /workspace/action_data_offset_ws/src/crb_ros_msg /workspace/action_data_offset_ws/build_aarch64/crb_ros_msg /workspace/action_data_offset_ws/build_aarch64/crb_ros_msg /workspace/action_data_offset_ws/build_aarch64/crb_ros_msg/CMakeFiles/ament_cmake_python_copy_crb_ros_msg.dir/DependInfo.cmake --color=\n'}
[1.426375] (crb_ros_msg) StdoutLine: {'line': b"gmake[2]: Entering directory '/workspace/action_data_offset_ws/build_aarch64/crb_ros_msg'\n"}
[1.426556] (crb_ros_msg) StdoutLine: {'line': b'cd /workspace/action_data_offset_ws/build_aarch64/crb_ros_msg && /usr/bin/cmake -E cmake_depends "Unix Makefiles" /workspace/action_data_offset_ws/src/crb_ros_msg /workspace/action_data_offset_ws/src/crb_ros_msg /workspace/action_data_offset_ws/build_aarch64/crb_ros_msg /workspace/action_data_offset_ws/build_aarch64/crb_ros_msg /workspace/action_data_offset_ws/build_aarch64/crb_ros_msg/CMakeFiles/crb_ros_msg__cpp.dir/DependInfo.cmake --color=\n'}
[1.427755] (crb_ros_msg) StdoutLine: {'line': b"gmake[2]: Entering directory '/workspace/action_data_offset_ws/build_aarch64/crb_ros_msg'\n"}
[1.427991] (crb_ros_msg) StdoutLine: {'line': b'cd /workspace/action_data_offset_ws/build_aarch64/crb_ros_msg && /usr/bin/cmake -E cmake_depends "Unix Makefiles" /workspace/action_data_offset_ws/src/crb_ros_msg /workspace/action_data_offset_ws/src/crb_ros_msg /workspace/action_data_offset_ws/build_aarch64/crb_ros_msg /workspace/action_data_offset_ws/build_aarch64/crb_ros_msg /workspace/action_data_offset_ws/build_aarch64/crb_ros_msg/CMakeFiles/crb_ros_msg__rosidl_generator_c.dir/DependInfo.cmake --color=\n'}
[1.435932] (crb_ros_msg) StdoutLine: {'line': b"gmake[2]: Leaving directory '/workspace/action_data_offset_ws/build_aarch64/crb_ros_msg'\n"}
[1.436345] (crb_ros_msg) StdoutLine: {'line': b"gmake[2]: Leaving directory '/workspace/action_data_offset_ws/build_aarch64/crb_ros_msg'\n"}
[1.436626] (crb_ros_msg) StdoutLine: {'line': b'/usr/bin/gmake  -f CMakeFiles/crb_ros_msg__cpp.dir/build.make CMakeFiles/crb_ros_msg__cpp.dir/build\n'}
[1.436874] (crb_ros_msg) StdoutLine: {'line': b'/usr/bin/gmake  -f CMakeFiles/ament_cmake_python_copy_crb_ros_msg.dir/build.make CMakeFiles/ament_cmake_python_copy_crb_ros_msg.dir/build\n'}
[1.437088] (crb_ros_msg) StdoutLine: {'line': b'Dependencies file "CMakeFiles/crb_ros_msg__rosidl_generator_c.dir/rosidl_generator_c/crb_ros_msg/action/detail/action_play__functions.c.o.d" is newer than depends file "/workspace/action_data_offset_ws/build_aarch64/crb_ros_msg/CMakeFiles/crb_ros_msg__rosidl_generator_c.dir/compiler_depend.internal".\n'}
[1.437238] (crb_ros_msg) StdoutLine: {'line': b'Dependencies file "CMakeFiles/crb_ros_msg__rosidl_generator_c.dir/rosidl_generator_c/crb_ros_msg/msg/detail/upper_joint_data__functions.c.o.d" is newer than depends file "/workspace/action_data_offset_ws/build_aarch64/crb_ros_msg/CMakeFiles/crb_ros_msg__rosidl_generator_c.dir/compiler_depend.internal".\n'}
[1.437396] (crb_ros_msg) StdoutLine: {'line': b'\x1b[35m\x1b[1mConsolidate compiler generated dependencies of target crb_ros_msg__rosidl_generator_c\x1b[0m\n'}
[1.437587] (crb_ros_msg) StdoutLine: {'line': b"gmake[2]: Leaving directory '/workspace/action_data_offset_ws/build_aarch64/crb_ros_msg'\n"}
[1.437798] (crb_ros_msg) StdoutLine: {'line': b'/usr/bin/gmake  -f crb_ros_msg__rs/CMakeFiles/crb_ros_msg__rs.dir/build.make crb_ros_msg__rs/CMakeFiles/crb_ros_msg__rs.dir/build\n'}
[1.438557] (crb_ros_msg) StdoutLine: {'line': b"gmake[2]: Entering directory '/workspace/action_data_offset_ws/build_aarch64/crb_ros_msg'\n"}
[1.438712] (crb_ros_msg) StdoutLine: {'line': b'/usr/bin/cmake -E copy_directory /workspace/action_data_offset_ws/build_aarch64/crb_ros_msg/rosidl_generator_py/crb_ros_msg /workspace/action_data_offset_ws/build_aarch64/crb_ros_msg/ament_cmake_python/crb_ros_msg/crb_ros_msg\n'}
[1.438812] (crb_ros_msg) StdoutLine: {'line': b"gmake[2]: Entering directory '/workspace/action_data_offset_ws/build_aarch64/crb_ros_msg'\n"}
[1.438893] (crb_ros_msg) StdoutLine: {'line': b"gmake[2]: Nothing to be done for 'CMakeFiles/crb_ros_msg__cpp.dir/build'.\n"}
[1.438979] (crb_ros_msg) StdoutLine: {'line': b"gmake[2]: Leaving directory '/workspace/action_data_offset_ws/build_aarch64/crb_ros_msg'\n"}
[1.439803] (crb_ros_msg) StdoutLine: {'line': b"gmake[2]: Entering directory '/workspace/action_data_offset_ws/build_aarch64/crb_ros_msg'\n"}
[1.439926] (crb_ros_msg) StdoutLine: {'line': b"gmake[2]: Nothing to be done for 'crb_ros_msg__rs/CMakeFiles/crb_ros_msg__rs.dir/build'.\n"}
[1.440010] (crb_ros_msg) StdoutLine: {'line': b"gmake[2]: Leaving directory '/workspace/action_data_offset_ws/build_aarch64/crb_ros_msg'\n"}
[1.442456] (crb_ros_msg) StdoutLine: {'line': b"gmake[2]: Leaving directory '/workspace/action_data_offset_ws/build_aarch64/crb_ros_msg'\n"}
[1.442703] (crb_ros_msg) StdoutLine: {'line': b'/usr/bin/gmake  -f CMakeFiles/crb_ros_msg__rosidl_generator_c.dir/build.make CMakeFiles/crb_ros_msg__rosidl_generator_c.dir/build\n'}
[1.447965] (crb_ros_msg) StdoutLine: {'line': b"gmake[2]: Entering directory '/workspace/action_data_offset_ws/build_aarch64/crb_ros_msg'\n"}
[1.448133] (crb_ros_msg) StdoutLine: {'line': b"gmake[2]: Nothing to be done for 'CMakeFiles/crb_ros_msg__rosidl_generator_c.dir/build'.\n"}
[1.448189] (crb_ros_msg) StdoutLine: {'line': b"gmake[2]: Leaving directory '/workspace/action_data_offset_ws/build_aarch64/crb_ros_msg'\n"}
[1.449523] (crb_ros_msg) StdoutLine: {'line': b'[  2%] Built target crb_ros_msg__cpp\n'}
[1.450755] (crb_ros_msg) StdoutLine: {'line': b'/usr/bin/gmake  -f CMakeFiles/crb_ros_msg__rosidl_typesupport_fastrtps_cpp.dir/build.make CMakeFiles/crb_ros_msg__rosidl_typesupport_fastrtps_cpp.dir/depend\n'}
[1.451146] (crb_ros_msg) StdoutLine: {'line': b'/usr/bin/gmake  -f CMakeFiles/crb_ros_msg__rosidl_typesupport_introspection_cpp.dir/build.make CMakeFiles/crb_ros_msg__rosidl_typesupport_introspection_cpp.dir/depend\n'}
[1.451306] (crb_ros_msg) StdoutLine: {'line': b'[  5%] Built target crb_ros_msg__rs\n'}
[1.451525] (crb_ros_msg) StdoutLine: {'line': b'/usr/bin/gmake  -f CMakeFiles/crb_ros_msg__rosidl_typesupport_cpp.dir/build.make CMakeFiles/crb_ros_msg__rosidl_typesupport_cpp.dir/depend\n'}
[1.453576] (crb_ros_msg) StdoutLine: {'line': b"gmake[2]: Entering directory '/workspace/action_data_offset_ws/build_aarch64/crb_ros_msg'\n"}
[1.453774] (crb_ros_msg) StdoutLine: {'line': b'cd /workspace/action_data_offset_ws/build_aarch64/crb_ros_msg && /usr/bin/cmake -E cmake_depends "Unix Makefiles" /workspace/action_data_offset_ws/src/crb_ros_msg /workspace/action_data_offset_ws/src/crb_ros_msg /workspace/action_data_offset_ws/build_aarch64/crb_ros_msg /workspace/action_data_offset_ws/build_aarch64/crb_ros_msg /workspace/action_data_offset_ws/build_aarch64/crb_ros_msg/CMakeFiles/crb_ros_msg__rosidl_typesupport_introspection_cpp.dir/DependInfo.cmake --color=\n'}
[1.454218] (crb_ros_msg) StdoutLine: {'line': b"gmake[2]: Entering directory '/workspace/action_data_offset_ws/build_aarch64/crb_ros_msg'\n"}
[1.454458] (crb_ros_msg) StdoutLine: {'line': b'cd /workspace/action_data_offset_ws/build_aarch64/crb_ros_msg && /usr/bin/cmake -E cmake_depends "Unix Makefiles" /workspace/action_data_offset_ws/src/crb_ros_msg /workspace/action_data_offset_ws/src/crb_ros_msg /workspace/action_data_offset_ws/build_aarch64/crb_ros_msg /workspace/action_data_offset_ws/build_aarch64/crb_ros_msg /workspace/action_data_offset_ws/build_aarch64/crb_ros_msg/CMakeFiles/crb_ros_msg__rosidl_typesupport_cpp.dir/DependInfo.cmake --color=\n'}
[1.454650] (crb_ros_msg) StdoutLine: {'line': b"gmake[2]: Entering directory '/workspace/action_data_offset_ws/build_aarch64/crb_ros_msg'\n"}
[1.454728] (crb_ros_msg) StdoutLine: {'line': b'cd /workspace/action_data_offset_ws/build_aarch64/crb_ros_msg && /usr/bin/cmake -E cmake_depends "Unix Makefiles" /workspace/action_data_offset_ws/src/crb_ros_msg /workspace/action_data_offset_ws/src/crb_ros_msg /workspace/action_data_offset_ws/build_aarch64/crb_ros_msg /workspace/action_data_offset_ws/build_aarch64/crb_ros_msg /workspace/action_data_offset_ws/build_aarch64/crb_ros_msg/CMakeFiles/crb_ros_msg__rosidl_typesupport_fastrtps_cpp.dir/DependInfo.cmake --color=\n'}
[1.455903] (crb_ros_msg) StdoutLine: {'line': b"gmake[2]: Leaving directory '/workspace/action_data_offset_ws/build_aarch64/crb_ros_msg'\n"}
[1.456410] (crb_ros_msg) StdoutLine: {'line': b'[ 15%] Built target crb_ros_msg__rosidl_generator_c\n'}
[1.457182] (crb_ros_msg) StdoutLine: {'line': b'/usr/bin/gmake  -f CMakeFiles/crb_ros_msg__rosidl_typesupport_fastrtps_c.dir/build.make CMakeFiles/crb_ros_msg__rosidl_typesupport_fastrtps_c.dir/depend\n'}
[1.457693] (crb_ros_msg) StdoutLine: {'line': b'/usr/bin/gmake  -f CMakeFiles/crb_ros_msg__rosidl_typesupport_introspection_c.dir/build.make CMakeFiles/crb_ros_msg__rosidl_typesupport_introspection_c.dir/depend\n'}
[1.457869] (crb_ros_msg) StdoutLine: {'line': b'/usr/bin/gmake  -f CMakeFiles/crb_ros_msg__rosidl_typesupport_c.dir/build.make CMakeFiles/crb_ros_msg__rosidl_typesupport_c.dir/depend\n'}
[1.461694] (crb_ros_msg) StdoutLine: {'line': b"gmake[2]: Entering directory '/workspace/action_data_offset_ws/build_aarch64/crb_ros_msg'\n"}
[1.461920] (crb_ros_msg) StdoutLine: {'line': b"gmake[2]: Entering directory '/workspace/action_data_offset_ws/build_aarch64/crb_ros_msg'\n"}
[1.462010] (crb_ros_msg) StdoutLine: {'line': b'cd /workspace/action_data_offset_ws/build_aarch64/crb_ros_msg && /usr/bin/cmake -E cmake_depends "Unix Makefiles" /workspace/action_data_offset_ws/src/crb_ros_msg /workspace/action_data_offset_ws/src/crb_ros_msg /workspace/action_data_offset_ws/build_aarch64/crb_ros_msg /workspace/action_data_offset_ws/build_aarch64/crb_ros_msg /workspace/action_data_offset_ws/build_aarch64/crb_ros_msg/CMakeFiles/crb_ros_msg__rosidl_typesupport_introspection_c.dir/DependInfo.cmake --color=\n'}
[1.462311] (crb_ros_msg) StdoutLine: {'line': b'cd /workspace/action_data_offset_ws/build_aarch64/crb_ros_msg && /usr/bin/cmake -E cmake_depends "Unix Makefiles" /workspace/action_data_offset_ws/src/crb_ros_msg /workspace/action_data_offset_ws/src/crb_ros_msg /workspace/action_data_offset_ws/build_aarch64/crb_ros_msg /workspace/action_data_offset_ws/build_aarch64/crb_ros_msg /workspace/action_data_offset_ws/build_aarch64/crb_ros_msg/CMakeFiles/crb_ros_msg__rosidl_typesupport_fastrtps_c.dir/DependInfo.cmake --color=\n'}
[1.462473] (crb_ros_msg) StdoutLine: {'line': b"gmake[2]: Entering directory '/workspace/action_data_offset_ws/build_aarch64/crb_ros_msg'\n"}
[1.462603] (crb_ros_msg) StdoutLine: {'line': b'cd /workspace/action_data_offset_ws/build_aarch64/crb_ros_msg && /usr/bin/cmake -E cmake_depends "Unix Makefiles" /workspace/action_data_offset_ws/src/crb_ros_msg /workspace/action_data_offset_ws/src/crb_ros_msg /workspace/action_data_offset_ws/build_aarch64/crb_ros_msg /workspace/action_data_offset_ws/build_aarch64/crb_ros_msg /workspace/action_data_offset_ws/build_aarch64/crb_ros_msg/CMakeFiles/crb_ros_msg__rosidl_typesupport_c.dir/DependInfo.cmake --color=\n'}
[1.464158] (crb_ros_msg) StdoutLine: {'line': b'[ 15%] Built target ament_cmake_python_copy_crb_ros_msg\n'}
[1.464350] (crb_ros_msg) StdoutLine: {'line': b'Dependencies file "CMakeFiles/crb_ros_msg__rosidl_typesupport_fastrtps_cpp.dir/rosidl_typesupport_fastrtps_cpp/crb_ros_msg/action/detail/dds_fastrtps/action_play__type_support.cpp.o.d" is newer than depends file "/workspace/action_data_offset_ws/build_aarch64/crb_ros_msg/CMakeFiles/crb_ros_msg__rosidl_typesupport_fastrtps_cpp.dir/compiler_depend.internal".\n'}
[1.464638] (crb_ros_msg) StdoutLine: {'line': b'Dependencies file "CMakeFiles/crb_ros_msg__rosidl_typesupport_fastrtps_cpp.dir/rosidl_typesupport_fastrtps_cpp/crb_ros_msg/msg/detail/dds_fastrtps/upper_joint_data__type_support.cpp.o.d" is newer than depends file "/workspace/action_data_offset_ws/build_aarch64/crb_ros_msg/CMakeFiles/crb_ros_msg__rosidl_typesupport_fastrtps_cpp.dir/compiler_depend.internal".\n'}
[1.464905] (crb_ros_msg) StdoutLine: {'line': b'\x1b[35m\x1b[1mConsolidate compiler generated dependencies of target crb_ros_msg__rosidl_typesupport_fastrtps_cpp\x1b[0m\n'}
[1.465047] (crb_ros_msg) StdoutLine: {'line': b'Dependencies file "CMakeFiles/crb_ros_msg__rosidl_typesupport_cpp.dir/rosidl_typesupport_cpp/crb_ros_msg/action/action_play__type_support.cpp.o.d" is newer than depends file "/workspace/action_data_offset_ws/build_aarch64/crb_ros_msg/CMakeFiles/crb_ros_msg__rosidl_typesupport_cpp.dir/compiler_depend.internal".\n'}
[1.465143] (crb_ros_msg) StdoutLine: {'line': b'/usr/bin/gmake  -f CMakeFiles/ament_cmake_python_build_crb_ros_msg_egg.dir/build.make CMakeFiles/ament_cmake_python_build_crb_ros_msg_egg.dir/depend\n'}
[1.465297] (crb_ros_msg) StdoutLine: {'line': b'Dependencies file "CMakeFiles/crb_ros_msg__rosidl_typesupport_cpp.dir/rosidl_typesupport_cpp/crb_ros_msg/msg/upper_joint_data__type_support.cpp.o.d" is newer than depends file "/workspace/action_data_offset_ws/build_aarch64/crb_ros_msg/CMakeFiles/crb_ros_msg__rosidl_typesupport_cpp.dir/compiler_depend.internal".\n'}
[1.465554] (crb_ros_msg) StdoutLine: {'line': b'\x1b[35m\x1b[1mConsolidate compiler generated dependencies of target crb_ros_msg__rosidl_typesupport_cpp\x1b[0m\n'}
[1.467084] (crb_ros_msg) StdoutLine: {'line': b"gmake[2]: Entering directory '/workspace/action_data_offset_ws/build_aarch64/crb_ros_msg'\n"}
[1.467234] (crb_ros_msg) StdoutLine: {'line': b'cd /workspace/action_data_offset_ws/build_aarch64/crb_ros_msg && /usr/bin/cmake -E cmake_depends "Unix Makefiles" /workspace/action_data_offset_ws/src/crb_ros_msg /workspace/action_data_offset_ws/src/crb_ros_msg /workspace/action_data_offset_ws/build_aarch64/crb_ros_msg /workspace/action_data_offset_ws/build_aarch64/crb_ros_msg /workspace/action_data_offset_ws/build_aarch64/crb_ros_msg/CMakeFiles/ament_cmake_python_build_crb_ros_msg_egg.dir/DependInfo.cmake --color=\n'}
[1.467340] (crb_ros_msg) StdoutLine: {'line': b'Dependencies file "CMakeFiles/crb_ros_msg__rosidl_typesupport_introspection_cpp.dir/rosidl_typesupport_introspection_cpp/crb_ros_msg/action/detail/action_play__type_support.cpp.o.d" is newer than depends file "/workspace/action_data_offset_ws/build_aarch64/crb_ros_msg/CMakeFiles/crb_ros_msg__rosidl_typesupport_introspection_cpp.dir/compiler_depend.internal".\n'}
[1.467483] (crb_ros_msg) StdoutLine: {'line': b'Dependencies file "CMakeFiles/crb_ros_msg__rosidl_typesupport_introspection_cpp.dir/rosidl_typesupport_introspection_cpp/crb_ros_msg/msg/detail/upper_joint_data__type_support.cpp.o.d" is newer than depends file "/workspace/action_data_offset_ws/build_aarch64/crb_ros_msg/CMakeFiles/crb_ros_msg__rosidl_typesupport_introspection_cpp.dir/compiler_depend.internal".\n'}
[1.467786] (crb_ros_msg) StdoutLine: {'line': b'\x1b[35m\x1b[1mConsolidate compiler generated dependencies of target crb_ros_msg__rosidl_typesupport_introspection_cpp\x1b[0m\n'}
[1.471271] (crb_ros_msg) StdoutLine: {'line': b'Dependencies file "CMakeFiles/crb_ros_msg__rosidl_typesupport_fastrtps_c.dir/rosidl_typesupport_fastrtps_c/crb_ros_msg/action/detail/action_play__type_support_c.cpp.o.d" is newer than depends file "/workspace/action_data_offset_ws/build_aarch64/crb_ros_msg/CMakeFiles/crb_ros_msg__rosidl_typesupport_fastrtps_c.dir/compiler_depend.internal".\n'}
[1.471563] (crb_ros_msg) StdoutLine: {'line': b'Dependencies file "CMakeFiles/crb_ros_msg__rosidl_typesupport_fastrtps_c.dir/rosidl_typesupport_fastrtps_c/crb_ros_msg/msg/detail/upper_joint_data__type_support_c.cpp.o.d" is newer than depends file "/workspace/action_data_offset_ws/build_aarch64/crb_ros_msg/CMakeFiles/crb_ros_msg__rosidl_typesupport_fastrtps_c.dir/compiler_depend.internal".\n'}
[1.471805] (crb_ros_msg) StdoutLine: {'line': b'\x1b[35m\x1b[1mConsolidate compiler generated dependencies of target crb_ros_msg__rosidl_typesupport_fastrtps_c\x1b[0m\n'}
[1.473042] (crb_ros_msg) StdoutLine: {'line': b'Dependencies file "CMakeFiles/crb_ros_msg__rosidl_typesupport_introspection_c.dir/rosidl_typesupport_introspection_c/crb_ros_msg/action/detail/action_play__type_support.c.o.d" is newer than depends file "/workspace/action_data_offset_ws/build_aarch64/crb_ros_msg/CMakeFiles/crb_ros_msg__rosidl_typesupport_introspection_c.dir/compiler_depend.internal".\n'}
[1.473223] (crb_ros_msg) StdoutLine: {'line': b'Dependencies file "CMakeFiles/crb_ros_msg__rosidl_typesupport_introspection_c.dir/rosidl_typesupport_introspection_c/crb_ros_msg/msg/detail/upper_joint_data__type_support.c.o.d" is newer than depends file "/workspace/action_data_offset_ws/build_aarch64/crb_ros_msg/CMakeFiles/crb_ros_msg__rosidl_typesupport_introspection_c.dir/compiler_depend.internal".\n'}
[1.473406] (crb_ros_msg) StdoutLine: {'line': b'\x1b[35m\x1b[1mConsolidate compiler generated dependencies of target crb_ros_msg__rosidl_typesupport_introspection_c\x1b[0m\n'}
[1.473602] (crb_ros_msg) StdoutLine: {'line': b"gmake[2]: Leaving directory '/workspace/action_data_offset_ws/build_aarch64/crb_ros_msg'\n"}
[1.473764] (crb_ros_msg) StdoutLine: {'line': b'/usr/bin/gmake  -f CMakeFiles/crb_ros_msg__rosidl_typesupport_fastrtps_cpp.dir/build.make CMakeFiles/crb_ros_msg__rosidl_typesupport_fastrtps_cpp.dir/build\n'}
[1.475832] (crb_ros_msg) StdoutLine: {'line': b'Dependencies file "CMakeFiles/crb_ros_msg__rosidl_typesupport_c.dir/rosidl_typesupport_c/crb_ros_msg/action/action_play__type_support.cpp.o.d" is newer than depends file "/workspace/action_data_offset_ws/build_aarch64/crb_ros_msg/CMakeFiles/crb_ros_msg__rosidl_typesupport_c.dir/compiler_depend.internal".\n'}
[1.476020] (crb_ros_msg) StdoutLine: {'line': b'Dependencies file "CMakeFiles/crb_ros_msg__rosidl_typesupport_c.dir/rosidl_typesupport_c/crb_ros_msg/msg/upper_joint_data__type_support.cpp.o.d" is newer than depends file "/workspace/action_data_offset_ws/build_aarch64/crb_ros_msg/CMakeFiles/crb_ros_msg__rosidl_typesupport_c.dir/compiler_depend.internal".\n'}
[1.476233] (crb_ros_msg) StdoutLine: {'line': b'\x1b[35m\x1b[1mConsolidate compiler generated dependencies of target crb_ros_msg__rosidl_typesupport_c\x1b[0m\n'}
[1.476781] (crb_ros_msg) StdoutLine: {'line': b"gmake[2]: Leaving directory '/workspace/action_data_offset_ws/build_aarch64/crb_ros_msg'\n"}
[1.476964] (crb_ros_msg) StdoutLine: {'line': b'/usr/bin/gmake  -f CMakeFiles/ament_cmake_python_build_crb_ros_msg_egg.dir/build.make CMakeFiles/ament_cmake_python_build_crb_ros_msg_egg.dir/build\n'}
[1.477440] (crb_ros_msg) StdoutLine: {'line': b"gmake[2]: Leaving directory '/workspace/action_data_offset_ws/build_aarch64/crb_ros_msg'\n"}
[1.477601] (crb_ros_msg) StdoutLine: {'line': b'/usr/bin/gmake  -f CMakeFiles/crb_ros_msg__rosidl_typesupport_cpp.dir/build.make CMakeFiles/crb_ros_msg__rosidl_typesupport_cpp.dir/build\n'}
[1.478193] (crb_ros_msg) StdoutLine: {'line': b"gmake[2]: Leaving directory '/workspace/action_data_offset_ws/build_aarch64/crb_ros_msg'\n"}
[1.478343] (crb_ros_msg) StdoutLine: {'line': b"gmake[2]: Entering directory '/workspace/action_data_offset_ws/build_aarch64/crb_ros_msg'\n"}
[1.478489] (crb_ros_msg) StdoutLine: {'line': b'cd /workspace/action_data_offset_ws/build_aarch64/crb_ros_msg/ament_cmake_python/crb_ros_msg && /usr/bin/python3 setup.py egg_info\n'}
[1.478654] (crb_ros_msg) StdoutLine: {'line': b'/usr/bin/gmake  -f CMakeFiles/crb_ros_msg__rosidl_typesupport_introspection_cpp.dir/build.make CMakeFiles/crb_ros_msg__rosidl_typesupport_introspection_cpp.dir/build\n'}
[1.478909] (crb_ros_msg) StdoutLine: {'line': b"gmake[2]: Leaving directory '/workspace/action_data_offset_ws/build_aarch64/crb_ros_msg'\n"}
[1.479045] (crb_ros_msg) StdoutLine: {'line': b'/usr/bin/gmake  -f CMakeFiles/crb_ros_msg__rosidl_typesupport_introspection_c.dir/build.make CMakeFiles/crb_ros_msg__rosidl_typesupport_introspection_c.dir/build\n'}
[1.479589] (crb_ros_msg) StdoutLine: {'line': b"gmake[2]: Leaving directory '/workspace/action_data_offset_ws/build_aarch64/crb_ros_msg'\n"}
[1.479736] (crb_ros_msg) StdoutLine: {'line': b'/usr/bin/gmake  -f CMakeFiles/crb_ros_msg__rosidl_typesupport_fastrtps_c.dir/build.make CMakeFiles/crb_ros_msg__rosidl_typesupport_fastrtps_c.dir/build\n'}
[1.480864] (crb_ros_msg) StdoutLine: {'line': b"gmake[2]: Leaving directory '/workspace/action_data_offset_ws/build_aarch64/crb_ros_msg'\n"}
[1.481063] (crb_ros_msg) StdoutLine: {'line': b'/usr/bin/gmake  -f CMakeFiles/crb_ros_msg__rosidl_typesupport_c.dir/build.make CMakeFiles/crb_ros_msg__rosidl_typesupport_c.dir/build\n'}
[1.482999] (crb_ros_msg) StdoutLine: {'line': b"gmake[2]: Entering directory '/workspace/action_data_offset_ws/build_aarch64/crb_ros_msg'\n"}
[1.483274] (crb_ros_msg) StdoutLine: {'line': b"gmake[2]: Nothing to be done for 'CMakeFiles/crb_ros_msg__rosidl_typesupport_introspection_c.dir/build'.\n"}
[1.483448] (crb_ros_msg) StdoutLine: {'line': b"gmake[2]: Leaving directory '/workspace/action_data_offset_ws/build_aarch64/crb_ros_msg'\n"}
[1.485388] (crb_ros_msg) StdoutLine: {'line': b"gmake[2]: Entering directory '/workspace/action_data_offset_ws/build_aarch64/crb_ros_msg'\n"}
[1.485585] (crb_ros_msg) StdoutLine: {'line': b"gmake[2]: Nothing to be done for 'CMakeFiles/crb_ros_msg__rosidl_typesupport_fastrtps_cpp.dir/build'.\n"}
[1.485859] (crb_ros_msg) StdoutLine: {'line': b"gmake[2]: Leaving directory '/workspace/action_data_offset_ws/build_aarch64/crb_ros_msg'\n"}
[1.486294] (crb_ros_msg) StdoutLine: {'line': b"gmake[2]: Entering directory '/workspace/action_data_offset_ws/build_aarch64/crb_ros_msg'\n"}
[1.486476] (crb_ros_msg) StdoutLine: {'line': b"gmake[2]: Nothing to be done for 'CMakeFiles/crb_ros_msg__rosidl_typesupport_fastrtps_c.dir/build'.\n"}
[1.486624] (crb_ros_msg) StdoutLine: {'line': b"gmake[2]: Leaving directory '/workspace/action_data_offset_ws/build_aarch64/crb_ros_msg'\n"}
[1.486965] (crb_ros_msg) StdoutLine: {'line': b"gmake[2]: Entering directory '/workspace/action_data_offset_ws/build_aarch64/crb_ros_msg'\n"}
[1.487209] (crb_ros_msg) StdoutLine: {'line': b"gmake[2]: Nothing to be done for 'CMakeFiles/crb_ros_msg__rosidl_typesupport_cpp.dir/build'.\n"}
[1.487492] (crb_ros_msg) StdoutLine: {'line': b"gmake[2]: Leaving directory '/workspace/action_data_offset_ws/build_aarch64/crb_ros_msg'\n"}
[1.487774] (crb_ros_msg) StdoutLine: {'line': b"gmake[2]: Entering directory '/workspace/action_data_offset_ws/build_aarch64/crb_ros_msg'\n"}
[1.487985] (crb_ros_msg) StdoutLine: {'line': b"gmake[2]: Nothing to be done for 'CMakeFiles/crb_ros_msg__rosidl_typesupport_c.dir/build'.\n"}
[1.488211] (crb_ros_msg) StdoutLine: {'line': b"gmake[2]: Leaving directory '/workspace/action_data_offset_ws/build_aarch64/crb_ros_msg'\n"}
[1.488366] (crb_ros_msg) StdoutLine: {'line': b"gmake[2]: Entering directory '/workspace/action_data_offset_ws/build_aarch64/crb_ros_msg'\n"}
[1.488488] (crb_ros_msg) StdoutLine: {'line': b"gmake[2]: Nothing to be done for 'CMakeFiles/crb_ros_msg__rosidl_typesupport_introspection_cpp.dir/build'.\n"}
[1.488601] (crb_ros_msg) StdoutLine: {'line': b"gmake[2]: Leaving directory '/workspace/action_data_offset_ws/build_aarch64/crb_ros_msg'\n"}
[1.493744] (crb_ros_msg) StdoutLine: {'line': b'[ 25%] Built target crb_ros_msg__rosidl_typesupport_fastrtps_cpp\n'}
[1.497048] (crb_ros_msg) StdoutLine: {'line': b'[ 42%] Built target crb_ros_msg__rosidl_typesupport_fastrtps_c\n'}
[1.497813] (crb_ros_msg) StdoutLine: {'line': b'[ 45%] Built target crb_ros_msg__rosidl_typesupport_introspection_c\n'}
[1.500207] (crb_ros_msg) StdoutLine: {'line': b'[ 55%] Built target crb_ros_msg__rosidl_typesupport_introspection_cpp\n'}
[1.501421] (crb_ros_msg) StdoutLine: {'line': b'[ 65%] Built target crb_ros_msg__rosidl_typesupport_cpp\n'}
[1.502148] (-) TimerEvent: {}
[1.503975] (crb_ros_msg) StdoutLine: {'line': b'[ 75%] Built target crb_ros_msg__rosidl_typesupport_c\n'}
[1.505047] (crb_ros_msg) StdoutLine: {'line': b'/usr/bin/gmake  -f CMakeFiles/crb_ros_msg.dir/build.make CMakeFiles/crb_ros_msg.dir/depend\n'}
[1.507387] (crb_ros_msg) StdoutLine: {'line': b"gmake[2]: Entering directory '/workspace/action_data_offset_ws/build_aarch64/crb_ros_msg'\n"}
[1.507582] (crb_ros_msg) StdoutLine: {'line': b'cd /workspace/action_data_offset_ws/build_aarch64/crb_ros_msg && /usr/bin/cmake -E cmake_depends "Unix Makefiles" /workspace/action_data_offset_ws/src/crb_ros_msg /workspace/action_data_offset_ws/src/crb_ros_msg /workspace/action_data_offset_ws/build_aarch64/crb_ros_msg /workspace/action_data_offset_ws/build_aarch64/crb_ros_msg /workspace/action_data_offset_ws/build_aarch64/crb_ros_msg/CMakeFiles/crb_ros_msg.dir/DependInfo.cmake --color=\n'}
[1.516701] (crb_ros_msg) StdoutLine: {'line': b"gmake[2]: Leaving directory '/workspace/action_data_offset_ws/build_aarch64/crb_ros_msg'\n"}
[1.516981] (crb_ros_msg) StdoutLine: {'line': b'/usr/bin/gmake  -f CMakeFiles/crb_ros_msg.dir/build.make CMakeFiles/crb_ros_msg.dir/build\n'}
[1.519940] (crb_ros_msg) StdoutLine: {'line': b"gmake[2]: Entering directory '/workspace/action_data_offset_ws/build_aarch64/crb_ros_msg'\n"}
[1.520201] (crb_ros_msg) StdoutLine: {'line': b"gmake[2]: Nothing to be done for 'CMakeFiles/crb_ros_msg.dir/build'.\n"}
[1.520354] (crb_ros_msg) StdoutLine: {'line': b"gmake[2]: Leaving directory '/workspace/action_data_offset_ws/build_aarch64/crb_ros_msg'\n"}
[1.528302] (crb_ros_msg) StdoutLine: {'line': b'[ 75%] Built target crb_ros_msg\n'}
[1.529158] (crb_ros_msg) StdoutLine: {'line': b'/usr/bin/gmake  -f crb_ros_msg__py/CMakeFiles/crb_ros_msg__py.dir/build.make crb_ros_msg__py/CMakeFiles/crb_ros_msg__py.dir/depend\n'}
[1.531651] (crb_ros_msg) StdoutLine: {'line': b"gmake[2]: Entering directory '/workspace/action_data_offset_ws/build_aarch64/crb_ros_msg'\n"}
[1.531861] (crb_ros_msg) StdoutLine: {'line': b'cd /workspace/action_data_offset_ws/build_aarch64/crb_ros_msg && /usr/bin/cmake -E cmake_depends "Unix Makefiles" /workspace/action_data_offset_ws/src/crb_ros_msg /workspace/action_data_offset_ws/build_aarch64/crb_ros_msg/crb_ros_msg__py /workspace/action_data_offset_ws/build_aarch64/crb_ros_msg /workspace/action_data_offset_ws/build_aarch64/crb_ros_msg/crb_ros_msg__py /workspace/action_data_offset_ws/build_aarch64/crb_ros_msg/crb_ros_msg__py/CMakeFiles/crb_ros_msg__py.dir/DependInfo.cmake --color=\n'}
[1.547367] (crb_ros_msg) StdoutLine: {'line': b"gmake[2]: Leaving directory '/workspace/action_data_offset_ws/build_aarch64/crb_ros_msg'\n"}
[1.547644] (crb_ros_msg) StdoutLine: {'line': b'/usr/bin/gmake  -f crb_ros_msg__py/CMakeFiles/crb_ros_msg__py.dir/build.make crb_ros_msg__py/CMakeFiles/crb_ros_msg__py.dir/build\n'}
[1.551656] (crb_ros_msg) StdoutLine: {'line': b"gmake[2]: Entering directory '/workspace/action_data_offset_ws/build_aarch64/crb_ros_msg'\n"}
[1.551914] (crb_ros_msg) StdoutLine: {'line': b"gmake[2]: Nothing to be done for 'crb_ros_msg__py/CMakeFiles/crb_ros_msg__py.dir/build'.\n"}
[1.552063] (crb_ros_msg) StdoutLine: {'line': b"gmake[2]: Leaving directory '/workspace/action_data_offset_ws/build_aarch64/crb_ros_msg'\n"}
[1.565445] (crb_ros_msg) StdoutLine: {'line': b'[ 77%] Built target crb_ros_msg__py\n'}
[1.566269] (crb_ros_msg) StdoutLine: {'line': b'/usr/bin/gmake  -f CMakeFiles/crb_ros_msg__rosidl_generator_py.dir/build.make CMakeFiles/crb_ros_msg__rosidl_generator_py.dir/depend\n'}
[1.568657] (crb_ros_msg) StdoutLine: {'line': b"gmake[2]: Entering directory '/workspace/action_data_offset_ws/build_aarch64/crb_ros_msg'\n"}
[1.568813] (crb_ros_msg) StdoutLine: {'line': b'cd /workspace/action_data_offset_ws/build_aarch64/crb_ros_msg && /usr/bin/cmake -E cmake_depends "Unix Makefiles" /workspace/action_data_offset_ws/src/crb_ros_msg /workspace/action_data_offset_ws/src/crb_ros_msg /workspace/action_data_offset_ws/build_aarch64/crb_ros_msg /workspace/action_data_offset_ws/build_aarch64/crb_ros_msg /workspace/action_data_offset_ws/build_aarch64/crb_ros_msg/CMakeFiles/crb_ros_msg__rosidl_generator_py.dir/DependInfo.cmake --color=\n'}
[1.576984] (crb_ros_msg) StdoutLine: {'line': b'Dependencies file "CMakeFiles/crb_ros_msg__rosidl_generator_py.dir/rosidl_generator_py/crb_ros_msg/action/_action_play_s.c.o.d" is newer than depends file "/workspace/action_data_offset_ws/build_aarch64/crb_ros_msg/CMakeFiles/crb_ros_msg__rosidl_generator_py.dir/compiler_depend.internal".\n'}
[1.577268] (crb_ros_msg) StdoutLine: {'line': b'Dependencies file "CMakeFiles/crb_ros_msg__rosidl_generator_py.dir/rosidl_generator_py/crb_ros_msg/msg/_upper_joint_data_s.c.o.d" is newer than depends file "/workspace/action_data_offset_ws/build_aarch64/crb_ros_msg/CMakeFiles/crb_ros_msg__rosidl_generator_py.dir/compiler_depend.internal".\n'}
[1.577489] (crb_ros_msg) StdoutLine: {'line': b'\x1b[35m\x1b[1mConsolidate compiler generated dependencies of target crb_ros_msg__rosidl_generator_py\x1b[0m\n'}
[1.584769] (crb_ros_msg) StdoutLine: {'line': b"gmake[2]: Leaving directory '/workspace/action_data_offset_ws/build_aarch64/crb_ros_msg'\n"}
[1.585081] (crb_ros_msg) StdoutLine: {'line': b'/usr/bin/gmake  -f CMakeFiles/crb_ros_msg__rosidl_generator_py.dir/build.make CMakeFiles/crb_ros_msg__rosidl_generator_py.dir/build\n'}
[1.592712] (crb_ros_msg) StdoutLine: {'line': b"gmake[2]: Entering directory '/workspace/action_data_offset_ws/build_aarch64/crb_ros_msg'\n"}
[1.593011] (crb_ros_msg) StdoutLine: {'line': b"gmake[2]: Nothing to be done for 'CMakeFiles/crb_ros_msg__rosidl_generator_py.dir/build'.\n"}
[1.593167] (crb_ros_msg) StdoutLine: {'line': b"gmake[2]: Leaving directory '/workspace/action_data_offset_ws/build_aarch64/crb_ros_msg'\n"}
[1.602264] (-) TimerEvent: {}
[1.606527] (crb_ros_msg) StdoutLine: {'line': b'[ 85%] Built target crb_ros_msg__rosidl_generator_py\n'}
[1.607485] (crb_ros_msg) StdoutLine: {'line': b'/usr/bin/gmake  -f CMakeFiles/crb_ros_msg__rosidl_typesupport_fastrtps_c__pyext.dir/build.make CMakeFiles/crb_ros_msg__rosidl_typesupport_fastrtps_c__pyext.dir/depend\n'}
[1.607771] (crb_ros_msg) StdoutLine: {'line': b'/usr/bin/gmake  -f CMakeFiles/crb_ros_msg__rosidl_typesupport_introspection_c__pyext.dir/build.make CMakeFiles/crb_ros_msg__rosidl_typesupport_introspection_c__pyext.dir/depend\n'}
[1.608024] (crb_ros_msg) StdoutLine: {'line': b'/usr/bin/gmake  -f CMakeFiles/crb_ros_msg__rosidl_typesupport_c__pyext.dir/build.make CMakeFiles/crb_ros_msg__rosidl_typesupport_c__pyext.dir/depend\n'}
[1.609604] (crb_ros_msg) StdoutLine: {'line': b"gmake[2]: Entering directory '/workspace/action_data_offset_ws/build_aarch64/crb_ros_msg'\n"}
[1.609778] (crb_ros_msg) StdoutLine: {'line': b'cd /workspace/action_data_offset_ws/build_aarch64/crb_ros_msg && /usr/bin/cmake -E cmake_depends "Unix Makefiles" /workspace/action_data_offset_ws/src/crb_ros_msg /workspace/action_data_offset_ws/src/crb_ros_msg /workspace/action_data_offset_ws/build_aarch64/crb_ros_msg /workspace/action_data_offset_ws/build_aarch64/crb_ros_msg /workspace/action_data_offset_ws/build_aarch64/crb_ros_msg/CMakeFiles/crb_ros_msg__rosidl_typesupport_c__pyext.dir/DependInfo.cmake --color=\n'}
[1.610152] (crb_ros_msg) StdoutLine: {'line': b"gmake[2]: Entering directory '/workspace/action_data_offset_ws/build_aarch64/crb_ros_msg'\n"}
[1.610305] (crb_ros_msg) StdoutLine: {'line': b'cd /workspace/action_data_offset_ws/build_aarch64/crb_ros_msg && /usr/bin/cmake -E cmake_depends "Unix Makefiles" /workspace/action_data_offset_ws/src/crb_ros_msg /workspace/action_data_offset_ws/src/crb_ros_msg /workspace/action_data_offset_ws/build_aarch64/crb_ros_msg /workspace/action_data_offset_ws/build_aarch64/crb_ros_msg /workspace/action_data_offset_ws/build_aarch64/crb_ros_msg/CMakeFiles/crb_ros_msg__rosidl_typesupport_fastrtps_c__pyext.dir/DependInfo.cmake --color=\n'}
[1.610487] (crb_ros_msg) StdoutLine: {'line': b"gmake[2]: Entering directory '/workspace/action_data_offset_ws/build_aarch64/crb_ros_msg'\n"}
[1.610615] (crb_ros_msg) StdoutLine: {'line': b'cd /workspace/action_data_offset_ws/build_aarch64/crb_ros_msg && /usr/bin/cmake -E cmake_depends "Unix Makefiles" /workspace/action_data_offset_ws/src/crb_ros_msg /workspace/action_data_offset_ws/src/crb_ros_msg /workspace/action_data_offset_ws/build_aarch64/crb_ros_msg /workspace/action_data_offset_ws/build_aarch64/crb_ros_msg /workspace/action_data_offset_ws/build_aarch64/crb_ros_msg/CMakeFiles/crb_ros_msg__rosidl_typesupport_introspection_c__pyext.dir/DependInfo.cmake --color=\n'}
[1.620067] (crb_ros_msg) StdoutLine: {'line': b'Dependencies file "CMakeFiles/crb_ros_msg__rosidl_typesupport_introspection_c__pyext.dir/rosidl_generator_py/crb_ros_msg/_crb_ros_msg_s.ep.rosidl_typesupport_introspection_c.c.o.d" is newer than depends file "/workspace/action_data_offset_ws/build_aarch64/crb_ros_msg/CMakeFiles/crb_ros_msg__rosidl_typesupport_introspection_c__pyext.dir/compiler_depend.internal".\n'}
[1.620360] (crb_ros_msg) StdoutLine: {'line': b'\x1b[35m\x1b[1mConsolidate compiler generated dependencies of target crb_ros_msg__rosidl_typesupport_introspection_c__pyext\x1b[0m\n'}
[1.623038] (crb_ros_msg) StdoutLine: {'line': b'Dependencies file "CMakeFiles/crb_ros_msg__rosidl_typesupport_c__pyext.dir/rosidl_generator_py/crb_ros_msg/_crb_ros_msg_s.ep.rosidl_typesupport_c.c.o.d" is newer than depends file "/workspace/action_data_offset_ws/build_aarch64/crb_ros_msg/CMakeFiles/crb_ros_msg__rosidl_typesupport_c__pyext.dir/compiler_depend.internal".\n'}
[1.623285] (crb_ros_msg) StdoutLine: {'line': b'\x1b[35m\x1b[1mConsolidate compiler generated dependencies of target crb_ros_msg__rosidl_typesupport_c__pyext\x1b[0m\n'}
[1.624599] (crb_ros_msg) StdoutLine: {'line': b'Dependencies file "CMakeFiles/crb_ros_msg__rosidl_typesupport_fastrtps_c__pyext.dir/rosidl_generator_py/crb_ros_msg/_crb_ros_msg_s.ep.rosidl_typesupport_fastrtps_c.c.o.d" is newer than depends file "/workspace/action_data_offset_ws/build_aarch64/crb_ros_msg/CMakeFiles/crb_ros_msg__rosidl_typesupport_fastrtps_c__pyext.dir/compiler_depend.internal".\n'}
[1.624998] (crb_ros_msg) StdoutLine: {'line': b'\x1b[35m\x1b[1mConsolidate compiler generated dependencies of target crb_ros_msg__rosidl_typesupport_fastrtps_c__pyext\x1b[0m\n'}
[1.629327] (crb_ros_msg) StdoutLine: {'line': b"gmake[2]: Leaving directory '/workspace/action_data_offset_ws/build_aarch64/crb_ros_msg'\n"}
[1.629593] (crb_ros_msg) StdoutLine: {'line': b'/usr/bin/gmake  -f CMakeFiles/crb_ros_msg__rosidl_typesupport_c__pyext.dir/build.make CMakeFiles/crb_ros_msg__rosidl_typesupport_c__pyext.dir/build\n'}
[1.629869] (crb_ros_msg) StdoutLine: {'line': b"gmake[2]: Leaving directory '/workspace/action_data_offset_ws/build_aarch64/crb_ros_msg'\n"}
[1.630106] (crb_ros_msg) StdoutLine: {'line': b'/usr/bin/gmake  -f CMakeFiles/crb_ros_msg__rosidl_typesupport_introspection_c__pyext.dir/build.make CMakeFiles/crb_ros_msg__rosidl_typesupport_introspection_c__pyext.dir/build\n'}
[1.634616] (crb_ros_msg) StdoutLine: {'line': b"gmake[2]: Leaving directory '/workspace/action_data_offset_ws/build_aarch64/crb_ros_msg'\n"}
[1.634864] (crb_ros_msg) StdoutLine: {'line': b'/usr/bin/gmake  -f CMakeFiles/crb_ros_msg__rosidl_typesupport_fastrtps_c__pyext.dir/build.make CMakeFiles/crb_ros_msg__rosidl_typesupport_fastrtps_c__pyext.dir/build\n'}
[1.637175] (crb_ros_msg) StdoutLine: {'line': b"gmake[2]: Entering directory '/workspace/action_data_offset_ws/build_aarch64/crb_ros_msg'\n"}
[1.637465] (crb_ros_msg) StdoutLine: {'line': b"gmake[2]: Nothing to be done for 'CMakeFiles/crb_ros_msg__rosidl_typesupport_c__pyext.dir/build'.\n"}
[1.637622] (crb_ros_msg) StdoutLine: {'line': b"gmake[2]: Entering directory '/workspace/action_data_offset_ws/build_aarch64/crb_ros_msg'\n"}
[1.637760] (crb_ros_msg) StdoutLine: {'line': b"gmake[2]: Leaving directory '/workspace/action_data_offset_ws/build_aarch64/crb_ros_msg'\n"}
[1.637895] (crb_ros_msg) StdoutLine: {'line': b"gmake[2]: Nothing to be done for 'CMakeFiles/crb_ros_msg__rosidl_typesupport_introspection_c__pyext.dir/build'.\n"}
[1.638019] (crb_ros_msg) StdoutLine: {'line': b"gmake[2]: Leaving directory '/workspace/action_data_offset_ws/build_aarch64/crb_ros_msg'\n"}
[1.638905] (crb_ros_msg) StdoutLine: {'line': b"gmake[2]: Entering directory '/workspace/action_data_offset_ws/build_aarch64/crb_ros_msg'\n"}
[1.639056] (crb_ros_msg) StdoutLine: {'line': b"gmake[2]: Nothing to be done for 'CMakeFiles/crb_ros_msg__rosidl_typesupport_fastrtps_c__pyext.dir/build'.\n"}
[1.639174] (crb_ros_msg) StdoutLine: {'line': b"gmake[2]: Leaving directory '/workspace/action_data_offset_ws/build_aarch64/crb_ros_msg'\n"}
[1.647937] (crb_ros_msg) StdoutLine: {'line': b'[ 90%] Built target crb_ros_msg__rosidl_typesupport_introspection_c__pyext\n'}
[1.652013] (crb_ros_msg) StdoutLine: {'line': b'[ 95%] Built target crb_ros_msg__rosidl_typesupport_c__pyext\n'}
[1.653078] (crb_ros_msg) StdoutLine: {'line': b'[100%] Built target crb_ros_msg__rosidl_typesupport_fastrtps_c__pyext\n'}
[1.656545] (crb_ros_msg) StdoutLine: {'line': b'running egg_info\n'}
[1.657213] (crb_ros_msg) StdoutLine: {'line': b'writing crb_ros_msg.egg-info/PKG-INFO\n'}
[1.657463] (crb_ros_msg) StdoutLine: {'line': b'writing dependency_links to crb_ros_msg.egg-info/dependency_links.txt\n'}
[1.657670] (crb_ros_msg) StdoutLine: {'line': b'writing top-level names to crb_ros_msg.egg-info/top_level.txt\n'}
[1.660189] (crb_ros_msg) StdoutLine: {'line': b"reading manifest file 'crb_ros_msg.egg-info/SOURCES.txt'\n"}
[1.660672] (crb_ros_msg) StdoutLine: {'line': b"writing manifest file 'crb_ros_msg.egg-info/SOURCES.txt'\n"}
[1.673793] (crb_ros_msg) StdoutLine: {'line': b"gmake[2]: Leaving directory '/workspace/action_data_offset_ws/build_aarch64/crb_ros_msg'\n"}
[1.686694] (crb_ros_msg) StdoutLine: {'line': b'[100%] Built target ament_cmake_python_build_crb_ros_msg_egg\n'}
[1.687546] (crb_ros_msg) StdoutLine: {'line': b"gmake[1]: Leaving directory '/workspace/action_data_offset_ws/build_aarch64/crb_ros_msg'\n"}
[1.687753] (crb_ros_msg) StdoutLine: {'line': b'/usr/bin/cmake -E cmake_progress_start /workspace/action_data_offset_ws/build_aarch64/crb_ros_msg/CMakeFiles 0\n'}
[1.702368] (-) TimerEvent: {}
[1.706201] (crb_ros_msg) CommandEnded: {'returncode': 0}
[1.706875] (crb_ros_msg) JobProgress: {'identifier': 'crb_ros_msg', 'progress': 'install'}
[1.716233] (crb_ros_msg) Command: {'cmd': ['/usr/bin/cmake', '--install', '/workspace/action_data_offset_ws/build/crb_ros_msg'], 'cwd': '/workspace/action_data_offset_ws/build/crb_ros_msg', 'env': OrderedDict([('PYTHON_SOABI', 'cpython-310-aarch64-linux-gnu'), ('ARCH', 'aarch64'), ('HOSTNAME', 'aarch64_2204_0508_1407_17'), ('SHLVL', '2'), ('LD_LIBRARY_PATH', '/opt/rootfs_2204_aarch64/opt/ros/humble/opt/rviz_ogre_vendor/lib:/opt/rootfs_2204_aarch64/opt/ros/humble/lib/aarch64-linux-gnu:/opt/rootfs_2204_aarch64/opt/ros/humble/lib'), ('HOME', '/home/casbot'), ('OLDPWD', '/workspace/action_data_offset_ws'), ('ROS_PYTHON_VERSION', '3'), ('CROSS_FLAG', '-DCMAKE_CUSTOM_CROSS=ON -DCMAKE_TOOLCHAIN_FILE=/workspace/action_data_offset_ws/docker_env/environment/cmake-toolchains/generic_aarch64.cmake'), ('project_environment_dir', '/workspace/action_data_offset_ws/docker_env/environment'), ('ROS_DISTRO', 'humble'), ('is_ubuntu_20_04', 'false'), ('_', '/usr/local/bin/colcon'), ('ROS_VERSION', '2'), ('is_orin', 'false'), ('is_ubuntu_22_04', 'true'), ('TERM', 'xterm'), ('ROS_LOCALHOST_ONLY', '0'), ('QT_X11_NO_MITSHM', '1'), ('PATH', '/opt/rootfs_2204_aarch64/opt/ros/humble/bin:/usr/local/sbin:/usr/local/bin:/usr/sbin:/usr/bin:/sbin:/bin'), ('is_pc', 'true'), ('env_is_docker', '1'), ('DISPLAY', ':1'), ('LANG', 'en_US.UTF-8'), ('AMENT_PREFIX_PATH', '/opt/rootfs_2204_aarch64/opt/ros/humble'), ('env_docker_aarch64', '1'), ('PWD', '/workspace/action_data_offset_ws/build_aarch64/crb_ros_msg'), ('env_docker_x86', '0'), ('PYTHONPATH', '/opt/rootfs_2204_aarch64/opt/ros/humble/lib/python3.10/site-packages:/opt/rootfs_2204_aarch64/opt/ros/humble/local/lib/python3.10/dist-packages'), ('SYSROOT', '/opt/rootfs_2204_aarch64/'), ('TARGET_ARCH', 'aarch64'), ('TZ', 'Asia/Shanghai'), ('project_install_dir', '/workspace/action_data_offset_ws/install_aarch64'), ('COLCON', '1'), ('CMAKE_PREFIX_PATH', '/opt/rootfs_2204_aarch64/opt/ros/humble')]), 'shell': False}
[1.729423] (crb_ros_msg) StdoutLine: {'line': b'-- Install configuration: "Release"\n'}
[1.729729] (crb_ros_msg) StdoutLine: {'line': b'-- Up-to-date: /workspace/action_data_offset_ws/install/share/ament_index/resource_index/rosidl_interfaces/crb_ros_msg\n'}
[1.729882] (crb_ros_msg) StdoutLine: {'line': b'-- Up-to-date: /workspace/action_data_offset_ws/install/include/crb_ros_msg/crb_ros_msg\n'}
[1.730097] (crb_ros_msg) StdoutLine: {'line': b'-- Up-to-date: /workspace/action_data_offset_ws/install/include/crb_ros_msg/crb_ros_msg/action\n'}
[1.730287] (crb_ros_msg) StdoutLine: {'line': b'-- Up-to-date: /workspace/action_data_offset_ws/install/include/crb_ros_msg/crb_ros_msg/action/detail\n'}
[1.730523] (crb_ros_msg) StdoutLine: {'line': b'-- Up-to-date: /workspace/action_data_offset_ws/install/include/crb_ros_msg/crb_ros_msg/action/detail/action_play__functions.c\n'}
[1.730693] (crb_ros_msg) StdoutLine: {'line': b'-- Up-to-date: /workspace/action_data_offset_ws/install/include/crb_ros_msg/crb_ros_msg/action/detail/action_play__struct.h\n'}
[1.730855] (crb_ros_msg) StdoutLine: {'line': b'-- Up-to-date: /workspace/action_data_offset_ws/install/include/crb_ros_msg/crb_ros_msg/action/detail/action_play__functions.h\n'}
[1.731007] (crb_ros_msg) StdoutLine: {'line': b'-- Up-to-date: /workspace/action_data_offset_ws/install/include/crb_ros_msg/crb_ros_msg/action/detail/action_play__type_support.h\n'}
[1.731143] (crb_ros_msg) StdoutLine: {'line': b'-- Up-to-date: /workspace/action_data_offset_ws/install/include/crb_ros_msg/crb_ros_msg/action/action_play.h\n'}
[1.731275] (crb_ros_msg) StdoutLine: {'line': b'-- Up-to-date: /workspace/action_data_offset_ws/install/include/crb_ros_msg/crb_ros_msg/msg\n'}
[1.731400] (crb_ros_msg) StdoutLine: {'line': b'-- Up-to-date: /workspace/action_data_offset_ws/install/include/crb_ros_msg/crb_ros_msg/msg/detail\n'}
[1.731519] (crb_ros_msg) StdoutLine: {'line': b'-- Up-to-date: /workspace/action_data_offset_ws/install/include/crb_ros_msg/crb_ros_msg/msg/detail/upper_joint_data__functions.h\n'}
[1.731633] (crb_ros_msg) StdoutLine: {'line': b'-- Up-to-date: /workspace/action_data_offset_ws/install/include/crb_ros_msg/crb_ros_msg/msg/detail/upper_joint_data__type_support.h\n'}
[1.731745] (crb_ros_msg) StdoutLine: {'line': b'-- Up-to-date: /workspace/action_data_offset_ws/install/include/crb_ros_msg/crb_ros_msg/msg/detail/upper_joint_data__functions.c\n'}
[1.731854] (crb_ros_msg) StdoutLine: {'line': b'-- Up-to-date: /workspace/action_data_offset_ws/install/include/crb_ros_msg/crb_ros_msg/msg/detail/upper_joint_data__struct.h\n'}
[1.731966] (crb_ros_msg) StdoutLine: {'line': b'-- Up-to-date: /workspace/action_data_offset_ws/install/include/crb_ros_msg/crb_ros_msg/msg/rosidl_generator_c__visibility_control.h\n'}
[1.732077] (crb_ros_msg) StdoutLine: {'line': b'-- Up-to-date: /workspace/action_data_offset_ws/install/include/crb_ros_msg/crb_ros_msg/msg/upper_joint_data.h\n'}
[1.732211] (crb_ros_msg) StdoutLine: {'line': b'-- Up-to-date: /workspace/action_data_offset_ws/install/share/crb_ros_msg/environment/library_path.sh\n'}
[1.732336] (crb_ros_msg) StdoutLine: {'line': b'-- Installing: /workspace/action_data_offset_ws/install/share/crb_ros_msg/environment/library_path.dsv\n'}
[1.732449] (crb_ros_msg) StdoutLine: {'line': b'-- Up-to-date: /workspace/action_data_offset_ws/install/lib/libcrb_ros_msg__rosidl_generator_c.so\n'}
[1.732710] (crb_ros_msg) StdoutLine: {'line': b'-- Up-to-date: /workspace/action_data_offset_ws/install/include/crb_ros_msg/crb_ros_msg\n'}
[1.732843] (crb_ros_msg) StdoutLine: {'line': b'-- Up-to-date: /workspace/action_data_offset_ws/install/include/crb_ros_msg/crb_ros_msg/action\n'}
[1.732987] (crb_ros_msg) StdoutLine: {'line': b'-- Up-to-date: /workspace/action_data_offset_ws/install/include/crb_ros_msg/crb_ros_msg/action/detail\n'}
[1.733156] (crb_ros_msg) StdoutLine: {'line': b'-- Up-to-date: /workspace/action_data_offset_ws/install/include/crb_ros_msg/crb_ros_msg/action/detail/action_play__rosidl_typesupport_fastrtps_c.h\n'}
[1.733291] (crb_ros_msg) StdoutLine: {'line': b'-- Up-to-date: /workspace/action_data_offset_ws/install/include/crb_ros_msg/crb_ros_msg/msg\n'}
[1.733422] (crb_ros_msg) StdoutLine: {'line': b'-- Up-to-date: /workspace/action_data_offset_ws/install/include/crb_ros_msg/crb_ros_msg/msg/rosidl_typesupport_fastrtps_c__visibility_control.h\n'}
[1.733537] (crb_ros_msg) StdoutLine: {'line': b'-- Up-to-date: /workspace/action_data_offset_ws/install/include/crb_ros_msg/crb_ros_msg/msg/detail\n'}
[1.733649] (crb_ros_msg) StdoutLine: {'line': b'-- Up-to-date: /workspace/action_data_offset_ws/install/include/crb_ros_msg/crb_ros_msg/msg/detail/upper_joint_data__rosidl_typesupport_fastrtps_c.h\n'}
[1.733791] (crb_ros_msg) StdoutLine: {'line': b'-- Up-to-date: /workspace/action_data_offset_ws/install/lib/libcrb_ros_msg__rosidl_typesupport_fastrtps_c.so\n'}
[1.734117] (crb_ros_msg) StdoutLine: {'line': b'-- Up-to-date: /workspace/action_data_offset_ws/install/include/crb_ros_msg/crb_ros_msg\n'}
[1.734247] (crb_ros_msg) StdoutLine: {'line': b'-- Up-to-date: /workspace/action_data_offset_ws/install/include/crb_ros_msg/crb_ros_msg/action\n'}
[1.734397] (crb_ros_msg) StdoutLine: {'line': b'-- Up-to-date: /workspace/action_data_offset_ws/install/include/crb_ros_msg/crb_ros_msg/action/detail\n'}
[1.734520] (crb_ros_msg) StdoutLine: {'line': b'-- Up-to-date: /workspace/action_data_offset_ws/install/include/crb_ros_msg/crb_ros_msg/action/detail/action_play__type_support.c\n'}
[1.734648] (crb_ros_msg) StdoutLine: {'line': b'-- Up-to-date: /workspace/action_data_offset_ws/install/include/crb_ros_msg/crb_ros_msg/action/detail/action_play__rosidl_typesupport_introspection_c.h\n'}
[1.734756] (crb_ros_msg) StdoutLine: {'line': b'-- Up-to-date: /workspace/action_data_offset_ws/install/include/crb_ros_msg/crb_ros_msg/msg\n'}
[1.734865] (crb_ros_msg) StdoutLine: {'line': b'-- Up-to-date: /workspace/action_data_offset_ws/install/include/crb_ros_msg/crb_ros_msg/msg/detail\n'}
[1.734999] (crb_ros_msg) StdoutLine: {'line': b'-- Up-to-date: /workspace/action_data_offset_ws/install/include/crb_ros_msg/crb_ros_msg/msg/detail/upper_joint_data__rosidl_typesupport_introspection_c.h\n'}
[1.735112] (crb_ros_msg) StdoutLine: {'line': b'-- Up-to-date: /workspace/action_data_offset_ws/install/include/crb_ros_msg/crb_ros_msg/msg/detail/upper_joint_data__type_support.c\n'}
[1.735222] (crb_ros_msg) StdoutLine: {'line': b'-- Up-to-date: /workspace/action_data_offset_ws/install/include/crb_ros_msg/crb_ros_msg/msg/rosidl_typesupport_introspection_c__visibility_control.h\n'}
[1.735345] (crb_ros_msg) StdoutLine: {'line': b'-- Up-to-date: /workspace/action_data_offset_ws/install/lib/libcrb_ros_msg__rosidl_typesupport_introspection_c.so\n'}
[1.735471] (crb_ros_msg) StdoutLine: {'line': b'-- Up-to-date: /workspace/action_data_offset_ws/install/lib/libcrb_ros_msg__rosidl_typesupport_c.so\n'}
[1.735688] (crb_ros_msg) StdoutLine: {'line': b'-- Up-to-date: /workspace/action_data_offset_ws/install/include/crb_ros_msg/crb_ros_msg\n'}
[1.735825] (crb_ros_msg) StdoutLine: {'line': b'-- Up-to-date: /workspace/action_data_offset_ws/install/include/crb_ros_msg/crb_ros_msg/action\n'}
[1.735995] (crb_ros_msg) StdoutLine: {'line': b'-- Up-to-date: /workspace/action_data_offset_ws/install/include/crb_ros_msg/crb_ros_msg/action/detail\n'}
[1.736135] (crb_ros_msg) StdoutLine: {'line': b'-- Up-to-date: /workspace/action_data_offset_ws/install/include/crb_ros_msg/crb_ros_msg/action/detail/action_play__traits.hpp\n'}
[1.736323] (crb_ros_msg) StdoutLine: {'line': b'-- Up-to-date: /workspace/action_data_offset_ws/install/include/crb_ros_msg/crb_ros_msg/action/detail/action_play__type_support.hpp\n'}
[1.736544] (crb_ros_msg) StdoutLine: {'line': b'-- Up-to-date: /workspace/action_data_offset_ws/install/include/crb_ros_msg/crb_ros_msg/action/detail/action_play__builder.hpp\n'}
[1.736755] (crb_ros_msg) StdoutLine: {'line': b'-- Up-to-date: /workspace/action_data_offset_ws/install/include/crb_ros_msg/crb_ros_msg/action/detail/action_play__struct.hpp\n'}
[1.736897] (crb_ros_msg) StdoutLine: {'line': b'-- Up-to-date: /workspace/action_data_offset_ws/install/include/crb_ros_msg/crb_ros_msg/action/action_play.hpp\n'}
[1.737056] (crb_ros_msg) StdoutLine: {'line': b'-- Up-to-date: /workspace/action_data_offset_ws/install/include/crb_ros_msg/crb_ros_msg/msg\n'}
[1.737181] (crb_ros_msg) StdoutLine: {'line': b'-- Up-to-date: /workspace/action_data_offset_ws/install/include/crb_ros_msg/crb_ros_msg/msg/detail\n'}
[1.737367] (crb_ros_msg) StdoutLine: {'line': b'-- Up-to-date: /workspace/action_data_offset_ws/install/include/crb_ros_msg/crb_ros_msg/msg/detail/upper_joint_data__traits.hpp\n'}
[1.737536] (crb_ros_msg) StdoutLine: {'line': b'-- Up-to-date: /workspace/action_data_offset_ws/install/include/crb_ros_msg/crb_ros_msg/msg/detail/upper_joint_data__type_support.hpp\n'}
[1.737722] (crb_ros_msg) StdoutLine: {'line': b'-- Up-to-date: /workspace/action_data_offset_ws/install/include/crb_ros_msg/crb_ros_msg/msg/detail/upper_joint_data__struct.hpp\n'}
[1.737889] (crb_ros_msg) StdoutLine: {'line': b'-- Up-to-date: /workspace/action_data_offset_ws/install/include/crb_ros_msg/crb_ros_msg/msg/detail/upper_joint_data__builder.hpp\n'}
[1.738006] (crb_ros_msg) StdoutLine: {'line': b'-- Up-to-date: /workspace/action_data_offset_ws/install/include/crb_ros_msg/crb_ros_msg/msg/rosidl_generator_cpp__visibility_control.hpp\n'}
[1.738190] (crb_ros_msg) StdoutLine: {'line': b'-- Up-to-date: /workspace/action_data_offset_ws/install/include/crb_ros_msg/crb_ros_msg/msg/upper_joint_data.hpp\n'}
[1.738354] (crb_ros_msg) StdoutLine: {'line': b'-- Up-to-date: /workspace/action_data_offset_ws/install/include/crb_ros_msg/crb_ros_msg\n'}
[1.738494] (crb_ros_msg) StdoutLine: {'line': b'-- Up-to-date: /workspace/action_data_offset_ws/install/include/crb_ros_msg/crb_ros_msg/action\n'}
[1.738621] (crb_ros_msg) StdoutLine: {'line': b'-- Up-to-date: /workspace/action_data_offset_ws/install/include/crb_ros_msg/crb_ros_msg/action/detail\n'}
[1.738868] (crb_ros_msg) StdoutLine: {'line': b'-- Up-to-date: /workspace/action_data_offset_ws/install/include/crb_ros_msg/crb_ros_msg/action/detail/action_play__rosidl_typesupport_fastrtps_cpp.hpp\n'}
[1.739050] (crb_ros_msg) StdoutLine: {'line': b'-- Up-to-date: /workspace/action_data_offset_ws/install/include/crb_ros_msg/crb_ros_msg/action/detail/dds_fastrtps\n'}
[1.739185] (crb_ros_msg) StdoutLine: {'line': b'-- Up-to-date: /workspace/action_data_offset_ws/install/include/crb_ros_msg/crb_ros_msg/msg\n'}
[1.739354] (crb_ros_msg) StdoutLine: {'line': b'-- Up-to-date: /workspace/action_data_offset_ws/install/include/crb_ros_msg/crb_ros_msg/msg/detail\n'}
[1.739489] (crb_ros_msg) StdoutLine: {'line': b'-- Up-to-date: /workspace/action_data_offset_ws/install/include/crb_ros_msg/crb_ros_msg/msg/detail/upper_joint_data__rosidl_typesupport_fastrtps_cpp.hpp\n'}
[1.739631] (crb_ros_msg) StdoutLine: {'line': b'-- Up-to-date: /workspace/action_data_offset_ws/install/include/crb_ros_msg/crb_ros_msg/msg/detail/dds_fastrtps\n'}
[1.739781] (crb_ros_msg) StdoutLine: {'line': b'-- Up-to-date: /workspace/action_data_offset_ws/install/include/crb_ros_msg/crb_ros_msg/msg/rosidl_typesupport_fastrtps_cpp__visibility_control.h\n'}
[1.739916] (crb_ros_msg) StdoutLine: {'line': b'-- Up-to-date: /workspace/action_data_offset_ws/install/lib/libcrb_ros_msg__rosidl_typesupport_fastrtps_cpp.so\n'}
[1.740049] (crb_ros_msg) StdoutLine: {'line': b'-- Up-to-date: /workspace/action_data_offset_ws/install/include/crb_ros_msg/crb_ros_msg\n'}
[1.740206] (crb_ros_msg) StdoutLine: {'line': b'-- Up-to-date: /workspace/action_data_offset_ws/install/include/crb_ros_msg/crb_ros_msg/action\n'}
[1.740343] (crb_ros_msg) StdoutLine: {'line': b'-- Up-to-date: /workspace/action_data_offset_ws/install/include/crb_ros_msg/crb_ros_msg/action/detail\n'}
[1.740493] (crb_ros_msg) StdoutLine: {'line': b'-- Up-to-date: /workspace/action_data_offset_ws/install/include/crb_ros_msg/crb_ros_msg/action/detail/action_play__rosidl_typesupport_introspection_cpp.hpp\n'}
[1.740702] (crb_ros_msg) StdoutLine: {'line': b'-- Up-to-date: /workspace/action_data_offset_ws/install/include/crb_ros_msg/crb_ros_msg/action/detail/action_play__type_support.cpp\n'}
[1.740887] (crb_ros_msg) StdoutLine: {'line': b'-- Up-to-date: /workspace/action_data_offset_ws/install/include/crb_ros_msg/crb_ros_msg/msg\n'}
[1.741041] (crb_ros_msg) StdoutLine: {'line': b'-- Up-to-date: /workspace/action_data_offset_ws/install/include/crb_ros_msg/crb_ros_msg/msg/detail\n'}
[1.741189] (crb_ros_msg) StdoutLine: {'line': b'-- Up-to-date: /workspace/action_data_offset_ws/install/include/crb_ros_msg/crb_ros_msg/msg/detail/upper_joint_data__rosidl_typesupport_introspection_cpp.hpp\n'}
[1.741329] (crb_ros_msg) StdoutLine: {'line': b'-- Up-to-date: /workspace/action_data_offset_ws/install/include/crb_ros_msg/crb_ros_msg/msg/detail/upper_joint_data__type_support.cpp\n'}
[1.741541] (crb_ros_msg) StdoutLine: {'line': b'-- Up-to-date: /workspace/action_data_offset_ws/install/lib/libcrb_ros_msg__rosidl_typesupport_introspection_cpp.so\n'}
[1.741746] (crb_ros_msg) StdoutLine: {'line': b'-- Up-to-date: /workspace/action_data_offset_ws/install/lib/libcrb_ros_msg__rosidl_typesupport_cpp.so\n'}
[1.741886] (crb_ros_msg) StdoutLine: {'line': b'-- Up-to-date: /workspace/action_data_offset_ws/install/share/crb_ros_msg/environment/pythonpath.sh\n'}
[1.742016] (crb_ros_msg) StdoutLine: {'line': b'-- Installing: /workspace/action_data_offset_ws/install/share/crb_ros_msg/environment/pythonpath.dsv\n'}
[1.742142] (crb_ros_msg) StdoutLine: {'line': b'-- Up-to-date: /workspace/action_data_offset_ws/install/local/lib/python3.10/dist-packages/crb_ros_msg-0.1.0-py3.10.egg-info\n'}
[1.742282] (crb_ros_msg) StdoutLine: {'line': b'-- Installing: /workspace/action_data_offset_ws/install/local/lib/python3.10/dist-packages/crb_ros_msg-0.1.0-py3.10.egg-info/PKG-INFO\n'}
[1.742420] (crb_ros_msg) StdoutLine: {'line': b'-- Installing: /workspace/action_data_offset_ws/install/local/lib/python3.10/dist-packages/crb_ros_msg-0.1.0-py3.10.egg-info/dependency_links.txt\n'}
[1.742537] (crb_ros_msg) StdoutLine: {'line': b'-- Installing: /workspace/action_data_offset_ws/install/local/lib/python3.10/dist-packages/crb_ros_msg-0.1.0-py3.10.egg-info/SOURCES.txt\n'}
[1.742651] (crb_ros_msg) StdoutLine: {'line': b'-- Installing: /workspace/action_data_offset_ws/install/local/lib/python3.10/dist-packages/crb_ros_msg-0.1.0-py3.10.egg-info/top_level.txt\n'}
[1.742762] (crb_ros_msg) StdoutLine: {'line': b'-- Up-to-date: /workspace/action_data_offset_ws/install/local/lib/python3.10/dist-packages/crb_ros_msg\n'}
[1.742876] (crb_ros_msg) StdoutLine: {'line': b'-- Up-to-date: /workspace/action_data_offset_ws/install/local/lib/python3.10/dist-packages/crb_ros_msg/libcrb_ros_msg__rosidl_generator_py.so\n'}
[1.742990] (crb_ros_msg) StdoutLine: {'line': b'-- Installing: /workspace/action_data_offset_ws/install/local/lib/python3.10/dist-packages/crb_ros_msg/crb_ros_msg_s__rosidl_typesupport_introspection_c.cpython-310-x86_64-linux-gnu.so\n'}
[1.743110] (crb_ros_msg) StdoutLine: {'line': b'-- Up-to-date: /workspace/action_data_offset_ws/install/local/lib/python3.10/dist-packages/crb_ros_msg/_crb_ros_msg_s.ep.rosidl_typesupport_fastrtps_c.c\n'}
[1.743243] (crb_ros_msg) StdoutLine: {'line': b'-- Up-to-date: /workspace/action_data_offset_ws/install/local/lib/python3.10/dist-packages/crb_ros_msg/_crb_ros_msg_s.ep.rosidl_typesupport_c.c\n'}
[1.743386] (crb_ros_msg) StdoutLine: {'line': b'-- Up-to-date: /workspace/action_data_offset_ws/install/local/lib/python3.10/dist-packages/crb_ros_msg/action\n'}
[1.743506] (crb_ros_msg) StdoutLine: {'line': b'-- Up-to-date: /workspace/action_data_offset_ws/install/local/lib/python3.10/dist-packages/crb_ros_msg/action/_action_play.py\n'}
[1.743619] (crb_ros_msg) StdoutLine: {'line': b'-- Up-to-date: /workspace/action_data_offset_ws/install/local/lib/python3.10/dist-packages/crb_ros_msg/action/__init__.py\n'}
[1.743729] (crb_ros_msg) StdoutLine: {'line': b'-- Up-to-date: /workspace/action_data_offset_ws/install/local/lib/python3.10/dist-packages/crb_ros_msg/action/_action_play_s.c\n'}
[1.743837] (crb_ros_msg) StdoutLine: {'line': b'-- Installing: /workspace/action_data_offset_ws/install/local/lib/python3.10/dist-packages/crb_ros_msg/__init__.py\n'}
[1.743949] (crb_ros_msg) StdoutLine: {'line': b'-- Up-to-date: /workspace/action_data_offset_ws/install/local/lib/python3.10/dist-packages/crb_ros_msg/msg\n'}
[1.744060] (crb_ros_msg) StdoutLine: {'line': b'-- Up-to-date: /workspace/action_data_offset_ws/install/local/lib/python3.10/dist-packages/crb_ros_msg/msg/_upper_joint_data.py\n'}
[1.744168] (crb_ros_msg) StdoutLine: {'line': b'-- Up-to-date: /workspace/action_data_offset_ws/install/local/lib/python3.10/dist-packages/crb_ros_msg/msg/_upper_joint_data_s.c\n'}
[1.744286] (crb_ros_msg) StdoutLine: {'line': b'-- Up-to-date: /workspace/action_data_offset_ws/install/local/lib/python3.10/dist-packages/crb_ros_msg/msg/__init__.py\n'}
[1.744403] (crb_ros_msg) StdoutLine: {'line': b'-- Installing: /workspace/action_data_offset_ws/install/local/lib/python3.10/dist-packages/crb_ros_msg/crb_ros_msg_s__rosidl_typesupport_fastrtps_c.cpython-310-x86_64-linux-gnu.so\n'}
[1.744522] (crb_ros_msg) StdoutLine: {'line': b'-- Installing: /workspace/action_data_offset_ws/install/local/lib/python3.10/dist-packages/crb_ros_msg/crb_ros_msg_s__rosidl_typesupport_c.cpython-310-x86_64-linux-gnu.so\n'}
[1.744631] (crb_ros_msg) StdoutLine: {'line': b'-- Up-to-date: /workspace/action_data_offset_ws/install/local/lib/python3.10/dist-packages/crb_ros_msg/_crb_ros_msg_s.ep.rosidl_typesupport_introspection_c.c\n'}
[1.785150] (crb_ros_msg) StdoutLine: {'line': b"Listing '/workspace/action_data_offset_ws/install/local/lib/python3.10/dist-packages/crb_ros_msg'...\n"}
[1.785376] (crb_ros_msg) StdoutLine: {'line': b"Compiling '/workspace/action_data_offset_ws/install/local/lib/python3.10/dist-packages/crb_ros_msg/__init__.py'...\n"}
[1.785495] (crb_ros_msg) StdoutLine: {'line': b"Listing '/workspace/action_data_offset_ws/install/local/lib/python3.10/dist-packages/crb_ros_msg/action'...\n"}
[1.785617] (crb_ros_msg) StdoutLine: {'line': b"Listing '/workspace/action_data_offset_ws/install/local/lib/python3.10/dist-packages/crb_ros_msg/msg'...\n"}
[1.788936] (crb_ros_msg) StdoutLine: {'line': b'-- Installing: /workspace/action_data_offset_ws/install/local/lib/python3.10/dist-packages/crb_ros_msg/crb_ros_msg_s__rosidl_typesupport_fastrtps_c.cpython-310-x86_64-linux-gnu.so\n'}
[1.789628] (crb_ros_msg) StdoutLine: {'line': b'-- Set runtime path of "/workspace/action_data_offset_ws/install/local/lib/python3.10/dist-packages/crb_ros_msg/crb_ros_msg_s__rosidl_typesupport_fastrtps_c.cpython-310-x86_64-linux-gnu.so" to ""\n'}
[1.789979] (crb_ros_msg) StdoutLine: {'line': b'-- Installing: /workspace/action_data_offset_ws/install/local/lib/python3.10/dist-packages/crb_ros_msg/crb_ros_msg_s__rosidl_typesupport_introspection_c.cpython-310-x86_64-linux-gnu.so\n'}
[1.790761] (crb_ros_msg) StdoutLine: {'line': b'-- Set runtime path of "/workspace/action_data_offset_ws/install/local/lib/python3.10/dist-packages/crb_ros_msg/crb_ros_msg_s__rosidl_typesupport_introspection_c.cpython-310-x86_64-linux-gnu.so" to ""\n'}
[1.791060] (crb_ros_msg) StdoutLine: {'line': b'-- Installing: /workspace/action_data_offset_ws/install/local/lib/python3.10/dist-packages/crb_ros_msg/crb_ros_msg_s__rosidl_typesupport_c.cpython-310-x86_64-linux-gnu.so\n'}
[1.791773] (crb_ros_msg) StdoutLine: {'line': b'-- Set runtime path of "/workspace/action_data_offset_ws/install/local/lib/python3.10/dist-packages/crb_ros_msg/crb_ros_msg_s__rosidl_typesupport_c.cpython-310-x86_64-linux-gnu.so" to ""\n'}
[1.792071] (crb_ros_msg) StdoutLine: {'line': b'-- Up-to-date: /workspace/action_data_offset_ws/install/lib/libcrb_ros_msg__rosidl_generator_py.so\n'}
[1.792377] (crb_ros_msg) StdoutLine: {'line': b'-- Up-to-date: /workspace/action_data_offset_ws/install/share/ament_index/resource_index/rust_packages/crb_ros_msg\n'}
[1.792536] (crb_ros_msg) StdoutLine: {'line': b'-- Up-to-date: /workspace/action_data_offset_ws/install/share/crb_ros_msg/rust\n'}
[1.792709] (crb_ros_msg) StdoutLine: {'line': b'-- Up-to-date: /workspace/action_data_offset_ws/install/share/crb_ros_msg/rust/src\n'}
[1.792941] (crb_ros_msg) StdoutLine: {'line': b'-- Up-to-date: /workspace/action_data_offset_ws/install/share/crb_ros_msg/rust/src/action.rs\n'}
[1.793110] (crb_ros_msg) StdoutLine: {'line': b'-- Up-to-date: /workspace/action_data_offset_ws/install/share/crb_ros_msg/rust/src/lib.rs\n'}
[1.793240] (crb_ros_msg) StdoutLine: {'line': b'-- Up-to-date: /workspace/action_data_offset_ws/install/share/crb_ros_msg/rust/src/action\n'}
[1.793386] (crb_ros_msg) StdoutLine: {'line': b'-- Up-to-date: /workspace/action_data_offset_ws/install/share/crb_ros_msg/rust/src/action/rmw.rs\n'}
[1.793542] (crb_ros_msg) StdoutLine: {'line': b'-- Up-to-date: /workspace/action_data_offset_ws/install/share/crb_ros_msg/rust/src/msg.rs\n'}
[1.793659] (crb_ros_msg) StdoutLine: {'line': b'-- Up-to-date: /workspace/action_data_offset_ws/install/share/crb_ros_msg/rust/src/msg\n'}
[1.793792] (crb_ros_msg) StdoutLine: {'line': b'-- Up-to-date: /workspace/action_data_offset_ws/install/share/crb_ros_msg/rust/src/msg/rmw.rs\n'}
[1.793909] (crb_ros_msg) StdoutLine: {'line': b'-- Up-to-date: /workspace/action_data_offset_ws/install/share/crb_ros_msg/rust/build.rs\n'}
[1.794049] (crb_ros_msg) StdoutLine: {'line': b'-- Up-to-date: /workspace/action_data_offset_ws/install/share/crb_ros_msg/rust/Cargo.toml\n'}
[1.794201] (crb_ros_msg) StdoutLine: {'line': b'-- Up-to-date: /workspace/action_data_offset_ws/install/share/crb_ros_msg/msg/UpperJointData.idl\n'}
[1.794350] (crb_ros_msg) StdoutLine: {'line': b'-- Up-to-date: /workspace/action_data_offset_ws/install/share/crb_ros_msg/action/ActionPlay.idl\n'}
[1.794469] (crb_ros_msg) StdoutLine: {'line': b'-- Up-to-date: /workspace/action_data_offset_ws/install/share/crb_ros_msg/msg/UpperJointData.msg\n'}
[1.794619] (crb_ros_msg) StdoutLine: {'line': b'-- Up-to-date: /workspace/action_data_offset_ws/install/share/crb_ros_msg/action/ActionPlay.action\n'}
[1.794750] (crb_ros_msg) StdoutLine: {'line': b'-- Up-to-date: /workspace/action_data_offset_ws/install/share/ament_index/resource_index/package_run_dependencies/crb_ros_msg\n'}
[1.794886] (crb_ros_msg) StdoutLine: {'line': b'-- Installing: /workspace/action_data_offset_ws/install/share/ament_index/resource_index/parent_prefix_path/crb_ros_msg\n'}
[1.795024] (crb_ros_msg) StdoutLine: {'line': b'-- Up-to-date: /workspace/action_data_offset_ws/install/share/crb_ros_msg/environment/ament_prefix_path.sh\n'}
[1.795156] (crb_ros_msg) StdoutLine: {'line': b'-- Installing: /workspace/action_data_offset_ws/install/share/crb_ros_msg/environment/ament_prefix_path.dsv\n'}
[1.795329] (crb_ros_msg) StdoutLine: {'line': b'-- Up-to-date: /workspace/action_data_offset_ws/install/share/crb_ros_msg/environment/path.sh\n'}
[1.795479] (crb_ros_msg) StdoutLine: {'line': b'-- Installing: /workspace/action_data_offset_ws/install/share/crb_ros_msg/environment/path.dsv\n'}
[1.795622] (crb_ros_msg) StdoutLine: {'line': b'-- Up-to-date: /workspace/action_data_offset_ws/install/share/crb_ros_msg/local_setup.bash\n'}
[1.795854] (crb_ros_msg) StdoutLine: {'line': b'-- Up-to-date: /workspace/action_data_offset_ws/install/share/crb_ros_msg/local_setup.sh\n'}
[1.796028] (crb_ros_msg) StdoutLine: {'line': b'-- Up-to-date: /workspace/action_data_offset_ws/install/share/crb_ros_msg/local_setup.zsh\n'}
[1.796231] (crb_ros_msg) StdoutLine: {'line': b'-- Installing: /workspace/action_data_offset_ws/install/share/crb_ros_msg/local_setup.dsv\n'}
[1.796430] (crb_ros_msg) StdoutLine: {'line': b'-- Installing: /workspace/action_data_offset_ws/install/share/crb_ros_msg/package.dsv\n'}
[1.796582] (crb_ros_msg) StdoutLine: {'line': b'-- Up-to-date: /workspace/action_data_offset_ws/install/share/ament_index/resource_index/packages/crb_ros_msg\n'}
[1.796746] (crb_ros_msg) StdoutLine: {'line': b'-- Up-to-date: /workspace/action_data_offset_ws/install/share/crb_ros_msg/cmake/export_crb_ros_msg__rosidl_generator_cExport.cmake\n'}
[1.796820] (crb_ros_msg) StdoutLine: {'line': b'-- Up-to-date: /workspace/action_data_offset_ws/install/share/crb_ros_msg/cmake/export_crb_ros_msg__rosidl_generator_cExport-release.cmake\n'}
[1.796877] (crb_ros_msg) StdoutLine: {'line': b'-- Up-to-date: /workspace/action_data_offset_ws/install/share/crb_ros_msg/cmake/export_crb_ros_msg__rosidl_typesupport_fastrtps_cExport.cmake\n'}
[1.796929] (crb_ros_msg) StdoutLine: {'line': b'-- Up-to-date: /workspace/action_data_offset_ws/install/share/crb_ros_msg/cmake/export_crb_ros_msg__rosidl_typesupport_fastrtps_cExport-release.cmake\n'}
[1.796991] (crb_ros_msg) StdoutLine: {'line': b'-- Up-to-date: /workspace/action_data_offset_ws/install/share/crb_ros_msg/cmake/crb_ros_msg__rosidl_typesupport_introspection_cExport.cmake\n'}
[1.797042] (crb_ros_msg) StdoutLine: {'line': b'-- Up-to-date: /workspace/action_data_offset_ws/install/share/crb_ros_msg/cmake/crb_ros_msg__rosidl_typesupport_introspection_cExport-release.cmake\n'}
[1.797093] (crb_ros_msg) StdoutLine: {'line': b'-- Up-to-date: /workspace/action_data_offset_ws/install/share/crb_ros_msg/cmake/crb_ros_msg__rosidl_typesupport_cExport.cmake\n'}
[1.797147] (crb_ros_msg) StdoutLine: {'line': b'-- Up-to-date: /workspace/action_data_offset_ws/install/share/crb_ros_msg/cmake/crb_ros_msg__rosidl_typesupport_cExport-release.cmake\n'}
[1.797195] (crb_ros_msg) StdoutLine: {'line': b'-- Up-to-date: /workspace/action_data_offset_ws/install/share/crb_ros_msg/cmake/export_crb_ros_msg__rosidl_generator_cppExport.cmake\n'}
[1.797245] (crb_ros_msg) StdoutLine: {'line': b'-- Up-to-date: /workspace/action_data_offset_ws/install/share/crb_ros_msg/cmake/export_crb_ros_msg__rosidl_typesupport_fastrtps_cppExport.cmake\n'}
[1.797310] (crb_ros_msg) StdoutLine: {'line': b'-- Up-to-date: /workspace/action_data_offset_ws/install/share/crb_ros_msg/cmake/export_crb_ros_msg__rosidl_typesupport_fastrtps_cppExport-release.cmake\n'}
[1.797363] (crb_ros_msg) StdoutLine: {'line': b'-- Up-to-date: /workspace/action_data_offset_ws/install/share/crb_ros_msg/cmake/crb_ros_msg__rosidl_typesupport_introspection_cppExport.cmake\n'}
[1.797414] (crb_ros_msg) StdoutLine: {'line': b'-- Up-to-date: /workspace/action_data_offset_ws/install/share/crb_ros_msg/cmake/crb_ros_msg__rosidl_typesupport_introspection_cppExport-release.cmake\n'}
[1.797463] (crb_ros_msg) StdoutLine: {'line': b'-- Up-to-date: /workspace/action_data_offset_ws/install/share/crb_ros_msg/cmake/crb_ros_msg__rosidl_typesupport_cppExport.cmake\n'}
[1.797513] (crb_ros_msg) StdoutLine: {'line': b'-- Up-to-date: /workspace/action_data_offset_ws/install/share/crb_ros_msg/cmake/crb_ros_msg__rosidl_typesupport_cppExport-release.cmake\n'}
[1.797564] (crb_ros_msg) StdoutLine: {'line': b'-- Up-to-date: /workspace/action_data_offset_ws/install/share/crb_ros_msg/cmake/export_crb_ros_msg__rosidl_generator_pyExport.cmake\n'}
[1.797615] (crb_ros_msg) StdoutLine: {'line': b'-- Up-to-date: /workspace/action_data_offset_ws/install/share/crb_ros_msg/cmake/export_crb_ros_msg__rosidl_generator_pyExport-release.cmake\n'}
[1.797667] (crb_ros_msg) StdoutLine: {'line': b'-- Up-to-date: /workspace/action_data_offset_ws/install/share/crb_ros_msg/cmake/rosidl_cmake-extras.cmake\n'}
[1.797716] (crb_ros_msg) StdoutLine: {'line': b'-- Up-to-date: /workspace/action_data_offset_ws/install/share/crb_ros_msg/cmake/ament_cmake_export_dependencies-extras.cmake\n'}
[1.797765] (crb_ros_msg) StdoutLine: {'line': b'-- Up-to-date: /workspace/action_data_offset_ws/install/share/crb_ros_msg/cmake/ament_cmake_export_include_directories-extras.cmake\n'}
[1.797814] (crb_ros_msg) StdoutLine: {'line': b'-- Up-to-date: /workspace/action_data_offset_ws/install/share/crb_ros_msg/cmake/ament_cmake_export_libraries-extras.cmake\n'}
[1.797863] (crb_ros_msg) StdoutLine: {'line': b'-- Up-to-date: /workspace/action_data_offset_ws/install/share/crb_ros_msg/cmake/ament_cmake_export_targets-extras.cmake\n'}
[1.797911] (crb_ros_msg) StdoutLine: {'line': b'-- Up-to-date: /workspace/action_data_offset_ws/install/share/crb_ros_msg/cmake/rosidl_cmake_export_typesupport_targets-extras.cmake\n'}
[1.797959] (crb_ros_msg) StdoutLine: {'line': b'-- Up-to-date: /workspace/action_data_offset_ws/install/share/crb_ros_msg/cmake/rosidl_cmake_export_typesupport_libraries-extras.cmake\n'}
[1.798010] (crb_ros_msg) StdoutLine: {'line': b'-- Up-to-date: /workspace/action_data_offset_ws/install/share/crb_ros_msg/cmake/crb_ros_msgConfig.cmake\n'}
[1.798059] (crb_ros_msg) StdoutLine: {'line': b'-- Up-to-date: /workspace/action_data_offset_ws/install/share/crb_ros_msg/cmake/crb_ros_msgConfig-version.cmake\n'}
[1.798106] (crb_ros_msg) StdoutLine: {'line': b'-- Up-to-date: /workspace/action_data_offset_ws/install/share/crb_ros_msg/package.xml\n'}
[1.798796] (crb_ros_msg) CommandEnded: {'returncode': 0}
[1.802448] (-) TimerEvent: {}
[1.818502] (crb_ros_msg) JobEnded: {'identifier': 'crb_ros_msg', 'rc': 0}
[1.819290] (casbot_arm_calibration_web) JobStarted: {'identifier': 'casbot_arm_calibration_web'}
[1.902560] (-) TimerEvent: {}
[2.002898] (-) TimerEvent: {}
[2.103205] (-) TimerEvent: {}
[2.203525] (-) TimerEvent: {}
[2.250828] (casbot_arm_calibration_web) Command: {'cmd': ['/usr/bin/python3', '-W', 'ignore:setup.py install is deprecated', '-W', 'ignore:easy_install command is deprecated', 'setup.py', 'egg_info', '--egg-base', '../../build_aarch64/casbot_arm_calibration_web', 'build', '--build-base', '/workspace/action_data_offset_ws/build/casbot_arm_calibration_web/build', 'install', '--record', '/workspace/action_data_offset_ws/build/casbot_arm_calibration_web/install.log', '--single-version-externally-managed', 'install_data'], 'cwd': '/workspace/action_data_offset_ws/src/casbot_arm_calibration_web', 'env': {'PYTHON_SOABI': 'cpython-310-aarch64-linux-gnu', 'ARCH': 'aarch64', 'HOSTNAME': 'aarch64_2204_0508_1407_17', 'SHLVL': '2', 'LD_LIBRARY_PATH': '/workspace/action_data_offset_ws/install/lib:/opt/rootfs_2204_aarch64/opt/ros/humble/opt/rviz_ogre_vendor/lib:/opt/rootfs_2204_aarch64/opt/ros/humble/lib/aarch64-linux-gnu:/opt/rootfs_2204_aarch64/opt/ros/humble/lib', 'HOME': '/home/casbot', 'OLDPWD': '/workspace/action_data_offset_ws', 'ROS_PYTHON_VERSION': '3', 'CROSS_FLAG': '-DCMAKE_CUSTOM_CROSS=ON -DCMAKE_TOOLCHAIN_FILE=/workspace/action_data_offset_ws/docker_env/environment/cmake-toolchains/generic_aarch64.cmake', 'project_environment_dir': '/workspace/action_data_offset_ws/docker_env/environment', 'ROS_DISTRO': 'humble', 'is_ubuntu_20_04': 'false', '_': '/usr/local/bin/colcon', 'ROS_VERSION': '2', 'is_orin': 'false', 'is_ubuntu_22_04': 'true', 'TERM': 'xterm', 'ROS_LOCALHOST_ONLY': '0', 'QT_X11_NO_MITSHM': '1', 'PATH': '/workspace/action_data_offset_ws/install/bin:/opt/rootfs_2204_aarch64/opt/ros/humble/bin:/usr/local/sbin:/usr/local/bin:/usr/sbin:/usr/bin:/sbin:/bin', 'is_pc': 'true', 'env_is_docker': '1', 'DISPLAY': ':1', 'LANG': 'en_US.UTF-8', 'AMENT_PREFIX_PATH': '/workspace/action_data_offset_ws/install:/opt/rootfs_2204_aarch64/opt/ros/humble', 'env_docker_aarch64': '1', 'PWD': '/workspace/action_data_offset_ws/build_aarch64/casbot_arm_calibration_web', 'env_docker_x86': '0', 'PYTHONPATH': '/workspace/action_data_offset_ws/build/casbot_arm_calibration_web/prefix_override:/usr/local/lib/python3.10/dist-packages/colcon_core/task/python/colcon_distutils_commands:/workspace/action_data_offset_ws/install/lib/python3.10/site-packages:/workspace/action_data_offset_ws/install/local/lib/python3.10/dist-packages:/workspace/action_data_offset_ws/install/lib/python3.10/site-packages:/opt/rootfs_2204_aarch64/opt/ros/humble/lib/python3.10/site-packages:/opt/rootfs_2204_aarch64/opt/ros/humble/local/lib/python3.10/dist-packages', 'SYSROOT': '/opt/rootfs_2204_aarch64/', 'TARGET_ARCH': 'aarch64', 'TZ': 'Asia/Shanghai', 'project_install_dir': '/workspace/action_data_offset_ws/install_aarch64', 'COLCON': '1', 'CMAKE_PREFIX_PATH': '/workspace/action_data_offset_ws/install'}, 'shell': False}
[2.303617] (-) TimerEvent: {}
[2.403914] (-) TimerEvent: {}
[2.419705] (casbot_arm_calibration_web) StdoutLine: {'line': b'running egg_info\n'}
[2.420086] (casbot_arm_calibration_web) StdoutLine: {'line': b'writing ../../build_aarch64/casbot_arm_calibration_web/casbot_arm_calibration_web.egg-info/PKG-INFO\n'}
[2.420277] (casbot_arm_calibration_web) StdoutLine: {'line': b'writing dependency_links to ../../build_aarch64/casbot_arm_calibration_web/casbot_arm_calibration_web.egg-info/dependency_links.txt\n'}
[2.420446] (casbot_arm_calibration_web) StdoutLine: {'line': b'writing entry points to ../../build_aarch64/casbot_arm_calibration_web/casbot_arm_calibration_web.egg-info/entry_points.txt\n'}
[2.420597] (casbot_arm_calibration_web) StdoutLine: {'line': b'writing requirements to ../../build_aarch64/casbot_arm_calibration_web/casbot_arm_calibration_web.egg-info/requires.txt\n'}
[2.420714] (casbot_arm_calibration_web) StdoutLine: {'line': b'writing top-level names to ../../build_aarch64/casbot_arm_calibration_web/casbot_arm_calibration_web.egg-info/top_level.txt\n'}
[2.422246] (casbot_arm_calibration_web) StdoutLine: {'line': b"reading manifest file '../../build_aarch64/casbot_arm_calibration_web/casbot_arm_calibration_web.egg-info/SOURCES.txt'\n"}
[2.423368] (casbot_arm_calibration_web) StdoutLine: {'line': b"writing manifest file '../../build_aarch64/casbot_arm_calibration_web/casbot_arm_calibration_web.egg-info/SOURCES.txt'\n"}
[2.423535] (casbot_arm_calibration_web) StdoutLine: {'line': b'running build\n'}
[2.423652] (casbot_arm_calibration_web) StdoutLine: {'line': b'running build_py\n'}
[2.423953] (casbot_arm_calibration_web) StdoutLine: {'line': b'copying casbot_arm_calibration_web/web_node.py -> /workspace/action_data_offset_ws/build/casbot_arm_calibration_web/build/lib/casbot_arm_calibration_web\n'}
[2.424609] (casbot_arm_calibration_web) StdoutLine: {'line': b'running install\n'}
[2.424840] (casbot_arm_calibration_web) StdoutLine: {'line': b'running install_lib\n'}
[2.425924] (casbot_arm_calibration_web) StdoutLine: {'line': b'copying /workspace/action_data_offset_ws/build/casbot_arm_calibration_web/build/lib/casbot_arm_calibration_web/web_node.py -> /workspace/action_data_offset_ws/install/lib/python3.10/site-packages/casbot_arm_calibration_web\n'}
[2.426635] (casbot_arm_calibration_web) StdoutLine: {'line': b'byte-compiling /workspace/action_data_offset_ws/install/lib/python3.10/site-packages/casbot_arm_calibration_web/web_node.py to web_node.cpython-310.pyc\n'}
[2.442973] (casbot_arm_calibration_web) StdoutLine: {'line': b'running install_data\n'}
[2.443679] (casbot_arm_calibration_web) StdoutLine: {'line': b'running install_egg_info\n'}
[2.445010] (casbot_arm_calibration_web) StdoutLine: {'line': b"removing '/workspace/action_data_offset_ws/install/lib/python3.10/site-packages/casbot_arm_calibration_web-0.1.0-py3.10.egg-info' (and everything under it)\n"}
[2.445234] (casbot_arm_calibration_web) StdoutLine: {'line': b'Copying ../../build_aarch64/casbot_arm_calibration_web/casbot_arm_calibration_web.egg-info to /workspace/action_data_offset_ws/install/lib/python3.10/site-packages/casbot_arm_calibration_web-0.1.0-py3.10.egg-info\n'}
[2.446328] (casbot_arm_calibration_web) StdoutLine: {'line': b'running install_scripts\n'}
[2.460120] (casbot_arm_calibration_web) StdoutLine: {'line': b'Installing arm_calibration_web script to /workspace/action_data_offset_ws/install/lib/casbot_arm_calibration_web\n'}
[2.460472] (casbot_arm_calibration_web) StdoutLine: {'line': b"writing list of installed files to '/workspace/action_data_offset_ws/build/casbot_arm_calibration_web/install.log'\n"}
[2.476391] (casbot_arm_calibration_web) CommandEnded: {'returncode': 0}
[2.491272] (casbot_arm_calibration_web) JobEnded: {'identifier': 'casbot_arm_calibration_web', 'rc': 0}
[2.491979] (-) EventReactorShutdown: {}
