[0.367s] Invoking command in '/workspace/action_data_offset_posture_ws/src/action_data_offset': PYTHONPATH=/workspace/action_data_offset_posture_ws/build/action_data_offset/prefix_override:/usr/local/lib/python3.10/dist-packages/colcon_core/task/python/colcon_distutils_commands:/workspace/action_data_offset_posture_ws/install/lib/python3.10/site-packages:${PYTHONPATH} /usr/bin/python3 -W ignore:setup.py install is deprecated -W ignore:easy_install command is deprecated setup.py egg_info --egg-base ../../build_aarch64/action_data_offset build --build-base /workspace/action_data_offset_posture_ws/build/action_data_offset/build install --record /workspace/action_data_offset_posture_ws/build/action_data_offset/install.log --single-version-externally-managed install_data
[0.505s] running egg_info
[0.505s] creating ../../build_aarch64/action_data_offset/action_data_offset.egg-info
[0.505s] writing ../../build_aarch64/action_data_offset/action_data_offset.egg-info/PKG-INFO
[0.505s] writing dependency_links to ../../build_aarch64/action_data_offset/action_data_offset.egg-info/dependency_links.txt
[0.506s] writing entry points to ../../build_aarch64/action_data_offset/action_data_offset.egg-info/entry_points.txt
[0.506s] writing requirements to ../../build_aarch64/action_data_offset/action_data_offset.egg-info/requires.txt
[0.506s] writing top-level names to ../../build_aarch64/action_data_offset/action_data_offset.egg-info/top_level.txt
[0.506s] writing manifest file '../../build_aarch64/action_data_offset/action_data_offset.egg-info/SOURCES.txt'
[0.508s] reading manifest file '../../build_aarch64/action_data_offset/action_data_offset.egg-info/SOURCES.txt'
[0.510s] writing manifest file '../../build_aarch64/action_data_offset/action_data_offset.egg-info/SOURCES.txt'
[0.510s] running build
[0.510s] running build_py
[0.510s] creating /workspace/action_data_offset_posture_ws/build/action_data_offset/build
[0.510s] creating /workspace/action_data_offset_posture_ws/build/action_data_offset/build/lib
[0.510s] copying action_data_paths.py -> /workspace/action_data_offset_posture_ws/build/action_data_offset/build/lib
[0.511s] copying arm_transform_common.py -> /workspace/action_data_offset_posture_ws/build/action_data_offset/build/lib
[0.511s] copying arm_pinocchio_kin.py -> /workspace/action_data_offset_posture_ws/build/action_data_offset/build/lib
[0.511s] copying arm_trajectory_transform.py -> /workspace/action_data_offset_posture_ws/build/action_data_offset/build/lib
[0.511s] copying arm_trajectory_transform_jacobian.py -> /workspace/action_data_offset_posture_ws/build/action_data_offset/build/lib
[0.511s] copying mujoco_trajectory_sim.py -> /workspace/action_data_offset_posture_ws/build/action_data_offset/build/lib
[0.511s] copying piano_key_audio.py -> /workspace/action_data_offset_posture_ws/build/action_data_offset/build/lib
[0.511s] running install
[0.511s] running install_lib
[0.511s] copying /workspace/action_data_offset_posture_ws/build/action_data_offset/build/lib/arm_transform_common.py -> /workspace/action_data_offset_posture_ws/install/lib/python3.10/site-packages
[0.511s] copying /workspace/action_data_offset_posture_ws/build/action_data_offset/build/lib/arm_pinocchio_kin.py -> /workspace/action_data_offset_posture_ws/install/lib/python3.10/site-packages
[0.512s] copying /workspace/action_data_offset_posture_ws/build/action_data_offset/build/lib/action_data_paths.py -> /workspace/action_data_offset_posture_ws/install/lib/python3.10/site-packages
[0.512s] copying /workspace/action_data_offset_posture_ws/build/action_data_offset/build/lib/arm_trajectory_transform_jacobian.py -> /workspace/action_data_offset_posture_ws/install/lib/python3.10/site-packages
[0.512s] copying /workspace/action_data_offset_posture_ws/build/action_data_offset/build/lib/arm_trajectory_transform.py -> /workspace/action_data_offset_posture_ws/install/lib/python3.10/site-packages
[0.512s] copying /workspace/action_data_offset_posture_ws/build/action_data_offset/build/lib/piano_key_audio.py -> /workspace/action_data_offset_posture_ws/install/lib/python3.10/site-packages
[0.512s] copying /workspace/action_data_offset_posture_ws/build/action_data_offset/build/lib/mujoco_trajectory_sim.py -> /workspace/action_data_offset_posture_ws/install/lib/python3.10/site-packages
[0.512s] byte-compiling /workspace/action_data_offset_posture_ws/install/lib/python3.10/site-packages/arm_transform_common.py to arm_transform_common.cpython-310.pyc
[0.514s] byte-compiling /workspace/action_data_offset_posture_ws/install/lib/python3.10/site-packages/arm_pinocchio_kin.py to arm_pinocchio_kin.cpython-310.pyc
[0.515s] byte-compiling /workspace/action_data_offset_posture_ws/install/lib/python3.10/site-packages/action_data_paths.py to action_data_paths.cpython-310.pyc
[0.516s] byte-compiling /workspace/action_data_offset_posture_ws/install/lib/python3.10/site-packages/arm_trajectory_transform_jacobian.py to arm_trajectory_transform_jacobian.cpython-310.pyc
[0.517s] byte-compiling /workspace/action_data_offset_posture_ws/install/lib/python3.10/site-packages/arm_trajectory_transform.py to arm_trajectory_transform.cpython-310.pyc
[0.518s] byte-compiling /workspace/action_data_offset_posture_ws/install/lib/python3.10/site-packages/piano_key_audio.py to piano_key_audio.cpython-310.pyc
[0.520s] byte-compiling /workspace/action_data_offset_posture_ws/install/lib/python3.10/site-packages/mujoco_trajectory_sim.py to mujoco_trajectory_sim.cpython-310.pyc
[0.521s] running install_data
[0.521s] creating /workspace/action_data_offset_posture_ws/install/share/ament_index
[0.522s] creating /workspace/action_data_offset_posture_ws/install/share/ament_index/resource_index
[0.522s] creating /workspace/action_data_offset_posture_ws/install/share/ament_index/resource_index/packages
[0.522s] copying resource/action_data_offset -> /workspace/action_data_offset_posture_ws/install/share/ament_index/resource_index/packages
[0.522s] copying package.xml -> /workspace/action_data_offset_posture_ws/install/share/action_data_offset
[0.522s] creating /workspace/action_data_offset_posture_ws/install/share/action_data_offset/doc
[0.522s] copying /workspace/action_data_offset_posture_ws/src/action_data_offset/使用教程.md -> /workspace/action_data_offset_posture_ws/install/share/action_data_offset/doc
[0.522s] creating /workspace/action_data_offset_posture_ws/install/share/action_data_offset/data
[0.522s] copying /workspace/action_data_offset_posture_ws/src/action_data_offset/data/DZQ_GuangHuiSuiYue_20260411_18_02_100HZ_offset_new_mm.data -> /workspace/action_data_offset_posture_ws/install/share/action_data_offset/data
[0.527s] copying /workspace/action_data_offset_posture_ws/src/action_data_offset/data/光辉岁月-20260413_offset.csv -> /workspace/action_data_offset_posture_ws/install/share/action_data_offset/data
[0.530s] copying /workspace/action_data_offset_posture_ws/src/action_data_offset/data/DZQ_PianYi_100HZ_transform2.data -> /workspace/action_data_offset_posture_ws/install/share/action_data_offset/data
[0.531s] copying /workspace/action_data_offset_posture_ws/src/action_data_offset/data/DZQ_GuangHuiSuiYue_20260411_18_02_100HZ_offset_right.data -> /workspace/action_data_offset_posture_ws/install/share/action_data_offset/data
[0.536s] copying /workspace/action_data_offset_posture_ws/src/action_data_offset/data/DZQ_PianYi_100HZ.data -> /workspace/action_data_offset_posture_ws/install/share/action_data_offset/data
[0.537s] copying /workspace/action_data_offset_posture_ws/src/action_data_offset/data/BS_GuangHuiSuiYue_20260418_17_41_100HZ_full_offset.csv -> /workspace/action_data_offset_posture_ws/install/share/action_data_offset/data
[0.549s] copying /workspace/action_data_offset_posture_ws/src/action_data_offset/data/DZQ_PianYi_100HZ_transform_jacobian2.data -> /workspace/action_data_offset_posture_ws/install/share/action_data_offset/data
[0.550s] copying /workspace/action_data_offset_posture_ws/src/action_data_offset/data/DZQ_GuangHuiSuiYue_20260411_18_02_100HZ_offset_new.data -> /workspace/action_data_offset_posture_ws/install/share/action_data_offset/data
[0.554s] copying /workspace/action_data_offset_posture_ws/src/action_data_offset/data/DZQ_GuangHuiSuiYue_20260411_18_02_100HZ_offset_left_mm.data -> /workspace/action_data_offset_posture_ws/install/share/action_data_offset/data
[0.564s] copying /workspace/action_data_offset_posture_ws/src/action_data_offset/data/DZQ_YiShengYouNi_100HZ_offset2.data -> /workspace/action_data_offset_posture_ws/install/share/action_data_offset/data
[0.565s] copying /workspace/action_data_offset_posture_ws/src/action_data_offset/data/DZQ_GuangHuiSuiYue_20260411_18_02_100HZ_offset.data -> /workspace/action_data_offset_posture_ws/install/share/action_data_offset/data
[0.570s] copying /workspace/action_data_offset_posture_ws/src/action_data_offset/data/光辉岁月-20260413.csv -> /workspace/action_data_offset_posture_ws/install/share/action_data_offset/data
[0.573s] copying /workspace/action_data_offset_posture_ws/src/action_data_offset/data/表头.data -> /workspace/action_data_offset_posture_ws/install/share/action_data_offset/data
[0.573s] copying /workspace/action_data_offset_posture_ws/src/action_data_offset/data/DZQ_PianYi_100HZ_transform.data -> /workspace/action_data_offset_posture_ws/install/share/action_data_offset/data
[0.574s] copying /workspace/action_data_offset_posture_ws/src/action_data_offset/data/DZQ_GuangHuiSuiYue_20260411_18_02_100HZ.data -> /workspace/action_data_offset_posture_ws/install/share/action_data_offset/data
[0.581s] copying /workspace/action_data_offset_posture_ws/src/action_data_offset/data/DZQ_GuangHuiSuiYue_20260411_18_02_100HZ_offset1.data -> /workspace/action_data_offset_posture_ws/install/share/action_data_offset/data
[0.586s] copying /workspace/action_data_offset_posture_ws/src/action_data_offset/data/DZQ_YiShengYouNi_100HZ.data -> /workspace/action_data_offset_posture_ws/install/share/action_data_offset/data
[0.587s] copying /workspace/action_data_offset_posture_ws/src/action_data_offset/data/DZQ_GuangHuiSuiYue_20260411_18_02_100HZ_offset_left_mm2.data -> /workspace/action_data_offset_posture_ws/install/share/action_data_offset/data
[0.592s] copying /workspace/action_data_offset_posture_ws/src/action_data_offset/data/DZQ_GuangHuiSuiYue_20260411_18_02_100HZ_offset_left.data -> /workspace/action_data_offset_posture_ws/install/share/action_data_offset/data
[0.596s] copying /workspace/action_data_offset_posture_ws/src/action_data_offset/data/BS_GuangHuiSuiYue_20260418_17_41_100HZ_full_offset2.csv -> /workspace/action_data_offset_posture_ws/install/share/action_data_offset/data
[0.609s] copying /workspace/action_data_offset_posture_ws/src/action_data_offset/data/DZQ_GuangHuiSuiYue_20260411_18_02_100HZ_offset_offset.data -> /workspace/action_data_offset_posture_ws/install/share/action_data_offset/data
[0.613s] copying /workspace/action_data_offset_posture_ws/src/action_data_offset/data/DZQ_GuangHuiSuiYue_20260411_18_02_100HZ_offset_46.data -> /workspace/action_data_offset_posture_ws/install/share/action_data_offset/data
[0.622s] copying /workspace/action_data_offset_posture_ws/src/action_data_offset/data/BS_GuangHuiSuiYue_20260418_17_41_100HZ_full.csv -> /workspace/action_data_offset_posture_ws/install/share/action_data_offset/data
[0.639s] copying /workspace/action_data_offset_posture_ws/src/action_data_offset/data/DZQ_YiShengYouNi_100HZ_offset1.data -> /workspace/action_data_offset_posture_ws/install/share/action_data_offset/data
[0.640s] copying /workspace/action_data_offset_posture_ws/src/action_data_offset/data/DZQ_PianYi_100HZ_transform_jacobian.data -> /workspace/action_data_offset_posture_ws/install/share/action_data_offset/data
[0.641s] creating /workspace/action_data_offset_posture_ws/install/share/action_data_offset/data/bass
[0.641s] copying /workspace/action_data_offset_posture_ws/src/action_data_offset/data/bass/glory-bass1_0_20260418_151400.csv -> /workspace/action_data_offset_posture_ws/install/share/action_data_offset/data/bass
[0.643s] copying /workspace/action_data_offset_posture_ws/src/action_data_offset/data/bass/glory-bass1.txt -> /workspace/action_data_offset_posture_ws/install/share/action_data_offset/data/bass
[0.644s] copying /workspace/action_data_offset_posture_ws/src/action_data_offset/data/bass/glory-bass1_1_20260418_151400.csv -> /workspace/action_data_offset_posture_ws/install/share/action_data_offset/data/bass
[0.646s] copying /workspace/action_data_offset_posture_ws/src/action_data_offset/data/bass/glory-bass1_0_20260418_151400_all_offset.csv -> /workspace/action_data_offset_posture_ws/install/share/action_data_offset/data/bass
[0.649s] copying /workspace/action_data_offset_posture_ws/src/action_data_offset/data/bass/glory-bass1_2_20260418_151400.csv -> /workspace/action_data_offset_posture_ws/install/share/action_data_offset/data/bass
[0.650s] copying /workspace/action_data_offset_posture_ws/src/action_data_offset/data/bass/glory-bass1_0_20260418_151400_all.csv -> /workspace/action_data_offset_posture_ws/install/share/action_data_offset/data/bass
[0.655s] creating /workspace/action_data_offset_posture_ws/install/share/action_data_offset/urdf
[0.655s] copying /workspace/action_data_offset_posture_ws/src/action_data_offset/urdf/CASBOT02_ENCOS_7dof_shell_20251015_P1L.urdf -> /workspace/action_data_offset_posture_ws/install/share/action_data_offset/urdf
[0.655s] creating /workspace/action_data_offset_posture_ws/install/share/action_data_offset/urdf/meshes
[0.655s] copying /workspace/action_data_offset_posture_ws/src/action_data_offset/urdf/meshes/left_index_mcp_link5.STL -> /workspace/action_data_offset_posture_ws/install/share/action_data_offset/urdf/meshes
[0.656s] copying /workspace/action_data_offset_posture_ws/src/action_data_offset/urdf/meshes/right_thumb_tip_link.STL -> /workspace/action_data_offset_posture_ws/install/share/action_data_offset/urdf/meshes
[0.657s] copying /workspace/action_data_offset_posture_ws/src/action_data_offset/urdf/meshes/right_index_dip_link6.STL -> /workspace/action_data_offset_posture_ws/install/share/action_data_offset/urdf/meshes
[0.658s] copying /workspace/action_data_offset_posture_ws/src/action_data_offset/urdf/meshes/left_shoulder_roll_link.STL -> /workspace/action_data_offset_posture_ws/install/share/action_data_offset/urdf/meshes
[0.659s] copying /workspace/action_data_offset_posture_ws/src/action_data_offset/urdf/meshes/right_leg_pelvic_roll_link.STL -> /workspace/action_data_offset_posture_ws/install/share/action_data_offset/urdf/meshes
[0.661s] copying /workspace/action_data_offset_posture_ws/src/action_data_offset/urdf/meshes/left_pinky_dip_link.STL -> /workspace/action_data_offset_posture_ws/install/share/action_data_offset/urdf/meshes
[0.662s] copying /workspace/action_data_offset_posture_ws/src/action_data_offset/urdf/meshes/left_thumb_dip_link4.STL -> /workspace/action_data_offset_posture_ws/install/share/action_data_offset/urdf/meshes
[0.662s] copying /workspace/action_data_offset_posture_ws/src/action_data_offset/urdf/meshes/right_thumb_mcp_roll_link.STL -> /workspace/action_data_offset_posture_ws/install/share/action_data_offset/urdf/meshes
[0.664s] copying /workspace/action_data_offset_posture_ws/src/action_data_offset/urdf/meshes/right_index_mcp_link.STL -> /workspace/action_data_offset_posture_ws/install/share/action_data_offset/urdf/meshes
[0.665s] copying /workspace/action_data_offset_posture_ws/src/action_data_offset/urdf/meshes/left_palm_base_link1.STL -> /workspace/action_data_offset_posture_ws/install/share/action_data_offset/urdf/meshes
[0.668s] copying /workspace/action_data_offset_posture_ws/src/action_data_offset/urdf/meshes/right_elbow_pitch_link.STL -> /workspace/action_data_offset_posture_ws/install/share/action_data_offset/urdf/meshes
[0.669s] copying /workspace/action_data_offset_posture_ws/src/action_data_offset/urdf/meshes/right_thumb_distal_link.STL -> /workspace/action_data_offset_posture_ws/install/share/action_data_offset/urdf/meshes
[0.670s] copying /workspace/action_data_offset_posture_ws/src/action_data_offset/urdf/meshes/right_thumb_proximal_link.STL -> /workspace/action_data_offset_posture_ws/install/share/action_data_offset/urdf/meshes
[0.672s] copying /workspace/action_data_offset_posture_ws/src/action_data_offset/urdf/meshes/right_thumb_metacarpal_link.STL -> /workspace/action_data_offset_posture_ws/install/share/action_data_offset/urdf/meshes
[0.672s] copying /workspace/action_data_offset_posture_ws/src/action_data_offset/urdf/meshes/left_palm_base_link.STL -> /workspace/action_data_offset_posture_ws/install/share/action_data_offset/urdf/meshes
[0.675s] copying /workspace/action_data_offset_posture_ws/src/action_data_offset/urdf/meshes/right_pinky_mcp_link11.STL -> /workspace/action_data_offset_posture_ws/install/share/action_data_offset/urdf/meshes
[0.676s] copying /workspace/action_data_offset_posture_ws/src/action_data_offset/urdf/meshes/left_wrist_yaw_link.STL -> /workspace/action_data_offset_posture_ws/install/share/action_data_offset/urdf/meshes
[0.678s] copying /workspace/action_data_offset_posture_ws/src/action_data_offset/urdf/meshes/left_index_mcp_link.STL -> /workspace/action_data_offset_posture_ws/install/share/action_data_offset/urdf/meshes
[0.680s] copying /workspace/action_data_offset_posture_ws/src/action_data_offset/urdf/meshes/right_leg_pelvic_yaw_link.STL -> /workspace/action_data_offset_posture_ws/install/share/action_data_offset/urdf/meshes
[0.683s] copying /workspace/action_data_offset_posture_ws/src/action_data_offset/urdf/meshes/left_index_dip_link.STL -> /workspace/action_data_offset_posture_ws/install/share/action_data_offset/urdf/meshes
[0.684s] copying /workspace/action_data_offset_posture_ws/src/action_data_offset/urdf/meshes/left_leg_ankle_roll_link.STL -> /workspace/action_data_offset_posture_ws/install/share/action_data_offset/urdf/meshes
[0.686s] copying /workspace/action_data_offset_posture_ws/src/action_data_offset/urdf/meshes/left_pinky_mcp_link.STL -> /workspace/action_data_offset_posture_ws/install/share/action_data_offset/urdf/meshes
[0.687s] copying /workspace/action_data_offset_posture_ws/src/action_data_offset/urdf/meshes/left_thumb_mcp_roll_link.STL -> /workspace/action_data_offset_posture_ws/install/share/action_data_offset/urdf/meshes
[0.688s] copying /workspace/action_data_offset_posture_ws/src/action_data_offset/urdf/meshes/left_middle_dip_link.STL -> /workspace/action_data_offset_posture_ws/install/share/action_data_offset/urdf/meshes
[0.689s] copying /workspace/action_data_offset_posture_ws/src/action_data_offset/urdf/meshes/right_pinky_tip_link.STL -> /workspace/action_data_offset_posture_ws/install/share/action_data_offset/urdf/meshes
[0.690s] copying /workspace/action_data_offset_posture_ws/src/action_data_offset/urdf/meshes/right_middle_mcp_link.STL -> /workspace/action_data_offset_posture_ws/install/share/action_data_offset/urdf/meshes
[0.691s] copying /workspace/action_data_offset_posture_ws/src/action_data_offset/urdf/meshes/right_ring_mcp_link.STL -> /workspace/action_data_offset_posture_ws/install/share/action_data_offset/urdf/meshes
[0.692s] copying /workspace/action_data_offset_posture_ws/src/action_data_offset/urdf/meshes/right_thumb_mcp_roll_link2.STL -> /workspace/action_data_offset_posture_ws/install/share/action_data_offset/urdf/meshes
[0.693s] copying /workspace/action_data_offset_posture_ws/src/action_data_offset/urdf/meshes/left_ring_dip_link10.STL -> /workspace/action_data_offset_posture_ws/install/share/action_data_offset/urdf/meshes
[0.695s] copying /workspace/action_data_offset_posture_ws/src/action_data_offset/urdf/meshes/base_link.STL -> /workspace/action_data_offset_posture_ws/install/share/action_data_offset/urdf/meshes
[0.699s] copying /workspace/action_data_offset_posture_ws/src/action_data_offset/urdf/meshes/right_thumb_dip_link4.STL -> /workspace/action_data_offset_posture_ws/install/share/action_data_offset/urdf/meshes
[0.701s] copying /workspace/action_data_offset_posture_ws/src/action_data_offset/urdf/meshes/right_middle_tip_link.STL -> /workspace/action_data_offset_posture_ws/install/share/action_data_offset/urdf/meshes
[0.701s] copying /workspace/action_data_offset_posture_ws/src/action_data_offset/urdf/meshes/right_fake_hand_link.STL -> /workspace/action_data_offset_posture_ws/install/share/action_data_offset/urdf/meshes
[0.704s] copying /workspace/action_data_offset_posture_ws/src/action_data_offset/urdf/meshes/left_middle_mcp_link.STL -> /workspace/action_data_offset_posture_ws/install/share/action_data_offset/urdf/meshes
[0.705s] copying /workspace/action_data_offset_posture_ws/src/action_data_offset/urdf/meshes/right_base_link.STL -> /workspace/action_data_offset_posture_ws/install/share/action_data_offset/urdf/meshes
[0.708s] copying /workspace/action_data_offset_posture_ws/src/action_data_offset/urdf/meshes/right_thumb_mcp_pitch_link3.STL -> /workspace/action_data_offset_posture_ws/install/share/action_data_offset/urdf/meshes
[0.710s] copying /workspace/action_data_offset_posture_ws/src/action_data_offset/urdf/meshes/left_ring_tip_link.STL -> /workspace/action_data_offset_posture_ws/install/share/action_data_offset/urdf/meshes
[0.710s] copying /workspace/action_data_offset_posture_ws/src/action_data_offset/urdf/meshes/left_pinky_tip_link.STL -> /workspace/action_data_offset_posture_ws/install/share/action_data_offset/urdf/meshes
[0.711s] copying /workspace/action_data_offset_posture_ws/src/action_data_offset/urdf/meshes/right_middle_mcp_link7.STL -> /workspace/action_data_offset_posture_ws/install/share/action_data_offset/urdf/meshes
[0.712s] copying /workspace/action_data_offset_posture_ws/src/action_data_offset/urdf/meshes/right_middle_dip_link8.STL -> /workspace/action_data_offset_posture_ws/install/share/action_data_offset/urdf/meshes
[0.713s] copying /workspace/action_data_offset_posture_ws/src/action_data_offset/urdf/meshes/right_leg_ankle_roll_link.STL -> /workspace/action_data_offset_posture_ws/install/share/action_data_offset/urdf/meshes
[0.715s] copying /workspace/action_data_offset_posture_ws/src/action_data_offset/urdf/meshes/right_wrist_pitch_link.STL -> /workspace/action_data_offset_posture_ws/install/share/action_data_offset/urdf/meshes
[0.716s] copying /workspace/action_data_offset_posture_ws/src/action_data_offset/urdf/meshes/base_link_collision.STL -> /workspace/action_data_offset_posture_ws/install/share/action_data_offset/urdf/meshes
[0.721s] copying /workspace/action_data_offset_posture_ws/src/action_data_offset/urdf/meshes/right_leg_knee_pitch_link.STL -> /workspace/action_data_offset_posture_ws/install/share/action_data_offset/urdf/meshes
[0.723s] copying /workspace/action_data_offset_posture_ws/src/action_data_offset/urdf/meshes/left_pinky_mcp_link11.STL -> /workspace/action_data_offset_posture_ws/install/share/action_data_offset/urdf/meshes
[0.724s] copying /workspace/action_data_offset_posture_ws/src/action_data_offset/urdf/meshes/left_thumb_mcp_pitch_link.STL -> /workspace/action_data_offset_posture_ws/install/share/action_data_offset/urdf/meshes
[0.725s] copying /workspace/action_data_offset_posture_ws/src/action_data_offset/urdf/meshes/right_ring_dip_link10.STL -> /workspace/action_data_offset_posture_ws/install/share/action_data_offset/urdf/meshes
[0.726s] copying /workspace/action_data_offset_posture_ws/src/action_data_offset/urdf/meshes/right_ring_mcp_link9.STL -> /workspace/action_data_offset_posture_ws/install/share/action_data_offset/urdf/meshes
[0.727s] copying /workspace/action_data_offset_posture_ws/src/action_data_offset/urdf/meshes/left_middle_mcp_link7.STL -> /workspace/action_data_offset_posture_ws/install/share/action_data_offset/urdf/meshes
[0.729s] copying /workspace/action_data_offset_posture_ws/src/action_data_offset/urdf/meshes/right_leg_pelvic_pitch_link.STL -> /workspace/action_data_offset_posture_ws/install/share/action_data_offset/urdf/meshes
[0.730s] copying /workspace/action_data_offset_posture_ws/src/action_data_offset/urdf/meshes/left_middle_tip_link.STL -> /workspace/action_data_offset_posture_ws/install/share/action_data_offset/urdf/meshes
[0.730s] copying /workspace/action_data_offset_posture_ws/src/action_data_offset/urdf/meshes/left_middle_dip_link8.STL -> /workspace/action_data_offset_posture_ws/install/share/action_data_offset/urdf/meshes
[0.732s] copying /workspace/action_data_offset_posture_ws/src/action_data_offset/urdf/meshes/left_base_link.STL -> /workspace/action_data_offset_posture_ws/install/share/action_data_offset/urdf/meshes
[0.735s] copying /workspace/action_data_offset_posture_ws/src/action_data_offset/urdf/meshes/right_wrist_roll_link.STL -> /workspace/action_data_offset_posture_ws/install/share/action_data_offset/urdf/meshes
[0.737s] copying /workspace/action_data_offset_posture_ws/src/action_data_offset/urdf/meshes/right_palm_base_link.STL -> /workspace/action_data_offset_posture_ws/install/share/action_data_offset/urdf/meshes
[0.739s] copying /workspace/action_data_offset_posture_ws/src/action_data_offset/urdf/meshes/left_shoulder_yaw_link.STL -> /workspace/action_data_offset_posture_ws/install/share/action_data_offset/urdf/meshes
[0.740s] copying /workspace/action_data_offset_posture_ws/src/action_data_offset/urdf/meshes/right_thumb_dip_link.STL -> /workspace/action_data_offset_posture_ws/install/share/action_data_offset/urdf/meshes
[0.742s] copying /workspace/action_data_offset_posture_ws/src/action_data_offset/urdf/meshes/waist_yaw_link.STL -> /workspace/action_data_offset_posture_ws/install/share/action_data_offset/urdf/meshes
[0.745s] copying /workspace/action_data_offset_posture_ws/src/action_data_offset/urdf/meshes/right_index_tip_link.STL -> /workspace/action_data_offset_posture_ws/install/share/action_data_offset/urdf/meshes
[0.746s] copying /workspace/action_data_offset_posture_ws/src/action_data_offset/urdf/meshes/left_ring_dip_link.STL -> /workspace/action_data_offset_posture_ws/install/share/action_data_offset/urdf/meshes
[0.747s] copying /workspace/action_data_offset_posture_ws/src/action_data_offset/urdf/meshes/right_palm_base_link1.STL -> /workspace/action_data_offset_posture_ws/install/share/action_data_offset/urdf/meshes
[0.749s] copying /workspace/action_data_offset_posture_ws/src/action_data_offset/urdf/meshes/right_index_dip_link.STL -> /workspace/action_data_offset_posture_ws/install/share/action_data_offset/urdf/meshes
[0.750s] copying /workspace/action_data_offset_posture_ws/src/action_data_offset/urdf/meshes/left_elbow_pitch_link.STL -> /workspace/action_data_offset_posture_ws/install/share/action_data_offset/urdf/meshes
[0.752s] copying /workspace/action_data_offset_posture_ws/src/action_data_offset/urdf/meshes/head_yaw_link.STL -> /workspace/action_data_offset_posture_ws/install/share/action_data_offset/urdf/meshes
[0.755s] copying /workspace/action_data_offset_posture_ws/src/action_data_offset/urdf/meshes/right_shoulder_pitch_link.STL -> /workspace/action_data_offset_posture_ws/install/share/action_data_offset/urdf/meshes
[0.757s] copying /workspace/action_data_offset_posture_ws/src/action_data_offset/urdf/meshes/left_thumb_mcp_roll_link2.STL -> /workspace/action_data_offset_posture_ws/install/share/action_data_offset/urdf/meshes
[0.758s] copying /workspace/action_data_offset_posture_ws/src/action_data_offset/urdf/meshes/right_pinky_dip_link.STL -> /workspace/action_data_offset_posture_ws/install/share/action_data_offset/urdf/meshes
[0.759s] copying /workspace/action_data_offset_posture_ws/src/action_data_offset/urdf/meshes/right_ring_dip_link.STL -> /workspace/action_data_offset_posture_ws/install/share/action_data_offset/urdf/meshes
[0.761s] copying /workspace/action_data_offset_posture_ws/src/action_data_offset/urdf/meshes/head_pitch_link.STL -> /workspace/action_data_offset_posture_ws/install/share/action_data_offset/urdf/meshes
[0.764s] copying /workspace/action_data_offset_posture_ws/src/action_data_offset/urdf/meshes/left_index_dip_link6.STL -> /workspace/action_data_offset_posture_ws/install/share/action_data_offset/urdf/meshes
[0.766s] copying /workspace/action_data_offset_posture_ws/src/action_data_offset/urdf/meshes/left_ring_mcp_link.STL -> /workspace/action_data_offset_posture_ws/install/share/action_data_offset/urdf/meshes
[0.767s] copying /workspace/action_data_offset_posture_ws/src/action_data_offset/urdf/meshes/right_ring_tip_link.STL -> /workspace/action_data_offset_posture_ws/install/share/action_data_offset/urdf/meshes
[0.768s] copying /workspace/action_data_offset_posture_ws/src/action_data_offset/urdf/meshes/right_shoulder_yaw_link.STL -> /workspace/action_data_offset_posture_ws/install/share/action_data_offset/urdf/meshes
[0.769s] copying /workspace/action_data_offset_posture_ws/src/action_data_offset/urdf/meshes/left_index_tip_link.STL -> /workspace/action_data_offset_posture_ws/install/share/action_data_offset/urdf/meshes
[0.770s] copying /workspace/action_data_offset_posture_ws/src/action_data_offset/urdf/meshes/right_index_mcp_link5.STL -> /workspace/action_data_offset_posture_ws/install/share/action_data_offset/urdf/meshes
[0.771s] copying /workspace/action_data_offset_posture_ws/src/action_data_offset/urdf/meshes/left_ring_mcp_link9.STL -> /workspace/action_data_offset_posture_ws/install/share/action_data_offset/urdf/meshes
[0.772s] copying /workspace/action_data_offset_posture_ws/src/action_data_offset/urdf/meshes/left_wrist_roll_link.STL -> /workspace/action_data_offset_posture_ws/install/share/action_data_offset/urdf/meshes
[0.773s] copying /workspace/action_data_offset_posture_ws/src/action_data_offset/urdf/meshes/left_wrist_pitch_link.STL -> /workspace/action_data_offset_posture_ws/install/share/action_data_offset/urdf/meshes
[0.775s] copying /workspace/action_data_offset_posture_ws/src/action_data_offset/urdf/meshes/right_shoulder_roll_link.STL -> /workspace/action_data_offset_posture_ws/install/share/action_data_offset/urdf/meshes
[0.776s] copying /workspace/action_data_offset_posture_ws/src/action_data_offset/urdf/meshes/left_pinky_dip_link12.STL -> /workspace/action_data_offset_posture_ws/install/share/action_data_offset/urdf/meshes
[0.777s] copying /workspace/action_data_offset_posture_ws/src/action_data_offset/urdf/meshes/right_thumb_mcp_pitch_link.STL -> /workspace/action_data_offset_posture_ws/install/share/action_data_offset/urdf/meshes
[0.778s] copying /workspace/action_data_offset_posture_ws/src/action_data_offset/urdf/meshes/left_leg_ankle_pitch_link.STL -> /workspace/action_data_offset_posture_ws/install/share/action_data_offset/urdf/meshes
[0.779s] copying /workspace/action_data_offset_posture_ws/src/action_data_offset/urdf/meshes/right_middle_dip_link.STL -> /workspace/action_data_offset_posture_ws/install/share/action_data_offset/urdf/meshes
[0.780s] copying /workspace/action_data_offset_posture_ws/src/action_data_offset/urdf/meshes/right_leg_ankle_pitch_link.STL -> /workspace/action_data_offset_posture_ws/install/share/action_data_offset/urdf/meshes
[0.781s] copying /workspace/action_data_offset_posture_ws/src/action_data_offset/urdf/meshes/waist_yaw_link_bass.STL -> /workspace/action_data_offset_posture_ws/install/share/action_data_offset/urdf/meshes
[0.785s] copying /workspace/action_data_offset_posture_ws/src/action_data_offset/urdf/meshes/left_leg_pelvic_pitch_link.STL -> /workspace/action_data_offset_posture_ws/install/share/action_data_offset/urdf/meshes
[0.787s] copying /workspace/action_data_offset_posture_ws/src/action_data_offset/urdf/meshes/right_pinky_mcp_link.STL -> /workspace/action_data_offset_posture_ws/install/share/action_data_offset/urdf/meshes
[0.788s] copying /workspace/action_data_offset_posture_ws/src/action_data_offset/urdf/meshes/left_thumb_mcp_pitch_link3.STL -> /workspace/action_data_offset_posture_ws/install/share/action_data_offset/urdf/meshes
[0.789s] copying /workspace/action_data_offset_posture_ws/src/action_data_offset/urdf/meshes/left_leg_pelvic_roll_link.STL -> /workspace/action_data_offset_posture_ws/install/share/action_data_offset/urdf/meshes
[0.790s] copying /workspace/action_data_offset_posture_ws/src/action_data_offset/urdf/meshes/waist_yaw_link_guitar.STL -> /workspace/action_data_offset_posture_ws/install/share/action_data_offset/urdf/meshes
[0.794s] copying /workspace/action_data_offset_posture_ws/src/action_data_offset/urdf/meshes/left_thumb_tip_link.STL -> /workspace/action_data_offset_posture_ws/install/share/action_data_offset/urdf/meshes
[0.794s] copying /workspace/action_data_offset_posture_ws/src/action_data_offset/urdf/meshes/left_leg_pelvic_yaw_link.STL -> /workspace/action_data_offset_posture_ws/install/share/action_data_offset/urdf/meshes
[0.797s] copying /workspace/action_data_offset_posture_ws/src/action_data_offset/urdf/meshes/left_thumb_dip_link.STL -> /workspace/action_data_offset_posture_ws/install/share/action_data_offset/urdf/meshes
[0.798s] copying /workspace/action_data_offset_posture_ws/src/action_data_offset/urdf/meshes/right_wrist_yaw_link.STL -> /workspace/action_data_offset_posture_ws/install/share/action_data_offset/urdf/meshes
[0.801s] copying /workspace/action_data_offset_posture_ws/src/action_data_offset/urdf/meshes/right_pinky_dip_link12.STL -> /workspace/action_data_offset_posture_ws/install/share/action_data_offset/urdf/meshes
[0.802s] copying /workspace/action_data_offset_posture_ws/src/action_data_offset/urdf/meshes/left_shoulder_pitch_link.STL -> /workspace/action_data_offset_posture_ws/install/share/action_data_offset/urdf/meshes
[0.803s] copying /workspace/action_data_offset_posture_ws/src/action_data_offset/urdf/meshes/left_leg_knee_pitch_link.STL -> /workspace/action_data_offset_posture_ws/install/share/action_data_offset/urdf/meshes
[0.805s] creating /workspace/action_data_offset_posture_ws/install/share/action_data_offset/urdf/xml
[0.805s] copying /workspace/action_data_offset_posture_ws/src/action_data_offset/urdf/xml/CASBOT02_ENCOS_7dof_shell_20251015_P1L.xml -> /workspace/action_data_offset_posture_ws/install/share/action_data_offset/urdf/xml
[0.806s] copying /workspace/action_data_offset_posture_ws/src/action_data_offset/urdf/xml/CASBOT02_ENCOS_7dof_shell_20251015_P1L_keyboard.xml -> /workspace/action_data_offset_posture_ws/install/share/action_data_offset/urdf/xml
[0.806s] copying /workspace/action_data_offset_posture_ws/src/action_data_offset/urdf/xml/CASBOT02_ENCOS_7dof_shell_20251015_P1L_bass.xml -> /workspace/action_data_offset_posture_ws/install/share/action_data_offset/urdf/xml
[0.806s] copying /workspace/action_data_offset_posture_ws/src/action_data_offset/urdf/xml/CASBOT02_ENCOS_7dof_shell_20251015_P1L_guitar.xml -> /workspace/action_data_offset_posture_ws/install/share/action_data_offset/urdf/xml
[0.807s] copying /workspace/action_data_offset_posture_ws/src/action_data_offset/urdf/xml/CASBOT02_bass_sim.xml -> /workspace/action_data_offset_posture_ws/install/share/action_data_offset/urdf/xml
[0.807s] creating /workspace/action_data_offset_posture_ws/install/share/action_data_offset/examples
[0.807s] copying /workspace/action_data_offset_posture_ws/src/action_data_offset/examples/data_transform_z.csv -> /workspace/action_data_offset_posture_ws/install/share/action_data_offset/examples
[0.807s] copying /workspace/action_data_offset_posture_ws/src/action_data_offset/examples/sample_track.csv -> /workspace/action_data_offset_posture_ws/install/share/action_data_offset/examples
[0.807s] copying /workspace/action_data_offset_posture_ws/src/action_data_offset/examples/data_transform.csv -> /workspace/action_data_offset_posture_ws/install/share/action_data_offset/examples
[0.807s] running install_egg_info
[0.809s] Copying ../../build_aarch64/action_data_offset/action_data_offset.egg-info to /workspace/action_data_offset_posture_ws/install/lib/python3.10/site-packages/action_data_offset-0.1.0-py3.10.egg-info
[0.810s] running install_scripts
[0.824s] Installing arm_trajectory_transform script to /workspace/action_data_offset_posture_ws/install/lib/action_data_offset
[0.824s] Installing arm_trajectory_transform_jacobian script to /workspace/action_data_offset_posture_ws/install/lib/action_data_offset
[0.824s] Installing mujoco_trajectory_sim script to /workspace/action_data_offset_posture_ws/install/lib/action_data_offset
[0.824s] writing list of installed files to '/workspace/action_data_offset_posture_ws/build/action_data_offset/install.log'
[0.838s] Invoked command in '/workspace/action_data_offset_posture_ws/src/action_data_offset' returned '0': PYTHONPATH=/workspace/action_data_offset_posture_ws/build/action_data_offset/prefix_override:/usr/local/lib/python3.10/dist-packages/colcon_core/task/python/colcon_distutils_commands:/workspace/action_data_offset_posture_ws/install/lib/python3.10/site-packages:${PYTHONPATH} /usr/bin/python3 -W ignore:setup.py install is deprecated -W ignore:easy_install command is deprecated setup.py egg_info --egg-base ../../build_aarch64/action_data_offset build --build-base /workspace/action_data_offset_posture_ws/build/action_data_offset/build install --record /workspace/action_data_offset_posture_ws/build/action_data_offset/install.log --single-version-externally-managed install_data
