[0.000000] (-) TimerEvent: {}
[0.001799] (action_data_offset) JobQueued: {'identifier': 'action_data_offset', 'dependencies': OrderedDict()}
[0.002056] (crb_ros_msg) JobQueued: {'identifier': 'crb_ros_msg', 'dependencies': OrderedDict()}
[0.002121] (casbot_arm_calibration_web) JobQueued: {'identifier': 'casbot_arm_calibration_web', 'dependencies': OrderedDict([('action_data_offset', '/workspace/action_data_offset_ws/install'), ('crb_ros_msg', '/workspace/action_data_offset_ws/install')])}
[0.002224] (action_data_offset) JobStarted: {'identifier': 'action_data_offset'}
[0.010693] (crb_ros_msg) JobStarted: {'identifier': 'crb_ros_msg'}
[0.099462] (-) TimerEvent: {}
[0.199879] (-) TimerEvent: {}
[0.258727] (crb_ros_msg) JobProgress: {'identifier': 'crb_ros_msg', 'progress': 'cmake'}
[0.259209] (crb_ros_msg) Command: {'cmd': ['/usr/bin/cmake', '/workspace/action_data_offset_ws/src/crb_ros_msg', '-DCMAKE_VERBOSE_MAKEFILE:BOOL=ON', '-DCMAKE_TOOLCHAIN_FILE=/workspace/action_data_offset_ws/docker_env/environment/cmake-toolchains/generic_aarch64.cmake', '-DSECURITY=ON', '-DBUILD_TESTING=OFF', '-DCMAKE_INSTALL_PREFIX=/workspace/action_data_offset_ws/install'], 'cwd': '/workspace/action_data_offset_ws/build/crb_ros_msg', 'env': OrderedDict([('PYTHON_SOABI', 'cpython-310-aarch64-linux-gnu'), ('ARCH', 'aarch64'), ('HOSTNAME', 'aarch64_2204_0429_1149_23'), ('SHLVL', '2'), ('LD_LIBRARY_PATH', '/opt/rootfs_2204_aarch64/opt/ros/humble/opt/rviz_ogre_vendor/lib:/opt/rootfs_2204_aarch64/opt/ros/humble/lib/aarch64-linux-gnu:/opt/rootfs_2204_aarch64/opt/ros/humble/lib'), ('HOME', '/home/casbot'), ('OLDPWD', '/workspace/action_data_offset_ws'), ('ROS_PYTHON_VERSION', '3'), ('CROSS_FLAG', '-DCMAKE_CUSTOM_CROSS=ON -DCMAKE_TOOLCHAIN_FILE=/workspace/action_data_offset_ws/docker_env/environment/cmake-toolchains/generic_aarch64.cmake'), ('project_environment_dir', '/workspace/action_data_offset_ws/docker_env/environment'), ('ROS_DISTRO', 'humble'), ('is_ubuntu_20_04', 'false'), ('_', '/usr/local/bin/colcon'), ('ROS_VERSION', '2'), ('is_orin', 'false'), ('is_ubuntu_22_04', 'true'), ('TERM', 'xterm'), ('ROS_LOCALHOST_ONLY', '0'), ('QT_X11_NO_MITSHM', '1'), ('PATH', '/opt/rootfs_2204_aarch64/opt/ros/humble/bin:/usr/local/sbin:/usr/local/bin:/usr/sbin:/usr/bin:/sbin:/bin'), ('is_pc', 'true'), ('env_is_docker', '1'), ('DISPLAY', ':1'), ('LANG', 'en_US.UTF-8'), ('AMENT_PREFIX_PATH', '/opt/rootfs_2204_aarch64/opt/ros/humble'), ('env_docker_aarch64', '1'), ('PWD', '/workspace/action_data_offset_ws/build_aarch64/crb_ros_msg'), ('env_docker_x86', '0'), ('PYTHONPATH', '/opt/rootfs_2204_aarch64/opt/ros/humble/lib/python3.10/site-packages:/opt/rootfs_2204_aarch64/opt/ros/humble/local/lib/python3.10/dist-packages'), ('SYSROOT', '/opt/rootfs_2204_aarch64/'), ('TARGET_ARCH', 'aarch64'), ('TZ', 'Asia/Shanghai'), ('project_install_dir', '/workspace/action_data_offset_ws/install_aarch64'), ('COLCON', '1'), ('CMAKE_PREFIX_PATH', '/opt/rootfs_2204_aarch64/opt/ros/humble')]), 'shell': False}
[0.272685] (crb_ros_msg) StdoutLine: {'line': b'-- Using SECURITY: ON.\n'}
[0.273138] (crb_ros_msg) StdoutLine: {'line': b'-- Using BUILD_TESTING: OFF.\n'}
[0.273357] (crb_ros_msg) StdoutLine: {'line': b'-- Using CMAKE_TOOLCHAIN_FILE: /workspace/action_data_offset_ws/docker_env/environment/cmake-toolchains/generic_aarch64.cmake.\n'}
[0.273565] (crb_ros_msg) StdoutLine: {'line': b'-- Using CATKIN_INSTALL_INTO_PREFIX_ROOT: .\n'}
[0.273767] (crb_ros_msg) StdoutLine: {'line': b'-- Using CMAKE_CUSTOM_CROSS: .\n'}
[0.291078] (crb_ros_msg) StdoutLine: {'line': b'-- Found ament_cmake: 1.3.12 (/opt/rootfs_2204_aarch64/opt/ros/humble/share/ament_cmake/cmake)\n'}
[0.299992] (-) TimerEvent: {}
[0.400461] (-) TimerEvent: {}
[0.429391] (crb_ros_msg) StdoutLine: {'line': b'-- Found rosidl_default_generators: 1.2.1 (/opt/rootfs_2204_aarch64/opt/ros/humble/share/rosidl_default_generators/cmake)\n'}
[0.431288] (crb_ros_msg) StdoutLine: {'line': b'-- Using all available rosidl_typesupport_c: rosidl_typesupport_fastrtps_c;rosidl_typesupport_introspection_c\n'}
[0.434867] (crb_ros_msg) StdoutLine: {'line': b'-- Found rosidl_adapter: 3.1.7 (/opt/rootfs_2204_aarch64/opt/ros/humble/share/rosidl_adapter/cmake)\n'}
[0.470441] (crb_ros_msg) StdoutLine: {'line': b'-- Using all available rosidl_typesupport_cpp: rosidl_typesupport_fastrtps_cpp;rosidl_typesupport_introspection_cpp\n'}
[0.500569] (-) TimerEvent: {}
[0.505838] (crb_ros_msg) StdoutLine: {'line': b'-- Found std_msgs: 4.9.0 (/opt/rootfs_2204_aarch64/opt/ros/humble/share/std_msgs/cmake)\n'}
[0.533558] (crb_ros_msg) StdoutLine: {'line': b'-- Found sensor_msgs: 4.9.1 (/opt/rootfs_2204_aarch64/opt/ros/humble/share/sensor_msgs/cmake)\n'}
[0.567345] (crb_ros_msg) StdoutLine: {'line': b'-- Found action_msgs: 1.2.2 (/opt/rootfs_2204_aarch64/opt/ros/humble/share/action_msgs/cmake)\n'}
[0.581505] (action_data_offset) Command: {'cmd': ['/usr/bin/python3', '-W', 'ignore:setup.py install is deprecated', '-W', 'ignore:easy_install command is deprecated', 'setup.py', 'egg_info', '--egg-base', '../../build_aarch64/action_data_offset', 'build', '--build-base', '/workspace/action_data_offset_ws/build/action_data_offset/build', 'install', '--record', '/workspace/action_data_offset_ws/build/action_data_offset/install.log', '--single-version-externally-managed', 'install_data'], 'cwd': '/workspace/action_data_offset_ws/src/action_data_offset', 'env': {'PYTHON_SOABI': 'cpython-310-aarch64-linux-gnu', 'ARCH': 'aarch64', 'HOSTNAME': 'aarch64_2204_0429_1149_23', 'SHLVL': '2', 'LD_LIBRARY_PATH': '/opt/rootfs_2204_aarch64/opt/ros/humble/opt/rviz_ogre_vendor/lib:/opt/rootfs_2204_aarch64/opt/ros/humble/lib/aarch64-linux-gnu:/opt/rootfs_2204_aarch64/opt/ros/humble/lib', 'HOME': '/home/casbot', 'OLDPWD': '/workspace/action_data_offset_ws', 'ROS_PYTHON_VERSION': '3', 'CROSS_FLAG': '-DCMAKE_CUSTOM_CROSS=ON -DCMAKE_TOOLCHAIN_FILE=/workspace/action_data_offset_ws/docker_env/environment/cmake-toolchains/generic_aarch64.cmake', 'project_environment_dir': '/workspace/action_data_offset_ws/docker_env/environment', 'ROS_DISTRO': 'humble', 'is_ubuntu_20_04': 'false', '_': '/usr/local/bin/colcon', 'ROS_VERSION': '2', 'is_orin': 'false', 'is_ubuntu_22_04': 'true', 'TERM': 'xterm', 'ROS_LOCALHOST_ONLY': '0', 'QT_X11_NO_MITSHM': '1', 'PATH': '/opt/rootfs_2204_aarch64/opt/ros/humble/bin:/usr/local/sbin:/usr/local/bin:/usr/sbin:/usr/bin:/sbin:/bin', 'is_pc': 'true', 'env_is_docker': '1', 'DISPLAY': ':1', 'LANG': 'en_US.UTF-8', 'AMENT_PREFIX_PATH': '/opt/rootfs_2204_aarch64/opt/ros/humble', 'env_docker_aarch64': '1', 'PWD': '/workspace/action_data_offset_ws/build_aarch64/action_data_offset', 'env_docker_x86': '0', 'PYTHONPATH': '/workspace/action_data_offset_ws/build/action_data_offset/prefix_override:/usr/local/lib/python3.10/dist-packages/colcon_core/task/python/colcon_distutils_commands:/workspace/action_data_offset_ws/install/lib/python3.10/site-packages:/opt/rootfs_2204_aarch64/opt/ros/humble/lib/python3.10/site-packages:/opt/rootfs_2204_aarch64/opt/ros/humble/local/lib/python3.10/dist-packages', 'SYSROOT': '/opt/rootfs_2204_aarch64/', 'TARGET_ARCH': 'aarch64', 'TZ': 'Asia/Shanghai', 'project_install_dir': '/workspace/action_data_offset_ws/install_aarch64', 'COLCON': '1'}, 'shell': False}
[0.600667] (-) TimerEvent: {}
[0.700924] (-) TimerEvent: {}
[0.801314] (-) TimerEvent: {}
[0.805240] (action_data_offset) StdoutLine: {'line': b'running egg_info\n'}
[0.806144] (action_data_offset) StdoutLine: {'line': b'writing ../../build_aarch64/action_data_offset/action_data_offset.egg-info/PKG-INFO\n'}
[0.806405] (action_data_offset) StdoutLine: {'line': b'writing dependency_links to ../../build_aarch64/action_data_offset/action_data_offset.egg-info/dependency_links.txt\n'}
[0.806623] (action_data_offset) StdoutLine: {'line': b'writing entry points to ../../build_aarch64/action_data_offset/action_data_offset.egg-info/entry_points.txt\n'}
[0.806856] (action_data_offset) StdoutLine: {'line': b'writing requirements to ../../build_aarch64/action_data_offset/action_data_offset.egg-info/requires.txt\n'}
[0.807037] (action_data_offset) StdoutLine: {'line': b'writing top-level names to ../../build_aarch64/action_data_offset/action_data_offset.egg-info/top_level.txt\n'}
[0.810669] (action_data_offset) StdoutLine: {'line': b"reading manifest file '../../build_aarch64/action_data_offset/action_data_offset.egg-info/SOURCES.txt'\n"}
[0.815452] (action_data_offset) StdoutLine: {'line': b"writing manifest file '../../build_aarch64/action_data_offset/action_data_offset.egg-info/SOURCES.txt'\n"}
[0.815699] (action_data_offset) StdoutLine: {'line': b'running build\n'}
[0.815908] (action_data_offset) StdoutLine: {'line': b'running build_py\n'}
[0.816328] (action_data_offset) StdoutLine: {'line': b'running install\n'}
[0.816648] (action_data_offset) StdoutLine: {'line': b'running install_lib\n'}
[0.818473] (action_data_offset) StdoutLine: {'line': b'running install_data\n'}
[0.825038] (action_data_offset) StdoutLine: {'line': b'running install_egg_info\n'}
[0.826909] (action_data_offset) StdoutLine: {'line': b"removing '/workspace/action_data_offset_ws/install/lib/python3.10/site-packages/action_data_offset-0.1.0-py3.10.egg-info' (and everything under it)\n"}
[0.827273] (action_data_offset) StdoutLine: {'line': b'Copying ../../build_aarch64/action_data_offset/action_data_offset.egg-info to /workspace/action_data_offset_ws/install/lib/python3.10/site-packages/action_data_offset-0.1.0-py3.10.egg-info\n'}
[0.828330] (action_data_offset) StdoutLine: {'line': b'running install_scripts\n'}
[0.849875] (action_data_offset) StdoutLine: {'line': b'Installing arm_trajectory_transform script to /workspace/action_data_offset_ws/install/lib/action_data_offset\n'}
[0.850180] (action_data_offset) StdoutLine: {'line': b'Installing arm_trajectory_transform_jacobian script to /workspace/action_data_offset_ws/install/lib/action_data_offset\n'}
[0.850424] (action_data_offset) StdoutLine: {'line': b'Installing mujoco_trajectory_sim script to /workspace/action_data_offset_ws/install/lib/action_data_offset\n'}
[0.850628] (action_data_offset) StdoutLine: {'line': b"writing list of installed files to '/workspace/action_data_offset_ws/build/action_data_offset/install.log'\n"}
[0.871202] (action_data_offset) CommandEnded: {'returncode': 0}
[0.893080] (action_data_offset) JobEnded: {'identifier': 'action_data_offset', 'rc': 0}
[0.901420] (-) TimerEvent: {}
[0.932638] (crb_ros_msg) StdoutLine: {'line': b'-- Found ament_cmake_ros: 0.10.0 (/opt/rootfs_2204_aarch64/opt/ros/humble/share/ament_cmake_ros/cmake)\n'}
[1.001537] (-) TimerEvent: {}
[1.101894] (-) TimerEvent: {}
[1.202261] (-) TimerEvent: {}
[1.249979] (crb_ros_msg) StdoutLine: {'line': b'-- Using all available rosidl_typesupport_c: rosidl_typesupport_fastrtps_c;rosidl_typesupport_introspection_c\n'}
[1.302373] (-) TimerEvent: {}
[1.402833] (-) TimerEvent: {}
[1.503230] (-) TimerEvent: {}
[1.603606] (-) TimerEvent: {}
[1.673447] (crb_ros_msg) StdoutLine: {'line': b'-- Using all available rosidl_typesupport_cpp: rosidl_typesupport_fastrtps_cpp;rosidl_typesupport_introspection_cpp\n'}
[1.692454] (crb_ros_msg) StdoutLine: {'line': b'-- Found python_cmake_module: 0.10.0 (/opt/rootfs_2204_aarch64/opt/ros/humble/share/python_cmake_module/cmake)\n'}
[1.703709] (-) TimerEvent: {}
[1.713447] (crb_ros_msg) StdoutLine: {'line': b'-- Using PYTHON_EXECUTABLE: /usr/bin/python3\n'}
[1.713778] (crb_ros_msg) StdoutLine: {'line': b'-- Using PYTHON_INCLUDE_DIRS: /opt/rootfs_2204_aarch64/usr/include/python3.10\n'}
[1.713990] (crb_ros_msg) StdoutLine: {'line': b'-- Using PYTHON_LIBRARIES: /opt/rootfs_2204_aarch64/usr/lib/aarch64-linux-gnu/libpython3.10.so\n'}
[1.803817] (-) TimerEvent: {}
[1.893729] (crb_ros_msg) StdoutLine: {'line': b'-- Configuring done\n'}
[1.903900] (-) TimerEvent: {}
[1.949902] (crb_ros_msg) StdoutLine: {'line': b'-- Generating done\n'}
[1.969721] (crb_ros_msg) StdoutLine: {'line': b'-- Build files have been written to: /workspace/action_data_offset_ws/build_aarch64/crb_ros_msg\n'}
[1.976641] (crb_ros_msg) CommandEnded: {'returncode': 0}
[1.977578] (crb_ros_msg) JobProgress: {'identifier': 'crb_ros_msg', 'progress': 'build'}
[1.978730] (crb_ros_msg) Command: {'cmd': ['/usr/bin/cmake', '--build', '/workspace/action_data_offset_ws/build/crb_ros_msg', '--', '-j16', '-l16'], 'cwd': '/workspace/action_data_offset_ws/build/crb_ros_msg', 'env': OrderedDict([('PYTHON_SOABI', 'cpython-310-aarch64-linux-gnu'), ('ARCH', 'aarch64'), ('HOSTNAME', 'aarch64_2204_0429_1149_23'), ('SHLVL', '2'), ('LD_LIBRARY_PATH', '/opt/rootfs_2204_aarch64/opt/ros/humble/opt/rviz_ogre_vendor/lib:/opt/rootfs_2204_aarch64/opt/ros/humble/lib/aarch64-linux-gnu:/opt/rootfs_2204_aarch64/opt/ros/humble/lib'), ('HOME', '/home/casbot'), ('OLDPWD', '/workspace/action_data_offset_ws'), ('ROS_PYTHON_VERSION', '3'), ('CROSS_FLAG', '-DCMAKE_CUSTOM_CROSS=ON -DCMAKE_TOOLCHAIN_FILE=/workspace/action_data_offset_ws/docker_env/environment/cmake-toolchains/generic_aarch64.cmake'), ('project_environment_dir', '/workspace/action_data_offset_ws/docker_env/environment'), ('ROS_DISTRO', 'humble'), ('is_ubuntu_20_04', 'false'), ('_', '/usr/local/bin/colcon'), ('ROS_VERSION', '2'), ('is_orin', 'false'), ('is_ubuntu_22_04', 'true'), ('TERM', 'xterm'), ('ROS_LOCALHOST_ONLY', '0'), ('QT_X11_NO_MITSHM', '1'), ('PATH', '/opt/rootfs_2204_aarch64/opt/ros/humble/bin:/usr/local/sbin:/usr/local/bin:/usr/sbin:/usr/bin:/sbin:/bin'), ('is_pc', 'true'), ('env_is_docker', '1'), ('DISPLAY', ':1'), ('LANG', 'en_US.UTF-8'), ('AMENT_PREFIX_PATH', '/opt/rootfs_2204_aarch64/opt/ros/humble'), ('env_docker_aarch64', '1'), ('PWD', '/workspace/action_data_offset_ws/build_aarch64/crb_ros_msg'), ('env_docker_x86', '0'), ('PYTHONPATH', '/opt/rootfs_2204_aarch64/opt/ros/humble/lib/python3.10/site-packages:/opt/rootfs_2204_aarch64/opt/ros/humble/local/lib/python3.10/dist-packages'), ('SYSROOT', '/opt/rootfs_2204_aarch64/'), ('TARGET_ARCH', 'aarch64'), ('TZ', 'Asia/Shanghai'), ('project_install_dir', '/workspace/action_data_offset_ws/install_aarch64'), ('COLCON', '1'), ('CMAKE_PREFIX_PATH', '/opt/rootfs_2204_aarch64/opt/ros/humble')]), 'shell': False}
[2.004020] (-) TimerEvent: {}
[2.011036] (crb_ros_msg) StdoutLine: {'line': b'/usr/bin/cmake -S/workspace/action_data_offset_ws/src/crb_ros_msg -B/workspace/action_data_offset_ws/build_aarch64/crb_ros_msg --check-build-system CMakeFiles/Makefile.cmake 0\n'}
[2.033478] (crb_ros_msg) StdoutLine: {'line': b'/usr/bin/cmake -E cmake_progress_start /workspace/action_data_offset_ws/build_aarch64/crb_ros_msg/CMakeFiles /workspace/action_data_offset_ws/build_aarch64/crb_ros_msg//CMakeFiles/progress.marks\n'}
[2.050391] (crb_ros_msg) StdoutLine: {'line': b'/usr/bin/gmake  -f CMakeFiles/Makefile2 all\n'}
[2.054665] (crb_ros_msg) StdoutLine: {'line': b"gmake[1]: Entering directory '/workspace/action_data_offset_ws/build_aarch64/crb_ros_msg'\n"}
[2.054897] (crb_ros_msg) StdoutLine: {'line': b'/usr/bin/gmake  -f crb_ros_msg__rs/CMakeFiles/crb_ros_msg__rs.dir/build.make crb_ros_msg__rs/CMakeFiles/crb_ros_msg__rs.dir/depend\n'}
[2.055116] (crb_ros_msg) StdoutLine: {'line': b'/usr/bin/gmake  -f CMakeFiles/crb_ros_msg__rosidl_generator_c.dir/build.make CMakeFiles/crb_ros_msg__rosidl_generator_c.dir/depend\n'}
[2.055481] (crb_ros_msg) StdoutLine: {'line': b'/usr/bin/gmake  -f CMakeFiles/crb_ros_msg__cpp.dir/build.make CMakeFiles/crb_ros_msg__cpp.dir/depend\n'}
[2.055772] (crb_ros_msg) StdoutLine: {'line': b'/usr/bin/gmake  -f CMakeFiles/ament_cmake_python_copy_crb_ros_msg.dir/build.make CMakeFiles/ament_cmake_python_copy_crb_ros_msg.dir/depend\n'}
[2.057913] (crb_ros_msg) StdoutLine: {'line': b"gmake[2]: Entering directory '/workspace/action_data_offset_ws/build_aarch64/crb_ros_msg'\n"}
[2.058244] (crb_ros_msg) StdoutLine: {'line': b'cd /workspace/action_data_offset_ws/build_aarch64/crb_ros_msg && /usr/bin/cmake -E cmake_depends "Unix Makefiles" /workspace/action_data_offset_ws/src/crb_ros_msg /workspace/action_data_offset_ws/src/crb_ros_msg /workspace/action_data_offset_ws/build_aarch64/crb_ros_msg /workspace/action_data_offset_ws/build_aarch64/crb_ros_msg /workspace/action_data_offset_ws/build_aarch64/crb_ros_msg/CMakeFiles/ament_cmake_python_copy_crb_ros_msg.dir/DependInfo.cmake --color=\n'}
[2.058916] (crb_ros_msg) StdoutLine: {'line': b"gmake[2]: Entering directory '/workspace/action_data_offset_ws/build_aarch64/crb_ros_msg'\n"}
[2.059210] (crb_ros_msg) StdoutLine: {'line': b'cd /workspace/action_data_offset_ws/build_aarch64/crb_ros_msg && /usr/bin/cmake -E cmake_depends "Unix Makefiles" /workspace/action_data_offset_ws/src/crb_ros_msg /workspace/action_data_offset_ws/build_aarch64/crb_ros_msg/crb_ros_msg__rs /workspace/action_data_offset_ws/build_aarch64/crb_ros_msg /workspace/action_data_offset_ws/build_aarch64/crb_ros_msg/crb_ros_msg__rs /workspace/action_data_offset_ws/build_aarch64/crb_ros_msg/crb_ros_msg__rs/CMakeFiles/crb_ros_msg__rs.dir/DependInfo.cmake --color=\n'}
[2.059561] (crb_ros_msg) StdoutLine: {'line': b"gmake[2]: Entering directory '/workspace/action_data_offset_ws/build_aarch64/crb_ros_msg'\n"}
[2.059944] (crb_ros_msg) StdoutLine: {'line': b'cd /workspace/action_data_offset_ws/build_aarch64/crb_ros_msg && /usr/bin/cmake -E cmake_depends "Unix Makefiles" /workspace/action_data_offset_ws/src/crb_ros_msg /workspace/action_data_offset_ws/src/crb_ros_msg /workspace/action_data_offset_ws/build_aarch64/crb_ros_msg /workspace/action_data_offset_ws/build_aarch64/crb_ros_msg /workspace/action_data_offset_ws/build_aarch64/crb_ros_msg/CMakeFiles/crb_ros_msg__cpp.dir/DependInfo.cmake --color=\n'}
[2.060213] (crb_ros_msg) StdoutLine: {'line': b"gmake[2]: Entering directory '/workspace/action_data_offset_ws/build_aarch64/crb_ros_msg'\n"}
[2.060437] (crb_ros_msg) StdoutLine: {'line': b'cd /workspace/action_data_offset_ws/build_aarch64/crb_ros_msg && /usr/bin/cmake -E cmake_depends "Unix Makefiles" /workspace/action_data_offset_ws/src/crb_ros_msg /workspace/action_data_offset_ws/src/crb_ros_msg /workspace/action_data_offset_ws/build_aarch64/crb_ros_msg /workspace/action_data_offset_ws/build_aarch64/crb_ros_msg /workspace/action_data_offset_ws/build_aarch64/crb_ros_msg/CMakeFiles/crb_ros_msg__rosidl_generator_c.dir/DependInfo.cmake --color=\n'}
[2.074876] (crb_ros_msg) StdoutLine: {'line': b"gmake[2]: Leaving directory '/workspace/action_data_offset_ws/build_aarch64/crb_ros_msg'\n"}
[2.075266] (crb_ros_msg) StdoutLine: {'line': b"gmake[2]: Leaving directory '/workspace/action_data_offset_ws/build_aarch64/crb_ros_msg'\n"}
[2.075456] (crb_ros_msg) StdoutLine: {'line': b'/usr/bin/gmake  -f CMakeFiles/ament_cmake_python_copy_crb_ros_msg.dir/build.make CMakeFiles/ament_cmake_python_copy_crb_ros_msg.dir/build\n'}
[2.075630] (crb_ros_msg) StdoutLine: {'line': b'/usr/bin/gmake  -f crb_ros_msg__rs/CMakeFiles/crb_ros_msg__rs.dir/build.make crb_ros_msg__rs/CMakeFiles/crb_ros_msg__rs.dir/build\n'}
[2.076581] (crb_ros_msg) StdoutLine: {'line': b"gmake[2]: Entering directory '/workspace/action_data_offset_ws/build_aarch64/crb_ros_msg'\n"}
[2.076909] (crb_ros_msg) StdoutLine: {'line': b'/usr/bin/cmake -E copy_directory /workspace/action_data_offset_ws/build_aarch64/crb_ros_msg/rosidl_generator_py/crb_ros_msg /workspace/action_data_offset_ws/build_aarch64/crb_ros_msg/ament_cmake_python/crb_ros_msg/crb_ros_msg\n'}
[2.078772] (crb_ros_msg) StdoutLine: {'line': b"gmake[2]: Entering directory '/workspace/action_data_offset_ws/build_aarch64/crb_ros_msg'\n"}
[2.079072] (crb_ros_msg) StdoutLine: {'line': b"gmake[2]: Nothing to be done for 'crb_ros_msg__rs/CMakeFiles/crb_ros_msg__rs.dir/build'.\n"}
[2.079225] (crb_ros_msg) StdoutLine: {'line': b"gmake[2]: Leaving directory '/workspace/action_data_offset_ws/build_aarch64/crb_ros_msg'\n"}
[2.081972] (crb_ros_msg) StdoutLine: {'line': b'Dependencies file "CMakeFiles/crb_ros_msg__rosidl_generator_c.dir/rosidl_generator_c/crb_ros_msg/action/detail/action_play__functions.c.o.d" is newer than depends file "/workspace/action_data_offset_ws/build_aarch64/crb_ros_msg/CMakeFiles/crb_ros_msg__rosidl_generator_c.dir/compiler_depend.internal".\n'}
[2.082205] (crb_ros_msg) StdoutLine: {'line': b'Dependencies file "CMakeFiles/crb_ros_msg__rosidl_generator_c.dir/rosidl_generator_c/crb_ros_msg/msg/detail/upper_joint_data__functions.c.o.d" is newer than depends file "/workspace/action_data_offset_ws/build_aarch64/crb_ros_msg/CMakeFiles/crb_ros_msg__rosidl_generator_c.dir/compiler_depend.internal".\n'}
[2.082490] (crb_ros_msg) StdoutLine: {'line': b'\x1b[35m\x1b[1mConsolidate compiler generated dependencies of target crb_ros_msg__rosidl_generator_c\x1b[0m\n'}
[2.083713] (crb_ros_msg) StdoutLine: {'line': b"gmake[2]: Leaving directory '/workspace/action_data_offset_ws/build_aarch64/crb_ros_msg'\n"}
[2.084152] (crb_ros_msg) StdoutLine: {'line': b'/usr/bin/gmake  -f CMakeFiles/crb_ros_msg__cpp.dir/build.make CMakeFiles/crb_ros_msg__cpp.dir/build\n'}
[2.088667] (crb_ros_msg) StdoutLine: {'line': b"gmake[2]: Entering directory '/workspace/action_data_offset_ws/build_aarch64/crb_ros_msg'\n"}
[2.089057] (crb_ros_msg) StdoutLine: {'line': b"gmake[2]: Nothing to be done for 'CMakeFiles/crb_ros_msg__cpp.dir/build'.\n"}
[2.089319] (crb_ros_msg) StdoutLine: {'line': b"gmake[2]: Leaving directory '/workspace/action_data_offset_ws/build_aarch64/crb_ros_msg'\n"}
[2.091949] (crb_ros_msg) StdoutLine: {'line': b"gmake[2]: Leaving directory '/workspace/action_data_offset_ws/build_aarch64/crb_ros_msg'\n"}
[2.092305] (crb_ros_msg) StdoutLine: {'line': b'/usr/bin/gmake  -f CMakeFiles/crb_ros_msg__rosidl_generator_c.dir/build.make CMakeFiles/crb_ros_msg__rosidl_generator_c.dir/build\n'}
[2.097716] (crb_ros_msg) StdoutLine: {'line': b"gmake[2]: Entering directory '/workspace/action_data_offset_ws/build_aarch64/crb_ros_msg'\n"}
[2.097971] (crb_ros_msg) StdoutLine: {'line': b"gmake[2]: Nothing to be done for 'CMakeFiles/crb_ros_msg__rosidl_generator_c.dir/build'.\n"}
[2.098159] (crb_ros_msg) StdoutLine: {'line': b"gmake[2]: Leaving directory '/workspace/action_data_offset_ws/build_aarch64/crb_ros_msg'\n"}
[2.101421] (crb_ros_msg) StdoutLine: {'line': b"gmake[2]: Leaving directory '/workspace/action_data_offset_ws/build_aarch64/crb_ros_msg'\n"}
[2.101826] (crb_ros_msg) StdoutLine: {'line': b'[  2%] Built target crb_ros_msg__cpp\n'}
[2.102170] (crb_ros_msg) StdoutLine: {'line': b'[  5%] Built target crb_ros_msg__rs\n'}
[2.102678] (crb_ros_msg) StdoutLine: {'line': b'/usr/bin/gmake  -f CMakeFiles/crb_ros_msg__rosidl_typesupport_fastrtps_cpp.dir/build.make CMakeFiles/crb_ros_msg__rosidl_typesupport_fastrtps_cpp.dir/depend\n'}
[2.103038] (crb_ros_msg) StdoutLine: {'line': b'/usr/bin/gmake  -f CMakeFiles/crb_ros_msg__rosidl_typesupport_introspection_cpp.dir/build.make CMakeFiles/crb_ros_msg__rosidl_typesupport_introspection_cpp.dir/depend\n'}
[2.103361] (crb_ros_msg) StdoutLine: {'line': b'/usr/bin/gmake  -f CMakeFiles/crb_ros_msg__rosidl_typesupport_cpp.dir/build.make CMakeFiles/crb_ros_msg__rosidl_typesupport_cpp.dir/depend\n'}
[2.104073] (-) TimerEvent: {}
[2.107532] (crb_ros_msg) StdoutLine: {'line': b"gmake[2]: Entering directory '/workspace/action_data_offset_ws/build_aarch64/crb_ros_msg'\n"}
[2.107842] (crb_ros_msg) StdoutLine: {'line': b'cd /workspace/action_data_offset_ws/build_aarch64/crb_ros_msg && /usr/bin/cmake -E cmake_depends "Unix Makefiles" /workspace/action_data_offset_ws/src/crb_ros_msg /workspace/action_data_offset_ws/src/crb_ros_msg /workspace/action_data_offset_ws/build_aarch64/crb_ros_msg /workspace/action_data_offset_ws/build_aarch64/crb_ros_msg /workspace/action_data_offset_ws/build_aarch64/crb_ros_msg/CMakeFiles/crb_ros_msg__rosidl_typesupport_fastrtps_cpp.dir/DependInfo.cmake --color=\n'}
[2.108042] (crb_ros_msg) StdoutLine: {'line': b"gmake[2]: Entering directory '/workspace/action_data_offset_ws/build_aarch64/crb_ros_msg'\n"}
[2.108215] (crb_ros_msg) StdoutLine: {'line': b'cd /workspace/action_data_offset_ws/build_aarch64/crb_ros_msg && /usr/bin/cmake -E cmake_depends "Unix Makefiles" /workspace/action_data_offset_ws/src/crb_ros_msg /workspace/action_data_offset_ws/src/crb_ros_msg /workspace/action_data_offset_ws/build_aarch64/crb_ros_msg /workspace/action_data_offset_ws/build_aarch64/crb_ros_msg /workspace/action_data_offset_ws/build_aarch64/crb_ros_msg/CMakeFiles/crb_ros_msg__rosidl_typesupport_introspection_cpp.dir/DependInfo.cmake --color=\n'}
[2.109184] (crb_ros_msg) StdoutLine: {'line': b"gmake[2]: Entering directory '/workspace/action_data_offset_ws/build_aarch64/crb_ros_msg'\n"}
[2.109338] (crb_ros_msg) StdoutLine: {'line': b'cd /workspace/action_data_offset_ws/build_aarch64/crb_ros_msg && /usr/bin/cmake -E cmake_depends "Unix Makefiles" /workspace/action_data_offset_ws/src/crb_ros_msg /workspace/action_data_offset_ws/src/crb_ros_msg /workspace/action_data_offset_ws/build_aarch64/crb_ros_msg /workspace/action_data_offset_ws/build_aarch64/crb_ros_msg /workspace/action_data_offset_ws/build_aarch64/crb_ros_msg/CMakeFiles/crb_ros_msg__rosidl_typesupport_cpp.dir/DependInfo.cmake --color=\n'}
[2.109433] (crb_ros_msg) StdoutLine: {'line': b'[ 15%] Built target crb_ros_msg__rosidl_generator_c\n'}
[2.110308] (crb_ros_msg) StdoutLine: {'line': b'/usr/bin/gmake  -f CMakeFiles/crb_ros_msg__rosidl_typesupport_fastrtps_c.dir/build.make CMakeFiles/crb_ros_msg__rosidl_typesupport_fastrtps_c.dir/depend\n'}
[2.110645] (crb_ros_msg) StdoutLine: {'line': b'/usr/bin/gmake  -f CMakeFiles/crb_ros_msg__rosidl_typesupport_introspection_c.dir/build.make CMakeFiles/crb_ros_msg__rosidl_typesupport_introspection_c.dir/depend\n'}
[2.110987] (crb_ros_msg) StdoutLine: {'line': b'/usr/bin/gmake  -f CMakeFiles/crb_ros_msg__rosidl_typesupport_c.dir/build.make CMakeFiles/crb_ros_msg__rosidl_typesupport_c.dir/depend\n'}
[2.112320] (crb_ros_msg) StdoutLine: {'line': b'[ 15%] Built target ament_cmake_python_copy_crb_ros_msg\n'}
[2.113284] (crb_ros_msg) StdoutLine: {'line': b'/usr/bin/gmake  -f CMakeFiles/ament_cmake_python_build_crb_ros_msg_egg.dir/build.make CMakeFiles/ament_cmake_python_build_crb_ros_msg_egg.dir/depend\n'}
[2.114366] (crb_ros_msg) StdoutLine: {'line': b"gmake[2]: Entering directory '/workspace/action_data_offset_ws/build_aarch64/crb_ros_msg'\n"}
[2.114632] (crb_ros_msg) StdoutLine: {'line': b'cd /workspace/action_data_offset_ws/build_aarch64/crb_ros_msg && /usr/bin/cmake -E cmake_depends "Unix Makefiles" /workspace/action_data_offset_ws/src/crb_ros_msg /workspace/action_data_offset_ws/src/crb_ros_msg /workspace/action_data_offset_ws/build_aarch64/crb_ros_msg /workspace/action_data_offset_ws/build_aarch64/crb_ros_msg /workspace/action_data_offset_ws/build_aarch64/crb_ros_msg/CMakeFiles/crb_ros_msg__rosidl_typesupport_introspection_c.dir/DependInfo.cmake --color=\n'}
[2.115601] (crb_ros_msg) StdoutLine: {'line': b"gmake[2]: Entering directory '/workspace/action_data_offset_ws/build_aarch64/crb_ros_msg'\n"}
[2.115838] (crb_ros_msg) StdoutLine: {'line': b'cd /workspace/action_data_offset_ws/build_aarch64/crb_ros_msg && /usr/bin/cmake -E cmake_depends "Unix Makefiles" /workspace/action_data_offset_ws/src/crb_ros_msg /workspace/action_data_offset_ws/src/crb_ros_msg /workspace/action_data_offset_ws/build_aarch64/crb_ros_msg /workspace/action_data_offset_ws/build_aarch64/crb_ros_msg /workspace/action_data_offset_ws/build_aarch64/crb_ros_msg/CMakeFiles/ament_cmake_python_build_crb_ros_msg_egg.dir/DependInfo.cmake --color=\n'}
[2.116925] (crb_ros_msg) StdoutLine: {'line': b"gmake[2]: Entering directory '/workspace/action_data_offset_ws/build_aarch64/crb_ros_msg'\n"}
[2.117210] (crb_ros_msg) StdoutLine: {'line': b'cd /workspace/action_data_offset_ws/build_aarch64/crb_ros_msg && /usr/bin/cmake -E cmake_depends "Unix Makefiles" /workspace/action_data_offset_ws/src/crb_ros_msg /workspace/action_data_offset_ws/src/crb_ros_msg /workspace/action_data_offset_ws/build_aarch64/crb_ros_msg /workspace/action_data_offset_ws/build_aarch64/crb_ros_msg /workspace/action_data_offset_ws/build_aarch64/crb_ros_msg/CMakeFiles/crb_ros_msg__rosidl_typesupport_fastrtps_c.dir/DependInfo.cmake --color=\n'}
[2.117471] (crb_ros_msg) StdoutLine: {'line': b"gmake[2]: Entering directory '/workspace/action_data_offset_ws/build_aarch64/crb_ros_msg'\n"}
[2.117657] (crb_ros_msg) StdoutLine: {'line': b'cd /workspace/action_data_offset_ws/build_aarch64/crb_ros_msg && /usr/bin/cmake -E cmake_depends "Unix Makefiles" /workspace/action_data_offset_ws/src/crb_ros_msg /workspace/action_data_offset_ws/src/crb_ros_msg /workspace/action_data_offset_ws/build_aarch64/crb_ros_msg /workspace/action_data_offset_ws/build_aarch64/crb_ros_msg /workspace/action_data_offset_ws/build_aarch64/crb_ros_msg/CMakeFiles/crb_ros_msg__rosidl_typesupport_c.dir/DependInfo.cmake --color=\n'}
[2.121128] (crb_ros_msg) StdoutLine: {'line': b'Dependencies file "CMakeFiles/crb_ros_msg__rosidl_typesupport_fastrtps_cpp.dir/rosidl_typesupport_fastrtps_cpp/crb_ros_msg/action/detail/dds_fastrtps/action_play__type_support.cpp.o.d" is newer than depends file "/workspace/action_data_offset_ws/build_aarch64/crb_ros_msg/CMakeFiles/crb_ros_msg__rosidl_typesupport_fastrtps_cpp.dir/compiler_depend.internal".\n'}
[2.121610] (crb_ros_msg) StdoutLine: {'line': b'Dependencies file "CMakeFiles/crb_ros_msg__rosidl_typesupport_fastrtps_cpp.dir/rosidl_typesupport_fastrtps_cpp/crb_ros_msg/msg/detail/dds_fastrtps/upper_joint_data__type_support.cpp.o.d" is newer than depends file "/workspace/action_data_offset_ws/build_aarch64/crb_ros_msg/CMakeFiles/crb_ros_msg__rosidl_typesupport_fastrtps_cpp.dir/compiler_depend.internal".\n'}
[2.121875] (crb_ros_msg) StdoutLine: {'line': b'Dependencies file "CMakeFiles/crb_ros_msg__rosidl_typesupport_cpp.dir/rosidl_typesupport_cpp/crb_ros_msg/action/action_play__type_support.cpp.o.d" is newer than depends file "/workspace/action_data_offset_ws/build_aarch64/crb_ros_msg/CMakeFiles/crb_ros_msg__rosidl_typesupport_cpp.dir/compiler_depend.internal".\n'}
[2.122116] (crb_ros_msg) StdoutLine: {'line': b'\x1b[35m\x1b[1mConsolidate compiler generated dependencies of target crb_ros_msg__rosidl_typesupport_fastrtps_cpp\x1b[0m\n'}
[2.122311] (crb_ros_msg) StdoutLine: {'line': b'Dependencies file "CMakeFiles/crb_ros_msg__rosidl_typesupport_cpp.dir/rosidl_typesupport_cpp/crb_ros_msg/msg/upper_joint_data__type_support.cpp.o.d" is newer than depends file "/workspace/action_data_offset_ws/build_aarch64/crb_ros_msg/CMakeFiles/crb_ros_msg__rosidl_typesupport_cpp.dir/compiler_depend.internal".\n'}
[2.122524] (crb_ros_msg) StdoutLine: {'line': b'\x1b[35m\x1b[1mConsolidate compiler generated dependencies of target crb_ros_msg__rosidl_typesupport_cpp\x1b[0m\n'}
[2.128023] (crb_ros_msg) StdoutLine: {'line': b'Dependencies file "CMakeFiles/crb_ros_msg__rosidl_typesupport_introspection_c.dir/rosidl_typesupport_introspection_c/crb_ros_msg/action/detail/action_play__type_support.c.o.d" is newer than depends file "/workspace/action_data_offset_ws/build_aarch64/crb_ros_msg/CMakeFiles/crb_ros_msg__rosidl_typesupport_introspection_c.dir/compiler_depend.internal".\n'}
[2.128319] (crb_ros_msg) StdoutLine: {'line': b'Dependencies file "CMakeFiles/crb_ros_msg__rosidl_typesupport_introspection_c.dir/rosidl_typesupport_introspection_c/crb_ros_msg/msg/detail/upper_joint_data__type_support.c.o.d" is newer than depends file "/workspace/action_data_offset_ws/build_aarch64/crb_ros_msg/CMakeFiles/crb_ros_msg__rosidl_typesupport_introspection_c.dir/compiler_depend.internal".\n'}
[2.128690] (crb_ros_msg) StdoutLine: {'line': b'\x1b[35m\x1b[1mConsolidate compiler generated dependencies of target crb_ros_msg__rosidl_typesupport_introspection_c\x1b[0m\n'}
[2.129948] (crb_ros_msg) StdoutLine: {'line': b'Dependencies file "CMakeFiles/crb_ros_msg__rosidl_typesupport_introspection_cpp.dir/rosidl_typesupport_introspection_cpp/crb_ros_msg/action/detail/action_play__type_support.cpp.o.d" is newer than depends file "/workspace/action_data_offset_ws/build_aarch64/crb_ros_msg/CMakeFiles/crb_ros_msg__rosidl_typesupport_introspection_cpp.dir/compiler_depend.internal".\n'}
[2.130576] (crb_ros_msg) StdoutLine: {'line': b'Dependencies file "CMakeFiles/crb_ros_msg__rosidl_typesupport_introspection_cpp.dir/rosidl_typesupport_introspection_cpp/crb_ros_msg/msg/detail/upper_joint_data__type_support.cpp.o.d" is newer than depends file "/workspace/action_data_offset_ws/build_aarch64/crb_ros_msg/CMakeFiles/crb_ros_msg__rosidl_typesupport_introspection_cpp.dir/compiler_depend.internal".\n'}
[2.131042] (crb_ros_msg) StdoutLine: {'line': b'\x1b[35m\x1b[1mConsolidate compiler generated dependencies of target crb_ros_msg__rosidl_typesupport_introspection_cpp\x1b[0m\n'}
[2.132440] (crb_ros_msg) StdoutLine: {'line': b"gmake[2]: Leaving directory '/workspace/action_data_offset_ws/build_aarch64/crb_ros_msg'\n"}
[2.132713] (crb_ros_msg) StdoutLine: {'line': b'/usr/bin/gmake  -f CMakeFiles/crb_ros_msg__rosidl_typesupport_cpp.dir/build.make CMakeFiles/crb_ros_msg__rosidl_typesupport_cpp.dir/build\n'}
[2.133206] (crb_ros_msg) StdoutLine: {'line': b"gmake[2]: Leaving directory '/workspace/action_data_offset_ws/build_aarch64/crb_ros_msg'\n"}
[2.133463] (crb_ros_msg) StdoutLine: {'line': b'/usr/bin/gmake  -f CMakeFiles/crb_ros_msg__rosidl_typesupport_introspection_c.dir/build.make CMakeFiles/crb_ros_msg__rosidl_typesupport_introspection_c.dir/build\n'}
[2.135264] (crb_ros_msg) StdoutLine: {'line': b'Dependencies file "CMakeFiles/crb_ros_msg__rosidl_typesupport_fastrtps_c.dir/rosidl_typesupport_fastrtps_c/crb_ros_msg/action/detail/action_play__type_support_c.cpp.o.d" is newer than depends file "/workspace/action_data_offset_ws/build_aarch64/crb_ros_msg/CMakeFiles/crb_ros_msg__rosidl_typesupport_fastrtps_c.dir/compiler_depend.internal".\n'}
[2.135635] (crb_ros_msg) StdoutLine: {'line': b'Dependencies file "CMakeFiles/crb_ros_msg__rosidl_typesupport_fastrtps_c.dir/rosidl_typesupport_fastrtps_c/crb_ros_msg/msg/detail/upper_joint_data__type_support_c.cpp.o.d" is newer than depends file "/workspace/action_data_offset_ws/build_aarch64/crb_ros_msg/CMakeFiles/crb_ros_msg__rosidl_typesupport_fastrtps_c.dir/compiler_depend.internal".\n'}
[2.135976] (crb_ros_msg) StdoutLine: {'line': b'\x1b[35m\x1b[1mConsolidate compiler generated dependencies of target crb_ros_msg__rosidl_typesupport_fastrtps_c\x1b[0m\n'}
[2.136664] (crb_ros_msg) StdoutLine: {'line': b"gmake[2]: Leaving directory '/workspace/action_data_offset_ws/build_aarch64/crb_ros_msg'\n"}
[2.136947] (crb_ros_msg) StdoutLine: {'line': b'/usr/bin/gmake  -f CMakeFiles/crb_ros_msg__rosidl_typesupport_fastrtps_cpp.dir/build.make CMakeFiles/crb_ros_msg__rosidl_typesupport_fastrtps_cpp.dir/build\n'}
[2.137795] (crb_ros_msg) StdoutLine: {'line': b"gmake[2]: Leaving directory '/workspace/action_data_offset_ws/build_aarch64/crb_ros_msg'\n"}
[2.138070] (crb_ros_msg) StdoutLine: {'line': b'/usr/bin/gmake  -f CMakeFiles/ament_cmake_python_build_crb_ros_msg_egg.dir/build.make CMakeFiles/ament_cmake_python_build_crb_ros_msg_egg.dir/build\n'}
[2.138981] (crb_ros_msg) StdoutLine: {'line': b'Dependencies file "CMakeFiles/crb_ros_msg__rosidl_typesupport_c.dir/rosidl_typesupport_c/crb_ros_msg/action/action_play__type_support.cpp.o.d" is newer than depends file "/workspace/action_data_offset_ws/build_aarch64/crb_ros_msg/CMakeFiles/crb_ros_msg__rosidl_typesupport_c.dir/compiler_depend.internal".\n'}
[2.139348] (crb_ros_msg) StdoutLine: {'line': b'Dependencies file "CMakeFiles/crb_ros_msg__rosidl_typesupport_c.dir/rosidl_typesupport_c/crb_ros_msg/msg/upper_joint_data__type_support.cpp.o.d" is newer than depends file "/workspace/action_data_offset_ws/build_aarch64/crb_ros_msg/CMakeFiles/crb_ros_msg__rosidl_typesupport_c.dir/compiler_depend.internal".\n'}
[2.139686] (crb_ros_msg) StdoutLine: {'line': b'\x1b[35m\x1b[1mConsolidate compiler generated dependencies of target crb_ros_msg__rosidl_typesupport_c\x1b[0m\n'}
[2.140168] (crb_ros_msg) StdoutLine: {'line': b"gmake[2]: Entering directory '/workspace/action_data_offset_ws/build_aarch64/crb_ros_msg'\n"}
[2.140399] (crb_ros_msg) StdoutLine: {'line': b"gmake[2]: Nothing to be done for 'CMakeFiles/crb_ros_msg__rosidl_typesupport_introspection_c.dir/build'.\n"}
[2.140689] (crb_ros_msg) StdoutLine: {'line': b"gmake[2]: Leaving directory '/workspace/action_data_offset_ws/build_aarch64/crb_ros_msg'\n"}
[2.140886] (crb_ros_msg) StdoutLine: {'line': b"gmake[2]: Entering directory '/workspace/action_data_offset_ws/build_aarch64/crb_ros_msg'\n"}
[2.141009] (crb_ros_msg) StdoutLine: {'line': b'cd /workspace/action_data_offset_ws/build_aarch64/crb_ros_msg/ament_cmake_python/crb_ros_msg && /usr/bin/python3 setup.py egg_info\n'}
[2.142232] (crb_ros_msg) StdoutLine: {'line': b"gmake[2]: Entering directory '/workspace/action_data_offset_ws/build_aarch64/crb_ros_msg'\n"}
[2.142473] (crb_ros_msg) StdoutLine: {'line': b"gmake[2]: Nothing to be done for 'CMakeFiles/crb_ros_msg__rosidl_typesupport_cpp.dir/build'.\n"}
[2.142675] (crb_ros_msg) StdoutLine: {'line': b"gmake[2]: Leaving directory '/workspace/action_data_offset_ws/build_aarch64/crb_ros_msg'\n"}
[2.144246] (crb_ros_msg) StdoutLine: {'line': b"gmake[2]: Entering directory '/workspace/action_data_offset_ws/build_aarch64/crb_ros_msg'\n"}
[2.144445] (crb_ros_msg) StdoutLine: {'line': b"gmake[2]: Nothing to be done for 'CMakeFiles/crb_ros_msg__rosidl_typesupport_fastrtps_cpp.dir/build'.\n"}
[2.144570] (crb_ros_msg) StdoutLine: {'line': b"gmake[2]: Leaving directory '/workspace/action_data_offset_ws/build_aarch64/crb_ros_msg'\n"}
[2.146357] (crb_ros_msg) StdoutLine: {'line': b"gmake[2]: Leaving directory '/workspace/action_data_offset_ws/build_aarch64/crb_ros_msg'\n"}
[2.146586] (crb_ros_msg) StdoutLine: {'line': b'/usr/bin/gmake  -f CMakeFiles/crb_ros_msg__rosidl_typesupport_fastrtps_c.dir/build.make CMakeFiles/crb_ros_msg__rosidl_typesupport_fastrtps_c.dir/build\n'}
[2.146902] (crb_ros_msg) StdoutLine: {'line': b"gmake[2]: Leaving directory '/workspace/action_data_offset_ws/build_aarch64/crb_ros_msg'\n"}
[2.147204] (crb_ros_msg) StdoutLine: {'line': b'/usr/bin/gmake  -f CMakeFiles/crb_ros_msg__rosidl_typesupport_c.dir/build.make CMakeFiles/crb_ros_msg__rosidl_typesupport_c.dir/build\n'}
[2.149765] (crb_ros_msg) StdoutLine: {'line': b"gmake[2]: Leaving directory '/workspace/action_data_offset_ws/build_aarch64/crb_ros_msg'\n"}
[2.149989] (crb_ros_msg) StdoutLine: {'line': b'/usr/bin/gmake  -f CMakeFiles/crb_ros_msg__rosidl_typesupport_introspection_cpp.dir/build.make CMakeFiles/crb_ros_msg__rosidl_typesupport_introspection_cpp.dir/build\n'}
[2.153154] (crb_ros_msg) StdoutLine: {'line': b'[ 25%] Built target crb_ros_msg__rosidl_typesupport_introspection_c\n'}
[2.155276] (crb_ros_msg) StdoutLine: {'line': b'[ 35%] Built target crb_ros_msg__rosidl_typesupport_cpp\n'}
[2.155614] (crb_ros_msg) StdoutLine: {'line': b'[ 45%] Built target crb_ros_msg__rosidl_typesupport_fastrtps_cpp\n'}
[2.155832] (crb_ros_msg) StdoutLine: {'line': b"gmake[2]: Entering directory '/workspace/action_data_offset_ws/build_aarch64/crb_ros_msg'\n"}
[2.156019] (crb_ros_msg) StdoutLine: {'line': b"gmake[2]: Nothing to be done for 'CMakeFiles/crb_ros_msg__rosidl_typesupport_c.dir/build'.\n"}
[2.156206] (crb_ros_msg) StdoutLine: {'line': b"gmake[2]: Leaving directory '/workspace/action_data_offset_ws/build_aarch64/crb_ros_msg'\n"}
[2.159302] (crb_ros_msg) StdoutLine: {'line': b"gmake[2]: Entering directory '/workspace/action_data_offset_ws/build_aarch64/crb_ros_msg'\n"}
[2.159587] (crb_ros_msg) StdoutLine: {'line': b"gmake[2]: Nothing to be done for 'CMakeFiles/crb_ros_msg__rosidl_typesupport_introspection_cpp.dir/build'.\n"}
[2.159818] (crb_ros_msg) StdoutLine: {'line': b"gmake[2]: Leaving directory '/workspace/action_data_offset_ws/build_aarch64/crb_ros_msg'\n"}
[2.160224] (crb_ros_msg) StdoutLine: {'line': b"gmake[2]: Entering directory '/workspace/action_data_offset_ws/build_aarch64/crb_ros_msg'\n"}
[2.160421] (crb_ros_msg) StdoutLine: {'line': b"gmake[2]: Nothing to be done for 'CMakeFiles/crb_ros_msg__rosidl_typesupport_fastrtps_c.dir/build'.\n"}
[2.160588] (crb_ros_msg) StdoutLine: {'line': b"gmake[2]: Leaving directory '/workspace/action_data_offset_ws/build_aarch64/crb_ros_msg'\n"}
[2.167631] (crb_ros_msg) StdoutLine: {'line': b'[ 55%] Built target crb_ros_msg__rosidl_typesupport_c\n'}
[2.170538] (crb_ros_msg) StdoutLine: {'line': b'[ 65%] Built target crb_ros_msg__rosidl_typesupport_introspection_cpp\n'}
[2.175691] (crb_ros_msg) StdoutLine: {'line': b'[ 75%] Built target crb_ros_msg__rosidl_typesupport_fastrtps_c\n'}
[2.176654] (crb_ros_msg) StdoutLine: {'line': b'/usr/bin/gmake  -f CMakeFiles/crb_ros_msg.dir/build.make CMakeFiles/crb_ros_msg.dir/depend\n'}
[2.179923] (crb_ros_msg) StdoutLine: {'line': b"gmake[2]: Entering directory '/workspace/action_data_offset_ws/build_aarch64/crb_ros_msg'\n"}
[2.180141] (crb_ros_msg) StdoutLine: {'line': b'cd /workspace/action_data_offset_ws/build_aarch64/crb_ros_msg && /usr/bin/cmake -E cmake_depends "Unix Makefiles" /workspace/action_data_offset_ws/src/crb_ros_msg /workspace/action_data_offset_ws/src/crb_ros_msg /workspace/action_data_offset_ws/build_aarch64/crb_ros_msg /workspace/action_data_offset_ws/build_aarch64/crb_ros_msg /workspace/action_data_offset_ws/build_aarch64/crb_ros_msg/CMakeFiles/crb_ros_msg.dir/DependInfo.cmake --color=\n'}
[2.196446] (crb_ros_msg) StdoutLine: {'line': b"gmake[2]: Leaving directory '/workspace/action_data_offset_ws/build_aarch64/crb_ros_msg'\n"}
[2.196759] (crb_ros_msg) StdoutLine: {'line': b'/usr/bin/gmake  -f CMakeFiles/crb_ros_msg.dir/build.make CMakeFiles/crb_ros_msg.dir/build\n'}
[2.200799] (crb_ros_msg) StdoutLine: {'line': b"gmake[2]: Entering directory '/workspace/action_data_offset_ws/build_aarch64/crb_ros_msg'\n"}
[2.201008] (crb_ros_msg) StdoutLine: {'line': b"gmake[2]: Nothing to be done for 'CMakeFiles/crb_ros_msg.dir/build'.\n"}
[2.201175] (crb_ros_msg) StdoutLine: {'line': b"gmake[2]: Leaving directory '/workspace/action_data_offset_ws/build_aarch64/crb_ros_msg'\n"}
[2.204168] (-) TimerEvent: {}
[2.212119] (crb_ros_msg) StdoutLine: {'line': b'[ 75%] Built target crb_ros_msg\n'}
[2.213259] (crb_ros_msg) StdoutLine: {'line': b'/usr/bin/gmake  -f crb_ros_msg__py/CMakeFiles/crb_ros_msg__py.dir/build.make crb_ros_msg__py/CMakeFiles/crb_ros_msg__py.dir/depend\n'}
[2.215510] (crb_ros_msg) StdoutLine: {'line': b"gmake[2]: Entering directory '/workspace/action_data_offset_ws/build_aarch64/crb_ros_msg'\n"}
[2.215729] (crb_ros_msg) StdoutLine: {'line': b'cd /workspace/action_data_offset_ws/build_aarch64/crb_ros_msg && /usr/bin/cmake -E cmake_depends "Unix Makefiles" /workspace/action_data_offset_ws/src/crb_ros_msg /workspace/action_data_offset_ws/build_aarch64/crb_ros_msg/crb_ros_msg__py /workspace/action_data_offset_ws/build_aarch64/crb_ros_msg /workspace/action_data_offset_ws/build_aarch64/crb_ros_msg/crb_ros_msg__py /workspace/action_data_offset_ws/build_aarch64/crb_ros_msg/crb_ros_msg__py/CMakeFiles/crb_ros_msg__py.dir/DependInfo.cmake --color=\n'}
[2.229228] (crb_ros_msg) StdoutLine: {'line': b"gmake[2]: Leaving directory '/workspace/action_data_offset_ws/build_aarch64/crb_ros_msg'\n"}
[2.229521] (crb_ros_msg) StdoutLine: {'line': b'/usr/bin/gmake  -f crb_ros_msg__py/CMakeFiles/crb_ros_msg__py.dir/build.make crb_ros_msg__py/CMakeFiles/crb_ros_msg__py.dir/build\n'}
[2.234868] (crb_ros_msg) StdoutLine: {'line': b"gmake[2]: Entering directory '/workspace/action_data_offset_ws/build_aarch64/crb_ros_msg'\n"}
[2.235090] (crb_ros_msg) StdoutLine: {'line': b"gmake[2]: Nothing to be done for 'crb_ros_msg__py/CMakeFiles/crb_ros_msg__py.dir/build'.\n"}
[2.235258] (crb_ros_msg) StdoutLine: {'line': b"gmake[2]: Leaving directory '/workspace/action_data_offset_ws/build_aarch64/crb_ros_msg'\n"}
[2.246269] (crb_ros_msg) StdoutLine: {'line': b'[ 77%] Built target crb_ros_msg__py\n'}
[2.247373] (crb_ros_msg) StdoutLine: {'line': b'/usr/bin/gmake  -f CMakeFiles/crb_ros_msg__rosidl_generator_py.dir/build.make CMakeFiles/crb_ros_msg__rosidl_generator_py.dir/depend\n'}
[2.251003] (crb_ros_msg) StdoutLine: {'line': b"gmake[2]: Entering directory '/workspace/action_data_offset_ws/build_aarch64/crb_ros_msg'\n"}
[2.251319] (crb_ros_msg) StdoutLine: {'line': b'cd /workspace/action_data_offset_ws/build_aarch64/crb_ros_msg && /usr/bin/cmake -E cmake_depends "Unix Makefiles" /workspace/action_data_offset_ws/src/crb_ros_msg /workspace/action_data_offset_ws/src/crb_ros_msg /workspace/action_data_offset_ws/build_aarch64/crb_ros_msg /workspace/action_data_offset_ws/build_aarch64/crb_ros_msg /workspace/action_data_offset_ws/build_aarch64/crb_ros_msg/CMakeFiles/crb_ros_msg__rosidl_generator_py.dir/DependInfo.cmake --color=\n'}
[2.263584] (crb_ros_msg) StdoutLine: {'line': b'Dependencies file "CMakeFiles/crb_ros_msg__rosidl_generator_py.dir/rosidl_generator_py/crb_ros_msg/action/_action_play_s.c.o.d" is newer than depends file "/workspace/action_data_offset_ws/build_aarch64/crb_ros_msg/CMakeFiles/crb_ros_msg__rosidl_generator_py.dir/compiler_depend.internal".\n'}
[2.263971] (crb_ros_msg) StdoutLine: {'line': b'Dependencies file "CMakeFiles/crb_ros_msg__rosidl_generator_py.dir/rosidl_generator_py/crb_ros_msg/msg/_upper_joint_data_s.c.o.d" is newer than depends file "/workspace/action_data_offset_ws/build_aarch64/crb_ros_msg/CMakeFiles/crb_ros_msg__rosidl_generator_py.dir/compiler_depend.internal".\n'}
[2.264257] (crb_ros_msg) StdoutLine: {'line': b'\x1b[35m\x1b[1mConsolidate compiler generated dependencies of target crb_ros_msg__rosidl_generator_py\x1b[0m\n'}
[2.273092] (crb_ros_msg) StdoutLine: {'line': b"gmake[2]: Leaving directory '/workspace/action_data_offset_ws/build_aarch64/crb_ros_msg'\n"}
[2.273378] (crb_ros_msg) StdoutLine: {'line': b'/usr/bin/gmake  -f CMakeFiles/crb_ros_msg__rosidl_generator_py.dir/build.make CMakeFiles/crb_ros_msg__rosidl_generator_py.dir/build\n'}
[2.280850] (crb_ros_msg) StdoutLine: {'line': b"gmake[2]: Entering directory '/workspace/action_data_offset_ws/build_aarch64/crb_ros_msg'\n"}
[2.281058] (crb_ros_msg) StdoutLine: {'line': b"gmake[2]: Nothing to be done for 'CMakeFiles/crb_ros_msg__rosidl_generator_py.dir/build'.\n"}
[2.281158] (crb_ros_msg) StdoutLine: {'line': b"gmake[2]: Leaving directory '/workspace/action_data_offset_ws/build_aarch64/crb_ros_msg'\n"}
[2.297253] (crb_ros_msg) StdoutLine: {'line': b'[ 85%] Built target crb_ros_msg__rosidl_generator_py\n'}
[2.298941] (crb_ros_msg) StdoutLine: {'line': b'/usr/bin/gmake  -f CMakeFiles/crb_ros_msg__rosidl_typesupport_fastrtps_c__pyext.dir/build.make CMakeFiles/crb_ros_msg__rosidl_typesupport_fastrtps_c__pyext.dir/depend\n'}
[2.299406] (crb_ros_msg) StdoutLine: {'line': b'/usr/bin/gmake  -f CMakeFiles/crb_ros_msg__rosidl_typesupport_introspection_c__pyext.dir/build.make CMakeFiles/crb_ros_msg__rosidl_typesupport_introspection_c__pyext.dir/depend\n'}
[2.302848] (crb_ros_msg) StdoutLine: {'line': b'/usr/bin/gmake  -f CMakeFiles/crb_ros_msg__rosidl_typesupport_c__pyext.dir/build.make CMakeFiles/crb_ros_msg__rosidl_typesupport_c__pyext.dir/depend\n'}
[2.303176] (crb_ros_msg) StdoutLine: {'line': b"gmake[2]: Entering directory '/workspace/action_data_offset_ws/build_aarch64/crb_ros_msg'\n"}
[2.303373] (crb_ros_msg) StdoutLine: {'line': b'cd /workspace/action_data_offset_ws/build_aarch64/crb_ros_msg && /usr/bin/cmake -E cmake_depends "Unix Makefiles" /workspace/action_data_offset_ws/src/crb_ros_msg /workspace/action_data_offset_ws/src/crb_ros_msg /workspace/action_data_offset_ws/build_aarch64/crb_ros_msg /workspace/action_data_offset_ws/build_aarch64/crb_ros_msg /workspace/action_data_offset_ws/build_aarch64/crb_ros_msg/CMakeFiles/crb_ros_msg__rosidl_typesupport_fastrtps_c__pyext.dir/DependInfo.cmake --color=\n'}
[2.303566] (crb_ros_msg) StdoutLine: {'line': b"gmake[2]: Entering directory '/workspace/action_data_offset_ws/build_aarch64/crb_ros_msg'\n"}
[2.303757] (crb_ros_msg) StdoutLine: {'line': b'cd /workspace/action_data_offset_ws/build_aarch64/crb_ros_msg && /usr/bin/cmake -E cmake_depends "Unix Makefiles" /workspace/action_data_offset_ws/src/crb_ros_msg /workspace/action_data_offset_ws/src/crb_ros_msg /workspace/action_data_offset_ws/build_aarch64/crb_ros_msg /workspace/action_data_offset_ws/build_aarch64/crb_ros_msg /workspace/action_data_offset_ws/build_aarch64/crb_ros_msg/CMakeFiles/crb_ros_msg__rosidl_typesupport_c__pyext.dir/DependInfo.cmake --color=\n'}
[2.304263] (-) TimerEvent: {}
[2.304664] (crb_ros_msg) StdoutLine: {'line': b"gmake[2]: Entering directory '/workspace/action_data_offset_ws/build_aarch64/crb_ros_msg'\n"}
[2.304874] (crb_ros_msg) StdoutLine: {'line': b'cd /workspace/action_data_offset_ws/build_aarch64/crb_ros_msg && /usr/bin/cmake -E cmake_depends "Unix Makefiles" /workspace/action_data_offset_ws/src/crb_ros_msg /workspace/action_data_offset_ws/src/crb_ros_msg /workspace/action_data_offset_ws/build_aarch64/crb_ros_msg /workspace/action_data_offset_ws/build_aarch64/crb_ros_msg /workspace/action_data_offset_ws/build_aarch64/crb_ros_msg/CMakeFiles/crb_ros_msg__rosidl_typesupport_introspection_c__pyext.dir/DependInfo.cmake --color=\n'}
[2.319250] (crb_ros_msg) StdoutLine: {'line': b'Dependencies file "CMakeFiles/crb_ros_msg__rosidl_typesupport_fastrtps_c__pyext.dir/rosidl_generator_py/crb_ros_msg/_crb_ros_msg_s.ep.rosidl_typesupport_fastrtps_c.c.o.d" is newer than depends file "/workspace/action_data_offset_ws/build_aarch64/crb_ros_msg/CMakeFiles/crb_ros_msg__rosidl_typesupport_fastrtps_c__pyext.dir/compiler_depend.internal".\n'}
[2.319613] (crb_ros_msg) StdoutLine: {'line': b'Dependencies file "CMakeFiles/crb_ros_msg__rosidl_typesupport_c__pyext.dir/rosidl_generator_py/crb_ros_msg/_crb_ros_msg_s.ep.rosidl_typesupport_c.c.o.d" is newer than depends file "/workspace/action_data_offset_ws/build_aarch64/crb_ros_msg/CMakeFiles/crb_ros_msg__rosidl_typesupport_c__pyext.dir/compiler_depend.internal".\n'}
[2.319838] (crb_ros_msg) StdoutLine: {'line': b'\x1b[35m\x1b[1mConsolidate compiler generated dependencies of target crb_ros_msg__rosidl_typesupport_fastrtps_c__pyext\x1b[0m\n'}
[2.320120] (crb_ros_msg) StdoutLine: {'line': b'\x1b[35m\x1b[1mConsolidate compiler generated dependencies of target crb_ros_msg__rosidl_typesupport_c__pyext\x1b[0m\n'}
[2.323751] (crb_ros_msg) StdoutLine: {'line': b'Dependencies file "CMakeFiles/crb_ros_msg__rosidl_typesupport_introspection_c__pyext.dir/rosidl_generator_py/crb_ros_msg/_crb_ros_msg_s.ep.rosidl_typesupport_introspection_c.c.o.d" is newer than depends file "/workspace/action_data_offset_ws/build_aarch64/crb_ros_msg/CMakeFiles/crb_ros_msg__rosidl_typesupport_introspection_c__pyext.dir/compiler_depend.internal".\n'}
[2.324398] (crb_ros_msg) StdoutLine: {'line': b'\x1b[35m\x1b[1mConsolidate compiler generated dependencies of target crb_ros_msg__rosidl_typesupport_introspection_c__pyext\x1b[0m\n'}
[2.329116] (crb_ros_msg) StdoutLine: {'line': b"gmake[2]: Leaving directory '/workspace/action_data_offset_ws/build_aarch64/crb_ros_msg'\n"}
[2.329424] (crb_ros_msg) StdoutLine: {'line': b"gmake[2]: Leaving directory '/workspace/action_data_offset_ws/build_aarch64/crb_ros_msg'\n"}
[2.329656] (crb_ros_msg) StdoutLine: {'line': b'/usr/bin/gmake  -f CMakeFiles/crb_ros_msg__rosidl_typesupport_fastrtps_c__pyext.dir/build.make CMakeFiles/crb_ros_msg__rosidl_typesupport_fastrtps_c__pyext.dir/build\n'}
[2.329828] (crb_ros_msg) StdoutLine: {'line': b'/usr/bin/gmake  -f CMakeFiles/crb_ros_msg__rosidl_typesupport_c__pyext.dir/build.make CMakeFiles/crb_ros_msg__rosidl_typesupport_c__pyext.dir/build\n'}
[2.332281] (crb_ros_msg) StdoutLine: {'line': b"gmake[2]: Leaving directory '/workspace/action_data_offset_ws/build_aarch64/crb_ros_msg'\n"}
[2.332519] (crb_ros_msg) StdoutLine: {'line': b'/usr/bin/gmake  -f CMakeFiles/crb_ros_msg__rosidl_typesupport_introspection_c__pyext.dir/build.make CMakeFiles/crb_ros_msg__rosidl_typesupport_introspection_c__pyext.dir/build\n'}
[2.334642] (crb_ros_msg) StdoutLine: {'line': b"gmake[2]: Entering directory '/workspace/action_data_offset_ws/build_aarch64/crb_ros_msg'\n"}
[2.334877] (crb_ros_msg) StdoutLine: {'line': b"gmake[2]: Nothing to be done for 'CMakeFiles/crb_ros_msg__rosidl_typesupport_fastrtps_c__pyext.dir/build'.\n"}
[2.335036] (crb_ros_msg) StdoutLine: {'line': b"gmake[2]: Leaving directory '/workspace/action_data_offset_ws/build_aarch64/crb_ros_msg'\n"}
[2.336472] (crb_ros_msg) StdoutLine: {'line': b"gmake[2]: Entering directory '/workspace/action_data_offset_ws/build_aarch64/crb_ros_msg'\n"}
[2.336708] (crb_ros_msg) StdoutLine: {'line': b"gmake[2]: Nothing to be done for 'CMakeFiles/crb_ros_msg__rosidl_typesupport_c__pyext.dir/build'.\n"}
[2.337039] (crb_ros_msg) StdoutLine: {'line': b"gmake[2]: Leaving directory '/workspace/action_data_offset_ws/build_aarch64/crb_ros_msg'\n"}
[2.341187] (crb_ros_msg) StdoutLine: {'line': b"gmake[2]: Entering directory '/workspace/action_data_offset_ws/build_aarch64/crb_ros_msg'\n"}
[2.341551] (crb_ros_msg) StdoutLine: {'line': b"gmake[2]: Nothing to be done for 'CMakeFiles/crb_ros_msg__rosidl_typesupport_introspection_c__pyext.dir/build'.\n"}
[2.341764] (crb_ros_msg) StdoutLine: {'line': b"gmake[2]: Leaving directory '/workspace/action_data_offset_ws/build_aarch64/crb_ros_msg'\n"}
[2.347260] (crb_ros_msg) StdoutLine: {'line': b'[ 90%] Built target crb_ros_msg__rosidl_typesupport_fastrtps_c__pyext\n'}
[2.347587] (crb_ros_msg) StdoutLine: {'line': b'[ 95%] Built target crb_ros_msg__rosidl_typesupport_c__pyext\n'}
[2.355827] (crb_ros_msg) StdoutLine: {'line': b'[100%] Built target crb_ros_msg__rosidl_typesupport_introspection_c__pyext\n'}
[2.404405] (-) TimerEvent: {}
[2.457270] (crb_ros_msg) StdoutLine: {'line': b'running egg_info\n'}
[2.457869] (crb_ros_msg) StdoutLine: {'line': b'writing crb_ros_msg.egg-info/PKG-INFO\n'}
[2.458159] (crb_ros_msg) StdoutLine: {'line': b'writing dependency_links to crb_ros_msg.egg-info/dependency_links.txt\n'}
[2.458382] (crb_ros_msg) StdoutLine: {'line': b'writing top-level names to crb_ros_msg.egg-info/top_level.txt\n'}
[2.461252] (crb_ros_msg) StdoutLine: {'line': b"reading manifest file 'crb_ros_msg.egg-info/SOURCES.txt'\n"}
[2.461958] (crb_ros_msg) StdoutLine: {'line': b"writing manifest file 'crb_ros_msg.egg-info/SOURCES.txt'\n"}
[2.477596] (crb_ros_msg) StdoutLine: {'line': b"gmake[2]: Leaving directory '/workspace/action_data_offset_ws/build_aarch64/crb_ros_msg'\n"}
[2.492598] (crb_ros_msg) StdoutLine: {'line': b'[100%] Built target ament_cmake_python_build_crb_ros_msg_egg\n'}
[2.493549] (crb_ros_msg) StdoutLine: {'line': b"gmake[1]: Leaving directory '/workspace/action_data_offset_ws/build_aarch64/crb_ros_msg'\n"}
[2.493837] (crb_ros_msg) StdoutLine: {'line': b'/usr/bin/cmake -E cmake_progress_start /workspace/action_data_offset_ws/build_aarch64/crb_ros_msg/CMakeFiles 0\n'}
[2.504490] (-) TimerEvent: {}
[2.508186] (crb_ros_msg) CommandEnded: {'returncode': 0}
[2.509128] (crb_ros_msg) JobProgress: {'identifier': 'crb_ros_msg', 'progress': 'install'}
[2.519855] (crb_ros_msg) Command: {'cmd': ['/usr/bin/cmake', '--install', '/workspace/action_data_offset_ws/build/crb_ros_msg'], 'cwd': '/workspace/action_data_offset_ws/build/crb_ros_msg', 'env': OrderedDict([('PYTHON_SOABI', 'cpython-310-aarch64-linux-gnu'), ('ARCH', 'aarch64'), ('HOSTNAME', 'aarch64_2204_0429_1149_23'), ('SHLVL', '2'), ('LD_LIBRARY_PATH', '/opt/rootfs_2204_aarch64/opt/ros/humble/opt/rviz_ogre_vendor/lib:/opt/rootfs_2204_aarch64/opt/ros/humble/lib/aarch64-linux-gnu:/opt/rootfs_2204_aarch64/opt/ros/humble/lib'), ('HOME', '/home/casbot'), ('OLDPWD', '/workspace/action_data_offset_ws'), ('ROS_PYTHON_VERSION', '3'), ('CROSS_FLAG', '-DCMAKE_CUSTOM_CROSS=ON -DCMAKE_TOOLCHAIN_FILE=/workspace/action_data_offset_ws/docker_env/environment/cmake-toolchains/generic_aarch64.cmake'), ('project_environment_dir', '/workspace/action_data_offset_ws/docker_env/environment'), ('ROS_DISTRO', 'humble'), ('is_ubuntu_20_04', 'false'), ('_', '/usr/local/bin/colcon'), ('ROS_VERSION', '2'), ('is_orin', 'false'), ('is_ubuntu_22_04', 'true'), ('TERM', 'xterm'), ('ROS_LOCALHOST_ONLY', '0'), ('QT_X11_NO_MITSHM', '1'), ('PATH', '/opt/rootfs_2204_aarch64/opt/ros/humble/bin:/usr/local/sbin:/usr/local/bin:/usr/sbin:/usr/bin:/sbin:/bin'), ('is_pc', 'true'), ('env_is_docker', '1'), ('DISPLAY', ':1'), ('LANG', 'en_US.UTF-8'), ('AMENT_PREFIX_PATH', '/opt/rootfs_2204_aarch64/opt/ros/humble'), ('env_docker_aarch64', '1'), ('PWD', '/workspace/action_data_offset_ws/build_aarch64/crb_ros_msg'), ('env_docker_x86', '0'), ('PYTHONPATH', '/opt/rootfs_2204_aarch64/opt/ros/humble/lib/python3.10/site-packages:/opt/rootfs_2204_aarch64/opt/ros/humble/local/lib/python3.10/dist-packages'), ('SYSROOT', '/opt/rootfs_2204_aarch64/'), ('TARGET_ARCH', 'aarch64'), ('TZ', 'Asia/Shanghai'), ('project_install_dir', '/workspace/action_data_offset_ws/install_aarch64'), ('COLCON', '1'), ('CMAKE_PREFIX_PATH', '/opt/rootfs_2204_aarch64/opt/ros/humble')]), 'shell': False}
[2.531363] (crb_ros_msg) StdoutLine: {'line': b'-- Install configuration: "Release"\n'}
[2.531717] (crb_ros_msg) StdoutLine: {'line': b'-- Up-to-date: /workspace/action_data_offset_ws/install/share/ament_index/resource_index/rosidl_interfaces/crb_ros_msg\n'}
[2.531982] (crb_ros_msg) StdoutLine: {'line': b'-- Up-to-date: /workspace/action_data_offset_ws/install/include/crb_ros_msg/crb_ros_msg\n'}
[2.532326] (crb_ros_msg) StdoutLine: {'line': b'-- Up-to-date: /workspace/action_data_offset_ws/install/include/crb_ros_msg/crb_ros_msg/action\n'}
[2.532575] (crb_ros_msg) StdoutLine: {'line': b'-- Up-to-date: /workspace/action_data_offset_ws/install/include/crb_ros_msg/crb_ros_msg/action/detail\n'}
[2.532793] (crb_ros_msg) StdoutLine: {'line': b'-- Up-to-date: /workspace/action_data_offset_ws/install/include/crb_ros_msg/crb_ros_msg/action/detail/action_play__functions.c\n'}
[2.532977] (crb_ros_msg) StdoutLine: {'line': b'-- Up-to-date: /workspace/action_data_offset_ws/install/include/crb_ros_msg/crb_ros_msg/action/detail/action_play__struct.h\n'}
[2.533144] (crb_ros_msg) StdoutLine: {'line': b'-- Up-to-date: /workspace/action_data_offset_ws/install/include/crb_ros_msg/crb_ros_msg/action/detail/action_play__functions.h\n'}
[2.533324] (crb_ros_msg) StdoutLine: {'line': b'-- Up-to-date: /workspace/action_data_offset_ws/install/include/crb_ros_msg/crb_ros_msg/action/detail/action_play__type_support.h\n'}
[2.533521] (crb_ros_msg) StdoutLine: {'line': b'-- Up-to-date: /workspace/action_data_offset_ws/install/include/crb_ros_msg/crb_ros_msg/action/action_play.h\n'}
[2.533683] (crb_ros_msg) StdoutLine: {'line': b'-- Up-to-date: /workspace/action_data_offset_ws/install/include/crb_ros_msg/crb_ros_msg/msg\n'}
[2.533884] (crb_ros_msg) StdoutLine: {'line': b'-- Up-to-date: /workspace/action_data_offset_ws/install/include/crb_ros_msg/crb_ros_msg/msg/detail\n'}
[2.534128] (crb_ros_msg) StdoutLine: {'line': b'-- Up-to-date: /workspace/action_data_offset_ws/install/include/crb_ros_msg/crb_ros_msg/msg/detail/upper_joint_data__functions.h\n'}
[2.534311] (crb_ros_msg) StdoutLine: {'line': b'-- Up-to-date: /workspace/action_data_offset_ws/install/include/crb_ros_msg/crb_ros_msg/msg/detail/upper_joint_data__type_support.h\n'}
[2.534471] (crb_ros_msg) StdoutLine: {'line': b'-- Up-to-date: /workspace/action_data_offset_ws/install/include/crb_ros_msg/crb_ros_msg/msg/detail/upper_joint_data__functions.c\n'}
[2.534650] (crb_ros_msg) StdoutLine: {'line': b'-- Up-to-date: /workspace/action_data_offset_ws/install/include/crb_ros_msg/crb_ros_msg/msg/detail/upper_joint_data__struct.h\n'}
[2.534825] (crb_ros_msg) StdoutLine: {'line': b'-- Up-to-date: /workspace/action_data_offset_ws/install/include/crb_ros_msg/crb_ros_msg/msg/rosidl_generator_c__visibility_control.h\n'}
[2.535004] (crb_ros_msg) StdoutLine: {'line': b'-- Up-to-date: /workspace/action_data_offset_ws/install/include/crb_ros_msg/crb_ros_msg/msg/upper_joint_data.h\n'}
[2.535190] (crb_ros_msg) StdoutLine: {'line': b'-- Up-to-date: /workspace/action_data_offset_ws/install/share/crb_ros_msg/environment/library_path.sh\n'}
[2.535407] (crb_ros_msg) StdoutLine: {'line': b'-- Installing: /workspace/action_data_offset_ws/install/share/crb_ros_msg/environment/library_path.dsv\n'}
[2.535590] (crb_ros_msg) StdoutLine: {'line': b'-- Up-to-date: /workspace/action_data_offset_ws/install/lib/libcrb_ros_msg__rosidl_generator_c.so\n'}
[2.535800] (crb_ros_msg) StdoutLine: {'line': b'-- Up-to-date: /workspace/action_data_offset_ws/install/include/crb_ros_msg/crb_ros_msg\n'}
[2.535971] (crb_ros_msg) StdoutLine: {'line': b'-- Up-to-date: /workspace/action_data_offset_ws/install/include/crb_ros_msg/crb_ros_msg/action\n'}
[2.536162] (crb_ros_msg) StdoutLine: {'line': b'-- Up-to-date: /workspace/action_data_offset_ws/install/include/crb_ros_msg/crb_ros_msg/action/detail\n'}
[2.536319] (crb_ros_msg) StdoutLine: {'line': b'-- Up-to-date: /workspace/action_data_offset_ws/install/include/crb_ros_msg/crb_ros_msg/action/detail/action_play__rosidl_typesupport_fastrtps_c.h\n'}
[2.536476] (crb_ros_msg) StdoutLine: {'line': b'-- Up-to-date: /workspace/action_data_offset_ws/install/include/crb_ros_msg/crb_ros_msg/msg\n'}
[2.536632] (crb_ros_msg) StdoutLine: {'line': b'-- Up-to-date: /workspace/action_data_offset_ws/install/include/crb_ros_msg/crb_ros_msg/msg/rosidl_typesupport_fastrtps_c__visibility_control.h\n'}
[2.536840] (crb_ros_msg) StdoutLine: {'line': b'-- Up-to-date: /workspace/action_data_offset_ws/install/include/crb_ros_msg/crb_ros_msg/msg/detail\n'}
[2.537001] (crb_ros_msg) StdoutLine: {'line': b'-- Up-to-date: /workspace/action_data_offset_ws/install/include/crb_ros_msg/crb_ros_msg/msg/detail/upper_joint_data__rosidl_typesupport_fastrtps_c.h\n'}
[2.537264] (crb_ros_msg) StdoutLine: {'line': b'-- Up-to-date: /workspace/action_data_offset_ws/install/lib/libcrb_ros_msg__rosidl_typesupport_fastrtps_c.so\n'}
[2.537469] (crb_ros_msg) StdoutLine: {'line': b'-- Up-to-date: /workspace/action_data_offset_ws/install/include/crb_ros_msg/crb_ros_msg\n'}
[2.537652] (crb_ros_msg) StdoutLine: {'line': b'-- Up-to-date: /workspace/action_data_offset_ws/install/include/crb_ros_msg/crb_ros_msg/action\n'}
[2.537886] (crb_ros_msg) StdoutLine: {'line': b'-- Up-to-date: /workspace/action_data_offset_ws/install/include/crb_ros_msg/crb_ros_msg/action/detail\n'}
[2.538075] (crb_ros_msg) StdoutLine: {'line': b'-- Up-to-date: /workspace/action_data_offset_ws/install/include/crb_ros_msg/crb_ros_msg/action/detail/action_play__type_support.c\n'}
[2.538342] (crb_ros_msg) StdoutLine: {'line': b'-- Up-to-date: /workspace/action_data_offset_ws/install/include/crb_ros_msg/crb_ros_msg/action/detail/action_play__rosidl_typesupport_introspection_c.h\n'}
[2.538546] (crb_ros_msg) StdoutLine: {'line': b'-- Up-to-date: /workspace/action_data_offset_ws/install/include/crb_ros_msg/crb_ros_msg/msg\n'}
[2.538762] (crb_ros_msg) StdoutLine: {'line': b'-- Up-to-date: /workspace/action_data_offset_ws/install/include/crb_ros_msg/crb_ros_msg/msg/detail\n'}
[2.538955] (crb_ros_msg) StdoutLine: {'line': b'-- Up-to-date: /workspace/action_data_offset_ws/install/include/crb_ros_msg/crb_ros_msg/msg/detail/upper_joint_data__rosidl_typesupport_introspection_c.h\n'}
[2.539159] (crb_ros_msg) StdoutLine: {'line': b'-- Up-to-date: /workspace/action_data_offset_ws/install/include/crb_ros_msg/crb_ros_msg/msg/detail/upper_joint_data__type_support.c\n'}
[2.539357] (crb_ros_msg) StdoutLine: {'line': b'-- Up-to-date: /workspace/action_data_offset_ws/install/include/crb_ros_msg/crb_ros_msg/msg/rosidl_typesupport_introspection_c__visibility_control.h\n'}
[2.539575] (crb_ros_msg) StdoutLine: {'line': b'-- Up-to-date: /workspace/action_data_offset_ws/install/lib/libcrb_ros_msg__rosidl_typesupport_introspection_c.so\n'}
[2.539757] (crb_ros_msg) StdoutLine: {'line': b'-- Up-to-date: /workspace/action_data_offset_ws/install/lib/libcrb_ros_msg__rosidl_typesupport_c.so\n'}
[2.539935] (crb_ros_msg) StdoutLine: {'line': b'-- Up-to-date: /workspace/action_data_offset_ws/install/include/crb_ros_msg/crb_ros_msg\n'}
[2.540105] (crb_ros_msg) StdoutLine: {'line': b'-- Up-to-date: /workspace/action_data_offset_ws/install/include/crb_ros_msg/crb_ros_msg/action\n'}
[2.540285] (crb_ros_msg) StdoutLine: {'line': b'-- Up-to-date: /workspace/action_data_offset_ws/install/include/crb_ros_msg/crb_ros_msg/action/detail\n'}
[2.540452] (crb_ros_msg) StdoutLine: {'line': b'-- Up-to-date: /workspace/action_data_offset_ws/install/include/crb_ros_msg/crb_ros_msg/action/detail/action_play__traits.hpp\n'}
[2.540612] (crb_ros_msg) StdoutLine: {'line': b'-- Up-to-date: /workspace/action_data_offset_ws/install/include/crb_ros_msg/crb_ros_msg/action/detail/action_play__type_support.hpp\n'}
[2.540811] (crb_ros_msg) StdoutLine: {'line': b'-- Up-to-date: /workspace/action_data_offset_ws/install/include/crb_ros_msg/crb_ros_msg/action/detail/action_play__builder.hpp\n'}
[2.540979] (crb_ros_msg) StdoutLine: {'line': b'-- Up-to-date: /workspace/action_data_offset_ws/install/include/crb_ros_msg/crb_ros_msg/action/detail/action_play__struct.hpp\n'}
[2.541168] (crb_ros_msg) StdoutLine: {'line': b'-- Up-to-date: /workspace/action_data_offset_ws/install/include/crb_ros_msg/crb_ros_msg/action/action_play.hpp\n'}
[2.541327] (crb_ros_msg) StdoutLine: {'line': b'-- Up-to-date: /workspace/action_data_offset_ws/install/include/crb_ros_msg/crb_ros_msg/msg\n'}
[2.541505] (crb_ros_msg) StdoutLine: {'line': b'-- Up-to-date: /workspace/action_data_offset_ws/install/include/crb_ros_msg/crb_ros_msg/msg/detail\n'}
[2.541665] (crb_ros_msg) StdoutLine: {'line': b'-- Up-to-date: /workspace/action_data_offset_ws/install/include/crb_ros_msg/crb_ros_msg/msg/detail/upper_joint_data__traits.hpp\n'}
[2.541849] (crb_ros_msg) StdoutLine: {'line': b'-- Up-to-date: /workspace/action_data_offset_ws/install/include/crb_ros_msg/crb_ros_msg/msg/detail/upper_joint_data__type_support.hpp\n'}
[2.542032] (crb_ros_msg) StdoutLine: {'line': b'-- Up-to-date: /workspace/action_data_offset_ws/install/include/crb_ros_msg/crb_ros_msg/msg/detail/upper_joint_data__struct.hpp\n'}
[2.542209] (crb_ros_msg) StdoutLine: {'line': b'-- Up-to-date: /workspace/action_data_offset_ws/install/include/crb_ros_msg/crb_ros_msg/msg/detail/upper_joint_data__builder.hpp\n'}
[2.542411] (crb_ros_msg) StdoutLine: {'line': b'-- Up-to-date: /workspace/action_data_offset_ws/install/include/crb_ros_msg/crb_ros_msg/msg/rosidl_generator_cpp__visibility_control.hpp\n'}
[2.542569] (crb_ros_msg) StdoutLine: {'line': b'-- Up-to-date: /workspace/action_data_offset_ws/install/include/crb_ros_msg/crb_ros_msg/msg/upper_joint_data.hpp\n'}
[2.542724] (crb_ros_msg) StdoutLine: {'line': b'-- Up-to-date: /workspace/action_data_offset_ws/install/include/crb_ros_msg/crb_ros_msg\n'}
[2.542959] (crb_ros_msg) StdoutLine: {'line': b'-- Up-to-date: /workspace/action_data_offset_ws/install/include/crb_ros_msg/crb_ros_msg/action\n'}
[2.543153] (crb_ros_msg) StdoutLine: {'line': b'-- Up-to-date: /workspace/action_data_offset_ws/install/include/crb_ros_msg/crb_ros_msg/action/detail\n'}
[2.543339] (crb_ros_msg) StdoutLine: {'line': b'-- Up-to-date: /workspace/action_data_offset_ws/install/include/crb_ros_msg/crb_ros_msg/action/detail/action_play__rosidl_typesupport_fastrtps_cpp.hpp\n'}
[2.543524] (crb_ros_msg) StdoutLine: {'line': b'-- Up-to-date: /workspace/action_data_offset_ws/install/include/crb_ros_msg/crb_ros_msg/action/detail/dds_fastrtps\n'}
[2.543720] (crb_ros_msg) StdoutLine: {'line': b'-- Up-to-date: /workspace/action_data_offset_ws/install/include/crb_ros_msg/crb_ros_msg/msg\n'}
[2.543893] (crb_ros_msg) StdoutLine: {'line': b'-- Up-to-date: /workspace/action_data_offset_ws/install/include/crb_ros_msg/crb_ros_msg/msg/detail\n'}
[2.544078] (crb_ros_msg) StdoutLine: {'line': b'-- Up-to-date: /workspace/action_data_offset_ws/install/include/crb_ros_msg/crb_ros_msg/msg/detail/upper_joint_data__rosidl_typesupport_fastrtps_cpp.hpp\n'}
[2.544235] (crb_ros_msg) StdoutLine: {'line': b'-- Up-to-date: /workspace/action_data_offset_ws/install/include/crb_ros_msg/crb_ros_msg/msg/detail/dds_fastrtps\n'}
[2.544412] (crb_ros_msg) StdoutLine: {'line': b'-- Up-to-date: /workspace/action_data_offset_ws/install/include/crb_ros_msg/crb_ros_msg/msg/rosidl_typesupport_fastrtps_cpp__visibility_control.h\n'}
[2.544569] (crb_ros_msg) StdoutLine: {'line': b'-- Up-to-date: /workspace/action_data_offset_ws/install/lib/libcrb_ros_msg__rosidl_typesupport_fastrtps_cpp.so\n'}
[2.544725] (crb_ros_msg) StdoutLine: {'line': b'-- Up-to-date: /workspace/action_data_offset_ws/install/include/crb_ros_msg/crb_ros_msg\n'}
[2.544904] (crb_ros_msg) StdoutLine: {'line': b'-- Up-to-date: /workspace/action_data_offset_ws/install/include/crb_ros_msg/crb_ros_msg/action\n'}
[2.545061] (crb_ros_msg) StdoutLine: {'line': b'-- Up-to-date: /workspace/action_data_offset_ws/install/include/crb_ros_msg/crb_ros_msg/action/detail\n'}
[2.545215] (crb_ros_msg) StdoutLine: {'line': b'-- Up-to-date: /workspace/action_data_offset_ws/install/include/crb_ros_msg/crb_ros_msg/action/detail/action_play__rosidl_typesupport_introspection_cpp.hpp\n'}
[2.545369] (crb_ros_msg) StdoutLine: {'line': b'-- Up-to-date: /workspace/action_data_offset_ws/install/include/crb_ros_msg/crb_ros_msg/action/detail/action_play__type_support.cpp\n'}
[2.545525] (crb_ros_msg) StdoutLine: {'line': b'-- Up-to-date: /workspace/action_data_offset_ws/install/include/crb_ros_msg/crb_ros_msg/msg\n'}
[2.545685] (crb_ros_msg) StdoutLine: {'line': b'-- Up-to-date: /workspace/action_data_offset_ws/install/include/crb_ros_msg/crb_ros_msg/msg/detail\n'}
[2.545856] (crb_ros_msg) StdoutLine: {'line': b'-- Up-to-date: /workspace/action_data_offset_ws/install/include/crb_ros_msg/crb_ros_msg/msg/detail/upper_joint_data__rosidl_typesupport_introspection_cpp.hpp\n'}
[2.546030] (crb_ros_msg) StdoutLine: {'line': b'-- Up-to-date: /workspace/action_data_offset_ws/install/include/crb_ros_msg/crb_ros_msg/msg/detail/upper_joint_data__type_support.cpp\n'}
[2.546187] (crb_ros_msg) StdoutLine: {'line': b'-- Up-to-date: /workspace/action_data_offset_ws/install/lib/libcrb_ros_msg__rosidl_typesupport_introspection_cpp.so\n'}
[2.546357] (crb_ros_msg) StdoutLine: {'line': b'-- Up-to-date: /workspace/action_data_offset_ws/install/lib/libcrb_ros_msg__rosidl_typesupport_cpp.so\n'}
[2.546515] (crb_ros_msg) StdoutLine: {'line': b'-- Up-to-date: /workspace/action_data_offset_ws/install/share/crb_ros_msg/environment/pythonpath.sh\n'}
[2.546670] (crb_ros_msg) StdoutLine: {'line': b'-- Installing: /workspace/action_data_offset_ws/install/share/crb_ros_msg/environment/pythonpath.dsv\n'}
[2.546838] (crb_ros_msg) StdoutLine: {'line': b'-- Up-to-date: /workspace/action_data_offset_ws/install/local/lib/python3.10/dist-packages/crb_ros_msg-0.1.0-py3.10.egg-info\n'}
[2.546996] (crb_ros_msg) StdoutLine: {'line': b'-- Installing: /workspace/action_data_offset_ws/install/local/lib/python3.10/dist-packages/crb_ros_msg-0.1.0-py3.10.egg-info/PKG-INFO\n'}
[2.547151] (crb_ros_msg) StdoutLine: {'line': b'-- Installing: /workspace/action_data_offset_ws/install/local/lib/python3.10/dist-packages/crb_ros_msg-0.1.0-py3.10.egg-info/dependency_links.txt\n'}
[2.547306] (crb_ros_msg) StdoutLine: {'line': b'-- Installing: /workspace/action_data_offset_ws/install/local/lib/python3.10/dist-packages/crb_ros_msg-0.1.0-py3.10.egg-info/SOURCES.txt\n'}
[2.547468] (crb_ros_msg) StdoutLine: {'line': b'-- Installing: /workspace/action_data_offset_ws/install/local/lib/python3.10/dist-packages/crb_ros_msg-0.1.0-py3.10.egg-info/top_level.txt\n'}
[2.547627] (crb_ros_msg) StdoutLine: {'line': b'-- Up-to-date: /workspace/action_data_offset_ws/install/local/lib/python3.10/dist-packages/crb_ros_msg\n'}
[2.547794] (crb_ros_msg) StdoutLine: {'line': b'-- Up-to-date: /workspace/action_data_offset_ws/install/local/lib/python3.10/dist-packages/crb_ros_msg/libcrb_ros_msg__rosidl_generator_py.so\n'}
[2.547961] (crb_ros_msg) StdoutLine: {'line': b'-- Installing: /workspace/action_data_offset_ws/install/local/lib/python3.10/dist-packages/crb_ros_msg/crb_ros_msg_s__rosidl_typesupport_introspection_c.cpython-310-x86_64-linux-gnu.so\n'}
[2.548124] (crb_ros_msg) StdoutLine: {'line': b'-- Up-to-date: /workspace/action_data_offset_ws/install/local/lib/python3.10/dist-packages/crb_ros_msg/_crb_ros_msg_s.ep.rosidl_typesupport_fastrtps_c.c\n'}
[2.548281] (crb_ros_msg) StdoutLine: {'line': b'-- Up-to-date: /workspace/action_data_offset_ws/install/local/lib/python3.10/dist-packages/crb_ros_msg/_crb_ros_msg_s.ep.rosidl_typesupport_c.c\n'}
[2.548438] (crb_ros_msg) StdoutLine: {'line': b'-- Up-to-date: /workspace/action_data_offset_ws/install/local/lib/python3.10/dist-packages/crb_ros_msg/action\n'}
[2.548593] (crb_ros_msg) StdoutLine: {'line': b'-- Up-to-date: /workspace/action_data_offset_ws/install/local/lib/python3.10/dist-packages/crb_ros_msg/action/_action_play.py\n'}
[2.548760] (crb_ros_msg) StdoutLine: {'line': b'-- Up-to-date: /workspace/action_data_offset_ws/install/local/lib/python3.10/dist-packages/crb_ros_msg/action/__init__.py\n'}
[2.548930] (crb_ros_msg) StdoutLine: {'line': b'-- Up-to-date: /workspace/action_data_offset_ws/install/local/lib/python3.10/dist-packages/crb_ros_msg/action/_action_play_s.c\n'}
[2.549089] (crb_ros_msg) StdoutLine: {'line': b'-- Installing: /workspace/action_data_offset_ws/install/local/lib/python3.10/dist-packages/crb_ros_msg/__init__.py\n'}
[2.549247] (crb_ros_msg) StdoutLine: {'line': b'-- Up-to-date: /workspace/action_data_offset_ws/install/local/lib/python3.10/dist-packages/crb_ros_msg/msg\n'}
[2.549403] (crb_ros_msg) StdoutLine: {'line': b'-- Up-to-date: /workspace/action_data_offset_ws/install/local/lib/python3.10/dist-packages/crb_ros_msg/msg/_upper_joint_data.py\n'}
[2.549562] (crb_ros_msg) StdoutLine: {'line': b'-- Up-to-date: /workspace/action_data_offset_ws/install/local/lib/python3.10/dist-packages/crb_ros_msg/msg/_upper_joint_data_s.c\n'}
[2.549730] (crb_ros_msg) StdoutLine: {'line': b'-- Up-to-date: /workspace/action_data_offset_ws/install/local/lib/python3.10/dist-packages/crb_ros_msg/msg/__init__.py\n'}
[2.549908] (crb_ros_msg) StdoutLine: {'line': b'-- Installing: /workspace/action_data_offset_ws/install/local/lib/python3.10/dist-packages/crb_ros_msg/crb_ros_msg_s__rosidl_typesupport_fastrtps_c.cpython-310-x86_64-linux-gnu.so\n'}
[2.550071] (crb_ros_msg) StdoutLine: {'line': b'-- Installing: /workspace/action_data_offset_ws/install/local/lib/python3.10/dist-packages/crb_ros_msg/crb_ros_msg_s__rosidl_typesupport_c.cpython-310-x86_64-linux-gnu.so\n'}
[2.550230] (crb_ros_msg) StdoutLine: {'line': b'-- Up-to-date: /workspace/action_data_offset_ws/install/local/lib/python3.10/dist-packages/crb_ros_msg/_crb_ros_msg_s.ep.rosidl_typesupport_introspection_c.c\n'}
[2.581214] (crb_ros_msg) StdoutLine: {'line': b"Listing '/workspace/action_data_offset_ws/install/local/lib/python3.10/dist-packages/crb_ros_msg'...\n"}
[2.581497] (crb_ros_msg) StdoutLine: {'line': b"Compiling '/workspace/action_data_offset_ws/install/local/lib/python3.10/dist-packages/crb_ros_msg/__init__.py'...\n"}
[2.581668] (crb_ros_msg) StdoutLine: {'line': b"Listing '/workspace/action_data_offset_ws/install/local/lib/python3.10/dist-packages/crb_ros_msg/action'...\n"}
[2.581857] (crb_ros_msg) StdoutLine: {'line': b"Listing '/workspace/action_data_offset_ws/install/local/lib/python3.10/dist-packages/crb_ros_msg/msg'...\n"}
[2.585948] (crb_ros_msg) StdoutLine: {'line': b'-- Installing: /workspace/action_data_offset_ws/install/local/lib/python3.10/dist-packages/crb_ros_msg/crb_ros_msg_s__rosidl_typesupport_fastrtps_c.cpython-310-x86_64-linux-gnu.so\n'}
[2.586908] (crb_ros_msg) StdoutLine: {'line': b'-- Set runtime path of "/workspace/action_data_offset_ws/install/local/lib/python3.10/dist-packages/crb_ros_msg/crb_ros_msg_s__rosidl_typesupport_fastrtps_c.cpython-310-x86_64-linux-gnu.so" to ""\n'}
[2.587325] (crb_ros_msg) StdoutLine: {'line': b'-- Installing: /workspace/action_data_offset_ws/install/local/lib/python3.10/dist-packages/crb_ros_msg/crb_ros_msg_s__rosidl_typesupport_introspection_c.cpython-310-x86_64-linux-gnu.so\n'}
[2.588233] (crb_ros_msg) StdoutLine: {'line': b'-- Set runtime path of "/workspace/action_data_offset_ws/install/local/lib/python3.10/dist-packages/crb_ros_msg/crb_ros_msg_s__rosidl_typesupport_introspection_c.cpython-310-x86_64-linux-gnu.so" to ""\n'}
[2.588669] (crb_ros_msg) StdoutLine: {'line': b'-- Installing: /workspace/action_data_offset_ws/install/local/lib/python3.10/dist-packages/crb_ros_msg/crb_ros_msg_s__rosidl_typesupport_c.cpython-310-x86_64-linux-gnu.so\n'}
[2.589550] (crb_ros_msg) StdoutLine: {'line': b'-- Set runtime path of "/workspace/action_data_offset_ws/install/local/lib/python3.10/dist-packages/crb_ros_msg/crb_ros_msg_s__rosidl_typesupport_c.cpython-310-x86_64-linux-gnu.so" to ""\n'}
[2.589878] (crb_ros_msg) StdoutLine: {'line': b'-- Up-to-date: /workspace/action_data_offset_ws/install/lib/libcrb_ros_msg__rosidl_generator_py.so\n'}
[2.590241] (crb_ros_msg) StdoutLine: {'line': b'-- Up-to-date: /workspace/action_data_offset_ws/install/share/ament_index/resource_index/rust_packages/crb_ros_msg\n'}
[2.590494] (crb_ros_msg) StdoutLine: {'line': b'-- Up-to-date: /workspace/action_data_offset_ws/install/share/crb_ros_msg/rust\n'}
[2.590739] (crb_ros_msg) StdoutLine: {'line': b'-- Up-to-date: /workspace/action_data_offset_ws/install/share/crb_ros_msg/rust/src\n'}
[2.591004] (crb_ros_msg) StdoutLine: {'line': b'-- Up-to-date: /workspace/action_data_offset_ws/install/share/crb_ros_msg/rust/src/action.rs\n'}
[2.591182] (crb_ros_msg) StdoutLine: {'line': b'-- Up-to-date: /workspace/action_data_offset_ws/install/share/crb_ros_msg/rust/src/lib.rs\n'}
[2.591345] (crb_ros_msg) StdoutLine: {'line': b'-- Up-to-date: /workspace/action_data_offset_ws/install/share/crb_ros_msg/rust/src/action\n'}
[2.591504] (crb_ros_msg) StdoutLine: {'line': b'-- Up-to-date: /workspace/action_data_offset_ws/install/share/crb_ros_msg/rust/src/action/rmw.rs\n'}
[2.591699] (crb_ros_msg) StdoutLine: {'line': b'-- Up-to-date: /workspace/action_data_offset_ws/install/share/crb_ros_msg/rust/src/msg.rs\n'}
[2.591898] (crb_ros_msg) StdoutLine: {'line': b'-- Up-to-date: /workspace/action_data_offset_ws/install/share/crb_ros_msg/rust/src/msg\n'}
[2.592065] (crb_ros_msg) StdoutLine: {'line': b'-- Up-to-date: /workspace/action_data_offset_ws/install/share/crb_ros_msg/rust/src/msg/rmw.rs\n'}
[2.592238] (crb_ros_msg) StdoutLine: {'line': b'-- Up-to-date: /workspace/action_data_offset_ws/install/share/crb_ros_msg/rust/build.rs\n'}
[2.592477] (crb_ros_msg) StdoutLine: {'line': b'-- Up-to-date: /workspace/action_data_offset_ws/install/share/crb_ros_msg/rust/Cargo.toml\n'}
[2.592635] (crb_ros_msg) StdoutLine: {'line': b'-- Up-to-date: /workspace/action_data_offset_ws/install/share/crb_ros_msg/msg/UpperJointData.idl\n'}
[2.592858] (crb_ros_msg) StdoutLine: {'line': b'-- Up-to-date: /workspace/action_data_offset_ws/install/share/crb_ros_msg/action/ActionPlay.idl\n'}
[2.593040] (crb_ros_msg) StdoutLine: {'line': b'-- Up-to-date: /workspace/action_data_offset_ws/install/share/crb_ros_msg/msg/UpperJointData.msg\n'}
[2.593239] (crb_ros_msg) StdoutLine: {'line': b'-- Up-to-date: /workspace/action_data_offset_ws/install/share/crb_ros_msg/action/ActionPlay.action\n'}
[2.593424] (crb_ros_msg) StdoutLine: {'line': b'-- Up-to-date: /workspace/action_data_offset_ws/install/share/ament_index/resource_index/package_run_dependencies/crb_ros_msg\n'}
[2.593622] (crb_ros_msg) StdoutLine: {'line': b'-- Installing: /workspace/action_data_offset_ws/install/share/ament_index/resource_index/parent_prefix_path/crb_ros_msg\n'}
[2.593843] (crb_ros_msg) StdoutLine: {'line': b'-- Up-to-date: /workspace/action_data_offset_ws/install/share/crb_ros_msg/environment/ament_prefix_path.sh\n'}
[2.594029] (crb_ros_msg) StdoutLine: {'line': b'-- Installing: /workspace/action_data_offset_ws/install/share/crb_ros_msg/environment/ament_prefix_path.dsv\n'}
[2.594224] (crb_ros_msg) StdoutLine: {'line': b'-- Up-to-date: /workspace/action_data_offset_ws/install/share/crb_ros_msg/environment/path.sh\n'}
[2.594425] (crb_ros_msg) StdoutLine: {'line': b'-- Installing: /workspace/action_data_offset_ws/install/share/crb_ros_msg/environment/path.dsv\n'}
[2.594609] (crb_ros_msg) StdoutLine: {'line': b'-- Up-to-date: /workspace/action_data_offset_ws/install/share/crb_ros_msg/local_setup.bash\n'}
[2.594854] (crb_ros_msg) StdoutLine: {'line': b'-- Up-to-date: /workspace/action_data_offset_ws/install/share/crb_ros_msg/local_setup.sh\n'}
[2.595080] (crb_ros_msg) StdoutLine: {'line': b'-- Up-to-date: /workspace/action_data_offset_ws/install/share/crb_ros_msg/local_setup.zsh\n'}
[2.595271] (crb_ros_msg) StdoutLine: {'line': b'-- Installing: /workspace/action_data_offset_ws/install/share/crb_ros_msg/local_setup.dsv\n'}
[2.595489] (crb_ros_msg) StdoutLine: {'line': b'-- Installing: /workspace/action_data_offset_ws/install/share/crb_ros_msg/package.dsv\n'}
[2.595675] (crb_ros_msg) StdoutLine: {'line': b'-- Up-to-date: /workspace/action_data_offset_ws/install/share/ament_index/resource_index/packages/crb_ros_msg\n'}
[2.595843] (crb_ros_msg) StdoutLine: {'line': b'-- Up-to-date: /workspace/action_data_offset_ws/install/share/crb_ros_msg/cmake/export_crb_ros_msg__rosidl_generator_cExport.cmake\n'}
[2.596008] (crb_ros_msg) StdoutLine: {'line': b'-- Up-to-date: /workspace/action_data_offset_ws/install/share/crb_ros_msg/cmake/export_crb_ros_msg__rosidl_generator_cExport-release.cmake\n'}
[2.596165] (crb_ros_msg) StdoutLine: {'line': b'-- Up-to-date: /workspace/action_data_offset_ws/install/share/crb_ros_msg/cmake/export_crb_ros_msg__rosidl_typesupport_fastrtps_cExport.cmake\n'}
[2.596320] (crb_ros_msg) StdoutLine: {'line': b'-- Up-to-date: /workspace/action_data_offset_ws/install/share/crb_ros_msg/cmake/export_crb_ros_msg__rosidl_typesupport_fastrtps_cExport-release.cmake\n'}
[2.596488] (crb_ros_msg) StdoutLine: {'line': b'-- Up-to-date: /workspace/action_data_offset_ws/install/share/crb_ros_msg/cmake/crb_ros_msg__rosidl_typesupport_introspection_cExport.cmake\n'}
[2.596648] (crb_ros_msg) StdoutLine: {'line': b'-- Up-to-date: /workspace/action_data_offset_ws/install/share/crb_ros_msg/cmake/crb_ros_msg__rosidl_typesupport_introspection_cExport-release.cmake\n'}
[2.596813] (crb_ros_msg) StdoutLine: {'line': b'-- Up-to-date: /workspace/action_data_offset_ws/install/share/crb_ros_msg/cmake/crb_ros_msg__rosidl_typesupport_cExport.cmake\n'}
[2.596975] (crb_ros_msg) StdoutLine: {'line': b'-- Up-to-date: /workspace/action_data_offset_ws/install/share/crb_ros_msg/cmake/crb_ros_msg__rosidl_typesupport_cExport-release.cmake\n'}
[2.597131] (crb_ros_msg) StdoutLine: {'line': b'-- Up-to-date: /workspace/action_data_offset_ws/install/share/crb_ros_msg/cmake/export_crb_ros_msg__rosidl_generator_cppExport.cmake\n'}
[2.597493] (crb_ros_msg) StdoutLine: {'line': b'-- Up-to-date: /workspace/action_data_offset_ws/install/share/crb_ros_msg/cmake/export_crb_ros_msg__rosidl_typesupport_fastrtps_cppExport.cmake\n'}
[2.598199] (crb_ros_msg) StdoutLine: {'line': b'-- Up-to-date: /workspace/action_data_offset_ws/install/share/crb_ros_msg/cmake/export_crb_ros_msg__rosidl_typesupport_fastrtps_cppExport-release.cmake\n'}
[2.599226] (crb_ros_msg) StdoutLine: {'line': b'-- Up-to-date: /workspace/action_data_offset_ws/install/share/crb_ros_msg/cmake/crb_ros_msg__rosidl_typesupport_introspection_cppExport.cmake\n'}
[2.599437] (crb_ros_msg) StdoutLine: {'line': b'-- Up-to-date: /workspace/action_data_offset_ws/install/share/crb_ros_msg/cmake/crb_ros_msg__rosidl_typesupport_introspection_cppExport-release.cmake\n'}
[2.599666] (crb_ros_msg) StdoutLine: {'line': b'-- Up-to-date: /workspace/action_data_offset_ws/install/share/crb_ros_msg/cmake/crb_ros_msg__rosidl_typesupport_cppExport.cmake\n'}
[2.599899] (crb_ros_msg) StdoutLine: {'line': b'-- Up-to-date: /workspace/action_data_offset_ws/install/share/crb_ros_msg/cmake/crb_ros_msg__rosidl_typesupport_cppExport-release.cmake\n'}
[2.600123] (crb_ros_msg) StdoutLine: {'line': b'-- Up-to-date: /workspace/action_data_offset_ws/install/share/crb_ros_msg/cmake/export_crb_ros_msg__rosidl_generator_pyExport.cmake\n'}
[2.600370] (crb_ros_msg) StdoutLine: {'line': b'-- Up-to-date: /workspace/action_data_offset_ws/install/share/crb_ros_msg/cmake/export_crb_ros_msg__rosidl_generator_pyExport-release.cmake\n'}
[2.600671] (crb_ros_msg) StdoutLine: {'line': b'-- Up-to-date: /workspace/action_data_offset_ws/install/share/crb_ros_msg/cmake/rosidl_cmake-extras.cmake\n'}
[2.600904] (crb_ros_msg) StdoutLine: {'line': b'-- Up-to-date: /workspace/action_data_offset_ws/install/share/crb_ros_msg/cmake/ament_cmake_export_dependencies-extras.cmake\n'}
[2.601101] (crb_ros_msg) StdoutLine: {'line': b'-- Up-to-date: /workspace/action_data_offset_ws/install/share/crb_ros_msg/cmake/ament_cmake_export_include_directories-extras.cmake\n'}
[2.601314] (crb_ros_msg) StdoutLine: {'line': b'-- Up-to-date: /workspace/action_data_offset_ws/install/share/crb_ros_msg/cmake/ament_cmake_export_libraries-extras.cmake\n'}
[2.601533] (crb_ros_msg) StdoutLine: {'line': b'-- Up-to-date: /workspace/action_data_offset_ws/install/share/crb_ros_msg/cmake/ament_cmake_export_targets-extras.cmake\n'}
[2.601768] (crb_ros_msg) StdoutLine: {'line': b'-- Up-to-date: /workspace/action_data_offset_ws/install/share/crb_ros_msg/cmake/rosidl_cmake_export_typesupport_targets-extras.cmake\n'}
[2.602060] (crb_ros_msg) StdoutLine: {'line': b'-- Up-to-date: /workspace/action_data_offset_ws/install/share/crb_ros_msg/cmake/rosidl_cmake_export_typesupport_libraries-extras.cmake\n'}
[2.602446] (crb_ros_msg) StdoutLine: {'line': b'-- Up-to-date: /workspace/action_data_offset_ws/install/share/crb_ros_msg/cmake/crb_ros_msgConfig.cmake\n'}
[2.602664] (crb_ros_msg) StdoutLine: {'line': b'-- Up-to-date: /workspace/action_data_offset_ws/install/share/crb_ros_msg/cmake/crb_ros_msgConfig-version.cmake\n'}
[2.602895] (crb_ros_msg) StdoutLine: {'line': b'-- Up-to-date: /workspace/action_data_offset_ws/install/share/crb_ros_msg/package.xml\n'}
[2.603111] (crb_ros_msg) CommandEnded: {'returncode': 0}
[2.604575] (-) TimerEvent: {}
[2.649534] (crb_ros_msg) JobEnded: {'identifier': 'crb_ros_msg', 'rc': 0}
[2.650897] (casbot_arm_calibration_web) JobStarted: {'identifier': 'casbot_arm_calibration_web'}
[2.704738] (-) TimerEvent: {}
[2.805051] (-) TimerEvent: {}
[2.905354] (-) TimerEvent: {}
[3.005690] (-) TimerEvent: {}
[3.105953] (-) TimerEvent: {}
[3.206248] (-) TimerEvent: {}
[3.259727] (casbot_arm_calibration_web) Command: {'cmd': ['/usr/bin/python3', '-W', 'ignore:setup.py install is deprecated', '-W', 'ignore:easy_install command is deprecated', 'setup.py', 'egg_info', '--egg-base', '../../build_aarch64/casbot_arm_calibration_web', 'build', '--build-base', '/workspace/action_data_offset_ws/build/casbot_arm_calibration_web/build', 'install', '--record', '/workspace/action_data_offset_ws/build/casbot_arm_calibration_web/install.log', '--single-version-externally-managed', 'install_data'], 'cwd': '/workspace/action_data_offset_ws/src/casbot_arm_calibration_web', 'env': {'PYTHON_SOABI': 'cpython-310-aarch64-linux-gnu', 'ARCH': 'aarch64', 'HOSTNAME': 'aarch64_2204_0429_1149_23', 'SHLVL': '2', 'LD_LIBRARY_PATH': '/workspace/action_data_offset_ws/install/lib:/opt/rootfs_2204_aarch64/opt/ros/humble/opt/rviz_ogre_vendor/lib:/opt/rootfs_2204_aarch64/opt/ros/humble/lib/aarch64-linux-gnu:/opt/rootfs_2204_aarch64/opt/ros/humble/lib', 'HOME': '/home/casbot', 'OLDPWD': '/workspace/action_data_offset_ws', 'ROS_PYTHON_VERSION': '3', 'CROSS_FLAG': '-DCMAKE_CUSTOM_CROSS=ON -DCMAKE_TOOLCHAIN_FILE=/workspace/action_data_offset_ws/docker_env/environment/cmake-toolchains/generic_aarch64.cmake', 'project_environment_dir': '/workspace/action_data_offset_ws/docker_env/environment', 'ROS_DISTRO': 'humble', 'is_ubuntu_20_04': 'false', '_': '/usr/local/bin/colcon', 'ROS_VERSION': '2', 'is_orin': 'false', 'is_ubuntu_22_04': 'true', 'TERM': 'xterm', 'ROS_LOCALHOST_ONLY': '0', 'QT_X11_NO_MITSHM': '1', 'PATH': '/workspace/action_data_offset_ws/install/bin:/opt/rootfs_2204_aarch64/opt/ros/humble/bin:/usr/local/sbin:/usr/local/bin:/usr/sbin:/usr/bin:/sbin:/bin', 'is_pc': 'true', 'env_is_docker': '1', 'DISPLAY': ':1', 'LANG': 'en_US.UTF-8', 'AMENT_PREFIX_PATH': '/workspace/action_data_offset_ws/install:/opt/rootfs_2204_aarch64/opt/ros/humble', 'env_docker_aarch64': '1', 'PWD': '/workspace/action_data_offset_ws/build_aarch64/casbot_arm_calibration_web', 'env_docker_x86': '0', 'PYTHONPATH': '/workspace/action_data_offset_ws/build/casbot_arm_calibration_web/prefix_override:/usr/local/lib/python3.10/dist-packages/colcon_core/task/python/colcon_distutils_commands:/workspace/action_data_offset_ws/install/lib/python3.10/site-packages:/workspace/action_data_offset_ws/install/local/lib/python3.10/dist-packages:/workspace/action_data_offset_ws/install/lib/python3.10/site-packages:/opt/rootfs_2204_aarch64/opt/ros/humble/lib/python3.10/site-packages:/opt/rootfs_2204_aarch64/opt/ros/humble/local/lib/python3.10/dist-packages', 'SYSROOT': '/opt/rootfs_2204_aarch64/', 'TARGET_ARCH': 'aarch64', 'TZ': 'Asia/Shanghai', 'project_install_dir': '/workspace/action_data_offset_ws/install_aarch64', 'COLCON': '1', 'CMAKE_PREFIX_PATH': '/workspace/action_data_offset_ws/install'}, 'shell': False}
[3.306359] (-) TimerEvent: {}
[3.406759] (-) TimerEvent: {}
[3.478039] (casbot_arm_calibration_web) StdoutLine: {'line': b'running egg_info\n'}
[3.478884] (casbot_arm_calibration_web) StdoutLine: {'line': b'writing ../../build_aarch64/casbot_arm_calibration_web/casbot_arm_calibration_web.egg-info/PKG-INFO\n'}
[3.479187] (casbot_arm_calibration_web) StdoutLine: {'line': b'writing dependency_links to ../../build_aarch64/casbot_arm_calibration_web/casbot_arm_calibration_web.egg-info/dependency_links.txt\n'}
[3.479460] (casbot_arm_calibration_web) StdoutLine: {'line': b'writing entry points to ../../build_aarch64/casbot_arm_calibration_web/casbot_arm_calibration_web.egg-info/entry_points.txt\n'}
[3.479698] (casbot_arm_calibration_web) StdoutLine: {'line': b'writing requirements to ../../build_aarch64/casbot_arm_calibration_web/casbot_arm_calibration_web.egg-info/requires.txt\n'}
[3.479909] (casbot_arm_calibration_web) StdoutLine: {'line': b'writing top-level names to ../../build_aarch64/casbot_arm_calibration_web/casbot_arm_calibration_web.egg-info/top_level.txt\n'}
[3.484410] (casbot_arm_calibration_web) StdoutLine: {'line': b"reading manifest file '../../build_aarch64/casbot_arm_calibration_web/casbot_arm_calibration_web.egg-info/SOURCES.txt'\n"}
[3.487366] (casbot_arm_calibration_web) StdoutLine: {'line': b"writing manifest file '../../build_aarch64/casbot_arm_calibration_web/casbot_arm_calibration_web.egg-info/SOURCES.txt'\n"}
[3.487660] (casbot_arm_calibration_web) StdoutLine: {'line': b'running build\n'}
[3.487859] (casbot_arm_calibration_web) StdoutLine: {'line': b'running build_py\n'}
[3.488751] (casbot_arm_calibration_web) StdoutLine: {'line': b'running install\n'}
[3.489108] (casbot_arm_calibration_web) StdoutLine: {'line': b'running install_lib\n'}
[3.491341] (casbot_arm_calibration_web) StdoutLine: {'line': b'running install_data\n'}
[3.492349] (casbot_arm_calibration_web) StdoutLine: {'line': b'running install_egg_info\n'}
[3.494230] (casbot_arm_calibration_web) StdoutLine: {'line': b"removing '/workspace/action_data_offset_ws/install/lib/python3.10/site-packages/casbot_arm_calibration_web-0.1.0-py3.10.egg-info' (and everything under it)\n"}
[3.494627] (casbot_arm_calibration_web) StdoutLine: {'line': b'Copying ../../build_aarch64/casbot_arm_calibration_web/casbot_arm_calibration_web.egg-info to /workspace/action_data_offset_ws/install/lib/python3.10/site-packages/casbot_arm_calibration_web-0.1.0-py3.10.egg-info\n'}
[3.495586] (casbot_arm_calibration_web) StdoutLine: {'line': b'running install_scripts\n'}
[3.506782] (-) TimerEvent: {}
[3.519595] (casbot_arm_calibration_web) StdoutLine: {'line': b'Installing arm_calibration_web script to /workspace/action_data_offset_ws/install/lib/casbot_arm_calibration_web\n'}
[3.520462] (casbot_arm_calibration_web) StdoutLine: {'line': b"writing list of installed files to '/workspace/action_data_offset_ws/build/casbot_arm_calibration_web/install.log'\n"}
[3.548963] (casbot_arm_calibration_web) CommandEnded: {'returncode': 0}
[3.565493] (casbot_arm_calibration_web) JobEnded: {'identifier': 'casbot_arm_calibration_web', 'rc': 0}
[3.566508] (-) EventReactorShutdown: {}
