[0.000000] (-) TimerEvent: {}
[0.001026] (action_data_offset) JobQueued: {'identifier': 'action_data_offset', 'dependencies': OrderedDict()}
[0.001121] (crb_ros_msg) JobQueued: {'identifier': 'crb_ros_msg', 'dependencies': OrderedDict()}
[0.001190] (casbot_arm_calibration_web) JobQueued: {'identifier': 'casbot_arm_calibration_web', 'dependencies': OrderedDict([('action_data_offset', '/workspace/action_data_offset_posture_ws/install'), ('crb_ros_msg', '/workspace/action_data_offset_posture_ws/install')])}
[0.001226] (action_data_offset) JobStarted: {'identifier': 'action_data_offset'}
[0.006582] (crb_ros_msg) JobStarted: {'identifier': 'crb_ros_msg'}
[0.099784] (-) TimerEvent: {}
[0.160968] (crb_ros_msg) JobProgress: {'identifier': 'crb_ros_msg', 'progress': 'cmake'}
[0.161464] (crb_ros_msg) Command: {'cmd': ['/usr/bin/cmake', '/workspace/action_data_offset_posture_ws/src/crb_ros_msg', '-DCMAKE_VERBOSE_MAKEFILE:BOOL=ON', '-DCMAKE_TOOLCHAIN_FILE=/workspace/action_data_offset_posture_ws/docker_env/environment/cmake-toolchains/generic_aarch64.cmake', '-DSECURITY=ON', '-DBUILD_TESTING=OFF', '-DCMAKE_INSTALL_PREFIX=/workspace/action_data_offset_posture_ws/install'], 'cwd': '/workspace/action_data_offset_posture_ws/build/crb_ros_msg', 'env': OrderedDict([('PYTHON_SOABI', 'cpython-310-aarch64-linux-gnu'), ('ARCH', 'aarch64'), ('HOSTNAME', 'aarch64_2204_0515_1459_02'), ('SHLVL', '2'), ('LD_LIBRARY_PATH', '/opt/rootfs_2204_aarch64/opt/ros/humble/opt/rviz_ogre_vendor/lib:/opt/rootfs_2204_aarch64/opt/ros/humble/lib/aarch64-linux-gnu:/opt/rootfs_2204_aarch64/opt/ros/humble/lib'), ('HOME', '/home/casbot'), ('OLDPWD', '/workspace/action_data_offset_posture_ws'), ('ROS_PYTHON_VERSION', '3'), ('CROSS_FLAG', '-DCMAKE_CUSTOM_CROSS=ON -DCMAKE_TOOLCHAIN_FILE=/workspace/action_data_offset_posture_ws/docker_env/environment/cmake-toolchains/generic_aarch64.cmake'), ('project_environment_dir', '/workspace/action_data_offset_posture_ws/docker_env/environment'), ('ROS_DISTRO', 'humble'), ('is_ubuntu_20_04', 'false'), ('_', '/usr/local/bin/colcon'), ('ROS_VERSION', '2'), ('is_orin', 'false'), ('is_ubuntu_22_04', 'true'), ('TERM', 'xterm'), ('ROS_LOCALHOST_ONLY', '0'), ('QT_X11_NO_MITSHM', '1'), ('PATH', '/opt/rootfs_2204_aarch64/opt/ros/humble/bin:/usr/local/sbin:/usr/local/bin:/usr/sbin:/usr/bin:/sbin:/bin'), ('is_pc', 'true'), ('env_is_docker', '1'), ('DISPLAY', ':1'), ('LANG', 'en_US.UTF-8'), ('AMENT_PREFIX_PATH', '/opt/rootfs_2204_aarch64/opt/ros/humble'), ('env_docker_aarch64', '1'), ('PWD', '/workspace/action_data_offset_posture_ws/build_aarch64/crb_ros_msg'), ('env_docker_x86', '0'), ('PYTHONPATH', '/opt/rootfs_2204_aarch64/opt/ros/humble/lib/python3.10/site-packages:/opt/rootfs_2204_aarch64/opt/ros/humble/local/lib/python3.10/dist-packages'), ('SYSROOT', '/opt/rootfs_2204_aarch64/'), ('TARGET_ARCH', 'aarch64'), ('TZ', 'Asia/Shanghai'), ('project_install_dir', '/workspace/action_data_offset_posture_ws/install_aarch64'), ('COLCON', '1'), ('CMAKE_PREFIX_PATH', '/opt/rootfs_2204_aarch64/opt/ros/humble')]), 'shell': False}
[0.173973] (crb_ros_msg) StdoutLine: {'line': b'-- Using SECURITY: ON.\n'}
[0.174229] (crb_ros_msg) StdoutLine: {'line': b'-- Using BUILD_TESTING: OFF.\n'}
[0.174356] (crb_ros_msg) StdoutLine: {'line': b'-- Using CMAKE_TOOLCHAIN_FILE: /workspace/action_data_offset_posture_ws/docker_env/environment/cmake-toolchains/generic_aarch64.cmake.\n'}
[0.174469] (crb_ros_msg) StdoutLine: {'line': b'-- Using CATKIN_INSTALL_INTO_PREFIX_ROOT: .\n'}
[0.174574] (crb_ros_msg) StdoutLine: {'line': b'-- Using CMAKE_CUSTOM_CROSS: .\n'}
[0.187905] (crb_ros_msg) StdoutLine: {'line': b'-- Found ament_cmake: 1.3.12 (/opt/rootfs_2204_aarch64/opt/ros/humble/share/ament_cmake/cmake)\n'}
[0.199877] (-) TimerEvent: {}
[0.276904] (crb_ros_msg) StdoutLine: {'line': b'-- Found rosidl_default_generators: 1.2.1 (/opt/rootfs_2204_aarch64/opt/ros/humble/share/rosidl_default_generators/cmake)\n'}
[0.278100] (crb_ros_msg) StdoutLine: {'line': b'-- Using all available rosidl_typesupport_c: rosidl_typesupport_fastrtps_c;rosidl_typesupport_introspection_c\n'}
[0.280290] (crb_ros_msg) StdoutLine: {'line': b'-- Found rosidl_adapter: 3.1.7 (/opt/rootfs_2204_aarch64/opt/ros/humble/share/rosidl_adapter/cmake)\n'}
[0.299962] (-) TimerEvent: {}
[0.303207] (crb_ros_msg) StdoutLine: {'line': b'-- Using all available rosidl_typesupport_cpp: rosidl_typesupport_fastrtps_cpp;rosidl_typesupport_introspection_cpp\n'}
[0.325741] (crb_ros_msg) StdoutLine: {'line': b'-- Found std_msgs: 4.9.0 (/opt/rootfs_2204_aarch64/opt/ros/humble/share/std_msgs/cmake)\n'}
[0.347490] (crb_ros_msg) StdoutLine: {'line': b'-- Found sensor_msgs: 4.9.1 (/opt/rootfs_2204_aarch64/opt/ros/humble/share/sensor_msgs/cmake)\n'}
[0.370972] (crb_ros_msg) StdoutLine: {'line': b'-- Found action_msgs: 1.2.2 (/opt/rootfs_2204_aarch64/opt/ros/humble/share/action_msgs/cmake)\n'}
[0.375544] (action_data_offset) Command: {'cmd': ['/usr/bin/python3', '-W', 'ignore:setup.py install is deprecated', '-W', 'ignore:easy_install command is deprecated', 'setup.py', 'egg_info', '--egg-base', '../../build_aarch64/action_data_offset', 'build', '--build-base', '/workspace/action_data_offset_posture_ws/build/action_data_offset/build', 'install', '--record', '/workspace/action_data_offset_posture_ws/build/action_data_offset/install.log', '--single-version-externally-managed', 'install_data'], 'cwd': '/workspace/action_data_offset_posture_ws/src/action_data_offset', 'env': {'PYTHON_SOABI': 'cpython-310-aarch64-linux-gnu', 'ARCH': 'aarch64', 'HOSTNAME': 'aarch64_2204_0515_1459_02', 'SHLVL': '2', 'LD_LIBRARY_PATH': '/opt/rootfs_2204_aarch64/opt/ros/humble/opt/rviz_ogre_vendor/lib:/opt/rootfs_2204_aarch64/opt/ros/humble/lib/aarch64-linux-gnu:/opt/rootfs_2204_aarch64/opt/ros/humble/lib', 'HOME': '/home/casbot', 'OLDPWD': '/workspace/action_data_offset_posture_ws', 'ROS_PYTHON_VERSION': '3', 'CROSS_FLAG': '-DCMAKE_CUSTOM_CROSS=ON -DCMAKE_TOOLCHAIN_FILE=/workspace/action_data_offset_posture_ws/docker_env/environment/cmake-toolchains/generic_aarch64.cmake', 'project_environment_dir': '/workspace/action_data_offset_posture_ws/docker_env/environment', 'ROS_DISTRO': 'humble', 'is_ubuntu_20_04': 'false', '_': '/usr/local/bin/colcon', 'ROS_VERSION': '2', 'is_orin': 'false', 'is_ubuntu_22_04': 'true', 'TERM': 'xterm', 'ROS_LOCALHOST_ONLY': '0', 'QT_X11_NO_MITSHM': '1', 'PATH': '/opt/rootfs_2204_aarch64/opt/ros/humble/bin:/usr/local/sbin:/usr/local/bin:/usr/sbin:/usr/bin:/sbin:/bin', 'is_pc': 'true', 'env_is_docker': '1', 'DISPLAY': ':1', 'LANG': 'en_US.UTF-8', 'AMENT_PREFIX_PATH': '/opt/rootfs_2204_aarch64/opt/ros/humble', 'env_docker_aarch64': '1', 'PWD': '/workspace/action_data_offset_posture_ws/build_aarch64/action_data_offset', 'env_docker_x86': '0', 'PYTHONPATH': '/workspace/action_data_offset_posture_ws/build/action_data_offset/prefix_override:/usr/local/lib/python3.10/dist-packages/colcon_core/task/python/colcon_distutils_commands:/workspace/action_data_offset_posture_ws/install/lib/python3.10/site-packages:/opt/rootfs_2204_aarch64/opt/ros/humble/lib/python3.10/site-packages:/opt/rootfs_2204_aarch64/opt/ros/humble/local/lib/python3.10/dist-packages', 'SYSROOT': '/opt/rootfs_2204_aarch64/', 'TARGET_ARCH': 'aarch64', 'TZ': 'Asia/Shanghai', 'project_install_dir': '/workspace/action_data_offset_posture_ws/install_aarch64', 'COLCON': '1'}, 'shell': False}
[0.400059] (-) TimerEvent: {}
[0.500339] (-) TimerEvent: {}
[0.526941] (action_data_offset) StdoutLine: {'line': b'running egg_info\n'}
[0.527554] (action_data_offset) StdoutLine: {'line': b'writing ../../build_aarch64/action_data_offset/action_data_offset.egg-info/PKG-INFO\n'}
[0.527774] (action_data_offset) StdoutLine: {'line': b'writing dependency_links to ../../build_aarch64/action_data_offset/action_data_offset.egg-info/dependency_links.txt\n'}
[0.527933] (action_data_offset) StdoutLine: {'line': b'writing entry points to ../../build_aarch64/action_data_offset/action_data_offset.egg-info/entry_points.txt\n'}
[0.528063] (action_data_offset) StdoutLine: {'line': b'writing requirements to ../../build_aarch64/action_data_offset/action_data_offset.egg-info/requires.txt\n'}
[0.528167] (action_data_offset) StdoutLine: {'line': b'writing top-level names to ../../build_aarch64/action_data_offset/action_data_offset.egg-info/top_level.txt\n'}
[0.530553] (action_data_offset) StdoutLine: {'line': b"reading manifest file '../../build_aarch64/action_data_offset/action_data_offset.egg-info/SOURCES.txt'\n"}
[0.533788] (action_data_offset) StdoutLine: {'line': b"writing manifest file '../../build_aarch64/action_data_offset/action_data_offset.egg-info/SOURCES.txt'\n"}
[0.533953] (action_data_offset) StdoutLine: {'line': b'running build\n'}
[0.534065] (action_data_offset) StdoutLine: {'line': b'running build_py\n'}
[0.534441] (action_data_offset) StdoutLine: {'line': b'running install\n'}
[0.534778] (action_data_offset) StdoutLine: {'line': b'running install_lib\n'}
[0.536128] (action_data_offset) StdoutLine: {'line': b'running install_data\n'}
[0.540682] (action_data_offset) StdoutLine: {'line': b'running install_egg_info\n'}
[0.542249] (action_data_offset) StdoutLine: {'line': b"removing '/workspace/action_data_offset_posture_ws/install/lib/python3.10/site-packages/action_data_offset-0.1.0-py3.10.egg-info' (and everything under it)\n"}
[0.542491] (action_data_offset) StdoutLine: {'line': b'Copying ../../build_aarch64/action_data_offset/action_data_offset.egg-info to /workspace/action_data_offset_posture_ws/install/lib/python3.10/site-packages/action_data_offset-0.1.0-py3.10.egg-info\n'}
[0.543201] (action_data_offset) StdoutLine: {'line': b'running install_scripts\n'}
[0.557982] (action_data_offset) StdoutLine: {'line': b'Installing arm_trajectory_transform script to /workspace/action_data_offset_posture_ws/install/lib/action_data_offset\n'}
[0.558233] (action_data_offset) StdoutLine: {'line': b'Installing arm_trajectory_transform_jacobian script to /workspace/action_data_offset_posture_ws/install/lib/action_data_offset\n'}
[0.558357] (action_data_offset) StdoutLine: {'line': b'Installing mujoco_trajectory_sim script to /workspace/action_data_offset_posture_ws/install/lib/action_data_offset\n'}
[0.558486] (action_data_offset) StdoutLine: {'line': b"writing list of installed files to '/workspace/action_data_offset_posture_ws/build/action_data_offset/install.log'\n"}
[0.572514] (action_data_offset) CommandEnded: {'returncode': 0}
[0.585033] (action_data_offset) JobEnded: {'identifier': 'action_data_offset', 'rc': 0}
[0.600432] (-) TimerEvent: {}
[0.613618] (crb_ros_msg) StdoutLine: {'line': b'-- Found ament_cmake_ros: 0.10.0 (/opt/rootfs_2204_aarch64/opt/ros/humble/share/ament_cmake_ros/cmake)\n'}
[0.700570] (-) TimerEvent: {}
[0.800843] (-) TimerEvent: {}
[0.818817] (crb_ros_msg) StdoutLine: {'line': b'-- Using all available rosidl_typesupport_c: rosidl_typesupport_fastrtps_c;rosidl_typesupport_introspection_c\n'}
[0.900964] (-) TimerEvent: {}
[1.001325] (-) TimerEvent: {}
[1.101600] (-) TimerEvent: {}
[1.110480] (crb_ros_msg) StdoutLine: {'line': b'-- Using all available rosidl_typesupport_cpp: rosidl_typesupport_fastrtps_cpp;rosidl_typesupport_introspection_cpp\n'}
[1.125889] (crb_ros_msg) StdoutLine: {'line': b'-- Found python_cmake_module: 0.10.0 (/opt/rootfs_2204_aarch64/opt/ros/humble/share/python_cmake_module/cmake)\n'}
[1.145245] (crb_ros_msg) StdoutLine: {'line': b'-- Using PYTHON_EXECUTABLE: /usr/bin/python3\n'}
[1.145485] (crb_ros_msg) StdoutLine: {'line': b'-- Using PYTHON_INCLUDE_DIRS: /opt/rootfs_2204_aarch64/usr/include/python3.10\n'}
[1.145612] (crb_ros_msg) StdoutLine: {'line': b'-- Using PYTHON_LIBRARIES: /opt/rootfs_2204_aarch64/usr/lib/aarch64-linux-gnu/libpython3.10.so\n'}
[1.201682] (-) TimerEvent: {}
[1.268957] (crb_ros_msg) StdoutLine: {'line': b'-- Configuring done\n'}
[1.301798] (-) TimerEvent: {}
[1.305599] (crb_ros_msg) StdoutLine: {'line': b'-- Generating done\n'}
[1.317944] (crb_ros_msg) StdoutLine: {'line': b'-- Build files have been written to: /workspace/action_data_offset_posture_ws/build_aarch64/crb_ros_msg\n'}
[1.323111] (crb_ros_msg) CommandEnded: {'returncode': 0}
[1.323484] (crb_ros_msg) JobProgress: {'identifier': 'crb_ros_msg', 'progress': 'build'}
[1.324028] (crb_ros_msg) Command: {'cmd': ['/usr/bin/cmake', '--build', '/workspace/action_data_offset_posture_ws/build/crb_ros_msg', '--', '-j16', '-l16'], 'cwd': '/workspace/action_data_offset_posture_ws/build/crb_ros_msg', 'env': OrderedDict([('PYTHON_SOABI', 'cpython-310-aarch64-linux-gnu'), ('ARCH', 'aarch64'), ('HOSTNAME', 'aarch64_2204_0515_1459_02'), ('SHLVL', '2'), ('LD_LIBRARY_PATH', '/opt/rootfs_2204_aarch64/opt/ros/humble/opt/rviz_ogre_vendor/lib:/opt/rootfs_2204_aarch64/opt/ros/humble/lib/aarch64-linux-gnu:/opt/rootfs_2204_aarch64/opt/ros/humble/lib'), ('HOME', '/home/casbot'), ('OLDPWD', '/workspace/action_data_offset_posture_ws'), ('ROS_PYTHON_VERSION', '3'), ('CROSS_FLAG', '-DCMAKE_CUSTOM_CROSS=ON -DCMAKE_TOOLCHAIN_FILE=/workspace/action_data_offset_posture_ws/docker_env/environment/cmake-toolchains/generic_aarch64.cmake'), ('project_environment_dir', '/workspace/action_data_offset_posture_ws/docker_env/environment'), ('ROS_DISTRO', 'humble'), ('is_ubuntu_20_04', 'false'), ('_', '/usr/local/bin/colcon'), ('ROS_VERSION', '2'), ('is_orin', 'false'), ('is_ubuntu_22_04', 'true'), ('TERM', 'xterm'), ('ROS_LOCALHOST_ONLY', '0'), ('QT_X11_NO_MITSHM', '1'), ('PATH', '/opt/rootfs_2204_aarch64/opt/ros/humble/bin:/usr/local/sbin:/usr/local/bin:/usr/sbin:/usr/bin:/sbin:/bin'), ('is_pc', 'true'), ('env_is_docker', '1'), ('DISPLAY', ':1'), ('LANG', 'en_US.UTF-8'), ('AMENT_PREFIX_PATH', '/opt/rootfs_2204_aarch64/opt/ros/humble'), ('env_docker_aarch64', '1'), ('PWD', '/workspace/action_data_offset_posture_ws/build_aarch64/crb_ros_msg'), ('env_docker_x86', '0'), ('PYTHONPATH', '/opt/rootfs_2204_aarch64/opt/ros/humble/lib/python3.10/site-packages:/opt/rootfs_2204_aarch64/opt/ros/humble/local/lib/python3.10/dist-packages'), ('SYSROOT', '/opt/rootfs_2204_aarch64/'), ('TARGET_ARCH', 'aarch64'), ('TZ', 'Asia/Shanghai'), ('project_install_dir', '/workspace/action_data_offset_posture_ws/install_aarch64'), ('COLCON', '1'), ('CMAKE_PREFIX_PATH', '/opt/rootfs_2204_aarch64/opt/ros/humble')]), 'shell': False}
[1.339925] (crb_ros_msg) StdoutLine: {'line': b'/usr/bin/cmake -S/workspace/action_data_offset_posture_ws/src/crb_ros_msg -B/workspace/action_data_offset_posture_ws/build_aarch64/crb_ros_msg --check-build-system CMakeFiles/Makefile.cmake 0\n'}
[1.356649] (crb_ros_msg) StdoutLine: {'line': b'/usr/bin/cmake -E cmake_progress_start /workspace/action_data_offset_posture_ws/build_aarch64/crb_ros_msg/CMakeFiles /workspace/action_data_offset_posture_ws/build_aarch64/crb_ros_msg//CMakeFiles/progress.marks\n'}
[1.366742] (crb_ros_msg) StdoutLine: {'line': b'/usr/bin/gmake  -f CMakeFiles/Makefile2 all\n'}
[1.371088] (crb_ros_msg) StdoutLine: {'line': b"gmake[1]: Entering directory '/workspace/action_data_offset_posture_ws/build_aarch64/crb_ros_msg'\n"}
[1.371294] (crb_ros_msg) StdoutLine: {'line': b'/usr/bin/gmake  -f crb_ros_msg__rs/CMakeFiles/crb_ros_msg__rs.dir/build.make crb_ros_msg__rs/CMakeFiles/crb_ros_msg__rs.dir/depend\n'}
[1.371609] (crb_ros_msg) StdoutLine: {'line': b'/usr/bin/gmake  -f CMakeFiles/crb_ros_msg__rosidl_generator_c.dir/build.make CMakeFiles/crb_ros_msg__rosidl_generator_c.dir/depend\n'}
[1.372127] (crb_ros_msg) StdoutLine: {'line': b'/usr/bin/gmake  -f CMakeFiles/crb_ros_msg__cpp.dir/build.make CMakeFiles/crb_ros_msg__cpp.dir/depend\n'}
[1.372640] (crb_ros_msg) StdoutLine: {'line': b'/usr/bin/gmake  -f CMakeFiles/ament_cmake_python_copy_crb_ros_msg.dir/build.make CMakeFiles/ament_cmake_python_copy_crb_ros_msg.dir/depend\n'}
[1.376248] (crb_ros_msg) StdoutLine: {'line': b"gmake[2]: Entering directory '/workspace/action_data_offset_posture_ws/build_aarch64/crb_ros_msg'\n"}
[1.376570] (crb_ros_msg) StdoutLine: {'line': b'cd /workspace/action_data_offset_posture_ws/build_aarch64/crb_ros_msg && /usr/bin/cmake -E cmake_depends "Unix Makefiles" /workspace/action_data_offset_posture_ws/src/crb_ros_msg /workspace/action_data_offset_posture_ws/src/crb_ros_msg /workspace/action_data_offset_posture_ws/build_aarch64/crb_ros_msg /workspace/action_data_offset_posture_ws/build_aarch64/crb_ros_msg /workspace/action_data_offset_posture_ws/build_aarch64/crb_ros_msg/CMakeFiles/ament_cmake_python_copy_crb_ros_msg.dir/DependInfo.cmake --color=\n'}
[1.376993] (crb_ros_msg) StdoutLine: {'line': b"gmake[2]: Entering directory '/workspace/action_data_offset_posture_ws/build_aarch64/crb_ros_msg'\n"}
[1.377245] (crb_ros_msg) StdoutLine: {'line': b'cd /workspace/action_data_offset_posture_ws/build_aarch64/crb_ros_msg && /usr/bin/cmake -E cmake_depends "Unix Makefiles" /workspace/action_data_offset_posture_ws/src/crb_ros_msg /workspace/action_data_offset_posture_ws/build_aarch64/crb_ros_msg/crb_ros_msg__rs /workspace/action_data_offset_posture_ws/build_aarch64/crb_ros_msg /workspace/action_data_offset_posture_ws/build_aarch64/crb_ros_msg/crb_ros_msg__rs /workspace/action_data_offset_posture_ws/build_aarch64/crb_ros_msg/crb_ros_msg__rs/CMakeFiles/crb_ros_msg__rs.dir/DependInfo.cmake --color=\n'}
[1.377601] (crb_ros_msg) StdoutLine: {'line': b"gmake[2]: Entering directory '/workspace/action_data_offset_posture_ws/build_aarch64/crb_ros_msg'\n"}
[1.377733] (crb_ros_msg) StdoutLine: {'line': b'cd /workspace/action_data_offset_posture_ws/build_aarch64/crb_ros_msg && /usr/bin/cmake -E cmake_depends "Unix Makefiles" /workspace/action_data_offset_posture_ws/src/crb_ros_msg /workspace/action_data_offset_posture_ws/src/crb_ros_msg /workspace/action_data_offset_posture_ws/build_aarch64/crb_ros_msg /workspace/action_data_offset_posture_ws/build_aarch64/crb_ros_msg /workspace/action_data_offset_posture_ws/build_aarch64/crb_ros_msg/CMakeFiles/crb_ros_msg__cpp.dir/DependInfo.cmake --color=\n'}
[1.377850] (crb_ros_msg) StdoutLine: {'line': b"gmake[2]: Entering directory '/workspace/action_data_offset_posture_ws/build_aarch64/crb_ros_msg'\n"}
[1.377955] (crb_ros_msg) StdoutLine: {'line': b'cd /workspace/action_data_offset_posture_ws/build_aarch64/crb_ros_msg && /usr/bin/cmake -E cmake_depends "Unix Makefiles" /workspace/action_data_offset_posture_ws/src/crb_ros_msg /workspace/action_data_offset_posture_ws/src/crb_ros_msg /workspace/action_data_offset_posture_ws/build_aarch64/crb_ros_msg /workspace/action_data_offset_posture_ws/build_aarch64/crb_ros_msg /workspace/action_data_offset_posture_ws/build_aarch64/crb_ros_msg/CMakeFiles/crb_ros_msg__rosidl_generator_c.dir/DependInfo.cmake --color=\n'}
[1.391413] (crb_ros_msg) StdoutLine: {'line': b"gmake[2]: Leaving directory '/workspace/action_data_offset_posture_ws/build_aarch64/crb_ros_msg'\n"}
[1.391667] (crb_ros_msg) StdoutLine: {'line': b'/usr/bin/gmake  -f CMakeFiles/ament_cmake_python_copy_crb_ros_msg.dir/build.make CMakeFiles/ament_cmake_python_copy_crb_ros_msg.dir/build\n'}
[1.391950] (crb_ros_msg) StdoutLine: {'line': b"gmake[2]: Leaving directory '/workspace/action_data_offset_posture_ws/build_aarch64/crb_ros_msg'\n"}
[1.392090] (crb_ros_msg) StdoutLine: {'line': b'/usr/bin/gmake  -f crb_ros_msg__rs/CMakeFiles/crb_ros_msg__rs.dir/build.make crb_ros_msg__rs/CMakeFiles/crb_ros_msg__rs.dir/build\n'}
[1.392404] (crb_ros_msg) StdoutLine: {'line': b'Dependencies file "CMakeFiles/crb_ros_msg__rosidl_generator_c.dir/rosidl_generator_c/crb_ros_msg/action/detail/action_play__functions.c.o.d" is newer than depends file "/workspace/action_data_offset_posture_ws/build_aarch64/crb_ros_msg/CMakeFiles/crb_ros_msg__rosidl_generator_c.dir/compiler_depend.internal".\n'}
[1.392541] (crb_ros_msg) StdoutLine: {'line': b'Dependencies file "CMakeFiles/crb_ros_msg__rosidl_generator_c.dir/rosidl_generator_c/crb_ros_msg/msg/detail/upper_joint_data__functions.c.o.d" is newer than depends file "/workspace/action_data_offset_posture_ws/build_aarch64/crb_ros_msg/CMakeFiles/crb_ros_msg__rosidl_generator_c.dir/compiler_depend.internal".\n'}
[1.392684] (crb_ros_msg) StdoutLine: {'line': b'\x1b[35m\x1b[1mConsolidate compiler generated dependencies of target crb_ros_msg__rosidl_generator_c\x1b[0m\n'}
[1.392830] (crb_ros_msg) StdoutLine: {'line': b"gmake[2]: Entering directory '/workspace/action_data_offset_posture_ws/build_aarch64/crb_ros_msg'\n"}
[1.392939] (crb_ros_msg) StdoutLine: {'line': b'/usr/bin/cmake -E copy_directory /workspace/action_data_offset_posture_ws/build_aarch64/crb_ros_msg/rosidl_generator_py/crb_ros_msg /workspace/action_data_offset_posture_ws/build_aarch64/crb_ros_msg/ament_cmake_python/crb_ros_msg/crb_ros_msg\n'}
[1.393068] (crb_ros_msg) StdoutLine: {'line': b"gmake[2]: Leaving directory '/workspace/action_data_offset_posture_ws/build_aarch64/crb_ros_msg'\n"}
[1.393185] (crb_ros_msg) StdoutLine: {'line': b'/usr/bin/gmake  -f CMakeFiles/crb_ros_msg__cpp.dir/build.make CMakeFiles/crb_ros_msg__cpp.dir/build\n'}
[1.394969] (crb_ros_msg) StdoutLine: {'line': b"gmake[2]: Entering directory '/workspace/action_data_offset_posture_ws/build_aarch64/crb_ros_msg'\n"}
[1.395180] (crb_ros_msg) StdoutLine: {'line': b"gmake[2]: Nothing to be done for 'crb_ros_msg__rs/CMakeFiles/crb_ros_msg__rs.dir/build'.\n"}
[1.395363] (crb_ros_msg) StdoutLine: {'line': b"gmake[2]: Leaving directory '/workspace/action_data_offset_posture_ws/build_aarch64/crb_ros_msg'\n"}
[1.396169] (crb_ros_msg) StdoutLine: {'line': b"gmake[2]: Leaving directory '/workspace/action_data_offset_posture_ws/build_aarch64/crb_ros_msg'\n"}
[1.396304] (crb_ros_msg) StdoutLine: {'line': b'/usr/bin/gmake  -f CMakeFiles/crb_ros_msg__rosidl_generator_c.dir/build.make CMakeFiles/crb_ros_msg__rosidl_generator_c.dir/build\n'}
[1.397426] (crb_ros_msg) StdoutLine: {'line': b"gmake[2]: Entering directory '/workspace/action_data_offset_posture_ws/build_aarch64/crb_ros_msg'\n"}
[1.397768] (crb_ros_msg) StdoutLine: {'line': b"gmake[2]: Nothing to be done for 'CMakeFiles/crb_ros_msg__cpp.dir/build'.\n"}
[1.397889] (crb_ros_msg) StdoutLine: {'line': b"gmake[2]: Leaving directory '/workspace/action_data_offset_posture_ws/build_aarch64/crb_ros_msg'\n"}
[1.399696] (crb_ros_msg) StdoutLine: {'line': b"gmake[2]: Entering directory '/workspace/action_data_offset_posture_ws/build_aarch64/crb_ros_msg'\n"}
[1.399917] (crb_ros_msg) StdoutLine: {'line': b"gmake[2]: Nothing to be done for 'CMakeFiles/crb_ros_msg__rosidl_generator_c.dir/build'.\n"}
[1.400020] (crb_ros_msg) StdoutLine: {'line': b"gmake[2]: Leaving directory '/workspace/action_data_offset_posture_ws/build_aarch64/crb_ros_msg'\n"}
[1.401894] (-) TimerEvent: {}
[1.404070] (crb_ros_msg) StdoutLine: {'line': b'[  2%] Built target crb_ros_msg__rs\n'}
[1.407468] (crb_ros_msg) StdoutLine: {'line': b'[  5%] Built target crb_ros_msg__cpp\n'}
[1.407831] (crb_ros_msg) StdoutLine: {'line': b"gmake[2]: Leaving directory '/workspace/action_data_offset_posture_ws/build_aarch64/crb_ros_msg'\n"}
[1.408234] (crb_ros_msg) StdoutLine: {'line': b'/usr/bin/gmake  -f CMakeFiles/crb_ros_msg__rosidl_typesupport_fastrtps_cpp.dir/build.make CMakeFiles/crb_ros_msg__rosidl_typesupport_fastrtps_cpp.dir/depend\n'}
[1.408550] (crb_ros_msg) StdoutLine: {'line': b'/usr/bin/gmake  -f CMakeFiles/crb_ros_msg__rosidl_typesupport_introspection_cpp.dir/build.make CMakeFiles/crb_ros_msg__rosidl_typesupport_introspection_cpp.dir/depend\n'}
[1.408734] (crb_ros_msg) StdoutLine: {'line': b'/usr/bin/gmake  -f CMakeFiles/crb_ros_msg__rosidl_typesupport_cpp.dir/build.make CMakeFiles/crb_ros_msg__rosidl_typesupport_cpp.dir/depend\n'}
[1.410394] (crb_ros_msg) StdoutLine: {'line': b"gmake[2]: Entering directory '/workspace/action_data_offset_posture_ws/build_aarch64/crb_ros_msg'\n"}
[1.410678] (crb_ros_msg) StdoutLine: {'line': b'cd /workspace/action_data_offset_posture_ws/build_aarch64/crb_ros_msg && /usr/bin/cmake -E cmake_depends "Unix Makefiles" /workspace/action_data_offset_posture_ws/src/crb_ros_msg /workspace/action_data_offset_posture_ws/src/crb_ros_msg /workspace/action_data_offset_posture_ws/build_aarch64/crb_ros_msg /workspace/action_data_offset_posture_ws/build_aarch64/crb_ros_msg /workspace/action_data_offset_posture_ws/build_aarch64/crb_ros_msg/CMakeFiles/crb_ros_msg__rosidl_typesupport_fastrtps_cpp.dir/DependInfo.cmake --color=\n'}
[1.411037] (crb_ros_msg) StdoutLine: {'line': b"gmake[2]: Entering directory '/workspace/action_data_offset_posture_ws/build_aarch64/crb_ros_msg'\n"}
[1.411256] (crb_ros_msg) StdoutLine: {'line': b'cd /workspace/action_data_offset_posture_ws/build_aarch64/crb_ros_msg && /usr/bin/cmake -E cmake_depends "Unix Makefiles" /workspace/action_data_offset_posture_ws/src/crb_ros_msg /workspace/action_data_offset_posture_ws/src/crb_ros_msg /workspace/action_data_offset_posture_ws/build_aarch64/crb_ros_msg /workspace/action_data_offset_posture_ws/build_aarch64/crb_ros_msg /workspace/action_data_offset_posture_ws/build_aarch64/crb_ros_msg/CMakeFiles/crb_ros_msg__rosidl_typesupport_introspection_cpp.dir/DependInfo.cmake --color=\n'}
[1.411485] (crb_ros_msg) StdoutLine: {'line': b"gmake[2]: Entering directory '/workspace/action_data_offset_posture_ws/build_aarch64/crb_ros_msg'\n"}
[1.411695] (crb_ros_msg) StdoutLine: {'line': b'cd /workspace/action_data_offset_posture_ws/build_aarch64/crb_ros_msg && /usr/bin/cmake -E cmake_depends "Unix Makefiles" /workspace/action_data_offset_posture_ws/src/crb_ros_msg /workspace/action_data_offset_posture_ws/src/crb_ros_msg /workspace/action_data_offset_posture_ws/build_aarch64/crb_ros_msg /workspace/action_data_offset_posture_ws/build_aarch64/crb_ros_msg /workspace/action_data_offset_posture_ws/build_aarch64/crb_ros_msg/CMakeFiles/crb_ros_msg__rosidl_typesupport_cpp.dir/DependInfo.cmake --color=\n'}
[1.414698] (crb_ros_msg) StdoutLine: {'line': b'[ 15%] Built target crb_ros_msg__rosidl_generator_c\n'}
[1.415702] (crb_ros_msg) StdoutLine: {'line': b'/usr/bin/gmake  -f CMakeFiles/crb_ros_msg__rosidl_typesupport_fastrtps_c.dir/build.make CMakeFiles/crb_ros_msg__rosidl_typesupport_fastrtps_c.dir/depend\n'}
[1.416054] (crb_ros_msg) StdoutLine: {'line': b'/usr/bin/gmake  -f CMakeFiles/crb_ros_msg__rosidl_typesupport_introspection_c.dir/build.make CMakeFiles/crb_ros_msg__rosidl_typesupport_introspection_c.dir/depend\n'}
[1.416416] (crb_ros_msg) StdoutLine: {'line': b'/usr/bin/gmake  -f CMakeFiles/crb_ros_msg__rosidl_typesupport_c.dir/build.make CMakeFiles/crb_ros_msg__rosidl_typesupport_c.dir/depend\n'}
[1.422108] (crb_ros_msg) StdoutLine: {'line': b"gmake[2]: Entering directory '/workspace/action_data_offset_posture_ws/build_aarch64/crb_ros_msg'\n"}
[1.422633] (crb_ros_msg) StdoutLine: {'line': b'cd /workspace/action_data_offset_posture_ws/build_aarch64/crb_ros_msg && /usr/bin/cmake -E cmake_depends "Unix Makefiles" /workspace/action_data_offset_posture_ws/src/crb_ros_msg /workspace/action_data_offset_posture_ws/src/crb_ros_msg /workspace/action_data_offset_posture_ws/build_aarch64/crb_ros_msg /workspace/action_data_offset_posture_ws/build_aarch64/crb_ros_msg /workspace/action_data_offset_posture_ws/build_aarch64/crb_ros_msg/CMakeFiles/crb_ros_msg__rosidl_typesupport_introspection_c.dir/DependInfo.cmake --color=\n'}
[1.422931] (crb_ros_msg) StdoutLine: {'line': b'[ 15%] Built target ament_cmake_python_copy_crb_ros_msg\n'}
[1.423410] (crb_ros_msg) StdoutLine: {'line': b"gmake[2]: Entering directory '/workspace/action_data_offset_posture_ws/build_aarch64/crb_ros_msg'\n"}
[1.423752] (crb_ros_msg) StdoutLine: {'line': b'cd /workspace/action_data_offset_posture_ws/build_aarch64/crb_ros_msg && /usr/bin/cmake -E cmake_depends "Unix Makefiles" /workspace/action_data_offset_posture_ws/src/crb_ros_msg /workspace/action_data_offset_posture_ws/src/crb_ros_msg /workspace/action_data_offset_posture_ws/build_aarch64/crb_ros_msg /workspace/action_data_offset_posture_ws/build_aarch64/crb_ros_msg /workspace/action_data_offset_posture_ws/build_aarch64/crb_ros_msg/CMakeFiles/crb_ros_msg__rosidl_typesupport_fastrtps_c.dir/DependInfo.cmake --color=\n'}
[1.424154] (crb_ros_msg) StdoutLine: {'line': b"gmake[2]: Entering directory '/workspace/action_data_offset_posture_ws/build_aarch64/crb_ros_msg'\n"}
[1.424489] (crb_ros_msg) StdoutLine: {'line': b'cd /workspace/action_data_offset_posture_ws/build_aarch64/crb_ros_msg && /usr/bin/cmake -E cmake_depends "Unix Makefiles" /workspace/action_data_offset_posture_ws/src/crb_ros_msg /workspace/action_data_offset_posture_ws/src/crb_ros_msg /workspace/action_data_offset_posture_ws/build_aarch64/crb_ros_msg /workspace/action_data_offset_posture_ws/build_aarch64/crb_ros_msg /workspace/action_data_offset_posture_ws/build_aarch64/crb_ros_msg/CMakeFiles/crb_ros_msg__rosidl_typesupport_c.dir/DependInfo.cmake --color=\n'}
[1.424832] (crb_ros_msg) StdoutLine: {'line': b'/usr/bin/gmake  -f CMakeFiles/ament_cmake_python_build_crb_ros_msg_egg.dir/build.make CMakeFiles/ament_cmake_python_build_crb_ros_msg_egg.dir/depend\n'}
[1.425910] (crb_ros_msg) StdoutLine: {'line': b'Dependencies file "CMakeFiles/crb_ros_msg__rosidl_typesupport_introspection_cpp.dir/rosidl_typesupport_introspection_cpp/crb_ros_msg/action/detail/action_play__type_support.cpp.o.d" is newer than depends file "/workspace/action_data_offset_posture_ws/build_aarch64/crb_ros_msg/CMakeFiles/crb_ros_msg__rosidl_typesupport_introspection_cpp.dir/compiler_depend.internal".\n'}
[1.426563] (crb_ros_msg) StdoutLine: {'line': b'Dependencies file "CMakeFiles/crb_ros_msg__rosidl_typesupport_introspection_cpp.dir/rosidl_typesupport_introspection_cpp/crb_ros_msg/msg/detail/upper_joint_data__type_support.cpp.o.d" is newer than depends file "/workspace/action_data_offset_posture_ws/build_aarch64/crb_ros_msg/CMakeFiles/crb_ros_msg__rosidl_typesupport_introspection_cpp.dir/compiler_depend.internal".\n'}
[1.427203] (crb_ros_msg) StdoutLine: {'line': b'\x1b[35m\x1b[1mConsolidate compiler generated dependencies of target crb_ros_msg__rosidl_typesupport_introspection_cpp\x1b[0m\n'}
[1.427716] (crb_ros_msg) StdoutLine: {'line': b'Dependencies file "CMakeFiles/crb_ros_msg__rosidl_typesupport_cpp.dir/rosidl_typesupport_cpp/crb_ros_msg/action/action_play__type_support.cpp.o.d" is newer than depends file "/workspace/action_data_offset_posture_ws/build_aarch64/crb_ros_msg/CMakeFiles/crb_ros_msg__rosidl_typesupport_cpp.dir/compiler_depend.internal".\n'}
[1.428061] (crb_ros_msg) StdoutLine: {'line': b"gmake[2]: Entering directory '/workspace/action_data_offset_posture_ws/build_aarch64/crb_ros_msg'\n"}
[1.428317] (crb_ros_msg) StdoutLine: {'line': b'cd /workspace/action_data_offset_posture_ws/build_aarch64/crb_ros_msg && /usr/bin/cmake -E cmake_depends "Unix Makefiles" /workspace/action_data_offset_posture_ws/src/crb_ros_msg /workspace/action_data_offset_posture_ws/src/crb_ros_msg /workspace/action_data_offset_posture_ws/build_aarch64/crb_ros_msg /workspace/action_data_offset_posture_ws/build_aarch64/crb_ros_msg /workspace/action_data_offset_posture_ws/build_aarch64/crb_ros_msg/CMakeFiles/ament_cmake_python_build_crb_ros_msg_egg.dir/DependInfo.cmake --color=\n'}
[1.428624] (crb_ros_msg) StdoutLine: {'line': b'Dependencies file "CMakeFiles/crb_ros_msg__rosidl_typesupport_cpp.dir/rosidl_typesupport_cpp/crb_ros_msg/msg/upper_joint_data__type_support.cpp.o.d" is newer than depends file "/workspace/action_data_offset_posture_ws/build_aarch64/crb_ros_msg/CMakeFiles/crb_ros_msg__rosidl_typesupport_cpp.dir/compiler_depend.internal".\n'}
[1.429190] (crb_ros_msg) StdoutLine: {'line': b'\x1b[35m\x1b[1mConsolidate compiler generated dependencies of target crb_ros_msg__rosidl_typesupport_cpp\x1b[0m\n'}
[1.436180] (crb_ros_msg) StdoutLine: {'line': b'Dependencies file "CMakeFiles/crb_ros_msg__rosidl_typesupport_fastrtps_cpp.dir/rosidl_typesupport_fastrtps_cpp/crb_ros_msg/action/detail/dds_fastrtps/action_play__type_support.cpp.o.d" is newer than depends file "/workspace/action_data_offset_posture_ws/build_aarch64/crb_ros_msg/CMakeFiles/crb_ros_msg__rosidl_typesupport_fastrtps_cpp.dir/compiler_depend.internal".\n'}
[1.436910] (crb_ros_msg) StdoutLine: {'line': b'Dependencies file "CMakeFiles/crb_ros_msg__rosidl_typesupport_fastrtps_cpp.dir/rosidl_typesupport_fastrtps_cpp/crb_ros_msg/msg/detail/dds_fastrtps/upper_joint_data__type_support.cpp.o.d" is newer than depends file "/workspace/action_data_offset_posture_ws/build_aarch64/crb_ros_msg/CMakeFiles/crb_ros_msg__rosidl_typesupport_fastrtps_cpp.dir/compiler_depend.internal".\n'}
[1.437297] (crb_ros_msg) StdoutLine: {'line': b'Dependencies file "CMakeFiles/crb_ros_msg__rosidl_typesupport_introspection_c.dir/rosidl_typesupport_introspection_c/crb_ros_msg/action/detail/action_play__type_support.c.o.d" is newer than depends file "/workspace/action_data_offset_posture_ws/build_aarch64/crb_ros_msg/CMakeFiles/crb_ros_msg__rosidl_typesupport_introspection_c.dir/compiler_depend.internal".\n'}
[1.437656] (crb_ros_msg) StdoutLine: {'line': b'\x1b[35m\x1b[1mConsolidate compiler generated dependencies of target crb_ros_msg__rosidl_typesupport_fastrtps_cpp\x1b[0m\n'}
[1.437954] (crb_ros_msg) StdoutLine: {'line': b'Dependencies file "CMakeFiles/crb_ros_msg__rosidl_typesupport_introspection_c.dir/rosidl_typesupport_introspection_c/crb_ros_msg/msg/detail/upper_joint_data__type_support.c.o.d" is newer than depends file "/workspace/action_data_offset_posture_ws/build_aarch64/crb_ros_msg/CMakeFiles/crb_ros_msg__rosidl_typesupport_introspection_c.dir/compiler_depend.internal".\n'}
[1.438155] (crb_ros_msg) StdoutLine: {'line': b'\x1b[35m\x1b[1mConsolidate compiler generated dependencies of target crb_ros_msg__rosidl_typesupport_introspection_c\x1b[0m\n'}
[1.438662] (crb_ros_msg) StdoutLine: {'line': b'Dependencies file "CMakeFiles/crb_ros_msg__rosidl_typesupport_fastrtps_c.dir/rosidl_typesupport_fastrtps_c/crb_ros_msg/action/detail/action_play__type_support_c.cpp.o.d" is newer than depends file "/workspace/action_data_offset_posture_ws/build_aarch64/crb_ros_msg/CMakeFiles/crb_ros_msg__rosidl_typesupport_fastrtps_c.dir/compiler_depend.internal".\n'}
[1.439025] (crb_ros_msg) StdoutLine: {'line': b'Dependencies file "CMakeFiles/crb_ros_msg__rosidl_typesupport_c.dir/rosidl_typesupport_c/crb_ros_msg/action/action_play__type_support.cpp.o.d" is newer than depends file "/workspace/action_data_offset_posture_ws/build_aarch64/crb_ros_msg/CMakeFiles/crb_ros_msg__rosidl_typesupport_c.dir/compiler_depend.internal".\n'}
[1.439342] (crb_ros_msg) StdoutLine: {'line': b'Dependencies file "CMakeFiles/crb_ros_msg__rosidl_typesupport_fastrtps_c.dir/rosidl_typesupport_fastrtps_c/crb_ros_msg/msg/detail/upper_joint_data__type_support_c.cpp.o.d" is newer than depends file "/workspace/action_data_offset_posture_ws/build_aarch64/crb_ros_msg/CMakeFiles/crb_ros_msg__rosidl_typesupport_fastrtps_c.dir/compiler_depend.internal".\n'}
[1.439555] (crb_ros_msg) StdoutLine: {'line': b'Dependencies file "CMakeFiles/crb_ros_msg__rosidl_typesupport_c.dir/rosidl_typesupport_c/crb_ros_msg/msg/upper_joint_data__type_support.cpp.o.d" is newer than depends file "/workspace/action_data_offset_posture_ws/build_aarch64/crb_ros_msg/CMakeFiles/crb_ros_msg__rosidl_typesupport_c.dir/compiler_depend.internal".\n'}
[1.439797] (crb_ros_msg) StdoutLine: {'line': b'\x1b[35m\x1b[1mConsolidate compiler generated dependencies of target crb_ros_msg__rosidl_typesupport_c\x1b[0m\n'}
[1.439992] (crb_ros_msg) StdoutLine: {'line': b'\x1b[35m\x1b[1mConsolidate compiler generated dependencies of target crb_ros_msg__rosidl_typesupport_fastrtps_c\x1b[0m\n'}
[1.442267] (crb_ros_msg) StdoutLine: {'line': b"gmake[2]: Leaving directory '/workspace/action_data_offset_posture_ws/build_aarch64/crb_ros_msg'\n"}
[1.442543] (crb_ros_msg) StdoutLine: {'line': b'/usr/bin/gmake  -f CMakeFiles/crb_ros_msg__rosidl_typesupport_introspection_c.dir/build.make CMakeFiles/crb_ros_msg__rosidl_typesupport_introspection_c.dir/build\n'}
[1.443120] (crb_ros_msg) StdoutLine: {'line': b"gmake[2]: Leaving directory '/workspace/action_data_offset_posture_ws/build_aarch64/crb_ros_msg'\n"}
[1.443343] (crb_ros_msg) StdoutLine: {'line': b'/usr/bin/gmake  -f CMakeFiles/crb_ros_msg__rosidl_typesupport_c.dir/build.make CMakeFiles/crb_ros_msg__rosidl_typesupport_c.dir/build\n'}
[1.444323] (crb_ros_msg) StdoutLine: {'line': b"gmake[2]: Leaving directory '/workspace/action_data_offset_posture_ws/build_aarch64/crb_ros_msg'\n"}
[1.444555] (crb_ros_msg) StdoutLine: {'line': b'/usr/bin/gmake  -f CMakeFiles/ament_cmake_python_build_crb_ros_msg_egg.dir/build.make CMakeFiles/ament_cmake_python_build_crb_ros_msg_egg.dir/build\n'}
[1.445817] (crb_ros_msg) StdoutLine: {'line': b"gmake[2]: Leaving directory '/workspace/action_data_offset_posture_ws/build_aarch64/crb_ros_msg'\n"}
[1.446075] (crb_ros_msg) StdoutLine: {'line': b'/usr/bin/gmake  -f CMakeFiles/crb_ros_msg__rosidl_typesupport_introspection_cpp.dir/build.make CMakeFiles/crb_ros_msg__rosidl_typesupport_introspection_cpp.dir/build\n'}
[1.446255] (crb_ros_msg) StdoutLine: {'line': b"gmake[2]: Leaving directory '/workspace/action_data_offset_posture_ws/build_aarch64/crb_ros_msg'\n"}
[1.446467] (crb_ros_msg) StdoutLine: {'line': b'/usr/bin/gmake  -f CMakeFiles/crb_ros_msg__rosidl_typesupport_cpp.dir/build.make CMakeFiles/crb_ros_msg__rosidl_typesupport_cpp.dir/build\n'}
[1.447271] (crb_ros_msg) StdoutLine: {'line': b"gmake[2]: Entering directory '/workspace/action_data_offset_posture_ws/build_aarch64/crb_ros_msg'\n"}
[1.447423] (crb_ros_msg) StdoutLine: {'line': b'cd /workspace/action_data_offset_posture_ws/build_aarch64/crb_ros_msg/ament_cmake_python/crb_ros_msg && /usr/bin/python3 setup.py egg_info\n'}
[1.448395] (crb_ros_msg) StdoutLine: {'line': b"gmake[2]: Entering directory '/workspace/action_data_offset_posture_ws/build_aarch64/crb_ros_msg'\n"}
[1.448559] (crb_ros_msg) StdoutLine: {'line': b"gmake[2]: Nothing to be done for 'CMakeFiles/crb_ros_msg__rosidl_typesupport_introspection_c.dir/build'.\n"}
[1.448783] (crb_ros_msg) StdoutLine: {'line': b"gmake[2]: Leaving directory '/workspace/action_data_offset_posture_ws/build_aarch64/crb_ros_msg'\n"}
[1.449105] (crb_ros_msg) StdoutLine: {'line': b"gmake[2]: Entering directory '/workspace/action_data_offset_posture_ws/build_aarch64/crb_ros_msg'\n"}
[1.449326] (crb_ros_msg) StdoutLine: {'line': b"gmake[2]: Nothing to be done for 'CMakeFiles/crb_ros_msg__rosidl_typesupport_c.dir/build'.\n"}
[1.449503] (crb_ros_msg) StdoutLine: {'line': b"gmake[2]: Leaving directory '/workspace/action_data_offset_posture_ws/build_aarch64/crb_ros_msg'\n"}
[1.449690] (crb_ros_msg) StdoutLine: {'line': b"gmake[2]: Leaving directory '/workspace/action_data_offset_posture_ws/build_aarch64/crb_ros_msg'\n"}
[1.449864] (crb_ros_msg) StdoutLine: {'line': b'/usr/bin/gmake  -f CMakeFiles/crb_ros_msg__rosidl_typesupport_fastrtps_c.dir/build.make CMakeFiles/crb_ros_msg__rosidl_typesupport_fastrtps_c.dir/build\n'}
[1.453499] (crb_ros_msg) StdoutLine: {'line': b"gmake[2]: Entering directory '/workspace/action_data_offset_posture_ws/build_aarch64/crb_ros_msg'\n"}
[1.453767] (crb_ros_msg) StdoutLine: {'line': b"gmake[2]: Nothing to be done for 'CMakeFiles/crb_ros_msg__rosidl_typesupport_cpp.dir/build'.\n"}
[1.453936] (crb_ros_msg) StdoutLine: {'line': b"gmake[2]: Leaving directory '/workspace/action_data_offset_posture_ws/build_aarch64/crb_ros_msg'\n"}
[1.454972] (crb_ros_msg) StdoutLine: {'line': b"gmake[2]: Entering directory '/workspace/action_data_offset_posture_ws/build_aarch64/crb_ros_msg'\n"}
[1.455168] (crb_ros_msg) StdoutLine: {'line': b"gmake[2]: Nothing to be done for 'CMakeFiles/crb_ros_msg__rosidl_typesupport_introspection_cpp.dir/build'.\n"}
[1.455287] (crb_ros_msg) StdoutLine: {'line': b"gmake[2]: Leaving directory '/workspace/action_data_offset_posture_ws/build_aarch64/crb_ros_msg'\n"}
[1.456082] (crb_ros_msg) StdoutLine: {'line': b"gmake[2]: Leaving directory '/workspace/action_data_offset_posture_ws/build_aarch64/crb_ros_msg'\n"}
[1.456330] (crb_ros_msg) StdoutLine: {'line': b'/usr/bin/gmake  -f CMakeFiles/crb_ros_msg__rosidl_typesupport_fastrtps_cpp.dir/build.make CMakeFiles/crb_ros_msg__rosidl_typesupport_fastrtps_cpp.dir/build\n'}
[1.460325] (crb_ros_msg) StdoutLine: {'line': b'[ 25%] Built target crb_ros_msg__rosidl_typesupport_introspection_c\n'}
[1.460579] (crb_ros_msg) StdoutLine: {'line': b'[ 35%] Built target crb_ros_msg__rosidl_typesupport_c\n'}
[1.461216] (crb_ros_msg) StdoutLine: {'line': b"gmake[2]: Entering directory '/workspace/action_data_offset_posture_ws/build_aarch64/crb_ros_msg'\n"}
[1.461435] (crb_ros_msg) StdoutLine: {'line': b"gmake[2]: Nothing to be done for 'CMakeFiles/crb_ros_msg__rosidl_typesupport_fastrtps_c.dir/build'.\n"}
[1.461591] (crb_ros_msg) StdoutLine: {'line': b"gmake[2]: Leaving directory '/workspace/action_data_offset_posture_ws/build_aarch64/crb_ros_msg'\n"}
[1.464651] (crb_ros_msg) StdoutLine: {'line': b'[ 50%] Built target crb_ros_msg__rosidl_typesupport_introspection_cpp\n'}
[1.464915] (crb_ros_msg) StdoutLine: {'line': b'[ 55%] Built target crb_ros_msg__rosidl_typesupport_cpp\n'}
[1.465163] (crb_ros_msg) StdoutLine: {'line': b"gmake[2]: Entering directory '/workspace/action_data_offset_posture_ws/build_aarch64/crb_ros_msg'\n"}
[1.465327] (crb_ros_msg) StdoutLine: {'line': b"gmake[2]: Nothing to be done for 'CMakeFiles/crb_ros_msg__rosidl_typesupport_fastrtps_cpp.dir/build'.\n"}
[1.465471] (crb_ros_msg) StdoutLine: {'line': b"gmake[2]: Leaving directory '/workspace/action_data_offset_posture_ws/build_aarch64/crb_ros_msg'\n"}
[1.474073] (crb_ros_msg) StdoutLine: {'line': b'[ 65%] Built target crb_ros_msg__rosidl_typesupport_fastrtps_c\n'}
[1.474921] (crb_ros_msg) StdoutLine: {'line': b'[ 75%] Built target crb_ros_msg__rosidl_typesupport_fastrtps_cpp\n'}
[1.475614] (crb_ros_msg) StdoutLine: {'line': b'/usr/bin/gmake  -f CMakeFiles/crb_ros_msg.dir/build.make CMakeFiles/crb_ros_msg.dir/depend\n'}
[1.477588] (crb_ros_msg) StdoutLine: {'line': b"gmake[2]: Entering directory '/workspace/action_data_offset_posture_ws/build_aarch64/crb_ros_msg'\n"}
[1.477694] (crb_ros_msg) StdoutLine: {'line': b'cd /workspace/action_data_offset_posture_ws/build_aarch64/crb_ros_msg && /usr/bin/cmake -E cmake_depends "Unix Makefiles" /workspace/action_data_offset_posture_ws/src/crb_ros_msg /workspace/action_data_offset_posture_ws/src/crb_ros_msg /workspace/action_data_offset_posture_ws/build_aarch64/crb_ros_msg /workspace/action_data_offset_posture_ws/build_aarch64/crb_ros_msg /workspace/action_data_offset_posture_ws/build_aarch64/crb_ros_msg/CMakeFiles/crb_ros_msg.dir/DependInfo.cmake --color=\n'}
[1.487708] (crb_ros_msg) StdoutLine: {'line': b"gmake[2]: Leaving directory '/workspace/action_data_offset_posture_ws/build_aarch64/crb_ros_msg'\n"}
[1.488052] (crb_ros_msg) StdoutLine: {'line': b'/usr/bin/gmake  -f CMakeFiles/crb_ros_msg.dir/build.make CMakeFiles/crb_ros_msg.dir/build\n'}
[1.490813] (crb_ros_msg) StdoutLine: {'line': b"gmake[2]: Entering directory '/workspace/action_data_offset_posture_ws/build_aarch64/crb_ros_msg'\n"}
[1.491018] (crb_ros_msg) StdoutLine: {'line': b"gmake[2]: Nothing to be done for 'CMakeFiles/crb_ros_msg.dir/build'.\n"}
[1.491085] (crb_ros_msg) StdoutLine: {'line': b"gmake[2]: Leaving directory '/workspace/action_data_offset_posture_ws/build_aarch64/crb_ros_msg'\n"}
[1.499735] (crb_ros_msg) StdoutLine: {'line': b'[ 75%] Built target crb_ros_msg\n'}
[1.500409] (crb_ros_msg) StdoutLine: {'line': b'/usr/bin/gmake  -f crb_ros_msg__py/CMakeFiles/crb_ros_msg__py.dir/build.make crb_ros_msg__py/CMakeFiles/crb_ros_msg__py.dir/depend\n'}
[1.501832] (crb_ros_msg) StdoutLine: {'line': b"gmake[2]: Entering directory '/workspace/action_data_offset_posture_ws/build_aarch64/crb_ros_msg'\n"}
[1.501984] (-) TimerEvent: {}
[1.502082] (crb_ros_msg) StdoutLine: {'line': b'cd /workspace/action_data_offset_posture_ws/build_aarch64/crb_ros_msg && /usr/bin/cmake -E cmake_depends "Unix Makefiles" /workspace/action_data_offset_posture_ws/src/crb_ros_msg /workspace/action_data_offset_posture_ws/build_aarch64/crb_ros_msg/crb_ros_msg__py /workspace/action_data_offset_posture_ws/build_aarch64/crb_ros_msg /workspace/action_data_offset_posture_ws/build_aarch64/crb_ros_msg/crb_ros_msg__py /workspace/action_data_offset_posture_ws/build_aarch64/crb_ros_msg/crb_ros_msg__py/CMakeFiles/crb_ros_msg__py.dir/DependInfo.cmake --color=\n'}
[1.513754] (crb_ros_msg) StdoutLine: {'line': b"gmake[2]: Leaving directory '/workspace/action_data_offset_posture_ws/build_aarch64/crb_ros_msg'\n"}
[1.513960] (crb_ros_msg) StdoutLine: {'line': b'/usr/bin/gmake  -f crb_ros_msg__py/CMakeFiles/crb_ros_msg__py.dir/build.make crb_ros_msg__py/CMakeFiles/crb_ros_msg__py.dir/build\n'}
[1.517676] (crb_ros_msg) StdoutLine: {'line': b"gmake[2]: Entering directory '/workspace/action_data_offset_posture_ws/build_aarch64/crb_ros_msg'\n"}
[1.517831] (crb_ros_msg) StdoutLine: {'line': b"gmake[2]: Nothing to be done for 'crb_ros_msg__py/CMakeFiles/crb_ros_msg__py.dir/build'.\n"}
[1.517910] (crb_ros_msg) StdoutLine: {'line': b"gmake[2]: Leaving directory '/workspace/action_data_offset_posture_ws/build_aarch64/crb_ros_msg'\n"}
[1.525400] (crb_ros_msg) StdoutLine: {'line': b'[ 77%] Built target crb_ros_msg__py\n'}
[1.525994] (crb_ros_msg) StdoutLine: {'line': b'/usr/bin/gmake  -f CMakeFiles/crb_ros_msg__rosidl_generator_py.dir/build.make CMakeFiles/crb_ros_msg__rosidl_generator_py.dir/depend\n'}
[1.527588] (crb_ros_msg) StdoutLine: {'line': b"gmake[2]: Entering directory '/workspace/action_data_offset_posture_ws/build_aarch64/crb_ros_msg'\n"}
[1.527724] (crb_ros_msg) StdoutLine: {'line': b'cd /workspace/action_data_offset_posture_ws/build_aarch64/crb_ros_msg && /usr/bin/cmake -E cmake_depends "Unix Makefiles" /workspace/action_data_offset_posture_ws/src/crb_ros_msg /workspace/action_data_offset_posture_ws/src/crb_ros_msg /workspace/action_data_offset_posture_ws/build_aarch64/crb_ros_msg /workspace/action_data_offset_posture_ws/build_aarch64/crb_ros_msg /workspace/action_data_offset_posture_ws/build_aarch64/crb_ros_msg/CMakeFiles/crb_ros_msg__rosidl_generator_py.dir/DependInfo.cmake --color=\n'}
[1.538166] (crb_ros_msg) StdoutLine: {'line': b'Dependencies file "CMakeFiles/crb_ros_msg__rosidl_generator_py.dir/rosidl_generator_py/crb_ros_msg/action/_action_play_s.c.o.d" is newer than depends file "/workspace/action_data_offset_posture_ws/build_aarch64/crb_ros_msg/CMakeFiles/crb_ros_msg__rosidl_generator_py.dir/compiler_depend.internal".\n'}
[1.538323] (crb_ros_msg) StdoutLine: {'line': b'Dependencies file "CMakeFiles/crb_ros_msg__rosidl_generator_py.dir/rosidl_generator_py/crb_ros_msg/msg/_upper_joint_data_s.c.o.d" is newer than depends file "/workspace/action_data_offset_posture_ws/build_aarch64/crb_ros_msg/CMakeFiles/crb_ros_msg__rosidl_generator_py.dir/compiler_depend.internal".\n'}
[1.538524] (crb_ros_msg) StdoutLine: {'line': b'\x1b[35m\x1b[1mConsolidate compiler generated dependencies of target crb_ros_msg__rosidl_generator_py\x1b[0m\n'}
[1.543887] (crb_ros_msg) StdoutLine: {'line': b"gmake[2]: Leaving directory '/workspace/action_data_offset_posture_ws/build_aarch64/crb_ros_msg'\n"}
[1.544082] (crb_ros_msg) StdoutLine: {'line': b'/usr/bin/gmake  -f CMakeFiles/crb_ros_msg__rosidl_generator_py.dir/build.make CMakeFiles/crb_ros_msg__rosidl_generator_py.dir/build\n'}
[1.551281] (crb_ros_msg) StdoutLine: {'line': b"gmake[2]: Entering directory '/workspace/action_data_offset_posture_ws/build_aarch64/crb_ros_msg'\n"}
[1.551522] (crb_ros_msg) StdoutLine: {'line': b"gmake[2]: Nothing to be done for 'CMakeFiles/crb_ros_msg__rosidl_generator_py.dir/build'.\n"}
[1.551647] (crb_ros_msg) StdoutLine: {'line': b"gmake[2]: Leaving directory '/workspace/action_data_offset_posture_ws/build_aarch64/crb_ros_msg'\n"}
[1.565870] (crb_ros_msg) StdoutLine: {'line': b'[ 85%] Built target crb_ros_msg__rosidl_generator_py\n'}
[1.567010] (crb_ros_msg) StdoutLine: {'line': b'/usr/bin/gmake  -f CMakeFiles/crb_ros_msg__rosidl_typesupport_fastrtps_c__pyext.dir/build.make CMakeFiles/crb_ros_msg__rosidl_typesupport_fastrtps_c__pyext.dir/depend\n'}
[1.567370] (crb_ros_msg) StdoutLine: {'line': b'/usr/bin/gmake  -f CMakeFiles/crb_ros_msg__rosidl_typesupport_introspection_c__pyext.dir/build.make CMakeFiles/crb_ros_msg__rosidl_typesupport_introspection_c__pyext.dir/depend\n'}
[1.567585] (crb_ros_msg) StdoutLine: {'line': b'/usr/bin/gmake  -f CMakeFiles/crb_ros_msg__rosidl_typesupport_c__pyext.dir/build.make CMakeFiles/crb_ros_msg__rosidl_typesupport_c__pyext.dir/depend\n'}
[1.569204] (crb_ros_msg) StdoutLine: {'line': b"gmake[2]: Entering directory '/workspace/action_data_offset_posture_ws/build_aarch64/crb_ros_msg'\n"}
[1.569383] (crb_ros_msg) StdoutLine: {'line': b'cd /workspace/action_data_offset_posture_ws/build_aarch64/crb_ros_msg && /usr/bin/cmake -E cmake_depends "Unix Makefiles" /workspace/action_data_offset_posture_ws/src/crb_ros_msg /workspace/action_data_offset_posture_ws/src/crb_ros_msg /workspace/action_data_offset_posture_ws/build_aarch64/crb_ros_msg /workspace/action_data_offset_posture_ws/build_aarch64/crb_ros_msg /workspace/action_data_offset_posture_ws/build_aarch64/crb_ros_msg/CMakeFiles/crb_ros_msg__rosidl_typesupport_fastrtps_c__pyext.dir/DependInfo.cmake --color=\n'}
[1.569577] (crb_ros_msg) StdoutLine: {'line': b"gmake[2]: Entering directory '/workspace/action_data_offset_posture_ws/build_aarch64/crb_ros_msg'\n"}
[1.569775] (crb_ros_msg) StdoutLine: {'line': b'cd /workspace/action_data_offset_posture_ws/build_aarch64/crb_ros_msg && /usr/bin/cmake -E cmake_depends "Unix Makefiles" /workspace/action_data_offset_posture_ws/src/crb_ros_msg /workspace/action_data_offset_posture_ws/src/crb_ros_msg /workspace/action_data_offset_posture_ws/build_aarch64/crb_ros_msg /workspace/action_data_offset_posture_ws/build_aarch64/crb_ros_msg /workspace/action_data_offset_posture_ws/build_aarch64/crb_ros_msg/CMakeFiles/crb_ros_msg__rosidl_typesupport_c__pyext.dir/DependInfo.cmake --color=\n'}
[1.569918] (crb_ros_msg) StdoutLine: {'line': b"gmake[2]: Entering directory '/workspace/action_data_offset_posture_ws/build_aarch64/crb_ros_msg'\n"}
[1.570124] (crb_ros_msg) StdoutLine: {'line': b'cd /workspace/action_data_offset_posture_ws/build_aarch64/crb_ros_msg && /usr/bin/cmake -E cmake_depends "Unix Makefiles" /workspace/action_data_offset_posture_ws/src/crb_ros_msg /workspace/action_data_offset_posture_ws/src/crb_ros_msg /workspace/action_data_offset_posture_ws/build_aarch64/crb_ros_msg /workspace/action_data_offset_posture_ws/build_aarch64/crb_ros_msg /workspace/action_data_offset_posture_ws/build_aarch64/crb_ros_msg/CMakeFiles/crb_ros_msg__rosidl_typesupport_introspection_c__pyext.dir/DependInfo.cmake --color=\n'}
[1.577973] (crb_ros_msg) StdoutLine: {'line': b'Dependencies file "CMakeFiles/crb_ros_msg__rosidl_typesupport_c__pyext.dir/rosidl_generator_py/crb_ros_msg/_crb_ros_msg_s.ep.rosidl_typesupport_c.c.o.d" is newer than depends file "/workspace/action_data_offset_posture_ws/build_aarch64/crb_ros_msg/CMakeFiles/crb_ros_msg__rosidl_typesupport_c__pyext.dir/compiler_depend.internal".\n'}
[1.578245] (crb_ros_msg) StdoutLine: {'line': b'Dependencies file "CMakeFiles/crb_ros_msg__rosidl_typesupport_fastrtps_c__pyext.dir/rosidl_generator_py/crb_ros_msg/_crb_ros_msg_s.ep.rosidl_typesupport_fastrtps_c.c.o.d" is newer than depends file "/workspace/action_data_offset_posture_ws/build_aarch64/crb_ros_msg/CMakeFiles/crb_ros_msg__rosidl_typesupport_fastrtps_c__pyext.dir/compiler_depend.internal".\n'}
[1.578573] (crb_ros_msg) StdoutLine: {'line': b'\x1b[35m\x1b[1mConsolidate compiler generated dependencies of target crb_ros_msg__rosidl_typesupport_c__pyext\x1b[0m\n'}
[1.578744] (crb_ros_msg) StdoutLine: {'line': b'\x1b[35m\x1b[1mConsolidate compiler generated dependencies of target crb_ros_msg__rosidl_typesupport_fastrtps_c__pyext\x1b[0m\n'}
[1.583868] (crb_ros_msg) StdoutLine: {'line': b"gmake[2]: Leaving directory '/workspace/action_data_offset_posture_ws/build_aarch64/crb_ros_msg'\n"}
[1.584183] (crb_ros_msg) StdoutLine: {'line': b"gmake[2]: Leaving directory '/workspace/action_data_offset_posture_ws/build_aarch64/crb_ros_msg'\n"}
[1.584422] (crb_ros_msg) StdoutLine: {'line': b'/usr/bin/gmake  -f CMakeFiles/crb_ros_msg__rosidl_typesupport_fastrtps_c__pyext.dir/build.make CMakeFiles/crb_ros_msg__rosidl_typesupport_fastrtps_c__pyext.dir/build\n'}
[1.584506] (crb_ros_msg) StdoutLine: {'line': b'/usr/bin/gmake  -f CMakeFiles/crb_ros_msg__rosidl_typesupport_c__pyext.dir/build.make CMakeFiles/crb_ros_msg__rosidl_typesupport_c__pyext.dir/build\n'}
[1.584743] (crb_ros_msg) StdoutLine: {'line': b'Dependencies file "CMakeFiles/crb_ros_msg__rosidl_typesupport_introspection_c__pyext.dir/rosidl_generator_py/crb_ros_msg/_crb_ros_msg_s.ep.rosidl_typesupport_introspection_c.c.o.d" is newer than depends file "/workspace/action_data_offset_posture_ws/build_aarch64/crb_ros_msg/CMakeFiles/crb_ros_msg__rosidl_typesupport_introspection_c__pyext.dir/compiler_depend.internal".\n'}
[1.585121] (crb_ros_msg) StdoutLine: {'line': b'\x1b[35m\x1b[1mConsolidate compiler generated dependencies of target crb_ros_msg__rosidl_typesupport_introspection_c__pyext\x1b[0m\n'}
[1.588567] (crb_ros_msg) StdoutLine: {'line': b"gmake[2]: Entering directory '/workspace/action_data_offset_posture_ws/build_aarch64/crb_ros_msg'\n"}
[1.588745] (crb_ros_msg) StdoutLine: {'line': b"gmake[2]: Nothing to be done for 'CMakeFiles/crb_ros_msg__rosidl_typesupport_fastrtps_c__pyext.dir/build'.\n"}
[1.588876] (crb_ros_msg) StdoutLine: {'line': b"gmake[2]: Leaving directory '/workspace/action_data_offset_posture_ws/build_aarch64/crb_ros_msg'\n"}
[1.591056] (crb_ros_msg) StdoutLine: {'line': b"gmake[2]: Entering directory '/workspace/action_data_offset_posture_ws/build_aarch64/crb_ros_msg'\n"}
[1.591194] (crb_ros_msg) StdoutLine: {'line': b"gmake[2]: Nothing to be done for 'CMakeFiles/crb_ros_msg__rosidl_typesupport_c__pyext.dir/build'.\n"}
[1.591298] (crb_ros_msg) StdoutLine: {'line': b"gmake[2]: Leaving directory '/workspace/action_data_offset_posture_ws/build_aarch64/crb_ros_msg'\n"}
[1.592212] (crb_ros_msg) StdoutLine: {'line': b"gmake[2]: Leaving directory '/workspace/action_data_offset_posture_ws/build_aarch64/crb_ros_msg'\n"}
[1.592357] (crb_ros_msg) StdoutLine: {'line': b'/usr/bin/gmake  -f CMakeFiles/crb_ros_msg__rosidl_typesupport_introspection_c__pyext.dir/build.make CMakeFiles/crb_ros_msg__rosidl_typesupport_introspection_c__pyext.dir/build\n'}
[1.597422] (crb_ros_msg) StdoutLine: {'line': b'[ 90%] Built target crb_ros_msg__rosidl_typesupport_fastrtps_c__pyext\n'}
[1.598396] (crb_ros_msg) StdoutLine: {'line': b'[ 95%] Built target crb_ros_msg__rosidl_typesupport_c__pyext\n'}
[1.598863] (crb_ros_msg) StdoutLine: {'line': b"gmake[2]: Entering directory '/workspace/action_data_offset_posture_ws/build_aarch64/crb_ros_msg'\n"}
[1.598992] (crb_ros_msg) StdoutLine: {'line': b"gmake[2]: Nothing to be done for 'CMakeFiles/crb_ros_msg__rosidl_typesupport_introspection_c__pyext.dir/build'.\n"}
[1.599109] (crb_ros_msg) StdoutLine: {'line': b"gmake[2]: Leaving directory '/workspace/action_data_offset_posture_ws/build_aarch64/crb_ros_msg'\n"}
[1.602052] (-) TimerEvent: {}
[1.611190] (crb_ros_msg) StdoutLine: {'line': b'[100%] Built target crb_ros_msg__rosidl_typesupport_introspection_c__pyext\n'}
[1.618825] (crb_ros_msg) StdoutLine: {'line': b'running egg_info\n'}
[1.619438] (crb_ros_msg) StdoutLine: {'line': b'writing crb_ros_msg.egg-info/PKG-INFO\n'}
[1.619637] (crb_ros_msg) StdoutLine: {'line': b'writing dependency_links to crb_ros_msg.egg-info/dependency_links.txt\n'}
[1.619770] (crb_ros_msg) StdoutLine: {'line': b'writing top-level names to crb_ros_msg.egg-info/top_level.txt\n'}
[1.621975] (crb_ros_msg) StdoutLine: {'line': b"reading manifest file 'crb_ros_msg.egg-info/SOURCES.txt'\n"}
[1.622445] (crb_ros_msg) StdoutLine: {'line': b"writing manifest file 'crb_ros_msg.egg-info/SOURCES.txt'\n"}
[1.633036] (crb_ros_msg) StdoutLine: {'line': b"gmake[2]: Leaving directory '/workspace/action_data_offset_posture_ws/build_aarch64/crb_ros_msg'\n"}
[1.646121] (crb_ros_msg) StdoutLine: {'line': b'[100%] Built target ament_cmake_python_build_crb_ros_msg_egg\n'}
[1.646897] (crb_ros_msg) StdoutLine: {'line': b"gmake[1]: Leaving directory '/workspace/action_data_offset_posture_ws/build_aarch64/crb_ros_msg'\n"}
[1.647080] (crb_ros_msg) StdoutLine: {'line': b'/usr/bin/cmake -E cmake_progress_start /workspace/action_data_offset_posture_ws/build_aarch64/crb_ros_msg/CMakeFiles 0\n'}
[1.663765] (crb_ros_msg) CommandEnded: {'returncode': 0}
[1.664368] (crb_ros_msg) JobProgress: {'identifier': 'crb_ros_msg', 'progress': 'install'}
[1.674413] (crb_ros_msg) Command: {'cmd': ['/usr/bin/cmake', '--install', '/workspace/action_data_offset_posture_ws/build/crb_ros_msg'], 'cwd': '/workspace/action_data_offset_posture_ws/build/crb_ros_msg', 'env': OrderedDict([('PYTHON_SOABI', 'cpython-310-aarch64-linux-gnu'), ('ARCH', 'aarch64'), ('HOSTNAME', 'aarch64_2204_0515_1459_02'), ('SHLVL', '2'), ('LD_LIBRARY_PATH', '/opt/rootfs_2204_aarch64/opt/ros/humble/opt/rviz_ogre_vendor/lib:/opt/rootfs_2204_aarch64/opt/ros/humble/lib/aarch64-linux-gnu:/opt/rootfs_2204_aarch64/opt/ros/humble/lib'), ('HOME', '/home/casbot'), ('OLDPWD', '/workspace/action_data_offset_posture_ws'), ('ROS_PYTHON_VERSION', '3'), ('CROSS_FLAG', '-DCMAKE_CUSTOM_CROSS=ON -DCMAKE_TOOLCHAIN_FILE=/workspace/action_data_offset_posture_ws/docker_env/environment/cmake-toolchains/generic_aarch64.cmake'), ('project_environment_dir', '/workspace/action_data_offset_posture_ws/docker_env/environment'), ('ROS_DISTRO', 'humble'), ('is_ubuntu_20_04', 'false'), ('_', '/usr/local/bin/colcon'), ('ROS_VERSION', '2'), ('is_orin', 'false'), ('is_ubuntu_22_04', 'true'), ('TERM', 'xterm'), ('ROS_LOCALHOST_ONLY', '0'), ('QT_X11_NO_MITSHM', '1'), ('PATH', '/opt/rootfs_2204_aarch64/opt/ros/humble/bin:/usr/local/sbin:/usr/local/bin:/usr/sbin:/usr/bin:/sbin:/bin'), ('is_pc', 'true'), ('env_is_docker', '1'), ('DISPLAY', ':1'), ('LANG', 'en_US.UTF-8'), ('AMENT_PREFIX_PATH', '/opt/rootfs_2204_aarch64/opt/ros/humble'), ('env_docker_aarch64', '1'), ('PWD', '/workspace/action_data_offset_posture_ws/build_aarch64/crb_ros_msg'), ('env_docker_x86', '0'), ('PYTHONPATH', '/opt/rootfs_2204_aarch64/opt/ros/humble/lib/python3.10/site-packages:/opt/rootfs_2204_aarch64/opt/ros/humble/local/lib/python3.10/dist-packages'), ('SYSROOT', '/opt/rootfs_2204_aarch64/'), ('TARGET_ARCH', 'aarch64'), ('TZ', 'Asia/Shanghai'), ('project_install_dir', '/workspace/action_data_offset_posture_ws/install_aarch64'), ('COLCON', '1'), ('CMAKE_PREFIX_PATH', '/opt/rootfs_2204_aarch64/opt/ros/humble')]), 'shell': False}
[1.684246] (crb_ros_msg) StdoutLine: {'line': b'-- Install configuration: "Release"\n'}
[1.684467] (crb_ros_msg) StdoutLine: {'line': b'-- Up-to-date: /workspace/action_data_offset_posture_ws/install/share/ament_index/resource_index/rosidl_interfaces/crb_ros_msg\n'}
[1.684565] (crb_ros_msg) StdoutLine: {'line': b'-- Up-to-date: /workspace/action_data_offset_posture_ws/install/include/crb_ros_msg/crb_ros_msg\n'}
[1.684841] (crb_ros_msg) StdoutLine: {'line': b'-- Up-to-date: /workspace/action_data_offset_posture_ws/install/include/crb_ros_msg/crb_ros_msg/action\n'}
[1.685029] (crb_ros_msg) StdoutLine: {'line': b'-- Up-to-date: /workspace/action_data_offset_posture_ws/install/include/crb_ros_msg/crb_ros_msg/action/detail\n'}
[1.685202] (crb_ros_msg) StdoutLine: {'line': b'-- Up-to-date: /workspace/action_data_offset_posture_ws/install/include/crb_ros_msg/crb_ros_msg/action/detail/action_play__functions.c\n'}
[1.685357] (crb_ros_msg) StdoutLine: {'line': b'-- Up-to-date: /workspace/action_data_offset_posture_ws/install/include/crb_ros_msg/crb_ros_msg/action/detail/action_play__struct.h\n'}
[1.685492] (crb_ros_msg) StdoutLine: {'line': b'-- Up-to-date: /workspace/action_data_offset_posture_ws/install/include/crb_ros_msg/crb_ros_msg/action/detail/action_play__functions.h\n'}
[1.685597] (crb_ros_msg) StdoutLine: {'line': b'-- Up-to-date: /workspace/action_data_offset_posture_ws/install/include/crb_ros_msg/crb_ros_msg/action/detail/action_play__type_support.h\n'}
[1.685671] (crb_ros_msg) StdoutLine: {'line': b'-- Up-to-date: /workspace/action_data_offset_posture_ws/install/include/crb_ros_msg/crb_ros_msg/action/action_play.h\n'}
[1.685727] (crb_ros_msg) StdoutLine: {'line': b'-- Up-to-date: /workspace/action_data_offset_posture_ws/install/include/crb_ros_msg/crb_ros_msg/msg\n'}
[1.685781] (crb_ros_msg) StdoutLine: {'line': b'-- Up-to-date: /workspace/action_data_offset_posture_ws/install/include/crb_ros_msg/crb_ros_msg/msg/detail\n'}
[1.685846] (crb_ros_msg) StdoutLine: {'line': b'-- Up-to-date: /workspace/action_data_offset_posture_ws/install/include/crb_ros_msg/crb_ros_msg/msg/detail/upper_joint_data__functions.h\n'}
[1.685895] (crb_ros_msg) StdoutLine: {'line': b'-- Up-to-date: /workspace/action_data_offset_posture_ws/install/include/crb_ros_msg/crb_ros_msg/msg/detail/upper_joint_data__type_support.h\n'}
[1.685940] (crb_ros_msg) StdoutLine: {'line': b'-- Up-to-date: /workspace/action_data_offset_posture_ws/install/include/crb_ros_msg/crb_ros_msg/msg/detail/upper_joint_data__functions.c\n'}
[1.685990] (crb_ros_msg) StdoutLine: {'line': b'-- Up-to-date: /workspace/action_data_offset_posture_ws/install/include/crb_ros_msg/crb_ros_msg/msg/detail/upper_joint_data__struct.h\n'}
[1.686036] (crb_ros_msg) StdoutLine: {'line': b'-- Up-to-date: /workspace/action_data_offset_posture_ws/install/include/crb_ros_msg/crb_ros_msg/msg/rosidl_generator_c__visibility_control.h\n'}
[1.686095] (crb_ros_msg) StdoutLine: {'line': b'-- Up-to-date: /workspace/action_data_offset_posture_ws/install/include/crb_ros_msg/crb_ros_msg/msg/upper_joint_data.h\n'}
[1.686171] (crb_ros_msg) StdoutLine: {'line': b'-- Up-to-date: /workspace/action_data_offset_posture_ws/install/share/crb_ros_msg/environment/library_path.sh\n'}
[1.686239] (crb_ros_msg) StdoutLine: {'line': b'-- Installing: /workspace/action_data_offset_posture_ws/install/share/crb_ros_msg/environment/library_path.dsv\n'}
[1.686303] (crb_ros_msg) StdoutLine: {'line': b'-- Up-to-date: /workspace/action_data_offset_posture_ws/install/lib/libcrb_ros_msg__rosidl_generator_c.so\n'}
[1.686359] (crb_ros_msg) StdoutLine: {'line': b'-- Up-to-date: /workspace/action_data_offset_posture_ws/install/include/crb_ros_msg/crb_ros_msg\n'}
[1.686408] (crb_ros_msg) StdoutLine: {'line': b'-- Up-to-date: /workspace/action_data_offset_posture_ws/install/include/crb_ros_msg/crb_ros_msg/action\n'}
[1.686453] (crb_ros_msg) StdoutLine: {'line': b'-- Up-to-date: /workspace/action_data_offset_posture_ws/install/include/crb_ros_msg/crb_ros_msg/action/detail\n'}
[1.686498] (crb_ros_msg) StdoutLine: {'line': b'-- Up-to-date: /workspace/action_data_offset_posture_ws/install/include/crb_ros_msg/crb_ros_msg/action/detail/action_play__rosidl_typesupport_fastrtps_c.h\n'}
[1.686543] (crb_ros_msg) StdoutLine: {'line': b'-- Up-to-date: /workspace/action_data_offset_posture_ws/install/include/crb_ros_msg/crb_ros_msg/msg\n'}
[1.686586] (crb_ros_msg) StdoutLine: {'line': b'-- Up-to-date: /workspace/action_data_offset_posture_ws/install/include/crb_ros_msg/crb_ros_msg/msg/rosidl_typesupport_fastrtps_c__visibility_control.h\n'}
[1.686638] (crb_ros_msg) StdoutLine: {'line': b'-- Up-to-date: /workspace/action_data_offset_posture_ws/install/include/crb_ros_msg/crb_ros_msg/msg/detail\n'}
[1.686705] (crb_ros_msg) StdoutLine: {'line': b'-- Up-to-date: /workspace/action_data_offset_posture_ws/install/include/crb_ros_msg/crb_ros_msg/msg/detail/upper_joint_data__rosidl_typesupport_fastrtps_c.h\n'}
[1.686754] (crb_ros_msg) StdoutLine: {'line': b'-- Up-to-date: /workspace/action_data_offset_posture_ws/install/lib/libcrb_ros_msg__rosidl_typesupport_fastrtps_c.so\n'}
[1.686938] (crb_ros_msg) StdoutLine: {'line': b'-- Up-to-date: /workspace/action_data_offset_posture_ws/install/include/crb_ros_msg/crb_ros_msg\n'}
[1.687004] (crb_ros_msg) StdoutLine: {'line': b'-- Up-to-date: /workspace/action_data_offset_posture_ws/install/include/crb_ros_msg/crb_ros_msg/action\n'}
[1.687068] (crb_ros_msg) StdoutLine: {'line': b'-- Up-to-date: /workspace/action_data_offset_posture_ws/install/include/crb_ros_msg/crb_ros_msg/action/detail\n'}
[1.687134] (crb_ros_msg) StdoutLine: {'line': b'-- Up-to-date: /workspace/action_data_offset_posture_ws/install/include/crb_ros_msg/crb_ros_msg/action/detail/action_play__type_support.c\n'}
[1.687200] (crb_ros_msg) StdoutLine: {'line': b'-- Up-to-date: /workspace/action_data_offset_posture_ws/install/include/crb_ros_msg/crb_ros_msg/action/detail/action_play__rosidl_typesupport_introspection_c.h\n'}
[1.687259] (crb_ros_msg) StdoutLine: {'line': b'-- Up-to-date: /workspace/action_data_offset_posture_ws/install/include/crb_ros_msg/crb_ros_msg/msg\n'}
[1.687316] (crb_ros_msg) StdoutLine: {'line': b'-- Up-to-date: /workspace/action_data_offset_posture_ws/install/include/crb_ros_msg/crb_ros_msg/msg/detail\n'}
[1.687375] (crb_ros_msg) StdoutLine: {'line': b'-- Up-to-date: /workspace/action_data_offset_posture_ws/install/include/crb_ros_msg/crb_ros_msg/msg/detail/upper_joint_data__rosidl_typesupport_introspection_c.h\n'}
[1.687434] (crb_ros_msg) StdoutLine: {'line': b'-- Up-to-date: /workspace/action_data_offset_posture_ws/install/include/crb_ros_msg/crb_ros_msg/msg/detail/upper_joint_data__type_support.c\n'}
[1.687481] (crb_ros_msg) StdoutLine: {'line': b'-- Up-to-date: /workspace/action_data_offset_posture_ws/install/include/crb_ros_msg/crb_ros_msg/msg/rosidl_typesupport_introspection_c__visibility_control.h\n'}
[1.687722] (crb_ros_msg) StdoutLine: {'line': b'-- Up-to-date: /workspace/action_data_offset_posture_ws/install/lib/libcrb_ros_msg__rosidl_typesupport_introspection_c.so\n'}
[1.688199] (crb_ros_msg) StdoutLine: {'line': b'-- Up-to-date: /workspace/action_data_offset_posture_ws/install/lib/libcrb_ros_msg__rosidl_typesupport_c.so\n'}
[1.688416] (crb_ros_msg) StdoutLine: {'line': b'-- Up-to-date: /workspace/action_data_offset_posture_ws/install/include/crb_ros_msg/crb_ros_msg\n'}
[1.688479] (crb_ros_msg) StdoutLine: {'line': b'-- Up-to-date: /workspace/action_data_offset_posture_ws/install/include/crb_ros_msg/crb_ros_msg/action\n'}
[1.688538] (crb_ros_msg) StdoutLine: {'line': b'-- Up-to-date: /workspace/action_data_offset_posture_ws/install/include/crb_ros_msg/crb_ros_msg/action/detail\n'}
[1.688607] (crb_ros_msg) StdoutLine: {'line': b'-- Up-to-date: /workspace/action_data_offset_posture_ws/install/include/crb_ros_msg/crb_ros_msg/action/detail/action_play__traits.hpp\n'}
[1.688700] (crb_ros_msg) StdoutLine: {'line': b'-- Up-to-date: /workspace/action_data_offset_posture_ws/install/include/crb_ros_msg/crb_ros_msg/action/detail/action_play__type_support.hpp\n'}
[1.688783] (crb_ros_msg) StdoutLine: {'line': b'-- Up-to-date: /workspace/action_data_offset_posture_ws/install/include/crb_ros_msg/crb_ros_msg/action/detail/action_play__builder.hpp\n'}
[1.688838] (crb_ros_msg) StdoutLine: {'line': b'-- Up-to-date: /workspace/action_data_offset_posture_ws/install/include/crb_ros_msg/crb_ros_msg/action/detail/action_play__struct.hpp\n'}
[1.688892] (crb_ros_msg) StdoutLine: {'line': b'-- Up-to-date: /workspace/action_data_offset_posture_ws/install/include/crb_ros_msg/crb_ros_msg/action/action_play.hpp\n'}
[1.688945] (crb_ros_msg) StdoutLine: {'line': b'-- Up-to-date: /workspace/action_data_offset_posture_ws/install/include/crb_ros_msg/crb_ros_msg/msg\n'}
[1.689061] (crb_ros_msg) StdoutLine: {'line': b'-- Up-to-date: /workspace/action_data_offset_posture_ws/install/include/crb_ros_msg/crb_ros_msg/msg/detail\n'}
[1.689155] (crb_ros_msg) StdoutLine: {'line': b'-- Up-to-date: /workspace/action_data_offset_posture_ws/install/include/crb_ros_msg/crb_ros_msg/msg/detail/upper_joint_data__traits.hpp\n'}
[1.689237] (crb_ros_msg) StdoutLine: {'line': b'-- Up-to-date: /workspace/action_data_offset_posture_ws/install/include/crb_ros_msg/crb_ros_msg/msg/detail/upper_joint_data__type_support.hpp\n'}
[1.689313] (crb_ros_msg) StdoutLine: {'line': b'-- Up-to-date: /workspace/action_data_offset_posture_ws/install/include/crb_ros_msg/crb_ros_msg/msg/detail/upper_joint_data__struct.hpp\n'}
[1.689375] (crb_ros_msg) StdoutLine: {'line': b'-- Up-to-date: /workspace/action_data_offset_posture_ws/install/include/crb_ros_msg/crb_ros_msg/msg/detail/upper_joint_data__builder.hpp\n'}
[1.689431] (crb_ros_msg) StdoutLine: {'line': b'-- Up-to-date: /workspace/action_data_offset_posture_ws/install/include/crb_ros_msg/crb_ros_msg/msg/rosidl_generator_cpp__visibility_control.hpp\n'}
[1.689487] (crb_ros_msg) StdoutLine: {'line': b'-- Up-to-date: /workspace/action_data_offset_posture_ws/install/include/crb_ros_msg/crb_ros_msg/msg/upper_joint_data.hpp\n'}
[1.689544] (crb_ros_msg) StdoutLine: {'line': b'-- Up-to-date: /workspace/action_data_offset_posture_ws/install/include/crb_ros_msg/crb_ros_msg\n'}
[1.689600] (crb_ros_msg) StdoutLine: {'line': b'-- Up-to-date: /workspace/action_data_offset_posture_ws/install/include/crb_ros_msg/crb_ros_msg/action\n'}
[1.689686] (crb_ros_msg) StdoutLine: {'line': b'-- Up-to-date: /workspace/action_data_offset_posture_ws/install/include/crb_ros_msg/crb_ros_msg/action/detail\n'}
[1.689736] (crb_ros_msg) StdoutLine: {'line': b'-- Up-to-date: /workspace/action_data_offset_posture_ws/install/include/crb_ros_msg/crb_ros_msg/action/detail/action_play__rosidl_typesupport_fastrtps_cpp.hpp\n'}
[1.689783] (crb_ros_msg) StdoutLine: {'line': b'-- Up-to-date: /workspace/action_data_offset_posture_ws/install/include/crb_ros_msg/crb_ros_msg/action/detail/dds_fastrtps\n'}
[1.689827] (crb_ros_msg) StdoutLine: {'line': b'-- Up-to-date: /workspace/action_data_offset_posture_ws/install/include/crb_ros_msg/crb_ros_msg/msg\n'}
[1.689871] (crb_ros_msg) StdoutLine: {'line': b'-- Up-to-date: /workspace/action_data_offset_posture_ws/install/include/crb_ros_msg/crb_ros_msg/msg/detail\n'}
[1.689936] (crb_ros_msg) StdoutLine: {'line': b'-- Up-to-date: /workspace/action_data_offset_posture_ws/install/include/crb_ros_msg/crb_ros_msg/msg/detail/upper_joint_data__rosidl_typesupport_fastrtps_cpp.hpp\n'}
[1.690008] (crb_ros_msg) StdoutLine: {'line': b'-- Up-to-date: /workspace/action_data_offset_posture_ws/install/include/crb_ros_msg/crb_ros_msg/msg/detail/dds_fastrtps\n'}
[1.690070] (crb_ros_msg) StdoutLine: {'line': b'-- Up-to-date: /workspace/action_data_offset_posture_ws/install/include/crb_ros_msg/crb_ros_msg/msg/rosidl_typesupport_fastrtps_cpp__visibility_control.h\n'}
[1.690115] (crb_ros_msg) StdoutLine: {'line': b'-- Up-to-date: /workspace/action_data_offset_posture_ws/install/lib/libcrb_ros_msg__rosidl_typesupport_fastrtps_cpp.so\n'}
[1.690186] (crb_ros_msg) StdoutLine: {'line': b'-- Up-to-date: /workspace/action_data_offset_posture_ws/install/include/crb_ros_msg/crb_ros_msg\n'}
[1.690243] (crb_ros_msg) StdoutLine: {'line': b'-- Up-to-date: /workspace/action_data_offset_posture_ws/install/include/crb_ros_msg/crb_ros_msg/action\n'}
[1.690300] (crb_ros_msg) StdoutLine: {'line': b'-- Up-to-date: /workspace/action_data_offset_posture_ws/install/include/crb_ros_msg/crb_ros_msg/action/detail\n'}
[1.690359] (crb_ros_msg) StdoutLine: {'line': b'-- Up-to-date: /workspace/action_data_offset_posture_ws/install/include/crb_ros_msg/crb_ros_msg/action/detail/action_play__rosidl_typesupport_introspection_cpp.hpp\n'}
[1.690406] (crb_ros_msg) StdoutLine: {'line': b'-- Up-to-date: /workspace/action_data_offset_posture_ws/install/include/crb_ros_msg/crb_ros_msg/action/detail/action_play__type_support.cpp\n'}
[1.690455] (crb_ros_msg) StdoutLine: {'line': b'-- Up-to-date: /workspace/action_data_offset_posture_ws/install/include/crb_ros_msg/crb_ros_msg/msg\n'}
[1.690500] (crb_ros_msg) StdoutLine: {'line': b'-- Up-to-date: /workspace/action_data_offset_posture_ws/install/include/crb_ros_msg/crb_ros_msg/msg/detail\n'}
[1.690545] (crb_ros_msg) StdoutLine: {'line': b'-- Up-to-date: /workspace/action_data_offset_posture_ws/install/include/crb_ros_msg/crb_ros_msg/msg/detail/upper_joint_data__rosidl_typesupport_introspection_cpp.hpp\n'}
[1.690590] (crb_ros_msg) StdoutLine: {'line': b'-- Up-to-date: /workspace/action_data_offset_posture_ws/install/include/crb_ros_msg/crb_ros_msg/msg/detail/upper_joint_data__type_support.cpp\n'}
[1.690670] (crb_ros_msg) StdoutLine: {'line': b'-- Up-to-date: /workspace/action_data_offset_posture_ws/install/lib/libcrb_ros_msg__rosidl_typesupport_introspection_cpp.so\n'}
[1.691191] (crb_ros_msg) StdoutLine: {'line': b'-- Up-to-date: /workspace/action_data_offset_posture_ws/install/lib/libcrb_ros_msg__rosidl_typesupport_cpp.so\n'}
[1.691383] (crb_ros_msg) StdoutLine: {'line': b'-- Up-to-date: /workspace/action_data_offset_posture_ws/install/share/crb_ros_msg/environment/pythonpath.sh\n'}
[1.691443] (crb_ros_msg) StdoutLine: {'line': b'-- Installing: /workspace/action_data_offset_posture_ws/install/share/crb_ros_msg/environment/pythonpath.dsv\n'}
[1.691619] (crb_ros_msg) StdoutLine: {'line': b'-- Up-to-date: /workspace/action_data_offset_posture_ws/install/local/lib/python3.10/dist-packages/crb_ros_msg-0.1.0-py3.10.egg-info\n'}
[1.691694] (crb_ros_msg) StdoutLine: {'line': b'-- Installing: /workspace/action_data_offset_posture_ws/install/local/lib/python3.10/dist-packages/crb_ros_msg-0.1.0-py3.10.egg-info/PKG-INFO\n'}
[1.691849] (crb_ros_msg) StdoutLine: {'line': b'-- Installing: /workspace/action_data_offset_posture_ws/install/local/lib/python3.10/dist-packages/crb_ros_msg-0.1.0-py3.10.egg-info/dependency_links.txt\n'}
[1.691988] (crb_ros_msg) StdoutLine: {'line': b'-- Installing: /workspace/action_data_offset_posture_ws/install/local/lib/python3.10/dist-packages/crb_ros_msg-0.1.0-py3.10.egg-info/SOURCES.txt\n'}
[1.692142] (crb_ros_msg) StdoutLine: {'line': b'-- Installing: /workspace/action_data_offset_posture_ws/install/local/lib/python3.10/dist-packages/crb_ros_msg-0.1.0-py3.10.egg-info/top_level.txt\n'}
[1.692287] (crb_ros_msg) StdoutLine: {'line': b'-- Up-to-date: /workspace/action_data_offset_posture_ws/install/local/lib/python3.10/dist-packages/crb_ros_msg\n'}
[1.692424] (crb_ros_msg) StdoutLine: {'line': b'-- Up-to-date: /workspace/action_data_offset_posture_ws/install/local/lib/python3.10/dist-packages/crb_ros_msg/libcrb_ros_msg__rosidl_generator_py.so\n'}
[1.692487] (crb_ros_msg) StdoutLine: {'line': b'-- Installing: /workspace/action_data_offset_posture_ws/install/local/lib/python3.10/dist-packages/crb_ros_msg/crb_ros_msg_s__rosidl_typesupport_introspection_c.cpython-310-x86_64-linux-gnu.so\n'}
[1.692649] (crb_ros_msg) StdoutLine: {'line': b'-- Up-to-date: /workspace/action_data_offset_posture_ws/install/local/lib/python3.10/dist-packages/crb_ros_msg/_crb_ros_msg_s.ep.rosidl_typesupport_fastrtps_c.c\n'}
[1.692746] (crb_ros_msg) StdoutLine: {'line': b'-- Up-to-date: /workspace/action_data_offset_posture_ws/install/local/lib/python3.10/dist-packages/crb_ros_msg/_crb_ros_msg_s.ep.rosidl_typesupport_c.c\n'}
[1.692815] (crb_ros_msg) StdoutLine: {'line': b'-- Up-to-date: /workspace/action_data_offset_posture_ws/install/local/lib/python3.10/dist-packages/crb_ros_msg/action\n'}
[1.692884] (crb_ros_msg) StdoutLine: {'line': b'-- Up-to-date: /workspace/action_data_offset_posture_ws/install/local/lib/python3.10/dist-packages/crb_ros_msg/action/_action_play.py\n'}
[1.692932] (crb_ros_msg) StdoutLine: {'line': b'-- Up-to-date: /workspace/action_data_offset_posture_ws/install/local/lib/python3.10/dist-packages/crb_ros_msg/action/__init__.py\n'}
[1.693000] (crb_ros_msg) StdoutLine: {'line': b'-- Up-to-date: /workspace/action_data_offset_posture_ws/install/local/lib/python3.10/dist-packages/crb_ros_msg/action/_action_play_s.c\n'}
[1.693048] (crb_ros_msg) StdoutLine: {'line': b'-- Installing: /workspace/action_data_offset_posture_ws/install/local/lib/python3.10/dist-packages/crb_ros_msg/__init__.py\n'}
[1.693109] (crb_ros_msg) StdoutLine: {'line': b'-- Up-to-date: /workspace/action_data_offset_posture_ws/install/local/lib/python3.10/dist-packages/crb_ros_msg/msg\n'}
[1.693169] (crb_ros_msg) StdoutLine: {'line': b'-- Up-to-date: /workspace/action_data_offset_posture_ws/install/local/lib/python3.10/dist-packages/crb_ros_msg/msg/_upper_joint_data.py\n'}
[1.693227] (crb_ros_msg) StdoutLine: {'line': b'-- Up-to-date: /workspace/action_data_offset_posture_ws/install/local/lib/python3.10/dist-packages/crb_ros_msg/msg/_upper_joint_data_s.c\n'}
[1.693286] (crb_ros_msg) StdoutLine: {'line': b'-- Up-to-date: /workspace/action_data_offset_posture_ws/install/local/lib/python3.10/dist-packages/crb_ros_msg/msg/__init__.py\n'}
[1.693347] (crb_ros_msg) StdoutLine: {'line': b'-- Installing: /workspace/action_data_offset_posture_ws/install/local/lib/python3.10/dist-packages/crb_ros_msg/crb_ros_msg_s__rosidl_typesupport_fastrtps_c.cpython-310-x86_64-linux-gnu.so\n'}
[1.693513] (crb_ros_msg) StdoutLine: {'line': b'-- Installing: /workspace/action_data_offset_posture_ws/install/local/lib/python3.10/dist-packages/crb_ros_msg/crb_ros_msg_s__rosidl_typesupport_c.cpython-310-x86_64-linux-gnu.so\n'}
[1.693776] (crb_ros_msg) StdoutLine: {'line': b'-- Up-to-date: /workspace/action_data_offset_posture_ws/install/local/lib/python3.10/dist-packages/crb_ros_msg/_crb_ros_msg_s.ep.rosidl_typesupport_introspection_c.c\n'}
[1.702163] (-) TimerEvent: {}
[1.720341] (crb_ros_msg) StdoutLine: {'line': b"Listing '/workspace/action_data_offset_posture_ws/install/local/lib/python3.10/dist-packages/crb_ros_msg'...\n"}
[1.720504] (crb_ros_msg) StdoutLine: {'line': b"Compiling '/workspace/action_data_offset_posture_ws/install/local/lib/python3.10/dist-packages/crb_ros_msg/__init__.py'...\n"}
[1.720585] (crb_ros_msg) StdoutLine: {'line': b"Listing '/workspace/action_data_offset_posture_ws/install/local/lib/python3.10/dist-packages/crb_ros_msg/action'...\n"}
[1.720792] (crb_ros_msg) StdoutLine: {'line': b"Listing '/workspace/action_data_offset_posture_ws/install/local/lib/python3.10/dist-packages/crb_ros_msg/msg'...\n"}
[1.724219] (crb_ros_msg) StdoutLine: {'line': b'-- Installing: /workspace/action_data_offset_posture_ws/install/local/lib/python3.10/dist-packages/crb_ros_msg/crb_ros_msg_s__rosidl_typesupport_fastrtps_c.cpython-310-x86_64-linux-gnu.so\n'}
[1.725037] (crb_ros_msg) StdoutLine: {'line': b'-- Set runtime path of "/workspace/action_data_offset_posture_ws/install/local/lib/python3.10/dist-packages/crb_ros_msg/crb_ros_msg_s__rosidl_typesupport_fastrtps_c.cpython-310-x86_64-linux-gnu.so" to ""\n'}
[1.725273] (crb_ros_msg) StdoutLine: {'line': b'-- Installing: /workspace/action_data_offset_posture_ws/install/local/lib/python3.10/dist-packages/crb_ros_msg/crb_ros_msg_s__rosidl_typesupport_introspection_c.cpython-310-x86_64-linux-gnu.so\n'}
[1.725927] (crb_ros_msg) StdoutLine: {'line': b'-- Set runtime path of "/workspace/action_data_offset_posture_ws/install/local/lib/python3.10/dist-packages/crb_ros_msg/crb_ros_msg_s__rosidl_typesupport_introspection_c.cpython-310-x86_64-linux-gnu.so" to ""\n'}
[1.726226] (crb_ros_msg) StdoutLine: {'line': b'-- Installing: /workspace/action_data_offset_posture_ws/install/local/lib/python3.10/dist-packages/crb_ros_msg/crb_ros_msg_s__rosidl_typesupport_c.cpython-310-x86_64-linux-gnu.so\n'}
[1.726868] (crb_ros_msg) StdoutLine: {'line': b'-- Set runtime path of "/workspace/action_data_offset_posture_ws/install/local/lib/python3.10/dist-packages/crb_ros_msg/crb_ros_msg_s__rosidl_typesupport_c.cpython-310-x86_64-linux-gnu.so" to ""\n'}
[1.727147] (crb_ros_msg) StdoutLine: {'line': b'-- Up-to-date: /workspace/action_data_offset_posture_ws/install/lib/libcrb_ros_msg__rosidl_generator_py.so\n'}
[1.727450] (crb_ros_msg) StdoutLine: {'line': b'-- Up-to-date: /workspace/action_data_offset_posture_ws/install/share/ament_index/resource_index/rust_packages/crb_ros_msg\n'}
[1.727613] (crb_ros_msg) StdoutLine: {'line': b'-- Up-to-date: /workspace/action_data_offset_posture_ws/install/share/crb_ros_msg/rust\n'}
[1.727805] (crb_ros_msg) StdoutLine: {'line': b'-- Up-to-date: /workspace/action_data_offset_posture_ws/install/share/crb_ros_msg/rust/src\n'}
[1.727954] (crb_ros_msg) StdoutLine: {'line': b'-- Up-to-date: /workspace/action_data_offset_posture_ws/install/share/crb_ros_msg/rust/src/action.rs\n'}
[1.728107] (crb_ros_msg) StdoutLine: {'line': b'-- Up-to-date: /workspace/action_data_offset_posture_ws/install/share/crb_ros_msg/rust/src/lib.rs\n'}
[1.728251] (crb_ros_msg) StdoutLine: {'line': b'-- Up-to-date: /workspace/action_data_offset_posture_ws/install/share/crb_ros_msg/rust/src/action\n'}
[1.728366] (crb_ros_msg) StdoutLine: {'line': b'-- Up-to-date: /workspace/action_data_offset_posture_ws/install/share/crb_ros_msg/rust/src/action/rmw.rs\n'}
[1.728518] (crb_ros_msg) StdoutLine: {'line': b'-- Up-to-date: /workspace/action_data_offset_posture_ws/install/share/crb_ros_msg/rust/src/msg.rs\n'}
[1.728643] (crb_ros_msg) StdoutLine: {'line': b'-- Up-to-date: /workspace/action_data_offset_posture_ws/install/share/crb_ros_msg/rust/src/msg\n'}
[1.728774] (crb_ros_msg) StdoutLine: {'line': b'-- Up-to-date: /workspace/action_data_offset_posture_ws/install/share/crb_ros_msg/rust/src/msg/rmw.rs\n'}
[1.728886] (crb_ros_msg) StdoutLine: {'line': b'-- Up-to-date: /workspace/action_data_offset_posture_ws/install/share/crb_ros_msg/rust/build.rs\n'}
[1.729021] (crb_ros_msg) StdoutLine: {'line': b'-- Up-to-date: /workspace/action_data_offset_posture_ws/install/share/crb_ros_msg/rust/Cargo.toml\n'}
[1.729154] (crb_ros_msg) StdoutLine: {'line': b'-- Up-to-date: /workspace/action_data_offset_posture_ws/install/share/crb_ros_msg/msg/UpperJointData.idl\n'}
[1.729264] (crb_ros_msg) StdoutLine: {'line': b'-- Up-to-date: /workspace/action_data_offset_posture_ws/install/share/crb_ros_msg/action/ActionPlay.idl\n'}
[1.729385] (crb_ros_msg) StdoutLine: {'line': b'-- Up-to-date: /workspace/action_data_offset_posture_ws/install/share/crb_ros_msg/msg/UpperJointData.msg\n'}
[1.729508] (crb_ros_msg) StdoutLine: {'line': b'-- Up-to-date: /workspace/action_data_offset_posture_ws/install/share/crb_ros_msg/action/ActionPlay.action\n'}
[1.729632] (crb_ros_msg) StdoutLine: {'line': b'-- Up-to-date: /workspace/action_data_offset_posture_ws/install/share/ament_index/resource_index/package_run_dependencies/crb_ros_msg\n'}
[1.729773] (crb_ros_msg) StdoutLine: {'line': b'-- Installing: /workspace/action_data_offset_posture_ws/install/share/ament_index/resource_index/parent_prefix_path/crb_ros_msg\n'}
[1.729912] (crb_ros_msg) StdoutLine: {'line': b'-- Up-to-date: /workspace/action_data_offset_posture_ws/install/share/crb_ros_msg/environment/ament_prefix_path.sh\n'}
[1.730055] (crb_ros_msg) StdoutLine: {'line': b'-- Installing: /workspace/action_data_offset_posture_ws/install/share/crb_ros_msg/environment/ament_prefix_path.dsv\n'}
[1.730177] (crb_ros_msg) StdoutLine: {'line': b'-- Up-to-date: /workspace/action_data_offset_posture_ws/install/share/crb_ros_msg/environment/path.sh\n'}
[1.730301] (crb_ros_msg) StdoutLine: {'line': b'-- Installing: /workspace/action_data_offset_posture_ws/install/share/crb_ros_msg/environment/path.dsv\n'}
[1.730441] (crb_ros_msg) StdoutLine: {'line': b'-- Up-to-date: /workspace/action_data_offset_posture_ws/install/share/crb_ros_msg/local_setup.bash\n'}
[1.730560] (crb_ros_msg) StdoutLine: {'line': b'-- Up-to-date: /workspace/action_data_offset_posture_ws/install/share/crb_ros_msg/local_setup.sh\n'}
[1.730712] (crb_ros_msg) StdoutLine: {'line': b'-- Up-to-date: /workspace/action_data_offset_posture_ws/install/share/crb_ros_msg/local_setup.zsh\n'}
[1.730848] (crb_ros_msg) StdoutLine: {'line': b'-- Installing: /workspace/action_data_offset_posture_ws/install/share/crb_ros_msg/local_setup.dsv\n'}
[1.730972] (crb_ros_msg) StdoutLine: {'line': b'-- Installing: /workspace/action_data_offset_posture_ws/install/share/crb_ros_msg/package.dsv\n'}
[1.731147] (crb_ros_msg) StdoutLine: {'line': b'-- Up-to-date: /workspace/action_data_offset_posture_ws/install/share/ament_index/resource_index/packages/crb_ros_msg\n'}
[1.731279] (crb_ros_msg) StdoutLine: {'line': b'-- Up-to-date: /workspace/action_data_offset_posture_ws/install/share/crb_ros_msg/cmake/export_crb_ros_msg__rosidl_generator_cExport.cmake\n'}
[1.731434] (crb_ros_msg) StdoutLine: {'line': b'-- Up-to-date: /workspace/action_data_offset_posture_ws/install/share/crb_ros_msg/cmake/export_crb_ros_msg__rosidl_generator_cExport-release.cmake\n'}
[1.731558] (crb_ros_msg) StdoutLine: {'line': b'-- Up-to-date: /workspace/action_data_offset_posture_ws/install/share/crb_ros_msg/cmake/export_crb_ros_msg__rosidl_typesupport_fastrtps_cExport.cmake\n'}
[1.731677] (crb_ros_msg) StdoutLine: {'line': b'-- Up-to-date: /workspace/action_data_offset_posture_ws/install/share/crb_ros_msg/cmake/export_crb_ros_msg__rosidl_typesupport_fastrtps_cExport-release.cmake\n'}
[1.731785] (crb_ros_msg) StdoutLine: {'line': b'-- Up-to-date: /workspace/action_data_offset_posture_ws/install/share/crb_ros_msg/cmake/crb_ros_msg__rosidl_typesupport_introspection_cExport.cmake\n'}
[1.731891] (crb_ros_msg) StdoutLine: {'line': b'-- Up-to-date: /workspace/action_data_offset_posture_ws/install/share/crb_ros_msg/cmake/crb_ros_msg__rosidl_typesupport_introspection_cExport-release.cmake\n'}
[1.732004] (crb_ros_msg) StdoutLine: {'line': b'-- Up-to-date: /workspace/action_data_offset_posture_ws/install/share/crb_ros_msg/cmake/crb_ros_msg__rosidl_typesupport_cExport.cmake\n'}
[1.732110] (crb_ros_msg) StdoutLine: {'line': b'-- Up-to-date: /workspace/action_data_offset_posture_ws/install/share/crb_ros_msg/cmake/crb_ros_msg__rosidl_typesupport_cExport-release.cmake\n'}
[1.732215] (crb_ros_msg) StdoutLine: {'line': b'-- Up-to-date: /workspace/action_data_offset_posture_ws/install/share/crb_ros_msg/cmake/export_crb_ros_msg__rosidl_generator_cppExport.cmake\n'}
[1.732320] (crb_ros_msg) StdoutLine: {'line': b'-- Up-to-date: /workspace/action_data_offset_posture_ws/install/share/crb_ros_msg/cmake/export_crb_ros_msg__rosidl_typesupport_fastrtps_cppExport.cmake\n'}
[1.732424] (crb_ros_msg) StdoutLine: {'line': b'-- Up-to-date: /workspace/action_data_offset_posture_ws/install/share/crb_ros_msg/cmake/export_crb_ros_msg__rosidl_typesupport_fastrtps_cppExport-release.cmake\n'}
[1.732527] (crb_ros_msg) StdoutLine: {'line': b'-- Up-to-date: /workspace/action_data_offset_posture_ws/install/share/crb_ros_msg/cmake/crb_ros_msg__rosidl_typesupport_introspection_cppExport.cmake\n'}
[1.732646] (crb_ros_msg) StdoutLine: {'line': b'-- Up-to-date: /workspace/action_data_offset_posture_ws/install/share/crb_ros_msg/cmake/crb_ros_msg__rosidl_typesupport_introspection_cppExport-release.cmake\n'}
[1.732770] (crb_ros_msg) StdoutLine: {'line': b'-- Up-to-date: /workspace/action_data_offset_posture_ws/install/share/crb_ros_msg/cmake/crb_ros_msg__rosidl_typesupport_cppExport.cmake\n'}
[1.733119] (crb_ros_msg) StdoutLine: {'line': b'-- Up-to-date: /workspace/action_data_offset_posture_ws/install/share/crb_ros_msg/cmake/crb_ros_msg__rosidl_typesupport_cppExport-release.cmake\n'}
[1.733976] (crb_ros_msg) StdoutLine: {'line': b'-- Up-to-date: /workspace/action_data_offset_posture_ws/install/share/crb_ros_msg/cmake/export_crb_ros_msg__rosidl_generator_pyExport.cmake\n'}
[1.734170] (crb_ros_msg) StdoutLine: {'line': b'-- Up-to-date: /workspace/action_data_offset_posture_ws/install/share/crb_ros_msg/cmake/export_crb_ros_msg__rosidl_generator_pyExport-release.cmake\n'}
[1.734327] (crb_ros_msg) StdoutLine: {'line': b'-- Up-to-date: /workspace/action_data_offset_posture_ws/install/share/crb_ros_msg/cmake/rosidl_cmake-extras.cmake\n'}
[1.734451] (crb_ros_msg) StdoutLine: {'line': b'-- Up-to-date: /workspace/action_data_offset_posture_ws/install/share/crb_ros_msg/cmake/ament_cmake_export_dependencies-extras.cmake\n'}
[1.734589] (crb_ros_msg) StdoutLine: {'line': b'-- Up-to-date: /workspace/action_data_offset_posture_ws/install/share/crb_ros_msg/cmake/ament_cmake_export_include_directories-extras.cmake\n'}
[1.734769] (crb_ros_msg) StdoutLine: {'line': b'-- Up-to-date: /workspace/action_data_offset_posture_ws/install/share/crb_ros_msg/cmake/ament_cmake_export_libraries-extras.cmake\n'}
[1.734915] (crb_ros_msg) StdoutLine: {'line': b'-- Up-to-date: /workspace/action_data_offset_posture_ws/install/share/crb_ros_msg/cmake/ament_cmake_export_targets-extras.cmake\n'}
[1.735044] (crb_ros_msg) StdoutLine: {'line': b'-- Up-to-date: /workspace/action_data_offset_posture_ws/install/share/crb_ros_msg/cmake/rosidl_cmake_export_typesupport_targets-extras.cmake\n'}
[1.735180] (crb_ros_msg) StdoutLine: {'line': b'-- Up-to-date: /workspace/action_data_offset_posture_ws/install/share/crb_ros_msg/cmake/rosidl_cmake_export_typesupport_libraries-extras.cmake\n'}
[1.735322] (crb_ros_msg) StdoutLine: {'line': b'-- Up-to-date: /workspace/action_data_offset_posture_ws/install/share/crb_ros_msg/cmake/crb_ros_msgConfig.cmake\n'}
[1.735448] (crb_ros_msg) StdoutLine: {'line': b'-- Up-to-date: /workspace/action_data_offset_posture_ws/install/share/crb_ros_msg/cmake/crb_ros_msgConfig-version.cmake\n'}
[1.735570] (crb_ros_msg) StdoutLine: {'line': b'-- Up-to-date: /workspace/action_data_offset_posture_ws/install/share/crb_ros_msg/package.xml\n'}
[1.735772] (crb_ros_msg) CommandEnded: {'returncode': 0}
[1.756279] (crb_ros_msg) JobEnded: {'identifier': 'crb_ros_msg', 'rc': 0}
[1.757268] (casbot_arm_calibration_web) JobStarted: {'identifier': 'casbot_arm_calibration_web'}
[1.802299] (-) TimerEvent: {}
[1.902567] (-) TimerEvent: {}
[2.002854] (-) TimerEvent: {}
[2.103122] (-) TimerEvent: {}
[2.151442] (casbot_arm_calibration_web) Command: {'cmd': ['/usr/bin/python3', '-W', 'ignore:setup.py install is deprecated', '-W', 'ignore:easy_install command is deprecated', 'setup.py', 'egg_info', '--egg-base', '../../build_aarch64/casbot_arm_calibration_web', 'build', '--build-base', '/workspace/action_data_offset_posture_ws/build/casbot_arm_calibration_web/build', 'install', '--record', '/workspace/action_data_offset_posture_ws/build/casbot_arm_calibration_web/install.log', '--single-version-externally-managed', 'install_data'], 'cwd': '/workspace/action_data_offset_posture_ws/src/casbot_arm_calibration_web', 'env': {'PYTHON_SOABI': 'cpython-310-aarch64-linux-gnu', 'ARCH': 'aarch64', 'HOSTNAME': 'aarch64_2204_0515_1459_02', 'SHLVL': '2', 'LD_LIBRARY_PATH': '/workspace/action_data_offset_posture_ws/install/lib:/opt/rootfs_2204_aarch64/opt/ros/humble/opt/rviz_ogre_vendor/lib:/opt/rootfs_2204_aarch64/opt/ros/humble/lib/aarch64-linux-gnu:/opt/rootfs_2204_aarch64/opt/ros/humble/lib', 'HOME': '/home/casbot', 'OLDPWD': '/workspace/action_data_offset_posture_ws', 'ROS_PYTHON_VERSION': '3', 'CROSS_FLAG': '-DCMAKE_CUSTOM_CROSS=ON -DCMAKE_TOOLCHAIN_FILE=/workspace/action_data_offset_posture_ws/docker_env/environment/cmake-toolchains/generic_aarch64.cmake', 'project_environment_dir': '/workspace/action_data_offset_posture_ws/docker_env/environment', 'ROS_DISTRO': 'humble', 'is_ubuntu_20_04': 'false', '_': '/usr/local/bin/colcon', 'ROS_VERSION': '2', 'is_orin': 'false', 'is_ubuntu_22_04': 'true', 'TERM': 'xterm', 'ROS_LOCALHOST_ONLY': '0', 'QT_X11_NO_MITSHM': '1', 'PATH': '/workspace/action_data_offset_posture_ws/install/bin:/opt/rootfs_2204_aarch64/opt/ros/humble/bin:/usr/local/sbin:/usr/local/bin:/usr/sbin:/usr/bin:/sbin:/bin', 'is_pc': 'true', 'env_is_docker': '1', 'DISPLAY': ':1', 'LANG': 'en_US.UTF-8', 'AMENT_PREFIX_PATH': '/workspace/action_data_offset_posture_ws/install:/opt/rootfs_2204_aarch64/opt/ros/humble', 'env_docker_aarch64': '1', 'PWD': '/workspace/action_data_offset_posture_ws/build_aarch64/casbot_arm_calibration_web', 'env_docker_x86': '0', 'PYTHONPATH': '/workspace/action_data_offset_posture_ws/build/casbot_arm_calibration_web/prefix_override:/usr/local/lib/python3.10/dist-packages/colcon_core/task/python/colcon_distutils_commands:/workspace/action_data_offset_posture_ws/install/lib/python3.10/site-packages:/workspace/action_data_offset_posture_ws/install/local/lib/python3.10/dist-packages:/workspace/action_data_offset_posture_ws/install/lib/python3.10/site-packages:/opt/rootfs_2204_aarch64/opt/ros/humble/lib/python3.10/site-packages:/opt/rootfs_2204_aarch64/opt/ros/humble/local/lib/python3.10/dist-packages', 'SYSROOT': '/opt/rootfs_2204_aarch64/', 'TARGET_ARCH': 'aarch64', 'TZ': 'Asia/Shanghai', 'project_install_dir': '/workspace/action_data_offset_posture_ws/install_aarch64', 'COLCON': '1', 'CMAKE_PREFIX_PATH': '/workspace/action_data_offset_posture_ws/install'}, 'shell': False}
[2.203194] (-) TimerEvent: {}
[2.303430] (-) TimerEvent: {}
[2.309176] (casbot_arm_calibration_web) StdoutLine: {'line': b'running egg_info\n'}
[2.309508] (casbot_arm_calibration_web) StdoutLine: {'line': b'writing ../../build_aarch64/casbot_arm_calibration_web/casbot_arm_calibration_web.egg-info/PKG-INFO\n'}
[2.309715] (casbot_arm_calibration_web) StdoutLine: {'line': b'writing dependency_links to ../../build_aarch64/casbot_arm_calibration_web/casbot_arm_calibration_web.egg-info/dependency_links.txt\n'}
[2.309865] (casbot_arm_calibration_web) StdoutLine: {'line': b'writing entry points to ../../build_aarch64/casbot_arm_calibration_web/casbot_arm_calibration_web.egg-info/entry_points.txt\n'}
[2.309987] (casbot_arm_calibration_web) StdoutLine: {'line': b'writing requirements to ../../build_aarch64/casbot_arm_calibration_web/casbot_arm_calibration_web.egg-info/requires.txt\n'}
[2.310098] (casbot_arm_calibration_web) StdoutLine: {'line': b'writing top-level names to ../../build_aarch64/casbot_arm_calibration_web/casbot_arm_calibration_web.egg-info/top_level.txt\n'}
[2.311461] (casbot_arm_calibration_web) StdoutLine: {'line': b"reading manifest file '../../build_aarch64/casbot_arm_calibration_web/casbot_arm_calibration_web.egg-info/SOURCES.txt'\n"}
[2.312491] (casbot_arm_calibration_web) StdoutLine: {'line': b"writing manifest file '../../build_aarch64/casbot_arm_calibration_web/casbot_arm_calibration_web.egg-info/SOURCES.txt'\n"}
[2.312655] (casbot_arm_calibration_web) StdoutLine: {'line': b'running build\n'}
[2.312768] (casbot_arm_calibration_web) StdoutLine: {'line': b'running build_py\n'}
[2.313046] (casbot_arm_calibration_web) StdoutLine: {'line': b'copying casbot_arm_calibration_web/web_node.py -> /workspace/action_data_offset_posture_ws/build/casbot_arm_calibration_web/build/lib/casbot_arm_calibration_web\n'}
[2.313668] (casbot_arm_calibration_web) StdoutLine: {'line': b'running install\n'}
[2.313859] (casbot_arm_calibration_web) StdoutLine: {'line': b'running install_lib\n'}
[2.314877] (casbot_arm_calibration_web) StdoutLine: {'line': b'copying /workspace/action_data_offset_posture_ws/build/casbot_arm_calibration_web/build/lib/casbot_arm_calibration_web/web_node.py -> /workspace/action_data_offset_posture_ws/install/lib/python3.10/site-packages/casbot_arm_calibration_web\n'}
[2.315634] (casbot_arm_calibration_web) StdoutLine: {'line': b'byte-compiling /workspace/action_data_offset_posture_ws/install/lib/python3.10/site-packages/casbot_arm_calibration_web/web_node.py to web_node.cpython-310.pyc\n'}
[2.330251] (casbot_arm_calibration_web) StdoutLine: {'line': b'running install_data\n'}
[2.331004] (casbot_arm_calibration_web) StdoutLine: {'line': b'running install_egg_info\n'}
[2.332298] (casbot_arm_calibration_web) StdoutLine: {'line': b"removing '/workspace/action_data_offset_posture_ws/install/lib/python3.10/site-packages/casbot_arm_calibration_web-0.1.0-py3.10.egg-info' (and everything under it)\n"}
[2.332504] (casbot_arm_calibration_web) StdoutLine: {'line': b'Copying ../../build_aarch64/casbot_arm_calibration_web/casbot_arm_calibration_web.egg-info to /workspace/action_data_offset_posture_ws/install/lib/python3.10/site-packages/casbot_arm_calibration_web-0.1.0-py3.10.egg-info\n'}
[2.333195] (casbot_arm_calibration_web) StdoutLine: {'line': b'running install_scripts\n'}
[2.347379] (casbot_arm_calibration_web) StdoutLine: {'line': b'Installing arm_calibration_web script to /workspace/action_data_offset_posture_ws/install/lib/casbot_arm_calibration_web\n'}
[2.347715] (casbot_arm_calibration_web) StdoutLine: {'line': b"writing list of installed files to '/workspace/action_data_offset_posture_ws/build/casbot_arm_calibration_web/install.log'\n"}
[2.361461] (casbot_arm_calibration_web) CommandEnded: {'returncode': 0}
[2.375665] (casbot_arm_calibration_web) JobEnded: {'identifier': 'casbot_arm_calibration_web', 'rc': 0}
[2.376117] (-) EventReactorShutdown: {}
