[0.147s] DEBUG:colcon:Command line arguments: ['/usr/local/bin/colcon', 'build', '--merge-install', '--cmake-force-configure', '--packages-skip', 'beverage_demo', '--parallel-workers', '12', '--event', 'console_direct+', '--base-paths', 'src/', '--cmake-args', '-DCMAKE_VERBOSE_MAKEFILE:BOOL=ON', '-DCMAKE_TOOLCHAIN_FILE=/workspace/action_data_offset_ws/docker_env/environment/cmake-toolchains/generic_aarch64.cmake', '-DSECURITY=ON', '-DBUILD_TESTING=OFF']
[0.147s] DEBUG:colcon:Parsed command line arguments: Namespace(log_base=None, log_level=None, verb_name='build', build_base='build', install_base='install', merge_install=True, symlink_install=False, test_result_base=None, continue_on_error=False, executor='parallel', parallel_workers=12, event_handlers=['console_direct+'], ignore_user_meta=False, metas=['./colcon.meta'], base_paths=['src/'], packages_ignore=None, packages_ignore_regex=None, paths=None, packages_up_to=None, packages_up_to_regex=None, packages_above=None, packages_above_and_dependencies=None, packages_above_depth=None, packages_select_by_dep=None, packages_skip_by_dep=None, packages_skip_up_to=None, packages_select_build_failed=False, packages_skip_build_finished=False, packages_select_test_failures=False, packages_skip_test_passed=False, packages_select=None, packages_skip=['beverage_demo'], packages_select_regex=None, packages_skip_regex=None, packages_start=None, packages_end=None, cmake_args=['-DCMAKE_VERBOSE_MAKEFILE:BOOL=ON', '-DCMAKE_TOOLCHAIN_FILE=/workspace/action_data_offset_ws/docker_env/environment/cmake-toolchains/generic_aarch64.cmake', '-DSECURITY=ON', '-DBUILD_TESTING=OFF'], cmake_target=None, cmake_target_skip_unavailable=False, cmake_clean_cache=False, cmake_clean_first=False, cmake_force_configure=True, ament_cmake_args=None, catkin_cmake_args=None, catkin_skip_building_tests=False, verb_parser=<colcon_defaults.argument_parser.defaults.DefaultArgumentsDecorator object at 0x70306a869390>, verb_extension=<colcon_core.verb.build.BuildVerb object at 0x70306a868cd0>, main=<bound method BuildVerb.main of <colcon_core.verb.build.BuildVerb object at 0x70306a868cd0>>)
[0.278s] Level 1:colcon.colcon_core.package_discovery:discover_packages(colcon_meta) check parameters
[0.278s] Level 1:colcon.colcon_core.package_discovery:discover_packages(recursive) check parameters
[0.278s] Level 1:colcon.colcon_core.package_discovery:discover_packages(ignore) check parameters
[0.278s] Level 1:colcon.colcon_core.package_discovery:discover_packages(path) check parameters
[0.278s] Level 1:colcon.colcon_core.package_discovery:discover_packages(recursive) discover
[0.279s] INFO:colcon.colcon_core.package_discovery:Crawling recursively for packages in '/workspace/action_data_offset_ws/src'
[0.279s] Level 1:colcon.colcon_core.package_identification:_identify(src) by extensions ['ignore', 'ignore_ament_install']
[0.279s] Level 1:colcon.colcon_core.package_identification:_identify(src) by extension 'ignore'
[0.279s] Level 1:colcon.colcon_core.package_identification:_identify(src) by extension 'ignore_ament_install'
[0.279s] Level 1:colcon.colcon_core.package_identification:_identify(src) by extensions ['colcon_pkg']
[0.279s] Level 1:colcon.colcon_core.package_identification:_identify(src) by extension 'colcon_pkg'
[0.279s] Level 1:colcon.colcon_core.package_identification:_identify(src) by extensions ['colcon_meta']
[0.279s] Level 1:colcon.colcon_core.package_identification:_identify(src) by extension 'colcon_meta'
[0.279s] Level 1:colcon.colcon_core.package_identification:_identify(src) by extensions ['ros']
[0.279s] Level 1:colcon.colcon_core.package_identification:_identify(src) by extension 'ros'
[0.291s] Level 1:colcon.colcon_core.package_identification:_identify(src) by extensions ['cmake', 'python']
[0.291s] Level 1:colcon.colcon_core.package_identification:_identify(src) by extension 'cmake'
[0.291s] Level 1:colcon.colcon_core.package_identification:_identify(src) by extension 'python'
[0.291s] Level 1:colcon.colcon_core.package_identification:_identify(src) by extensions ['python_setup_py']
[0.291s] Level 1:colcon.colcon_core.package_identification:_identify(src) by extension 'python_setup_py'
[0.292s] Level 1:colcon.colcon_core.package_identification:_identify(src/action_data_offset) by extensions ['ignore', 'ignore_ament_install']
[0.292s] Level 1:colcon.colcon_core.package_identification:_identify(src/action_data_offset) by extension 'ignore'
[0.292s] Level 1:colcon.colcon_core.package_identification:_identify(src/action_data_offset) by extension 'ignore_ament_install'
[0.292s] Level 1:colcon.colcon_core.package_identification:_identify(src/action_data_offset) by extensions ['colcon_pkg']
[0.292s] Level 1:colcon.colcon_core.package_identification:_identify(src/action_data_offset) by extension 'colcon_pkg'
[0.292s] Level 1:colcon.colcon_core.package_identification:_identify(src/action_data_offset) by extensions ['colcon_meta']
[0.292s] Level 1:colcon.colcon_core.package_identification:_identify(src/action_data_offset) by extension 'colcon_meta'
[0.292s] Level 1:colcon.colcon_core.package_identification:_identify(src/action_data_offset) by extensions ['ros']
[0.292s] Level 1:colcon.colcon_core.package_identification:_identify(src/action_data_offset) by extension 'ros'
[0.295s] DEBUG:colcon.colcon_core.package_identification:Package 'src/action_data_offset' with type 'ros.ament_python' and name 'action_data_offset'
[0.295s] Level 1:colcon.colcon_core.package_identification:_identify(src/casbot_arm_calibration_web) by extensions ['ignore', 'ignore_ament_install']
[0.295s] Level 1:colcon.colcon_core.package_identification:_identify(src/casbot_arm_calibration_web) by extension 'ignore'
[0.295s] Level 1:colcon.colcon_core.package_identification:_identify(src/casbot_arm_calibration_web) by extension 'ignore_ament_install'
[0.295s] Level 1:colcon.colcon_core.package_identification:_identify(src/casbot_arm_calibration_web) by extensions ['colcon_pkg']
[0.295s] Level 1:colcon.colcon_core.package_identification:_identify(src/casbot_arm_calibration_web) by extension 'colcon_pkg'
[0.295s] Level 1:colcon.colcon_core.package_identification:_identify(src/casbot_arm_calibration_web) by extensions ['colcon_meta']
[0.295s] Level 1:colcon.colcon_core.package_identification:_identify(src/casbot_arm_calibration_web) by extension 'colcon_meta'
[0.295s] Level 1:colcon.colcon_core.package_identification:_identify(src/casbot_arm_calibration_web) by extensions ['ros']
[0.295s] Level 1:colcon.colcon_core.package_identification:_identify(src/casbot_arm_calibration_web) by extension 'ros'
[0.296s] DEBUG:colcon.colcon_core.package_identification:Package 'src/casbot_arm_calibration_web' with type 'ros.ament_python' and name 'casbot_arm_calibration_web'
[0.296s] Level 1:colcon.colcon_core.package_identification:_identify(src/crb_ros_msg) by extensions ['ignore', 'ignore_ament_install']
[0.296s] Level 1:colcon.colcon_core.package_identification:_identify(src/crb_ros_msg) by extension 'ignore'
[0.296s] Level 1:colcon.colcon_core.package_identification:_identify(src/crb_ros_msg) by extension 'ignore_ament_install'
[0.296s] Level 1:colcon.colcon_core.package_identification:_identify(src/crb_ros_msg) by extensions ['colcon_pkg']
[0.296s] Level 1:colcon.colcon_core.package_identification:_identify(src/crb_ros_msg) by extension 'colcon_pkg'
[0.296s] Level 1:colcon.colcon_core.package_identification:_identify(src/crb_ros_msg) by extensions ['colcon_meta']
[0.296s] Level 1:colcon.colcon_core.package_identification:_identify(src/crb_ros_msg) by extension 'colcon_meta'
[0.296s] Level 1:colcon.colcon_core.package_identification:_identify(src/crb_ros_msg) by extensions ['ros']
[0.296s] Level 1:colcon.colcon_core.package_identification:_identify(src/crb_ros_msg) by extension 'ros'
[0.297s] DEBUG:colcon.colcon_core.package_identification:Package 'src/crb_ros_msg' with type 'ros.ament_cmake' and name 'crb_ros_msg'
[0.297s] Level 1:colcon.colcon_core.package_discovery:discover_packages(recursive) using defaults
[0.297s] WARNING:colcon.colcon_core.package_selection:ignoring unknown package 'beverage_demo' in --packages-skip
[0.322s] Level 5:colcon.colcon_core.verb:set package 'action_data_offset' build argument 'cmake_args' from command line to '['-DCMAKE_VERBOSE_MAKEFILE:BOOL=ON', '-DCMAKE_TOOLCHAIN_FILE=/workspace/action_data_offset_ws/docker_env/environment/cmake-toolchains/generic_aarch64.cmake', '-DSECURITY=ON', '-DBUILD_TESTING=OFF']'
[0.322s] Level 5:colcon.colcon_core.verb:set package 'action_data_offset' build argument 'cmake_target' from command line to 'None'
[0.323s] Level 5:colcon.colcon_core.verb:set package 'action_data_offset' build argument 'cmake_target_skip_unavailable' from command line to 'False'
[0.323s] Level 5:colcon.colcon_core.verb:set package 'action_data_offset' build argument 'cmake_clean_cache' from command line to 'False'
[0.323s] Level 5:colcon.colcon_core.verb:set package 'action_data_offset' build argument 'cmake_clean_first' from command line to 'False'
[0.323s] Level 5:colcon.colcon_core.verb:set package 'action_data_offset' build argument 'cmake_force_configure' from command line to 'True'
[0.323s] Level 5:colcon.colcon_core.verb:set package 'action_data_offset' build argument 'ament_cmake_args' from command line to 'None'
[0.323s] Level 5:colcon.colcon_core.verb:set package 'action_data_offset' build argument 'catkin_cmake_args' from command line to 'None'
[0.323s] Level 5:colcon.colcon_core.verb:set package 'action_data_offset' build argument 'catkin_skip_building_tests' from command line to 'False'
[0.323s] DEBUG:colcon.colcon_core.verb:Building package 'action_data_offset' with the following arguments: {'ament_cmake_args': None, 'build_base': '/workspace/action_data_offset_ws/build/action_data_offset', 'catkin_cmake_args': None, 'catkin_skip_building_tests': False, 'cmake_args': ['-DCMAKE_VERBOSE_MAKEFILE:BOOL=ON', '-DCMAKE_TOOLCHAIN_FILE=/workspace/action_data_offset_ws/docker_env/environment/cmake-toolchains/generic_aarch64.cmake', '-DSECURITY=ON', '-DBUILD_TESTING=OFF'], 'cmake_clean_cache': False, 'cmake_clean_first': False, 'cmake_force_configure': True, 'cmake_target': None, 'cmake_target_skip_unavailable': False, 'install_base': '/workspace/action_data_offset_ws/install', 'merge_install': True, 'path': '/workspace/action_data_offset_ws/src/action_data_offset', 'symlink_install': False, 'test_result_base': None}
[0.323s] Level 5:colcon.colcon_core.verb:set package 'crb_ros_msg' build argument 'cmake_args' from command line to '['-DCMAKE_VERBOSE_MAKEFILE:BOOL=ON', '-DCMAKE_TOOLCHAIN_FILE=/workspace/action_data_offset_ws/docker_env/environment/cmake-toolchains/generic_aarch64.cmake', '-DSECURITY=ON', '-DBUILD_TESTING=OFF']'
[0.323s] Level 5:colcon.colcon_core.verb:set package 'crb_ros_msg' build argument 'cmake_target' from command line to 'None'
[0.323s] Level 5:colcon.colcon_core.verb:set package 'crb_ros_msg' build argument 'cmake_target_skip_unavailable' from command line to 'False'
[0.323s] Level 5:colcon.colcon_core.verb:set package 'crb_ros_msg' build argument 'cmake_clean_cache' from command line to 'False'
[0.323s] Level 5:colcon.colcon_core.verb:set package 'crb_ros_msg' build argument 'cmake_clean_first' from command line to 'False'
[0.323s] Level 5:colcon.colcon_core.verb:set package 'crb_ros_msg' build argument 'cmake_force_configure' from command line to 'True'
[0.323s] Level 5:colcon.colcon_core.verb:set package 'crb_ros_msg' build argument 'ament_cmake_args' from command line to 'None'
[0.323s] Level 5:colcon.colcon_core.verb:set package 'crb_ros_msg' build argument 'catkin_cmake_args' from command line to 'None'
[0.323s] Level 5:colcon.colcon_core.verb:set package 'crb_ros_msg' build argument 'catkin_skip_building_tests' from command line to 'False'
[0.323s] DEBUG:colcon.colcon_core.verb:Building package 'crb_ros_msg' with the following arguments: {'ament_cmake_args': None, 'build_base': '/workspace/action_data_offset_ws/build/crb_ros_msg', 'catkin_cmake_args': None, 'catkin_skip_building_tests': False, 'cmake_args': ['-DCMAKE_VERBOSE_MAKEFILE:BOOL=ON', '-DCMAKE_TOOLCHAIN_FILE=/workspace/action_data_offset_ws/docker_env/environment/cmake-toolchains/generic_aarch64.cmake', '-DSECURITY=ON', '-DBUILD_TESTING=OFF'], 'cmake_clean_cache': False, 'cmake_clean_first': False, 'cmake_force_configure': True, 'cmake_target': None, 'cmake_target_skip_unavailable': False, 'install_base': '/workspace/action_data_offset_ws/install', 'merge_install': True, 'path': '/workspace/action_data_offset_ws/src/crb_ros_msg', 'symlink_install': False, 'test_result_base': None}
[0.324s] Level 5:colcon.colcon_core.verb:set package 'casbot_arm_calibration_web' build argument 'cmake_args' from command line to '['-DCMAKE_VERBOSE_MAKEFILE:BOOL=ON', '-DCMAKE_TOOLCHAIN_FILE=/workspace/action_data_offset_ws/docker_env/environment/cmake-toolchains/generic_aarch64.cmake', '-DSECURITY=ON', '-DBUILD_TESTING=OFF']'
[0.324s] Level 5:colcon.colcon_core.verb:set package 'casbot_arm_calibration_web' build argument 'cmake_target' from command line to 'None'
[0.324s] Level 5:colcon.colcon_core.verb:set package 'casbot_arm_calibration_web' build argument 'cmake_target_skip_unavailable' from command line to 'False'
[0.324s] Level 5:colcon.colcon_core.verb:set package 'casbot_arm_calibration_web' build argument 'cmake_clean_cache' from command line to 'False'
[0.324s] Level 5:colcon.colcon_core.verb:set package 'casbot_arm_calibration_web' build argument 'cmake_clean_first' from command line to 'False'
[0.324s] Level 5:colcon.colcon_core.verb:set package 'casbot_arm_calibration_web' build argument 'cmake_force_configure' from command line to 'True'
[0.324s] Level 5:colcon.colcon_core.verb:set package 'casbot_arm_calibration_web' build argument 'ament_cmake_args' from command line to 'None'
[0.324s] Level 5:colcon.colcon_core.verb:set package 'casbot_arm_calibration_web' build argument 'catkin_cmake_args' from command line to 'None'
[0.324s] Level 5:colcon.colcon_core.verb:set package 'casbot_arm_calibration_web' build argument 'catkin_skip_building_tests' from command line to 'False'
[0.324s] DEBUG:colcon.colcon_core.verb:Building package 'casbot_arm_calibration_web' with the following arguments: {'ament_cmake_args': None, 'build_base': '/workspace/action_data_offset_ws/build/casbot_arm_calibration_web', 'catkin_cmake_args': None, 'catkin_skip_building_tests': False, 'cmake_args': ['-DCMAKE_VERBOSE_MAKEFILE:BOOL=ON', '-DCMAKE_TOOLCHAIN_FILE=/workspace/action_data_offset_ws/docker_env/environment/cmake-toolchains/generic_aarch64.cmake', '-DSECURITY=ON', '-DBUILD_TESTING=OFF'], 'cmake_clean_cache': False, 'cmake_clean_first': False, 'cmake_force_configure': True, 'cmake_target': None, 'cmake_target_skip_unavailable': False, 'install_base': '/workspace/action_data_offset_ws/install', 'merge_install': True, 'path': '/workspace/action_data_offset_ws/src/casbot_arm_calibration_web', 'symlink_install': False, 'test_result_base': None}
[0.324s] INFO:colcon.colcon_core.executor:Executing jobs using 'parallel' executor
[0.325s] DEBUG:colcon.colcon_parallel_executor.executor.parallel:run_until_complete
[0.325s] INFO:colcon.colcon_ros.task.ament_python.build:Building ROS package in '/workspace/action_data_offset_ws/src/action_data_offset' with build type 'ament_python'
[0.327s] Level 1:colcon.colcon_core.shell:create_environment_hook('action_data_offset', 'ament_prefix_path')
[0.331s] INFO:colcon.colcon_core.plugin_system:Skipping extension 'colcon_core.shell.bat': Not used on non-Windows systems
[0.331s] INFO:colcon.colcon_core.shell:Creating environment hook '/workspace/action_data_offset_ws/install/share/action_data_offset/hook/ament_prefix_path.ps1'
[0.332s] INFO:colcon.colcon_core.shell:Creating environment descriptor '/workspace/action_data_offset_ws/install/share/action_data_offset/hook/ament_prefix_path.dsv'
[0.333s] INFO:colcon.colcon_core.shell:Creating environment hook '/workspace/action_data_offset_ws/install/share/action_data_offset/hook/ament_prefix_path.sh'
[0.334s] INFO:colcon.colcon_core.shell:Skip shell extension 'powershell' for command environment: Not usable outside of PowerShell
[0.334s] DEBUG:colcon.colcon_core.shell:Skip shell extension 'dsv' for command environment
[0.339s] INFO:colcon.colcon_ros.task.ament_cmake.build:Building ROS package in '/workspace/action_data_offset_ws/src/crb_ros_msg' with build type 'ament_cmake'
[0.339s] INFO:colcon.colcon_cmake.task.cmake.build:Building CMake package in '/workspace/action_data_offset_ws/src/crb_ros_msg'
[0.339s] INFO:colcon.colcon_core.shell:Skip shell extension 'powershell' for command environment: Not usable outside of PowerShell
[0.340s] DEBUG:colcon.colcon_core.shell:Skip shell extension 'dsv' for command environment
[0.600s] INFO:colcon.colcon_core.task.python.build:Building Python package in '/workspace/action_data_offset_ws/src/action_data_offset'
[0.600s] INFO:colcon.colcon_core.shell:Skip shell extension 'powershell' for command environment: Not usable outside of PowerShell
[0.600s] DEBUG:colcon.colcon_core.shell:Skip shell extension 'dsv' for command environment
[0.607s] DEBUG:colcon.colcon_core.event_handler.log_command:Invoking command in '/workspace/action_data_offset_ws/build/crb_ros_msg': CMAKE_PREFIX_PATH=/opt/rootfs_2204_aarch64/opt/ros/humble /usr/bin/cmake /workspace/action_data_offset_ws/src/crb_ros_msg -DCMAKE_VERBOSE_MAKEFILE:BOOL=ON -DCMAKE_TOOLCHAIN_FILE=/workspace/action_data_offset_ws/docker_env/environment/cmake-toolchains/generic_aarch64.cmake -DSECURITY=ON -DBUILD_TESTING=OFF -DCMAKE_INSTALL_PREFIX=/workspace/action_data_offset_ws/install
[0.917s] DEBUG:colcon.colcon_core.event_handler.log_command:Invoking command in '/workspace/action_data_offset_ws/src/action_data_offset': PYTHONPATH=/workspace/action_data_offset_ws/build/action_data_offset/prefix_override:/usr/local/lib/python3.10/dist-packages/colcon_core/task/python/colcon_distutils_commands:/workspace/action_data_offset_ws/install/lib/python3.10/site-packages:${PYTHONPATH} /usr/bin/python3 -W ignore:setup.py install is deprecated -W ignore:easy_install command is deprecated setup.py egg_info --egg-base ../../build_aarch64/action_data_offset build --build-base /workspace/action_data_offset_ws/build/action_data_offset/build install --record /workspace/action_data_offset_ws/build/action_data_offset/install.log --single-version-externally-managed install_data
[1.204s] DEBUG:colcon.colcon_core.event_handler.log_command:Invoked command in '/workspace/action_data_offset_ws/src/action_data_offset' returned '0': PYTHONPATH=/workspace/action_data_offset_ws/build/action_data_offset/prefix_override:/usr/local/lib/python3.10/dist-packages/colcon_core/task/python/colcon_distutils_commands:/workspace/action_data_offset_ws/install/lib/python3.10/site-packages:${PYTHONPATH} /usr/bin/python3 -W ignore:setup.py install is deprecated -W ignore:easy_install command is deprecated setup.py egg_info --egg-base ../../build_aarch64/action_data_offset build --build-base /workspace/action_data_offset_ws/build/action_data_offset/build install --record /workspace/action_data_offset_ws/build/action_data_offset/install.log --single-version-externally-managed install_data
[1.206s] Level 1:colcon.colcon_core.environment:checking '/workspace/action_data_offset_ws/install' for CMake module files
[1.207s] Level 1:colcon.colcon_core.environment:checking '/workspace/action_data_offset_ws/install' for CMake config files
[1.208s] Level 1:colcon.colcon_core.shell:create_environment_hook('action_data_offset', 'cmake_prefix_path')
[1.208s] INFO:colcon.colcon_core.shell:Creating environment hook '/workspace/action_data_offset_ws/install/share/action_data_offset/hook/cmake_prefix_path.ps1'
[1.209s] INFO:colcon.colcon_core.shell:Creating environment descriptor '/workspace/action_data_offset_ws/install/share/action_data_offset/hook/cmake_prefix_path.dsv'
[1.209s] INFO:colcon.colcon_core.shell:Creating environment hook '/workspace/action_data_offset_ws/install/share/action_data_offset/hook/cmake_prefix_path.sh'
[1.210s] Level 1:colcon.colcon_core.environment:checking '/workspace/action_data_offset_ws/install/lib'
[1.210s] Level 1:colcon.colcon_core.shell:create_environment_hook('action_data_offset', 'ld_library_path_lib')
[1.210s] INFO:colcon.colcon_core.shell:Creating environment hook '/workspace/action_data_offset_ws/install/share/action_data_offset/hook/ld_library_path_lib.ps1'
[1.211s] INFO:colcon.colcon_core.shell:Creating environment descriptor '/workspace/action_data_offset_ws/install/share/action_data_offset/hook/ld_library_path_lib.dsv'
[1.211s] INFO:colcon.colcon_core.shell:Creating environment hook '/workspace/action_data_offset_ws/install/share/action_data_offset/hook/ld_library_path_lib.sh'
[1.211s] Level 1:colcon.colcon_core.environment:checking '/workspace/action_data_offset_ws/install/bin'
[1.212s] Level 1:colcon.colcon_core.shell:create_environment_hook('action_data_offset', 'path')
[1.212s] INFO:colcon.colcon_core.shell:Creating environment hook '/workspace/action_data_offset_ws/install/share/action_data_offset/hook/path.ps1'
[1.212s] INFO:colcon.colcon_core.shell:Creating environment descriptor '/workspace/action_data_offset_ws/install/share/action_data_offset/hook/path.dsv'
[1.212s] INFO:colcon.colcon_core.shell:Creating environment hook '/workspace/action_data_offset_ws/install/share/action_data_offset/hook/path.sh'
[1.213s] Level 1:colcon.colcon_core.environment:checking '/workspace/action_data_offset_ws/install/lib/pkgconfig/action_data_offset.pc'
[1.213s] Level 1:colcon.colcon_core.environment:checking '/workspace/action_data_offset_ws/install/lib/python3.10/site-packages'
[1.213s] Level 1:colcon.colcon_core.shell:create_environment_hook('action_data_offset', 'pythonpath')
[1.213s] INFO:colcon.colcon_core.shell:Creating environment hook '/workspace/action_data_offset_ws/install/share/action_data_offset/hook/pythonpath.ps1'
[1.214s] INFO:colcon.colcon_core.shell:Creating environment descriptor '/workspace/action_data_offset_ws/install/share/action_data_offset/hook/pythonpath.dsv'
[1.214s] INFO:colcon.colcon_core.shell:Creating environment hook '/workspace/action_data_offset_ws/install/share/action_data_offset/hook/pythonpath.sh'
[1.215s] Level 1:colcon.colcon_core.environment:checking '/workspace/action_data_offset_ws/install/bin'
[1.215s] Level 1:colcon.colcon_core.shell:create_environment_hook('action_data_offset', 'pythonscriptspath')
[1.215s] INFO:colcon.colcon_core.shell:Creating environment hook '/workspace/action_data_offset_ws/install/share/action_data_offset/hook/pythonscriptspath.ps1'
[1.215s] INFO:colcon.colcon_core.shell:Creating environment descriptor '/workspace/action_data_offset_ws/install/share/action_data_offset/hook/pythonscriptspath.dsv'
[1.216s] INFO:colcon.colcon_core.shell:Creating environment hook '/workspace/action_data_offset_ws/install/share/action_data_offset/hook/pythonscriptspath.sh'
[1.216s] Level 1:colcon.colcon_core.environment:create_environment_scripts_only(action_data_offset)
[1.216s] INFO:colcon.colcon_core.shell:Creating package script '/workspace/action_data_offset_ws/install/share/action_data_offset/package.ps1'
[1.217s] INFO:colcon.colcon_core.shell:Creating package descriptor '/workspace/action_data_offset_ws/install/share/action_data_offset/package.dsv'
[1.218s] INFO:colcon.colcon_core.shell:Creating package script '/workspace/action_data_offset_ws/install/share/action_data_offset/package.sh'
[1.219s] INFO:colcon.colcon_core.shell:Creating package script '/workspace/action_data_offset_ws/install/share/action_data_offset/package.bash'
[1.219s] INFO:colcon.colcon_core.shell:Creating package script '/workspace/action_data_offset_ws/install/share/action_data_offset/package.zsh'
[1.220s] Level 1:colcon.colcon_core.environment:create_file_with_runtime_dependencies(/workspace/action_data_offset_ws/install/share/colcon-core/packages/action_data_offset)
[2.301s] DEBUG:colcon.colcon_core.event_handler.log_command:Invoked command in '/workspace/action_data_offset_ws/build/crb_ros_msg' returned '0': CMAKE_PREFIX_PATH=/opt/rootfs_2204_aarch64/opt/ros/humble /usr/bin/cmake /workspace/action_data_offset_ws/src/crb_ros_msg -DCMAKE_VERBOSE_MAKEFILE:BOOL=ON -DCMAKE_TOOLCHAIN_FILE=/workspace/action_data_offset_ws/docker_env/environment/cmake-toolchains/generic_aarch64.cmake -DSECURITY=ON -DBUILD_TESTING=OFF -DCMAKE_INSTALL_PREFIX=/workspace/action_data_offset_ws/install
[2.303s] DEBUG:colcon.colcon_core.event_handler.log_command:Invoking command in '/workspace/action_data_offset_ws/build/crb_ros_msg': CMAKE_PREFIX_PATH=/opt/rootfs_2204_aarch64/opt/ros/humble /usr/bin/cmake --build /workspace/action_data_offset_ws/build/crb_ros_msg -- -j16 -l16
[2.784s] DEBUG:colcon.colcon_core.event_handler.log_command:Invoked command in '/workspace/action_data_offset_ws/build/crb_ros_msg' returned '0': CMAKE_PREFIX_PATH=/opt/rootfs_2204_aarch64/opt/ros/humble /usr/bin/cmake --build /workspace/action_data_offset_ws/build/crb_ros_msg -- -j16 -l16
[2.798s] DEBUG:colcon.colcon_core.event_handler.log_command:Invoking command in '/workspace/action_data_offset_ws/build/crb_ros_msg': CMAKE_PREFIX_PATH=/opt/rootfs_2204_aarch64/opt/ros/humble /usr/bin/cmake --install /workspace/action_data_offset_ws/build/crb_ros_msg
[2.896s] Level 1:colcon.colcon_core.environment:create_environment_scripts_only(crb_ros_msg)
[2.896s] Level 1:colcon.colcon_core.environment:checking '/workspace/action_data_offset_ws/install' for CMake module files
[2.899s] Level 1:colcon.colcon_core.environment:checking '/workspace/action_data_offset_ws/install' for CMake config files
[2.900s] DEBUG:colcon.colcon_core.event_handler.log_command:Invoked command in '/workspace/action_data_offset_ws/build/crb_ros_msg' returned '0': CMAKE_PREFIX_PATH=/opt/rootfs_2204_aarch64/opt/ros/humble /usr/bin/cmake --install /workspace/action_data_offset_ws/build/crb_ros_msg
[2.902s] Level 1:colcon.colcon_core.shell:create_environment_hook('crb_ros_msg', 'cmake_prefix_path')
[2.903s] INFO:colcon.colcon_core.shell:Creating environment hook '/workspace/action_data_offset_ws/install/share/crb_ros_msg/hook/cmake_prefix_path.ps1'
[2.904s] INFO:colcon.colcon_core.shell:Creating environment descriptor '/workspace/action_data_offset_ws/install/share/crb_ros_msg/hook/cmake_prefix_path.dsv'
[2.904s] INFO:colcon.colcon_core.shell:Creating environment hook '/workspace/action_data_offset_ws/install/share/crb_ros_msg/hook/cmake_prefix_path.sh'
[2.905s] Level 1:colcon.colcon_core.environment:checking '/workspace/action_data_offset_ws/install/lib'
[2.905s] Level 1:colcon.colcon_core.shell:create_environment_hook('crb_ros_msg', 'ld_library_path_lib')
[2.906s] INFO:colcon.colcon_core.shell:Creating environment hook '/workspace/action_data_offset_ws/install/share/crb_ros_msg/hook/ld_library_path_lib.ps1'
[2.906s] INFO:colcon.colcon_core.shell:Creating environment descriptor '/workspace/action_data_offset_ws/install/share/crb_ros_msg/hook/ld_library_path_lib.dsv'
[2.906s] INFO:colcon.colcon_core.shell:Creating environment hook '/workspace/action_data_offset_ws/install/share/crb_ros_msg/hook/ld_library_path_lib.sh'
[2.907s] Level 1:colcon.colcon_core.environment:checking '/workspace/action_data_offset_ws/install/bin'
[2.907s] Level 1:colcon.colcon_core.shell:create_environment_hook('crb_ros_msg', 'path')
[2.907s] INFO:colcon.colcon_core.shell:Creating environment hook '/workspace/action_data_offset_ws/install/share/crb_ros_msg/hook/path.ps1'
[2.907s] INFO:colcon.colcon_core.shell:Creating environment descriptor '/workspace/action_data_offset_ws/install/share/crb_ros_msg/hook/path.dsv'
[2.908s] INFO:colcon.colcon_core.shell:Creating environment hook '/workspace/action_data_offset_ws/install/share/crb_ros_msg/hook/path.sh'
[2.908s] Level 1:colcon.colcon_core.environment:checking '/workspace/action_data_offset_ws/install/lib/pkgconfig/crb_ros_msg.pc'
[2.908s] Level 1:colcon.colcon_core.environment:checking '/workspace/action_data_offset_ws/install/lib/python3.10/site-packages'
[2.908s] Level 1:colcon.colcon_core.shell:create_environment_hook('crb_ros_msg', 'pythonpath')
[2.909s] INFO:colcon.colcon_core.shell:Creating environment hook '/workspace/action_data_offset_ws/install/share/crb_ros_msg/hook/pythonpath.ps1'
[2.909s] INFO:colcon.colcon_core.shell:Creating environment descriptor '/workspace/action_data_offset_ws/install/share/crb_ros_msg/hook/pythonpath.dsv'
[2.909s] INFO:colcon.colcon_core.shell:Creating environment hook '/workspace/action_data_offset_ws/install/share/crb_ros_msg/hook/pythonpath.sh'
[2.910s] Level 1:colcon.colcon_core.environment:checking '/workspace/action_data_offset_ws/install/bin'
[2.910s] Level 1:colcon.colcon_core.shell:create_environment_hook('crb_ros_msg', 'pythonscriptspath')
[2.910s] INFO:colcon.colcon_core.shell:Creating environment hook '/workspace/action_data_offset_ws/install/share/crb_ros_msg/hook/pythonscriptspath.ps1'
[2.911s] INFO:colcon.colcon_core.shell:Creating environment descriptor '/workspace/action_data_offset_ws/install/share/crb_ros_msg/hook/pythonscriptspath.dsv'
[2.911s] INFO:colcon.colcon_core.shell:Creating environment hook '/workspace/action_data_offset_ws/install/share/crb_ros_msg/hook/pythonscriptspath.sh'
[2.912s] INFO:colcon.colcon_core.shell:Creating package script '/workspace/action_data_offset_ws/install/share/crb_ros_msg/package.ps1'
[2.913s] INFO:colcon.colcon_core.shell:Creating package descriptor '/workspace/action_data_offset_ws/install/share/crb_ros_msg/package.dsv'
[2.913s] INFO:colcon.colcon_core.shell:Creating package script '/workspace/action_data_offset_ws/install/share/crb_ros_msg/package.sh'
[2.914s] INFO:colcon.colcon_core.shell:Creating package script '/workspace/action_data_offset_ws/install/share/crb_ros_msg/package.bash'
[2.914s] INFO:colcon.colcon_core.shell:Creating package script '/workspace/action_data_offset_ws/install/share/crb_ros_msg/package.zsh'
[2.914s] Level 1:colcon.colcon_core.environment:create_file_with_runtime_dependencies(/workspace/action_data_offset_ws/install/share/colcon-core/packages/crb_ros_msg)
[2.915s] Level 1:colcon.colcon_core.environment:create_environment_scripts_only(crb_ros_msg)
[2.915s] Level 1:colcon.colcon_core.environment:checking '/workspace/action_data_offset_ws/install' for CMake module files
[2.916s] Level 1:colcon.colcon_core.environment:checking '/workspace/action_data_offset_ws/install' for CMake config files
[2.917s] Level 1:colcon.colcon_core.shell:create_environment_hook('crb_ros_msg', 'cmake_prefix_path')
[2.917s] INFO:colcon.colcon_core.shell:Creating environment hook '/workspace/action_data_offset_ws/install/share/crb_ros_msg/hook/cmake_prefix_path.ps1'
[2.918s] INFO:colcon.colcon_core.shell:Creating environment descriptor '/workspace/action_data_offset_ws/install/share/crb_ros_msg/hook/cmake_prefix_path.dsv'
[2.918s] INFO:colcon.colcon_core.shell:Creating environment hook '/workspace/action_data_offset_ws/install/share/crb_ros_msg/hook/cmake_prefix_path.sh'
[2.919s] Level 1:colcon.colcon_core.environment:checking '/workspace/action_data_offset_ws/install/lib'
[2.919s] Level 1:colcon.colcon_core.shell:create_environment_hook('crb_ros_msg', 'ld_library_path_lib')
[2.919s] INFO:colcon.colcon_core.shell:Creating environment hook '/workspace/action_data_offset_ws/install/share/crb_ros_msg/hook/ld_library_path_lib.ps1'
[2.920s] INFO:colcon.colcon_core.shell:Creating environment descriptor '/workspace/action_data_offset_ws/install/share/crb_ros_msg/hook/ld_library_path_lib.dsv'
[2.920s] INFO:colcon.colcon_core.shell:Creating environment hook '/workspace/action_data_offset_ws/install/share/crb_ros_msg/hook/ld_library_path_lib.sh'
[2.920s] Level 1:colcon.colcon_core.environment:checking '/workspace/action_data_offset_ws/install/bin'
[2.920s] Level 1:colcon.colcon_core.shell:create_environment_hook('crb_ros_msg', 'path')
[2.921s] INFO:colcon.colcon_core.shell:Creating environment hook '/workspace/action_data_offset_ws/install/share/crb_ros_msg/hook/path.ps1'
[2.921s] INFO:colcon.colcon_core.shell:Creating environment descriptor '/workspace/action_data_offset_ws/install/share/crb_ros_msg/hook/path.dsv'
[2.921s] INFO:colcon.colcon_core.shell:Creating environment hook '/workspace/action_data_offset_ws/install/share/crb_ros_msg/hook/path.sh'
[2.922s] Level 1:colcon.colcon_core.environment:checking '/workspace/action_data_offset_ws/install/lib/pkgconfig/crb_ros_msg.pc'
[2.922s] Level 1:colcon.colcon_core.environment:checking '/workspace/action_data_offset_ws/install/lib/python3.10/site-packages'
[2.922s] Level 1:colcon.colcon_core.shell:create_environment_hook('crb_ros_msg', 'pythonpath')
[2.922s] INFO:colcon.colcon_core.shell:Creating environment hook '/workspace/action_data_offset_ws/install/share/crb_ros_msg/hook/pythonpath.ps1'
[2.923s] INFO:colcon.colcon_core.shell:Creating environment descriptor '/workspace/action_data_offset_ws/install/share/crb_ros_msg/hook/pythonpath.dsv'
[2.923s] INFO:colcon.colcon_core.shell:Creating environment hook '/workspace/action_data_offset_ws/install/share/crb_ros_msg/hook/pythonpath.sh'
[2.923s] Level 1:colcon.colcon_core.environment:checking '/workspace/action_data_offset_ws/install/bin'
[2.924s] Level 1:colcon.colcon_core.shell:create_environment_hook('crb_ros_msg', 'pythonscriptspath')
[2.924s] INFO:colcon.colcon_core.shell:Creating environment hook '/workspace/action_data_offset_ws/install/share/crb_ros_msg/hook/pythonscriptspath.ps1'
[2.924s] INFO:colcon.colcon_core.shell:Creating environment descriptor '/workspace/action_data_offset_ws/install/share/crb_ros_msg/hook/pythonscriptspath.dsv'
[2.925s] INFO:colcon.colcon_core.shell:Creating environment hook '/workspace/action_data_offset_ws/install/share/crb_ros_msg/hook/pythonscriptspath.sh'
[2.925s] INFO:colcon.colcon_core.shell:Creating package script '/workspace/action_data_offset_ws/install/share/crb_ros_msg/package.ps1'
[2.926s] INFO:colcon.colcon_core.shell:Creating package descriptor '/workspace/action_data_offset_ws/install/share/crb_ros_msg/package.dsv'
[2.926s] INFO:colcon.colcon_core.shell:Creating package script '/workspace/action_data_offset_ws/install/share/crb_ros_msg/package.sh'
[2.927s] INFO:colcon.colcon_core.shell:Creating package script '/workspace/action_data_offset_ws/install/share/crb_ros_msg/package.bash'
[2.927s] INFO:colcon.colcon_core.shell:Creating package script '/workspace/action_data_offset_ws/install/share/crb_ros_msg/package.zsh'
[2.928s] Level 1:colcon.colcon_core.environment:create_file_with_runtime_dependencies(/workspace/action_data_offset_ws/install/share/colcon-core/packages/crb_ros_msg)
[2.928s] INFO:colcon.colcon_ros.task.ament_python.build:Building ROS package in '/workspace/action_data_offset_ws/src/casbot_arm_calibration_web' with build type 'ament_python'
[2.928s] Level 1:colcon.colcon_core.shell:create_environment_hook('casbot_arm_calibration_web', 'ament_prefix_path')
[2.929s] INFO:colcon.colcon_core.shell:Creating environment hook '/workspace/action_data_offset_ws/install/share/casbot_arm_calibration_web/hook/ament_prefix_path.ps1'
[2.929s] INFO:colcon.colcon_core.shell:Creating environment descriptor '/workspace/action_data_offset_ws/install/share/casbot_arm_calibration_web/hook/ament_prefix_path.dsv'
[2.930s] INFO:colcon.colcon_core.shell:Creating environment hook '/workspace/action_data_offset_ws/install/share/casbot_arm_calibration_web/hook/ament_prefix_path.sh'
[2.931s] INFO:colcon.colcon_core.shell:Skip shell extension 'powershell' for command environment: Not usable outside of PowerShell
[2.931s] DEBUG:colcon.colcon_core.shell:Skip shell extension 'dsv' for command environment
[3.190s] WARNING:colcon.colcon_ros.task.ament_python.build:Package 'casbot_arm_calibration_web' doesn't explicitly install a marker in the package index (colcon-ros currently does it implicitly but that fallback will be removed in the future)
[3.190s] INFO:colcon.colcon_core.task.python.build:Building Python package in '/workspace/action_data_offset_ws/src/casbot_arm_calibration_web'
[3.191s] INFO:colcon.colcon_core.shell:Skip shell extension 'powershell' for command environment: Not usable outside of PowerShell
[3.191s] DEBUG:colcon.colcon_core.shell:Skip shell extension 'dsv' for command environment
[3.516s] DEBUG:colcon.colcon_core.event_handler.log_command:Invoking command in '/workspace/action_data_offset_ws/src/casbot_arm_calibration_web': AMENT_PREFIX_PATH=/workspace/action_data_offset_ws/install:${AMENT_PREFIX_PATH} CMAKE_PREFIX_PATH=/workspace/action_data_offset_ws/install LD_LIBRARY_PATH=/workspace/action_data_offset_ws/install/lib:${LD_LIBRARY_PATH} PATH=/workspace/action_data_offset_ws/install/bin:${PATH} PYTHONPATH=/workspace/action_data_offset_ws/build/casbot_arm_calibration_web/prefix_override:/usr/local/lib/python3.10/dist-packages/colcon_core/task/python/colcon_distutils_commands:/workspace/action_data_offset_ws/install/lib/python3.10/site-packages:/workspace/action_data_offset_ws/install/local/lib/python3.10/dist-packages:/workspace/action_data_offset_ws/install/lib/python3.10/site-packages:${PYTHONPATH} /usr/bin/python3 -W ignore:setup.py install is deprecated -W ignore:easy_install command is deprecated setup.py egg_info --egg-base ../../build_aarch64/casbot_arm_calibration_web build --build-base /workspace/action_data_offset_ws/build/casbot_arm_calibration_web/build install --record /workspace/action_data_offset_ws/build/casbot_arm_calibration_web/install.log --single-version-externally-managed install_data
[3.791s] Level 1:colcon.colcon_core.environment:checking '/workspace/action_data_offset_ws/install' for CMake module files
[3.791s] DEBUG:colcon.colcon_core.event_handler.log_command:Invoked command in '/workspace/action_data_offset_ws/src/casbot_arm_calibration_web' returned '0': AMENT_PREFIX_PATH=/workspace/action_data_offset_ws/install:${AMENT_PREFIX_PATH} CMAKE_PREFIX_PATH=/workspace/action_data_offset_ws/install LD_LIBRARY_PATH=/workspace/action_data_offset_ws/install/lib:${LD_LIBRARY_PATH} PATH=/workspace/action_data_offset_ws/install/bin:${PATH} PYTHONPATH=/workspace/action_data_offset_ws/build/casbot_arm_calibration_web/prefix_override:/usr/local/lib/python3.10/dist-packages/colcon_core/task/python/colcon_distutils_commands:/workspace/action_data_offset_ws/install/lib/python3.10/site-packages:/workspace/action_data_offset_ws/install/local/lib/python3.10/dist-packages:/workspace/action_data_offset_ws/install/lib/python3.10/site-packages:${PYTHONPATH} /usr/bin/python3 -W ignore:setup.py install is deprecated -W ignore:easy_install command is deprecated setup.py egg_info --egg-base ../../build_aarch64/casbot_arm_calibration_web build --build-base /workspace/action_data_offset_ws/build/casbot_arm_calibration_web/build install --record /workspace/action_data_offset_ws/build/casbot_arm_calibration_web/install.log --single-version-externally-managed install_data
[3.791s] Level 1:colcon.colcon_core.environment:checking '/workspace/action_data_offset_ws/install' for CMake config files
[3.793s] Level 1:colcon.colcon_core.shell:create_environment_hook('casbot_arm_calibration_web', 'cmake_prefix_path')
[3.793s] INFO:colcon.colcon_core.shell:Creating environment hook '/workspace/action_data_offset_ws/install/share/casbot_arm_calibration_web/hook/cmake_prefix_path.ps1'
[3.793s] INFO:colcon.colcon_core.shell:Creating environment descriptor '/workspace/action_data_offset_ws/install/share/casbot_arm_calibration_web/hook/cmake_prefix_path.dsv'
[3.794s] INFO:colcon.colcon_core.shell:Creating environment hook '/workspace/action_data_offset_ws/install/share/casbot_arm_calibration_web/hook/cmake_prefix_path.sh'
[3.794s] Level 1:colcon.colcon_core.environment:checking '/workspace/action_data_offset_ws/install/lib'
[3.794s] Level 1:colcon.colcon_core.shell:create_environment_hook('casbot_arm_calibration_web', 'ld_library_path_lib')
[3.795s] INFO:colcon.colcon_core.shell:Creating environment hook '/workspace/action_data_offset_ws/install/share/casbot_arm_calibration_web/hook/ld_library_path_lib.ps1'
[3.795s] INFO:colcon.colcon_core.shell:Creating environment descriptor '/workspace/action_data_offset_ws/install/share/casbot_arm_calibration_web/hook/ld_library_path_lib.dsv'
[3.795s] INFO:colcon.colcon_core.shell:Creating environment hook '/workspace/action_data_offset_ws/install/share/casbot_arm_calibration_web/hook/ld_library_path_lib.sh'
[3.796s] Level 1:colcon.colcon_core.environment:checking '/workspace/action_data_offset_ws/install/bin'
[3.796s] Level 1:colcon.colcon_core.shell:create_environment_hook('casbot_arm_calibration_web', 'path')
[3.796s] INFO:colcon.colcon_core.shell:Creating environment hook '/workspace/action_data_offset_ws/install/share/casbot_arm_calibration_web/hook/path.ps1'
[3.796s] INFO:colcon.colcon_core.shell:Creating environment descriptor '/workspace/action_data_offset_ws/install/share/casbot_arm_calibration_web/hook/path.dsv'
[3.797s] INFO:colcon.colcon_core.shell:Creating environment hook '/workspace/action_data_offset_ws/install/share/casbot_arm_calibration_web/hook/path.sh'
[3.797s] Level 1:colcon.colcon_core.environment:checking '/workspace/action_data_offset_ws/install/lib/pkgconfig/casbot_arm_calibration_web.pc'
[3.797s] Level 1:colcon.colcon_core.environment:checking '/workspace/action_data_offset_ws/install/lib/python3.10/site-packages'
[3.797s] Level 1:colcon.colcon_core.shell:create_environment_hook('casbot_arm_calibration_web', 'pythonpath')
[3.798s] INFO:colcon.colcon_core.shell:Creating environment hook '/workspace/action_data_offset_ws/install/share/casbot_arm_calibration_web/hook/pythonpath.ps1'
[3.798s] INFO:colcon.colcon_core.shell:Creating environment descriptor '/workspace/action_data_offset_ws/install/share/casbot_arm_calibration_web/hook/pythonpath.dsv'
[3.798s] INFO:colcon.colcon_core.shell:Creating environment hook '/workspace/action_data_offset_ws/install/share/casbot_arm_calibration_web/hook/pythonpath.sh'
[3.799s] Level 1:colcon.colcon_core.environment:checking '/workspace/action_data_offset_ws/install/bin'
[3.799s] Level 1:colcon.colcon_core.shell:create_environment_hook('casbot_arm_calibration_web', 'pythonscriptspath')
[3.799s] INFO:colcon.colcon_core.shell:Creating environment hook '/workspace/action_data_offset_ws/install/share/casbot_arm_calibration_web/hook/pythonscriptspath.ps1'
[3.800s] INFO:colcon.colcon_core.shell:Creating environment descriptor '/workspace/action_data_offset_ws/install/share/casbot_arm_calibration_web/hook/pythonscriptspath.dsv'
[3.800s] INFO:colcon.colcon_core.shell:Creating environment hook '/workspace/action_data_offset_ws/install/share/casbot_arm_calibration_web/hook/pythonscriptspath.sh'
[3.800s] Level 1:colcon.colcon_core.environment:create_environment_scripts_only(casbot_arm_calibration_web)
[3.801s] INFO:colcon.colcon_core.shell:Creating package script '/workspace/action_data_offset_ws/install/share/casbot_arm_calibration_web/package.ps1'
[3.801s] INFO:colcon.colcon_core.shell:Creating package descriptor '/workspace/action_data_offset_ws/install/share/casbot_arm_calibration_web/package.dsv'
[3.802s] INFO:colcon.colcon_core.shell:Creating package script '/workspace/action_data_offset_ws/install/share/casbot_arm_calibration_web/package.sh'
[3.802s] INFO:colcon.colcon_core.shell:Creating package script '/workspace/action_data_offset_ws/install/share/casbot_arm_calibration_web/package.bash'
[3.803s] INFO:colcon.colcon_core.shell:Creating package script '/workspace/action_data_offset_ws/install/share/casbot_arm_calibration_web/package.zsh'
[3.803s] Level 1:colcon.colcon_core.environment:create_file_with_runtime_dependencies(/workspace/action_data_offset_ws/install/share/colcon-core/packages/casbot_arm_calibration_web)
[3.803s] DEBUG:colcon.colcon_parallel_executor.executor.parallel:closing loop
[3.804s] DEBUG:colcon.colcon_parallel_executor.executor.parallel:loop closed
[3.804s] DEBUG:colcon.colcon_parallel_executor.executor.parallel:run_until_complete finished with '0'
[3.804s] DEBUG:colcon.colcon_core.event_reactor:joining thread
[3.806s] INFO:colcon.colcon_core.plugin_system:Skipping extension 'colcon_notification.desktop_notification.notify2': 'notify2' not found
[3.806s] INFO:colcon.colcon_core.plugin_system:Skipping extension 'colcon_notification.desktop_notification.notify_send': Could not find 'notify-send'
[3.806s] INFO:colcon.colcon_core.plugin_system:Skipping extension 'colcon_notification.desktop_notification.terminal_notifier': Not used on non-Darwin systems
[3.806s] INFO:colcon.colcon_core.plugin_system:Skipping extension 'colcon_notification.desktop_notification.win32': Not used on non-Windows systems
[3.806s] DEBUG:colcon.colcon_core.event_reactor:joined thread
[3.806s] INFO:colcon.colcon_core.shell:Creating prefix script '/workspace/action_data_offset_ws/install/local_setup.ps1'
[3.807s] INFO:colcon.colcon_core.shell:Creating prefix util module '/workspace/action_data_offset_ws/install/_local_setup_util_ps1.py'
[3.808s] INFO:colcon.colcon_core.shell:Creating prefix chain script '/workspace/action_data_offset_ws/install/setup.ps1'
[3.809s] INFO:colcon.colcon_core.shell:Creating prefix script '/workspace/action_data_offset_ws/install/local_setup.sh'
[3.810s] INFO:colcon.colcon_core.shell:Creating prefix util module '/workspace/action_data_offset_ws/install/_local_setup_util_sh.py'
[3.810s] INFO:colcon.colcon_core.shell:Creating prefix chain script '/workspace/action_data_offset_ws/install/setup.sh'
[3.811s] INFO:colcon.colcon_core.shell:Creating prefix script '/workspace/action_data_offset_ws/install/local_setup.bash'
[3.812s] INFO:colcon.colcon_core.shell:Creating prefix chain script '/workspace/action_data_offset_ws/install/setup.bash'
[3.813s] INFO:colcon.colcon_core.shell:Creating prefix script '/workspace/action_data_offset_ws/install/local_setup.zsh'
[3.813s] INFO:colcon.colcon_core.shell:Creating prefix chain script '/workspace/action_data_offset_ws/install/setup.zsh'
