[0.167s] Invoking command in '/workspace/action_data_offset_ws/build/crb_ros_msg': CMAKE_PREFIX_PATH=/opt/rootfs_2204_aarch64/opt/ros/humble /usr/bin/cmake /workspace/action_data_offset_ws/src/crb_ros_msg -DCMAKE_VERBOSE_MAKEFILE:BOOL=ON -DCMAKE_TOOLCHAIN_FILE=/workspace/action_data_offset_ws/docker_env/environment/cmake-toolchains/generic_aarch64.cmake -DSECURITY=ON -DBUILD_TESTING=OFF -DCMAKE_INSTALL_PREFIX=/workspace/action_data_offset_ws/install
[0.177s] -- Using SECURITY: ON.
[0.177s] -- Using BUILD_TESTING: OFF.
[0.177s] -- Using CMAKE_TOOLCHAIN_FILE: /workspace/action_data_offset_ws/docker_env/environment/cmake-toolchains/generic_aarch64.cmake.
[0.177s] -- Using CATKIN_INSTALL_INTO_PREFIX_ROOT: .
[0.178s] -- Using CMAKE_CUSTOM_CROSS: .
[0.191s] -- Found ament_cmake: 1.3.12 (/opt/rootfs_2204_aarch64/opt/ros/humble/share/ament_cmake/cmake)
[0.280s] -- Found rosidl_default_generators: 1.2.1 (/opt/rootfs_2204_aarch64/opt/ros/humble/share/rosidl_default_generators/cmake)
[0.282s] -- Using all available rosidl_typesupport_c: rosidl_typesupport_fastrtps_c;rosidl_typesupport_introspection_c
[0.284s] -- Found rosidl_adapter: 3.1.7 (/opt/rootfs_2204_aarch64/opt/ros/humble/share/rosidl_adapter/cmake)
[0.307s] -- Using all available rosidl_typesupport_cpp: rosidl_typesupport_fastrtps_cpp;rosidl_typesupport_introspection_cpp
[0.340s] -- Found std_msgs: 4.9.0 (/opt/rootfs_2204_aarch64/opt/ros/humble/share/std_msgs/cmake)
[0.360s] -- Found sensor_msgs: 4.9.1 (/opt/rootfs_2204_aarch64/opt/ros/humble/share/sensor_msgs/cmake)
[0.383s] -- Found action_msgs: 1.2.2 (/opt/rootfs_2204_aarch64/opt/ros/humble/share/action_msgs/cmake)
[0.623s] -- Found ament_cmake_ros: 0.10.0 (/opt/rootfs_2204_aarch64/opt/ros/humble/share/ament_cmake_ros/cmake)
[0.830s] -- Using all available rosidl_typesupport_c: rosidl_typesupport_fastrtps_c;rosidl_typesupport_introspection_c
[1.109s] -- Using all available rosidl_typesupport_cpp: rosidl_typesupport_fastrtps_cpp;rosidl_typesupport_introspection_cpp
[1.121s] -- Found python_cmake_module: 0.10.0 (/opt/rootfs_2204_aarch64/opt/ros/humble/share/python_cmake_module/cmake)
[1.133s] -- Using PYTHON_EXECUTABLE: /usr/bin/python3
[1.133s] -- Using PYTHON_INCLUDE_DIRS: /opt/rootfs_2204_aarch64/usr/include/python3.10
[1.133s] -- Using PYTHON_LIBRARIES: /opt/rootfs_2204_aarch64/usr/lib/aarch64-linux-gnu/libpython3.10.so
[1.246s] -- Configuring done
[1.282s] -- Generating done
[1.295s] -- Build files have been written to: /workspace/action_data_offset_ws/build_aarch64/crb_ros_msg
[1.301s] Invoked command in '/workspace/action_data_offset_ws/build/crb_ros_msg' returned '0': CMAKE_PREFIX_PATH=/opt/rootfs_2204_aarch64/opt/ros/humble /usr/bin/cmake /workspace/action_data_offset_ws/src/crb_ros_msg -DCMAKE_VERBOSE_MAKEFILE:BOOL=ON -DCMAKE_TOOLCHAIN_FILE=/workspace/action_data_offset_ws/docker_env/environment/cmake-toolchains/generic_aarch64.cmake -DSECURITY=ON -DBUILD_TESTING=OFF -DCMAKE_INSTALL_PREFIX=/workspace/action_data_offset_ws/install
[1.302s] Invoking command in '/workspace/action_data_offset_ws/build/crb_ros_msg': CMAKE_PREFIX_PATH=/opt/rootfs_2204_aarch64/opt/ros/humble /usr/bin/cmake --build /workspace/action_data_offset_ws/build/crb_ros_msg -- -j16 -l16
[1.318s] /usr/bin/cmake -S/workspace/action_data_offset_ws/src/crb_ros_msg -B/workspace/action_data_offset_ws/build_aarch64/crb_ros_msg --check-build-system CMakeFiles/Makefile.cmake 0
[1.335s] /usr/bin/cmake -E cmake_progress_start /workspace/action_data_offset_ws/build_aarch64/crb_ros_msg/CMakeFiles /workspace/action_data_offset_ws/build_aarch64/crb_ros_msg//CMakeFiles/progress.marks
[1.345s] /usr/bin/gmake  -f CMakeFiles/Makefile2 all
[1.346s] gmake[1]: Entering directory '/workspace/action_data_offset_ws/build_aarch64/crb_ros_msg'
[1.347s] /usr/bin/gmake  -f crb_ros_msg__rs/CMakeFiles/crb_ros_msg__rs.dir/build.make crb_ros_msg__rs/CMakeFiles/crb_ros_msg__rs.dir/depend
[1.347s] /usr/bin/gmake  -f CMakeFiles/crb_ros_msg__rosidl_generator_c.dir/build.make CMakeFiles/crb_ros_msg__rosidl_generator_c.dir/depend
[1.347s] /usr/bin/gmake  -f CMakeFiles/crb_ros_msg__cpp.dir/build.make CMakeFiles/crb_ros_msg__cpp.dir/depend
[1.347s] /usr/bin/gmake  -f CMakeFiles/ament_cmake_python_copy_crb_ros_msg.dir/build.make CMakeFiles/ament_cmake_python_copy_crb_ros_msg.dir/depend
[1.349s] gmake[2]: Entering directory '/workspace/action_data_offset_ws/build_aarch64/crb_ros_msg'
[1.349s] cd /workspace/action_data_offset_ws/build_aarch64/crb_ros_msg && /usr/bin/cmake -E cmake_depends "Unix Makefiles" /workspace/action_data_offset_ws/src/crb_ros_msg /workspace/action_data_offset_ws/src/crb_ros_msg /workspace/action_data_offset_ws/build_aarch64/crb_ros_msg /workspace/action_data_offset_ws/build_aarch64/crb_ros_msg /workspace/action_data_offset_ws/build_aarch64/crb_ros_msg/CMakeFiles/ament_cmake_python_copy_crb_ros_msg.dir/DependInfo.cmake --color=
[1.350s] gmake[2]: Entering directory '/workspace/action_data_offset_ws/build_aarch64/crb_ros_msg'
[1.350s] cd /workspace/action_data_offset_ws/build_aarch64/crb_ros_msg && /usr/bin/cmake -E cmake_depends "Unix Makefiles" /workspace/action_data_offset_ws/src/crb_ros_msg /workspace/action_data_offset_ws/build_aarch64/crb_ros_msg/crb_ros_msg__rs /workspace/action_data_offset_ws/build_aarch64/crb_ros_msg /workspace/action_data_offset_ws/build_aarch64/crb_ros_msg/crb_ros_msg__rs /workspace/action_data_offset_ws/build_aarch64/crb_ros_msg/crb_ros_msg__rs/CMakeFiles/crb_ros_msg__rs.dir/DependInfo.cmake --color=
[1.350s] gmake[2]: Entering directory '/workspace/action_data_offset_ws/build_aarch64/crb_ros_msg'
[1.351s] cd /workspace/action_data_offset_ws/build_aarch64/crb_ros_msg && /usr/bin/cmake -E cmake_depends "Unix Makefiles" /workspace/action_data_offset_ws/src/crb_ros_msg /workspace/action_data_offset_ws/src/crb_ros_msg /workspace/action_data_offset_ws/build_aarch64/crb_ros_msg /workspace/action_data_offset_ws/build_aarch64/crb_ros_msg /workspace/action_data_offset_ws/build_aarch64/crb_ros_msg/CMakeFiles/crb_ros_msg__cpp.dir/DependInfo.cmake --color=
[1.351s] gmake[2]: Entering directory '/workspace/action_data_offset_ws/build_aarch64/crb_ros_msg'
[1.351s] cd /workspace/action_data_offset_ws/build_aarch64/crb_ros_msg && /usr/bin/cmake -E cmake_depends "Unix Makefiles" /workspace/action_data_offset_ws/src/crb_ros_msg /workspace/action_data_offset_ws/src/crb_ros_msg /workspace/action_data_offset_ws/build_aarch64/crb_ros_msg /workspace/action_data_offset_ws/build_aarch64/crb_ros_msg /workspace/action_data_offset_ws/build_aarch64/crb_ros_msg/CMakeFiles/crb_ros_msg__rosidl_generator_c.dir/DependInfo.cmake --color=
[1.365s] Dependencies file "CMakeFiles/crb_ros_msg__rosidl_generator_c.dir/rosidl_generator_c/crb_ros_msg/action/detail/action_play__functions.c.o.d" is newer than depends file "/workspace/action_data_offset_ws/build_aarch64/crb_ros_msg/CMakeFiles/crb_ros_msg__rosidl_generator_c.dir/compiler_depend.internal".
[1.365s] gmake[2]: Leaving directory '/workspace/action_data_offset_ws/build_aarch64/crb_ros_msg'
[1.365s] Dependencies file "CMakeFiles/crb_ros_msg__rosidl_generator_c.dir/rosidl_generator_c/crb_ros_msg/msg/detail/upper_joint_data__functions.c.o.d" is newer than depends file "/workspace/action_data_offset_ws/build_aarch64/crb_ros_msg/CMakeFiles/crb_ros_msg__rosidl_generator_c.dir/compiler_depend.internal".
[1.366s] [35m[1mConsolidate compiler generated dependencies of target crb_ros_msg__rosidl_generator_c[0m
[1.366s] /usr/bin/gmake  -f crb_ros_msg__rs/CMakeFiles/crb_ros_msg__rs.dir/build.make crb_ros_msg__rs/CMakeFiles/crb_ros_msg__rs.dir/build
[1.367s] gmake[2]: Leaving directory '/workspace/action_data_offset_ws/build_aarch64/crb_ros_msg'
[1.367s] /usr/bin/gmake  -f CMakeFiles/ament_cmake_python_copy_crb_ros_msg.dir/build.make CMakeFiles/ament_cmake_python_copy_crb_ros_msg.dir/build
[1.370s] gmake[2]: Entering directory '/workspace/action_data_offset_ws/build_aarch64/crb_ros_msg'
[1.371s] /usr/bin/cmake -E copy_directory /workspace/action_data_offset_ws/build_aarch64/crb_ros_msg/rosidl_generator_py/crb_ros_msg /workspace/action_data_offset_ws/build_aarch64/crb_ros_msg/ament_cmake_python/crb_ros_msg/crb_ros_msg
[1.371s] gmake[2]: Leaving directory '/workspace/action_data_offset_ws/build_aarch64/crb_ros_msg'
[1.371s] /usr/bin/gmake  -f CMakeFiles/crb_ros_msg__rosidl_generator_c.dir/build.make CMakeFiles/crb_ros_msg__rosidl_generator_c.dir/build
[1.371s] gmake[2]: Entering directory '/workspace/action_data_offset_ws/build_aarch64/crb_ros_msg'
[1.372s] gmake[2]: Nothing to be done for 'crb_ros_msg__rs/CMakeFiles/crb_ros_msg__rs.dir/build'.
[1.372s] gmake[2]: Leaving directory '/workspace/action_data_offset_ws/build_aarch64/crb_ros_msg'
[1.376s] gmake[2]: Leaving directory '/workspace/action_data_offset_ws/build_aarch64/crb_ros_msg'
[1.376s] /usr/bin/gmake  -f CMakeFiles/crb_ros_msg__cpp.dir/build.make CMakeFiles/crb_ros_msg__cpp.dir/build
[1.382s] gmake[2]: Entering directory '/workspace/action_data_offset_ws/build_aarch64/crb_ros_msg'
[1.383s] gmake[2]: Nothing to be done for 'CMakeFiles/crb_ros_msg__rosidl_generator_c.dir/build'.
[1.383s] gmake[2]: Leaving directory '/workspace/action_data_offset_ws/build_aarch64/crb_ros_msg'
[1.383s] gmake[2]: Entering directory '/workspace/action_data_offset_ws/build_aarch64/crb_ros_msg'
[1.383s] gmake[2]: Nothing to be done for 'CMakeFiles/crb_ros_msg__cpp.dir/build'.
[1.383s] gmake[2]: Leaving directory '/workspace/action_data_offset_ws/build_aarch64/crb_ros_msg'
[1.390s] gmake[2]: Leaving directory '/workspace/action_data_offset_ws/build_aarch64/crb_ros_msg'
[1.391s] [  2%] Built target crb_ros_msg__rs
[1.394s] [ 12%] Built target crb_ros_msg__rosidl_generator_c
[1.395s] [ 15%] Built target crb_ros_msg__cpp
[1.395s] /usr/bin/gmake  -f CMakeFiles/crb_ros_msg__rosidl_typesupport_fastrtps_c.dir/build.make CMakeFiles/crb_ros_msg__rosidl_typesupport_fastrtps_c.dir/depend
[1.395s] /usr/bin/gmake  -f CMakeFiles/crb_ros_msg__rosidl_typesupport_introspection_c.dir/build.make CMakeFiles/crb_ros_msg__rosidl_typesupport_introspection_c.dir/depend
[1.395s] /usr/bin/gmake  -f CMakeFiles/crb_ros_msg__rosidl_typesupport_c.dir/build.make CMakeFiles/crb_ros_msg__rosidl_typesupport_c.dir/depend
[1.396s] /usr/bin/gmake  -f CMakeFiles/crb_ros_msg__rosidl_typesupport_fastrtps_cpp.dir/build.make CMakeFiles/crb_ros_msg__rosidl_typesupport_fastrtps_cpp.dir/depend
[1.396s] /usr/bin/gmake  -f CMakeFiles/crb_ros_msg__rosidl_typesupport_introspection_cpp.dir/build.make CMakeFiles/crb_ros_msg__rosidl_typesupport_introspection_cpp.dir/depend
[1.396s] /usr/bin/gmake  -f CMakeFiles/crb_ros_msg__rosidl_typesupport_cpp.dir/build.make CMakeFiles/crb_ros_msg__rosidl_typesupport_cpp.dir/depend
[1.398s] gmake[2]: Entering directory '/workspace/action_data_offset_ws/build_aarch64/crb_ros_msg'
[1.399s] cd /workspace/action_data_offset_ws/build_aarch64/crb_ros_msg && /usr/bin/cmake -E cmake_depends "Unix Makefiles" /workspace/action_data_offset_ws/src/crb_ros_msg /workspace/action_data_offset_ws/src/crb_ros_msg /workspace/action_data_offset_ws/build_aarch64/crb_ros_msg /workspace/action_data_offset_ws/build_aarch64/crb_ros_msg /workspace/action_data_offset_ws/build_aarch64/crb_ros_msg/CMakeFiles/crb_ros_msg__rosidl_typesupport_fastrtps_c.dir/DependInfo.cmake --color=
[1.399s] gmake[2]: Entering directory '/workspace/action_data_offset_ws/build_aarch64/crb_ros_msg'
[1.400s] cd /workspace/action_data_offset_ws/build_aarch64/crb_ros_msg && /usr/bin/cmake -E cmake_depends "Unix Makefiles" /workspace/action_data_offset_ws/src/crb_ros_msg /workspace/action_data_offset_ws/src/crb_ros_msg /workspace/action_data_offset_ws/build_aarch64/crb_ros_msg /workspace/action_data_offset_ws/build_aarch64/crb_ros_msg /workspace/action_data_offset_ws/build_aarch64/crb_ros_msg/CMakeFiles/crb_ros_msg__rosidl_typesupport_fastrtps_cpp.dir/DependInfo.cmake --color=
[1.400s] gmake[2]: Entering directory '/workspace/action_data_offset_ws/build_aarch64/crb_ros_msg'
[1.400s] cd /workspace/action_data_offset_ws/build_aarch64/crb_ros_msg && /usr/bin/cmake -E cmake_depends "Unix Makefiles" /workspace/action_data_offset_ws/src/crb_ros_msg /workspace/action_data_offset_ws/src/crb_ros_msg /workspace/action_data_offset_ws/build_aarch64/crb_ros_msg /workspace/action_data_offset_ws/build_aarch64/crb_ros_msg /workspace/action_data_offset_ws/build_aarch64/crb_ros_msg/CMakeFiles/crb_ros_msg__rosidl_typesupport_cpp.dir/DependInfo.cmake --color=
[1.402s] gmake[2]: Entering directory '/workspace/action_data_offset_ws/build_aarch64/crb_ros_msg'
[1.402s] cd /workspace/action_data_offset_ws/build_aarch64/crb_ros_msg && /usr/bin/cmake -E cmake_depends "Unix Makefiles" /workspace/action_data_offset_ws/src/crb_ros_msg /workspace/action_data_offset_ws/src/crb_ros_msg /workspace/action_data_offset_ws/build_aarch64/crb_ros_msg /workspace/action_data_offset_ws/build_aarch64/crb_ros_msg /workspace/action_data_offset_ws/build_aarch64/crb_ros_msg/CMakeFiles/crb_ros_msg__rosidl_typesupport_introspection_cpp.dir/DependInfo.cmake --color=
[1.402s] gmake[2]: Entering directory '/workspace/action_data_offset_ws/build_aarch64/crb_ros_msg'
[1.403s] cd /workspace/action_data_offset_ws/build_aarch64/crb_ros_msg && /usr/bin/cmake -E cmake_depends "Unix Makefiles" /workspace/action_data_offset_ws/src/crb_ros_msg /workspace/action_data_offset_ws/src/crb_ros_msg /workspace/action_data_offset_ws/build_aarch64/crb_ros_msg /workspace/action_data_offset_ws/build_aarch64/crb_ros_msg /workspace/action_data_offset_ws/build_aarch64/crb_ros_msg/CMakeFiles/crb_ros_msg__rosidl_typesupport_introspection_c.dir/DependInfo.cmake --color=
[1.403s] gmake[2]: Entering directory '/workspace/action_data_offset_ws/build_aarch64/crb_ros_msg'
[1.403s] cd /workspace/action_data_offset_ws/build_aarch64/crb_ros_msg && /usr/bin/cmake -E cmake_depends "Unix Makefiles" /workspace/action_data_offset_ws/src/crb_ros_msg /workspace/action_data_offset_ws/src/crb_ros_msg /workspace/action_data_offset_ws/build_aarch64/crb_ros_msg /workspace/action_data_offset_ws/build_aarch64/crb_ros_msg /workspace/action_data_offset_ws/build_aarch64/crb_ros_msg/CMakeFiles/crb_ros_msg__rosidl_typesupport_c.dir/DependInfo.cmake --color=
[1.411s] [ 15%] Built target ament_cmake_python_copy_crb_ros_msg
[1.413s] Dependencies file "CMakeFiles/crb_ros_msg__rosidl_typesupport_fastrtps_c.dir/rosidl_typesupport_fastrtps_c/crb_ros_msg/action/detail/action_play__type_support_c.cpp.o.d" is newer than depends file "/workspace/action_data_offset_ws/build_aarch64/crb_ros_msg/CMakeFiles/crb_ros_msg__rosidl_typesupport_fastrtps_c.dir/compiler_depend.internal".
[1.413s] /usr/bin/gmake  -f CMakeFiles/ament_cmake_python_build_crb_ros_msg_egg.dir/build.make CMakeFiles/ament_cmake_python_build_crb_ros_msg_egg.dir/depend
[1.413s] Dependencies file "CMakeFiles/crb_ros_msg__rosidl_typesupport_fastrtps_c.dir/rosidl_typesupport_fastrtps_c/crb_ros_msg/msg/detail/upper_joint_data__type_support_c.cpp.o.d" is newer than depends file "/workspace/action_data_offset_ws/build_aarch64/crb_ros_msg/CMakeFiles/crb_ros_msg__rosidl_typesupport_fastrtps_c.dir/compiler_depend.internal".
[1.414s] [35m[1mConsolidate compiler generated dependencies of target crb_ros_msg__rosidl_typesupport_fastrtps_c[0m
[1.414s] Dependencies file "CMakeFiles/crb_ros_msg__rosidl_typesupport_fastrtps_cpp.dir/rosidl_typesupport_fastrtps_cpp/crb_ros_msg/action/detail/dds_fastrtps/action_play__type_support.cpp.o.d" is newer than depends file "/workspace/action_data_offset_ws/build_aarch64/crb_ros_msg/CMakeFiles/crb_ros_msg__rosidl_typesupport_fastrtps_cpp.dir/compiler_depend.internal".
[1.415s] Dependencies file "CMakeFiles/crb_ros_msg__rosidl_typesupport_c.dir/rosidl_typesupport_c/crb_ros_msg/action/action_play__type_support.cpp.o.d" is newer than depends file "/workspace/action_data_offset_ws/build_aarch64/crb_ros_msg/CMakeFiles/crb_ros_msg__rosidl_typesupport_c.dir/compiler_depend.internal".
[1.416s] Dependencies file "CMakeFiles/crb_ros_msg__rosidl_typesupport_fastrtps_cpp.dir/rosidl_typesupport_fastrtps_cpp/crb_ros_msg/msg/detail/dds_fastrtps/upper_joint_data__type_support.cpp.o.d" is newer than depends file "/workspace/action_data_offset_ws/build_aarch64/crb_ros_msg/CMakeFiles/crb_ros_msg__rosidl_typesupport_fastrtps_cpp.dir/compiler_depend.internal".
[1.416s] Dependencies file "CMakeFiles/crb_ros_msg__rosidl_typesupport_c.dir/rosidl_typesupport_c/crb_ros_msg/msg/upper_joint_data__type_support.cpp.o.d" is newer than depends file "/workspace/action_data_offset_ws/build_aarch64/crb_ros_msg/CMakeFiles/crb_ros_msg__rosidl_typesupport_c.dir/compiler_depend.internal".
[1.416s] gmake[2]: Entering directory '/workspace/action_data_offset_ws/build_aarch64/crb_ros_msg'
[1.417s] cd /workspace/action_data_offset_ws/build_aarch64/crb_ros_msg && /usr/bin/cmake -E cmake_depends "Unix Makefiles" /workspace/action_data_offset_ws/src/crb_ros_msg /workspace/action_data_offset_ws/src/crb_ros_msg /workspace/action_data_offset_ws/build_aarch64/crb_ros_msg /workspace/action_data_offset_ws/build_aarch64/crb_ros_msg /workspace/action_data_offset_ws/build_aarch64/crb_ros_msg/CMakeFiles/ament_cmake_python_build_crb_ros_msg_egg.dir/DependInfo.cmake --color=
[1.417s] [35m[1mConsolidate compiler generated dependencies of target crb_ros_msg__rosidl_typesupport_fastrtps_cpp[0m
[1.417s] [35m[1mConsolidate compiler generated dependencies of target crb_ros_msg__rosidl_typesupport_c[0m
[1.418s] Dependencies file "CMakeFiles/crb_ros_msg__rosidl_typesupport_cpp.dir/rosidl_typesupport_cpp/crb_ros_msg/action/action_play__type_support.cpp.o.d" is newer than depends file "/workspace/action_data_offset_ws/build_aarch64/crb_ros_msg/CMakeFiles/crb_ros_msg__rosidl_typesupport_cpp.dir/compiler_depend.internal".
[1.418s] Dependencies file "CMakeFiles/crb_ros_msg__rosidl_typesupport_cpp.dir/rosidl_typesupport_cpp/crb_ros_msg/msg/upper_joint_data__type_support.cpp.o.d" is newer than depends file "/workspace/action_data_offset_ws/build_aarch64/crb_ros_msg/CMakeFiles/crb_ros_msg__rosidl_typesupport_cpp.dir/compiler_depend.internal".
[1.418s] [35m[1mConsolidate compiler generated dependencies of target crb_ros_msg__rosidl_typesupport_cpp[0m
[1.421s] gmake[2]: Leaving directory '/workspace/action_data_offset_ws/build_aarch64/crb_ros_msg'
[1.421s] /usr/bin/gmake  -f CMakeFiles/crb_ros_msg__rosidl_typesupport_c.dir/build.make CMakeFiles/crb_ros_msg__rosidl_typesupport_c.dir/build
[1.423s] Dependencies file "CMakeFiles/crb_ros_msg__rosidl_typesupport_introspection_c.dir/rosidl_typesupport_introspection_c/crb_ros_msg/action/detail/action_play__type_support.c.o.d" is newer than depends file "/workspace/action_data_offset_ws/build_aarch64/crb_ros_msg/CMakeFiles/crb_ros_msg__rosidl_typesupport_introspection_c.dir/compiler_depend.internal".
[1.424s] Dependencies file "CMakeFiles/crb_ros_msg__rosidl_typesupport_introspection_c.dir/rosidl_typesupport_introspection_c/crb_ros_msg/msg/detail/upper_joint_data__type_support.c.o.d" is newer than depends file "/workspace/action_data_offset_ws/build_aarch64/crb_ros_msg/CMakeFiles/crb_ros_msg__rosidl_typesupport_introspection_c.dir/compiler_depend.internal".
[1.424s] [35m[1mConsolidate compiler generated dependencies of target crb_ros_msg__rosidl_typesupport_introspection_c[0m
[1.424s] Dependencies file "CMakeFiles/crb_ros_msg__rosidl_typesupport_introspection_cpp.dir/rosidl_typesupport_introspection_cpp/crb_ros_msg/action/detail/action_play__type_support.cpp.o.d" is newer than depends file "/workspace/action_data_offset_ws/build_aarch64/crb_ros_msg/CMakeFiles/crb_ros_msg__rosidl_typesupport_introspection_cpp.dir/compiler_depend.internal".
[1.425s] Dependencies file "CMakeFiles/crb_ros_msg__rosidl_typesupport_introspection_cpp.dir/rosidl_typesupport_introspection_cpp/crb_ros_msg/msg/detail/upper_joint_data__type_support.cpp.o.d" is newer than depends file "/workspace/action_data_offset_ws/build_aarch64/crb_ros_msg/CMakeFiles/crb_ros_msg__rosidl_typesupport_introspection_cpp.dir/compiler_depend.internal".
[1.425s] [35m[1mConsolidate compiler generated dependencies of target crb_ros_msg__rosidl_typesupport_introspection_cpp[0m
[1.425s] gmake[2]: Leaving directory '/workspace/action_data_offset_ws/build_aarch64/crb_ros_msg'
[1.425s] /usr/bin/gmake  -f CMakeFiles/crb_ros_msg__rosidl_typesupport_fastrtps_c.dir/build.make CMakeFiles/crb_ros_msg__rosidl_typesupport_fastrtps_c.dir/build
[1.427s] gmake[2]: Entering directory '/workspace/action_data_offset_ws/build_aarch64/crb_ros_msg'
[1.427s] gmake[2]: Nothing to be done for 'CMakeFiles/crb_ros_msg__rosidl_typesupport_c.dir/build'.
[1.428s] gmake[2]: Leaving directory '/workspace/action_data_offset_ws/build_aarch64/crb_ros_msg'
[1.431s] gmake[2]: Entering directory '/workspace/action_data_offset_ws/build_aarch64/crb_ros_msg'
[1.431s] gmake[2]: Nothing to be done for 'CMakeFiles/crb_ros_msg__rosidl_typesupport_fastrtps_c.dir/build'.
[1.431s] gmake[2]: Leaving directory '/workspace/action_data_offset_ws/build_aarch64/crb_ros_msg'
[1.432s] gmake[2]: Leaving directory '/workspace/action_data_offset_ws/build_aarch64/crb_ros_msg'
[1.432s] /usr/bin/gmake  -f CMakeFiles/crb_ros_msg__rosidl_typesupport_introspection_c.dir/build.make CMakeFiles/crb_ros_msg__rosidl_typesupport_introspection_c.dir/build
[1.433s] gmake[2]: Leaving directory '/workspace/action_data_offset_ws/build_aarch64/crb_ros_msg'
[1.434s] /usr/bin/gmake  -f CMakeFiles/crb_ros_msg__rosidl_typesupport_cpp.dir/build.make CMakeFiles/crb_ros_msg__rosidl_typesupport_cpp.dir/build
[1.435s] gmake[2]: Leaving directory '/workspace/action_data_offset_ws/build_aarch64/crb_ros_msg'
[1.435s] gmake[2]: Leaving directory '/workspace/action_data_offset_ws/build_aarch64/crb_ros_msg'
[1.435s] /usr/bin/gmake  -f CMakeFiles/ament_cmake_python_build_crb_ros_msg_egg.dir/build.make CMakeFiles/ament_cmake_python_build_crb_ros_msg_egg.dir/build
[1.435s] gmake[2]: Leaving directory '/workspace/action_data_offset_ws/build_aarch64/crb_ros_msg'
[1.435s] gmake[2]: Entering directory '/workspace/action_data_offset_ws/build_aarch64/crb_ros_msg'
[1.436s] gmake[2]: Nothing to be done for 'CMakeFiles/crb_ros_msg__rosidl_typesupport_introspection_c.dir/build'.
[1.436s] gmake[2]: Leaving directory '/workspace/action_data_offset_ws/build_aarch64/crb_ros_msg'
[1.436s] /usr/bin/gmake  -f CMakeFiles/crb_ros_msg__rosidl_typesupport_fastrtps_cpp.dir/build.make CMakeFiles/crb_ros_msg__rosidl_typesupport_fastrtps_cpp.dir/build
[1.436s] /usr/bin/gmake  -f CMakeFiles/crb_ros_msg__rosidl_typesupport_introspection_cpp.dir/build.make CMakeFiles/crb_ros_msg__rosidl_typesupport_introspection_cpp.dir/build
[1.436s] gmake[2]: Entering directory '/workspace/action_data_offset_ws/build_aarch64/crb_ros_msg'
[1.436s] cd /workspace/action_data_offset_ws/build_aarch64/crb_ros_msg/ament_cmake_python/crb_ros_msg && /usr/bin/python3 setup.py egg_info
[1.442s] [ 25%] Built target crb_ros_msg__rosidl_typesupport_fastrtps_c
[1.442s] [ 35%] Built target crb_ros_msg__rosidl_typesupport_c
[1.443s] gmake[2]: Entering directory '/workspace/action_data_offset_ws/build_aarch64/crb_ros_msg'
[1.443s] gmake[2]: Nothing to be done for 'CMakeFiles/crb_ros_msg__rosidl_typesupport_cpp.dir/build'.
[1.443s] gmake[2]: Leaving directory '/workspace/action_data_offset_ws/build_aarch64/crb_ros_msg'
[1.445s] gmake[2]: Entering directory '/workspace/action_data_offset_ws/build_aarch64/crb_ros_msg'
[1.445s] gmake[2]: Nothing to be done for 'CMakeFiles/crb_ros_msg__rosidl_typesupport_introspection_cpp.dir/build'.
[1.445s] gmake[2]: Leaving directory '/workspace/action_data_offset_ws/build_aarch64/crb_ros_msg'
[1.445s] gmake[2]: Entering directory '/workspace/action_data_offset_ws/build_aarch64/crb_ros_msg'
[1.445s] gmake[2]: Nothing to be done for 'CMakeFiles/crb_ros_msg__rosidl_typesupport_fastrtps_cpp.dir/build'.
[1.445s] gmake[2]: Leaving directory '/workspace/action_data_offset_ws/build_aarch64/crb_ros_msg'
[1.449s] [ 45%] Built target crb_ros_msg__rosidl_typesupport_introspection_c
[1.452s] [ 55%] Built target crb_ros_msg__rosidl_typesupport_cpp
[1.455s] [ 65%] Built target crb_ros_msg__rosidl_typesupport_fastrtps_cpp
[1.456s] [ 75%] Built target crb_ros_msg__rosidl_typesupport_introspection_cpp
[1.457s] /usr/bin/gmake  -f CMakeFiles/crb_ros_msg.dir/build.make CMakeFiles/crb_ros_msg.dir/depend
[1.459s] gmake[2]: Entering directory '/workspace/action_data_offset_ws/build_aarch64/crb_ros_msg'
[1.459s] cd /workspace/action_data_offset_ws/build_aarch64/crb_ros_msg && /usr/bin/cmake -E cmake_depends "Unix Makefiles" /workspace/action_data_offset_ws/src/crb_ros_msg /workspace/action_data_offset_ws/src/crb_ros_msg /workspace/action_data_offset_ws/build_aarch64/crb_ros_msg /workspace/action_data_offset_ws/build_aarch64/crb_ros_msg /workspace/action_data_offset_ws/build_aarch64/crb_ros_msg/CMakeFiles/crb_ros_msg.dir/DependInfo.cmake --color=
[1.469s] gmake[2]: Leaving directory '/workspace/action_data_offset_ws/build_aarch64/crb_ros_msg'
[1.469s] /usr/bin/gmake  -f CMakeFiles/crb_ros_msg.dir/build.make CMakeFiles/crb_ros_msg.dir/build
[1.471s] gmake[2]: Entering directory '/workspace/action_data_offset_ws/build_aarch64/crb_ros_msg'
[1.471s] gmake[2]: Nothing to be done for 'CMakeFiles/crb_ros_msg.dir/build'.
[1.471s] gmake[2]: Leaving directory '/workspace/action_data_offset_ws/build_aarch64/crb_ros_msg'
[1.480s] [ 75%] Built target crb_ros_msg
[1.481s] /usr/bin/gmake  -f crb_ros_msg__py/CMakeFiles/crb_ros_msg__py.dir/build.make crb_ros_msg__py/CMakeFiles/crb_ros_msg__py.dir/depend
[1.483s] gmake[2]: Entering directory '/workspace/action_data_offset_ws/build_aarch64/crb_ros_msg'
[1.483s] cd /workspace/action_data_offset_ws/build_aarch64/crb_ros_msg && /usr/bin/cmake -E cmake_depends "Unix Makefiles" /workspace/action_data_offset_ws/src/crb_ros_msg /workspace/action_data_offset_ws/build_aarch64/crb_ros_msg/crb_ros_msg__py /workspace/action_data_offset_ws/build_aarch64/crb_ros_msg /workspace/action_data_offset_ws/build_aarch64/crb_ros_msg/crb_ros_msg__py /workspace/action_data_offset_ws/build_aarch64/crb_ros_msg/crb_ros_msg__py/CMakeFiles/crb_ros_msg__py.dir/DependInfo.cmake --color=
[1.494s] gmake[2]: Leaving directory '/workspace/action_data_offset_ws/build_aarch64/crb_ros_msg'
[1.494s] /usr/bin/gmake  -f crb_ros_msg__py/CMakeFiles/crb_ros_msg__py.dir/build.make crb_ros_msg__py/CMakeFiles/crb_ros_msg__py.dir/build
[1.498s] gmake[2]: Entering directory '/workspace/action_data_offset_ws/build_aarch64/crb_ros_msg'
[1.498s] gmake[2]: Nothing to be done for 'crb_ros_msg__py/CMakeFiles/crb_ros_msg__py.dir/build'.
[1.498s] gmake[2]: Leaving directory '/workspace/action_data_offset_ws/build_aarch64/crb_ros_msg'
[1.507s] [ 77%] Built target crb_ros_msg__py
[1.508s] /usr/bin/gmake  -f CMakeFiles/crb_ros_msg__rosidl_generator_py.dir/build.make CMakeFiles/crb_ros_msg__rosidl_generator_py.dir/depend
[1.510s] gmake[2]: Entering directory '/workspace/action_data_offset_ws/build_aarch64/crb_ros_msg'
[1.510s] cd /workspace/action_data_offset_ws/build_aarch64/crb_ros_msg && /usr/bin/cmake -E cmake_depends "Unix Makefiles" /workspace/action_data_offset_ws/src/crb_ros_msg /workspace/action_data_offset_ws/src/crb_ros_msg /workspace/action_data_offset_ws/build_aarch64/crb_ros_msg /workspace/action_data_offset_ws/build_aarch64/crb_ros_msg /workspace/action_data_offset_ws/build_aarch64/crb_ros_msg/CMakeFiles/crb_ros_msg__rosidl_generator_py.dir/DependInfo.cmake --color=
[1.524s] Dependencies file "CMakeFiles/crb_ros_msg__rosidl_generator_py.dir/rosidl_generator_py/crb_ros_msg/action/_action_play_s.c.o.d" is newer than depends file "/workspace/action_data_offset_ws/build_aarch64/crb_ros_msg/CMakeFiles/crb_ros_msg__rosidl_generator_py.dir/compiler_depend.internal".
[1.524s] Dependencies file "CMakeFiles/crb_ros_msg__rosidl_generator_py.dir/rosidl_generator_py/crb_ros_msg/msg/_upper_joint_data_s.c.o.d" is newer than depends file "/workspace/action_data_offset_ws/build_aarch64/crb_ros_msg/CMakeFiles/crb_ros_msg__rosidl_generator_py.dir/compiler_depend.internal".
[1.525s] [35m[1mConsolidate compiler generated dependencies of target crb_ros_msg__rosidl_generator_py[0m
[1.531s] gmake[2]: Leaving directory '/workspace/action_data_offset_ws/build_aarch64/crb_ros_msg'
[1.531s] /usr/bin/gmake  -f CMakeFiles/crb_ros_msg__rosidl_generator_py.dir/build.make CMakeFiles/crb_ros_msg__rosidl_generator_py.dir/build
[1.539s] gmake[2]: Entering directory '/workspace/action_data_offset_ws/build_aarch64/crb_ros_msg'
[1.539s] gmake[2]: Nothing to be done for 'CMakeFiles/crb_ros_msg__rosidl_generator_py.dir/build'.
[1.539s] gmake[2]: Leaving directory '/workspace/action_data_offset_ws/build_aarch64/crb_ros_msg'
[1.552s] [ 85%] Built target crb_ros_msg__rosidl_generator_py
[1.552s] /usr/bin/gmake  -f CMakeFiles/crb_ros_msg__rosidl_typesupport_fastrtps_c__pyext.dir/build.make CMakeFiles/crb_ros_msg__rosidl_typesupport_fastrtps_c__pyext.dir/depend
[1.553s] /usr/bin/gmake  -f CMakeFiles/crb_ros_msg__rosidl_typesupport_introspection_c__pyext.dir/build.make CMakeFiles/crb_ros_msg__rosidl_typesupport_introspection_c__pyext.dir/depend
[1.553s] /usr/bin/gmake  -f CMakeFiles/crb_ros_msg__rosidl_typesupport_c__pyext.dir/build.make CMakeFiles/crb_ros_msg__rosidl_typesupport_c__pyext.dir/depend
[1.554s] gmake[2]: Entering directory '/workspace/action_data_offset_ws/build_aarch64/crb_ros_msg'
[1.555s] cd /workspace/action_data_offset_ws/build_aarch64/crb_ros_msg && /usr/bin/cmake -E cmake_depends "Unix Makefiles" /workspace/action_data_offset_ws/src/crb_ros_msg /workspace/action_data_offset_ws/src/crb_ros_msg /workspace/action_data_offset_ws/build_aarch64/crb_ros_msg /workspace/action_data_offset_ws/build_aarch64/crb_ros_msg /workspace/action_data_offset_ws/build_aarch64/crb_ros_msg/CMakeFiles/crb_ros_msg__rosidl_typesupport_introspection_c__pyext.dir/DependInfo.cmake --color=
[1.555s] gmake[2]: Entering directory '/workspace/action_data_offset_ws/build_aarch64/crb_ros_msg'
[1.555s] cd /workspace/action_data_offset_ws/build_aarch64/crb_ros_msg && /usr/bin/cmake -E cmake_depends "Unix Makefiles" /workspace/action_data_offset_ws/src/crb_ros_msg /workspace/action_data_offset_ws/src/crb_ros_msg /workspace/action_data_offset_ws/build_aarch64/crb_ros_msg /workspace/action_data_offset_ws/build_aarch64/crb_ros_msg /workspace/action_data_offset_ws/build_aarch64/crb_ros_msg/CMakeFiles/crb_ros_msg__rosidl_typesupport_fastrtps_c__pyext.dir/DependInfo.cmake --color=
[1.556s] gmake[2]: Entering directory '/workspace/action_data_offset_ws/build_aarch64/crb_ros_msg'
[1.556s] cd /workspace/action_data_offset_ws/build_aarch64/crb_ros_msg && /usr/bin/cmake -E cmake_depends "Unix Makefiles" /workspace/action_data_offset_ws/src/crb_ros_msg /workspace/action_data_offset_ws/src/crb_ros_msg /workspace/action_data_offset_ws/build_aarch64/crb_ros_msg /workspace/action_data_offset_ws/build_aarch64/crb_ros_msg /workspace/action_data_offset_ws/build_aarch64/crb_ros_msg/CMakeFiles/crb_ros_msg__rosidl_typesupport_c__pyext.dir/DependInfo.cmake --color=
[1.564s] Dependencies file "CMakeFiles/crb_ros_msg__rosidl_typesupport_fastrtps_c__pyext.dir/rosidl_generator_py/crb_ros_msg/_crb_ros_msg_s.ep.rosidl_typesupport_fastrtps_c.c.o.d" is newer than depends file "/workspace/action_data_offset_ws/build_aarch64/crb_ros_msg/CMakeFiles/crb_ros_msg__rosidl_typesupport_fastrtps_c__pyext.dir/compiler_depend.internal".
[1.564s] [35m[1mConsolidate compiler generated dependencies of target crb_ros_msg__rosidl_typesupport_fastrtps_c__pyext[0m
[1.565s] Dependencies file "CMakeFiles/crb_ros_msg__rosidl_typesupport_c__pyext.dir/rosidl_generator_py/crb_ros_msg/_crb_ros_msg_s.ep.rosidl_typesupport_c.c.o.d" is newer than depends file "/workspace/action_data_offset_ws/build_aarch64/crb_ros_msg/CMakeFiles/crb_ros_msg__rosidl_typesupport_c__pyext.dir/compiler_depend.internal".
[1.565s] [35m[1mConsolidate compiler generated dependencies of target crb_ros_msg__rosidl_typesupport_c__pyext[0m
[1.570s] Dependencies file "CMakeFiles/crb_ros_msg__rosidl_typesupport_introspection_c__pyext.dir/rosidl_generator_py/crb_ros_msg/_crb_ros_msg_s.ep.rosidl_typesupport_introspection_c.c.o.d" is newer than depends file "/workspace/action_data_offset_ws/build_aarch64/crb_ros_msg/CMakeFiles/crb_ros_msg__rosidl_typesupport_introspection_c__pyext.dir/compiler_depend.internal".
[1.570s] gmake[2]: Leaving directory '/workspace/action_data_offset_ws/build_aarch64/crb_ros_msg'
[1.570s] [35m[1mConsolidate compiler generated dependencies of target crb_ros_msg__rosidl_typesupport_introspection_c__pyext[0m
[1.570s] /usr/bin/gmake  -f CMakeFiles/crb_ros_msg__rosidl_typesupport_fastrtps_c__pyext.dir/build.make CMakeFiles/crb_ros_msg__rosidl_typesupport_fastrtps_c__pyext.dir/build
[1.572s] gmake[2]: Leaving directory '/workspace/action_data_offset_ws/build_aarch64/crb_ros_msg'
[1.572s] /usr/bin/gmake  -f CMakeFiles/crb_ros_msg__rosidl_typesupport_c__pyext.dir/build.make CMakeFiles/crb_ros_msg__rosidl_typesupport_c__pyext.dir/build
[1.575s] gmake[2]: Entering directory '/workspace/action_data_offset_ws/build_aarch64/crb_ros_msg'
[1.575s] gmake[2]: Nothing to be done for 'CMakeFiles/crb_ros_msg__rosidl_typesupport_fastrtps_c__pyext.dir/build'.
[1.575s] gmake[2]: Leaving directory '/workspace/action_data_offset_ws/build_aarch64/crb_ros_msg'
[1.580s] gmake[2]: Entering directory '/workspace/action_data_offset_ws/build_aarch64/crb_ros_msg'
[1.580s] gmake[2]: Nothing to be done for 'CMakeFiles/crb_ros_msg__rosidl_typesupport_c__pyext.dir/build'.
[1.580s] gmake[2]: Leaving directory '/workspace/action_data_offset_ws/build_aarch64/crb_ros_msg'
[1.580s] gmake[2]: Leaving directory '/workspace/action_data_offset_ws/build_aarch64/crb_ros_msg'
[1.580s] /usr/bin/gmake  -f CMakeFiles/crb_ros_msg__rosidl_typesupport_introspection_c__pyext.dir/build.make CMakeFiles/crb_ros_msg__rosidl_typesupport_introspection_c__pyext.dir/build
[1.583s] [ 90%] Built target crb_ros_msg__rosidl_typesupport_fastrtps_c__pyext
[1.587s] gmake[2]: Entering directory '/workspace/action_data_offset_ws/build_aarch64/crb_ros_msg'
[1.587s] gmake[2]: Nothing to be done for 'CMakeFiles/crb_ros_msg__rosidl_typesupport_introspection_c__pyext.dir/build'.
[1.587s] gmake[2]: Leaving directory '/workspace/action_data_offset_ws/build_aarch64/crb_ros_msg'
[1.590s] [ 95%] Built target crb_ros_msg__rosidl_typesupport_c__pyext
[1.601s] [100%] Built target crb_ros_msg__rosidl_typesupport_introspection_c__pyext
[1.647s] running egg_info
[1.648s] writing crb_ros_msg.egg-info/PKG-INFO
[1.648s] writing dependency_links to crb_ros_msg.egg-info/dependency_links.txt
[1.648s] writing top-level names to crb_ros_msg.egg-info/top_level.txt
[1.650s] reading manifest file 'crb_ros_msg.egg-info/SOURCES.txt'
[1.651s] writing manifest file 'crb_ros_msg.egg-info/SOURCES.txt'
[1.664s] gmake[2]: Leaving directory '/workspace/action_data_offset_ws/build_aarch64/crb_ros_msg'
[1.674s] [100%] Built target ament_cmake_python_build_crb_ros_msg_egg
[1.675s] gmake[1]: Leaving directory '/workspace/action_data_offset_ws/build_aarch64/crb_ros_msg'
[1.675s] /usr/bin/cmake -E cmake_progress_start /workspace/action_data_offset_ws/build_aarch64/crb_ros_msg/CMakeFiles 0
[1.690s] Invoked command in '/workspace/action_data_offset_ws/build/crb_ros_msg' returned '0': CMAKE_PREFIX_PATH=/opt/rootfs_2204_aarch64/opt/ros/humble /usr/bin/cmake --build /workspace/action_data_offset_ws/build/crb_ros_msg -- -j16 -l16
[1.701s] Invoking command in '/workspace/action_data_offset_ws/build/crb_ros_msg': CMAKE_PREFIX_PATH=/opt/rootfs_2204_aarch64/opt/ros/humble /usr/bin/cmake --install /workspace/action_data_offset_ws/build/crb_ros_msg
[1.709s] -- Install configuration: "Release"
[1.709s] -- Up-to-date: /workspace/action_data_offset_ws/install/share/ament_index/resource_index/rosidl_interfaces/crb_ros_msg
[1.710s] -- Up-to-date: /workspace/action_data_offset_ws/install/include/crb_ros_msg/crb_ros_msg
[1.710s] -- Up-to-date: /workspace/action_data_offset_ws/install/include/crb_ros_msg/crb_ros_msg/action
[1.710s] -- Up-to-date: /workspace/action_data_offset_ws/install/include/crb_ros_msg/crb_ros_msg/action/detail
[1.710s] -- Up-to-date: /workspace/action_data_offset_ws/install/include/crb_ros_msg/crb_ros_msg/action/detail/action_play__functions.c
[1.710s] -- Up-to-date: /workspace/action_data_offset_ws/install/include/crb_ros_msg/crb_ros_msg/action/detail/action_play__struct.h
[1.710s] -- Up-to-date: /workspace/action_data_offset_ws/install/include/crb_ros_msg/crb_ros_msg/action/detail/action_play__functions.h
[1.710s] -- Up-to-date: /workspace/action_data_offset_ws/install/include/crb_ros_msg/crb_ros_msg/action/detail/action_play__type_support.h
[1.710s] -- Up-to-date: /workspace/action_data_offset_ws/install/include/crb_ros_msg/crb_ros_msg/action/action_play.h
[1.711s] -- Up-to-date: /workspace/action_data_offset_ws/install/include/crb_ros_msg/crb_ros_msg/msg
[1.711s] -- Up-to-date: /workspace/action_data_offset_ws/install/include/crb_ros_msg/crb_ros_msg/msg/detail
[1.711s] -- Up-to-date: /workspace/action_data_offset_ws/install/include/crb_ros_msg/crb_ros_msg/msg/detail/upper_joint_data__functions.h
[1.711s] -- Up-to-date: /workspace/action_data_offset_ws/install/include/crb_ros_msg/crb_ros_msg/msg/detail/upper_joint_data__type_support.h
[1.711s] -- Up-to-date: /workspace/action_data_offset_ws/install/include/crb_ros_msg/crb_ros_msg/msg/detail/upper_joint_data__functions.c
[1.711s] -- Up-to-date: /workspace/action_data_offset_ws/install/include/crb_ros_msg/crb_ros_msg/msg/detail/upper_joint_data__struct.h
[1.711s] -- Up-to-date: /workspace/action_data_offset_ws/install/include/crb_ros_msg/crb_ros_msg/msg/rosidl_generator_c__visibility_control.h
[1.711s] -- Up-to-date: /workspace/action_data_offset_ws/install/include/crb_ros_msg/crb_ros_msg/msg/upper_joint_data.h
[1.712s] -- Up-to-date: /workspace/action_data_offset_ws/install/share/crb_ros_msg/environment/library_path.sh
[1.712s] -- Installing: /workspace/action_data_offset_ws/install/share/crb_ros_msg/environment/library_path.dsv
[1.712s] -- Up-to-date: /workspace/action_data_offset_ws/install/lib/libcrb_ros_msg__rosidl_generator_c.so
[1.712s] -- Up-to-date: /workspace/action_data_offset_ws/install/include/crb_ros_msg/crb_ros_msg
[1.712s] -- Up-to-date: /workspace/action_data_offset_ws/install/include/crb_ros_msg/crb_ros_msg/action
[1.712s] -- Up-to-date: /workspace/action_data_offset_ws/install/include/crb_ros_msg/crb_ros_msg/action/detail
[1.712s] -- Up-to-date: /workspace/action_data_offset_ws/install/include/crb_ros_msg/crb_ros_msg/action/detail/action_play__rosidl_typesupport_fastrtps_c.h
[1.712s] -- Up-to-date: /workspace/action_data_offset_ws/install/include/crb_ros_msg/crb_ros_msg/msg
[1.712s] -- Up-to-date: /workspace/action_data_offset_ws/install/include/crb_ros_msg/crb_ros_msg/msg/rosidl_typesupport_fastrtps_c__visibility_control.h
[1.713s] -- Up-to-date: /workspace/action_data_offset_ws/install/include/crb_ros_msg/crb_ros_msg/msg/detail
[1.713s] -- Up-to-date: /workspace/action_data_offset_ws/install/include/crb_ros_msg/crb_ros_msg/msg/detail/upper_joint_data__rosidl_typesupport_fastrtps_c.h
[1.713s] -- Up-to-date: /workspace/action_data_offset_ws/install/lib/libcrb_ros_msg__rosidl_typesupport_fastrtps_c.so
[1.713s] -- Up-to-date: /workspace/action_data_offset_ws/install/include/crb_ros_msg/crb_ros_msg
[1.713s] -- Up-to-date: /workspace/action_data_offset_ws/install/include/crb_ros_msg/crb_ros_msg/action
[1.713s] -- Up-to-date: /workspace/action_data_offset_ws/install/include/crb_ros_msg/crb_ros_msg/action/detail
[1.713s] -- Up-to-date: /workspace/action_data_offset_ws/install/include/crb_ros_msg/crb_ros_msg/action/detail/action_play__type_support.c
[1.714s] -- Up-to-date: /workspace/action_data_offset_ws/install/include/crb_ros_msg/crb_ros_msg/action/detail/action_play__rosidl_typesupport_introspection_c.h
[1.714s] -- Up-to-date: /workspace/action_data_offset_ws/install/include/crb_ros_msg/crb_ros_msg/msg
[1.714s] -- Up-to-date: /workspace/action_data_offset_ws/install/include/crb_ros_msg/crb_ros_msg/msg/detail
[1.714s] -- Up-to-date: /workspace/action_data_offset_ws/install/include/crb_ros_msg/crb_ros_msg/msg/detail/upper_joint_data__rosidl_typesupport_introspection_c.h
[1.714s] -- Up-to-date: /workspace/action_data_offset_ws/install/include/crb_ros_msg/crb_ros_msg/msg/detail/upper_joint_data__type_support.c
[1.714s] -- Up-to-date: /workspace/action_data_offset_ws/install/include/crb_ros_msg/crb_ros_msg/msg/rosidl_typesupport_introspection_c__visibility_control.h
[1.714s] -- Up-to-date: /workspace/action_data_offset_ws/install/lib/libcrb_ros_msg__rosidl_typesupport_introspection_c.so
[1.714s] -- Up-to-date: /workspace/action_data_offset_ws/install/lib/libcrb_ros_msg__rosidl_typesupport_c.so
[1.715s] -- Up-to-date: /workspace/action_data_offset_ws/install/include/crb_ros_msg/crb_ros_msg
[1.715s] -- Up-to-date: /workspace/action_data_offset_ws/install/include/crb_ros_msg/crb_ros_msg/action
[1.715s] -- Up-to-date: /workspace/action_data_offset_ws/install/include/crb_ros_msg/crb_ros_msg/action/detail
[1.715s] -- Up-to-date: /workspace/action_data_offset_ws/install/include/crb_ros_msg/crb_ros_msg/action/detail/action_play__traits.hpp
[1.715s] -- Up-to-date: /workspace/action_data_offset_ws/install/include/crb_ros_msg/crb_ros_msg/action/detail/action_play__type_support.hpp
[1.715s] -- Up-to-date: /workspace/action_data_offset_ws/install/include/crb_ros_msg/crb_ros_msg/action/detail/action_play__builder.hpp
[1.715s] -- Up-to-date: /workspace/action_data_offset_ws/install/include/crb_ros_msg/crb_ros_msg/action/detail/action_play__struct.hpp
[1.715s] -- Up-to-date: /workspace/action_data_offset_ws/install/include/crb_ros_msg/crb_ros_msg/action/action_play.hpp
[1.716s] -- Up-to-date: /workspace/action_data_offset_ws/install/include/crb_ros_msg/crb_ros_msg/msg
[1.716s] -- Up-to-date: /workspace/action_data_offset_ws/install/include/crb_ros_msg/crb_ros_msg/msg/detail
[1.716s] -- Up-to-date: /workspace/action_data_offset_ws/install/include/crb_ros_msg/crb_ros_msg/msg/detail/upper_joint_data__traits.hpp
[1.716s] -- Up-to-date: /workspace/action_data_offset_ws/install/include/crb_ros_msg/crb_ros_msg/msg/detail/upper_joint_data__type_support.hpp
[1.716s] -- Up-to-date: /workspace/action_data_offset_ws/install/include/crb_ros_msg/crb_ros_msg/msg/detail/upper_joint_data__struct.hpp
[1.716s] -- Up-to-date: /workspace/action_data_offset_ws/install/include/crb_ros_msg/crb_ros_msg/msg/detail/upper_joint_data__builder.hpp
[1.717s] -- Up-to-date: /workspace/action_data_offset_ws/install/include/crb_ros_msg/crb_ros_msg/msg/rosidl_generator_cpp__visibility_control.hpp
[1.717s] -- Up-to-date: /workspace/action_data_offset_ws/install/include/crb_ros_msg/crb_ros_msg/msg/upper_joint_data.hpp
[1.717s] -- Up-to-date: /workspace/action_data_offset_ws/install/include/crb_ros_msg/crb_ros_msg
[1.717s] -- Up-to-date: /workspace/action_data_offset_ws/install/include/crb_ros_msg/crb_ros_msg/action
[1.717s] -- Up-to-date: /workspace/action_data_offset_ws/install/include/crb_ros_msg/crb_ros_msg/action/detail
[1.717s] -- Up-to-date: /workspace/action_data_offset_ws/install/include/crb_ros_msg/crb_ros_msg/action/detail/action_play__rosidl_typesupport_fastrtps_cpp.hpp
[1.717s] -- Up-to-date: /workspace/action_data_offset_ws/install/include/crb_ros_msg/crb_ros_msg/action/detail/dds_fastrtps
[1.717s] -- Up-to-date: /workspace/action_data_offset_ws/install/include/crb_ros_msg/crb_ros_msg/msg
[1.718s] -- Up-to-date: /workspace/action_data_offset_ws/install/include/crb_ros_msg/crb_ros_msg/msg/detail
[1.718s] -- Up-to-date: /workspace/action_data_offset_ws/install/include/crb_ros_msg/crb_ros_msg/msg/detail/upper_joint_data__rosidl_typesupport_fastrtps_cpp.hpp
[1.718s] -- Up-to-date: /workspace/action_data_offset_ws/install/include/crb_ros_msg/crb_ros_msg/msg/detail/dds_fastrtps
[1.718s] -- Up-to-date: /workspace/action_data_offset_ws/install/include/crb_ros_msg/crb_ros_msg/msg/rosidl_typesupport_fastrtps_cpp__visibility_control.h
[1.718s] -- Up-to-date: /workspace/action_data_offset_ws/install/lib/libcrb_ros_msg__rosidl_typesupport_fastrtps_cpp.so
[1.718s] -- Up-to-date: /workspace/action_data_offset_ws/install/include/crb_ros_msg/crb_ros_msg
[1.718s] -- Up-to-date: /workspace/action_data_offset_ws/install/include/crb_ros_msg/crb_ros_msg/action
[1.718s] -- Up-to-date: /workspace/action_data_offset_ws/install/include/crb_ros_msg/crb_ros_msg/action/detail
[1.719s] -- Up-to-date: /workspace/action_data_offset_ws/install/include/crb_ros_msg/crb_ros_msg/action/detail/action_play__rosidl_typesupport_introspection_cpp.hpp
[1.719s] -- Up-to-date: /workspace/action_data_offset_ws/install/include/crb_ros_msg/crb_ros_msg/action/detail/action_play__type_support.cpp
[1.719s] -- Up-to-date: /workspace/action_data_offset_ws/install/include/crb_ros_msg/crb_ros_msg/msg
[1.719s] -- Up-to-date: /workspace/action_data_offset_ws/install/include/crb_ros_msg/crb_ros_msg/msg/detail
[1.719s] -- Up-to-date: /workspace/action_data_offset_ws/install/include/crb_ros_msg/crb_ros_msg/msg/detail/upper_joint_data__rosidl_typesupport_introspection_cpp.hpp
[1.719s] -- Up-to-date: /workspace/action_data_offset_ws/install/include/crb_ros_msg/crb_ros_msg/msg/detail/upper_joint_data__type_support.cpp
[1.719s] -- Up-to-date: /workspace/action_data_offset_ws/install/lib/libcrb_ros_msg__rosidl_typesupport_introspection_cpp.so
[1.719s] -- Up-to-date: /workspace/action_data_offset_ws/install/lib/libcrb_ros_msg__rosidl_typesupport_cpp.so
[1.719s] -- Up-to-date: /workspace/action_data_offset_ws/install/share/crb_ros_msg/environment/pythonpath.sh
[1.720s] -- Installing: /workspace/action_data_offset_ws/install/share/crb_ros_msg/environment/pythonpath.dsv
[1.720s] -- Up-to-date: /workspace/action_data_offset_ws/install/local/lib/python3.10/dist-packages/crb_ros_msg-0.1.0-py3.10.egg-info
[1.720s] -- Installing: /workspace/action_data_offset_ws/install/local/lib/python3.10/dist-packages/crb_ros_msg-0.1.0-py3.10.egg-info/PKG-INFO
[1.720s] -- Installing: /workspace/action_data_offset_ws/install/local/lib/python3.10/dist-packages/crb_ros_msg-0.1.0-py3.10.egg-info/dependency_links.txt
[1.720s] -- Installing: /workspace/action_data_offset_ws/install/local/lib/python3.10/dist-packages/crb_ros_msg-0.1.0-py3.10.egg-info/SOURCES.txt
[1.720s] -- Installing: /workspace/action_data_offset_ws/install/local/lib/python3.10/dist-packages/crb_ros_msg-0.1.0-py3.10.egg-info/top_level.txt
[1.720s] -- Up-to-date: /workspace/action_data_offset_ws/install/local/lib/python3.10/dist-packages/crb_ros_msg
[1.720s] -- Up-to-date: /workspace/action_data_offset_ws/install/local/lib/python3.10/dist-packages/crb_ros_msg/libcrb_ros_msg__rosidl_generator_py.so
[1.720s] -- Installing: /workspace/action_data_offset_ws/install/local/lib/python3.10/dist-packages/crb_ros_msg/crb_ros_msg_s__rosidl_typesupport_introspection_c.cpython-310-x86_64-linux-gnu.so
[1.720s] -- Up-to-date: /workspace/action_data_offset_ws/install/local/lib/python3.10/dist-packages/crb_ros_msg/_crb_ros_msg_s.ep.rosidl_typesupport_fastrtps_c.c
[1.721s] -- Up-to-date: /workspace/action_data_offset_ws/install/local/lib/python3.10/dist-packages/crb_ros_msg/_crb_ros_msg_s.ep.rosidl_typesupport_c.c
[1.721s] -- Up-to-date: /workspace/action_data_offset_ws/install/local/lib/python3.10/dist-packages/crb_ros_msg/action
[1.721s] -- Up-to-date: /workspace/action_data_offset_ws/install/local/lib/python3.10/dist-packages/crb_ros_msg/action/_action_play.py
[1.721s] -- Up-to-date: /workspace/action_data_offset_ws/install/local/lib/python3.10/dist-packages/crb_ros_msg/action/__init__.py
[1.721s] -- Up-to-date: /workspace/action_data_offset_ws/install/local/lib/python3.10/dist-packages/crb_ros_msg/action/_action_play_s.c
[1.721s] -- Installing: /workspace/action_data_offset_ws/install/local/lib/python3.10/dist-packages/crb_ros_msg/__init__.py
[1.721s] -- Up-to-date: /workspace/action_data_offset_ws/install/local/lib/python3.10/dist-packages/crb_ros_msg/msg
[1.721s] -- Up-to-date: /workspace/action_data_offset_ws/install/local/lib/python3.10/dist-packages/crb_ros_msg/msg/_upper_joint_data.py
[1.721s] -- Up-to-date: /workspace/action_data_offset_ws/install/local/lib/python3.10/dist-packages/crb_ros_msg/msg/_upper_joint_data_s.c
[1.722s] -- Up-to-date: /workspace/action_data_offset_ws/install/local/lib/python3.10/dist-packages/crb_ros_msg/msg/__init__.py
[1.722s] -- Installing: /workspace/action_data_offset_ws/install/local/lib/python3.10/dist-packages/crb_ros_msg/crb_ros_msg_s__rosidl_typesupport_fastrtps_c.cpython-310-x86_64-linux-gnu.so
[1.722s] -- Installing: /workspace/action_data_offset_ws/install/local/lib/python3.10/dist-packages/crb_ros_msg/crb_ros_msg_s__rosidl_typesupport_c.cpython-310-x86_64-linux-gnu.so
[1.722s] -- Up-to-date: /workspace/action_data_offset_ws/install/local/lib/python3.10/dist-packages/crb_ros_msg/_crb_ros_msg_s.ep.rosidl_typesupport_introspection_c.c
[1.744s] Listing '/workspace/action_data_offset_ws/install/local/lib/python3.10/dist-packages/crb_ros_msg'...
[1.744s] Compiling '/workspace/action_data_offset_ws/install/local/lib/python3.10/dist-packages/crb_ros_msg/__init__.py'...
[1.744s] Listing '/workspace/action_data_offset_ws/install/local/lib/python3.10/dist-packages/crb_ros_msg/action'...
[1.744s] Listing '/workspace/action_data_offset_ws/install/local/lib/python3.10/dist-packages/crb_ros_msg/msg'...
[1.747s] -- Installing: /workspace/action_data_offset_ws/install/local/lib/python3.10/dist-packages/crb_ros_msg/crb_ros_msg_s__rosidl_typesupport_fastrtps_c.cpython-310-x86_64-linux-gnu.so
[1.748s] -- Set runtime path of "/workspace/action_data_offset_ws/install/local/lib/python3.10/dist-packages/crb_ros_msg/crb_ros_msg_s__rosidl_typesupport_fastrtps_c.cpython-310-x86_64-linux-gnu.so" to ""
[1.748s] -- Installing: /workspace/action_data_offset_ws/install/local/lib/python3.10/dist-packages/crb_ros_msg/crb_ros_msg_s__rosidl_typesupport_introspection_c.cpython-310-x86_64-linux-gnu.so
[1.749s] -- Set runtime path of "/workspace/action_data_offset_ws/install/local/lib/python3.10/dist-packages/crb_ros_msg/crb_ros_msg_s__rosidl_typesupport_introspection_c.cpython-310-x86_64-linux-gnu.so" to ""
[1.749s] -- Installing: /workspace/action_data_offset_ws/install/local/lib/python3.10/dist-packages/crb_ros_msg/crb_ros_msg_s__rosidl_typesupport_c.cpython-310-x86_64-linux-gnu.so
[1.750s] -- Set runtime path of "/workspace/action_data_offset_ws/install/local/lib/python3.10/dist-packages/crb_ros_msg/crb_ros_msg_s__rosidl_typesupport_c.cpython-310-x86_64-linux-gnu.so" to ""
[1.750s] -- Up-to-date: /workspace/action_data_offset_ws/install/lib/libcrb_ros_msg__rosidl_generator_py.so
[1.750s] -- Up-to-date: /workspace/action_data_offset_ws/install/share/ament_index/resource_index/rust_packages/crb_ros_msg
[1.751s] -- Up-to-date: /workspace/action_data_offset_ws/install/share/crb_ros_msg/rust
[1.751s] -- Up-to-date: /workspace/action_data_offset_ws/install/share/crb_ros_msg/rust/src
[1.751s] -- Up-to-date: /workspace/action_data_offset_ws/install/share/crb_ros_msg/rust/src/action.rs
[1.751s] -- Up-to-date: /workspace/action_data_offset_ws/install/share/crb_ros_msg/rust/src/lib.rs
[1.751s] -- Up-to-date: /workspace/action_data_offset_ws/install/share/crb_ros_msg/rust/src/action
[1.751s] -- Up-to-date: /workspace/action_data_offset_ws/install/share/crb_ros_msg/rust/src/action/rmw.rs
[1.751s] -- Up-to-date: /workspace/action_data_offset_ws/install/share/crb_ros_msg/rust/src/msg.rs
[1.752s] -- Up-to-date: /workspace/action_data_offset_ws/install/share/crb_ros_msg/rust/src/msg
[1.752s] -- Up-to-date: /workspace/action_data_offset_ws/install/share/crb_ros_msg/rust/src/msg/rmw.rs
[1.752s] -- Up-to-date: /workspace/action_data_offset_ws/install/share/crb_ros_msg/rust/build.rs
[1.752s] -- Up-to-date: /workspace/action_data_offset_ws/install/share/crb_ros_msg/rust/Cargo.toml
[1.752s] -- Up-to-date: /workspace/action_data_offset_ws/install/share/crb_ros_msg/msg/UpperJointData.idl
[1.752s] -- Up-to-date: /workspace/action_data_offset_ws/install/share/crb_ros_msg/action/ActionPlay.idl
[1.752s] -- Up-to-date: /workspace/action_data_offset_ws/install/share/crb_ros_msg/msg/UpperJointData.msg
[1.752s] -- Up-to-date: /workspace/action_data_offset_ws/install/share/crb_ros_msg/action/ActionPlay.action
[1.753s] -- Up-to-date: /workspace/action_data_offset_ws/install/share/ament_index/resource_index/package_run_dependencies/crb_ros_msg
[1.753s] -- Installing: /workspace/action_data_offset_ws/install/share/ament_index/resource_index/parent_prefix_path/crb_ros_msg
[1.753s] -- Up-to-date: /workspace/action_data_offset_ws/install/share/crb_ros_msg/environment/ament_prefix_path.sh
[1.753s] -- Installing: /workspace/action_data_offset_ws/install/share/crb_ros_msg/environment/ament_prefix_path.dsv
[1.753s] -- Up-to-date: /workspace/action_data_offset_ws/install/share/crb_ros_msg/environment/path.sh
[1.753s] -- Installing: /workspace/action_data_offset_ws/install/share/crb_ros_msg/environment/path.dsv
[1.753s] -- Up-to-date: /workspace/action_data_offset_ws/install/share/crb_ros_msg/local_setup.bash
[1.753s] -- Up-to-date: /workspace/action_data_offset_ws/install/share/crb_ros_msg/local_setup.sh
[1.754s] -- Up-to-date: /workspace/action_data_offset_ws/install/share/crb_ros_msg/local_setup.zsh
[1.754s] -- Installing: /workspace/action_data_offset_ws/install/share/crb_ros_msg/local_setup.dsv
[1.754s] -- Installing: /workspace/action_data_offset_ws/install/share/crb_ros_msg/package.dsv
[1.754s] -- Up-to-date: /workspace/action_data_offset_ws/install/share/ament_index/resource_index/packages/crb_ros_msg
[1.754s] -- Up-to-date: /workspace/action_data_offset_ws/install/share/crb_ros_msg/cmake/export_crb_ros_msg__rosidl_generator_cExport.cmake
[1.754s] -- Up-to-date: /workspace/action_data_offset_ws/install/share/crb_ros_msg/cmake/export_crb_ros_msg__rosidl_generator_cExport-release.cmake
[1.754s] -- Up-to-date: /workspace/action_data_offset_ws/install/share/crb_ros_msg/cmake/export_crb_ros_msg__rosidl_typesupport_fastrtps_cExport.cmake
[1.754s] -- Up-to-date: /workspace/action_data_offset_ws/install/share/crb_ros_msg/cmake/export_crb_ros_msg__rosidl_typesupport_fastrtps_cExport-release.cmake
[1.754s] -- Up-to-date: /workspace/action_data_offset_ws/install/share/crb_ros_msg/cmake/crb_ros_msg__rosidl_typesupport_introspection_cExport.cmake
[1.755s] -- Up-to-date: /workspace/action_data_offset_ws/install/share/crb_ros_msg/cmake/crb_ros_msg__rosidl_typesupport_introspection_cExport-release.cmake
[1.755s] -- Up-to-date: /workspace/action_data_offset_ws/install/share/crb_ros_msg/cmake/crb_ros_msg__rosidl_typesupport_cExport.cmake
[1.755s] -- Up-to-date: /workspace/action_data_offset_ws/install/share/crb_ros_msg/cmake/crb_ros_msg__rosidl_typesupport_cExport-release.cmake
[1.755s] -- Up-to-date: /workspace/action_data_offset_ws/install/share/crb_ros_msg/cmake/export_crb_ros_msg__rosidl_generator_cppExport.cmake
[1.755s] -- Up-to-date: /workspace/action_data_offset_ws/install/share/crb_ros_msg/cmake/export_crb_ros_msg__rosidl_typesupport_fastrtps_cppExport.cmake
[1.755s] -- Up-to-date: /workspace/action_data_offset_ws/install/share/crb_ros_msg/cmake/export_crb_ros_msg__rosidl_typesupport_fastrtps_cppExport-release.cmake
[1.755s] -- Up-to-date: /workspace/action_data_offset_ws/install/share/crb_ros_msg/cmake/crb_ros_msg__rosidl_typesupport_introspection_cppExport.cmake
[1.755s] -- Up-to-date: /workspace/action_data_offset_ws/install/share/crb_ros_msg/cmake/crb_ros_msg__rosidl_typesupport_introspection_cppExport-release.cmake
[1.755s] -- Up-to-date: /workspace/action_data_offset_ws/install/share/crb_ros_msg/cmake/crb_ros_msg__rosidl_typesupport_cppExport.cmake
[1.756s] -- Up-to-date: /workspace/action_data_offset_ws/install/share/crb_ros_msg/cmake/crb_ros_msg__rosidl_typesupport_cppExport-release.cmake
[1.756s] -- Up-to-date: /workspace/action_data_offset_ws/install/share/crb_ros_msg/cmake/export_crb_ros_msg__rosidl_generator_pyExport.cmake
[1.756s] -- Up-to-date: /workspace/action_data_offset_ws/install/share/crb_ros_msg/cmake/export_crb_ros_msg__rosidl_generator_pyExport-release.cmake
[1.757s] -- Up-to-date: /workspace/action_data_offset_ws/install/share/crb_ros_msg/cmake/rosidl_cmake-extras.cmake
[1.757s] -- Up-to-date: /workspace/action_data_offset_ws/install/share/crb_ros_msg/cmake/ament_cmake_export_dependencies-extras.cmake
[1.757s] -- Up-to-date: /workspace/action_data_offset_ws/install/share/crb_ros_msg/cmake/ament_cmake_export_include_directories-extras.cmake
[1.757s] -- Up-to-date: /workspace/action_data_offset_ws/install/share/crb_ros_msg/cmake/ament_cmake_export_libraries-extras.cmake
[1.758s] -- Up-to-date: /workspace/action_data_offset_ws/install/share/crb_ros_msg/cmake/ament_cmake_export_targets-extras.cmake
[1.758s] -- Up-to-date: /workspace/action_data_offset_ws/install/share/crb_ros_msg/cmake/rosidl_cmake_export_typesupport_targets-extras.cmake
[1.758s] -- Up-to-date: /workspace/action_data_offset_ws/install/share/crb_ros_msg/cmake/rosidl_cmake_export_typesupport_libraries-extras.cmake
[1.758s] -- Up-to-date: /workspace/action_data_offset_ws/install/share/crb_ros_msg/cmake/crb_ros_msgConfig.cmake
[1.758s] -- Up-to-date: /workspace/action_data_offset_ws/install/share/crb_ros_msg/cmake/crb_ros_msgConfig-version.cmake
[1.758s] -- Up-to-date: /workspace/action_data_offset_ws/install/share/crb_ros_msg/package.xml
[1.759s] Invoked command in '/workspace/action_data_offset_ws/build/crb_ros_msg' returned '0': CMAKE_PREFIX_PATH=/opt/rootfs_2204_aarch64/opt/ros/humble /usr/bin/cmake --install /workspace/action_data_offset_ws/build/crb_ros_msg
