[0.096s] DEBUG:colcon:Command line arguments: ['/usr/local/bin/colcon', 'build', '--merge-install', '--cmake-force-configure', '--packages-skip', 'beverage_demo', '--parallel-workers', '12', '--event', 'console_direct+', '--base-paths', 'src/', '--cmake-args', '-DCMAKE_VERBOSE_MAKEFILE:BOOL=ON', '-DCMAKE_TOOLCHAIN_FILE=/workspace/action_data_offset_ws/docker_env/environment/cmake-toolchains/generic_aarch64.cmake', '-DSECURITY=ON', '-DBUILD_TESTING=OFF']
[0.096s] DEBUG:colcon:Parsed command line arguments: Namespace(log_base=None, log_level=None, verb_name='build', build_base='build', install_base='install', merge_install=True, symlink_install=False, test_result_base=None, continue_on_error=False, executor='parallel', parallel_workers=12, event_handlers=['console_direct+'], ignore_user_meta=False, metas=['./colcon.meta'], base_paths=['src/'], packages_ignore=None, packages_ignore_regex=None, paths=None, packages_up_to=None, packages_up_to_regex=None, packages_above=None, packages_above_and_dependencies=None, packages_above_depth=None, packages_select_by_dep=None, packages_skip_by_dep=None, packages_skip_up_to=None, packages_select_build_failed=False, packages_skip_build_finished=False, packages_select_test_failures=False, packages_skip_test_passed=False, packages_select=None, packages_skip=['beverage_demo'], packages_select_regex=None, packages_skip_regex=None, packages_start=None, packages_end=None, cmake_args=['-DCMAKE_VERBOSE_MAKEFILE:BOOL=ON', '-DCMAKE_TOOLCHAIN_FILE=/workspace/action_data_offset_ws/docker_env/environment/cmake-toolchains/generic_aarch64.cmake', '-DSECURITY=ON', '-DBUILD_TESTING=OFF'], cmake_target=None, cmake_target_skip_unavailable=False, cmake_clean_cache=False, cmake_clean_first=False, cmake_force_configure=True, ament_cmake_args=None, catkin_cmake_args=None, catkin_skip_building_tests=False, verb_parser=<colcon_defaults.argument_parser.defaults.DefaultArgumentsDecorator object at 0x76e3f416d390>, verb_extension=<colcon_core.verb.build.BuildVerb object at 0x76e3f416ccd0>, main=<bound method BuildVerb.main of <colcon_core.verb.build.BuildVerb object at 0x76e3f416ccd0>>)
[0.180s] Level 1:colcon.colcon_core.package_discovery:discover_packages(colcon_meta) check parameters
[0.180s] Level 1:colcon.colcon_core.package_discovery:discover_packages(recursive) check parameters
[0.180s] Level 1:colcon.colcon_core.package_discovery:discover_packages(ignore) check parameters
[0.180s] Level 1:colcon.colcon_core.package_discovery:discover_packages(path) check parameters
[0.180s] Level 1:colcon.colcon_core.package_discovery:discover_packages(recursive) discover
[0.180s] INFO:colcon.colcon_core.package_discovery:Crawling recursively for packages in '/workspace/action_data_offset_ws/src'
[0.180s] Level 1:colcon.colcon_core.package_identification:_identify(src) by extensions ['ignore', 'ignore_ament_install']
[0.180s] Level 1:colcon.colcon_core.package_identification:_identify(src) by extension 'ignore'
[0.180s] Level 1:colcon.colcon_core.package_identification:_identify(src) by extension 'ignore_ament_install'
[0.180s] Level 1:colcon.colcon_core.package_identification:_identify(src) by extensions ['colcon_pkg']
[0.180s] Level 1:colcon.colcon_core.package_identification:_identify(src) by extension 'colcon_pkg'
[0.180s] Level 1:colcon.colcon_core.package_identification:_identify(src) by extensions ['colcon_meta']
[0.180s] Level 1:colcon.colcon_core.package_identification:_identify(src) by extension 'colcon_meta'
[0.180s] Level 1:colcon.colcon_core.package_identification:_identify(src) by extensions ['ros']
[0.180s] Level 1:colcon.colcon_core.package_identification:_identify(src) by extension 'ros'
[0.188s] Level 1:colcon.colcon_core.package_identification:_identify(src) by extensions ['cmake', 'python']
[0.188s] Level 1:colcon.colcon_core.package_identification:_identify(src) by extension 'cmake'
[0.188s] Level 1:colcon.colcon_core.package_identification:_identify(src) by extension 'python'
[0.188s] Level 1:colcon.colcon_core.package_identification:_identify(src) by extensions ['python_setup_py']
[0.188s] Level 1:colcon.colcon_core.package_identification:_identify(src) by extension 'python_setup_py'
[0.188s] Level 1:colcon.colcon_core.package_identification:_identify(src/action_data_offset) by extensions ['ignore', 'ignore_ament_install']
[0.188s] Level 1:colcon.colcon_core.package_identification:_identify(src/action_data_offset) by extension 'ignore'
[0.188s] Level 1:colcon.colcon_core.package_identification:_identify(src/action_data_offset) by extension 'ignore_ament_install'
[0.188s] Level 1:colcon.colcon_core.package_identification:_identify(src/action_data_offset) by extensions ['colcon_pkg']
[0.188s] Level 1:colcon.colcon_core.package_identification:_identify(src/action_data_offset) by extension 'colcon_pkg'
[0.188s] Level 1:colcon.colcon_core.package_identification:_identify(src/action_data_offset) by extensions ['colcon_meta']
[0.188s] Level 1:colcon.colcon_core.package_identification:_identify(src/action_data_offset) by extension 'colcon_meta'
[0.188s] Level 1:colcon.colcon_core.package_identification:_identify(src/action_data_offset) by extensions ['ros']
[0.188s] Level 1:colcon.colcon_core.package_identification:_identify(src/action_data_offset) by extension 'ros'
[0.190s] DEBUG:colcon.colcon_core.package_identification:Package 'src/action_data_offset' with type 'ros.ament_python' and name 'action_data_offset'
[0.190s] Level 1:colcon.colcon_core.package_identification:_identify(src/casbot_arm_calibration_web) by extensions ['ignore', 'ignore_ament_install']
[0.190s] Level 1:colcon.colcon_core.package_identification:_identify(src/casbot_arm_calibration_web) by extension 'ignore'
[0.190s] Level 1:colcon.colcon_core.package_identification:_identify(src/casbot_arm_calibration_web) by extension 'ignore_ament_install'
[0.190s] Level 1:colcon.colcon_core.package_identification:_identify(src/casbot_arm_calibration_web) by extensions ['colcon_pkg']
[0.190s] Level 1:colcon.colcon_core.package_identification:_identify(src/casbot_arm_calibration_web) by extension 'colcon_pkg'
[0.190s] Level 1:colcon.colcon_core.package_identification:_identify(src/casbot_arm_calibration_web) by extensions ['colcon_meta']
[0.190s] Level 1:colcon.colcon_core.package_identification:_identify(src/casbot_arm_calibration_web) by extension 'colcon_meta'
[0.190s] Level 1:colcon.colcon_core.package_identification:_identify(src/casbot_arm_calibration_web) by extensions ['ros']
[0.190s] Level 1:colcon.colcon_core.package_identification:_identify(src/casbot_arm_calibration_web) by extension 'ros'
[0.191s] DEBUG:colcon.colcon_core.package_identification:Package 'src/casbot_arm_calibration_web' with type 'ros.ament_python' and name 'casbot_arm_calibration_web'
[0.191s] Level 1:colcon.colcon_core.package_identification:_identify(src/crb_ros_msg) by extensions ['ignore', 'ignore_ament_install']
[0.191s] Level 1:colcon.colcon_core.package_identification:_identify(src/crb_ros_msg) by extension 'ignore'
[0.191s] Level 1:colcon.colcon_core.package_identification:_identify(src/crb_ros_msg) by extension 'ignore_ament_install'
[0.191s] Level 1:colcon.colcon_core.package_identification:_identify(src/crb_ros_msg) by extensions ['colcon_pkg']
[0.191s] Level 1:colcon.colcon_core.package_identification:_identify(src/crb_ros_msg) by extension 'colcon_pkg'
[0.191s] Level 1:colcon.colcon_core.package_identification:_identify(src/crb_ros_msg) by extensions ['colcon_meta']
[0.191s] Level 1:colcon.colcon_core.package_identification:_identify(src/crb_ros_msg) by extension 'colcon_meta'
[0.191s] Level 1:colcon.colcon_core.package_identification:_identify(src/crb_ros_msg) by extensions ['ros']
[0.191s] Level 1:colcon.colcon_core.package_identification:_identify(src/crb_ros_msg) by extension 'ros'
[0.192s] DEBUG:colcon.colcon_core.package_identification:Package 'src/crb_ros_msg' with type 'ros.ament_cmake' and name 'crb_ros_msg'
[0.192s] Level 1:colcon.colcon_core.package_discovery:discover_packages(recursive) using defaults
[0.192s] WARNING:colcon.colcon_core.package_selection:ignoring unknown package 'beverage_demo' in --packages-skip
[0.206s] Level 5:colcon.colcon_core.verb:set package 'action_data_offset' build argument 'cmake_args' from command line to '['-DCMAKE_VERBOSE_MAKEFILE:BOOL=ON', '-DCMAKE_TOOLCHAIN_FILE=/workspace/action_data_offset_ws/docker_env/environment/cmake-toolchains/generic_aarch64.cmake', '-DSECURITY=ON', '-DBUILD_TESTING=OFF']'
[0.206s] Level 5:colcon.colcon_core.verb:set package 'action_data_offset' build argument 'cmake_target' from command line to 'None'
[0.206s] Level 5:colcon.colcon_core.verb:set package 'action_data_offset' build argument 'cmake_target_skip_unavailable' from command line to 'False'
[0.206s] Level 5:colcon.colcon_core.verb:set package 'action_data_offset' build argument 'cmake_clean_cache' from command line to 'False'
[0.206s] Level 5:colcon.colcon_core.verb:set package 'action_data_offset' build argument 'cmake_clean_first' from command line to 'False'
[0.206s] Level 5:colcon.colcon_core.verb:set package 'action_data_offset' build argument 'cmake_force_configure' from command line to 'True'
[0.206s] Level 5:colcon.colcon_core.verb:set package 'action_data_offset' build argument 'ament_cmake_args' from command line to 'None'
[0.206s] Level 5:colcon.colcon_core.verb:set package 'action_data_offset' build argument 'catkin_cmake_args' from command line to 'None'
[0.206s] Level 5:colcon.colcon_core.verb:set package 'action_data_offset' build argument 'catkin_skip_building_tests' from command line to 'False'
[0.206s] DEBUG:colcon.colcon_core.verb:Building package 'action_data_offset' with the following arguments: {'ament_cmake_args': None, 'build_base': '/workspace/action_data_offset_ws/build/action_data_offset', 'catkin_cmake_args': None, 'catkin_skip_building_tests': False, 'cmake_args': ['-DCMAKE_VERBOSE_MAKEFILE:BOOL=ON', '-DCMAKE_TOOLCHAIN_FILE=/workspace/action_data_offset_ws/docker_env/environment/cmake-toolchains/generic_aarch64.cmake', '-DSECURITY=ON', '-DBUILD_TESTING=OFF'], 'cmake_clean_cache': False, 'cmake_clean_first': False, 'cmake_force_configure': True, 'cmake_target': None, 'cmake_target_skip_unavailable': False, 'install_base': '/workspace/action_data_offset_ws/install', 'merge_install': True, 'path': '/workspace/action_data_offset_ws/src/action_data_offset', 'symlink_install': False, 'test_result_base': None}
[0.206s] Level 5:colcon.colcon_core.verb:set package 'crb_ros_msg' build argument 'cmake_args' from command line to '['-DCMAKE_VERBOSE_MAKEFILE:BOOL=ON', '-DCMAKE_TOOLCHAIN_FILE=/workspace/action_data_offset_ws/docker_env/environment/cmake-toolchains/generic_aarch64.cmake', '-DSECURITY=ON', '-DBUILD_TESTING=OFF']'
[0.206s] Level 5:colcon.colcon_core.verb:set package 'crb_ros_msg' build argument 'cmake_target' from command line to 'None'
[0.206s] Level 5:colcon.colcon_core.verb:set package 'crb_ros_msg' build argument 'cmake_target_skip_unavailable' from command line to 'False'
[0.206s] Level 5:colcon.colcon_core.verb:set package 'crb_ros_msg' build argument 'cmake_clean_cache' from command line to 'False'
[0.206s] Level 5:colcon.colcon_core.verb:set package 'crb_ros_msg' build argument 'cmake_clean_first' from command line to 'False'
[0.206s] Level 5:colcon.colcon_core.verb:set package 'crb_ros_msg' build argument 'cmake_force_configure' from command line to 'True'
[0.206s] Level 5:colcon.colcon_core.verb:set package 'crb_ros_msg' build argument 'ament_cmake_args' from command line to 'None'
[0.206s] Level 5:colcon.colcon_core.verb:set package 'crb_ros_msg' build argument 'catkin_cmake_args' from command line to 'None'
[0.206s] Level 5:colcon.colcon_core.verb:set package 'crb_ros_msg' build argument 'catkin_skip_building_tests' from command line to 'False'
[0.207s] DEBUG:colcon.colcon_core.verb:Building package 'crb_ros_msg' with the following arguments: {'ament_cmake_args': None, 'build_base': '/workspace/action_data_offset_ws/build/crb_ros_msg', 'catkin_cmake_args': None, 'catkin_skip_building_tests': False, 'cmake_args': ['-DCMAKE_VERBOSE_MAKEFILE:BOOL=ON', '-DCMAKE_TOOLCHAIN_FILE=/workspace/action_data_offset_ws/docker_env/environment/cmake-toolchains/generic_aarch64.cmake', '-DSECURITY=ON', '-DBUILD_TESTING=OFF'], 'cmake_clean_cache': False, 'cmake_clean_first': False, 'cmake_force_configure': True, 'cmake_target': None, 'cmake_target_skip_unavailable': False, 'install_base': '/workspace/action_data_offset_ws/install', 'merge_install': True, 'path': '/workspace/action_data_offset_ws/src/crb_ros_msg', 'symlink_install': False, 'test_result_base': None}
[0.207s] Level 5:colcon.colcon_core.verb:set package 'casbot_arm_calibration_web' build argument 'cmake_args' from command line to '['-DCMAKE_VERBOSE_MAKEFILE:BOOL=ON', '-DCMAKE_TOOLCHAIN_FILE=/workspace/action_data_offset_ws/docker_env/environment/cmake-toolchains/generic_aarch64.cmake', '-DSECURITY=ON', '-DBUILD_TESTING=OFF']'
[0.207s] Level 5:colcon.colcon_core.verb:set package 'casbot_arm_calibration_web' build argument 'cmake_target' from command line to 'None'
[0.207s] Level 5:colcon.colcon_core.verb:set package 'casbot_arm_calibration_web' build argument 'cmake_target_skip_unavailable' from command line to 'False'
[0.207s] Level 5:colcon.colcon_core.verb:set package 'casbot_arm_calibration_web' build argument 'cmake_clean_cache' from command line to 'False'
[0.207s] Level 5:colcon.colcon_core.verb:set package 'casbot_arm_calibration_web' build argument 'cmake_clean_first' from command line to 'False'
[0.207s] Level 5:colcon.colcon_core.verb:set package 'casbot_arm_calibration_web' build argument 'cmake_force_configure' from command line to 'True'
[0.207s] Level 5:colcon.colcon_core.verb:set package 'casbot_arm_calibration_web' build argument 'ament_cmake_args' from command line to 'None'
[0.207s] Level 5:colcon.colcon_core.verb:set package 'casbot_arm_calibration_web' build argument 'catkin_cmake_args' from command line to 'None'
[0.207s] Level 5:colcon.colcon_core.verb:set package 'casbot_arm_calibration_web' build argument 'catkin_skip_building_tests' from command line to 'False'
[0.207s] DEBUG:colcon.colcon_core.verb:Building package 'casbot_arm_calibration_web' with the following arguments: {'ament_cmake_args': None, 'build_base': '/workspace/action_data_offset_ws/build/casbot_arm_calibration_web', 'catkin_cmake_args': None, 'catkin_skip_building_tests': False, 'cmake_args': ['-DCMAKE_VERBOSE_MAKEFILE:BOOL=ON', '-DCMAKE_TOOLCHAIN_FILE=/workspace/action_data_offset_ws/docker_env/environment/cmake-toolchains/generic_aarch64.cmake', '-DSECURITY=ON', '-DBUILD_TESTING=OFF'], 'cmake_clean_cache': False, 'cmake_clean_first': False, 'cmake_force_configure': True, 'cmake_target': None, 'cmake_target_skip_unavailable': False, 'install_base': '/workspace/action_data_offset_ws/install', 'merge_install': True, 'path': '/workspace/action_data_offset_ws/src/casbot_arm_calibration_web', 'symlink_install': False, 'test_result_base': None}
[0.207s] INFO:colcon.colcon_core.executor:Executing jobs using 'parallel' executor
[0.208s] DEBUG:colcon.colcon_parallel_executor.executor.parallel:run_until_complete
[0.208s] INFO:colcon.colcon_ros.task.ament_python.build:Building ROS package in '/workspace/action_data_offset_ws/src/action_data_offset' with build type 'ament_python'
[0.209s] Level 1:colcon.colcon_core.shell:create_environment_hook('action_data_offset', 'ament_prefix_path')
[0.211s] INFO:colcon.colcon_core.plugin_system:Skipping extension 'colcon_core.shell.bat': Not used on non-Windows systems
[0.211s] INFO:colcon.colcon_core.shell:Creating environment hook '/workspace/action_data_offset_ws/install/share/action_data_offset/hook/ament_prefix_path.ps1'
[0.212s] INFO:colcon.colcon_core.shell:Creating environment descriptor '/workspace/action_data_offset_ws/install/share/action_data_offset/hook/ament_prefix_path.dsv'
[0.212s] INFO:colcon.colcon_core.shell:Creating environment hook '/workspace/action_data_offset_ws/install/share/action_data_offset/hook/ament_prefix_path.sh'
[0.212s] INFO:colcon.colcon_core.shell:Skip shell extension 'powershell' for command environment: Not usable outside of PowerShell
[0.212s] DEBUG:colcon.colcon_core.shell:Skip shell extension 'dsv' for command environment
[0.215s] INFO:colcon.colcon_ros.task.ament_cmake.build:Building ROS package in '/workspace/action_data_offset_ws/src/crb_ros_msg' with build type 'ament_cmake'
[0.215s] INFO:colcon.colcon_cmake.task.cmake.build:Building CMake package in '/workspace/action_data_offset_ws/src/crb_ros_msg'
[0.215s] INFO:colcon.colcon_core.shell:Skip shell extension 'powershell' for command environment: Not usable outside of PowerShell
[0.215s] DEBUG:colcon.colcon_core.shell:Skip shell extension 'dsv' for command environment
[0.377s] INFO:colcon.colcon_core.task.python.build:Building Python package in '/workspace/action_data_offset_ws/src/action_data_offset'
[0.377s] INFO:colcon.colcon_core.shell:Skip shell extension 'powershell' for command environment: Not usable outside of PowerShell
[0.377s] DEBUG:colcon.colcon_core.shell:Skip shell extension 'dsv' for command environment
[0.382s] DEBUG:colcon.colcon_core.event_handler.log_command:Invoking command in '/workspace/action_data_offset_ws/build/crb_ros_msg': CMAKE_PREFIX_PATH=/opt/rootfs_2204_aarch64/opt/ros/humble /usr/bin/cmake /workspace/action_data_offset_ws/src/crb_ros_msg -DCMAKE_VERBOSE_MAKEFILE:BOOL=ON -DCMAKE_TOOLCHAIN_FILE=/workspace/action_data_offset_ws/docker_env/environment/cmake-toolchains/generic_aarch64.cmake -DSECURITY=ON -DBUILD_TESTING=OFF -DCMAKE_INSTALL_PREFIX=/workspace/action_data_offset_ws/install
[0.597s] DEBUG:colcon.colcon_core.event_handler.log_command:Invoking command in '/workspace/action_data_offset_ws/src/action_data_offset': PYTHONPATH=/workspace/action_data_offset_ws/build/action_data_offset/prefix_override:/usr/local/lib/python3.10/dist-packages/colcon_core/task/python/colcon_distutils_commands:/workspace/action_data_offset_ws/install/lib/python3.10/site-packages:${PYTHONPATH} /usr/bin/python3 -W ignore:setup.py install is deprecated -W ignore:easy_install command is deprecated setup.py egg_info --egg-base ../../build_aarch64/action_data_offset build --build-base /workspace/action_data_offset_ws/build/action_data_offset/build install --record /workspace/action_data_offset_ws/build/action_data_offset/install.log --single-version-externally-managed install_data
[0.803s] DEBUG:colcon.colcon_core.event_handler.log_command:Invoked command in '/workspace/action_data_offset_ws/src/action_data_offset' returned '0': PYTHONPATH=/workspace/action_data_offset_ws/build/action_data_offset/prefix_override:/usr/local/lib/python3.10/dist-packages/colcon_core/task/python/colcon_distutils_commands:/workspace/action_data_offset_ws/install/lib/python3.10/site-packages:${PYTHONPATH} /usr/bin/python3 -W ignore:setup.py install is deprecated -W ignore:easy_install command is deprecated setup.py egg_info --egg-base ../../build_aarch64/action_data_offset build --build-base /workspace/action_data_offset_ws/build/action_data_offset/build install --record /workspace/action_data_offset_ws/build/action_data_offset/install.log --single-version-externally-managed install_data
[0.804s] Level 1:colcon.colcon_core.environment:checking '/workspace/action_data_offset_ws/install' for CMake module files
[0.805s] Level 1:colcon.colcon_core.environment:checking '/workspace/action_data_offset_ws/install' for CMake config files
[0.806s] Level 1:colcon.colcon_core.shell:create_environment_hook('action_data_offset', 'cmake_prefix_path')
[0.806s] INFO:colcon.colcon_core.shell:Creating environment hook '/workspace/action_data_offset_ws/install/share/action_data_offset/hook/cmake_prefix_path.ps1'
[0.806s] INFO:colcon.colcon_core.shell:Creating environment descriptor '/workspace/action_data_offset_ws/install/share/action_data_offset/hook/cmake_prefix_path.dsv'
[0.807s] INFO:colcon.colcon_core.shell:Creating environment hook '/workspace/action_data_offset_ws/install/share/action_data_offset/hook/cmake_prefix_path.sh'
[0.807s] Level 1:colcon.colcon_core.environment:checking '/workspace/action_data_offset_ws/install/lib'
[0.807s] Level 1:colcon.colcon_core.shell:create_environment_hook('action_data_offset', 'ld_library_path_lib')
[0.807s] INFO:colcon.colcon_core.shell:Creating environment hook '/workspace/action_data_offset_ws/install/share/action_data_offset/hook/ld_library_path_lib.ps1'
[0.808s] INFO:colcon.colcon_core.shell:Creating environment descriptor '/workspace/action_data_offset_ws/install/share/action_data_offset/hook/ld_library_path_lib.dsv'
[0.808s] INFO:colcon.colcon_core.shell:Creating environment hook '/workspace/action_data_offset_ws/install/share/action_data_offset/hook/ld_library_path_lib.sh'
[0.808s] Level 1:colcon.colcon_core.environment:checking '/workspace/action_data_offset_ws/install/bin'
[0.808s] Level 1:colcon.colcon_core.shell:create_environment_hook('action_data_offset', 'path')
[0.808s] INFO:colcon.colcon_core.shell:Creating environment hook '/workspace/action_data_offset_ws/install/share/action_data_offset/hook/path.ps1'
[0.809s] INFO:colcon.colcon_core.shell:Creating environment descriptor '/workspace/action_data_offset_ws/install/share/action_data_offset/hook/path.dsv'
[0.809s] INFO:colcon.colcon_core.shell:Creating environment hook '/workspace/action_data_offset_ws/install/share/action_data_offset/hook/path.sh'
[0.809s] Level 1:colcon.colcon_core.environment:checking '/workspace/action_data_offset_ws/install/lib/pkgconfig/action_data_offset.pc'
[0.809s] Level 1:colcon.colcon_core.environment:checking '/workspace/action_data_offset_ws/install/lib/python3.10/site-packages'
[0.809s] Level 1:colcon.colcon_core.shell:create_environment_hook('action_data_offset', 'pythonpath')
[0.809s] INFO:colcon.colcon_core.shell:Creating environment hook '/workspace/action_data_offset_ws/install/share/action_data_offset/hook/pythonpath.ps1'
[0.810s] INFO:colcon.colcon_core.shell:Creating environment descriptor '/workspace/action_data_offset_ws/install/share/action_data_offset/hook/pythonpath.dsv'
[0.810s] INFO:colcon.colcon_core.shell:Creating environment hook '/workspace/action_data_offset_ws/install/share/action_data_offset/hook/pythonpath.sh'
[0.810s] Level 1:colcon.colcon_core.environment:checking '/workspace/action_data_offset_ws/install/bin'
[0.811s] Level 1:colcon.colcon_core.shell:create_environment_hook('action_data_offset', 'pythonscriptspath')
[0.811s] INFO:colcon.colcon_core.shell:Creating environment hook '/workspace/action_data_offset_ws/install/share/action_data_offset/hook/pythonscriptspath.ps1'
[0.811s] INFO:colcon.colcon_core.shell:Creating environment descriptor '/workspace/action_data_offset_ws/install/share/action_data_offset/hook/pythonscriptspath.dsv'
[0.811s] INFO:colcon.colcon_core.shell:Creating environment hook '/workspace/action_data_offset_ws/install/share/action_data_offset/hook/pythonscriptspath.sh'
[0.812s] Level 1:colcon.colcon_core.environment:create_environment_scripts_only(action_data_offset)
[0.812s] INFO:colcon.colcon_core.shell:Creating package script '/workspace/action_data_offset_ws/install/share/action_data_offset/package.ps1'
[0.812s] INFO:colcon.colcon_core.shell:Creating package descriptor '/workspace/action_data_offset_ws/install/share/action_data_offset/package.dsv'
[0.813s] INFO:colcon.colcon_core.shell:Creating package script '/workspace/action_data_offset_ws/install/share/action_data_offset/package.sh'
[0.813s] INFO:colcon.colcon_core.shell:Creating package script '/workspace/action_data_offset_ws/install/share/action_data_offset/package.bash'
[0.814s] INFO:colcon.colcon_core.shell:Creating package script '/workspace/action_data_offset_ws/install/share/action_data_offset/package.zsh'
[0.814s] Level 1:colcon.colcon_core.environment:create_file_with_runtime_dependencies(/workspace/action_data_offset_ws/install/share/colcon-core/packages/action_data_offset)
[1.551s] DEBUG:colcon.colcon_core.event_handler.log_command:Invoked command in '/workspace/action_data_offset_ws/build/crb_ros_msg' returned '0': CMAKE_PREFIX_PATH=/opt/rootfs_2204_aarch64/opt/ros/humble /usr/bin/cmake /workspace/action_data_offset_ws/src/crb_ros_msg -DCMAKE_VERBOSE_MAKEFILE:BOOL=ON -DCMAKE_TOOLCHAIN_FILE=/workspace/action_data_offset_ws/docker_env/environment/cmake-toolchains/generic_aarch64.cmake -DSECURITY=ON -DBUILD_TESTING=OFF -DCMAKE_INSTALL_PREFIX=/workspace/action_data_offset_ws/install
[1.554s] DEBUG:colcon.colcon_core.event_handler.log_command:Invoking command in '/workspace/action_data_offset_ws/build/crb_ros_msg': CMAKE_PREFIX_PATH=/opt/rootfs_2204_aarch64/opt/ros/humble /usr/bin/cmake --build /workspace/action_data_offset_ws/build/crb_ros_msg -- -j16 -l16
[1.900s] DEBUG:colcon.colcon_core.event_handler.log_command:Invoked command in '/workspace/action_data_offset_ws/build/crb_ros_msg' returned '0': CMAKE_PREFIX_PATH=/opt/rootfs_2204_aarch64/opt/ros/humble /usr/bin/cmake --build /workspace/action_data_offset_ws/build/crb_ros_msg -- -j16 -l16
[1.914s] DEBUG:colcon.colcon_core.event_handler.log_command:Invoking command in '/workspace/action_data_offset_ws/build/crb_ros_msg': CMAKE_PREFIX_PATH=/opt/rootfs_2204_aarch64/opt/ros/humble /usr/bin/cmake --install /workspace/action_data_offset_ws/build/crb_ros_msg
[1.985s] Level 1:colcon.colcon_core.environment:create_environment_scripts_only(crb_ros_msg)
[1.986s] Level 1:colcon.colcon_core.environment:checking '/workspace/action_data_offset_ws/install' for CMake module files
[1.989s] Level 1:colcon.colcon_core.environment:checking '/workspace/action_data_offset_ws/install' for CMake config files
[1.989s] DEBUG:colcon.colcon_core.event_handler.log_command:Invoked command in '/workspace/action_data_offset_ws/build/crb_ros_msg' returned '0': CMAKE_PREFIX_PATH=/opt/rootfs_2204_aarch64/opt/ros/humble /usr/bin/cmake --install /workspace/action_data_offset_ws/build/crb_ros_msg
[1.990s] Level 1:colcon.colcon_core.shell:create_environment_hook('crb_ros_msg', 'cmake_prefix_path')
[1.990s] INFO:colcon.colcon_core.shell:Creating environment hook '/workspace/action_data_offset_ws/install/share/crb_ros_msg/hook/cmake_prefix_path.ps1'
[1.991s] INFO:colcon.colcon_core.shell:Creating environment descriptor '/workspace/action_data_offset_ws/install/share/crb_ros_msg/hook/cmake_prefix_path.dsv'
[1.991s] INFO:colcon.colcon_core.shell:Creating environment hook '/workspace/action_data_offset_ws/install/share/crb_ros_msg/hook/cmake_prefix_path.sh'
[1.991s] Level 1:colcon.colcon_core.environment:checking '/workspace/action_data_offset_ws/install/lib'
[1.992s] Level 1:colcon.colcon_core.shell:create_environment_hook('crb_ros_msg', 'ld_library_path_lib')
[1.992s] INFO:colcon.colcon_core.shell:Creating environment hook '/workspace/action_data_offset_ws/install/share/crb_ros_msg/hook/ld_library_path_lib.ps1'
[1.992s] INFO:colcon.colcon_core.shell:Creating environment descriptor '/workspace/action_data_offset_ws/install/share/crb_ros_msg/hook/ld_library_path_lib.dsv'
[1.992s] INFO:colcon.colcon_core.shell:Creating environment hook '/workspace/action_data_offset_ws/install/share/crb_ros_msg/hook/ld_library_path_lib.sh'
[1.993s] Level 1:colcon.colcon_core.environment:checking '/workspace/action_data_offset_ws/install/bin'
[1.993s] Level 1:colcon.colcon_core.shell:create_environment_hook('crb_ros_msg', 'path')
[1.993s] INFO:colcon.colcon_core.shell:Creating environment hook '/workspace/action_data_offset_ws/install/share/crb_ros_msg/hook/path.ps1'
[1.993s] INFO:colcon.colcon_core.shell:Creating environment descriptor '/workspace/action_data_offset_ws/install/share/crb_ros_msg/hook/path.dsv'
[1.994s] INFO:colcon.colcon_core.shell:Creating environment hook '/workspace/action_data_offset_ws/install/share/crb_ros_msg/hook/path.sh'
[1.994s] Level 1:colcon.colcon_core.environment:checking '/workspace/action_data_offset_ws/install/lib/pkgconfig/crb_ros_msg.pc'
[1.994s] Level 1:colcon.colcon_core.environment:checking '/workspace/action_data_offset_ws/install/lib/python3.10/site-packages'
[1.994s] Level 1:colcon.colcon_core.shell:create_environment_hook('crb_ros_msg', 'pythonpath')
[1.994s] INFO:colcon.colcon_core.shell:Creating environment hook '/workspace/action_data_offset_ws/install/share/crb_ros_msg/hook/pythonpath.ps1'
[1.995s] INFO:colcon.colcon_core.shell:Creating environment descriptor '/workspace/action_data_offset_ws/install/share/crb_ros_msg/hook/pythonpath.dsv'
[1.995s] INFO:colcon.colcon_core.shell:Creating environment hook '/workspace/action_data_offset_ws/install/share/crb_ros_msg/hook/pythonpath.sh'
[1.995s] Level 1:colcon.colcon_core.environment:checking '/workspace/action_data_offset_ws/install/bin'
[1.996s] Level 1:colcon.colcon_core.shell:create_environment_hook('crb_ros_msg', 'pythonscriptspath')
[1.996s] INFO:colcon.colcon_core.shell:Creating environment hook '/workspace/action_data_offset_ws/install/share/crb_ros_msg/hook/pythonscriptspath.ps1'
[1.997s] INFO:colcon.colcon_core.shell:Creating environment descriptor '/workspace/action_data_offset_ws/install/share/crb_ros_msg/hook/pythonscriptspath.dsv'
[1.997s] INFO:colcon.colcon_core.shell:Creating environment hook '/workspace/action_data_offset_ws/install/share/crb_ros_msg/hook/pythonscriptspath.sh'
[1.997s] INFO:colcon.colcon_core.shell:Creating package script '/workspace/action_data_offset_ws/install/share/crb_ros_msg/package.ps1'
[1.998s] INFO:colcon.colcon_core.shell:Creating package descriptor '/workspace/action_data_offset_ws/install/share/crb_ros_msg/package.dsv'
[1.998s] INFO:colcon.colcon_core.shell:Creating package script '/workspace/action_data_offset_ws/install/share/crb_ros_msg/package.sh'
[1.999s] INFO:colcon.colcon_core.shell:Creating package script '/workspace/action_data_offset_ws/install/share/crb_ros_msg/package.bash'
[1.999s] INFO:colcon.colcon_core.shell:Creating package script '/workspace/action_data_offset_ws/install/share/crb_ros_msg/package.zsh'
[1.999s] Level 1:colcon.colcon_core.environment:create_file_with_runtime_dependencies(/workspace/action_data_offset_ws/install/share/colcon-core/packages/crb_ros_msg)
[2.000s] Level 1:colcon.colcon_core.environment:create_environment_scripts_only(crb_ros_msg)
[2.000s] Level 1:colcon.colcon_core.environment:checking '/workspace/action_data_offset_ws/install' for CMake module files
[2.001s] Level 1:colcon.colcon_core.environment:checking '/workspace/action_data_offset_ws/install' for CMake config files
[2.001s] Level 1:colcon.colcon_core.shell:create_environment_hook('crb_ros_msg', 'cmake_prefix_path')
[2.002s] INFO:colcon.colcon_core.shell:Creating environment hook '/workspace/action_data_offset_ws/install/share/crb_ros_msg/hook/cmake_prefix_path.ps1'
[2.002s] INFO:colcon.colcon_core.shell:Creating environment descriptor '/workspace/action_data_offset_ws/install/share/crb_ros_msg/hook/cmake_prefix_path.dsv'
[2.002s] INFO:colcon.colcon_core.shell:Creating environment hook '/workspace/action_data_offset_ws/install/share/crb_ros_msg/hook/cmake_prefix_path.sh'
[2.003s] Level 1:colcon.colcon_core.environment:checking '/workspace/action_data_offset_ws/install/lib'
[2.003s] Level 1:colcon.colcon_core.shell:create_environment_hook('crb_ros_msg', 'ld_library_path_lib')
[2.003s] INFO:colcon.colcon_core.shell:Creating environment hook '/workspace/action_data_offset_ws/install/share/crb_ros_msg/hook/ld_library_path_lib.ps1'
[2.003s] INFO:colcon.colcon_core.shell:Creating environment descriptor '/workspace/action_data_offset_ws/install/share/crb_ros_msg/hook/ld_library_path_lib.dsv'
[2.004s] INFO:colcon.colcon_core.shell:Creating environment hook '/workspace/action_data_offset_ws/install/share/crb_ros_msg/hook/ld_library_path_lib.sh'
[2.004s] Level 1:colcon.colcon_core.environment:checking '/workspace/action_data_offset_ws/install/bin'
[2.004s] Level 1:colcon.colcon_core.shell:create_environment_hook('crb_ros_msg', 'path')
[2.004s] INFO:colcon.colcon_core.shell:Creating environment hook '/workspace/action_data_offset_ws/install/share/crb_ros_msg/hook/path.ps1'
[2.005s] INFO:colcon.colcon_core.shell:Creating environment descriptor '/workspace/action_data_offset_ws/install/share/crb_ros_msg/hook/path.dsv'
[2.005s] INFO:colcon.colcon_core.shell:Creating environment hook '/workspace/action_data_offset_ws/install/share/crb_ros_msg/hook/path.sh'
[2.005s] Level 1:colcon.colcon_core.environment:checking '/workspace/action_data_offset_ws/install/lib/pkgconfig/crb_ros_msg.pc'
[2.005s] Level 1:colcon.colcon_core.environment:checking '/workspace/action_data_offset_ws/install/lib/python3.10/site-packages'
[2.005s] Level 1:colcon.colcon_core.shell:create_environment_hook('crb_ros_msg', 'pythonpath')
[2.006s] INFO:colcon.colcon_core.shell:Creating environment hook '/workspace/action_data_offset_ws/install/share/crb_ros_msg/hook/pythonpath.ps1'
[2.006s] INFO:colcon.colcon_core.shell:Creating environment descriptor '/workspace/action_data_offset_ws/install/share/crb_ros_msg/hook/pythonpath.dsv'
[2.006s] INFO:colcon.colcon_core.shell:Creating environment hook '/workspace/action_data_offset_ws/install/share/crb_ros_msg/hook/pythonpath.sh'
[2.007s] Level 1:colcon.colcon_core.environment:checking '/workspace/action_data_offset_ws/install/bin'
[2.007s] Level 1:colcon.colcon_core.shell:create_environment_hook('crb_ros_msg', 'pythonscriptspath')
[2.007s] INFO:colcon.colcon_core.shell:Creating environment hook '/workspace/action_data_offset_ws/install/share/crb_ros_msg/hook/pythonscriptspath.ps1'
[2.007s] INFO:colcon.colcon_core.shell:Creating environment descriptor '/workspace/action_data_offset_ws/install/share/crb_ros_msg/hook/pythonscriptspath.dsv'
[2.007s] INFO:colcon.colcon_core.shell:Creating environment hook '/workspace/action_data_offset_ws/install/share/crb_ros_msg/hook/pythonscriptspath.sh'
[2.008s] INFO:colcon.colcon_core.shell:Creating package script '/workspace/action_data_offset_ws/install/share/crb_ros_msg/package.ps1'
[2.008s] INFO:colcon.colcon_core.shell:Creating package descriptor '/workspace/action_data_offset_ws/install/share/crb_ros_msg/package.dsv'
[2.009s] INFO:colcon.colcon_core.shell:Creating package script '/workspace/action_data_offset_ws/install/share/crb_ros_msg/package.sh'
[2.009s] INFO:colcon.colcon_core.shell:Creating package script '/workspace/action_data_offset_ws/install/share/crb_ros_msg/package.bash'
[2.010s] INFO:colcon.colcon_core.shell:Creating package script '/workspace/action_data_offset_ws/install/share/crb_ros_msg/package.zsh'
[2.010s] Level 1:colcon.colcon_core.environment:create_file_with_runtime_dependencies(/workspace/action_data_offset_ws/install/share/colcon-core/packages/crb_ros_msg)
[2.011s] INFO:colcon.colcon_ros.task.ament_python.build:Building ROS package in '/workspace/action_data_offset_ws/src/casbot_arm_calibration_web' with build type 'ament_python'
[2.011s] Level 1:colcon.colcon_core.shell:create_environment_hook('casbot_arm_calibration_web', 'ament_prefix_path')
[2.011s] INFO:colcon.colcon_core.shell:Creating environment hook '/workspace/action_data_offset_ws/install/share/casbot_arm_calibration_web/hook/ament_prefix_path.ps1'
[2.013s] INFO:colcon.colcon_core.shell:Creating environment descriptor '/workspace/action_data_offset_ws/install/share/casbot_arm_calibration_web/hook/ament_prefix_path.dsv'
[2.013s] INFO:colcon.colcon_core.shell:Creating environment hook '/workspace/action_data_offset_ws/install/share/casbot_arm_calibration_web/hook/ament_prefix_path.sh'
[2.014s] INFO:colcon.colcon_core.shell:Skip shell extension 'powershell' for command environment: Not usable outside of PowerShell
[2.014s] DEBUG:colcon.colcon_core.shell:Skip shell extension 'dsv' for command environment
[2.245s] WARNING:colcon.colcon_ros.task.ament_python.build:Package 'casbot_arm_calibration_web' doesn't explicitly install a marker in the package index (colcon-ros currently does it implicitly but that fallback will be removed in the future)
[2.245s] INFO:colcon.colcon_core.task.python.build:Building Python package in '/workspace/action_data_offset_ws/src/casbot_arm_calibration_web'
[2.246s] INFO:colcon.colcon_core.shell:Skip shell extension 'powershell' for command environment: Not usable outside of PowerShell
[2.246s] DEBUG:colcon.colcon_core.shell:Skip shell extension 'dsv' for command environment
[2.523s] DEBUG:colcon.colcon_core.event_handler.log_command:Invoking command in '/workspace/action_data_offset_ws/src/casbot_arm_calibration_web': AMENT_PREFIX_PATH=/workspace/action_data_offset_ws/install:${AMENT_PREFIX_PATH} CMAKE_PREFIX_PATH=/workspace/action_data_offset_ws/install LD_LIBRARY_PATH=/workspace/action_data_offset_ws/install/lib:${LD_LIBRARY_PATH} PATH=/workspace/action_data_offset_ws/install/bin:${PATH} PYTHONPATH=/workspace/action_data_offset_ws/build/casbot_arm_calibration_web/prefix_override:/usr/local/lib/python3.10/dist-packages/colcon_core/task/python/colcon_distutils_commands:/workspace/action_data_offset_ws/install/lib/python3.10/site-packages:/workspace/action_data_offset_ws/install/local/lib/python3.10/dist-packages:/workspace/action_data_offset_ws/install/lib/python3.10/site-packages:${PYTHONPATH} /usr/bin/python3 -W ignore:setup.py install is deprecated -W ignore:easy_install command is deprecated setup.py egg_info --egg-base ../../build_aarch64/casbot_arm_calibration_web build --build-base /workspace/action_data_offset_ws/build/casbot_arm_calibration_web/build install --record /workspace/action_data_offset_ws/build/casbot_arm_calibration_web/install.log --single-version-externally-managed install_data
[2.723s] Level 1:colcon.colcon_core.environment:checking '/workspace/action_data_offset_ws/install' for CMake module files
[2.724s] DEBUG:colcon.colcon_core.event_handler.log_command:Invoked command in '/workspace/action_data_offset_ws/src/casbot_arm_calibration_web' returned '0': AMENT_PREFIX_PATH=/workspace/action_data_offset_ws/install:${AMENT_PREFIX_PATH} CMAKE_PREFIX_PATH=/workspace/action_data_offset_ws/install LD_LIBRARY_PATH=/workspace/action_data_offset_ws/install/lib:${LD_LIBRARY_PATH} PATH=/workspace/action_data_offset_ws/install/bin:${PATH} PYTHONPATH=/workspace/action_data_offset_ws/build/casbot_arm_calibration_web/prefix_override:/usr/local/lib/python3.10/dist-packages/colcon_core/task/python/colcon_distutils_commands:/workspace/action_data_offset_ws/install/lib/python3.10/site-packages:/workspace/action_data_offset_ws/install/local/lib/python3.10/dist-packages:/workspace/action_data_offset_ws/install/lib/python3.10/site-packages:${PYTHONPATH} /usr/bin/python3 -W ignore:setup.py install is deprecated -W ignore:easy_install command is deprecated setup.py egg_info --egg-base ../../build_aarch64/casbot_arm_calibration_web build --build-base /workspace/action_data_offset_ws/build/casbot_arm_calibration_web/build install --record /workspace/action_data_offset_ws/build/casbot_arm_calibration_web/install.log --single-version-externally-managed install_data
[2.724s] Level 1:colcon.colcon_core.environment:checking '/workspace/action_data_offset_ws/install' for CMake config files
[2.726s] Level 1:colcon.colcon_core.shell:create_environment_hook('casbot_arm_calibration_web', 'cmake_prefix_path')
[2.726s] INFO:colcon.colcon_core.shell:Creating environment hook '/workspace/action_data_offset_ws/install/share/casbot_arm_calibration_web/hook/cmake_prefix_path.ps1'
[2.726s] INFO:colcon.colcon_core.shell:Creating environment descriptor '/workspace/action_data_offset_ws/install/share/casbot_arm_calibration_web/hook/cmake_prefix_path.dsv'
[2.727s] INFO:colcon.colcon_core.shell:Creating environment hook '/workspace/action_data_offset_ws/install/share/casbot_arm_calibration_web/hook/cmake_prefix_path.sh'
[2.727s] Level 1:colcon.colcon_core.environment:checking '/workspace/action_data_offset_ws/install/lib'
[2.727s] Level 1:colcon.colcon_core.shell:create_environment_hook('casbot_arm_calibration_web', 'ld_library_path_lib')
[2.727s] INFO:colcon.colcon_core.shell:Creating environment hook '/workspace/action_data_offset_ws/install/share/casbot_arm_calibration_web/hook/ld_library_path_lib.ps1'
[2.728s] INFO:colcon.colcon_core.shell:Creating environment descriptor '/workspace/action_data_offset_ws/install/share/casbot_arm_calibration_web/hook/ld_library_path_lib.dsv'
[2.728s] INFO:colcon.colcon_core.shell:Creating environment hook '/workspace/action_data_offset_ws/install/share/casbot_arm_calibration_web/hook/ld_library_path_lib.sh'
[2.728s] Level 1:colcon.colcon_core.environment:checking '/workspace/action_data_offset_ws/install/bin'
[2.728s] Level 1:colcon.colcon_core.shell:create_environment_hook('casbot_arm_calibration_web', 'path')
[2.729s] INFO:colcon.colcon_core.shell:Creating environment hook '/workspace/action_data_offset_ws/install/share/casbot_arm_calibration_web/hook/path.ps1'
[2.729s] INFO:colcon.colcon_core.shell:Creating environment descriptor '/workspace/action_data_offset_ws/install/share/casbot_arm_calibration_web/hook/path.dsv'
[2.729s] INFO:colcon.colcon_core.shell:Creating environment hook '/workspace/action_data_offset_ws/install/share/casbot_arm_calibration_web/hook/path.sh'
[2.729s] Level 1:colcon.colcon_core.environment:checking '/workspace/action_data_offset_ws/install/lib/pkgconfig/casbot_arm_calibration_web.pc'
[2.730s] Level 1:colcon.colcon_core.environment:checking '/workspace/action_data_offset_ws/install/lib/python3.10/site-packages'
[2.730s] Level 1:colcon.colcon_core.shell:create_environment_hook('casbot_arm_calibration_web', 'pythonpath')
[2.730s] INFO:colcon.colcon_core.shell:Creating environment hook '/workspace/action_data_offset_ws/install/share/casbot_arm_calibration_web/hook/pythonpath.ps1'
[2.730s] INFO:colcon.colcon_core.shell:Creating environment descriptor '/workspace/action_data_offset_ws/install/share/casbot_arm_calibration_web/hook/pythonpath.dsv'
[2.730s] INFO:colcon.colcon_core.shell:Creating environment hook '/workspace/action_data_offset_ws/install/share/casbot_arm_calibration_web/hook/pythonpath.sh'
[2.730s] Level 1:colcon.colcon_core.environment:checking '/workspace/action_data_offset_ws/install/bin'
[2.731s] Level 1:colcon.colcon_core.shell:create_environment_hook('casbot_arm_calibration_web', 'pythonscriptspath')
[2.731s] INFO:colcon.colcon_core.shell:Creating environment hook '/workspace/action_data_offset_ws/install/share/casbot_arm_calibration_web/hook/pythonscriptspath.ps1'
[2.731s] INFO:colcon.colcon_core.shell:Creating environment descriptor '/workspace/action_data_offset_ws/install/share/casbot_arm_calibration_web/hook/pythonscriptspath.dsv'
[2.731s] INFO:colcon.colcon_core.shell:Creating environment hook '/workspace/action_data_offset_ws/install/share/casbot_arm_calibration_web/hook/pythonscriptspath.sh'
[2.731s] Level 1:colcon.colcon_core.environment:create_environment_scripts_only(casbot_arm_calibration_web)
[2.732s] INFO:colcon.colcon_core.shell:Creating package script '/workspace/action_data_offset_ws/install/share/casbot_arm_calibration_web/package.ps1'
[2.732s] INFO:colcon.colcon_core.shell:Creating package descriptor '/workspace/action_data_offset_ws/install/share/casbot_arm_calibration_web/package.dsv'
[2.732s] INFO:colcon.colcon_core.shell:Creating package script '/workspace/action_data_offset_ws/install/share/casbot_arm_calibration_web/package.sh'
[2.733s] INFO:colcon.colcon_core.shell:Creating package script '/workspace/action_data_offset_ws/install/share/casbot_arm_calibration_web/package.bash'
[2.733s] INFO:colcon.colcon_core.shell:Creating package script '/workspace/action_data_offset_ws/install/share/casbot_arm_calibration_web/package.zsh'
[2.733s] Level 1:colcon.colcon_core.environment:create_file_with_runtime_dependencies(/workspace/action_data_offset_ws/install/share/colcon-core/packages/casbot_arm_calibration_web)
[2.733s] DEBUG:colcon.colcon_parallel_executor.executor.parallel:closing loop
[2.734s] DEBUG:colcon.colcon_parallel_executor.executor.parallel:loop closed
[2.734s] DEBUG:colcon.colcon_parallel_executor.executor.parallel:run_until_complete finished with '0'
[2.734s] DEBUG:colcon.colcon_core.event_reactor:joining thread
[2.735s] INFO:colcon.colcon_core.plugin_system:Skipping extension 'colcon_notification.desktop_notification.notify2': 'notify2' not found
[2.735s] INFO:colcon.colcon_core.plugin_system:Skipping extension 'colcon_notification.desktop_notification.notify_send': Could not find 'notify-send'
[2.735s] INFO:colcon.colcon_core.plugin_system:Skipping extension 'colcon_notification.desktop_notification.terminal_notifier': Not used on non-Darwin systems
[2.735s] INFO:colcon.colcon_core.plugin_system:Skipping extension 'colcon_notification.desktop_notification.win32': Not used on non-Windows systems
[2.735s] DEBUG:colcon.colcon_core.event_reactor:joined thread
[2.735s] INFO:colcon.colcon_core.shell:Creating prefix script '/workspace/action_data_offset_ws/install/local_setup.ps1'
[2.736s] INFO:colcon.colcon_core.shell:Creating prefix util module '/workspace/action_data_offset_ws/install/_local_setup_util_ps1.py'
[2.737s] INFO:colcon.colcon_core.shell:Creating prefix chain script '/workspace/action_data_offset_ws/install/setup.ps1'
[2.737s] INFO:colcon.colcon_core.shell:Creating prefix script '/workspace/action_data_offset_ws/install/local_setup.sh'
[2.737s] INFO:colcon.colcon_core.shell:Creating prefix util module '/workspace/action_data_offset_ws/install/_local_setup_util_sh.py'
[2.738s] INFO:colcon.colcon_core.shell:Creating prefix chain script '/workspace/action_data_offset_ws/install/setup.sh'
[2.738s] INFO:colcon.colcon_core.shell:Creating prefix script '/workspace/action_data_offset_ws/install/local_setup.bash'
[2.739s] INFO:colcon.colcon_core.shell:Creating prefix chain script '/workspace/action_data_offset_ws/install/setup.bash'
[2.739s] INFO:colcon.colcon_core.shell:Creating prefix script '/workspace/action_data_offset_ws/install/local_setup.zsh'
[2.740s] INFO:colcon.colcon_core.shell:Creating prefix chain script '/workspace/action_data_offset_ws/install/setup.zsh'
