[0.456s] Invoking command in '/workspace/action_data_offset_ws/build/crb_ros_msg': CMAKE_PREFIX_PATH=${CMAKE_PREFIX_PATH}:/opt/ros/humble /usr/bin/cmake /workspace/action_data_offset_ws/src/crb_ros_msg -DCMAKE_VERBOSE_MAKEFILE:BOOL=ON -DCMAKE_TOOLCHAIN_FILE=/workspace/action_data_offset_ws/docker_env/environment/cmake-toolchains/generic_pc.cmake -DSECURITY=ON -DBUILD_TESTING=OFF -DCMAKE_INSTALL_PREFIX=/workspace/action_data_offset_ws/install
[0.476s] -- Using SECURITY: ON.
[0.476s] -- Using BUILD_TESTING: OFF.
[0.476s] -- Using CMAKE_TOOLCHAIN_FILE: /workspace/action_data_offset_ws/docker_env/environment/cmake-toolchains/generic_pc.cmake.
[0.476s] -- Using CATKIN_INSTALL_INTO_PREFIX_ROOT: .
[0.485s] -- Using SECURITY: ON.
[0.485s] -- Using BUILD_TESTING: OFF.
[0.485s] -- Using CMAKE_TOOLCHAIN_FILE: /workspace/action_data_offset_ws/docker_env/environment/cmake-toolchains/generic_pc.cmake.
[0.485s] -- Using CATKIN_INSTALL_INTO_PREFIX_ROOT: .
[0.532s] -- The C compiler identification is GNU 11.4.0
[0.583s] -- The CXX compiler identification is GNU 11.4.0
[0.591s] -- Detecting C compiler ABI info
[0.685s] -- Detecting C compiler ABI info - done
[0.700s] -- Check for working C compiler: /usr/bin/cc - skipped
[0.701s] -- Detecting C compile features
[0.701s] -- Detecting C compile features - done
[0.704s] -- Detecting CXX compiler ABI info
[0.798s] -- Detecting CXX compiler ABI info - done
[0.807s] -- Check for working CXX compiler: /usr/bin/c++ - skipped
[0.807s] -- Detecting CXX compile features
[0.808s] -- Detecting CXX compile features - done
[0.812s] -- Found ament_cmake: 1.3.12 (/opt/ros/humble/share/ament_cmake/cmake)
[0.944s] -- Found Python3: /usr/bin/python3 (found version "3.10.12") found components: Interpreter 
[1.066s] -- Found rosidl_default_generators: 1.2.0 (/opt/ros/humble/share/rosidl_default_generators/cmake)
[1.071s] -- Using all available rosidl_typesupport_c: rosidl_typesupport_fastrtps_c;rosidl_typesupport_introspection_c
[1.080s] -- Found rosidl_adapter: 3.1.7 (/opt/ros/humble/share/rosidl_adapter/cmake)
[1.117s] -- Using all available rosidl_typesupport_cpp: rosidl_typesupport_fastrtps_cpp;rosidl_typesupport_introspection_cpp
[1.162s] -- Found std_msgs: 4.9.0 (/opt/ros/humble/share/std_msgs/cmake)
[1.184s] -- Found sensor_msgs: 4.9.0 (/opt/ros/humble/share/sensor_msgs/cmake)
[1.432s] -- Found ament_cmake_ros: 0.10.0 (/opt/ros/humble/share/ament_cmake_ros/cmake)
[1.698s] -- Using all available rosidl_typesupport_c: rosidl_typesupport_fastrtps_c;rosidl_typesupport_introspection_c
[2.029s] -- Using all available rosidl_typesupport_cpp: rosidl_typesupport_fastrtps_cpp;rosidl_typesupport_introspection_cpp
[2.047s] -- Found PythonInterp: /usr/bin/python3 (found suitable version "3.10.12", minimum required is "3.6") 
[2.048s] -- Found python_cmake_module: 0.10.0 (/opt/ros/humble/share/python_cmake_module/cmake)
[2.089s] -- Found PythonLibs: /usr/lib/x86_64-linux-gnu/libpython3.10.so (found suitable version "3.10.12", minimum required is "3.5") 
[2.089s] -- Using PYTHON_EXECUTABLE: /usr/bin/python3
[2.089s] -- Using PYTHON_INCLUDE_DIRS: /usr/include/python3.10
[2.089s] -- Using PYTHON_LIBRARIES: /usr/lib/x86_64-linux-gnu/libpython3.10.so
[2.109s] -- Found PythonExtra: .so  
[2.193s] -- Configuring done
[2.226s] -- Generating done
[2.237s] -- Build files have been written to: /workspace/action_data_offset_ws/build_x86/crb_ros_msg
[2.243s] Invoked command in '/workspace/action_data_offset_ws/build/crb_ros_msg' returned '0': CMAKE_PREFIX_PATH=${CMAKE_PREFIX_PATH}:/opt/ros/humble /usr/bin/cmake /workspace/action_data_offset_ws/src/crb_ros_msg -DCMAKE_VERBOSE_MAKEFILE:BOOL=ON -DCMAKE_TOOLCHAIN_FILE=/workspace/action_data_offset_ws/docker_env/environment/cmake-toolchains/generic_pc.cmake -DSECURITY=ON -DBUILD_TESTING=OFF -DCMAKE_INSTALL_PREFIX=/workspace/action_data_offset_ws/install
[2.245s] Invoking command in '/workspace/action_data_offset_ws/build/crb_ros_msg': CMAKE_PREFIX_PATH=${CMAKE_PREFIX_PATH}:/opt/ros/humble /usr/bin/cmake --build /workspace/action_data_offset_ws/build/crb_ros_msg -- -j16 -l16
[2.268s] /usr/bin/cmake -S/workspace/action_data_offset_ws/src/crb_ros_msg -B/workspace/action_data_offset_ws/build_x86/crb_ros_msg --check-build-system CMakeFiles/Makefile.cmake 0
[2.282s] /usr/bin/cmake -E cmake_progress_start /workspace/action_data_offset_ws/build_x86/crb_ros_msg/CMakeFiles /workspace/action_data_offset_ws/build_x86/crb_ros_msg//CMakeFiles/progress.marks
[2.293s] /usr/bin/gmake  -f CMakeFiles/Makefile2 all
[2.295s] gmake[1]: Entering directory '/workspace/action_data_offset_ws/build_x86/crb_ros_msg'
[2.295s] /usr/bin/gmake  -f CMakeFiles/crb_ros_msg__cpp.dir/build.make CMakeFiles/crb_ros_msg__cpp.dir/depend
[2.295s] /usr/bin/gmake  -f CMakeFiles/crb_ros_msg__rosidl_generator_c.dir/build.make CMakeFiles/crb_ros_msg__rosidl_generator_c.dir/depend
[2.295s] /usr/bin/gmake  -f CMakeFiles/ament_cmake_python_copy_crb_ros_msg.dir/build.make CMakeFiles/ament_cmake_python_copy_crb_ros_msg.dir/depend
[2.297s] gmake[2]: Entering directory '/workspace/action_data_offset_ws/build_x86/crb_ros_msg'
[2.297s] cd /workspace/action_data_offset_ws/build_x86/crb_ros_msg && /usr/bin/cmake -E cmake_depends "Unix Makefiles" /workspace/action_data_offset_ws/src/crb_ros_msg /workspace/action_data_offset_ws/src/crb_ros_msg /workspace/action_data_offset_ws/build_x86/crb_ros_msg /workspace/action_data_offset_ws/build_x86/crb_ros_msg /workspace/action_data_offset_ws/build_x86/crb_ros_msg/CMakeFiles/ament_cmake_python_copy_crb_ros_msg.dir/DependInfo.cmake --color=
[2.298s] gmake[2]: Entering directory '/workspace/action_data_offset_ws/build_x86/crb_ros_msg'
[2.298s] cd /workspace/action_data_offset_ws/build_x86/crb_ros_msg && /usr/bin/cmake -E cmake_depends "Unix Makefiles" /workspace/action_data_offset_ws/src/crb_ros_msg /workspace/action_data_offset_ws/src/crb_ros_msg /workspace/action_data_offset_ws/build_x86/crb_ros_msg /workspace/action_data_offset_ws/build_x86/crb_ros_msg /workspace/action_data_offset_ws/build_x86/crb_ros_msg/CMakeFiles/crb_ros_msg__cpp.dir/DependInfo.cmake --color=
[2.301s] gmake[2]: Entering directory '/workspace/action_data_offset_ws/build_x86/crb_ros_msg'
[2.313s] gmake[2]: Leaving directory '/workspace/action_data_offset_ws/build_x86/crb_ros_msg'
[2.313s] /usr/bin/gmake  -f CMakeFiles/crb_ros_msg__cpp.dir/build.make CMakeFiles/crb_ros_msg__cpp.dir/build
[2.317s] gmake[2]: Entering directory '/workspace/action_data_offset_ws/build_x86/crb_ros_msg'
[2.317s] [  3%] [34m[1mGenerating C code for ROS interfaces[0m
[2.318s] /usr/bin/python3 /opt/ros/humble/share/rosidl_generator_c/cmake/../../../lib/rosidl_generator_c/rosidl_generator_c --generator-arguments-file /workspace/action_data_offset_ws/build_x86/crb_ros_msg/rosidl_generator_c__arguments.json
[2.322s] gmake[2]: Leaving directory '/workspace/action_data_offset_ws/build_x86/crb_ros_msg'
[2.322s] /usr/bin/gmake  -f CMakeFiles/ament_cmake_python_copy_crb_ros_msg.dir/build.make CMakeFiles/ament_cmake_python_copy_crb_ros_msg.dir/build
[2.325s] gmake[2]: Entering directory '/workspace/action_data_offset_ws/build_x86/crb_ros_msg'
[2.325s] /usr/bin/cmake -E copy_directory /workspace/action_data_offset_ws/build_x86/crb_ros_msg/rosidl_generator_py/crb_ros_msg /workspace/action_data_offset_ws/build_x86/crb_ros_msg/ament_cmake_python/crb_ros_msg/crb_ros_msg
[2.328s] [  6%] [34m[1mGenerating C++ code for ROS interfaces[0m
[2.329s] /usr/bin/python3 /opt/ros/humble/share/rosidl_generator_cpp/cmake/../../../lib/rosidl_generator_cpp/rosidl_generator_cpp --generator-arguments-file /workspace/action_data_offset_ws/build_x86/crb_ros_msg/rosidl_generator_cpp__arguments.json
[2.333s] gmake[2]: Leaving directory '/workspace/action_data_offset_ws/build_x86/crb_ros_msg'
[2.345s] [  6%] Built target ament_cmake_python_copy_crb_ros_msg
[2.346s] /usr/bin/gmake  -f CMakeFiles/ament_cmake_python_build_crb_ros_msg_egg.dir/build.make CMakeFiles/ament_cmake_python_build_crb_ros_msg_egg.dir/depend
[2.348s] gmake[2]: Entering directory '/workspace/action_data_offset_ws/build_x86/crb_ros_msg'
[2.348s] cd /workspace/action_data_offset_ws/build_x86/crb_ros_msg && /usr/bin/cmake -E cmake_depends "Unix Makefiles" /workspace/action_data_offset_ws/src/crb_ros_msg /workspace/action_data_offset_ws/src/crb_ros_msg /workspace/action_data_offset_ws/build_x86/crb_ros_msg /workspace/action_data_offset_ws/build_x86/crb_ros_msg /workspace/action_data_offset_ws/build_x86/crb_ros_msg/CMakeFiles/ament_cmake_python_build_crb_ros_msg_egg.dir/DependInfo.cmake --color=
[2.362s] gmake[2]: Leaving directory '/workspace/action_data_offset_ws/build_x86/crb_ros_msg'
[2.362s] /usr/bin/gmake  -f CMakeFiles/ament_cmake_python_build_crb_ros_msg_egg.dir/build.make CMakeFiles/ament_cmake_python_build_crb_ros_msg_egg.dir/build
[2.364s] gmake[2]: Entering directory '/workspace/action_data_offset_ws/build_x86/crb_ros_msg'
[2.364s] cd /workspace/action_data_offset_ws/build_x86/crb_ros_msg/ament_cmake_python/crb_ros_msg && /usr/bin/python3 setup.py egg_info
[2.481s] cd /workspace/action_data_offset_ws/build_x86/crb_ros_msg && /usr/bin/cmake -E cmake_depends "Unix Makefiles" /workspace/action_data_offset_ws/src/crb_ros_msg /workspace/action_data_offset_ws/src/crb_ros_msg /workspace/action_data_offset_ws/build_x86/crb_ros_msg /workspace/action_data_offset_ws/build_x86/crb_ros_msg /workspace/action_data_offset_ws/build_x86/crb_ros_msg/CMakeFiles/crb_ros_msg__rosidl_generator_c.dir/DependInfo.cmake --color=
[2.516s] gmake[2]: Leaving directory '/workspace/action_data_offset_ws/build_x86/crb_ros_msg'
[2.523s] gmake[2]: Leaving directory '/workspace/action_data_offset_ws/build_x86/crb_ros_msg'
[2.523s] /usr/bin/gmake  -f CMakeFiles/crb_ros_msg__rosidl_generator_c.dir/build.make CMakeFiles/crb_ros_msg__rosidl_generator_c.dir/build
[2.527s] gmake[2]: Entering directory '/workspace/action_data_offset_ws/build_x86/crb_ros_msg'
[2.529s] [  6%] Built target crb_ros_msg__cpp
[2.529s] /usr/bin/gmake  -f CMakeFiles/crb_ros_msg__rosidl_typesupport_cpp.dir/build.make CMakeFiles/crb_ros_msg__rosidl_typesupport_cpp.dir/depend
[2.530s] /usr/bin/gmake  -f CMakeFiles/crb_ros_msg__rosidl_typesupport_fastrtps_cpp.dir/build.make CMakeFiles/crb_ros_msg__rosidl_typesupport_fastrtps_cpp.dir/depend
[2.530s] /usr/bin/gmake  -f CMakeFiles/crb_ros_msg__rosidl_typesupport_introspection_cpp.dir/build.make CMakeFiles/crb_ros_msg__rosidl_typesupport_introspection_cpp.dir/depend
[2.539s] gmake[2]: Entering directory '/workspace/action_data_offset_ws/build_x86/crb_ros_msg'
[2.553s] gmake[2]: Entering directory '/workspace/action_data_offset_ws/build_x86/crb_ros_msg'
[2.557s] gmake[2]: Entering directory '/workspace/action_data_offset_ws/build_x86/crb_ros_msg'
[2.572s] [  9%] [34m[1mGenerating C++ type support dispatch for ROS interfaces[0m
[2.574s] [ 12%] [32mBuilding C object CMakeFiles/crb_ros_msg__rosidl_generator_c.dir/rosidl_generator_c/crb_ros_msg/msg/detail/upper_joint_data__functions.c.o[0m
[2.578s] /usr/bin/python3 /opt/ros/humble/lib/rosidl_typesupport_cpp/rosidl_typesupport_cpp --generator-arguments-file /workspace/action_data_offset_ws/build_x86/crb_ros_msg/rosidl_typesupport_cpp__arguments.json --typesupports rosidl_typesupport_fastrtps_cpp rosidl_typesupport_introspection_cpp
[2.582s] /usr/bin/cc -DRCUTILS_ENABLE_FAULT_INJECTION -DROSIDL_GENERATOR_C_BUILDING_DLL_crb_ros_msg -DROS_PACKAGE_NAME=\"crb_ros_msg\" -I/workspace/action_data_offset_ws/docker_env/environment/x86_prebuild/install_2204_qpOASES_x86/include -I/workspace/action_data_offset_ws/docker_env/environment/x86_prebuild/install_2204_glog_x86/include -I/workspace/action_data_offset_ws/docker_env/environment/x86_prebuild/onnxruntime-linux-x64-1.19.0/include -I/opt/ros/humble/include -I/workspace/action_data_offset_ws/install:/opt/ros/humble/include -I/usr/include/eigen3 -I/workspace/action_data_offset_ws/build_x86/crb_ros_msg/rosidl_generator_c -isystem /opt/ros/humble/include/std_msgs -isystem /opt/ros/humble/include/builtin_interfaces -isystem /opt/ros/humble/include/rosidl_runtime_c -isystem /opt/ros/humble/include/rcutils -isystem /opt/ros/humble/include/rosidl_typesupport_interface -isystem /opt/ros/humble/include/sensor_msgs -isystem /opt/ros/humble/include/geometry_msgs -fPIC -Wall -std=gnu11 -MD -MT CMakeFiles/crb_ros_msg__rosidl_generator_c.dir/rosidl_generator_c/crb_ros_msg/msg/detail/upper_joint_data__functions.c.o -MF CMakeFiles/crb_ros_msg__rosidl_generator_c.dir/rosidl_generator_c/crb_ros_msg/msg/detail/upper_joint_data__functions.c.o.d -o CMakeFiles/crb_ros_msg__rosidl_generator_c.dir/rosidl_generator_c/crb_ros_msg/msg/detail/upper_joint_data__functions.c.o -c /workspace/action_data_offset_ws/build_x86/crb_ros_msg/rosidl_generator_c/crb_ros_msg/msg/detail/upper_joint_data__functions.c
[2.590s] [ 16%] [34m[1mGenerating C++ introspection for ROS interfaces[0m
[2.597s] /usr/bin/python3 /opt/ros/humble/lib/rosidl_typesupport_introspection_cpp/rosidl_typesupport_introspection_cpp --generator-arguments-file /workspace/action_data_offset_ws/build_x86/crb_ros_msg/rosidl_typesupport_introspection_cpp__arguments.json
[2.608s] [ 19%] [34m[1mGenerating C++ type support for eProsima Fast-RTPS[0m
[2.612s] /usr/bin/python3 /opt/ros/humble/lib/rosidl_typesupport_fastrtps_cpp/rosidl_typesupport_fastrtps_cpp --generator-arguments-file /workspace/action_data_offset_ws/build_x86/crb_ros_msg/rosidl_typesupport_fastrtps_cpp__arguments.json
[2.675s] running egg_info
[2.678s] creating crb_ros_msg.egg-info
[2.680s] writing crb_ros_msg.egg-info/PKG-INFO
[2.682s] writing dependency_links to crb_ros_msg.egg-info/dependency_links.txt
[2.684s] writing top-level names to crb_ros_msg.egg-info/top_level.txt
[2.685s] writing manifest file 'crb_ros_msg.egg-info/SOURCES.txt'
[2.692s] reading manifest file 'crb_ros_msg.egg-info/SOURCES.txt'
[2.693s] writing manifest file 'crb_ros_msg.egg-info/SOURCES.txt'
[2.722s] gmake[2]: Leaving directory '/workspace/action_data_offset_ws/build_x86/crb_ros_msg'
[2.746s] [ 19%] Built target ament_cmake_python_build_crb_ros_msg_egg
[2.772s] [ 22%] [32m[1mLinking C shared library libcrb_ros_msg__rosidl_generator_c.so[0m
[2.773s] /usr/bin/cmake -E cmake_link_script CMakeFiles/crb_ros_msg__rosidl_generator_c.dir/link.txt --verbose=1
[2.792s] /usr/bin/cc -fPIC -shared -Wl,-soname,libcrb_ros_msg__rosidl_generator_c.so -o libcrb_ros_msg__rosidl_generator_c.so CMakeFiles/crb_ros_msg__rosidl_generator_c.dir/rosidl_generator_c/crb_ros_msg/msg/detail/upper_joint_data__functions.c.o  -Wl,-rpath,/opt/ros/humble/lib: /opt/ros/humble/lib/libsensor_msgs__rosidl_generator_c.so /opt/ros/humble/lib/libgeometry_msgs__rosidl_generator_c.so /opt/ros/humble/lib/libstd_msgs__rosidl_generator_c.so /opt/ros/humble/lib/libbuiltin_interfaces__rosidl_generator_c.so /opt/ros/humble/lib/librosidl_runtime_c.so /opt/ros/humble/lib/librcutils.so -ldl 
[2.862s] gmake[2]: Leaving directory '/workspace/action_data_offset_ws/build_x86/crb_ros_msg'
[2.902s] [ 22%] Built target crb_ros_msg__rosidl_generator_c
[2.903s] /usr/bin/gmake  -f CMakeFiles/crb_ros_msg__rosidl_typesupport_fastrtps_c.dir/build.make CMakeFiles/crb_ros_msg__rosidl_typesupport_fastrtps_c.dir/depend
[2.904s] /usr/bin/gmake  -f CMakeFiles/crb_ros_msg__rosidl_typesupport_introspection_c.dir/build.make CMakeFiles/crb_ros_msg__rosidl_typesupport_introspection_c.dir/depend
[2.904s] /usr/bin/gmake  -f CMakeFiles/crb_ros_msg__rosidl_typesupport_c.dir/build.make CMakeFiles/crb_ros_msg__rosidl_typesupport_c.dir/depend
[2.906s] gmake[2]: Entering directory '/workspace/action_data_offset_ws/build_x86/crb_ros_msg'
[2.922s] gmake[2]: Entering directory '/workspace/action_data_offset_ws/build_x86/crb_ros_msg'
[2.922s] gmake[2]: Entering directory '/workspace/action_data_offset_ws/build_x86/crb_ros_msg'
[2.960s] [ 25%] [34m[1mGenerating C type support for eProsima Fast-RTPS[0m
[2.964s] /usr/bin/python3 /opt/ros/humble/lib/rosidl_typesupport_fastrtps_c/rosidl_typesupport_fastrtps_c --generator-arguments-file /workspace/action_data_offset_ws/build_x86/crb_ros_msg/rosidl_typesupport_fastrtps_c__arguments.json
[2.974s] [ 29%] [34m[1mGenerating C introspection for ROS interfaces[0m
[2.977s] /usr/bin/python3 /opt/ros/humble/lib/rosidl_typesupport_introspection_c/rosidl_typesupport_introspection_c --generator-arguments-file /workspace/action_data_offset_ws/build_x86/crb_ros_msg/rosidl_typesupport_introspection_c__arguments.json
[2.979s] [ 32%] [34m[1mGenerating C type support dispatch for ROS interfaces[0m
[2.985s] /usr/bin/python3 /opt/ros/humble/lib/rosidl_typesupport_c/rosidl_typesupport_c --generator-arguments-file /workspace/action_data_offset_ws/build_x86/crb_ros_msg/rosidl_typesupport_c__arguments.json --typesupports rosidl_typesupport_fastrtps_c rosidl_typesupport_introspection_c
[3.048s] cd /workspace/action_data_offset_ws/build_x86/crb_ros_msg && /usr/bin/cmake -E cmake_depends "Unix Makefiles" /workspace/action_data_offset_ws/src/crb_ros_msg /workspace/action_data_offset_ws/src/crb_ros_msg /workspace/action_data_offset_ws/build_x86/crb_ros_msg /workspace/action_data_offset_ws/build_x86/crb_ros_msg /workspace/action_data_offset_ws/build_x86/crb_ros_msg/CMakeFiles/crb_ros_msg__rosidl_typesupport_fastrtps_cpp.dir/DependInfo.cmake --color=
[3.137s] gmake[2]: Leaving directory '/workspace/action_data_offset_ws/build_x86/crb_ros_msg'
[3.141s] /usr/bin/gmake  -f CMakeFiles/crb_ros_msg__rosidl_typesupport_fastrtps_cpp.dir/build.make CMakeFiles/crb_ros_msg__rosidl_typesupport_fastrtps_cpp.dir/build
[3.164s] gmake[2]: Entering directory '/workspace/action_data_offset_ws/build_x86/crb_ros_msg'
[3.209s] [ 35%] [32mBuilding CXX object CMakeFiles/crb_ros_msg__rosidl_typesupport_fastrtps_cpp.dir/rosidl_typesupport_fastrtps_cpp/crb_ros_msg/msg/detail/dds_fastrtps/upper_joint_data__type_support.cpp.o[0m
[3.217s] /usr/bin/c++ -DRCUTILS_ENABLE_FAULT_INJECTION -DROSIDL_TYPESUPPORT_FASTRTPS_CPP_BUILDING_DLL_crb_ros_msg -DROS_PACKAGE_NAME=\"crb_ros_msg\" -I/workspace/action_data_offset_ws/docker_env/environment/x86_prebuild/install_2204_qpOASES_x86/include -I/workspace/action_data_offset_ws/docker_env/environment/x86_prebuild/install_2204_glog_x86/include -I/workspace/action_data_offset_ws/docker_env/environment/x86_prebuild/onnxruntime-linux-x64-1.19.0/include -I/opt/ros/humble/include -I/workspace/action_data_offset_ws/install:/opt/ros/humble/include -I/usr/include/eigen3 -I/workspace/action_data_offset_ws/build_x86/crb_ros_msg/rosidl_typesupport_fastrtps_cpp -I/workspace/action_data_offset_ws/build_x86/crb_ros_msg/rosidl_generator_cpp -isystem /opt/ros/humble/include/fastcdr -isystem /opt/ros/humble/include/rmw -isystem /opt/ros/humble/include/rcutils -isystem /opt/ros/humble/include/rosidl_runtime_c -isystem /opt/ros/humble/include/rosidl_typesupport_interface -isystem /opt/ros/humble/include/rosidl_runtime_cpp -isystem /opt/ros/humble/include/rosidl_typesupport_fastrtps_cpp -isystem /opt/ros/humble/include/std_msgs -isystem /opt/ros/humble/include/builtin_interfaces -isystem /opt/ros/humble/include/sensor_msgs -isystem /opt/ros/humble/include/geometry_msgs -fPIC -DUBUNTU2204 -Wno-unused-variable -Wno-unused-but-set-variable -Wno-unused-parameter -Wno-deprecated-declarations -Wno-reorder -Wno-attributes -Wno-maybe-uninitialized -Wno-return-type -DTARGET_MUJOCO=1 -O3 -DROS_VERSION_2 -Wall -Wextra -Wpedantic -Wredundant-decls -std=gnu++14 -MD -MT CMakeFiles/crb_ros_msg__rosidl_typesupport_fastrtps_cpp.dir/rosidl_typesupport_fastrtps_cpp/crb_ros_msg/msg/detail/dds_fastrtps/upper_joint_data__type_support.cpp.o -MF CMakeFiles/crb_ros_msg__rosidl_typesupport_fastrtps_cpp.dir/rosidl_typesupport_fastrtps_cpp/crb_ros_msg/msg/detail/dds_fastrtps/upper_joint_data__type_support.cpp.o.d -o CMakeFiles/crb_ros_msg__rosidl_typesupport_fastrtps_cpp.dir/rosidl_typesupport_fastrtps_cpp/crb_ros_msg/msg/detail/dds_fastrtps/upper_joint_data__type_support.cpp.o -c /workspace/action_data_offset_ws/build_x86/crb_ros_msg/rosidl_typesupport_fastrtps_cpp/crb_ros_msg/msg/detail/dds_fastrtps/upper_joint_data__type_support.cpp
[3.218s] cd /workspace/action_data_offset_ws/build_x86/crb_ros_msg && /usr/bin/cmake -E cmake_depends "Unix Makefiles" /workspace/action_data_offset_ws/src/crb_ros_msg /workspace/action_data_offset_ws/src/crb_ros_msg /workspace/action_data_offset_ws/build_x86/crb_ros_msg /workspace/action_data_offset_ws/build_x86/crb_ros_msg /workspace/action_data_offset_ws/build_x86/crb_ros_msg/CMakeFiles/crb_ros_msg__rosidl_typesupport_cpp.dir/DependInfo.cmake --color=
[3.282s] gmake[2]: Leaving directory '/workspace/action_data_offset_ws/build_x86/crb_ros_msg'
[3.283s] /usr/bin/gmake  -f CMakeFiles/crb_ros_msg__rosidl_typesupport_cpp.dir/build.make CMakeFiles/crb_ros_msg__rosidl_typesupport_cpp.dir/build
[3.308s] gmake[2]: Entering directory '/workspace/action_data_offset_ws/build_x86/crb_ros_msg'
[3.312s] cd /workspace/action_data_offset_ws/build_x86/crb_ros_msg && /usr/bin/cmake -E cmake_depends "Unix Makefiles" /workspace/action_data_offset_ws/src/crb_ros_msg /workspace/action_data_offset_ws/src/crb_ros_msg /workspace/action_data_offset_ws/build_x86/crb_ros_msg /workspace/action_data_offset_ws/build_x86/crb_ros_msg /workspace/action_data_offset_ws/build_x86/crb_ros_msg/CMakeFiles/crb_ros_msg__rosidl_typesupport_introspection_cpp.dir/DependInfo.cmake --color=
[3.327s] gmake[2]: Leaving directory '/workspace/action_data_offset_ws/build_x86/crb_ros_msg'
[3.327s] /usr/bin/gmake  -f CMakeFiles/crb_ros_msg__rosidl_typesupport_introspection_cpp.dir/build.make CMakeFiles/crb_ros_msg__rosidl_typesupport_introspection_cpp.dir/build
[3.337s] gmake[2]: Entering directory '/workspace/action_data_offset_ws/build_x86/crb_ros_msg'
[3.346s] [ 38%] [32mBuilding CXX object CMakeFiles/crb_ros_msg__rosidl_typesupport_cpp.dir/rosidl_typesupport_cpp/crb_ros_msg/msg/upper_joint_data__type_support.cpp.o[0m
[3.353s] /usr/bin/c++ -DRCUTILS_ENABLE_FAULT_INJECTION -DROSIDL_TYPESUPPORT_CPP_BUILDING_DLL -DROS_PACKAGE_NAME=\"crb_ros_msg\" -I/workspace/action_data_offset_ws/docker_env/environment/x86_prebuild/install_2204_qpOASES_x86/include -I/workspace/action_data_offset_ws/docker_env/environment/x86_prebuild/install_2204_glog_x86/include -I/workspace/action_data_offset_ws/docker_env/environment/x86_prebuild/onnxruntime-linux-x64-1.19.0/include -I/opt/ros/humble/include -I/workspace/action_data_offset_ws/install:/opt/ros/humble/include -I/usr/include/eigen3 -I/workspace/action_data_offset_ws/build_x86/crb_ros_msg/rosidl_generator_cpp -isystem /opt/ros/humble/include/std_msgs -isystem /opt/ros/humble/include/builtin_interfaces -isystem /opt/ros/humble/include/rosidl_runtime_cpp -isystem /opt/ros/humble/include/rosidl_runtime_c -isystem /opt/ros/humble/include/rcutils -isystem /opt/ros/humble/include/rosidl_typesupport_interface -isystem /opt/ros/humble/include/sensor_msgs -isystem /opt/ros/humble/include/geometry_msgs -isystem /opt/ros/humble/include/rosidl_typesupport_cpp -isystem /opt/ros/humble/include/rosidl_typesupport_c -fPIC -DUBUNTU2204 -Wno-unused-variable -Wno-unused-but-set-variable -Wno-unused-parameter -Wno-deprecated-declarations -Wno-reorder -Wno-attributes -Wno-maybe-uninitialized -Wno-return-type -DTARGET_MUJOCO=1 -O3 -DROS_VERSION_2 -Wall -Wextra -Wpedantic -std=gnu++14 -MD -MT CMakeFiles/crb_ros_msg__rosidl_typesupport_cpp.dir/rosidl_typesupport_cpp/crb_ros_msg/msg/upper_joint_data__type_support.cpp.o -MF CMakeFiles/crb_ros_msg__rosidl_typesupport_cpp.dir/rosidl_typesupport_cpp/crb_ros_msg/msg/upper_joint_data__type_support.cpp.o.d -o CMakeFiles/crb_ros_msg__rosidl_typesupport_cpp.dir/rosidl_typesupport_cpp/crb_ros_msg/msg/upper_joint_data__type_support.cpp.o -c /workspace/action_data_offset_ws/build_x86/crb_ros_msg/rosidl_typesupport_cpp/crb_ros_msg/msg/upper_joint_data__type_support.cpp
[3.413s] [ 41%] [32mBuilding CXX object CMakeFiles/crb_ros_msg__rosidl_typesupport_introspection_cpp.dir/rosidl_typesupport_introspection_cpp/crb_ros_msg/msg/detail/upper_joint_data__type_support.cpp.o[0m
[3.416s] /usr/bin/c++ -DRCUTILS_ENABLE_FAULT_INJECTION -DROSIDL_TYPESUPPORT_INTROSPECTION_CPP_BUILDING_DLL -DROS_PACKAGE_NAME=\"crb_ros_msg\" -I/workspace/action_data_offset_ws/docker_env/environment/x86_prebuild/install_2204_qpOASES_x86/include -I/workspace/action_data_offset_ws/docker_env/environment/x86_prebuild/install_2204_glog_x86/include -I/workspace/action_data_offset_ws/docker_env/environment/x86_prebuild/onnxruntime-linux-x64-1.19.0/include -I/opt/ros/humble/include -I/workspace/action_data_offset_ws/install:/opt/ros/humble/include -I/usr/include/eigen3 -I/workspace/action_data_offset_ws/build_x86/crb_ros_msg/rosidl_typesupport_introspection_cpp -I/workspace/action_data_offset_ws/build_x86/crb_ros_msg/rosidl_generator_cpp -isystem /opt/ros/humble/include/std_msgs -isystem /opt/ros/humble/include/builtin_interfaces -isystem /opt/ros/humble/include/rosidl_runtime_cpp -isystem /opt/ros/humble/include/rosidl_runtime_c -isystem /opt/ros/humble/include/rcutils -isystem /opt/ros/humble/include/rosidl_typesupport_interface -isystem /opt/ros/humble/include/sensor_msgs -isystem /opt/ros/humble/include/geometry_msgs -isystem /opt/ros/humble/include/rosidl_typesupport_introspection_cpp -isystem /opt/ros/humble/include/rosidl_typesupport_introspection_c -fPIC -DUBUNTU2204 -Wno-unused-variable -Wno-unused-but-set-variable -Wno-unused-parameter -Wno-deprecated-declarations -Wno-reorder -Wno-attributes -Wno-maybe-uninitialized -Wno-return-type -DTARGET_MUJOCO=1 -O3 -DROS_VERSION_2 -Wall -Wextra -Wpedantic -MD -MT CMakeFiles/crb_ros_msg__rosidl_typesupport_introspection_cpp.dir/rosidl_typesupport_introspection_cpp/crb_ros_msg/msg/detail/upper_joint_data__type_support.cpp.o -MF CMakeFiles/crb_ros_msg__rosidl_typesupport_introspection_cpp.dir/rosidl_typesupport_introspection_cpp/crb_ros_msg/msg/detail/upper_joint_data__type_support.cpp.o.d -o CMakeFiles/crb_ros_msg__rosidl_typesupport_introspection_cpp.dir/rosidl_typesupport_introspection_cpp/crb_ros_msg/msg/detail/upper_joint_data__type_support.cpp.o -c /workspace/action_data_offset_ws/build_x86/crb_ros_msg/rosidl_typesupport_introspection_cpp/crb_ros_msg/msg/detail/upper_joint_data__type_support.cpp
[3.566s] cd /workspace/action_data_offset_ws/build_x86/crb_ros_msg && /usr/bin/cmake -E cmake_depends "Unix Makefiles" /workspace/action_data_offset_ws/src/crb_ros_msg /workspace/action_data_offset_ws/src/crb_ros_msg /workspace/action_data_offset_ws/build_x86/crb_ros_msg /workspace/action_data_offset_ws/build_x86/crb_ros_msg /workspace/action_data_offset_ws/build_x86/crb_ros_msg/CMakeFiles/crb_ros_msg__rosidl_typesupport_c.dir/DependInfo.cmake --color=
[3.623s] gmake[2]: Leaving directory '/workspace/action_data_offset_ws/build_x86/crb_ros_msg'
[3.623s] /usr/bin/gmake  -f CMakeFiles/crb_ros_msg__rosidl_typesupport_c.dir/build.make CMakeFiles/crb_ros_msg__rosidl_typesupport_c.dir/build
[3.626s] gmake[2]: Entering directory '/workspace/action_data_offset_ws/build_x86/crb_ros_msg'
[3.656s] [ 45%] [32mBuilding CXX object CMakeFiles/crb_ros_msg__rosidl_typesupport_c.dir/rosidl_typesupport_c/crb_ros_msg/msg/upper_joint_data__type_support.cpp.o[0m
[3.657s] /usr/bin/c++ -DRCUTILS_ENABLE_FAULT_INJECTION -DROSIDL_GENERATOR_C_BUILDING_DLL_crb_ros_msg -DROS_PACKAGE_NAME=\"crb_ros_msg\" -I/workspace/action_data_offset_ws/docker_env/environment/x86_prebuild/install_2204_qpOASES_x86/include -I/workspace/action_data_offset_ws/docker_env/environment/x86_prebuild/install_2204_glog_x86/include -I/workspace/action_data_offset_ws/docker_env/environment/x86_prebuild/onnxruntime-linux-x64-1.19.0/include -I/opt/ros/humble/include -I/workspace/action_data_offset_ws/install:/opt/ros/humble/include -I/usr/include/eigen3 -I/workspace/action_data_offset_ws/build_x86/crb_ros_msg/rosidl_generator_c -isystem /opt/ros/humble/include/std_msgs -isystem /opt/ros/humble/include/builtin_interfaces -isystem /opt/ros/humble/include/rosidl_runtime_c -isystem /opt/ros/humble/include/rcutils -isystem /opt/ros/humble/include/rosidl_typesupport_interface -isystem /opt/ros/humble/include/sensor_msgs -isystem /opt/ros/humble/include/geometry_msgs -isystem /opt/ros/humble/include/rosidl_typesupport_c -fPIC -Wall -std=gnu++14 -MD -MT CMakeFiles/crb_ros_msg__rosidl_typesupport_c.dir/rosidl_typesupport_c/crb_ros_msg/msg/upper_joint_data__type_support.cpp.o -MF CMakeFiles/crb_ros_msg__rosidl_typesupport_c.dir/rosidl_typesupport_c/crb_ros_msg/msg/upper_joint_data__type_support.cpp.o.d -o CMakeFiles/crb_ros_msg__rosidl_typesupport_c.dir/rosidl_typesupport_c/crb_ros_msg/msg/upper_joint_data__type_support.cpp.o -c /workspace/action_data_offset_ws/build_x86/crb_ros_msg/rosidl_typesupport_c/crb_ros_msg/msg/upper_joint_data__type_support.cpp
[3.672s] cd /workspace/action_data_offset_ws/build_x86/crb_ros_msg && /usr/bin/cmake -E cmake_depends "Unix Makefiles" /workspace/action_data_offset_ws/src/crb_ros_msg /workspace/action_data_offset_ws/src/crb_ros_msg /workspace/action_data_offset_ws/build_x86/crb_ros_msg /workspace/action_data_offset_ws/build_x86/crb_ros_msg /workspace/action_data_offset_ws/build_x86/crb_ros_msg/CMakeFiles/crb_ros_msg__rosidl_typesupport_fastrtps_c.dir/DependInfo.cmake --color=
[3.684s] gmake[2]: Leaving directory '/workspace/action_data_offset_ws/build_x86/crb_ros_msg'
[3.686s] /usr/bin/gmake  -f CMakeFiles/crb_ros_msg__rosidl_typesupport_fastrtps_c.dir/build.make CMakeFiles/crb_ros_msg__rosidl_typesupport_fastrtps_c.dir/build
[3.702s] gmake[2]: Entering directory '/workspace/action_data_offset_ws/build_x86/crb_ros_msg'
[3.706s] [ 48%] [32m[1mLinking CXX shared library libcrb_ros_msg__rosidl_typesupport_c.so[0m
[3.707s] /usr/bin/cmake -E cmake_link_script CMakeFiles/crb_ros_msg__rosidl_typesupport_c.dir/link.txt --verbose=1
[3.740s] [ 51%] [32mBuilding CXX object CMakeFiles/crb_ros_msg__rosidl_typesupport_fastrtps_c.dir/rosidl_typesupport_fastrtps_c/crb_ros_msg/msg/detail/upper_joint_data__type_support_c.cpp.o[0m
[3.746s] /usr/bin/c++ -DRCUTILS_ENABLE_FAULT_INJECTION -DROSIDL_TYPESUPPORT_FASTRTPS_C_BUILDING_DLL_crb_ros_msg -DROS_PACKAGE_NAME=\"crb_ros_msg\" -I/workspace/action_data_offset_ws/docker_env/environment/x86_prebuild/install_2204_qpOASES_x86/include -I/workspace/action_data_offset_ws/docker_env/environment/x86_prebuild/install_2204_glog_x86/include -I/workspace/action_data_offset_ws/docker_env/environment/x86_prebuild/onnxruntime-linux-x64-1.19.0/include -I/opt/ros/humble/include -I/workspace/action_data_offset_ws/install:/opt/ros/humble/include -I/usr/include/eigen3 -I/workspace/action_data_offset_ws/build_x86/crb_ros_msg/rosidl_typesupport_fastrtps_c -I/workspace/action_data_offset_ws/build_x86/crb_ros_msg/rosidl_generator_c -isystem /opt/ros/humble/include/fastcdr -isystem /opt/ros/humble/include/rosidl_runtime_c -isystem /opt/ros/humble/include/rcutils -isystem /opt/ros/humble/include/rosidl_typesupport_interface -isystem /opt/ros/humble/include/rosidl_runtime_cpp -isystem /opt/ros/humble/include/rosidl_typesupport_fastrtps_cpp -isystem /opt/ros/humble/include/rmw -isystem /opt/ros/humble/include/rosidl_typesupport_fastrtps_c -isystem /opt/ros/humble/include/std_msgs -isystem /opt/ros/humble/include/builtin_interfaces -isystem /opt/ros/humble/include/sensor_msgs -isystem /opt/ros/humble/include/geometry_msgs -fPIC -DUBUNTU2204 -Wno-unused-variable -Wno-unused-but-set-variable -Wno-unused-parameter -Wno-deprecated-declarations -Wno-reorder -Wno-attributes -Wno-maybe-uninitialized -Wno-return-type -DTARGET_MUJOCO=1 -O3 -DROS_VERSION_2 -Wall -Wextra -Wpedantic -std=gnu++14 -MD -MT CMakeFiles/crb_ros_msg__rosidl_typesupport_fastrtps_c.dir/rosidl_typesupport_fastrtps_c/crb_ros_msg/msg/detail/upper_joint_data__type_support_c.cpp.o -MF CMakeFiles/crb_ros_msg__rosidl_typesupport_fastrtps_c.dir/rosidl_typesupport_fastrtps_c/crb_ros_msg/msg/detail/upper_joint_data__type_support_c.cpp.o.d -o CMakeFiles/crb_ros_msg__rosidl_typesupport_fastrtps_c.dir/rosidl_typesupport_fastrtps_c/crb_ros_msg/msg/detail/upper_joint_data__type_support_c.cpp.o -c /workspace/action_data_offset_ws/build_x86/crb_ros_msg/rosidl_typesupport_fastrtps_c/crb_ros_msg/msg/detail/upper_joint_data__type_support_c.cpp
[3.749s] /usr/bin/c++ -fPIC -shared -Wl,-soname,libcrb_ros_msg__rosidl_typesupport_c.so -o libcrb_ros_msg__rosidl_typesupport_c.so CMakeFiles/crb_ros_msg__rosidl_typesupport_c.dir/rosidl_typesupport_c/crb_ros_msg/msg/upper_joint_data__type_support.cpp.o  -Wl,-rpath,/workspace/action_data_offset_ws/build_x86/crb_ros_msg:/opt/ros/humble/lib: libcrb_ros_msg__rosidl_generator_c.so /opt/ros/humble/lib/libsensor_msgs__rosidl_typesupport_c.so /opt/ros/humble/lib/libgeometry_msgs__rosidl_typesupport_c.so /opt/ros/humble/lib/libstd_msgs__rosidl_typesupport_c.so /opt/ros/humble/lib/libbuiltin_interfaces__rosidl_typesupport_c.so /opt/ros/humble/lib/librosidl_typesupport_c.so /opt/ros/humble/lib/libsensor_msgs__rosidl_generator_c.so /opt/ros/humble/lib/libgeometry_msgs__rosidl_generator_c.so /opt/ros/humble/lib/libstd_msgs__rosidl_generator_c.so /opt/ros/humble/lib/libbuiltin_interfaces__rosidl_generator_c.so /opt/ros/humble/lib/librosidl_runtime_c.so /opt/ros/humble/lib/librcutils.so -ldl -Wl,-rpath-link,/opt/ros/humble/lib 
[3.793s] cd /workspace/action_data_offset_ws/build_x86/crb_ros_msg && /usr/bin/cmake -E cmake_depends "Unix Makefiles" /workspace/action_data_offset_ws/src/crb_ros_msg /workspace/action_data_offset_ws/src/crb_ros_msg /workspace/action_data_offset_ws/build_x86/crb_ros_msg /workspace/action_data_offset_ws/build_x86/crb_ros_msg /workspace/action_data_offset_ws/build_x86/crb_ros_msg/CMakeFiles/crb_ros_msg__rosidl_typesupport_introspection_c.dir/DependInfo.cmake --color=
[3.847s] gmake[2]: Leaving directory '/workspace/action_data_offset_ws/build_x86/crb_ros_msg'
[3.848s] /usr/bin/gmake  -f CMakeFiles/crb_ros_msg__rosidl_typesupport_introspection_c.dir/build.make CMakeFiles/crb_ros_msg__rosidl_typesupport_introspection_c.dir/build
[3.848s] gmake[2]: Leaving directory '/workspace/action_data_offset_ws/build_x86/crb_ros_msg'
[3.853s] gmake[2]: Entering directory '/workspace/action_data_offset_ws/build_x86/crb_ros_msg'
[3.864s] [ 51%] Built target crb_ros_msg__rosidl_typesupport_c
[3.883s] [ 54%] [32mBuilding C object CMakeFiles/crb_ros_msg__rosidl_typesupport_introspection_c.dir/rosidl_typesupport_introspection_c/crb_ros_msg/msg/detail/upper_joint_data__type_support.c.o[0m
[3.891s] /usr/bin/cc -DRCUTILS_ENABLE_FAULT_INJECTION -DROSIDL_TYPESUPPORT_INTROSPECTION_C_BUILDING_DLL_crb_ros_msg -DROS_PACKAGE_NAME=\"crb_ros_msg\" -I/workspace/action_data_offset_ws/docker_env/environment/x86_prebuild/install_2204_qpOASES_x86/include -I/workspace/action_data_offset_ws/docker_env/environment/x86_prebuild/install_2204_glog_x86/include -I/workspace/action_data_offset_ws/docker_env/environment/x86_prebuild/onnxruntime-linux-x64-1.19.0/include -I/opt/ros/humble/include -I/workspace/action_data_offset_ws/install:/opt/ros/humble/include -I/usr/include/eigen3 -I/workspace/action_data_offset_ws/build_x86/crb_ros_msg/rosidl_typesupport_introspection_c -I/workspace/action_data_offset_ws/build_x86/crb_ros_msg/rosidl_generator_c -isystem /opt/ros/humble/include/std_msgs -isystem /opt/ros/humble/include/builtin_interfaces -isystem /opt/ros/humble/include/rosidl_runtime_c -isystem /opt/ros/humble/include/rcutils -isystem /opt/ros/humble/include/rosidl_typesupport_interface -isystem /opt/ros/humble/include/sensor_msgs -isystem /opt/ros/humble/include/geometry_msgs -isystem /opt/ros/humble/include/rosidl_typesupport_introspection_c -fPIC -Wall -std=gnu11 -MD -MT CMakeFiles/crb_ros_msg__rosidl_typesupport_introspection_c.dir/rosidl_typesupport_introspection_c/crb_ros_msg/msg/detail/upper_joint_data__type_support.c.o -MF CMakeFiles/crb_ros_msg__rosidl_typesupport_introspection_c.dir/rosidl_typesupport_introspection_c/crb_ros_msg/msg/detail/upper_joint_data__type_support.c.o.d -o CMakeFiles/crb_ros_msg__rosidl_typesupport_introspection_c.dir/rosidl_typesupport_introspection_c/crb_ros_msg/msg/detail/upper_joint_data__type_support.c.o -c /workspace/action_data_offset_ws/build_x86/crb_ros_msg/rosidl_typesupport_introspection_c/crb_ros_msg/msg/detail/upper_joint_data__type_support.c
[4.025s] [ 58%] [32m[1mLinking C shared library libcrb_ros_msg__rosidl_typesupport_introspection_c.so[0m
[4.026s] /usr/bin/cmake -E cmake_link_script CMakeFiles/crb_ros_msg__rosidl_typesupport_introspection_c.dir/link.txt --verbose=1
[4.055s] /usr/bin/cc -fPIC -shared -Wl,-soname,libcrb_ros_msg__rosidl_typesupport_introspection_c.so -o libcrb_ros_msg__rosidl_typesupport_introspection_c.so CMakeFiles/crb_ros_msg__rosidl_typesupport_introspection_c.dir/rosidl_typesupport_introspection_c/crb_ros_msg/msg/detail/upper_joint_data__type_support.c.o  -Wl,-rpath,/workspace/action_data_offset_ws/build_x86/crb_ros_msg:/opt/ros/humble/lib: libcrb_ros_msg__rosidl_generator_c.so /opt/ros/humble/lib/libsensor_msgs__rosidl_typesupport_introspection_c.so /opt/ros/humble/lib/libgeometry_msgs__rosidl_typesupport_introspection_c.so /opt/ros/humble/lib/libstd_msgs__rosidl_typesupport_introspection_c.so /opt/ros/humble/lib/libbuiltin_interfaces__rosidl_typesupport_introspection_c.so /opt/ros/humble/lib/librosidl_typesupport_introspection_c.so /opt/ros/humble/lib/libsensor_msgs__rosidl_generator_c.so /opt/ros/humble/lib/libgeometry_msgs__rosidl_generator_c.so /opt/ros/humble/lib/libstd_msgs__rosidl_generator_c.so /opt/ros/humble/lib/libbuiltin_interfaces__rosidl_generator_c.so /opt/ros/humble/lib/librosidl_runtime_c.so /opt/ros/humble/lib/librcutils.so -ldl 
[4.078s] gmake[2]: Leaving directory '/workspace/action_data_offset_ws/build_x86/crb_ros_msg'
[4.102s] [ 61%] [32m[1mLinking CXX shared library libcrb_ros_msg__rosidl_typesupport_cpp.so[0m
[4.104s] /usr/bin/cmake -E cmake_link_script CMakeFiles/crb_ros_msg__rosidl_typesupport_cpp.dir/link.txt --verbose=1
[4.124s] [ 61%] Built target crb_ros_msg__rosidl_typesupport_introspection_c
[4.144s] /usr/bin/c++ -fPIC -shared -Wl,-soname,libcrb_ros_msg__rosidl_typesupport_cpp.so -o libcrb_ros_msg__rosidl_typesupport_cpp.so CMakeFiles/crb_ros_msg__rosidl_typesupport_cpp.dir/rosidl_typesupport_cpp/crb_ros_msg/msg/upper_joint_data__type_support.cpp.o  -Wl,-rpath,/opt/ros/humble/lib: /opt/ros/humble/lib/libsensor_msgs__rosidl_typesupport_cpp.so /opt/ros/humble/lib/libgeometry_msgs__rosidl_typesupport_cpp.so /opt/ros/humble/lib/libstd_msgs__rosidl_typesupport_cpp.so /opt/ros/humble/lib/libbuiltin_interfaces__rosidl_typesupport_cpp.so /opt/ros/humble/lib/librosidl_typesupport_cpp.so /opt/ros/humble/lib/librosidl_typesupport_c.so /opt/ros/humble/lib/librosidl_runtime_c.so /opt/ros/humble/lib/librcutils.so -ldl -Wl,-rpath-link,/opt/ros/humble/lib 
[4.208s] gmake[2]: Leaving directory '/workspace/action_data_offset_ws/build_x86/crb_ros_msg'
[4.220s] [ 61%] Built target crb_ros_msg__rosidl_typesupport_cpp
[4.285s] [ 64%] [32m[1mLinking CXX shared library libcrb_ros_msg__rosidl_typesupport_introspection_cpp.so[0m
[4.291s] /usr/bin/cmake -E cmake_link_script CMakeFiles/crb_ros_msg__rosidl_typesupport_introspection_cpp.dir/link.txt --verbose=1
[4.313s] /usr/bin/c++ -fPIC -shared -Wl,-soname,libcrb_ros_msg__rosidl_typesupport_introspection_cpp.so -o libcrb_ros_msg__rosidl_typesupport_introspection_cpp.so CMakeFiles/crb_ros_msg__rosidl_typesupport_introspection_cpp.dir/rosidl_typesupport_introspection_cpp/crb_ros_msg/msg/detail/upper_joint_data__type_support.cpp.o  -Wl,-rpath,/opt/ros/humble/lib: /opt/ros/humble/lib/libsensor_msgs__rosidl_typesupport_introspection_cpp.so /opt/ros/humble/lib/libgeometry_msgs__rosidl_typesupport_introspection_cpp.so /opt/ros/humble/lib/libstd_msgs__rosidl_typesupport_introspection_cpp.so /opt/ros/humble/lib/libbuiltin_interfaces__rosidl_typesupport_introspection_cpp.so /opt/ros/humble/lib/librosidl_typesupport_introspection_cpp.so /opt/ros/humble/lib/librosidl_typesupport_introspection_c.so /opt/ros/humble/lib/librosidl_runtime_c.so /opt/ros/humble/lib/librcutils.so -ldl 
[4.371s] gmake[2]: Leaving directory '/workspace/action_data_offset_ws/build_x86/crb_ros_msg'
[4.376s] [ 67%] [32m[1mLinking CXX shared library libcrb_ros_msg__rosidl_typesupport_fastrtps_cpp.so[0m
[4.376s] /usr/bin/cmake -E cmake_link_script CMakeFiles/crb_ros_msg__rosidl_typesupport_fastrtps_cpp.dir/link.txt --verbose=1
[4.380s] [ 67%] Built target crb_ros_msg__rosidl_typesupport_introspection_cpp
[4.387s] /usr/bin/c++ -fPIC -shared -Wl,-soname,libcrb_ros_msg__rosidl_typesupport_fastrtps_cpp.so -o libcrb_ros_msg__rosidl_typesupport_fastrtps_cpp.so CMakeFiles/crb_ros_msg__rosidl_typesupport_fastrtps_cpp.dir/rosidl_typesupport_fastrtps_cpp/crb_ros_msg/msg/detail/dds_fastrtps/upper_joint_data__type_support.cpp.o  -Wl,-rpath,/opt/ros/humble/lib: /opt/ros/humble/lib/libsensor_msgs__rosidl_typesupport_fastrtps_cpp.so /opt/ros/humble/lib/libgeometry_msgs__rosidl_typesupport_fastrtps_cpp.so /opt/ros/humble/lib/libstd_msgs__rosidl_typesupport_fastrtps_cpp.so /opt/ros/humble/lib/libbuiltin_interfaces__rosidl_typesupport_fastrtps_cpp.so /opt/ros/humble/lib/librosidl_typesupport_fastrtps_cpp.so /opt/ros/humble/lib/libfastcdr.so.1.0.24 /opt/ros/humble/lib/librmw.so /opt/ros/humble/lib/librosidl_runtime_c.so /opt/ros/humble/lib/librcutils.so -ldl 
[4.421s] [ 70%] [32m[1mLinking CXX shared library libcrb_ros_msg__rosidl_typesupport_fastrtps_c.so[0m
[4.422s] /usr/bin/cmake -E cmake_link_script CMakeFiles/crb_ros_msg__rosidl_typesupport_fastrtps_c.dir/link.txt --verbose=1
[4.434s] /usr/bin/c++ -fPIC -shared -Wl,-soname,libcrb_ros_msg__rosidl_typesupport_fastrtps_c.so -o libcrb_ros_msg__rosidl_typesupport_fastrtps_c.so CMakeFiles/crb_ros_msg__rosidl_typesupport_fastrtps_c.dir/rosidl_typesupport_fastrtps_c/crb_ros_msg/msg/detail/upper_joint_data__type_support_c.cpp.o  -Wl,-rpath,/workspace/action_data_offset_ws/build_x86/crb_ros_msg:/opt/ros/humble/lib: libcrb_ros_msg__rosidl_generator_c.so /opt/ros/humble/lib/libsensor_msgs__rosidl_typesupport_fastrtps_c.so /opt/ros/humble/lib/libgeometry_msgs__rosidl_typesupport_fastrtps_c.so /opt/ros/humble/lib/libstd_msgs__rosidl_typesupport_fastrtps_c.so /opt/ros/humble/lib/libbuiltin_interfaces__rosidl_typesupport_fastrtps_c.so /opt/ros/humble/lib/librosidl_typesupport_fastrtps_cpp.so /opt/ros/humble/lib/libfastcdr.so.1.0.24 /opt/ros/humble/lib/librmw.so /opt/ros/humble/lib/librosidl_typesupport_fastrtps_c.so /opt/ros/humble/lib/libsensor_msgs__rosidl_generator_c.so /opt/ros/humble/lib/libgeometry_msgs__rosidl_generator_c.so /opt/ros/humble/lib/libstd_msgs__rosidl_generator_c.so /opt/ros/humble/lib/libbuiltin_interfaces__rosidl_generator_c.so /opt/ros/humble/lib/librosidl_runtime_c.so /opt/ros/humble/lib/librcutils.so -ldl 
[4.441s] gmake[2]: Leaving directory '/workspace/action_data_offset_ws/build_x86/crb_ros_msg'
[4.456s] [ 70%] Built target crb_ros_msg__rosidl_typesupport_fastrtps_cpp
[4.478s] gmake[2]: Leaving directory '/workspace/action_data_offset_ws/build_x86/crb_ros_msg'
[4.492s] [ 70%] Built target crb_ros_msg__rosidl_typesupport_fastrtps_c
[4.493s] /usr/bin/gmake  -f CMakeFiles/crb_ros_msg.dir/build.make CMakeFiles/crb_ros_msg.dir/depend
[4.495s] gmake[2]: Entering directory '/workspace/action_data_offset_ws/build_x86/crb_ros_msg'
[4.495s] cd /workspace/action_data_offset_ws/build_x86/crb_ros_msg && /usr/bin/cmake -E cmake_depends "Unix Makefiles" /workspace/action_data_offset_ws/src/crb_ros_msg /workspace/action_data_offset_ws/src/crb_ros_msg /workspace/action_data_offset_ws/build_x86/crb_ros_msg /workspace/action_data_offset_ws/build_x86/crb_ros_msg /workspace/action_data_offset_ws/build_x86/crb_ros_msg/CMakeFiles/crb_ros_msg.dir/DependInfo.cmake --color=
[4.510s] gmake[2]: Leaving directory '/workspace/action_data_offset_ws/build_x86/crb_ros_msg'
[4.510s] /usr/bin/gmake  -f CMakeFiles/crb_ros_msg.dir/build.make CMakeFiles/crb_ros_msg.dir/build
[4.516s] gmake[2]: Entering directory '/workspace/action_data_offset_ws/build_x86/crb_ros_msg'
[4.516s] gmake[2]: Nothing to be done for 'CMakeFiles/crb_ros_msg.dir/build'.
[4.516s] gmake[2]: Leaving directory '/workspace/action_data_offset_ws/build_x86/crb_ros_msg'
[4.536s] [ 70%] Built target crb_ros_msg
[4.537s] /usr/bin/gmake  -f crb_ros_msg__py/CMakeFiles/crb_ros_msg__py.dir/build.make crb_ros_msg__py/CMakeFiles/crb_ros_msg__py.dir/depend
[4.539s] gmake[2]: Entering directory '/workspace/action_data_offset_ws/build_x86/crb_ros_msg'
[4.539s] cd /workspace/action_data_offset_ws/build_x86/crb_ros_msg && /usr/bin/cmake -E cmake_depends "Unix Makefiles" /workspace/action_data_offset_ws/src/crb_ros_msg /workspace/action_data_offset_ws/build_x86/crb_ros_msg/crb_ros_msg__py /workspace/action_data_offset_ws/build_x86/crb_ros_msg /workspace/action_data_offset_ws/build_x86/crb_ros_msg/crb_ros_msg__py /workspace/action_data_offset_ws/build_x86/crb_ros_msg/crb_ros_msg__py/CMakeFiles/crb_ros_msg__py.dir/DependInfo.cmake --color=
[4.560s] gmake[2]: Leaving directory '/workspace/action_data_offset_ws/build_x86/crb_ros_msg'
[4.561s] /usr/bin/gmake  -f crb_ros_msg__py/CMakeFiles/crb_ros_msg__py.dir/build.make crb_ros_msg__py/CMakeFiles/crb_ros_msg__py.dir/build
[4.562s] gmake[2]: Entering directory '/workspace/action_data_offset_ws/build_x86/crb_ros_msg'
[4.576s] [ 74%] [34m[1mGenerating Python code for ROS interfaces[0m
[4.577s] cd /workspace/action_data_offset_ws/build_x86/crb_ros_msg/crb_ros_msg__py && /usr/bin/python3 /opt/ros/humble/share/rosidl_generator_py/cmake/../../../lib/rosidl_generator_py/rosidl_generator_py --generator-arguments-file /workspace/action_data_offset_ws/build_x86/crb_ros_msg/rosidl_generator_py__arguments.json --typesupport-impls "rosidl_typesupport_fastrtps_c;rosidl_typesupport_introspection_c;rosidl_typesupport_c"
[4.761s] gmake[2]: Leaving directory '/workspace/action_data_offset_ws/build_x86/crb_ros_msg'
[4.769s] [ 74%] Built target crb_ros_msg__py
[4.770s] /usr/bin/gmake  -f CMakeFiles/crb_ros_msg__rosidl_generator_py.dir/build.make CMakeFiles/crb_ros_msg__rosidl_generator_py.dir/depend
[4.773s] gmake[2]: Entering directory '/workspace/action_data_offset_ws/build_x86/crb_ros_msg'
[4.773s] cd /workspace/action_data_offset_ws/build_x86/crb_ros_msg && /usr/bin/cmake -E cmake_depends "Unix Makefiles" /workspace/action_data_offset_ws/src/crb_ros_msg /workspace/action_data_offset_ws/src/crb_ros_msg /workspace/action_data_offset_ws/build_x86/crb_ros_msg /workspace/action_data_offset_ws/build_x86/crb_ros_msg /workspace/action_data_offset_ws/build_x86/crb_ros_msg/CMakeFiles/crb_ros_msg__rosidl_generator_py.dir/DependInfo.cmake --color=
[4.784s] gmake[2]: Leaving directory '/workspace/action_data_offset_ws/build_x86/crb_ros_msg'
[4.784s] /usr/bin/gmake  -f CMakeFiles/crb_ros_msg__rosidl_generator_py.dir/build.make CMakeFiles/crb_ros_msg__rosidl_generator_py.dir/build
[4.788s] gmake[2]: Entering directory '/workspace/action_data_offset_ws/build_x86/crb_ros_msg'
[4.798s] [ 77%] [32mBuilding C object CMakeFiles/crb_ros_msg__rosidl_generator_py.dir/rosidl_generator_py/crb_ros_msg/msg/_upper_joint_data_s.c.o[0m
[4.799s] /usr/bin/cc -DRCUTILS_ENABLE_FAULT_INJECTION -DROS_PACKAGE_NAME=\"crb_ros_msg\" -Dcrb_ros_msg__rosidl_generator_py_EXPORTS -I/workspace/action_data_offset_ws/docker_env/environment/x86_prebuild/install_2204_qpOASES_x86/include -I/workspace/action_data_offset_ws/docker_env/environment/x86_prebuild/install_2204_glog_x86/include -I/workspace/action_data_offset_ws/docker_env/environment/x86_prebuild/onnxruntime-linux-x64-1.19.0/include -I/opt/ros/humble/include -I/workspace/action_data_offset_ws/install:/opt/ros/humble/include -I/usr/include/eigen3 -I/workspace/action_data_offset_ws/build_x86/crb_ros_msg/rosidl_generator_c -I/workspace/action_data_offset_ws/build_x86/crb_ros_msg/rosidl_generator_py -I/usr/include/python3.10 -isystem /opt/ros/humble/include/std_msgs -isystem /opt/ros/humble/include/builtin_interfaces -isystem /opt/ros/humble/include/rosidl_runtime_c -isystem /opt/ros/humble/include/rcutils -isystem /opt/ros/humble/include/rosidl_typesupport_interface -isystem /opt/ros/humble/include/sensor_msgs -isystem /opt/ros/humble/include/geometry_msgs -fPIC -Wall -Wextra -MD -MT CMakeFiles/crb_ros_msg__rosidl_generator_py.dir/rosidl_generator_py/crb_ros_msg/msg/_upper_joint_data_s.c.o -MF CMakeFiles/crb_ros_msg__rosidl_generator_py.dir/rosidl_generator_py/crb_ros_msg/msg/_upper_joint_data_s.c.o.d -o CMakeFiles/crb_ros_msg__rosidl_generator_py.dir/rosidl_generator_py/crb_ros_msg/msg/_upper_joint_data_s.c.o -c /workspace/action_data_offset_ws/build_x86/crb_ros_msg/rosidl_generator_py/crb_ros_msg/msg/_upper_joint_data_s.c
[4.940s] [ 80%] [32m[1mLinking C shared library rosidl_generator_py/crb_ros_msg/libcrb_ros_msg__rosidl_generator_py.so[0m
[4.941s] /usr/bin/cmake -E cmake_link_script CMakeFiles/crb_ros_msg__rosidl_generator_py.dir/link.txt --verbose=1
[4.950s] /usr/bin/cc -fPIC -shared -Wl,-soname,libcrb_ros_msg__rosidl_generator_py.so -o rosidl_generator_py/crb_ros_msg/libcrb_ros_msg__rosidl_generator_py.so CMakeFiles/crb_ros_msg__rosidl_generator_py.dir/rosidl_generator_py/crb_ros_msg/msg/_upper_joint_data_s.c.o  -Wl,-rpath,/workspace/action_data_offset_ws/build_x86/crb_ros_msg:/opt/ros/humble/lib: /usr/lib/x86_64-linux-gnu/libpython3.10.so libcrb_ros_msg__rosidl_typesupport_c.so /opt/ros/humble/lib/libsensor_msgs__rosidl_generator_py.so /opt/ros/humble/lib/libgeometry_msgs__rosidl_generator_py.so libcrb_ros_msg__rosidl_generator_c.so /opt/ros/humble/lib/libstd_msgs__rosidl_generator_py.so /opt/ros/humble/lib/libbuiltin_interfaces__rosidl_generator_py.so /usr/lib/x86_64-linux-gnu/libpython3.10.so /opt/ros/humble/lib/libsensor_msgs__rosidl_typesupport_c.so /opt/ros/humble/lib/libsensor_msgs__rosidl_generator_c.so /opt/ros/humble/lib/libgeometry_msgs__rosidl_typesupport_c.so /opt/ros/humble/lib/libgeometry_msgs__rosidl_generator_c.so /opt/ros/humble/lib/libstd_msgs__rosidl_typesupport_c.so /opt/ros/humble/lib/libstd_msgs__rosidl_generator_c.so /opt/ros/humble/lib/libbuiltin_interfaces__rosidl_typesupport_c.so /opt/ros/humble/lib/libbuiltin_interfaces__rosidl_generator_c.so /opt/ros/humble/lib/librosidl_runtime_c.so /opt/ros/humble/lib/librcutils.so -ldl -Wl,-rpath-link,/opt/ros/humble/lib 
[4.982s] gmake[2]: Leaving directory '/workspace/action_data_offset_ws/build_x86/crb_ros_msg'
[4.991s] [ 80%] Built target crb_ros_msg__rosidl_generator_py
[4.992s] /usr/bin/gmake  -f CMakeFiles/crb_ros_msg__rosidl_typesupport_fastrtps_c__pyext.dir/build.make CMakeFiles/crb_ros_msg__rosidl_typesupport_fastrtps_c__pyext.dir/depend
[4.993s] /usr/bin/gmake  -f CMakeFiles/crb_ros_msg__rosidl_typesupport_introspection_c__pyext.dir/build.make CMakeFiles/crb_ros_msg__rosidl_typesupport_introspection_c__pyext.dir/depend
[4.993s] /usr/bin/gmake  -f CMakeFiles/crb_ros_msg__rosidl_typesupport_c__pyext.dir/build.make CMakeFiles/crb_ros_msg__rosidl_typesupport_c__pyext.dir/depend
[4.996s] gmake[2]: Entering directory '/workspace/action_data_offset_ws/build_x86/crb_ros_msg'
[4.996s] cd /workspace/action_data_offset_ws/build_x86/crb_ros_msg && /usr/bin/cmake -E cmake_depends "Unix Makefiles" /workspace/action_data_offset_ws/src/crb_ros_msg /workspace/action_data_offset_ws/src/crb_ros_msg /workspace/action_data_offset_ws/build_x86/crb_ros_msg /workspace/action_data_offset_ws/build_x86/crb_ros_msg /workspace/action_data_offset_ws/build_x86/crb_ros_msg/CMakeFiles/crb_ros_msg__rosidl_typesupport_c__pyext.dir/DependInfo.cmake --color=
[4.996s] gmake[2]: Entering directory '/workspace/action_data_offset_ws/build_x86/crb_ros_msg'
[4.997s] cd /workspace/action_data_offset_ws/build_x86/crb_ros_msg && /usr/bin/cmake -E cmake_depends "Unix Makefiles" /workspace/action_data_offset_ws/src/crb_ros_msg /workspace/action_data_offset_ws/src/crb_ros_msg /workspace/action_data_offset_ws/build_x86/crb_ros_msg /workspace/action_data_offset_ws/build_x86/crb_ros_msg /workspace/action_data_offset_ws/build_x86/crb_ros_msg/CMakeFiles/crb_ros_msg__rosidl_typesupport_introspection_c__pyext.dir/DependInfo.cmake --color=
[4.997s] gmake[2]: Entering directory '/workspace/action_data_offset_ws/build_x86/crb_ros_msg'
[4.997s] cd /workspace/action_data_offset_ws/build_x86/crb_ros_msg && /usr/bin/cmake -E cmake_depends "Unix Makefiles" /workspace/action_data_offset_ws/src/crb_ros_msg /workspace/action_data_offset_ws/src/crb_ros_msg /workspace/action_data_offset_ws/build_x86/crb_ros_msg /workspace/action_data_offset_ws/build_x86/crb_ros_msg /workspace/action_data_offset_ws/build_x86/crb_ros_msg/CMakeFiles/crb_ros_msg__rosidl_typesupport_fastrtps_c__pyext.dir/DependInfo.cmake --color=
[5.009s] gmake[2]: Leaving directory '/workspace/action_data_offset_ws/build_x86/crb_ros_msg'
[5.010s] gmake[2]: Leaving directory '/workspace/action_data_offset_ws/build_x86/crb_ros_msg'
[5.010s] /usr/bin/gmake  -f CMakeFiles/crb_ros_msg__rosidl_typesupport_introspection_c__pyext.dir/build.make CMakeFiles/crb_ros_msg__rosidl_typesupport_introspection_c__pyext.dir/build
[5.010s] gmake[2]: Leaving directory '/workspace/action_data_offset_ws/build_x86/crb_ros_msg'
[5.010s] /usr/bin/gmake  -f CMakeFiles/crb_ros_msg__rosidl_typesupport_fastrtps_c__pyext.dir/build.make CMakeFiles/crb_ros_msg__rosidl_typesupport_fastrtps_c__pyext.dir/build
[5.010s] /usr/bin/gmake  -f CMakeFiles/crb_ros_msg__rosidl_typesupport_c__pyext.dir/build.make CMakeFiles/crb_ros_msg__rosidl_typesupport_c__pyext.dir/build
[5.011s] gmake[2]: Entering directory '/workspace/action_data_offset_ws/build_x86/crb_ros_msg'
[5.012s] gmake[2]: Entering directory '/workspace/action_data_offset_ws/build_x86/crb_ros_msg'
[5.012s] gmake[2]: Entering directory '/workspace/action_data_offset_ws/build_x86/crb_ros_msg'
[5.021s] [ 83%] [32mBuilding C object CMakeFiles/crb_ros_msg__rosidl_typesupport_introspection_c__pyext.dir/rosidl_generator_py/crb_ros_msg/_crb_ros_msg_s.ep.rosidl_typesupport_introspection_c.c.o[0m
[5.022s] /usr/bin/cc -DRCUTILS_ENABLE_FAULT_INJECTION -DROS_PACKAGE_NAME=\"crb_ros_msg\" -Dcrb_ros_msg__rosidl_typesupport_introspection_c__pyext_EXPORTS -I/workspace/action_data_offset_ws/docker_env/environment/x86_prebuild/install_2204_qpOASES_x86/include -I/workspace/action_data_offset_ws/docker_env/environment/x86_prebuild/install_2204_glog_x86/include -I/workspace/action_data_offset_ws/docker_env/environment/x86_prebuild/onnxruntime-linux-x64-1.19.0/include -I/opt/ros/humble/include -I/workspace/action_data_offset_ws/install:/opt/ros/humble/include -I/usr/include/eigen3 -I/workspace/action_data_offset_ws/build_x86/crb_ros_msg/rosidl_generator_c -I/workspace/action_data_offset_ws/build_x86/crb_ros_msg/rosidl_generator_py -I/usr/include/python3.10 -I/workspace/action_data_offset_ws/build_x86/crb_ros_msg/rosidl_typesupport_introspection_c -isystem /opt/ros/humble/include/rosidl_runtime_c -isystem /opt/ros/humble/include/rosidl_typesupport_c -isystem /opt/ros/humble/include/rosidl_typesupport_interface -isystem /opt/ros/humble/include/std_msgs -isystem /opt/ros/humble/include/builtin_interfaces -isystem /opt/ros/humble/include/sensor_msgs -isystem /opt/ros/humble/include/geometry_msgs -isystem /opt/ros/humble/include/rmw -isystem /opt/ros/humble/include/rcutils -isystem /opt/ros/humble/include/rosidl_typesupport_introspection_c -isystem /opt/ros/humble/include/fastcdr -isystem /opt/ros/humble/include/rosidl_runtime_cpp -isystem /opt/ros/humble/include/rosidl_typesupport_fastrtps_cpp -isystem /opt/ros/humble/include/rosidl_typesupport_fastrtps_c -isystem /opt/ros/humble/include/rosidl_typesupport_introspection_cpp -fPIC -Wall -Wextra -MD -MT CMakeFiles/crb_ros_msg__rosidl_typesupport_introspection_c__pyext.dir/rosidl_generator_py/crb_ros_msg/_crb_ros_msg_s.ep.rosidl_typesupport_introspection_c.c.o -MF CMakeFiles/crb_ros_msg__rosidl_typesupport_introspection_c__pyext.dir/rosidl_generator_py/crb_ros_msg/_crb_ros_msg_s.ep.rosidl_typesupport_introspection_c.c.o.d -o CMakeFiles/crb_ros_msg__rosidl_typesupport_introspection_c__pyext.dir/rosidl_generator_py/crb_ros_msg/_crb_ros_msg_s.ep.rosidl_typesupport_introspection_c.c.o -c /workspace/action_data_offset_ws/build_x86/crb_ros_msg/rosidl_generator_py/crb_ros_msg/_crb_ros_msg_s.ep.rosidl_typesupport_introspection_c.c
[5.023s] [ 87%] [32mBuilding C object CMakeFiles/crb_ros_msg__rosidl_typesupport_fastrtps_c__pyext.dir/rosidl_generator_py/crb_ros_msg/_crb_ros_msg_s.ep.rosidl_typesupport_fastrtps_c.c.o[0m
[5.024s] /usr/bin/cc -DRCUTILS_ENABLE_FAULT_INJECTION -DROS_PACKAGE_NAME=\"crb_ros_msg\" -Dcrb_ros_msg__rosidl_typesupport_fastrtps_c__pyext_EXPORTS -I/workspace/action_data_offset_ws/docker_env/environment/x86_prebuild/install_2204_qpOASES_x86/include -I/workspace/action_data_offset_ws/docker_env/environment/x86_prebuild/install_2204_glog_x86/include -I/workspace/action_data_offset_ws/docker_env/environment/x86_prebuild/onnxruntime-linux-x64-1.19.0/include -I/opt/ros/humble/include -I/workspace/action_data_offset_ws/install:/opt/ros/humble/include -I/usr/include/eigen3 -I/workspace/action_data_offset_ws/build_x86/crb_ros_msg/rosidl_generator_c -I/workspace/action_data_offset_ws/build_x86/crb_ros_msg/rosidl_generator_py -I/usr/include/python3.10 -I/workspace/action_data_offset_ws/build_x86/crb_ros_msg/rosidl_typesupport_fastrtps_c -isystem /opt/ros/humble/include/rosidl_runtime_c -isystem /opt/ros/humble/include/rosidl_typesupport_c -isystem /opt/ros/humble/include/rosidl_typesupport_interface -isystem /opt/ros/humble/include/std_msgs -isystem /opt/ros/humble/include/builtin_interfaces -isystem /opt/ros/humble/include/sensor_msgs -isystem /opt/ros/humble/include/geometry_msgs -isystem /opt/ros/humble/include/rmw -isystem /opt/ros/humble/include/rcutils -isystem /opt/ros/humble/include/fastcdr -isystem /opt/ros/humble/include/rosidl_runtime_cpp -isystem /opt/ros/humble/include/rosidl_typesupport_fastrtps_cpp -isystem /opt/ros/humble/include/rosidl_typesupport_fastrtps_c -isystem /opt/ros/humble/include/rosidl_typesupport_introspection_c -isystem /opt/ros/humble/include/rosidl_typesupport_introspection_cpp -fPIC -Wall -Wextra -MD -MT CMakeFiles/crb_ros_msg__rosidl_typesupport_fastrtps_c__pyext.dir/rosidl_generator_py/crb_ros_msg/_crb_ros_msg_s.ep.rosidl_typesupport_fastrtps_c.c.o -MF CMakeFiles/crb_ros_msg__rosidl_typesupport_fastrtps_c__pyext.dir/rosidl_generator_py/crb_ros_msg/_crb_ros_msg_s.ep.rosidl_typesupport_fastrtps_c.c.o.d -o CMakeFiles/crb_ros_msg__rosidl_typesupport_fastrtps_c__pyext.dir/rosidl_generator_py/crb_ros_msg/_crb_ros_msg_s.ep.rosidl_typesupport_fastrtps_c.c.o -c /workspace/action_data_offset_ws/build_x86/crb_ros_msg/rosidl_generator_py/crb_ros_msg/_crb_ros_msg_s.ep.rosidl_typesupport_fastrtps_c.c
[5.027s] [ 90%] [32mBuilding C object CMakeFiles/crb_ros_msg__rosidl_typesupport_c__pyext.dir/rosidl_generator_py/crb_ros_msg/_crb_ros_msg_s.ep.rosidl_typesupport_c.c.o[0m
[5.027s] /usr/bin/cc -DRCUTILS_ENABLE_FAULT_INJECTION -DROS_PACKAGE_NAME=\"crb_ros_msg\" -Dcrb_ros_msg__rosidl_typesupport_c__pyext_EXPORTS -I/workspace/action_data_offset_ws/docker_env/environment/x86_prebuild/install_2204_qpOASES_x86/include -I/workspace/action_data_offset_ws/docker_env/environment/x86_prebuild/install_2204_glog_x86/include -I/workspace/action_data_offset_ws/docker_env/environment/x86_prebuild/onnxruntime-linux-x64-1.19.0/include -I/opt/ros/humble/include -I/workspace/action_data_offset_ws/install:/opt/ros/humble/include -I/usr/include/eigen3 -I/workspace/action_data_offset_ws/build_x86/crb_ros_msg/rosidl_generator_c -I/workspace/action_data_offset_ws/build_x86/crb_ros_msg/rosidl_generator_py -I/usr/include/python3.10 -isystem /opt/ros/humble/include/rosidl_runtime_c -isystem /opt/ros/humble/include/rosidl_typesupport_c -isystem /opt/ros/humble/include/rosidl_typesupport_interface -isystem /opt/ros/humble/include/std_msgs -isystem /opt/ros/humble/include/builtin_interfaces -isystem /opt/ros/humble/include/sensor_msgs -isystem /opt/ros/humble/include/geometry_msgs -isystem /opt/ros/humble/include/rmw -isystem /opt/ros/humble/include/rcutils -isystem /opt/ros/humble/include/fastcdr -isystem /opt/ros/humble/include/rosidl_runtime_cpp -isystem /opt/ros/humble/include/rosidl_typesupport_fastrtps_cpp -isystem /opt/ros/humble/include/rosidl_typesupport_fastrtps_c -isystem /opt/ros/humble/include/rosidl_typesupport_introspection_c -isystem /opt/ros/humble/include/rosidl_typesupport_introspection_cpp -fPIC -Wall -Wextra -MD -MT CMakeFiles/crb_ros_msg__rosidl_typesupport_c__pyext.dir/rosidl_generator_py/crb_ros_msg/_crb_ros_msg_s.ep.rosidl_typesupport_c.c.o -MF CMakeFiles/crb_ros_msg__rosidl_typesupport_c__pyext.dir/rosidl_generator_py/crb_ros_msg/_crb_ros_msg_s.ep.rosidl_typesupport_c.c.o.d -o CMakeFiles/crb_ros_msg__rosidl_typesupport_c__pyext.dir/rosidl_generator_py/crb_ros_msg/_crb_ros_msg_s.ep.rosidl_typesupport_c.c.o -c /workspace/action_data_offset_ws/build_x86/crb_ros_msg/rosidl_generator_py/crb_ros_msg/_crb_ros_msg_s.ep.rosidl_typesupport_c.c
[5.134s] [ 93%] [32m[1mLinking C shared library rosidl_generator_py/crb_ros_msg/crb_ros_msg_s__rosidl_typesupport_introspection_c.cpython-310-x86_64-linux-gnu.so[0m
[5.135s] /usr/bin/cmake -E cmake_link_script CMakeFiles/crb_ros_msg__rosidl_typesupport_introspection_c__pyext.dir/link.txt --verbose=1
[5.137s] [ 96%] [32m[1mLinking C shared library rosidl_generator_py/crb_ros_msg/crb_ros_msg_s__rosidl_typesupport_fastrtps_c.cpython-310-x86_64-linux-gnu.so[0m
[5.138s] /usr/bin/cmake -E cmake_link_script CMakeFiles/crb_ros_msg__rosidl_typesupport_fastrtps_c__pyext.dir/link.txt --verbose=1
[5.143s] /usr/bin/cc -fPIC -shared -Wl,-soname,crb_ros_msg_s__rosidl_typesupport_introspection_c.cpython-310-x86_64-linux-gnu.so -o rosidl_generator_py/crb_ros_msg/crb_ros_msg_s__rosidl_typesupport_introspection_c.cpython-310-x86_64-linux-gnu.so CMakeFiles/crb_ros_msg__rosidl_typesupport_introspection_c__pyext.dir/rosidl_generator_py/crb_ros_msg/_crb_ros_msg_s.ep.rosidl_typesupport_introspection_c.c.o  -Wl,-rpath,/workspace/action_data_offset_ws/build_x86/crb_ros_msg/rosidl_generator_py/crb_ros_msg:/workspace/action_data_offset_ws/build_x86/crb_ros_msg:/opt/ros/humble/lib: rosidl_generator_py/crb_ros_msg/libcrb_ros_msg__rosidl_generator_py.so /usr/lib/x86_64-linux-gnu/libpython3.10.so libcrb_ros_msg__rosidl_typesupport_introspection_c.so libcrb_ros_msg__rosidl_typesupport_c.so /opt/ros/humble/lib/libsensor_msgs__rosidl_typesupport_fastrtps_c.so /opt/ros/humble/lib/libsensor_msgs__rosidl_typesupport_fastrtps_cpp.so /opt/ros/humble/lib/libsensor_msgs__rosidl_typesupport_introspection_c.so /opt/ros/humble/lib/libsensor_msgs__rosidl_typesupport_introspection_cpp.so /opt/ros/humble/lib/libsensor_msgs__rosidl_generator_py.so /opt/ros/humble/lib/libgeometry_msgs__rosidl_typesupport_fastrtps_c.so /opt/ros/humble/lib/libgeometry_msgs__rosidl_typesupport_introspection_c.so /opt/ros/humble/lib/libgeometry_msgs__rosidl_typesupport_fastrtps_cpp.so /opt/ros/humble/lib/libgeometry_msgs__rosidl_typesupport_introspection_cpp.so /opt/ros/humble/lib/libgeometry_msgs__rosidl_generator_py.so /opt/ros/humble/lib/librmw.so /opt/ros/humble/lib/libsensor_msgs__rosidl_typesupport_c.so /opt/ros/humble/lib/libstd_msgs__rosidl_generator_py.so /opt/ros/humble/lib/libbuiltin_interfaces__rosidl_generator_py.so /usr/lib/x86_64-linux-gnu/libpython3.10.so /opt/ros/humble/lib/libgeometry_msgs__rosidl_typesupport_c.so /opt/ros/humble/lib/libstd_msgs__rosidl_typesupport_c.so /opt/ros/humble/lib/libbuiltin_interfaces__rosidl_typesupport_c.so /opt/ros/humble/lib/libstd_msgs__rosidl_typesupport_introspection_c.so /opt/ros/humble/lib/libbuiltin_interfaces__rosidl_typesupport_introspection_c.so libcrb_ros_msg__rosidl_generator_c.so /opt/ros/humble/lib/libsensor_msgs__rosidl_generator_c.so /opt/ros/humble/lib/libstd_msgs__rosidl_typesupport_fastrtps_c.so /opt/ros/humble/lib/libbuiltin_interfaces__rosidl_typesupport_fastrtps_c.so /opt/ros/humble/lib/libgeometry_msgs__rosidl_generator_c.so /opt/ros/humble/lib/libstd_msgs__rosidl_generator_c.so /opt/ros/humble/lib/libbuiltin_interfaces__rosidl_generator_c.so /opt/ros/humble/lib/librosidl_typesupport_fastrtps_c.so /opt/ros/humble/lib/libstd_msgs__rosidl_typesupport_fastrtps_cpp.so /opt/ros/humble/lib/libbuiltin_interfaces__rosidl_typesupport_fastrtps_cpp.so /opt/ros/humble/lib/librosidl_typesupport_fastrtps_cpp.so /opt/ros/humble/lib/libfastcdr.so.1.0.24 /opt/ros/humble/lib/librmw.so /opt/ros/humble/lib/libstd_msgs__rosidl_typesupport_introspection_cpp.so /opt/ros/humble/lib/libbuiltin_interfaces__rosidl_typesupport_introspection_cpp.so /opt/ros/humble/lib/librosidl_typesupport_introspection_cpp.so /opt/ros/humble/lib/librosidl_typesupport_introspection_c.so /opt/ros/humble/lib/libsensor_msgs__rosidl_typesupport_cpp.so /opt/ros/humble/lib/libgeometry_msgs__rosidl_typesupport_cpp.so /opt/ros/humble/lib/libstd_msgs__rosidl_typesupport_cpp.so /opt/ros/humble/lib/libbuiltin_interfaces__rosidl_typesupport_cpp.so /opt/ros/humble/lib/librosidl_typesupport_c.so /opt/ros/humble/lib/librosidl_runtime_c.so /opt/ros/humble/lib/librcutils.so -ldl -Wl,-rpath-link,/opt/ros/humble/lib 
[5.145s] [100%] [32m[1mLinking C shared library rosidl_generator_py/crb_ros_msg/crb_ros_msg_s__rosidl_typesupport_c.cpython-310-x86_64-linux-gnu.so[0m
[5.146s] /usr/bin/cmake -E cmake_link_script CMakeFiles/crb_ros_msg__rosidl_typesupport_c__pyext.dir/link.txt --verbose=1
[5.148s] /usr/bin/cc -fPIC -shared -Wl,-soname,crb_ros_msg_s__rosidl_typesupport_fastrtps_c.cpython-310-x86_64-linux-gnu.so -o rosidl_generator_py/crb_ros_msg/crb_ros_msg_s__rosidl_typesupport_fastrtps_c.cpython-310-x86_64-linux-gnu.so CMakeFiles/crb_ros_msg__rosidl_typesupport_fastrtps_c__pyext.dir/rosidl_generator_py/crb_ros_msg/_crb_ros_msg_s.ep.rosidl_typesupport_fastrtps_c.c.o  -Wl,-rpath,/workspace/action_data_offset_ws/build_x86/crb_ros_msg/rosidl_generator_py/crb_ros_msg:/workspace/action_data_offset_ws/build_x86/crb_ros_msg:/opt/ros/humble/lib: rosidl_generator_py/crb_ros_msg/libcrb_ros_msg__rosidl_generator_py.so /usr/lib/x86_64-linux-gnu/libpython3.10.so libcrb_ros_msg__rosidl_typesupport_fastrtps_c.so libcrb_ros_msg__rosidl_typesupport_c.so /opt/ros/humble/lib/libsensor_msgs__rosidl_typesupport_fastrtps_c.so /opt/ros/humble/lib/libsensor_msgs__rosidl_typesupport_fastrtps_cpp.so /opt/ros/humble/lib/libsensor_msgs__rosidl_typesupport_introspection_c.so /opt/ros/humble/lib/libsensor_msgs__rosidl_typesupport_introspection_cpp.so /opt/ros/humble/lib/libsensor_msgs__rosidl_generator_py.so /opt/ros/humble/lib/libgeometry_msgs__rosidl_typesupport_fastrtps_c.so /opt/ros/humble/lib/libgeometry_msgs__rosidl_typesupport_introspection_c.so /opt/ros/humble/lib/libgeometry_msgs__rosidl_typesupport_fastrtps_cpp.so /opt/ros/humble/lib/libgeometry_msgs__rosidl_typesupport_introspection_cpp.so /opt/ros/humble/lib/libgeometry_msgs__rosidl_generator_py.so /opt/ros/humble/lib/librmw.so /opt/ros/humble/lib/libsensor_msgs__rosidl_typesupport_c.so /opt/ros/humble/lib/libstd_msgs__rosidl_generator_py.so /opt/ros/humble/lib/libbuiltin_interfaces__rosidl_generator_py.so /usr/lib/x86_64-linux-gnu/libpython3.10.so /opt/ros/humble/lib/libgeometry_msgs__rosidl_typesupport_c.so /opt/ros/humble/lib/libstd_msgs__rosidl_typesupport_c.so /opt/ros/humble/lib/libbuiltin_interfaces__rosidl_typesupport_c.so /opt/ros/humble/lib/libstd_msgs__rosidl_typesupport_fastrtps_c.so /opt/ros/humble/lib/libbuiltin_interfaces__rosidl_typesupport_fastrtps_c.so libcrb_ros_msg__rosidl_generator_c.so /opt/ros/humble/lib/librosidl_typesupport_fastrtps_c.so /opt/ros/humble/lib/libstd_msgs__rosidl_typesupport_fastrtps_cpp.so /opt/ros/humble/lib/libbuiltin_interfaces__rosidl_typesupport_fastrtps_cpp.so /opt/ros/humble/lib/librosidl_typesupport_fastrtps_cpp.so /opt/ros/humble/lib/libfastcdr.so.1.0.24 /opt/ros/humble/lib/librmw.so /opt/ros/humble/lib/libsensor_msgs__rosidl_generator_c.so /opt/ros/humble/lib/libstd_msgs__rosidl_typesupport_introspection_c.so /opt/ros/humble/lib/libbuiltin_interfaces__rosidl_typesupport_introspection_c.so /opt/ros/humble/lib/libgeometry_msgs__rosidl_generator_c.so /opt/ros/humble/lib/libstd_msgs__rosidl_generator_c.so /opt/ros/humble/lib/libbuiltin_interfaces__rosidl_generator_c.so /opt/ros/humble/lib/libstd_msgs__rosidl_typesupport_introspection_cpp.so /opt/ros/humble/lib/libbuiltin_interfaces__rosidl_typesupport_introspection_cpp.so /opt/ros/humble/lib/librosidl_typesupport_introspection_cpp.so /opt/ros/humble/lib/librosidl_typesupport_introspection_c.so /opt/ros/humble/lib/libsensor_msgs__rosidl_typesupport_cpp.so /opt/ros/humble/lib/libgeometry_msgs__rosidl_typesupport_cpp.so /opt/ros/humble/lib/libstd_msgs__rosidl_typesupport_cpp.so /opt/ros/humble/lib/libbuiltin_interfaces__rosidl_typesupport_cpp.so /opt/ros/humble/lib/librosidl_typesupport_c.so /opt/ros/humble/lib/librosidl_runtime_c.so /opt/ros/humble/lib/librcutils.so -ldl -Wl,-rpath-link,/opt/ros/humble/lib 
[5.155s] /usr/bin/cc -fPIC -shared -Wl,-soname,crb_ros_msg_s__rosidl_typesupport_c.cpython-310-x86_64-linux-gnu.so -o rosidl_generator_py/crb_ros_msg/crb_ros_msg_s__rosidl_typesupport_c.cpython-310-x86_64-linux-gnu.so CMakeFiles/crb_ros_msg__rosidl_typesupport_c__pyext.dir/rosidl_generator_py/crb_ros_msg/_crb_ros_msg_s.ep.rosidl_typesupport_c.c.o  -Wl,-rpath,/workspace/action_data_offset_ws/build_x86/crb_ros_msg/rosidl_generator_py/crb_ros_msg:/workspace/action_data_offset_ws/build_x86/crb_ros_msg:/opt/ros/humble/lib: rosidl_generator_py/crb_ros_msg/libcrb_ros_msg__rosidl_generator_py.so /usr/lib/x86_64-linux-gnu/libpython3.10.so libcrb_ros_msg__rosidl_typesupport_c.so /opt/ros/humble/lib/libsensor_msgs__rosidl_typesupport_fastrtps_c.so /opt/ros/humble/lib/libsensor_msgs__rosidl_typesupport_fastrtps_cpp.so /opt/ros/humble/lib/libsensor_msgs__rosidl_typesupport_introspection_c.so /opt/ros/humble/lib/libsensor_msgs__rosidl_typesupport_introspection_cpp.so /opt/ros/humble/lib/libsensor_msgs__rosidl_generator_py.so /opt/ros/humble/lib/libgeometry_msgs__rosidl_typesupport_fastrtps_c.so /opt/ros/humble/lib/libgeometry_msgs__rosidl_typesupport_introspection_c.so /opt/ros/humble/lib/libgeometry_msgs__rosidl_typesupport_fastrtps_cpp.so /opt/ros/humble/lib/libgeometry_msgs__rosidl_typesupport_introspection_cpp.so /opt/ros/humble/lib/libgeometry_msgs__rosidl_generator_py.so /opt/ros/humble/lib/librmw.so /opt/ros/humble/lib/libsensor_msgs__rosidl_typesupport_c.so /opt/ros/humble/lib/libstd_msgs__rosidl_generator_py.so /opt/ros/humble/lib/libbuiltin_interfaces__rosidl_generator_py.so /usr/lib/x86_64-linux-gnu/libpython3.10.so /opt/ros/humble/lib/libgeometry_msgs__rosidl_typesupport_c.so /opt/ros/humble/lib/libstd_msgs__rosidl_typesupport_c.so /opt/ros/humble/lib/libbuiltin_interfaces__rosidl_typesupport_c.so libcrb_ros_msg__rosidl_generator_c.so /opt/ros/humble/lib/libstd_msgs__rosidl_typesupport_fastrtps_c.so /opt/ros/humble/lib/libbuiltin_interfaces__rosidl_typesupport_fastrtps_c.so /opt/ros/humble/lib/librosidl_typesupport_fastrtps_c.so /opt/ros/humble/lib/libstd_msgs__rosidl_typesupport_fastrtps_cpp.so /opt/ros/humble/lib/libbuiltin_interfaces__rosidl_typesupport_fastrtps_cpp.so /opt/ros/humble/lib/librosidl_typesupport_fastrtps_cpp.so /opt/ros/humble/lib/libfastcdr.so.1.0.24 /opt/ros/humble/lib/librmw.so /opt/ros/humble/lib/libsensor_msgs__rosidl_generator_c.so /opt/ros/humble/lib/libstd_msgs__rosidl_typesupport_introspection_c.so /opt/ros/humble/lib/libbuiltin_interfaces__rosidl_typesupport_introspection_c.so /opt/ros/humble/lib/libgeometry_msgs__rosidl_generator_c.so /opt/ros/humble/lib/libstd_msgs__rosidl_generator_c.so /opt/ros/humble/lib/libbuiltin_interfaces__rosidl_generator_c.so /opt/ros/humble/lib/libstd_msgs__rosidl_typesupport_introspection_cpp.so /opt/ros/humble/lib/libbuiltin_interfaces__rosidl_typesupport_introspection_cpp.so /opt/ros/humble/lib/librosidl_typesupport_introspection_cpp.so /opt/ros/humble/lib/librosidl_typesupport_introspection_c.so /opt/ros/humble/lib/libsensor_msgs__rosidl_typesupport_cpp.so /opt/ros/humble/lib/libgeometry_msgs__rosidl_typesupport_cpp.so /opt/ros/humble/lib/libstd_msgs__rosidl_typesupport_cpp.so /opt/ros/humble/lib/libbuiltin_interfaces__rosidl_typesupport_cpp.so /opt/ros/humble/lib/librosidl_typesupport_c.so /opt/ros/humble/lib/librosidl_runtime_c.so /opt/ros/humble/lib/librcutils.so -ldl -Wl,-rpath-link,/opt/ros/humble/lib 
[5.170s] gmake[2]: Leaving directory '/workspace/action_data_offset_ws/build_x86/crb_ros_msg'
[5.182s] [100%] Built target crb_ros_msg__rosidl_typesupport_introspection_c__pyext
[5.192s] gmake[2]: Leaving directory '/workspace/action_data_offset_ws/build_x86/crb_ros_msg'
[5.197s] gmake[2]: Leaving directory '/workspace/action_data_offset_ws/build_x86/crb_ros_msg'
[5.200s] [100%] Built target crb_ros_msg__rosidl_typesupport_fastrtps_c__pyext
[5.207s] [100%] Built target crb_ros_msg__rosidl_typesupport_c__pyext
[5.208s] gmake[1]: Leaving directory '/workspace/action_data_offset_ws/build_x86/crb_ros_msg'
[5.208s] /usr/bin/cmake -E cmake_progress_start /workspace/action_data_offset_ws/build_x86/crb_ros_msg/CMakeFiles 0
[5.225s] Invoked command in '/workspace/action_data_offset_ws/build/crb_ros_msg' returned '0': CMAKE_PREFIX_PATH=${CMAKE_PREFIX_PATH}:/opt/ros/humble /usr/bin/cmake --build /workspace/action_data_offset_ws/build/crb_ros_msg -- -j16 -l16
[5.237s] Invoking command in '/workspace/action_data_offset_ws/build/crb_ros_msg': CMAKE_PREFIX_PATH=${CMAKE_PREFIX_PATH}:/opt/ros/humble /usr/bin/cmake --install /workspace/action_data_offset_ws/build/crb_ros_msg
[5.249s] -- Install configuration: ""
[5.250s] -- Installing: /workspace/action_data_offset_ws/install/share/ament_index/resource_index/rosidl_interfaces/crb_ros_msg
[5.250s] -- Installing: /workspace/action_data_offset_ws/install/include/crb_ros_msg/crb_ros_msg
[5.250s] -- Installing: /workspace/action_data_offset_ws/install/include/crb_ros_msg/crb_ros_msg/msg
[5.250s] -- Installing: /workspace/action_data_offset_ws/install/include/crb_ros_msg/crb_ros_msg/msg/detail
[5.251s] -- Installing: /workspace/action_data_offset_ws/install/include/crb_ros_msg/crb_ros_msg/msg/detail/upper_joint_data__functions.h
[5.251s] -- Installing: /workspace/action_data_offset_ws/install/include/crb_ros_msg/crb_ros_msg/msg/detail/upper_joint_data__type_support.h
[5.251s] -- Installing: /workspace/action_data_offset_ws/install/include/crb_ros_msg/crb_ros_msg/msg/detail/upper_joint_data__functions.c
[5.251s] -- Installing: /workspace/action_data_offset_ws/install/include/crb_ros_msg/crb_ros_msg/msg/detail/upper_joint_data__struct.h
[5.251s] -- Installing: /workspace/action_data_offset_ws/install/include/crb_ros_msg/crb_ros_msg/msg/rosidl_generator_c__visibility_control.h
[5.252s] -- Installing: /workspace/action_data_offset_ws/install/include/crb_ros_msg/crb_ros_msg/msg/upper_joint_data.h
[5.252s] -- Installing: /workspace/action_data_offset_ws/install/share/crb_ros_msg/environment/library_path.sh
[5.253s] -- Installing: /workspace/action_data_offset_ws/install/share/crb_ros_msg/environment/library_path.dsv
[5.253s] -- Installing: /workspace/action_data_offset_ws/install/lib/libcrb_ros_msg__rosidl_generator_c.so
[5.255s] -- Set runtime path of "/workspace/action_data_offset_ws/install/lib/libcrb_ros_msg__rosidl_generator_c.so" to ""
[5.255s] -- Up-to-date: /workspace/action_data_offset_ws/install/include/crb_ros_msg/crb_ros_msg
[5.255s] -- Up-to-date: /workspace/action_data_offset_ws/install/include/crb_ros_msg/crb_ros_msg/msg
[5.255s] -- Installing: /workspace/action_data_offset_ws/install/include/crb_ros_msg/crb_ros_msg/msg/rosidl_typesupport_fastrtps_c__visibility_control.h
[5.256s] -- Up-to-date: /workspace/action_data_offset_ws/install/include/crb_ros_msg/crb_ros_msg/msg/detail
[5.256s] -- Installing: /workspace/action_data_offset_ws/install/include/crb_ros_msg/crb_ros_msg/msg/detail/upper_joint_data__rosidl_typesupport_fastrtps_c.h
[5.256s] -- Installing: /workspace/action_data_offset_ws/install/lib/libcrb_ros_msg__rosidl_typesupport_fastrtps_c.so
[5.258s] -- Set runtime path of "/workspace/action_data_offset_ws/install/lib/libcrb_ros_msg__rosidl_typesupport_fastrtps_c.so" to ""
[5.259s] -- Up-to-date: /workspace/action_data_offset_ws/install/include/crb_ros_msg/crb_ros_msg
[5.259s] -- Up-to-date: /workspace/action_data_offset_ws/install/include/crb_ros_msg/crb_ros_msg/msg
[5.259s] -- Up-to-date: /workspace/action_data_offset_ws/install/include/crb_ros_msg/crb_ros_msg/msg/detail
[5.259s] -- Installing: /workspace/action_data_offset_ws/install/include/crb_ros_msg/crb_ros_msg/msg/detail/upper_joint_data__rosidl_typesupport_introspection_c.h
[5.259s] -- Installing: /workspace/action_data_offset_ws/install/include/crb_ros_msg/crb_ros_msg/msg/detail/upper_joint_data__type_support.c
[5.260s] -- Installing: /workspace/action_data_offset_ws/install/include/crb_ros_msg/crb_ros_msg/msg/rosidl_typesupport_introspection_c__visibility_control.h
[5.260s] -- Installing: /workspace/action_data_offset_ws/install/lib/libcrb_ros_msg__rosidl_typesupport_introspection_c.so
[5.262s] -- Set runtime path of "/workspace/action_data_offset_ws/install/lib/libcrb_ros_msg__rosidl_typesupport_introspection_c.so" to ""
[5.262s] -- Installing: /workspace/action_data_offset_ws/install/lib/libcrb_ros_msg__rosidl_typesupport_c.so
[5.263s] -- Set runtime path of "/workspace/action_data_offset_ws/install/lib/libcrb_ros_msg__rosidl_typesupport_c.so" to ""
[5.264s] -- Up-to-date: /workspace/action_data_offset_ws/install/include/crb_ros_msg/crb_ros_msg
[5.264s] -- Up-to-date: /workspace/action_data_offset_ws/install/include/crb_ros_msg/crb_ros_msg/msg
[5.264s] -- Up-to-date: /workspace/action_data_offset_ws/install/include/crb_ros_msg/crb_ros_msg/msg/detail
[5.265s] -- Installing: /workspace/action_data_offset_ws/install/include/crb_ros_msg/crb_ros_msg/msg/detail/upper_joint_data__traits.hpp
[5.265s] -- Installing: /workspace/action_data_offset_ws/install/include/crb_ros_msg/crb_ros_msg/msg/detail/upper_joint_data__type_support.hpp
[5.265s] -- Installing: /workspace/action_data_offset_ws/install/include/crb_ros_msg/crb_ros_msg/msg/detail/upper_joint_data__struct.hpp
[5.265s] -- Installing: /workspace/action_data_offset_ws/install/include/crb_ros_msg/crb_ros_msg/msg/detail/upper_joint_data__builder.hpp
[5.266s] -- Installing: /workspace/action_data_offset_ws/install/include/crb_ros_msg/crb_ros_msg/msg/rosidl_generator_cpp__visibility_control.hpp
[5.266s] -- Installing: /workspace/action_data_offset_ws/install/include/crb_ros_msg/crb_ros_msg/msg/upper_joint_data.hpp
[5.266s] -- Up-to-date: /workspace/action_data_offset_ws/install/include/crb_ros_msg/crb_ros_msg
[5.267s] -- Up-to-date: /workspace/action_data_offset_ws/install/include/crb_ros_msg/crb_ros_msg/msg
[5.267s] -- Up-to-date: /workspace/action_data_offset_ws/install/include/crb_ros_msg/crb_ros_msg/msg/detail
[5.267s] -- Installing: /workspace/action_data_offset_ws/install/include/crb_ros_msg/crb_ros_msg/msg/detail/upper_joint_data__rosidl_typesupport_fastrtps_cpp.hpp
[5.267s] -- Installing: /workspace/action_data_offset_ws/install/include/crb_ros_msg/crb_ros_msg/msg/detail/dds_fastrtps
[5.268s] -- Installing: /workspace/action_data_offset_ws/install/include/crb_ros_msg/crb_ros_msg/msg/rosidl_typesupport_fastrtps_cpp__visibility_control.h
[5.268s] -- Installing: /workspace/action_data_offset_ws/install/lib/libcrb_ros_msg__rosidl_typesupport_fastrtps_cpp.so
[5.270s] -- Set runtime path of "/workspace/action_data_offset_ws/install/lib/libcrb_ros_msg__rosidl_typesupport_fastrtps_cpp.so" to ""
[5.270s] -- Up-to-date: /workspace/action_data_offset_ws/install/include/crb_ros_msg/crb_ros_msg
[5.271s] -- Up-to-date: /workspace/action_data_offset_ws/install/include/crb_ros_msg/crb_ros_msg/msg
[5.271s] -- Up-to-date: /workspace/action_data_offset_ws/install/include/crb_ros_msg/crb_ros_msg/msg/detail
[5.272s] -- Installing: /workspace/action_data_offset_ws/install/include/crb_ros_msg/crb_ros_msg/msg/detail/upper_joint_data__rosidl_typesupport_introspection_cpp.hpp
[5.272s] -- Installing: /workspace/action_data_offset_ws/install/include/crb_ros_msg/crb_ros_msg/msg/detail/upper_joint_data__type_support.cpp
[5.272s] -- Installing: /workspace/action_data_offset_ws/install/lib/libcrb_ros_msg__rosidl_typesupport_introspection_cpp.so
[5.275s] -- Set runtime path of "/workspace/action_data_offset_ws/install/lib/libcrb_ros_msg__rosidl_typesupport_introspection_cpp.so" to ""
[5.275s] -- Installing: /workspace/action_data_offset_ws/install/lib/libcrb_ros_msg__rosidl_typesupport_cpp.so
[5.277s] -- Set runtime path of "/workspace/action_data_offset_ws/install/lib/libcrb_ros_msg__rosidl_typesupport_cpp.so" to ""
[5.277s] -- Installing: /workspace/action_data_offset_ws/install/share/crb_ros_msg/environment/pythonpath.sh
[5.278s] -- Installing: /workspace/action_data_offset_ws/install/share/crb_ros_msg/environment/pythonpath.dsv
[5.278s] -- Installing: /workspace/action_data_offset_ws/install/local/lib/python3.10/dist-packages/crb_ros_msg-0.1.0-py3.10.egg-info
[5.278s] -- Installing: /workspace/action_data_offset_ws/install/local/lib/python3.10/dist-packages/crb_ros_msg-0.1.0-py3.10.egg-info/PKG-INFO
[5.279s] -- Installing: /workspace/action_data_offset_ws/install/local/lib/python3.10/dist-packages/crb_ros_msg-0.1.0-py3.10.egg-info/dependency_links.txt
[5.279s] -- Installing: /workspace/action_data_offset_ws/install/local/lib/python3.10/dist-packages/crb_ros_msg-0.1.0-py3.10.egg-info/SOURCES.txt
[5.280s] -- Installing: /workspace/action_data_offset_ws/install/local/lib/python3.10/dist-packages/crb_ros_msg-0.1.0-py3.10.egg-info/top_level.txt
[5.280s] -- Installing: /workspace/action_data_offset_ws/install/local/lib/python3.10/dist-packages/crb_ros_msg
[5.281s] -- Installing: /workspace/action_data_offset_ws/install/local/lib/python3.10/dist-packages/crb_ros_msg/libcrb_ros_msg__rosidl_generator_py.so
[5.281s] -- Installing: /workspace/action_data_offset_ws/install/local/lib/python3.10/dist-packages/crb_ros_msg/crb_ros_msg_s__rosidl_typesupport_introspection_c.cpython-310-x86_64-linux-gnu.so
[5.282s] -- Installing: /workspace/action_data_offset_ws/install/local/lib/python3.10/dist-packages/crb_ros_msg/_crb_ros_msg_s.ep.rosidl_typesupport_fastrtps_c.c
[5.283s] -- Installing: /workspace/action_data_offset_ws/install/local/lib/python3.10/dist-packages/crb_ros_msg/_crb_ros_msg_s.ep.rosidl_typesupport_c.c
[5.283s] -- Installing: /workspace/action_data_offset_ws/install/local/lib/python3.10/dist-packages/crb_ros_msg/__init__.py
[5.284s] -- Installing: /workspace/action_data_offset_ws/install/local/lib/python3.10/dist-packages/crb_ros_msg/msg
[5.284s] -- Installing: /workspace/action_data_offset_ws/install/local/lib/python3.10/dist-packages/crb_ros_msg/msg/_upper_joint_data.py
[5.284s] -- Installing: /workspace/action_data_offset_ws/install/local/lib/python3.10/dist-packages/crb_ros_msg/msg/_upper_joint_data_s.c
[5.285s] -- Installing: /workspace/action_data_offset_ws/install/local/lib/python3.10/dist-packages/crb_ros_msg/msg/__init__.py
[5.286s] -- Installing: /workspace/action_data_offset_ws/install/local/lib/python3.10/dist-packages/crb_ros_msg/crb_ros_msg_s__rosidl_typesupport_fastrtps_c.cpython-310-x86_64-linux-gnu.so
[5.287s] -- Installing: /workspace/action_data_offset_ws/install/local/lib/python3.10/dist-packages/crb_ros_msg/crb_ros_msg_s__rosidl_typesupport_c.cpython-310-x86_64-linux-gnu.so
[5.288s] -- Installing: /workspace/action_data_offset_ws/install/local/lib/python3.10/dist-packages/crb_ros_msg/_crb_ros_msg_s.ep.rosidl_typesupport_introspection_c.c
[5.321s] Listing '/workspace/action_data_offset_ws/install/local/lib/python3.10/dist-packages/crb_ros_msg'...
[5.321s] Compiling '/workspace/action_data_offset_ws/install/local/lib/python3.10/dist-packages/crb_ros_msg/__init__.py'...
[5.322s] Listing '/workspace/action_data_offset_ws/install/local/lib/python3.10/dist-packages/crb_ros_msg/msg'...
[5.322s] Compiling '/workspace/action_data_offset_ws/install/local/lib/python3.10/dist-packages/crb_ros_msg/msg/__init__.py'...
[5.322s] Compiling '/workspace/action_data_offset_ws/install/local/lib/python3.10/dist-packages/crb_ros_msg/msg/_upper_joint_data.py'...
[5.325s] -- Installing: /workspace/action_data_offset_ws/install/local/lib/python3.10/dist-packages/crb_ros_msg/crb_ros_msg_s__rosidl_typesupport_fastrtps_c.cpython-310-x86_64-linux-gnu.so
[5.326s] -- Set runtime path of "/workspace/action_data_offset_ws/install/local/lib/python3.10/dist-packages/crb_ros_msg/crb_ros_msg_s__rosidl_typesupport_fastrtps_c.cpython-310-x86_64-linux-gnu.so" to ""
[5.326s] -- Installing: /workspace/action_data_offset_ws/install/local/lib/python3.10/dist-packages/crb_ros_msg/crb_ros_msg_s__rosidl_typesupport_introspection_c.cpython-310-x86_64-linux-gnu.so
[5.327s] -- Set runtime path of "/workspace/action_data_offset_ws/install/local/lib/python3.10/dist-packages/crb_ros_msg/crb_ros_msg_s__rosidl_typesupport_introspection_c.cpython-310-x86_64-linux-gnu.so" to ""
[5.327s] -- Installing: /workspace/action_data_offset_ws/install/local/lib/python3.10/dist-packages/crb_ros_msg/crb_ros_msg_s__rosidl_typesupport_c.cpython-310-x86_64-linux-gnu.so
[5.328s] -- Set runtime path of "/workspace/action_data_offset_ws/install/local/lib/python3.10/dist-packages/crb_ros_msg/crb_ros_msg_s__rosidl_typesupport_c.cpython-310-x86_64-linux-gnu.so" to ""
[5.328s] -- Installing: /workspace/action_data_offset_ws/install/lib/libcrb_ros_msg__rosidl_generator_py.so
[5.328s] -- Set runtime path of "/workspace/action_data_offset_ws/install/lib/libcrb_ros_msg__rosidl_generator_py.so" to ""
[5.328s] -- Installing: /workspace/action_data_offset_ws/install/share/crb_ros_msg/msg/UpperJointData.idl
[5.328s] -- Installing: /workspace/action_data_offset_ws/install/share/crb_ros_msg/msg/UpperJointData.msg
[5.328s] -- Installing: /workspace/action_data_offset_ws/install/share/ament_index/resource_index/package_run_dependencies/crb_ros_msg
[5.329s] -- Installing: /workspace/action_data_offset_ws/install/share/ament_index/resource_index/parent_prefix_path/crb_ros_msg
[5.329s] -- Installing: /workspace/action_data_offset_ws/install/share/crb_ros_msg/environment/ament_prefix_path.sh
[5.329s] -- Installing: /workspace/action_data_offset_ws/install/share/crb_ros_msg/environment/ament_prefix_path.dsv
[5.329s] -- Installing: /workspace/action_data_offset_ws/install/share/crb_ros_msg/environment/path.sh
[5.329s] -- Installing: /workspace/action_data_offset_ws/install/share/crb_ros_msg/environment/path.dsv
[5.329s] -- Installing: /workspace/action_data_offset_ws/install/share/crb_ros_msg/local_setup.bash
[5.329s] -- Installing: /workspace/action_data_offset_ws/install/share/crb_ros_msg/local_setup.sh
[5.330s] -- Installing: /workspace/action_data_offset_ws/install/share/crb_ros_msg/local_setup.zsh
[5.330s] -- Installing: /workspace/action_data_offset_ws/install/share/crb_ros_msg/local_setup.dsv
[5.330s] -- Installing: /workspace/action_data_offset_ws/install/share/crb_ros_msg/package.dsv
[5.330s] -- Installing: /workspace/action_data_offset_ws/install/share/ament_index/resource_index/packages/crb_ros_msg
[5.330s] -- Installing: /workspace/action_data_offset_ws/install/share/crb_ros_msg/cmake/export_crb_ros_msg__rosidl_generator_cExport.cmake
[5.330s] -- Installing: /workspace/action_data_offset_ws/install/share/crb_ros_msg/cmake/export_crb_ros_msg__rosidl_generator_cExport-noconfig.cmake
[5.330s] -- Installing: /workspace/action_data_offset_ws/install/share/crb_ros_msg/cmake/export_crb_ros_msg__rosidl_typesupport_fastrtps_cExport.cmake
[5.331s] -- Installing: /workspace/action_data_offset_ws/install/share/crb_ros_msg/cmake/export_crb_ros_msg__rosidl_typesupport_fastrtps_cExport-noconfig.cmake
[5.331s] -- Installing: /workspace/action_data_offset_ws/install/share/crb_ros_msg/cmake/crb_ros_msg__rosidl_typesupport_introspection_cExport.cmake
[5.331s] -- Installing: /workspace/action_data_offset_ws/install/share/crb_ros_msg/cmake/crb_ros_msg__rosidl_typesupport_introspection_cExport-noconfig.cmake
[5.331s] -- Installing: /workspace/action_data_offset_ws/install/share/crb_ros_msg/cmake/crb_ros_msg__rosidl_typesupport_cExport.cmake
[5.331s] -- Installing: /workspace/action_data_offset_ws/install/share/crb_ros_msg/cmake/crb_ros_msg__rosidl_typesupport_cExport-noconfig.cmake
[5.331s] -- Installing: /workspace/action_data_offset_ws/install/share/crb_ros_msg/cmake/export_crb_ros_msg__rosidl_generator_cppExport.cmake
[5.332s] -- Installing: /workspace/action_data_offset_ws/install/share/crb_ros_msg/cmake/export_crb_ros_msg__rosidl_typesupport_fastrtps_cppExport.cmake
[5.332s] -- Installing: /workspace/action_data_offset_ws/install/share/crb_ros_msg/cmake/export_crb_ros_msg__rosidl_typesupport_fastrtps_cppExport-noconfig.cmake
[5.332s] -- Installing: /workspace/action_data_offset_ws/install/share/crb_ros_msg/cmake/crb_ros_msg__rosidl_typesupport_introspection_cppExport.cmake
[5.332s] -- Installing: /workspace/action_data_offset_ws/install/share/crb_ros_msg/cmake/crb_ros_msg__rosidl_typesupport_introspection_cppExport-noconfig.cmake
[5.332s] -- Installing: /workspace/action_data_offset_ws/install/share/crb_ros_msg/cmake/crb_ros_msg__rosidl_typesupport_cppExport.cmake
[5.332s] -- Installing: /workspace/action_data_offset_ws/install/share/crb_ros_msg/cmake/crb_ros_msg__rosidl_typesupport_cppExport-noconfig.cmake
[5.332s] -- Installing: /workspace/action_data_offset_ws/install/share/crb_ros_msg/cmake/export_crb_ros_msg__rosidl_generator_pyExport.cmake
[5.333s] -- Installing: /workspace/action_data_offset_ws/install/share/crb_ros_msg/cmake/export_crb_ros_msg__rosidl_generator_pyExport-noconfig.cmake
[5.333s] -- Installing: /workspace/action_data_offset_ws/install/share/crb_ros_msg/cmake/rosidl_cmake-extras.cmake
[5.333s] -- Installing: /workspace/action_data_offset_ws/install/share/crb_ros_msg/cmake/ament_cmake_export_dependencies-extras.cmake
[5.333s] -- Installing: /workspace/action_data_offset_ws/install/share/crb_ros_msg/cmake/ament_cmake_export_include_directories-extras.cmake
[5.333s] -- Installing: /workspace/action_data_offset_ws/install/share/crb_ros_msg/cmake/ament_cmake_export_libraries-extras.cmake
[5.334s] -- Installing: /workspace/action_data_offset_ws/install/share/crb_ros_msg/cmake/ament_cmake_export_targets-extras.cmake
[5.334s] -- Installing: /workspace/action_data_offset_ws/install/share/crb_ros_msg/cmake/rosidl_cmake_export_typesupport_targets-extras.cmake
[5.334s] -- Installing: /workspace/action_data_offset_ws/install/share/crb_ros_msg/cmake/rosidl_cmake_export_typesupport_libraries-extras.cmake
[5.334s] -- Installing: /workspace/action_data_offset_ws/install/share/crb_ros_msg/cmake/crb_ros_msgConfig.cmake
[5.334s] -- Installing: /workspace/action_data_offset_ws/install/share/crb_ros_msg/cmake/crb_ros_msgConfig-version.cmake
[5.334s] -- Installing: /workspace/action_data_offset_ws/install/share/crb_ros_msg/package.xml
[5.338s] Invoked command in '/workspace/action_data_offset_ws/build/crb_ros_msg' returned '0': CMAKE_PREFIX_PATH=${CMAKE_PREFIX_PATH}:/opt/ros/humble /usr/bin/cmake --install /workspace/action_data_offset_ws/build/crb_ros_msg
