[0.133s] DEBUG:colcon:Command line arguments: ['/usr/local/bin/colcon', 'build', '--merge-install', '--cmake-force-configure', '--packages-skip', 'beverage_demo', '--parallel-workers', '12', '--event', 'console_direct+', '--base-paths', 'src/', '--cmake-args', '-DCMAKE_VERBOSE_MAKEFILE:BOOL=ON', '-DCMAKE_TOOLCHAIN_FILE=/workspace/action_data_offset_ws/docker_env/environment/cmake-toolchains/generic_pc.cmake', '-DSECURITY=ON', '-DBUILD_TESTING=OFF']
[0.133s] DEBUG:colcon:Parsed command line arguments: Namespace(log_base=None, log_level=None, verb_name='build', build_base='build', install_base='install', merge_install=True, symlink_install=False, test_result_base=None, continue_on_error=False, executor='parallel', parallel_workers=12, event_handlers=['console_direct+'], ignore_user_meta=False, metas=['./colcon.meta'], base_paths=['src/'], packages_ignore=None, packages_ignore_regex=None, paths=None, packages_up_to=None, packages_up_to_regex=None, packages_above=None, packages_above_and_dependencies=None, packages_above_depth=None, packages_select_by_dep=None, packages_skip_by_dep=None, packages_skip_up_to=None, packages_select_build_failed=False, packages_skip_build_finished=False, packages_select_test_failures=False, packages_skip_test_passed=False, packages_select=None, packages_skip=['beverage_demo'], packages_select_regex=None, packages_skip_regex=None, packages_start=None, packages_end=None, cmake_args=['-DCMAKE_VERBOSE_MAKEFILE:BOOL=ON', '-DCMAKE_TOOLCHAIN_FILE=/workspace/action_data_offset_ws/docker_env/environment/cmake-toolchains/generic_pc.cmake', '-DSECURITY=ON', '-DBUILD_TESTING=OFF'], cmake_target=None, cmake_target_skip_unavailable=False, cmake_clean_cache=False, cmake_clean_first=False, cmake_force_configure=True, ament_cmake_args=None, catkin_cmake_args=None, catkin_skip_building_tests=False, verb_parser=<colcon_defaults.argument_parser.defaults.DefaultArgumentsDecorator object at 0x7c0de8952440>, verb_extension=<colcon_core.verb.build.BuildVerb object at 0x7c0de8951d80>, main=<bound method BuildVerb.main of <colcon_core.verb.build.BuildVerb object at 0x7c0de8951d80>>)
[0.228s] Level 1:colcon.colcon_core.package_discovery:discover_packages(colcon_meta) check parameters
[0.229s] Level 1:colcon.colcon_core.package_discovery:discover_packages(recursive) check parameters
[0.229s] Level 1:colcon.colcon_core.package_discovery:discover_packages(ignore) check parameters
[0.229s] Level 1:colcon.colcon_core.package_discovery:discover_packages(path) check parameters
[0.229s] Level 1:colcon.colcon_core.package_discovery:discover_packages(recursive) discover
[0.229s] INFO:colcon.colcon_core.package_discovery:Crawling recursively for packages in '/workspace/action_data_offset_ws/src'
[0.229s] Level 1:colcon.colcon_core.package_identification:_identify(src) by extensions ['ignore', 'ignore_ament_install']
[0.229s] Level 1:colcon.colcon_core.package_identification:_identify(src) by extension 'ignore'
[0.229s] Level 1:colcon.colcon_core.package_identification:_identify(src) by extension 'ignore_ament_install'
[0.229s] Level 1:colcon.colcon_core.package_identification:_identify(src) by extensions ['colcon_pkg']
[0.229s] Level 1:colcon.colcon_core.package_identification:_identify(src) by extension 'colcon_pkg'
[0.229s] Level 1:colcon.colcon_core.package_identification:_identify(src) by extensions ['colcon_meta']
[0.229s] Level 1:colcon.colcon_core.package_identification:_identify(src) by extension 'colcon_meta'
[0.229s] Level 1:colcon.colcon_core.package_identification:_identify(src) by extensions ['ros']
[0.229s] Level 1:colcon.colcon_core.package_identification:_identify(src) by extension 'ros'
[0.239s] Level 1:colcon.colcon_core.package_identification:_identify(src) by extensions ['cmake', 'python']
[0.239s] Level 1:colcon.colcon_core.package_identification:_identify(src) by extension 'cmake'
[0.240s] Level 1:colcon.colcon_core.package_identification:_identify(src) by extension 'python'
[0.240s] Level 1:colcon.colcon_core.package_identification:_identify(src) by extensions ['python_setup_py']
[0.240s] Level 1:colcon.colcon_core.package_identification:_identify(src) by extension 'python_setup_py'
[0.240s] Level 1:colcon.colcon_core.package_identification:_identify(src/action_data_offset) by extensions ['ignore', 'ignore_ament_install']
[0.240s] Level 1:colcon.colcon_core.package_identification:_identify(src/action_data_offset) by extension 'ignore'
[0.240s] Level 1:colcon.colcon_core.package_identification:_identify(src/action_data_offset) by extension 'ignore_ament_install'
[0.240s] Level 1:colcon.colcon_core.package_identification:_identify(src/action_data_offset) by extensions ['colcon_pkg']
[0.240s] Level 1:colcon.colcon_core.package_identification:_identify(src/action_data_offset) by extension 'colcon_pkg'
[0.240s] Level 1:colcon.colcon_core.package_identification:_identify(src/action_data_offset) by extensions ['colcon_meta']
[0.240s] Level 1:colcon.colcon_core.package_identification:_identify(src/action_data_offset) by extension 'colcon_meta'
[0.240s] Level 1:colcon.colcon_core.package_identification:_identify(src/action_data_offset) by extensions ['ros']
[0.240s] Level 1:colcon.colcon_core.package_identification:_identify(src/action_data_offset) by extension 'ros'
[0.241s] DEBUG:colcon.colcon_core.package_identification:Failed to parse potential ROS package manifest in'src/action_data_offset': Error(s) in package 'src/action_data_offset/package.xml':
The manifest contains invalid XML:
not well-formed (invalid token): line 16, column 50
[0.241s] Level 1:colcon.colcon_core.package_identification:_identify(src/action_data_offset) by extensions ['cmake', 'python']
[0.241s] Level 1:colcon.colcon_core.package_identification:_identify(src/action_data_offset) by extension 'cmake'
[0.241s] Level 1:colcon.colcon_core.package_identification:_identify(src/action_data_offset) by extension 'python'
[0.241s] DEBUG:colcon.colcon_core.package_identification:Python package in 'src/action_data_offset' passes arguments to the setup() function which requires a different identification extension than 'python'
[0.241s] Level 1:colcon.colcon_core.package_identification:_identify(src/action_data_offset) by extensions ['python_setup_py']
[0.241s] Level 1:colcon.colcon_core.package_identification:_identify(src/action_data_offset) by extension 'python_setup_py'
[0.402s] DEBUG:colcon.colcon_core.package_identification:Package 'src/action_data_offset' with type 'python' and name 'action_data_offset'
[0.403s] Level 1:colcon.colcon_core.package_identification:_identify(src/casbot_arm_calibration_web) by extensions ['ignore', 'ignore_ament_install']
[0.403s] Level 1:colcon.colcon_core.package_identification:_identify(src/casbot_arm_calibration_web) by extension 'ignore'
[0.403s] Level 1:colcon.colcon_core.package_identification:_identify(src/casbot_arm_calibration_web) by extension 'ignore_ament_install'
[0.403s] Level 1:colcon.colcon_core.package_identification:_identify(src/casbot_arm_calibration_web) by extensions ['colcon_pkg']
[0.403s] Level 1:colcon.colcon_core.package_identification:_identify(src/casbot_arm_calibration_web) by extension 'colcon_pkg'
[0.403s] Level 1:colcon.colcon_core.package_identification:_identify(src/casbot_arm_calibration_web) by extensions ['colcon_meta']
[0.403s] Level 1:colcon.colcon_core.package_identification:_identify(src/casbot_arm_calibration_web) by extension 'colcon_meta'
[0.403s] Level 1:colcon.colcon_core.package_identification:_identify(src/casbot_arm_calibration_web) by extensions ['ros']
[0.403s] Level 1:colcon.colcon_core.package_identification:_identify(src/casbot_arm_calibration_web) by extension 'ros'
[0.404s] DEBUG:colcon.colcon_core.package_identification:Package 'src/casbot_arm_calibration_web' with type 'ros.ament_python' and name 'casbot_arm_calibration_web'
[0.404s] Level 1:colcon.colcon_core.package_identification:_identify(src/crb_ros_msg) by extensions ['ignore', 'ignore_ament_install']
[0.404s] Level 1:colcon.colcon_core.package_identification:_identify(src/crb_ros_msg) by extension 'ignore'
[0.404s] Level 1:colcon.colcon_core.package_identification:_identify(src/crb_ros_msg) by extension 'ignore_ament_install'
[0.404s] Level 1:colcon.colcon_core.package_identification:_identify(src/crb_ros_msg) by extensions ['colcon_pkg']
[0.404s] Level 1:colcon.colcon_core.package_identification:_identify(src/crb_ros_msg) by extension 'colcon_pkg'
[0.404s] Level 1:colcon.colcon_core.package_identification:_identify(src/crb_ros_msg) by extensions ['colcon_meta']
[0.404s] Level 1:colcon.colcon_core.package_identification:_identify(src/crb_ros_msg) by extension 'colcon_meta'
[0.405s] Level 1:colcon.colcon_core.package_identification:_identify(src/crb_ros_msg) by extensions ['ros']
[0.405s] Level 1:colcon.colcon_core.package_identification:_identify(src/crb_ros_msg) by extension 'ros'
[0.405s] DEBUG:colcon.colcon_core.package_identification:Package 'src/crb_ros_msg' with type 'ros.ament_cmake' and name 'crb_ros_msg'
[0.405s] Level 1:colcon.colcon_core.package_discovery:discover_packages(recursive) using defaults
[0.405s] WARNING:colcon.colcon_core.package_selection:ignoring unknown package 'beverage_demo' in --packages-skip
[0.425s] Level 5:colcon.colcon_core.verb:set package 'action_data_offset' build argument 'cmake_args' from command line to '['-DCMAKE_VERBOSE_MAKEFILE:BOOL=ON', '-DCMAKE_TOOLCHAIN_FILE=/workspace/action_data_offset_ws/docker_env/environment/cmake-toolchains/generic_pc.cmake', '-DSECURITY=ON', '-DBUILD_TESTING=OFF']'
[0.425s] Level 5:colcon.colcon_core.verb:set package 'action_data_offset' build argument 'cmake_target' from command line to 'None'
[0.425s] Level 5:colcon.colcon_core.verb:set package 'action_data_offset' build argument 'cmake_target_skip_unavailable' from command line to 'False'
[0.425s] Level 5:colcon.colcon_core.verb:set package 'action_data_offset' build argument 'cmake_clean_cache' from command line to 'False'
[0.425s] Level 5:colcon.colcon_core.verb:set package 'action_data_offset' build argument 'cmake_clean_first' from command line to 'False'
[0.425s] Level 5:colcon.colcon_core.verb:set package 'action_data_offset' build argument 'cmake_force_configure' from command line to 'True'
[0.425s] Level 5:colcon.colcon_core.verb:set package 'action_data_offset' build argument 'ament_cmake_args' from command line to 'None'
[0.425s] Level 5:colcon.colcon_core.verb:set package 'action_data_offset' build argument 'catkin_cmake_args' from command line to 'None'
[0.425s] Level 5:colcon.colcon_core.verb:set package 'action_data_offset' build argument 'catkin_skip_building_tests' from command line to 'False'
[0.425s] DEBUG:colcon.colcon_core.verb:Building package 'action_data_offset' with the following arguments: {'ament_cmake_args': None, 'build_base': '/workspace/action_data_offset_ws/build/action_data_offset', 'catkin_cmake_args': None, 'catkin_skip_building_tests': False, 'cmake_args': ['-DCMAKE_VERBOSE_MAKEFILE:BOOL=ON', '-DCMAKE_TOOLCHAIN_FILE=/workspace/action_data_offset_ws/docker_env/environment/cmake-toolchains/generic_pc.cmake', '-DSECURITY=ON', '-DBUILD_TESTING=OFF'], 'cmake_clean_cache': False, 'cmake_clean_first': False, 'cmake_force_configure': True, 'cmake_target': None, 'cmake_target_skip_unavailable': False, 'install_base': '/workspace/action_data_offset_ws/install', 'merge_install': True, 'path': '/workspace/action_data_offset_ws/src/action_data_offset', 'symlink_install': False, 'test_result_base': None}
[0.426s] Level 5:colcon.colcon_core.verb:set package 'crb_ros_msg' build argument 'cmake_args' from command line to '['-DCMAKE_VERBOSE_MAKEFILE:BOOL=ON', '-DCMAKE_TOOLCHAIN_FILE=/workspace/action_data_offset_ws/docker_env/environment/cmake-toolchains/generic_pc.cmake', '-DSECURITY=ON', '-DBUILD_TESTING=OFF']'
[0.426s] Level 5:colcon.colcon_core.verb:set package 'crb_ros_msg' build argument 'cmake_target' from command line to 'None'
[0.426s] Level 5:colcon.colcon_core.verb:set package 'crb_ros_msg' build argument 'cmake_target_skip_unavailable' from command line to 'False'
[0.426s] Level 5:colcon.colcon_core.verb:set package 'crb_ros_msg' build argument 'cmake_clean_cache' from command line to 'False'
[0.426s] Level 5:colcon.colcon_core.verb:set package 'crb_ros_msg' build argument 'cmake_clean_first' from command line to 'False'
[0.426s] Level 5:colcon.colcon_core.verb:set package 'crb_ros_msg' build argument 'cmake_force_configure' from command line to 'True'
[0.426s] Level 5:colcon.colcon_core.verb:set package 'crb_ros_msg' build argument 'ament_cmake_args' from command line to 'None'
[0.426s] Level 5:colcon.colcon_core.verb:set package 'crb_ros_msg' build argument 'catkin_cmake_args' from command line to 'None'
[0.426s] Level 5:colcon.colcon_core.verb:set package 'crb_ros_msg' build argument 'catkin_skip_building_tests' from command line to 'False'
[0.426s] DEBUG:colcon.colcon_core.verb:Building package 'crb_ros_msg' with the following arguments: {'ament_cmake_args': None, 'build_base': '/workspace/action_data_offset_ws/build/crb_ros_msg', 'catkin_cmake_args': None, 'catkin_skip_building_tests': False, 'cmake_args': ['-DCMAKE_VERBOSE_MAKEFILE:BOOL=ON', '-DCMAKE_TOOLCHAIN_FILE=/workspace/action_data_offset_ws/docker_env/environment/cmake-toolchains/generic_pc.cmake', '-DSECURITY=ON', '-DBUILD_TESTING=OFF'], 'cmake_clean_cache': False, 'cmake_clean_first': False, 'cmake_force_configure': True, 'cmake_target': None, 'cmake_target_skip_unavailable': False, 'install_base': '/workspace/action_data_offset_ws/install', 'merge_install': True, 'path': '/workspace/action_data_offset_ws/src/crb_ros_msg', 'symlink_install': False, 'test_result_base': None}
[0.426s] Level 5:colcon.colcon_core.verb:set package 'casbot_arm_calibration_web' build argument 'cmake_args' from command line to '['-DCMAKE_VERBOSE_MAKEFILE:BOOL=ON', '-DCMAKE_TOOLCHAIN_FILE=/workspace/action_data_offset_ws/docker_env/environment/cmake-toolchains/generic_pc.cmake', '-DSECURITY=ON', '-DBUILD_TESTING=OFF']'
[0.426s] Level 5:colcon.colcon_core.verb:set package 'casbot_arm_calibration_web' build argument 'cmake_target' from command line to 'None'
[0.426s] Level 5:colcon.colcon_core.verb:set package 'casbot_arm_calibration_web' build argument 'cmake_target_skip_unavailable' from command line to 'False'
[0.426s] Level 5:colcon.colcon_core.verb:set package 'casbot_arm_calibration_web' build argument 'cmake_clean_cache' from command line to 'False'
[0.426s] Level 5:colcon.colcon_core.verb:set package 'casbot_arm_calibration_web' build argument 'cmake_clean_first' from command line to 'False'
[0.426s] Level 5:colcon.colcon_core.verb:set package 'casbot_arm_calibration_web' build argument 'cmake_force_configure' from command line to 'True'
[0.426s] Level 5:colcon.colcon_core.verb:set package 'casbot_arm_calibration_web' build argument 'ament_cmake_args' from command line to 'None'
[0.426s] Level 5:colcon.colcon_core.verb:set package 'casbot_arm_calibration_web' build argument 'catkin_cmake_args' from command line to 'None'
[0.426s] Level 5:colcon.colcon_core.verb:set package 'casbot_arm_calibration_web' build argument 'catkin_skip_building_tests' from command line to 'False'
[0.426s] DEBUG:colcon.colcon_core.verb:Building package 'casbot_arm_calibration_web' with the following arguments: {'ament_cmake_args': None, 'build_base': '/workspace/action_data_offset_ws/build/casbot_arm_calibration_web', 'catkin_cmake_args': None, 'catkin_skip_building_tests': False, 'cmake_args': ['-DCMAKE_VERBOSE_MAKEFILE:BOOL=ON', '-DCMAKE_TOOLCHAIN_FILE=/workspace/action_data_offset_ws/docker_env/environment/cmake-toolchains/generic_pc.cmake', '-DSECURITY=ON', '-DBUILD_TESTING=OFF'], 'cmake_clean_cache': False, 'cmake_clean_first': False, 'cmake_force_configure': True, 'cmake_target': None, 'cmake_target_skip_unavailable': False, 'install_base': '/workspace/action_data_offset_ws/install', 'merge_install': True, 'path': '/workspace/action_data_offset_ws/src/casbot_arm_calibration_web', 'symlink_install': False, 'test_result_base': None}
[0.426s] INFO:colcon.colcon_core.executor:Executing jobs using 'parallel' executor
[0.427s] DEBUG:colcon.colcon_parallel_executor.executor.parallel:run_until_complete
[0.428s] INFO:colcon.colcon_core.task.python.build:Building Python package in '/workspace/action_data_offset_ws/src/action_data_offset'
[0.431s] INFO:colcon.colcon_core.plugin_system:Skipping extension 'colcon_core.shell.bat': Not used on non-Windows systems
[0.432s] INFO:colcon.colcon_core.shell:Skip shell extension 'powershell' for command environment: Not usable outside of PowerShell
[0.432s] DEBUG:colcon.colcon_core.shell:Skip shell extension 'dsv' for command environment
[0.436s] INFO:colcon.colcon_ros.task.ament_cmake.build:Building ROS package in '/workspace/action_data_offset_ws/src/crb_ros_msg' with build type 'ament_cmake'
[0.436s] INFO:colcon.colcon_cmake.task.cmake.build:Building CMake package in '/workspace/action_data_offset_ws/src/crb_ros_msg'
[0.436s] INFO:colcon.colcon_core.shell:Skip shell extension 'powershell' for command environment: Not usable outside of PowerShell
[0.436s] DEBUG:colcon.colcon_core.shell:Skip shell extension 'dsv' for command environment
[0.616s] DEBUG:colcon.colcon_core.event_handler.log_command:Invoking command in '/workspace/action_data_offset_ws/build/crb_ros_msg': CMAKE_PREFIX_PATH=${CMAKE_PREFIX_PATH}:/opt/ros/humble /usr/bin/cmake /workspace/action_data_offset_ws/src/crb_ros_msg -DCMAKE_VERBOSE_MAKEFILE:BOOL=ON -DCMAKE_TOOLCHAIN_FILE=/workspace/action_data_offset_ws/docker_env/environment/cmake-toolchains/generic_pc.cmake -DSECURITY=ON -DBUILD_TESTING=OFF -DCMAKE_INSTALL_PREFIX=/workspace/action_data_offset_ws/install
[0.857s] DEBUG:colcon.colcon_core.event_handler.log_command:Invoking command in '/workspace/action_data_offset_ws/src/action_data_offset': PYTHONPATH=/workspace/action_data_offset_ws/build/action_data_offset/prefix_override:/usr/local/lib/python3.10/dist-packages/colcon_core/task/python/colcon_distutils_commands:/workspace/action_data_offset_ws/install/lib/python3.10/site-packages:${PYTHONPATH} /usr/bin/python3 -W ignore:setup.py install is deprecated -W ignore:easy_install command is deprecated setup.py egg_info --egg-base ../../build_x86/action_data_offset build --build-base /workspace/action_data_offset_ws/build/action_data_offset/build install --record /workspace/action_data_offset_ws/build/action_data_offset/install.log --single-version-externally-managed install_data
[1.054s] DEBUG:colcon.colcon_core.event_handler.log_command:Invoked command in '/workspace/action_data_offset_ws/src/action_data_offset' returned '0': PYTHONPATH=/workspace/action_data_offset_ws/build/action_data_offset/prefix_override:/usr/local/lib/python3.10/dist-packages/colcon_core/task/python/colcon_distutils_commands:/workspace/action_data_offset_ws/install/lib/python3.10/site-packages:${PYTHONPATH} /usr/bin/python3 -W ignore:setup.py install is deprecated -W ignore:easy_install command is deprecated setup.py egg_info --egg-base ../../build_x86/action_data_offset build --build-base /workspace/action_data_offset_ws/build/action_data_offset/build install --record /workspace/action_data_offset_ws/build/action_data_offset/install.log --single-version-externally-managed install_data
[1.058s] Level 1:colcon.colcon_core.environment:checking '/workspace/action_data_offset_ws/install' for CMake module files
[1.059s] Level 1:colcon.colcon_core.environment:checking '/workspace/action_data_offset_ws/install' for CMake config files
[1.060s] Level 1:colcon.colcon_core.shell:create_environment_hook('action_data_offset', 'cmake_prefix_path')
[1.061s] INFO:colcon.colcon_core.shell:Creating environment hook '/workspace/action_data_offset_ws/install/share/action_data_offset/hook/cmake_prefix_path.ps1'
[1.062s] INFO:colcon.colcon_core.shell:Creating environment descriptor '/workspace/action_data_offset_ws/install/share/action_data_offset/hook/cmake_prefix_path.dsv'
[1.063s] INFO:colcon.colcon_core.shell:Creating environment hook '/workspace/action_data_offset_ws/install/share/action_data_offset/hook/cmake_prefix_path.sh'
[1.065s] Level 1:colcon.colcon_core.environment:checking '/workspace/action_data_offset_ws/install/lib'
[1.065s] Level 1:colcon.colcon_core.shell:create_environment_hook('action_data_offset', 'ld_library_path_lib')
[1.065s] INFO:colcon.colcon_core.shell:Creating environment hook '/workspace/action_data_offset_ws/install/share/action_data_offset/hook/ld_library_path_lib.ps1'
[1.066s] INFO:colcon.colcon_core.shell:Creating environment descriptor '/workspace/action_data_offset_ws/install/share/action_data_offset/hook/ld_library_path_lib.dsv'
[1.066s] INFO:colcon.colcon_core.shell:Creating environment hook '/workspace/action_data_offset_ws/install/share/action_data_offset/hook/ld_library_path_lib.sh'
[1.067s] Level 1:colcon.colcon_core.environment:checking '/workspace/action_data_offset_ws/install/bin'
[1.067s] Level 1:colcon.colcon_core.environment:checking '/workspace/action_data_offset_ws/install/lib/pkgconfig/action_data_offset.pc'
[1.068s] Level 1:colcon.colcon_core.environment:checking '/workspace/action_data_offset_ws/install/lib/python3.10/site-packages'
[1.068s] Level 1:colcon.colcon_core.shell:create_environment_hook('action_data_offset', 'pythonpath')
[1.068s] INFO:colcon.colcon_core.shell:Creating environment hook '/workspace/action_data_offset_ws/install/share/action_data_offset/hook/pythonpath.ps1'
[1.068s] INFO:colcon.colcon_core.shell:Creating environment descriptor '/workspace/action_data_offset_ws/install/share/action_data_offset/hook/pythonpath.dsv'
[1.069s] INFO:colcon.colcon_core.shell:Creating environment hook '/workspace/action_data_offset_ws/install/share/action_data_offset/hook/pythonpath.sh'
[1.069s] Level 1:colcon.colcon_core.environment:checking '/workspace/action_data_offset_ws/install/bin'
[1.070s] Level 1:colcon.colcon_core.environment:create_environment_scripts_only(action_data_offset)
[1.070s] INFO:colcon.colcon_core.shell:Creating package script '/workspace/action_data_offset_ws/install/share/action_data_offset/package.ps1'
[1.070s] INFO:colcon.colcon_core.shell:Creating package descriptor '/workspace/action_data_offset_ws/install/share/action_data_offset/package.dsv'
[1.071s] INFO:colcon.colcon_core.shell:Creating package script '/workspace/action_data_offset_ws/install/share/action_data_offset/package.sh'
[1.071s] INFO:colcon.colcon_core.shell:Creating package script '/workspace/action_data_offset_ws/install/share/action_data_offset/package.bash'
[1.072s] INFO:colcon.colcon_core.shell:Creating package script '/workspace/action_data_offset_ws/install/share/action_data_offset/package.zsh'
[1.072s] Level 1:colcon.colcon_core.environment:create_file_with_runtime_dependencies(/workspace/action_data_offset_ws/install/share/colcon-core/packages/action_data_offset)
[1.776s] DEBUG:colcon.colcon_core.event_handler.log_command:Invoked command in '/workspace/action_data_offset_ws/build/crb_ros_msg' returned '0': CMAKE_PREFIX_PATH=${CMAKE_PREFIX_PATH}:/opt/ros/humble /usr/bin/cmake /workspace/action_data_offset_ws/src/crb_ros_msg -DCMAKE_VERBOSE_MAKEFILE:BOOL=ON -DCMAKE_TOOLCHAIN_FILE=/workspace/action_data_offset_ws/docker_env/environment/cmake-toolchains/generic_pc.cmake -DSECURITY=ON -DBUILD_TESTING=OFF -DCMAKE_INSTALL_PREFIX=/workspace/action_data_offset_ws/install
[1.779s] DEBUG:colcon.colcon_core.event_handler.log_command:Invoking command in '/workspace/action_data_offset_ws/build/crb_ros_msg': CMAKE_PREFIX_PATH=${CMAKE_PREFIX_PATH}:/opt/ros/humble /usr/bin/cmake --build /workspace/action_data_offset_ws/build/crb_ros_msg -- -j16 -l16
[2.130s] DEBUG:colcon.colcon_core.event_handler.log_command:Invoked command in '/workspace/action_data_offset_ws/build/crb_ros_msg' returned '0': CMAKE_PREFIX_PATH=${CMAKE_PREFIX_PATH}:/opt/ros/humble /usr/bin/cmake --build /workspace/action_data_offset_ws/build/crb_ros_msg -- -j16 -l16
[2.141s] DEBUG:colcon.colcon_core.event_handler.log_command:Invoking command in '/workspace/action_data_offset_ws/build/crb_ros_msg': CMAKE_PREFIX_PATH=${CMAKE_PREFIX_PATH}:/opt/ros/humble /usr/bin/cmake --install /workspace/action_data_offset_ws/build/crb_ros_msg
[2.199s] Level 1:colcon.colcon_core.environment:create_environment_scripts_only(crb_ros_msg)
[2.199s] Level 1:colcon.colcon_core.environment:checking '/workspace/action_data_offset_ws/install' for CMake module files
[2.200s] DEBUG:colcon.colcon_core.event_handler.log_command:Invoked command in '/workspace/action_data_offset_ws/build/crb_ros_msg' returned '0': CMAKE_PREFIX_PATH=${CMAKE_PREFIX_PATH}:/opt/ros/humble /usr/bin/cmake --install /workspace/action_data_offset_ws/build/crb_ros_msg
[2.201s] Level 1:colcon.colcon_core.environment:checking '/workspace/action_data_offset_ws/install' for CMake config files
[2.201s] Level 1:colcon.colcon_core.shell:create_environment_hook('crb_ros_msg', 'cmake_prefix_path')
[2.201s] INFO:colcon.colcon_core.shell:Creating environment hook '/workspace/action_data_offset_ws/install/share/crb_ros_msg/hook/cmake_prefix_path.ps1'
[2.202s] INFO:colcon.colcon_core.shell:Creating environment descriptor '/workspace/action_data_offset_ws/install/share/crb_ros_msg/hook/cmake_prefix_path.dsv'
[2.202s] INFO:colcon.colcon_core.shell:Creating environment hook '/workspace/action_data_offset_ws/install/share/crb_ros_msg/hook/cmake_prefix_path.sh'
[2.203s] Level 1:colcon.colcon_core.environment:checking '/workspace/action_data_offset_ws/install/lib'
[2.203s] Level 1:colcon.colcon_core.shell:create_environment_hook('crb_ros_msg', 'ld_library_path_lib')
[2.203s] INFO:colcon.colcon_core.shell:Creating environment hook '/workspace/action_data_offset_ws/install/share/crb_ros_msg/hook/ld_library_path_lib.ps1'
[2.203s] INFO:colcon.colcon_core.shell:Creating environment descriptor '/workspace/action_data_offset_ws/install/share/crb_ros_msg/hook/ld_library_path_lib.dsv'
[2.204s] INFO:colcon.colcon_core.shell:Creating environment hook '/workspace/action_data_offset_ws/install/share/crb_ros_msg/hook/ld_library_path_lib.sh'
[2.204s] Level 1:colcon.colcon_core.environment:checking '/workspace/action_data_offset_ws/install/bin'
[2.204s] Level 1:colcon.colcon_core.environment:checking '/workspace/action_data_offset_ws/install/lib/pkgconfig/crb_ros_msg.pc'
[2.204s] Level 1:colcon.colcon_core.environment:checking '/workspace/action_data_offset_ws/install/lib/python3.10/site-packages'
[2.204s] Level 1:colcon.colcon_core.shell:create_environment_hook('crb_ros_msg', 'pythonpath')
[2.204s] INFO:colcon.colcon_core.shell:Creating environment hook '/workspace/action_data_offset_ws/install/share/crb_ros_msg/hook/pythonpath.ps1'
[2.205s] INFO:colcon.colcon_core.shell:Creating environment descriptor '/workspace/action_data_offset_ws/install/share/crb_ros_msg/hook/pythonpath.dsv'
[2.205s] INFO:colcon.colcon_core.shell:Creating environment hook '/workspace/action_data_offset_ws/install/share/crb_ros_msg/hook/pythonpath.sh'
[2.206s] Level 1:colcon.colcon_core.environment:checking '/workspace/action_data_offset_ws/install/bin'
[2.206s] INFO:colcon.colcon_core.shell:Creating package script '/workspace/action_data_offset_ws/install/share/crb_ros_msg/package.ps1'
[2.206s] INFO:colcon.colcon_core.shell:Creating package descriptor '/workspace/action_data_offset_ws/install/share/crb_ros_msg/package.dsv'
[2.206s] INFO:colcon.colcon_core.shell:Creating package script '/workspace/action_data_offset_ws/install/share/crb_ros_msg/package.sh'
[2.207s] INFO:colcon.colcon_core.shell:Creating package script '/workspace/action_data_offset_ws/install/share/crb_ros_msg/package.bash'
[2.207s] INFO:colcon.colcon_core.shell:Creating package script '/workspace/action_data_offset_ws/install/share/crb_ros_msg/package.zsh'
[2.207s] Level 1:colcon.colcon_core.environment:create_file_with_runtime_dependencies(/workspace/action_data_offset_ws/install/share/colcon-core/packages/crb_ros_msg)
[2.208s] Level 1:colcon.colcon_core.environment:create_environment_scripts_only(crb_ros_msg)
[2.208s] Level 1:colcon.colcon_core.environment:checking '/workspace/action_data_offset_ws/install' for CMake module files
[2.208s] Level 1:colcon.colcon_core.environment:checking '/workspace/action_data_offset_ws/install' for CMake config files
[2.209s] Level 1:colcon.colcon_core.shell:create_environment_hook('crb_ros_msg', 'cmake_prefix_path')
[2.209s] INFO:colcon.colcon_core.shell:Creating environment hook '/workspace/action_data_offset_ws/install/share/crb_ros_msg/hook/cmake_prefix_path.ps1'
[2.209s] INFO:colcon.colcon_core.shell:Creating environment descriptor '/workspace/action_data_offset_ws/install/share/crb_ros_msg/hook/cmake_prefix_path.dsv'
[2.209s] INFO:colcon.colcon_core.shell:Creating environment hook '/workspace/action_data_offset_ws/install/share/crb_ros_msg/hook/cmake_prefix_path.sh'
[2.210s] Level 1:colcon.colcon_core.environment:checking '/workspace/action_data_offset_ws/install/lib'
[2.210s] Level 1:colcon.colcon_core.shell:create_environment_hook('crb_ros_msg', 'ld_library_path_lib')
[2.210s] INFO:colcon.colcon_core.shell:Creating environment hook '/workspace/action_data_offset_ws/install/share/crb_ros_msg/hook/ld_library_path_lib.ps1'
[2.211s] INFO:colcon.colcon_core.shell:Creating environment descriptor '/workspace/action_data_offset_ws/install/share/crb_ros_msg/hook/ld_library_path_lib.dsv'
[2.211s] INFO:colcon.colcon_core.shell:Creating environment hook '/workspace/action_data_offset_ws/install/share/crb_ros_msg/hook/ld_library_path_lib.sh'
[2.211s] Level 1:colcon.colcon_core.environment:checking '/workspace/action_data_offset_ws/install/bin'
[2.211s] Level 1:colcon.colcon_core.environment:checking '/workspace/action_data_offset_ws/install/lib/pkgconfig/crb_ros_msg.pc'
[2.211s] Level 1:colcon.colcon_core.environment:checking '/workspace/action_data_offset_ws/install/lib/python3.10/site-packages'
[2.212s] Level 1:colcon.colcon_core.shell:create_environment_hook('crb_ros_msg', 'pythonpath')
[2.212s] INFO:colcon.colcon_core.shell:Creating environment hook '/workspace/action_data_offset_ws/install/share/crb_ros_msg/hook/pythonpath.ps1'
[2.212s] INFO:colcon.colcon_core.shell:Creating environment descriptor '/workspace/action_data_offset_ws/install/share/crb_ros_msg/hook/pythonpath.dsv'
[2.212s] INFO:colcon.colcon_core.shell:Creating environment hook '/workspace/action_data_offset_ws/install/share/crb_ros_msg/hook/pythonpath.sh'
[2.213s] Level 1:colcon.colcon_core.environment:checking '/workspace/action_data_offset_ws/install/bin'
[2.213s] INFO:colcon.colcon_core.shell:Creating package script '/workspace/action_data_offset_ws/install/share/crb_ros_msg/package.ps1'
[2.213s] INFO:colcon.colcon_core.shell:Creating package descriptor '/workspace/action_data_offset_ws/install/share/crb_ros_msg/package.dsv'
[2.214s] INFO:colcon.colcon_core.shell:Creating package script '/workspace/action_data_offset_ws/install/share/crb_ros_msg/package.sh'
[2.214s] INFO:colcon.colcon_core.shell:Creating package script '/workspace/action_data_offset_ws/install/share/crb_ros_msg/package.bash'
[2.214s] INFO:colcon.colcon_core.shell:Creating package script '/workspace/action_data_offset_ws/install/share/crb_ros_msg/package.zsh'
[2.215s] Level 1:colcon.colcon_core.environment:create_file_with_runtime_dependencies(/workspace/action_data_offset_ws/install/share/colcon-core/packages/crb_ros_msg)
[2.215s] INFO:colcon.colcon_ros.task.ament_python.build:Building ROS package in '/workspace/action_data_offset_ws/src/casbot_arm_calibration_web' with build type 'ament_python'
[2.215s] Level 1:colcon.colcon_core.shell:create_environment_hook('casbot_arm_calibration_web', 'ament_prefix_path')
[2.215s] INFO:colcon.colcon_core.shell:Creating environment hook '/workspace/action_data_offset_ws/install/share/casbot_arm_calibration_web/hook/ament_prefix_path.ps1'
[2.216s] INFO:colcon.colcon_core.shell:Creating environment descriptor '/workspace/action_data_offset_ws/install/share/casbot_arm_calibration_web/hook/ament_prefix_path.dsv'
[2.216s] INFO:colcon.colcon_core.shell:Creating environment hook '/workspace/action_data_offset_ws/install/share/casbot_arm_calibration_web/hook/ament_prefix_path.sh'
[2.217s] INFO:colcon.colcon_core.shell:Skip shell extension 'powershell' for command environment: Not usable outside of PowerShell
[2.217s] DEBUG:colcon.colcon_core.shell:Skip shell extension 'dsv' for command environment
[2.395s] WARNING:colcon.colcon_ros.task.ament_python.build:Package 'casbot_arm_calibration_web' doesn't explicitly install a marker in the package index (colcon-ros currently does it implicitly but that fallback will be removed in the future)
[2.395s] INFO:colcon.colcon_core.task.python.build:Building Python package in '/workspace/action_data_offset_ws/src/casbot_arm_calibration_web'
[2.396s] INFO:colcon.colcon_core.shell:Skip shell extension 'powershell' for command environment: Not usable outside of PowerShell
[2.396s] DEBUG:colcon.colcon_core.shell:Skip shell extension 'dsv' for command environment
[2.622s] DEBUG:colcon.colcon_core.event_handler.log_command:Invoking command in '/workspace/action_data_offset_ws/src/casbot_arm_calibration_web': PYTHONPATH=/workspace/action_data_offset_ws/build/casbot_arm_calibration_web/prefix_override:/usr/local/lib/python3.10/dist-packages/colcon_core/task/python/colcon_distutils_commands:/workspace/action_data_offset_ws/install/lib/python3.10/site-packages:/workspace/action_data_offset_ws/install/lib/python3.10/site-packages:/workspace/action_data_offset_ws/install/local/lib/python3.10/dist-packages:/opt/ros/humble/lib/python3.10/site-packages:/opt/ros/humble/local/lib/python3.10/dist-packages:/usr/local/lib/python3.10/dist-packages /usr/bin/python3 -W ignore:setup.py install is deprecated -W ignore:easy_install command is deprecated setup.py egg_info --egg-base ../../build_x86/casbot_arm_calibration_web build --build-base /workspace/action_data_offset_ws/build/casbot_arm_calibration_web/build install --record /workspace/action_data_offset_ws/build/casbot_arm_calibration_web/install.log --single-version-externally-managed install_data
[2.828s] Level 1:colcon.colcon_core.environment:checking '/workspace/action_data_offset_ws/install' for CMake module files
[2.828s] DEBUG:colcon.colcon_core.event_handler.log_command:Invoked command in '/workspace/action_data_offset_ws/src/casbot_arm_calibration_web' returned '0': PYTHONPATH=/workspace/action_data_offset_ws/build/casbot_arm_calibration_web/prefix_override:/usr/local/lib/python3.10/dist-packages/colcon_core/task/python/colcon_distutils_commands:/workspace/action_data_offset_ws/install/lib/python3.10/site-packages:/workspace/action_data_offset_ws/install/lib/python3.10/site-packages:/workspace/action_data_offset_ws/install/local/lib/python3.10/dist-packages:/opt/ros/humble/lib/python3.10/site-packages:/opt/ros/humble/local/lib/python3.10/dist-packages:/usr/local/lib/python3.10/dist-packages /usr/bin/python3 -W ignore:setup.py install is deprecated -W ignore:easy_install command is deprecated setup.py egg_info --egg-base ../../build_x86/casbot_arm_calibration_web build --build-base /workspace/action_data_offset_ws/build/casbot_arm_calibration_web/build install --record /workspace/action_data_offset_ws/build/casbot_arm_calibration_web/install.log --single-version-externally-managed install_data
[2.829s] Level 1:colcon.colcon_core.environment:checking '/workspace/action_data_offset_ws/install' for CMake config files
[2.830s] Level 1:colcon.colcon_core.shell:create_environment_hook('casbot_arm_calibration_web', 'cmake_prefix_path')
[2.830s] INFO:colcon.colcon_core.shell:Creating environment hook '/workspace/action_data_offset_ws/install/share/casbot_arm_calibration_web/hook/cmake_prefix_path.ps1'
[2.830s] INFO:colcon.colcon_core.shell:Creating environment descriptor '/workspace/action_data_offset_ws/install/share/casbot_arm_calibration_web/hook/cmake_prefix_path.dsv'
[2.831s] INFO:colcon.colcon_core.shell:Creating environment hook '/workspace/action_data_offset_ws/install/share/casbot_arm_calibration_web/hook/cmake_prefix_path.sh'
[2.831s] Level 1:colcon.colcon_core.environment:checking '/workspace/action_data_offset_ws/install/lib'
[2.832s] Level 1:colcon.colcon_core.shell:create_environment_hook('casbot_arm_calibration_web', 'ld_library_path_lib')
[2.832s] INFO:colcon.colcon_core.shell:Creating environment hook '/workspace/action_data_offset_ws/install/share/casbot_arm_calibration_web/hook/ld_library_path_lib.ps1'
[2.832s] INFO:colcon.colcon_core.shell:Creating environment descriptor '/workspace/action_data_offset_ws/install/share/casbot_arm_calibration_web/hook/ld_library_path_lib.dsv'
[2.832s] INFO:colcon.colcon_core.shell:Creating environment hook '/workspace/action_data_offset_ws/install/share/casbot_arm_calibration_web/hook/ld_library_path_lib.sh'
[2.833s] Level 1:colcon.colcon_core.environment:checking '/workspace/action_data_offset_ws/install/bin'
[2.833s] Level 1:colcon.colcon_core.environment:checking '/workspace/action_data_offset_ws/install/lib/pkgconfig/casbot_arm_calibration_web.pc'
[2.833s] Level 1:colcon.colcon_core.environment:checking '/workspace/action_data_offset_ws/install/lib/python3.10/site-packages'
[2.833s] Level 1:colcon.colcon_core.shell:create_environment_hook('casbot_arm_calibration_web', 'pythonpath')
[2.833s] INFO:colcon.colcon_core.shell:Creating environment hook '/workspace/action_data_offset_ws/install/share/casbot_arm_calibration_web/hook/pythonpath.ps1'
[2.833s] INFO:colcon.colcon_core.shell:Creating environment descriptor '/workspace/action_data_offset_ws/install/share/casbot_arm_calibration_web/hook/pythonpath.dsv'
[2.833s] INFO:colcon.colcon_core.shell:Creating environment hook '/workspace/action_data_offset_ws/install/share/casbot_arm_calibration_web/hook/pythonpath.sh'
[2.834s] Level 1:colcon.colcon_core.environment:checking '/workspace/action_data_offset_ws/install/bin'
[2.834s] Level 1:colcon.colcon_core.environment:create_environment_scripts_only(casbot_arm_calibration_web)
[2.834s] INFO:colcon.colcon_core.shell:Creating package script '/workspace/action_data_offset_ws/install/share/casbot_arm_calibration_web/package.ps1'
[2.835s] INFO:colcon.colcon_core.shell:Creating package descriptor '/workspace/action_data_offset_ws/install/share/casbot_arm_calibration_web/package.dsv'
[2.835s] INFO:colcon.colcon_core.shell:Creating package script '/workspace/action_data_offset_ws/install/share/casbot_arm_calibration_web/package.sh'
[2.835s] INFO:colcon.colcon_core.shell:Creating package script '/workspace/action_data_offset_ws/install/share/casbot_arm_calibration_web/package.bash'
[2.836s] INFO:colcon.colcon_core.shell:Creating package script '/workspace/action_data_offset_ws/install/share/casbot_arm_calibration_web/package.zsh'
[2.836s] Level 1:colcon.colcon_core.environment:create_file_with_runtime_dependencies(/workspace/action_data_offset_ws/install/share/colcon-core/packages/casbot_arm_calibration_web)
[2.836s] DEBUG:colcon.colcon_parallel_executor.executor.parallel:closing loop
[2.836s] DEBUG:colcon.colcon_parallel_executor.executor.parallel:loop closed
[2.836s] DEBUG:colcon.colcon_parallel_executor.executor.parallel:run_until_complete finished with '0'
[2.836s] DEBUG:colcon.colcon_core.event_reactor:joining thread
[2.846s] INFO:colcon.colcon_core.plugin_system:Skipping extension 'colcon_notification.desktop_notification.notify_send': Could not find 'notify-send'
[2.846s] INFO:colcon.colcon_core.plugin_system:Skipping extension 'colcon_notification.desktop_notification.terminal_notifier': Not used on non-Darwin systems
[2.846s] INFO:colcon.colcon_core.plugin_system:Skipping extension 'colcon_notification.desktop_notification.win32': Not used on non-Windows systems
[2.846s] INFO:colcon.colcon_notification.desktop_notification:Sending desktop notification using 'notify2'
[2.849s] DEBUG:colcon.colcon_notification.desktop_notification.notify2:Failed to initialize notify2: org.freedesktop.DBus.Error.Spawn.ExecFailed: /usr/bin/dbus-launch terminated abnormally without any error message
[2.849s] DEBUG:colcon.colcon_core.event_reactor:joined thread
[2.849s] INFO:colcon.colcon_core.shell:Creating prefix script '/workspace/action_data_offset_ws/install/local_setup.ps1'
[2.850s] INFO:colcon.colcon_core.shell:Creating prefix util module '/workspace/action_data_offset_ws/install/_local_setup_util_ps1.py'
[2.852s] INFO:colcon.colcon_core.shell:Creating prefix chain script '/workspace/action_data_offset_ws/install/setup.ps1'
[2.852s] INFO:colcon.colcon_core.shell:Creating prefix script '/workspace/action_data_offset_ws/install/local_setup.sh'
[2.853s] INFO:colcon.colcon_core.shell:Creating prefix util module '/workspace/action_data_offset_ws/install/_local_setup_util_sh.py'
[2.853s] INFO:colcon.colcon_core.shell:Creating prefix chain script '/workspace/action_data_offset_ws/install/setup.sh'
[2.854s] INFO:colcon.colcon_core.shell:Creating prefix script '/workspace/action_data_offset_ws/install/local_setup.bash'
[2.855s] INFO:colcon.colcon_core.shell:Creating prefix chain script '/workspace/action_data_offset_ws/install/setup.bash'
[2.856s] INFO:colcon.colcon_core.shell:Creating prefix script '/workspace/action_data_offset_ws/install/local_setup.zsh'
[2.857s] INFO:colcon.colcon_core.shell:Creating prefix chain script '/workspace/action_data_offset_ws/install/setup.zsh'
