[0.158s] Invoking command in '/workspace/action_data_offset_posture_ws/build/crb_ros_msg': CMAKE_PREFIX_PATH=/opt/rootfs_2204_aarch64/opt/ros/humble /usr/bin/cmake /workspace/action_data_offset_posture_ws/src/crb_ros_msg -DCMAKE_VERBOSE_MAKEFILE:BOOL=ON -DCMAKE_TOOLCHAIN_FILE=/workspace/action_data_offset_posture_ws/docker_env/environment/cmake-toolchains/generic_aarch64.cmake -DSECURITY=ON -DBUILD_TESTING=OFF -DCMAKE_INSTALL_PREFIX=/workspace/action_data_offset_posture_ws/install
[0.171s] -- Using SECURITY: ON.
[0.172s] -- Using BUILD_TESTING: OFF.
[0.172s] -- Using CMAKE_TOOLCHAIN_FILE: /workspace/action_data_offset_posture_ws/docker_env/environment/cmake-toolchains/generic_aarch64.cmake.
[0.172s] -- Using CATKIN_INSTALL_INTO_PREFIX_ROOT: .
[0.172s] -- Using CMAKE_CUSTOM_CROSS: .
[0.182s] -- Found ament_cmake: 1.3.12 (/opt/rootfs_2204_aarch64/opt/ros/humble/share/ament_cmake/cmake)
[0.281s] -- Found rosidl_default_generators: 1.2.1 (/opt/rootfs_2204_aarch64/opt/ros/humble/share/rosidl_default_generators/cmake)
[0.282s] -- Using all available rosidl_typesupport_c: rosidl_typesupport_fastrtps_c;rosidl_typesupport_introspection_c
[0.284s] -- Found rosidl_adapter: 3.1.7 (/opt/rootfs_2204_aarch64/opt/ros/humble/share/rosidl_adapter/cmake)
[0.306s] -- Using all available rosidl_typesupport_cpp: rosidl_typesupport_fastrtps_cpp;rosidl_typesupport_introspection_cpp
[0.328s] -- Found std_msgs: 4.9.0 (/opt/rootfs_2204_aarch64/opt/ros/humble/share/std_msgs/cmake)
[0.348s] -- Found sensor_msgs: 4.9.1 (/opt/rootfs_2204_aarch64/opt/ros/humble/share/sensor_msgs/cmake)
[0.370s] -- Found action_msgs: 1.2.2 (/opt/rootfs_2204_aarch64/opt/ros/humble/share/action_msgs/cmake)
[0.612s] -- Found ament_cmake_ros: 0.10.0 (/opt/rootfs_2204_aarch64/opt/ros/humble/share/ament_cmake_ros/cmake)
[0.849s] -- Using all available rosidl_typesupport_c: rosidl_typesupport_fastrtps_c;rosidl_typesupport_introspection_c
[1.161s] -- Using all available rosidl_typesupport_cpp: rosidl_typesupport_fastrtps_cpp;rosidl_typesupport_introspection_cpp
[1.173s] -- Found python_cmake_module: 0.10.0 (/opt/rootfs_2204_aarch64/opt/ros/humble/share/python_cmake_module/cmake)
[1.186s] -- Using PYTHON_EXECUTABLE: /usr/bin/python3
[1.186s] -- Using PYTHON_INCLUDE_DIRS: /opt/rootfs_2204_aarch64/usr/include/python3.10
[1.186s] -- Using PYTHON_LIBRARIES: /opt/rootfs_2204_aarch64/usr/lib/aarch64-linux-gnu/libpython3.10.so
[1.308s] -- Configuring done
[1.349s] -- Generating done
[1.362s] -- Build files have been written to: /workspace/action_data_offset_posture_ws/build_aarch64/crb_ros_msg
[1.369s] Invoked command in '/workspace/action_data_offset_posture_ws/build/crb_ros_msg' returned '0': CMAKE_PREFIX_PATH=/opt/rootfs_2204_aarch64/opt/ros/humble /usr/bin/cmake /workspace/action_data_offset_posture_ws/src/crb_ros_msg -DCMAKE_VERBOSE_MAKEFILE:BOOL=ON -DCMAKE_TOOLCHAIN_FILE=/workspace/action_data_offset_posture_ws/docker_env/environment/cmake-toolchains/generic_aarch64.cmake -DSECURITY=ON -DBUILD_TESTING=OFF -DCMAKE_INSTALL_PREFIX=/workspace/action_data_offset_posture_ws/install
[1.370s] Invoking command in '/workspace/action_data_offset_posture_ws/build/crb_ros_msg': CMAKE_PREFIX_PATH=/opt/rootfs_2204_aarch64/opt/ros/humble /usr/bin/cmake --build /workspace/action_data_offset_posture_ws/build/crb_ros_msg -- -j16 -l16
[1.385s] /usr/bin/cmake -S/workspace/action_data_offset_posture_ws/src/crb_ros_msg -B/workspace/action_data_offset_posture_ws/build_aarch64/crb_ros_msg --check-build-system CMakeFiles/Makefile.cmake 0
[1.400s] /usr/bin/cmake -E cmake_progress_start /workspace/action_data_offset_posture_ws/build_aarch64/crb_ros_msg/CMakeFiles /workspace/action_data_offset_posture_ws/build_aarch64/crb_ros_msg//CMakeFiles/progress.marks
[1.408s] /usr/bin/gmake  -f CMakeFiles/Makefile2 all
[1.410s] gmake[1]: Entering directory '/workspace/action_data_offset_posture_ws/build_aarch64/crb_ros_msg'
[1.410s] /usr/bin/gmake  -f crb_ros_msg__rs/CMakeFiles/crb_ros_msg__rs.dir/build.make crb_ros_msg__rs/CMakeFiles/crb_ros_msg__rs.dir/depend
[1.410s] /usr/bin/gmake  -f CMakeFiles/crb_ros_msg__rosidl_generator_c.dir/build.make CMakeFiles/crb_ros_msg__rosidl_generator_c.dir/depend
[1.410s] /usr/bin/gmake  -f CMakeFiles/crb_ros_msg__cpp.dir/build.make CMakeFiles/crb_ros_msg__cpp.dir/depend
[1.411s] /usr/bin/gmake  -f CMakeFiles/ament_cmake_python_copy_crb_ros_msg.dir/build.make CMakeFiles/ament_cmake_python_copy_crb_ros_msg.dir/depend
[1.411s] gmake[2]: Entering directory '/workspace/action_data_offset_posture_ws/build_aarch64/crb_ros_msg'
[1.411s] cd /workspace/action_data_offset_posture_ws/build_aarch64/crb_ros_msg && /usr/bin/cmake -E cmake_depends "Unix Makefiles" /workspace/action_data_offset_posture_ws/src/crb_ros_msg /workspace/action_data_offset_posture_ws/build_aarch64/crb_ros_msg/crb_ros_msg__rs /workspace/action_data_offset_posture_ws/build_aarch64/crb_ros_msg /workspace/action_data_offset_posture_ws/build_aarch64/crb_ros_msg/crb_ros_msg__rs /workspace/action_data_offset_posture_ws/build_aarch64/crb_ros_msg/crb_ros_msg__rs/CMakeFiles/crb_ros_msg__rs.dir/DependInfo.cmake --color=
[1.413s] gmake[2]: Entering directory '/workspace/action_data_offset_posture_ws/build_aarch64/crb_ros_msg'
[1.413s] cd /workspace/action_data_offset_posture_ws/build_aarch64/crb_ros_msg && /usr/bin/cmake -E cmake_depends "Unix Makefiles" /workspace/action_data_offset_posture_ws/src/crb_ros_msg /workspace/action_data_offset_posture_ws/src/crb_ros_msg /workspace/action_data_offset_posture_ws/build_aarch64/crb_ros_msg /workspace/action_data_offset_posture_ws/build_aarch64/crb_ros_msg /workspace/action_data_offset_posture_ws/build_aarch64/crb_ros_msg/CMakeFiles/ament_cmake_python_copy_crb_ros_msg.dir/DependInfo.cmake --color=
[1.413s] gmake[2]: Entering directory '/workspace/action_data_offset_posture_ws/build_aarch64/crb_ros_msg'
[1.413s] cd /workspace/action_data_offset_posture_ws/build_aarch64/crb_ros_msg && /usr/bin/cmake -E cmake_depends "Unix Makefiles" /workspace/action_data_offset_posture_ws/src/crb_ros_msg /workspace/action_data_offset_posture_ws/src/crb_ros_msg /workspace/action_data_offset_posture_ws/build_aarch64/crb_ros_msg /workspace/action_data_offset_posture_ws/build_aarch64/crb_ros_msg /workspace/action_data_offset_posture_ws/build_aarch64/crb_ros_msg/CMakeFiles/crb_ros_msg__cpp.dir/DependInfo.cmake --color=
[1.414s] gmake[2]: Entering directory '/workspace/action_data_offset_posture_ws/build_aarch64/crb_ros_msg'
[1.414s] cd /workspace/action_data_offset_posture_ws/build_aarch64/crb_ros_msg && /usr/bin/cmake -E cmake_depends "Unix Makefiles" /workspace/action_data_offset_posture_ws/src/crb_ros_msg /workspace/action_data_offset_posture_ws/src/crb_ros_msg /workspace/action_data_offset_posture_ws/build_aarch64/crb_ros_msg /workspace/action_data_offset_posture_ws/build_aarch64/crb_ros_msg /workspace/action_data_offset_posture_ws/build_aarch64/crb_ros_msg/CMakeFiles/crb_ros_msg__rosidl_generator_c.dir/DependInfo.cmake --color=
[1.431s] gmake[2]: Leaving directory '/workspace/action_data_offset_posture_ws/build_aarch64/crb_ros_msg'
[1.431s] /usr/bin/gmake  -f CMakeFiles/ament_cmake_python_copy_crb_ros_msg.dir/build.make CMakeFiles/ament_cmake_python_copy_crb_ros_msg.dir/build
[1.431s] Dependencies file "CMakeFiles/crb_ros_msg__rosidl_generator_c.dir/rosidl_generator_c/crb_ros_msg/action/detail/action_play__functions.c.o.d" is newer than depends file "/workspace/action_data_offset_posture_ws/build_aarch64/crb_ros_msg/CMakeFiles/crb_ros_msg__rosidl_generator_c.dir/compiler_depend.internal".
[1.432s] Dependencies file "CMakeFiles/crb_ros_msg__rosidl_generator_c.dir/rosidl_generator_c/crb_ros_msg/msg/detail/upper_joint_data__functions.c.o.d" is newer than depends file "/workspace/action_data_offset_posture_ws/build_aarch64/crb_ros_msg/CMakeFiles/crb_ros_msg__rosidl_generator_c.dir/compiler_depend.internal".
[1.432s] [35m[1mConsolidate compiler generated dependencies of target crb_ros_msg__rosidl_generator_c[0m
[1.433s] gmake[2]: Entering directory '/workspace/action_data_offset_posture_ws/build_aarch64/crb_ros_msg'
[1.433s] /usr/bin/cmake -E copy_directory /workspace/action_data_offset_posture_ws/build_aarch64/crb_ros_msg/rosidl_generator_py/crb_ros_msg /workspace/action_data_offset_posture_ws/build_aarch64/crb_ros_msg/ament_cmake_python/crb_ros_msg/crb_ros_msg
[1.438s] gmake[2]: Leaving directory '/workspace/action_data_offset_posture_ws/build_aarch64/crb_ros_msg'
[1.438s] gmake[2]: Leaving directory '/workspace/action_data_offset_posture_ws/build_aarch64/crb_ros_msg'
[1.438s] /usr/bin/gmake  -f crb_ros_msg__rs/CMakeFiles/crb_ros_msg__rs.dir/build.make crb_ros_msg__rs/CMakeFiles/crb_ros_msg__rs.dir/build
[1.439s] gmake[2]: Leaving directory '/workspace/action_data_offset_posture_ws/build_aarch64/crb_ros_msg'
[1.439s] /usr/bin/gmake  -f CMakeFiles/crb_ros_msg__rosidl_generator_c.dir/build.make CMakeFiles/crb_ros_msg__rosidl_generator_c.dir/build
[1.439s] /usr/bin/gmake  -f CMakeFiles/crb_ros_msg__cpp.dir/build.make CMakeFiles/crb_ros_msg__cpp.dir/build
[1.444s] gmake[2]: Entering directory '/workspace/action_data_offset_posture_ws/build_aarch64/crb_ros_msg'
[1.444s] gmake[2]: Nothing to be done for 'CMakeFiles/crb_ros_msg__cpp.dir/build'.
[1.444s] gmake[2]: Leaving directory '/workspace/action_data_offset_posture_ws/build_aarch64/crb_ros_msg'
[1.445s] gmake[2]: Entering directory '/workspace/action_data_offset_posture_ws/build_aarch64/crb_ros_msg'
[1.445s] gmake[2]: Nothing to be done for 'crb_ros_msg__rs/CMakeFiles/crb_ros_msg__rs.dir/build'.
[1.445s] gmake[2]: Leaving directory '/workspace/action_data_offset_posture_ws/build_aarch64/crb_ros_msg'
[1.446s] gmake[2]: Entering directory '/workspace/action_data_offset_posture_ws/build_aarch64/crb_ros_msg'
[1.446s] gmake[2]: Nothing to be done for 'CMakeFiles/crb_ros_msg__rosidl_generator_c.dir/build'.
[1.446s] gmake[2]: Leaving directory '/workspace/action_data_offset_posture_ws/build_aarch64/crb_ros_msg'
[1.459s] gmake[2]: Leaving directory '/workspace/action_data_offset_posture_ws/build_aarch64/crb_ros_msg'
[1.460s] [  5%] Built target crb_ros_msg__cpp
[1.460s] [  5%] Built target crb_ros_msg__rs
[1.460s] [ 15%] Built target crb_ros_msg__rosidl_generator_c
[1.460s] /usr/bin/gmake  -f CMakeFiles/crb_ros_msg__rosidl_typesupport_fastrtps_cpp.dir/build.make CMakeFiles/crb_ros_msg__rosidl_typesupport_fastrtps_cpp.dir/depend
[1.460s] /usr/bin/gmake  -f CMakeFiles/crb_ros_msg__rosidl_typesupport_introspection_cpp.dir/build.make CMakeFiles/crb_ros_msg__rosidl_typesupport_introspection_cpp.dir/depend
[1.460s] /usr/bin/gmake  -f CMakeFiles/crb_ros_msg__rosidl_typesupport_cpp.dir/build.make CMakeFiles/crb_ros_msg__rosidl_typesupport_cpp.dir/depend
[1.462s] gmake[2]: Entering directory '/workspace/action_data_offset_posture_ws/build_aarch64/crb_ros_msg'
[1.462s] cd /workspace/action_data_offset_posture_ws/build_aarch64/crb_ros_msg && /usr/bin/cmake -E cmake_depends "Unix Makefiles" /workspace/action_data_offset_posture_ws/src/crb_ros_msg /workspace/action_data_offset_posture_ws/src/crb_ros_msg /workspace/action_data_offset_posture_ws/build_aarch64/crb_ros_msg /workspace/action_data_offset_posture_ws/build_aarch64/crb_ros_msg /workspace/action_data_offset_posture_ws/build_aarch64/crb_ros_msg/CMakeFiles/crb_ros_msg__rosidl_typesupport_fastrtps_cpp.dir/DependInfo.cmake --color=
[1.463s] gmake[2]: Entering directory '/workspace/action_data_offset_posture_ws/build_aarch64/crb_ros_msg'
[1.463s] cd /workspace/action_data_offset_posture_ws/build_aarch64/crb_ros_msg && /usr/bin/cmake -E cmake_depends "Unix Makefiles" /workspace/action_data_offset_posture_ws/src/crb_ros_msg /workspace/action_data_offset_posture_ws/src/crb_ros_msg /workspace/action_data_offset_posture_ws/build_aarch64/crb_ros_msg /workspace/action_data_offset_posture_ws/build_aarch64/crb_ros_msg /workspace/action_data_offset_posture_ws/build_aarch64/crb_ros_msg/CMakeFiles/crb_ros_msg__rosidl_typesupport_cpp.dir/DependInfo.cmake --color=
[1.463s] gmake[2]: Entering directory '/workspace/action_data_offset_posture_ws/build_aarch64/crb_ros_msg'
[1.463s] cd /workspace/action_data_offset_posture_ws/build_aarch64/crb_ros_msg && /usr/bin/cmake -E cmake_depends "Unix Makefiles" /workspace/action_data_offset_posture_ws/src/crb_ros_msg /workspace/action_data_offset_posture_ws/src/crb_ros_msg /workspace/action_data_offset_posture_ws/build_aarch64/crb_ros_msg /workspace/action_data_offset_posture_ws/build_aarch64/crb_ros_msg /workspace/action_data_offset_posture_ws/build_aarch64/crb_ros_msg/CMakeFiles/crb_ros_msg__rosidl_typesupport_introspection_cpp.dir/DependInfo.cmake --color=
[1.471s] Dependencies file "CMakeFiles/crb_ros_msg__rosidl_typesupport_fastrtps_cpp.dir/rosidl_typesupport_fastrtps_cpp/crb_ros_msg/action/detail/dds_fastrtps/action_play__type_support.cpp.o.d" is newer than depends file "/workspace/action_data_offset_posture_ws/build_aarch64/crb_ros_msg/CMakeFiles/crb_ros_msg__rosidl_typesupport_fastrtps_cpp.dir/compiler_depend.internal".
[1.471s] Dependencies file "CMakeFiles/crb_ros_msg__rosidl_typesupport_fastrtps_cpp.dir/rosidl_typesupport_fastrtps_cpp/crb_ros_msg/msg/detail/dds_fastrtps/upper_joint_data__type_support.cpp.o.d" is newer than depends file "/workspace/action_data_offset_posture_ws/build_aarch64/crb_ros_msg/CMakeFiles/crb_ros_msg__rosidl_typesupport_fastrtps_cpp.dir/compiler_depend.internal".
[1.472s] [35m[1mConsolidate compiler generated dependencies of target crb_ros_msg__rosidl_typesupport_fastrtps_cpp[0m
[1.472s] Dependencies file "CMakeFiles/crb_ros_msg__rosidl_typesupport_introspection_cpp.dir/rosidl_typesupport_introspection_cpp/crb_ros_msg/action/detail/action_play__type_support.cpp.o.d" is newer than depends file "/workspace/action_data_offset_posture_ws/build_aarch64/crb_ros_msg/CMakeFiles/crb_ros_msg__rosidl_typesupport_introspection_cpp.dir/compiler_depend.internal".
[1.472s] Dependencies file "CMakeFiles/crb_ros_msg__rosidl_typesupport_introspection_cpp.dir/rosidl_typesupport_introspection_cpp/crb_ros_msg/msg/detail/upper_joint_data__type_support.cpp.o.d" is newer than depends file "/workspace/action_data_offset_posture_ws/build_aarch64/crb_ros_msg/CMakeFiles/crb_ros_msg__rosidl_typesupport_introspection_cpp.dir/compiler_depend.internal".
[1.473s] [35m[1mConsolidate compiler generated dependencies of target crb_ros_msg__rosidl_typesupport_introspection_cpp[0m
[1.473s] [ 15%] Built target ament_cmake_python_copy_crb_ros_msg
[1.475s] /usr/bin/gmake  -f CMakeFiles/crb_ros_msg__rosidl_typesupport_fastrtps_c.dir/build.make CMakeFiles/crb_ros_msg__rosidl_typesupport_fastrtps_c.dir/depend
[1.475s] /usr/bin/gmake  -f CMakeFiles/crb_ros_msg__rosidl_typesupport_introspection_c.dir/build.make CMakeFiles/crb_ros_msg__rosidl_typesupport_introspection_c.dir/depend
[1.476s] /usr/bin/gmake  -f CMakeFiles/crb_ros_msg__rosidl_typesupport_c.dir/build.make CMakeFiles/crb_ros_msg__rosidl_typesupport_c.dir/depend
[1.476s] /usr/bin/gmake  -f CMakeFiles/ament_cmake_python_build_crb_ros_msg_egg.dir/build.make CMakeFiles/ament_cmake_python_build_crb_ros_msg_egg.dir/depend
[1.477s] Dependencies file "CMakeFiles/crb_ros_msg__rosidl_typesupport_cpp.dir/rosidl_typesupport_cpp/crb_ros_msg/action/action_play__type_support.cpp.o.d" is newer than depends file "/workspace/action_data_offset_posture_ws/build_aarch64/crb_ros_msg/CMakeFiles/crb_ros_msg__rosidl_typesupport_cpp.dir/compiler_depend.internal".
[1.478s] Dependencies file "CMakeFiles/crb_ros_msg__rosidl_typesupport_cpp.dir/rosidl_typesupport_cpp/crb_ros_msg/msg/upper_joint_data__type_support.cpp.o.d" is newer than depends file "/workspace/action_data_offset_posture_ws/build_aarch64/crb_ros_msg/CMakeFiles/crb_ros_msg__rosidl_typesupport_cpp.dir/compiler_depend.internal".
[1.478s] [35m[1mConsolidate compiler generated dependencies of target crb_ros_msg__rosidl_typesupport_cpp[0m
[1.480s] gmake[2]: Entering directory '/workspace/action_data_offset_posture_ws/build_aarch64/crb_ros_msg'
[1.480s] cd /workspace/action_data_offset_posture_ws/build_aarch64/crb_ros_msg && /usr/bin/cmake -E cmake_depends "Unix Makefiles" /workspace/action_data_offset_posture_ws/src/crb_ros_msg /workspace/action_data_offset_posture_ws/src/crb_ros_msg /workspace/action_data_offset_posture_ws/build_aarch64/crb_ros_msg /workspace/action_data_offset_posture_ws/build_aarch64/crb_ros_msg /workspace/action_data_offset_posture_ws/build_aarch64/crb_ros_msg/CMakeFiles/ament_cmake_python_build_crb_ros_msg_egg.dir/DependInfo.cmake --color=
[1.480s] gmake[2]: Entering directory '/workspace/action_data_offset_posture_ws/build_aarch64/crb_ros_msg'
[1.481s] cd /workspace/action_data_offset_posture_ws/build_aarch64/crb_ros_msg && /usr/bin/cmake -E cmake_depends "Unix Makefiles" /workspace/action_data_offset_posture_ws/src/crb_ros_msg /workspace/action_data_offset_posture_ws/src/crb_ros_msg /workspace/action_data_offset_posture_ws/build_aarch64/crb_ros_msg /workspace/action_data_offset_posture_ws/build_aarch64/crb_ros_msg /workspace/action_data_offset_posture_ws/build_aarch64/crb_ros_msg/CMakeFiles/crb_ros_msg__rosidl_typesupport_introspection_c.dir/DependInfo.cmake --color=
[1.481s] gmake[2]: Entering directory '/workspace/action_data_offset_posture_ws/build_aarch64/crb_ros_msg'
[1.481s] cd /workspace/action_data_offset_posture_ws/build_aarch64/crb_ros_msg && /usr/bin/cmake -E cmake_depends "Unix Makefiles" /workspace/action_data_offset_posture_ws/src/crb_ros_msg /workspace/action_data_offset_posture_ws/src/crb_ros_msg /workspace/action_data_offset_posture_ws/build_aarch64/crb_ros_msg /workspace/action_data_offset_posture_ws/build_aarch64/crb_ros_msg /workspace/action_data_offset_posture_ws/build_aarch64/crb_ros_msg/CMakeFiles/crb_ros_msg__rosidl_typesupport_fastrtps_c.dir/DependInfo.cmake --color=
[1.481s] gmake[2]: Entering directory '/workspace/action_data_offset_posture_ws/build_aarch64/crb_ros_msg'
[1.482s] cd /workspace/action_data_offset_posture_ws/build_aarch64/crb_ros_msg && /usr/bin/cmake -E cmake_depends "Unix Makefiles" /workspace/action_data_offset_posture_ws/src/crb_ros_msg /workspace/action_data_offset_posture_ws/src/crb_ros_msg /workspace/action_data_offset_posture_ws/build_aarch64/crb_ros_msg /workspace/action_data_offset_posture_ws/build_aarch64/crb_ros_msg /workspace/action_data_offset_posture_ws/build_aarch64/crb_ros_msg/CMakeFiles/crb_ros_msg__rosidl_typesupport_c.dir/DependInfo.cmake --color=
[1.485s] gmake[2]: Leaving directory '/workspace/action_data_offset_posture_ws/build_aarch64/crb_ros_msg'
[1.485s] /usr/bin/gmake  -f CMakeFiles/crb_ros_msg__rosidl_typesupport_fastrtps_cpp.dir/build.make CMakeFiles/crb_ros_msg__rosidl_typesupport_fastrtps_cpp.dir/build
[1.488s] gmake[2]: Leaving directory '/workspace/action_data_offset_posture_ws/build_aarch64/crb_ros_msg'
[1.488s] /usr/bin/gmake  -f CMakeFiles/crb_ros_msg__rosidl_typesupport_introspection_cpp.dir/build.make CMakeFiles/crb_ros_msg__rosidl_typesupport_introspection_cpp.dir/build
[1.492s] gmake[2]: Leaving directory '/workspace/action_data_offset_posture_ws/build_aarch64/crb_ros_msg'
[1.492s] Dependencies file "CMakeFiles/crb_ros_msg__rosidl_typesupport_fastrtps_c.dir/rosidl_typesupport_fastrtps_c/crb_ros_msg/action/detail/action_play__type_support_c.cpp.o.d" is newer than depends file "/workspace/action_data_offset_posture_ws/build_aarch64/crb_ros_msg/CMakeFiles/crb_ros_msg__rosidl_typesupport_fastrtps_c.dir/compiler_depend.internal".
[1.492s] /usr/bin/gmake  -f CMakeFiles/crb_ros_msg__rosidl_typesupport_cpp.dir/build.make CMakeFiles/crb_ros_msg__rosidl_typesupport_cpp.dir/build
[1.492s] Dependencies file "CMakeFiles/crb_ros_msg__rosidl_typesupport_fastrtps_c.dir/rosidl_typesupport_fastrtps_c/crb_ros_msg/msg/detail/upper_joint_data__type_support_c.cpp.o.d" is newer than depends file "/workspace/action_data_offset_posture_ws/build_aarch64/crb_ros_msg/CMakeFiles/crb_ros_msg__rosidl_typesupport_fastrtps_c.dir/compiler_depend.internal".
[1.492s] Dependencies file "CMakeFiles/crb_ros_msg__rosidl_typesupport_introspection_c.dir/rosidl_typesupport_introspection_c/crb_ros_msg/action/detail/action_play__type_support.c.o.d" is newer than depends file "/workspace/action_data_offset_posture_ws/build_aarch64/crb_ros_msg/CMakeFiles/crb_ros_msg__rosidl_typesupport_introspection_c.dir/compiler_depend.internal".
[1.492s] gmake[2]: Leaving directory '/workspace/action_data_offset_posture_ws/build_aarch64/crb_ros_msg'
[1.493s] gmake[2]: Entering directory '/workspace/action_data_offset_posture_ws/build_aarch64/crb_ros_msg'
[1.493s] gmake[2]: Nothing to be done for 'CMakeFiles/crb_ros_msg__rosidl_typesupport_fastrtps_cpp.dir/build'.
[1.493s] gmake[2]: Leaving directory '/workspace/action_data_offset_posture_ws/build_aarch64/crb_ros_msg'
[1.493s] Dependencies file "CMakeFiles/crb_ros_msg__rosidl_typesupport_introspection_c.dir/rosidl_typesupport_introspection_c/crb_ros_msg/msg/detail/upper_joint_data__type_support.c.o.d" is newer than depends file "/workspace/action_data_offset_posture_ws/build_aarch64/crb_ros_msg/CMakeFiles/crb_ros_msg__rosidl_typesupport_introspection_c.dir/compiler_depend.internal".
[1.493s] /usr/bin/gmake  -f CMakeFiles/ament_cmake_python_build_crb_ros_msg_egg.dir/build.make CMakeFiles/ament_cmake_python_build_crb_ros_msg_egg.dir/build
[1.493s] [35m[1mConsolidate compiler generated dependencies of target crb_ros_msg__rosidl_typesupport_fastrtps_c[0m
[1.493s] [35m[1mConsolidate compiler generated dependencies of target crb_ros_msg__rosidl_typesupport_introspection_c[0m
[1.494s] gmake[2]: Entering directory '/workspace/action_data_offset_posture_ws/build_aarch64/crb_ros_msg'
[1.494s] cd /workspace/action_data_offset_posture_ws/build_aarch64/crb_ros_msg/ament_cmake_python/crb_ros_msg && /usr/bin/python3 setup.py egg_info
[1.496s] gmake[2]: Leaving directory '/workspace/action_data_offset_posture_ws/build_aarch64/crb_ros_msg'
[1.496s] /usr/bin/gmake  -f CMakeFiles/crb_ros_msg__rosidl_typesupport_introspection_c.dir/build.make CMakeFiles/crb_ros_msg__rosidl_typesupport_introspection_c.dir/build
[1.499s] Dependencies file "CMakeFiles/crb_ros_msg__rosidl_typesupport_c.dir/rosidl_typesupport_c/crb_ros_msg/action/action_play__type_support.cpp.o.d" is newer than depends file "/workspace/action_data_offset_posture_ws/build_aarch64/crb_ros_msg/CMakeFiles/crb_ros_msg__rosidl_typesupport_c.dir/compiler_depend.internal".
[1.499s] Dependencies file "CMakeFiles/crb_ros_msg__rosidl_typesupport_c.dir/rosidl_typesupport_c/crb_ros_msg/msg/upper_joint_data__type_support.cpp.o.d" is newer than depends file "/workspace/action_data_offset_posture_ws/build_aarch64/crb_ros_msg/CMakeFiles/crb_ros_msg__rosidl_typesupport_c.dir/compiler_depend.internal".
[1.499s] [35m[1mConsolidate compiler generated dependencies of target crb_ros_msg__rosidl_typesupport_c[0m
[1.499s] gmake[2]: Entering directory '/workspace/action_data_offset_posture_ws/build_aarch64/crb_ros_msg'
[1.500s] gmake[2]: Nothing to be done for 'CMakeFiles/crb_ros_msg__rosidl_typesupport_introspection_c.dir/build'.
[1.500s] gmake[2]: Leaving directory '/workspace/action_data_offset_posture_ws/build_aarch64/crb_ros_msg'
[1.500s] gmake[2]: Entering directory '/workspace/action_data_offset_posture_ws/build_aarch64/crb_ros_msg'
[1.500s] gmake[2]: Nothing to be done for 'CMakeFiles/crb_ros_msg__rosidl_typesupport_introspection_cpp.dir/build'.
[1.500s] gmake[2]: Leaving directory '/workspace/action_data_offset_posture_ws/build_aarch64/crb_ros_msg'
[1.500s] gmake[2]: Leaving directory '/workspace/action_data_offset_posture_ws/build_aarch64/crb_ros_msg'
[1.500s] /usr/bin/gmake  -f CMakeFiles/crb_ros_msg__rosidl_typesupport_fastrtps_c.dir/build.make CMakeFiles/crb_ros_msg__rosidl_typesupport_fastrtps_c.dir/build
[1.501s] [ 25%] Built target crb_ros_msg__rosidl_typesupport_fastrtps_cpp
[1.502s] gmake[2]: Entering directory '/workspace/action_data_offset_posture_ws/build_aarch64/crb_ros_msg'
[1.502s] gmake[2]: Nothing to be done for 'CMakeFiles/crb_ros_msg__rosidl_typesupport_cpp.dir/build'.
[1.502s] gmake[2]: Leaving directory '/workspace/action_data_offset_posture_ws/build_aarch64/crb_ros_msg'
[1.504s] gmake[2]: Leaving directory '/workspace/action_data_offset_posture_ws/build_aarch64/crb_ros_msg'
[1.504s] /usr/bin/gmake  -f CMakeFiles/crb_ros_msg__rosidl_typesupport_c.dir/build.make CMakeFiles/crb_ros_msg__rosidl_typesupport_c.dir/build
[1.507s] gmake[2]: Entering directory '/workspace/action_data_offset_posture_ws/build_aarch64/crb_ros_msg'
[1.507s] gmake[2]: Nothing to be done for 'CMakeFiles/crb_ros_msg__rosidl_typesupport_c.dir/build'.
[1.508s] gmake[2]: Leaving directory '/workspace/action_data_offset_posture_ws/build_aarch64/crb_ros_msg'
[1.508s] [ 42%] Built target crb_ros_msg__rosidl_typesupport_introspection_cpp
[1.508s] [ 45%] Built target crb_ros_msg__rosidl_typesupport_introspection_c
[1.510s] [ 55%] Built target crb_ros_msg__rosidl_typesupport_cpp
[1.510s] gmake[2]: Entering directory '/workspace/action_data_offset_posture_ws/build_aarch64/crb_ros_msg'
[1.510s] gmake[2]: Nothing to be done for 'CMakeFiles/crb_ros_msg__rosidl_typesupport_fastrtps_c.dir/build'.
[1.510s] gmake[2]: Leaving directory '/workspace/action_data_offset_posture_ws/build_aarch64/crb_ros_msg'
[1.516s] [ 65%] Built target crb_ros_msg__rosidl_typesupport_c
[1.519s] [ 75%] Built target crb_ros_msg__rosidl_typesupport_fastrtps_c
[1.520s] /usr/bin/gmake  -f CMakeFiles/crb_ros_msg.dir/build.make CMakeFiles/crb_ros_msg.dir/depend
[1.522s] gmake[2]: Entering directory '/workspace/action_data_offset_posture_ws/build_aarch64/crb_ros_msg'
[1.522s] cd /workspace/action_data_offset_posture_ws/build_aarch64/crb_ros_msg && /usr/bin/cmake -E cmake_depends "Unix Makefiles" /workspace/action_data_offset_posture_ws/src/crb_ros_msg /workspace/action_data_offset_posture_ws/src/crb_ros_msg /workspace/action_data_offset_posture_ws/build_aarch64/crb_ros_msg /workspace/action_data_offset_posture_ws/build_aarch64/crb_ros_msg /workspace/action_data_offset_posture_ws/build_aarch64/crb_ros_msg/CMakeFiles/crb_ros_msg.dir/DependInfo.cmake --color=
[1.531s] gmake[2]: Leaving directory '/workspace/action_data_offset_posture_ws/build_aarch64/crb_ros_msg'
[1.531s] /usr/bin/gmake  -f CMakeFiles/crb_ros_msg.dir/build.make CMakeFiles/crb_ros_msg.dir/build
[1.533s] gmake[2]: Entering directory '/workspace/action_data_offset_posture_ws/build_aarch64/crb_ros_msg'
[1.533s] gmake[2]: Nothing to be done for 'CMakeFiles/crb_ros_msg.dir/build'.
[1.534s] gmake[2]: Leaving directory '/workspace/action_data_offset_posture_ws/build_aarch64/crb_ros_msg'
[1.544s] [ 75%] Built target crb_ros_msg
[1.545s] /usr/bin/gmake  -f crb_ros_msg__py/CMakeFiles/crb_ros_msg__py.dir/build.make crb_ros_msg__py/CMakeFiles/crb_ros_msg__py.dir/depend
[1.548s] gmake[2]: Entering directory '/workspace/action_data_offset_posture_ws/build_aarch64/crb_ros_msg'
[1.548s] cd /workspace/action_data_offset_posture_ws/build_aarch64/crb_ros_msg && /usr/bin/cmake -E cmake_depends "Unix Makefiles" /workspace/action_data_offset_posture_ws/src/crb_ros_msg /workspace/action_data_offset_posture_ws/build_aarch64/crb_ros_msg/crb_ros_msg__py /workspace/action_data_offset_posture_ws/build_aarch64/crb_ros_msg /workspace/action_data_offset_posture_ws/build_aarch64/crb_ros_msg/crb_ros_msg__py /workspace/action_data_offset_posture_ws/build_aarch64/crb_ros_msg/crb_ros_msg__py/CMakeFiles/crb_ros_msg__py.dir/DependInfo.cmake --color=
[1.559s] gmake[2]: Leaving directory '/workspace/action_data_offset_posture_ws/build_aarch64/crb_ros_msg'
[1.559s] /usr/bin/gmake  -f crb_ros_msg__py/CMakeFiles/crb_ros_msg__py.dir/build.make crb_ros_msg__py/CMakeFiles/crb_ros_msg__py.dir/build
[1.561s] gmake[2]: Entering directory '/workspace/action_data_offset_posture_ws/build_aarch64/crb_ros_msg'
[1.561s] gmake[2]: Nothing to be done for 'crb_ros_msg__py/CMakeFiles/crb_ros_msg__py.dir/build'.
[1.561s] gmake[2]: Leaving directory '/workspace/action_data_offset_posture_ws/build_aarch64/crb_ros_msg'
[1.574s] [ 77%] Built target crb_ros_msg__py
[1.574s] /usr/bin/gmake  -f CMakeFiles/crb_ros_msg__rosidl_generator_py.dir/build.make CMakeFiles/crb_ros_msg__rosidl_generator_py.dir/depend
[1.577s] gmake[2]: Entering directory '/workspace/action_data_offset_posture_ws/build_aarch64/crb_ros_msg'
[1.577s] cd /workspace/action_data_offset_posture_ws/build_aarch64/crb_ros_msg && /usr/bin/cmake -E cmake_depends "Unix Makefiles" /workspace/action_data_offset_posture_ws/src/crb_ros_msg /workspace/action_data_offset_posture_ws/src/crb_ros_msg /workspace/action_data_offset_posture_ws/build_aarch64/crb_ros_msg /workspace/action_data_offset_posture_ws/build_aarch64/crb_ros_msg /workspace/action_data_offset_posture_ws/build_aarch64/crb_ros_msg/CMakeFiles/crb_ros_msg__rosidl_generator_py.dir/DependInfo.cmake --color=
[1.587s] Dependencies file "CMakeFiles/crb_ros_msg__rosidl_generator_py.dir/rosidl_generator_py/crb_ros_msg/action/_action_play_s.c.o.d" is newer than depends file "/workspace/action_data_offset_posture_ws/build_aarch64/crb_ros_msg/CMakeFiles/crb_ros_msg__rosidl_generator_py.dir/compiler_depend.internal".
[1.587s] Dependencies file "CMakeFiles/crb_ros_msg__rosidl_generator_py.dir/rosidl_generator_py/crb_ros_msg/msg/_upper_joint_data_s.c.o.d" is newer than depends file "/workspace/action_data_offset_posture_ws/build_aarch64/crb_ros_msg/CMakeFiles/crb_ros_msg__rosidl_generator_py.dir/compiler_depend.internal".
[1.587s] [35m[1mConsolidate compiler generated dependencies of target crb_ros_msg__rosidl_generator_py[0m
[1.595s] gmake[2]: Leaving directory '/workspace/action_data_offset_posture_ws/build_aarch64/crb_ros_msg'
[1.596s] /usr/bin/gmake  -f CMakeFiles/crb_ros_msg__rosidl_generator_py.dir/build.make CMakeFiles/crb_ros_msg__rosidl_generator_py.dir/build
[1.600s] gmake[2]: Entering directory '/workspace/action_data_offset_posture_ws/build_aarch64/crb_ros_msg'
[1.600s] gmake[2]: Nothing to be done for 'CMakeFiles/crb_ros_msg__rosidl_generator_py.dir/build'.
[1.600s] gmake[2]: Leaving directory '/workspace/action_data_offset_posture_ws/build_aarch64/crb_ros_msg'
[1.610s] [ 85%] Built target crb_ros_msg__rosidl_generator_py
[1.611s] /usr/bin/gmake  -f CMakeFiles/crb_ros_msg__rosidl_typesupport_fastrtps_c__pyext.dir/build.make CMakeFiles/crb_ros_msg__rosidl_typesupport_fastrtps_c__pyext.dir/depend
[1.611s] /usr/bin/gmake  -f CMakeFiles/crb_ros_msg__rosidl_typesupport_introspection_c__pyext.dir/build.make CMakeFiles/crb_ros_msg__rosidl_typesupport_introspection_c__pyext.dir/depend
[1.612s] /usr/bin/gmake  -f CMakeFiles/crb_ros_msg__rosidl_typesupport_c__pyext.dir/build.make CMakeFiles/crb_ros_msg__rosidl_typesupport_c__pyext.dir/depend
[1.613s] gmake[2]: Entering directory '/workspace/action_data_offset_posture_ws/build_aarch64/crb_ros_msg'
[1.613s] cd /workspace/action_data_offset_posture_ws/build_aarch64/crb_ros_msg && /usr/bin/cmake -E cmake_depends "Unix Makefiles" /workspace/action_data_offset_posture_ws/src/crb_ros_msg /workspace/action_data_offset_posture_ws/src/crb_ros_msg /workspace/action_data_offset_posture_ws/build_aarch64/crb_ros_msg /workspace/action_data_offset_posture_ws/build_aarch64/crb_ros_msg /workspace/action_data_offset_posture_ws/build_aarch64/crb_ros_msg/CMakeFiles/crb_ros_msg__rosidl_typesupport_introspection_c__pyext.dir/DependInfo.cmake --color=
[1.614s] gmake[2]: Entering directory '/workspace/action_data_offset_posture_ws/build_aarch64/crb_ros_msg'
[1.614s] cd /workspace/action_data_offset_posture_ws/build_aarch64/crb_ros_msg && /usr/bin/cmake -E cmake_depends "Unix Makefiles" /workspace/action_data_offset_posture_ws/src/crb_ros_msg /workspace/action_data_offset_posture_ws/src/crb_ros_msg /workspace/action_data_offset_posture_ws/build_aarch64/crb_ros_msg /workspace/action_data_offset_posture_ws/build_aarch64/crb_ros_msg /workspace/action_data_offset_posture_ws/build_aarch64/crb_ros_msg/CMakeFiles/crb_ros_msg__rosidl_typesupport_fastrtps_c__pyext.dir/DependInfo.cmake --color=
[1.614s] gmake[2]: Entering directory '/workspace/action_data_offset_posture_ws/build_aarch64/crb_ros_msg'
[1.614s] cd /workspace/action_data_offset_posture_ws/build_aarch64/crb_ros_msg && /usr/bin/cmake -E cmake_depends "Unix Makefiles" /workspace/action_data_offset_posture_ws/src/crb_ros_msg /workspace/action_data_offset_posture_ws/src/crb_ros_msg /workspace/action_data_offset_posture_ws/build_aarch64/crb_ros_msg /workspace/action_data_offset_posture_ws/build_aarch64/crb_ros_msg /workspace/action_data_offset_posture_ws/build_aarch64/crb_ros_msg/CMakeFiles/crb_ros_msg__rosidl_typesupport_c__pyext.dir/DependInfo.cmake --color=
[1.622s] Dependencies file "CMakeFiles/crb_ros_msg__rosidl_typesupport_introspection_c__pyext.dir/rosidl_generator_py/crb_ros_msg/_crb_ros_msg_s.ep.rosidl_typesupport_introspection_c.c.o.d" is newer than depends file "/workspace/action_data_offset_posture_ws/build_aarch64/crb_ros_msg/CMakeFiles/crb_ros_msg__rosidl_typesupport_introspection_c__pyext.dir/compiler_depend.internal".
[1.622s] [35m[1mConsolidate compiler generated dependencies of target crb_ros_msg__rosidl_typesupport_introspection_c__pyext[0m
[1.623s] Dependencies file "CMakeFiles/crb_ros_msg__rosidl_typesupport_fastrtps_c__pyext.dir/rosidl_generator_py/crb_ros_msg/_crb_ros_msg_s.ep.rosidl_typesupport_fastrtps_c.c.o.d" is newer than depends file "/workspace/action_data_offset_posture_ws/build_aarch64/crb_ros_msg/CMakeFiles/crb_ros_msg__rosidl_typesupport_fastrtps_c__pyext.dir/compiler_depend.internal".
[1.624s] [35m[1mConsolidate compiler generated dependencies of target crb_ros_msg__rosidl_typesupport_fastrtps_c__pyext[0m
[1.624s] Dependencies file "CMakeFiles/crb_ros_msg__rosidl_typesupport_c__pyext.dir/rosidl_generator_py/crb_ros_msg/_crb_ros_msg_s.ep.rosidl_typesupport_c.c.o.d" is newer than depends file "/workspace/action_data_offset_posture_ws/build_aarch64/crb_ros_msg/CMakeFiles/crb_ros_msg__rosidl_typesupport_c__pyext.dir/compiler_depend.internal".
[1.624s] [35m[1mConsolidate compiler generated dependencies of target crb_ros_msg__rosidl_typesupport_c__pyext[0m
[1.626s] gmake[2]: Leaving directory '/workspace/action_data_offset_posture_ws/build_aarch64/crb_ros_msg'
[1.626s] /usr/bin/gmake  -f CMakeFiles/crb_ros_msg__rosidl_typesupport_introspection_c__pyext.dir/build.make CMakeFiles/crb_ros_msg__rosidl_typesupport_introspection_c__pyext.dir/build
[1.628s] gmake[2]: Leaving directory '/workspace/action_data_offset_posture_ws/build_aarch64/crb_ros_msg'
[1.629s] /usr/bin/gmake  -f CMakeFiles/crb_ros_msg__rosidl_typesupport_c__pyext.dir/build.make CMakeFiles/crb_ros_msg__rosidl_typesupport_c__pyext.dir/build
[1.631s] gmake[2]: Entering directory '/workspace/action_data_offset_posture_ws/build_aarch64/crb_ros_msg'
[1.632s] gmake[2]: Nothing to be done for 'CMakeFiles/crb_ros_msg__rosidl_typesupport_introspection_c__pyext.dir/build'.
[1.632s] gmake[2]: Leaving directory '/workspace/action_data_offset_posture_ws/build_aarch64/crb_ros_msg'
[1.632s] gmake[2]: Leaving directory '/workspace/action_data_offset_posture_ws/build_aarch64/crb_ros_msg'
[1.632s] /usr/bin/gmake  -f CMakeFiles/crb_ros_msg__rosidl_typesupport_fastrtps_c__pyext.dir/build.make CMakeFiles/crb_ros_msg__rosidl_typesupport_fastrtps_c__pyext.dir/build
[1.637s] gmake[2]: Entering directory '/workspace/action_data_offset_posture_ws/build_aarch64/crb_ros_msg'
[1.637s] gmake[2]: Nothing to be done for 'CMakeFiles/crb_ros_msg__rosidl_typesupport_fastrtps_c__pyext.dir/build'.
[1.637s] gmake[2]: Leaving directory '/workspace/action_data_offset_posture_ws/build_aarch64/crb_ros_msg'
[1.637s] gmake[2]: Entering directory '/workspace/action_data_offset_posture_ws/build_aarch64/crb_ros_msg'
[1.637s] gmake[2]: Nothing to be done for 'CMakeFiles/crb_ros_msg__rosidl_typesupport_c__pyext.dir/build'.
[1.638s] gmake[2]: Leaving directory '/workspace/action_data_offset_posture_ws/build_aarch64/crb_ros_msg'
[1.648s] [ 95%] Built target crb_ros_msg__rosidl_typesupport_fastrtps_c__pyext
[1.649s] [ 95%] Built target crb_ros_msg__rosidl_typesupport_introspection_c__pyext
[1.649s] [100%] Built target crb_ros_msg__rosidl_typesupport_c__pyext
[1.676s] running egg_info
[1.676s] writing crb_ros_msg.egg-info/PKG-INFO
[1.676s] writing dependency_links to crb_ros_msg.egg-info/dependency_links.txt
[1.676s] writing top-level names to crb_ros_msg.egg-info/top_level.txt
[1.678s] reading manifest file 'crb_ros_msg.egg-info/SOURCES.txt'
[1.679s] writing manifest file 'crb_ros_msg.egg-info/SOURCES.txt'
[1.689s] gmake[2]: Leaving directory '/workspace/action_data_offset_posture_ws/build_aarch64/crb_ros_msg'
[1.698s] [100%] Built target ament_cmake_python_build_crb_ros_msg_egg
[1.699s] gmake[1]: Leaving directory '/workspace/action_data_offset_posture_ws/build_aarch64/crb_ros_msg'
[1.699s] /usr/bin/cmake -E cmake_progress_start /workspace/action_data_offset_posture_ws/build_aarch64/crb_ros_msg/CMakeFiles 0
[1.709s] Invoked command in '/workspace/action_data_offset_posture_ws/build/crb_ros_msg' returned '0': CMAKE_PREFIX_PATH=/opt/rootfs_2204_aarch64/opt/ros/humble /usr/bin/cmake --build /workspace/action_data_offset_posture_ws/build/crb_ros_msg -- -j16 -l16
[1.719s] Invoking command in '/workspace/action_data_offset_posture_ws/build/crb_ros_msg': CMAKE_PREFIX_PATH=/opt/rootfs_2204_aarch64/opt/ros/humble /usr/bin/cmake --install /workspace/action_data_offset_posture_ws/build/crb_ros_msg
[1.727s] -- Install configuration: "Release"
[1.727s] -- Up-to-date: /workspace/action_data_offset_posture_ws/install/share/ament_index/resource_index/rosidl_interfaces/crb_ros_msg
[1.727s] -- Up-to-date: /workspace/action_data_offset_posture_ws/install/include/crb_ros_msg/crb_ros_msg
[1.728s] -- Up-to-date: /workspace/action_data_offset_posture_ws/install/include/crb_ros_msg/crb_ros_msg/action
[1.728s] -- Up-to-date: /workspace/action_data_offset_posture_ws/install/include/crb_ros_msg/crb_ros_msg/action/detail
[1.728s] -- Up-to-date: /workspace/action_data_offset_posture_ws/install/include/crb_ros_msg/crb_ros_msg/action/detail/action_play__functions.c
[1.728s] -- Up-to-date: /workspace/action_data_offset_posture_ws/install/include/crb_ros_msg/crb_ros_msg/action/detail/action_play__struct.h
[1.728s] -- Up-to-date: /workspace/action_data_offset_posture_ws/install/include/crb_ros_msg/crb_ros_msg/action/detail/action_play__functions.h
[1.728s] -- Up-to-date: /workspace/action_data_offset_posture_ws/install/include/crb_ros_msg/crb_ros_msg/action/detail/action_play__type_support.h
[1.728s] -- Up-to-date: /workspace/action_data_offset_posture_ws/install/include/crb_ros_msg/crb_ros_msg/action/action_play.h
[1.728s] -- Up-to-date: /workspace/action_data_offset_posture_ws/install/include/crb_ros_msg/crb_ros_msg/msg
[1.728s] -- Up-to-date: /workspace/action_data_offset_posture_ws/install/include/crb_ros_msg/crb_ros_msg/msg/detail
[1.728s] -- Up-to-date: /workspace/action_data_offset_posture_ws/install/include/crb_ros_msg/crb_ros_msg/msg/detail/upper_joint_data__functions.h
[1.728s] -- Up-to-date: /workspace/action_data_offset_posture_ws/install/include/crb_ros_msg/crb_ros_msg/msg/detail/upper_joint_data__type_support.h
[1.728s] -- Up-to-date: /workspace/action_data_offset_posture_ws/install/include/crb_ros_msg/crb_ros_msg/msg/detail/upper_joint_data__functions.c
[1.728s] -- Up-to-date: /workspace/action_data_offset_posture_ws/install/include/crb_ros_msg/crb_ros_msg/msg/detail/upper_joint_data__struct.h
[1.728s] -- Up-to-date: /workspace/action_data_offset_posture_ws/install/include/crb_ros_msg/crb_ros_msg/msg/rosidl_generator_c__visibility_control.h
[1.728s] -- Up-to-date: /workspace/action_data_offset_posture_ws/install/include/crb_ros_msg/crb_ros_msg/msg/upper_joint_data.h
[1.728s] -- Up-to-date: /workspace/action_data_offset_posture_ws/install/share/crb_ros_msg/environment/library_path.sh
[1.728s] -- Installing: /workspace/action_data_offset_posture_ws/install/share/crb_ros_msg/environment/library_path.dsv
[1.728s] -- Up-to-date: /workspace/action_data_offset_posture_ws/install/lib/libcrb_ros_msg__rosidl_generator_c.so
[1.729s] -- Up-to-date: /workspace/action_data_offset_posture_ws/install/include/crb_ros_msg/crb_ros_msg
[1.729s] -- Up-to-date: /workspace/action_data_offset_posture_ws/install/include/crb_ros_msg/crb_ros_msg/action
[1.729s] -- Up-to-date: /workspace/action_data_offset_posture_ws/install/include/crb_ros_msg/crb_ros_msg/action/detail
[1.729s] -- Up-to-date: /workspace/action_data_offset_posture_ws/install/include/crb_ros_msg/crb_ros_msg/action/detail/action_play__rosidl_typesupport_fastrtps_c.h
[1.729s] -- Up-to-date: /workspace/action_data_offset_posture_ws/install/include/crb_ros_msg/crb_ros_msg/msg
[1.729s] -- Up-to-date: /workspace/action_data_offset_posture_ws/install/include/crb_ros_msg/crb_ros_msg/msg/rosidl_typesupport_fastrtps_c__visibility_control.h
[1.730s] -- Up-to-date: /workspace/action_data_offset_posture_ws/install/include/crb_ros_msg/crb_ros_msg/msg/detail
[1.730s] -- Up-to-date: /workspace/action_data_offset_posture_ws/install/include/crb_ros_msg/crb_ros_msg/msg/detail/upper_joint_data__rosidl_typesupport_fastrtps_c.h
[1.730s] -- Up-to-date: /workspace/action_data_offset_posture_ws/install/lib/libcrb_ros_msg__rosidl_typesupport_fastrtps_c.so
[1.731s] -- Up-to-date: /workspace/action_data_offset_posture_ws/install/include/crb_ros_msg/crb_ros_msg
[1.731s] -- Up-to-date: /workspace/action_data_offset_posture_ws/install/include/crb_ros_msg/crb_ros_msg/action
[1.731s] -- Up-to-date: /workspace/action_data_offset_posture_ws/install/include/crb_ros_msg/crb_ros_msg/action/detail
[1.731s] -- Up-to-date: /workspace/action_data_offset_posture_ws/install/include/crb_ros_msg/crb_ros_msg/action/detail/action_play__type_support.c
[1.731s] -- Up-to-date: /workspace/action_data_offset_posture_ws/install/include/crb_ros_msg/crb_ros_msg/action/detail/action_play__rosidl_typesupport_introspection_c.h
[1.731s] -- Up-to-date: /workspace/action_data_offset_posture_ws/install/include/crb_ros_msg/crb_ros_msg/msg
[1.731s] -- Up-to-date: /workspace/action_data_offset_posture_ws/install/include/crb_ros_msg/crb_ros_msg/msg/detail
[1.731s] -- Up-to-date: /workspace/action_data_offset_posture_ws/install/include/crb_ros_msg/crb_ros_msg/msg/detail/upper_joint_data__rosidl_typesupport_introspection_c.h
[1.731s] -- Up-to-date: /workspace/action_data_offset_posture_ws/install/include/crb_ros_msg/crb_ros_msg/msg/detail/upper_joint_data__type_support.c
[1.732s] -- Up-to-date: /workspace/action_data_offset_posture_ws/install/include/crb_ros_msg/crb_ros_msg/msg/rosidl_typesupport_introspection_c__visibility_control.h
[1.732s] -- Up-to-date: /workspace/action_data_offset_posture_ws/install/lib/libcrb_ros_msg__rosidl_typesupport_introspection_c.so
[1.732s] -- Up-to-date: /workspace/action_data_offset_posture_ws/install/lib/libcrb_ros_msg__rosidl_typesupport_c.so
[1.732s] -- Up-to-date: /workspace/action_data_offset_posture_ws/install/include/crb_ros_msg/crb_ros_msg
[1.733s] -- Up-to-date: /workspace/action_data_offset_posture_ws/install/include/crb_ros_msg/crb_ros_msg/action
[1.733s] -- Up-to-date: /workspace/action_data_offset_posture_ws/install/include/crb_ros_msg/crb_ros_msg/action/detail
[1.733s] -- Up-to-date: /workspace/action_data_offset_posture_ws/install/include/crb_ros_msg/crb_ros_msg/action/detail/action_play__traits.hpp
[1.733s] -- Up-to-date: /workspace/action_data_offset_posture_ws/install/include/crb_ros_msg/crb_ros_msg/action/detail/action_play__type_support.hpp
[1.733s] -- Up-to-date: /workspace/action_data_offset_posture_ws/install/include/crb_ros_msg/crb_ros_msg/action/detail/action_play__builder.hpp
[1.733s] -- Up-to-date: /workspace/action_data_offset_posture_ws/install/include/crb_ros_msg/crb_ros_msg/action/detail/action_play__struct.hpp
[1.733s] -- Up-to-date: /workspace/action_data_offset_posture_ws/install/include/crb_ros_msg/crb_ros_msg/action/action_play.hpp
[1.733s] -- Up-to-date: /workspace/action_data_offset_posture_ws/install/include/crb_ros_msg/crb_ros_msg/msg
[1.733s] -- Up-to-date: /workspace/action_data_offset_posture_ws/install/include/crb_ros_msg/crb_ros_msg/msg/detail
[1.733s] -- Up-to-date: /workspace/action_data_offset_posture_ws/install/include/crb_ros_msg/crb_ros_msg/msg/detail/upper_joint_data__traits.hpp
[1.734s] -- Up-to-date: /workspace/action_data_offset_posture_ws/install/include/crb_ros_msg/crb_ros_msg/msg/detail/upper_joint_data__type_support.hpp
[1.734s] -- Up-to-date: /workspace/action_data_offset_posture_ws/install/include/crb_ros_msg/crb_ros_msg/msg/detail/upper_joint_data__struct.hpp
[1.734s] -- Up-to-date: /workspace/action_data_offset_posture_ws/install/include/crb_ros_msg/crb_ros_msg/msg/detail/upper_joint_data__builder.hpp
[1.734s] -- Up-to-date: /workspace/action_data_offset_posture_ws/install/include/crb_ros_msg/crb_ros_msg/msg/rosidl_generator_cpp__visibility_control.hpp
[1.734s] -- Up-to-date: /workspace/action_data_offset_posture_ws/install/include/crb_ros_msg/crb_ros_msg/msg/upper_joint_data.hpp
[1.734s] -- Up-to-date: /workspace/action_data_offset_posture_ws/install/include/crb_ros_msg/crb_ros_msg
[1.734s] -- Up-to-date: /workspace/action_data_offset_posture_ws/install/include/crb_ros_msg/crb_ros_msg/action
[1.734s] -- Up-to-date: /workspace/action_data_offset_posture_ws/install/include/crb_ros_msg/crb_ros_msg/action/detail
[1.735s] -- Up-to-date: /workspace/action_data_offset_posture_ws/install/include/crb_ros_msg/crb_ros_msg/action/detail/action_play__rosidl_typesupport_fastrtps_cpp.hpp
[1.735s] -- Up-to-date: /workspace/action_data_offset_posture_ws/install/include/crb_ros_msg/crb_ros_msg/action/detail/dds_fastrtps
[1.735s] -- Up-to-date: /workspace/action_data_offset_posture_ws/install/include/crb_ros_msg/crb_ros_msg/msg
[1.735s] -- Up-to-date: /workspace/action_data_offset_posture_ws/install/include/crb_ros_msg/crb_ros_msg/msg/detail
[1.735s] -- Up-to-date: /workspace/action_data_offset_posture_ws/install/include/crb_ros_msg/crb_ros_msg/msg/detail/upper_joint_data__rosidl_typesupport_fastrtps_cpp.hpp
[1.735s] -- Up-to-date: /workspace/action_data_offset_posture_ws/install/include/crb_ros_msg/crb_ros_msg/msg/detail/dds_fastrtps
[1.735s] -- Up-to-date: /workspace/action_data_offset_posture_ws/install/include/crb_ros_msg/crb_ros_msg/msg/rosidl_typesupport_fastrtps_cpp__visibility_control.h
[1.735s] -- Up-to-date: /workspace/action_data_offset_posture_ws/install/lib/libcrb_ros_msg__rosidl_typesupport_fastrtps_cpp.so
[1.736s] -- Up-to-date: /workspace/action_data_offset_posture_ws/install/include/crb_ros_msg/crb_ros_msg
[1.736s] -- Up-to-date: /workspace/action_data_offset_posture_ws/install/include/crb_ros_msg/crb_ros_msg/action
[1.736s] -- Up-to-date: /workspace/action_data_offset_posture_ws/install/include/crb_ros_msg/crb_ros_msg/action/detail
[1.736s] -- Up-to-date: /workspace/action_data_offset_posture_ws/install/include/crb_ros_msg/crb_ros_msg/action/detail/action_play__rosidl_typesupport_introspection_cpp.hpp
[1.736s] -- Up-to-date: /workspace/action_data_offset_posture_ws/install/include/crb_ros_msg/crb_ros_msg/action/detail/action_play__type_support.cpp
[1.736s] -- Up-to-date: /workspace/action_data_offset_posture_ws/install/include/crb_ros_msg/crb_ros_msg/msg
[1.736s] -- Up-to-date: /workspace/action_data_offset_posture_ws/install/include/crb_ros_msg/crb_ros_msg/msg/detail
[1.736s] -- Up-to-date: /workspace/action_data_offset_posture_ws/install/include/crb_ros_msg/crb_ros_msg/msg/detail/upper_joint_data__rosidl_typesupport_introspection_cpp.hpp
[1.737s] -- Up-to-date: /workspace/action_data_offset_posture_ws/install/include/crb_ros_msg/crb_ros_msg/msg/detail/upper_joint_data__type_support.cpp
[1.737s] -- Up-to-date: /workspace/action_data_offset_posture_ws/install/lib/libcrb_ros_msg__rosidl_typesupport_introspection_cpp.so
[1.737s] -- Up-to-date: /workspace/action_data_offset_posture_ws/install/lib/libcrb_ros_msg__rosidl_typesupport_cpp.so
[1.737s] -- Up-to-date: /workspace/action_data_offset_posture_ws/install/share/crb_ros_msg/environment/pythonpath.sh
[1.737s] -- Installing: /workspace/action_data_offset_posture_ws/install/share/crb_ros_msg/environment/pythonpath.dsv
[1.737s] -- Up-to-date: /workspace/action_data_offset_posture_ws/install/local/lib/python3.10/dist-packages/crb_ros_msg-0.1.0-py3.10.egg-info
[1.737s] -- Installing: /workspace/action_data_offset_posture_ws/install/local/lib/python3.10/dist-packages/crb_ros_msg-0.1.0-py3.10.egg-info/PKG-INFO
[1.738s] -- Installing: /workspace/action_data_offset_posture_ws/install/local/lib/python3.10/dist-packages/crb_ros_msg-0.1.0-py3.10.egg-info/dependency_links.txt
[1.738s] -- Installing: /workspace/action_data_offset_posture_ws/install/local/lib/python3.10/dist-packages/crb_ros_msg-0.1.0-py3.10.egg-info/SOURCES.txt
[1.738s] -- Installing: /workspace/action_data_offset_posture_ws/install/local/lib/python3.10/dist-packages/crb_ros_msg-0.1.0-py3.10.egg-info/top_level.txt
[1.739s] -- Up-to-date: /workspace/action_data_offset_posture_ws/install/local/lib/python3.10/dist-packages/crb_ros_msg
[1.739s] -- Up-to-date: /workspace/action_data_offset_posture_ws/install/local/lib/python3.10/dist-packages/crb_ros_msg/libcrb_ros_msg__rosidl_generator_py.so
[1.739s] -- Installing: /workspace/action_data_offset_posture_ws/install/local/lib/python3.10/dist-packages/crb_ros_msg/crb_ros_msg_s__rosidl_typesupport_introspection_c.cpython-310-x86_64-linux-gnu.so
[1.739s] -- Up-to-date: /workspace/action_data_offset_posture_ws/install/local/lib/python3.10/dist-packages/crb_ros_msg/_crb_ros_msg_s.ep.rosidl_typesupport_fastrtps_c.c
[1.739s] -- Up-to-date: /workspace/action_data_offset_posture_ws/install/local/lib/python3.10/dist-packages/crb_ros_msg/_crb_ros_msg_s.ep.rosidl_typesupport_c.c
[1.740s] -- Up-to-date: /workspace/action_data_offset_posture_ws/install/local/lib/python3.10/dist-packages/crb_ros_msg/action
[1.740s] -- Up-to-date: /workspace/action_data_offset_posture_ws/install/local/lib/python3.10/dist-packages/crb_ros_msg/action/_action_play.py
[1.740s] -- Up-to-date: /workspace/action_data_offset_posture_ws/install/local/lib/python3.10/dist-packages/crb_ros_msg/action/__init__.py
[1.740s] -- Up-to-date: /workspace/action_data_offset_posture_ws/install/local/lib/python3.10/dist-packages/crb_ros_msg/action/_action_play_s.c
[1.740s] -- Installing: /workspace/action_data_offset_posture_ws/install/local/lib/python3.10/dist-packages/crb_ros_msg/__init__.py
[1.740s] -- Up-to-date: /workspace/action_data_offset_posture_ws/install/local/lib/python3.10/dist-packages/crb_ros_msg/msg
[1.740s] -- Up-to-date: /workspace/action_data_offset_posture_ws/install/local/lib/python3.10/dist-packages/crb_ros_msg/msg/_upper_joint_data.py
[1.740s] -- Up-to-date: /workspace/action_data_offset_posture_ws/install/local/lib/python3.10/dist-packages/crb_ros_msg/msg/_upper_joint_data_s.c
[1.740s] -- Up-to-date: /workspace/action_data_offset_posture_ws/install/local/lib/python3.10/dist-packages/crb_ros_msg/msg/__init__.py
[1.741s] -- Installing: /workspace/action_data_offset_posture_ws/install/local/lib/python3.10/dist-packages/crb_ros_msg/crb_ros_msg_s__rosidl_typesupport_fastrtps_c.cpython-310-x86_64-linux-gnu.so
[1.741s] -- Installing: /workspace/action_data_offset_posture_ws/install/local/lib/python3.10/dist-packages/crb_ros_msg/crb_ros_msg_s__rosidl_typesupport_c.cpython-310-x86_64-linux-gnu.so
[1.741s] -- Up-to-date: /workspace/action_data_offset_posture_ws/install/local/lib/python3.10/dist-packages/crb_ros_msg/_crb_ros_msg_s.ep.rosidl_typesupport_introspection_c.c
[1.769s] Listing '/workspace/action_data_offset_posture_ws/install/local/lib/python3.10/dist-packages/crb_ros_msg'...
[1.769s] Compiling '/workspace/action_data_offset_posture_ws/install/local/lib/python3.10/dist-packages/crb_ros_msg/__init__.py'...
[1.769s] Listing '/workspace/action_data_offset_posture_ws/install/local/lib/python3.10/dist-packages/crb_ros_msg/action'...
[1.769s] Listing '/workspace/action_data_offset_posture_ws/install/local/lib/python3.10/dist-packages/crb_ros_msg/msg'...
[1.772s] -- Installing: /workspace/action_data_offset_posture_ws/install/local/lib/python3.10/dist-packages/crb_ros_msg/crb_ros_msg_s__rosidl_typesupport_fastrtps_c.cpython-310-x86_64-linux-gnu.so
[1.774s] -- Set runtime path of "/workspace/action_data_offset_posture_ws/install/local/lib/python3.10/dist-packages/crb_ros_msg/crb_ros_msg_s__rosidl_typesupport_fastrtps_c.cpython-310-x86_64-linux-gnu.so" to ""
[1.774s] -- Installing: /workspace/action_data_offset_posture_ws/install/local/lib/python3.10/dist-packages/crb_ros_msg/crb_ros_msg_s__rosidl_typesupport_introspection_c.cpython-310-x86_64-linux-gnu.so
[1.775s] -- Set runtime path of "/workspace/action_data_offset_posture_ws/install/local/lib/python3.10/dist-packages/crb_ros_msg/crb_ros_msg_s__rosidl_typesupport_introspection_c.cpython-310-x86_64-linux-gnu.so" to ""
[1.776s] -- Installing: /workspace/action_data_offset_posture_ws/install/local/lib/python3.10/dist-packages/crb_ros_msg/crb_ros_msg_s__rosidl_typesupport_c.cpython-310-x86_64-linux-gnu.so
[1.777s] -- Set runtime path of "/workspace/action_data_offset_posture_ws/install/local/lib/python3.10/dist-packages/crb_ros_msg/crb_ros_msg_s__rosidl_typesupport_c.cpython-310-x86_64-linux-gnu.so" to ""
[1.777s] -- Up-to-date: /workspace/action_data_offset_posture_ws/install/lib/libcrb_ros_msg__rosidl_generator_py.so
[1.778s] -- Up-to-date: /workspace/action_data_offset_posture_ws/install/share/ament_index/resource_index/rust_packages/crb_ros_msg
[1.778s] -- Up-to-date: /workspace/action_data_offset_posture_ws/install/share/crb_ros_msg/rust
[1.778s] -- Up-to-date: /workspace/action_data_offset_posture_ws/install/share/crb_ros_msg/rust/src
[1.778s] -- Up-to-date: /workspace/action_data_offset_posture_ws/install/share/crb_ros_msg/rust/src/action.rs
[1.778s] -- Up-to-date: /workspace/action_data_offset_posture_ws/install/share/crb_ros_msg/rust/src/lib.rs
[1.778s] -- Up-to-date: /workspace/action_data_offset_posture_ws/install/share/crb_ros_msg/rust/src/action
[1.778s] -- Up-to-date: /workspace/action_data_offset_posture_ws/install/share/crb_ros_msg/rust/src/action/rmw.rs
[1.778s] -- Up-to-date: /workspace/action_data_offset_posture_ws/install/share/crb_ros_msg/rust/src/msg.rs
[1.778s] -- Up-to-date: /workspace/action_data_offset_posture_ws/install/share/crb_ros_msg/rust/src/msg
[1.778s] -- Up-to-date: /workspace/action_data_offset_posture_ws/install/share/crb_ros_msg/rust/src/msg/rmw.rs
[1.778s] -- Up-to-date: /workspace/action_data_offset_posture_ws/install/share/crb_ros_msg/rust/build.rs
[1.778s] -- Up-to-date: /workspace/action_data_offset_posture_ws/install/share/crb_ros_msg/rust/Cargo.toml
[1.778s] -- Up-to-date: /workspace/action_data_offset_posture_ws/install/share/crb_ros_msg/msg/UpperJointData.idl
[1.779s] -- Up-to-date: /workspace/action_data_offset_posture_ws/install/share/crb_ros_msg/action/ActionPlay.idl
[1.779s] -- Up-to-date: /workspace/action_data_offset_posture_ws/install/share/crb_ros_msg/msg/UpperJointData.msg
[1.779s] -- Up-to-date: /workspace/action_data_offset_posture_ws/install/share/crb_ros_msg/action/ActionPlay.action
[1.779s] -- Up-to-date: /workspace/action_data_offset_posture_ws/install/share/ament_index/resource_index/package_run_dependencies/crb_ros_msg
[1.779s] -- Installing: /workspace/action_data_offset_posture_ws/install/share/ament_index/resource_index/parent_prefix_path/crb_ros_msg
[1.779s] -- Up-to-date: /workspace/action_data_offset_posture_ws/install/share/crb_ros_msg/environment/ament_prefix_path.sh
[1.779s] -- Installing: /workspace/action_data_offset_posture_ws/install/share/crb_ros_msg/environment/ament_prefix_path.dsv
[1.780s] -- Up-to-date: /workspace/action_data_offset_posture_ws/install/share/crb_ros_msg/environment/path.sh
[1.780s] -- Installing: /workspace/action_data_offset_posture_ws/install/share/crb_ros_msg/environment/path.dsv
[1.780s] -- Up-to-date: /workspace/action_data_offset_posture_ws/install/share/crb_ros_msg/local_setup.bash
[1.780s] -- Up-to-date: /workspace/action_data_offset_posture_ws/install/share/crb_ros_msg/local_setup.sh
[1.780s] -- Up-to-date: /workspace/action_data_offset_posture_ws/install/share/crb_ros_msg/local_setup.zsh
[1.780s] -- Installing: /workspace/action_data_offset_posture_ws/install/share/crb_ros_msg/local_setup.dsv
[1.781s] -- Installing: /workspace/action_data_offset_posture_ws/install/share/crb_ros_msg/package.dsv
[1.781s] -- Up-to-date: /workspace/action_data_offset_posture_ws/install/share/ament_index/resource_index/packages/crb_ros_msg
[1.781s] -- Up-to-date: /workspace/action_data_offset_posture_ws/install/share/crb_ros_msg/cmake/export_crb_ros_msg__rosidl_generator_cExport.cmake
[1.782s] -- Up-to-date: /workspace/action_data_offset_posture_ws/install/share/crb_ros_msg/cmake/export_crb_ros_msg__rosidl_generator_cExport-release.cmake
[1.782s] -- Up-to-date: /workspace/action_data_offset_posture_ws/install/share/crb_ros_msg/cmake/export_crb_ros_msg__rosidl_typesupport_fastrtps_cExport.cmake
[1.782s] -- Up-to-date: /workspace/action_data_offset_posture_ws/install/share/crb_ros_msg/cmake/export_crb_ros_msg__rosidl_typesupport_fastrtps_cExport-release.cmake
[1.782s] -- Up-to-date: /workspace/action_data_offset_posture_ws/install/share/crb_ros_msg/cmake/crb_ros_msg__rosidl_typesupport_introspection_cExport.cmake
[1.782s] -- Up-to-date: /workspace/action_data_offset_posture_ws/install/share/crb_ros_msg/cmake/crb_ros_msg__rosidl_typesupport_introspection_cExport-release.cmake
[1.783s] -- Up-to-date: /workspace/action_data_offset_posture_ws/install/share/crb_ros_msg/cmake/crb_ros_msg__rosidl_typesupport_cExport.cmake
[1.783s] -- Up-to-date: /workspace/action_data_offset_posture_ws/install/share/crb_ros_msg/cmake/crb_ros_msg__rosidl_typesupport_cExport-release.cmake
[1.783s] -- Up-to-date: /workspace/action_data_offset_posture_ws/install/share/crb_ros_msg/cmake/export_crb_ros_msg__rosidl_generator_cppExport.cmake
[1.783s] -- Up-to-date: /workspace/action_data_offset_posture_ws/install/share/crb_ros_msg/cmake/export_crb_ros_msg__rosidl_typesupport_fastrtps_cppExport.cmake
[1.783s] -- Up-to-date: /workspace/action_data_offset_posture_ws/install/share/crb_ros_msg/cmake/export_crb_ros_msg__rosidl_typesupport_fastrtps_cppExport-release.cmake
[1.783s] -- Up-to-date: /workspace/action_data_offset_posture_ws/install/share/crb_ros_msg/cmake/crb_ros_msg__rosidl_typesupport_introspection_cppExport.cmake
[1.784s] -- Up-to-date: /workspace/action_data_offset_posture_ws/install/share/crb_ros_msg/cmake/crb_ros_msg__rosidl_typesupport_introspection_cppExport-release.cmake
[1.784s] -- Up-to-date: /workspace/action_data_offset_posture_ws/install/share/crb_ros_msg/cmake/crb_ros_msg__rosidl_typesupport_cppExport.cmake
[1.784s] -- Up-to-date: /workspace/action_data_offset_posture_ws/install/share/crb_ros_msg/cmake/crb_ros_msg__rosidl_typesupport_cppExport-release.cmake
[1.784s] -- Up-to-date: /workspace/action_data_offset_posture_ws/install/share/crb_ros_msg/cmake/export_crb_ros_msg__rosidl_generator_pyExport.cmake
[1.784s] -- Up-to-date: /workspace/action_data_offset_posture_ws/install/share/crb_ros_msg/cmake/export_crb_ros_msg__rosidl_generator_pyExport-release.cmake
[1.784s] -- Up-to-date: /workspace/action_data_offset_posture_ws/install/share/crb_ros_msg/cmake/rosidl_cmake-extras.cmake
[1.784s] -- Up-to-date: /workspace/action_data_offset_posture_ws/install/share/crb_ros_msg/cmake/ament_cmake_export_dependencies-extras.cmake
[1.785s] -- Up-to-date: /workspace/action_data_offset_posture_ws/install/share/crb_ros_msg/cmake/ament_cmake_export_include_directories-extras.cmake
[1.785s] -- Up-to-date: /workspace/action_data_offset_posture_ws/install/share/crb_ros_msg/cmake/ament_cmake_export_libraries-extras.cmake
[1.785s] -- Up-to-date: /workspace/action_data_offset_posture_ws/install/share/crb_ros_msg/cmake/ament_cmake_export_targets-extras.cmake
[1.785s] -- Up-to-date: /workspace/action_data_offset_posture_ws/install/share/crb_ros_msg/cmake/rosidl_cmake_export_typesupport_targets-extras.cmake
[1.785s] -- Up-to-date: /workspace/action_data_offset_posture_ws/install/share/crb_ros_msg/cmake/rosidl_cmake_export_typesupport_libraries-extras.cmake
[1.785s] -- Up-to-date: /workspace/action_data_offset_posture_ws/install/share/crb_ros_msg/cmake/crb_ros_msgConfig.cmake
[1.785s] -- Up-to-date: /workspace/action_data_offset_posture_ws/install/share/crb_ros_msg/cmake/crb_ros_msgConfig-version.cmake
[1.785s] -- Up-to-date: /workspace/action_data_offset_posture_ws/install/share/crb_ros_msg/package.xml
[1.788s] Invoked command in '/workspace/action_data_offset_posture_ws/build/crb_ros_msg' returned '0': CMAKE_PREFIX_PATH=/opt/rootfs_2204_aarch64/opt/ros/humble /usr/bin/cmake --install /workspace/action_data_offset_posture_ws/build/crb_ros_msg
