[0.401s] Invoking command in '/workspace/action_data_offset_ws/src/casbot_arm_calibration_web': PYTHONPATH=/workspace/action_data_offset_ws/build/casbot_arm_calibration_web/prefix_override:/usr/local/lib/python3.10/dist-packages/colcon_core/task/python/colcon_distutils_commands:/workspace/action_data_offset_ws/install/lib/python3.10/site-packages:/workspace/action_data_offset_ws/install/lib/python3.10/site-packages:/workspace/action_data_offset_ws/install/local/lib/python3.10/dist-packages:/opt/ros/humble/lib/python3.10/site-packages:/opt/ros/humble/local/lib/python3.10/dist-packages:/usr/local/lib/python3.10/dist-packages /usr/bin/python3 -W ignore:setup.py install is deprecated -W ignore:easy_install command is deprecated setup.py egg_info --egg-base ../../build_x86/casbot_arm_calibration_web build --build-base /workspace/action_data_offset_ws/build/casbot_arm_calibration_web/build install --record /workspace/action_data_offset_ws/build/casbot_arm_calibration_web/install.log --single-version-externally-managed install_data
[0.552s] running egg_info
[0.552s] creating ../../build_x86/casbot_arm_calibration_web/casbot_arm_calibration_web.egg-info
[0.553s] writing ../../build_x86/casbot_arm_calibration_web/casbot_arm_calibration_web.egg-info/PKG-INFO
[0.553s] writing dependency_links to ../../build_x86/casbot_arm_calibration_web/casbot_arm_calibration_web.egg-info/dependency_links.txt
[0.553s] writing entry points to ../../build_x86/casbot_arm_calibration_web/casbot_arm_calibration_web.egg-info/entry_points.txt
[0.553s] writing requirements to ../../build_x86/casbot_arm_calibration_web/casbot_arm_calibration_web.egg-info/requires.txt
[0.553s] writing top-level names to ../../build_x86/casbot_arm_calibration_web/casbot_arm_calibration_web.egg-info/top_level.txt
[0.553s] writing manifest file '../../build_x86/casbot_arm_calibration_web/casbot_arm_calibration_web.egg-info/SOURCES.txt'
[0.554s] reading manifest file '../../build_x86/casbot_arm_calibration_web/casbot_arm_calibration_web.egg-info/SOURCES.txt'
[0.555s] writing manifest file '../../build_x86/casbot_arm_calibration_web/casbot_arm_calibration_web.egg-info/SOURCES.txt'
[0.555s] running build
[0.556s] running build_py
[0.556s] creating /workspace/action_data_offset_ws/build/casbot_arm_calibration_web/build
[0.556s] creating /workspace/action_data_offset_ws/build/casbot_arm_calibration_web/build/lib
[0.556s] creating /workspace/action_data_offset_ws/build/casbot_arm_calibration_web/build/lib/casbot_arm_calibration_web
[0.556s] copying casbot_arm_calibration_web/trajectory_sources.py -> /workspace/action_data_offset_ws/build/casbot_arm_calibration_web/build/lib/casbot_arm_calibration_web
[0.557s] copying casbot_arm_calibration_web/arm_fk.py -> /workspace/action_data_offset_ws/build/casbot_arm_calibration_web/build/lib/casbot_arm_calibration_web
[0.557s] copying casbot_arm_calibration_web/calibration_data.py -> /workspace/action_data_offset_ws/build/casbot_arm_calibration_web/build/lib/casbot_arm_calibration_web
[0.557s] copying casbot_arm_calibration_web/offset_jacobian.py -> /workspace/action_data_offset_ws/build/casbot_arm_calibration_web/build/lib/casbot_arm_calibration_web
[0.557s] copying casbot_arm_calibration_web/kin_pin_trac.py -> /workspace/action_data_offset_ws/build/casbot_arm_calibration_web/build/lib/casbot_arm_calibration_web
[0.557s] copying casbot_arm_calibration_web/__init__.py -> /workspace/action_data_offset_ws/build/casbot_arm_calibration_web/build/lib/casbot_arm_calibration_web
[0.557s] copying casbot_arm_calibration_web/arm_cartesian_ik.py -> /workspace/action_data_offset_ws/build/casbot_arm_calibration_web/build/lib/casbot_arm_calibration_web
[0.557s] copying casbot_arm_calibration_web/diag_cartesian_ik.py -> /workspace/action_data_offset_ws/build/casbot_arm_calibration_web/build/lib/casbot_arm_calibration_web
[0.557s] copying casbot_arm_calibration_web/web_node.py -> /workspace/action_data_offset_ws/build/casbot_arm_calibration_web/build/lib/casbot_arm_calibration_web
[0.558s] creating /workspace/action_data_offset_ws/build/casbot_arm_calibration_web/build/lib/casbot_arm_calibration_web/web
[0.558s] copying casbot_arm_calibration_web/web/index.html -> /workspace/action_data_offset_ws/build/casbot_arm_calibration_web/build/lib/casbot_arm_calibration_web/web
[0.558s] copying casbot_arm_calibration_web/web/style.css -> /workspace/action_data_offset_ws/build/casbot_arm_calibration_web/build/lib/casbot_arm_calibration_web/web
[0.558s] copying casbot_arm_calibration_web/web/app.js -> /workspace/action_data_offset_ws/build/casbot_arm_calibration_web/build/lib/casbot_arm_calibration_web/web
[0.558s] running install
[0.559s] running install_lib
[0.560s] creating /workspace/action_data_offset_ws/install/lib/python3.10/site-packages/casbot_arm_calibration_web
[0.560s] copying /workspace/action_data_offset_ws/build/casbot_arm_calibration_web/build/lib/casbot_arm_calibration_web/trajectory_sources.py -> /workspace/action_data_offset_ws/install/lib/python3.10/site-packages/casbot_arm_calibration_web
[0.560s] copying /workspace/action_data_offset_ws/build/casbot_arm_calibration_web/build/lib/casbot_arm_calibration_web/arm_fk.py -> /workspace/action_data_offset_ws/install/lib/python3.10/site-packages/casbot_arm_calibration_web
[0.560s] copying /workspace/action_data_offset_ws/build/casbot_arm_calibration_web/build/lib/casbot_arm_calibration_web/calibration_data.py -> /workspace/action_data_offset_ws/install/lib/python3.10/site-packages/casbot_arm_calibration_web
[0.560s] copying /workspace/action_data_offset_ws/build/casbot_arm_calibration_web/build/lib/casbot_arm_calibration_web/offset_jacobian.py -> /workspace/action_data_offset_ws/install/lib/python3.10/site-packages/casbot_arm_calibration_web
[0.560s] copying /workspace/action_data_offset_ws/build/casbot_arm_calibration_web/build/lib/casbot_arm_calibration_web/kin_pin_trac.py -> /workspace/action_data_offset_ws/install/lib/python3.10/site-packages/casbot_arm_calibration_web
[0.560s] copying /workspace/action_data_offset_ws/build/casbot_arm_calibration_web/build/lib/casbot_arm_calibration_web/__init__.py -> /workspace/action_data_offset_ws/install/lib/python3.10/site-packages/casbot_arm_calibration_web
[0.561s] copying /workspace/action_data_offset_ws/build/casbot_arm_calibration_web/build/lib/casbot_arm_calibration_web/arm_cartesian_ik.py -> /workspace/action_data_offset_ws/install/lib/python3.10/site-packages/casbot_arm_calibration_web
[0.561s] creating /workspace/action_data_offset_ws/install/lib/python3.10/site-packages/casbot_arm_calibration_web/web
[0.561s] copying /workspace/action_data_offset_ws/build/casbot_arm_calibration_web/build/lib/casbot_arm_calibration_web/web/index.html -> /workspace/action_data_offset_ws/install/lib/python3.10/site-packages/casbot_arm_calibration_web/web
[0.561s] copying /workspace/action_data_offset_ws/build/casbot_arm_calibration_web/build/lib/casbot_arm_calibration_web/web/style.css -> /workspace/action_data_offset_ws/install/lib/python3.10/site-packages/casbot_arm_calibration_web/web
[0.561s] copying /workspace/action_data_offset_ws/build/casbot_arm_calibration_web/build/lib/casbot_arm_calibration_web/web/app.js -> /workspace/action_data_offset_ws/install/lib/python3.10/site-packages/casbot_arm_calibration_web/web
[0.561s] copying /workspace/action_data_offset_ws/build/casbot_arm_calibration_web/build/lib/casbot_arm_calibration_web/diag_cartesian_ik.py -> /workspace/action_data_offset_ws/install/lib/python3.10/site-packages/casbot_arm_calibration_web
[0.561s] copying /workspace/action_data_offset_ws/build/casbot_arm_calibration_web/build/lib/casbot_arm_calibration_web/web_node.py -> /workspace/action_data_offset_ws/install/lib/python3.10/site-packages/casbot_arm_calibration_web
[0.561s] byte-compiling /workspace/action_data_offset_ws/install/lib/python3.10/site-packages/casbot_arm_calibration_web/trajectory_sources.py to trajectory_sources.cpython-310.pyc
[0.562s] byte-compiling /workspace/action_data_offset_ws/install/lib/python3.10/site-packages/casbot_arm_calibration_web/arm_fk.py to arm_fk.cpython-310.pyc
[0.564s] byte-compiling /workspace/action_data_offset_ws/install/lib/python3.10/site-packages/casbot_arm_calibration_web/calibration_data.py to calibration_data.cpython-310.pyc
[0.564s] byte-compiling /workspace/action_data_offset_ws/install/lib/python3.10/site-packages/casbot_arm_calibration_web/offset_jacobian.py to offset_jacobian.cpython-310.pyc
[0.565s] byte-compiling /workspace/action_data_offset_ws/install/lib/python3.10/site-packages/casbot_arm_calibration_web/kin_pin_trac.py to kin_pin_trac.cpython-310.pyc
[0.566s] byte-compiling /workspace/action_data_offset_ws/install/lib/python3.10/site-packages/casbot_arm_calibration_web/__init__.py to __init__.cpython-310.pyc
[0.566s] byte-compiling /workspace/action_data_offset_ws/install/lib/python3.10/site-packages/casbot_arm_calibration_web/arm_cartesian_ik.py to arm_cartesian_ik.cpython-310.pyc
[0.569s] byte-compiling /workspace/action_data_offset_ws/install/lib/python3.10/site-packages/casbot_arm_calibration_web/diag_cartesian_ik.py to diag_cartesian_ik.cpython-310.pyc
[0.570s] byte-compiling /workspace/action_data_offset_ws/install/lib/python3.10/site-packages/casbot_arm_calibration_web/web_node.py to web_node.cpython-310.pyc
[0.579s] running install_data
[0.579s] copying package.xml -> /workspace/action_data_offset_ws/install/share/casbot_arm_calibration_web
[0.579s] creating /workspace/action_data_offset_ws/install/share/casbot_arm_calibration_web/launch
[0.579s] copying launch/arm_calibration_web.launch.py -> /workspace/action_data_offset_ws/install/share/casbot_arm_calibration_web/launch
[0.579s] creating /workspace/action_data_offset_ws/install/share/casbot_arm_calibration_web/urdf
[0.579s] copying urdf/CASBOT02_ENCOS_7dof_shell_20251015_P1L.urdf -> /workspace/action_data_offset_ws/install/share/casbot_arm_calibration_web/urdf
[0.580s] creating /workspace/action_data_offset_ws/install/share/casbot_arm_calibration_web/resource
[0.580s] copying resource/casbot_arm_calibration_web -> /workspace/action_data_offset_ws/install/share/casbot_arm_calibration_web/resource
[0.580s] creating /workspace/action_data_offset_ws/install/share/casbot_arm_calibration_web/resource/keyboard
[0.580s] copying resource/keyboard/keyboard_start_calibration.data -> /workspace/action_data_offset_ws/install/share/casbot_arm_calibration_web/resource/keyboard
[0.580s] copying resource/keyboard/keyboard_end_calibration.data -> /workspace/action_data_offset_ws/install/share/casbot_arm_calibration_web/resource/keyboard
[0.580s] running install_egg_info
[0.581s] Copying ../../build_x86/casbot_arm_calibration_web/casbot_arm_calibration_web.egg-info to /workspace/action_data_offset_ws/install/lib/python3.10/site-packages/casbot_arm_calibration_web-0.1.0-py3.10.egg-info
[0.582s] running install_scripts
[0.596s] Installing arm_calibration_web script to /workspace/action_data_offset_ws/install/lib/casbot_arm_calibration_web
[0.596s] writing list of installed files to '/workspace/action_data_offset_ws/build/casbot_arm_calibration_web/install.log'
[0.612s] Invoked command in '/workspace/action_data_offset_ws/src/casbot_arm_calibration_web' returned '0': PYTHONPATH=/workspace/action_data_offset_ws/build/casbot_arm_calibration_web/prefix_override:/usr/local/lib/python3.10/dist-packages/colcon_core/task/python/colcon_distutils_commands:/workspace/action_data_offset_ws/install/lib/python3.10/site-packages:/workspace/action_data_offset_ws/install/lib/python3.10/site-packages:/workspace/action_data_offset_ws/install/local/lib/python3.10/dist-packages:/opt/ros/humble/lib/python3.10/site-packages:/opt/ros/humble/local/lib/python3.10/dist-packages:/usr/local/lib/python3.10/dist-packages /usr/bin/python3 -W ignore:setup.py install is deprecated -W ignore:easy_install command is deprecated setup.py egg_info --egg-base ../../build_x86/casbot_arm_calibration_web build --build-base /workspace/action_data_offset_ws/build/casbot_arm_calibration_web/build install --record /workspace/action_data_offset_ws/build/casbot_arm_calibration_web/install.log --single-version-externally-managed install_data
