/workspace/action_data_offset_ws/install/lib/python3.10/site-packages/casbot_arm_calibration_web/trajectory_sources.py
/workspace/action_data_offset_ws/install/lib/python3.10/site-packages/casbot_arm_calibration_web/arm_fk.py
/workspace/action_data_offset_ws/install/lib/python3.10/site-packages/casbot_arm_calibration_web/calibration_data.py
/workspace/action_data_offset_ws/install/lib/python3.10/site-packages/casbot_arm_calibration_web/offset_jacobian.py
/workspace/action_data_offset_ws/install/lib/python3.10/site-packages/casbot_arm_calibration_web/kin_pin_trac.py
/workspace/action_data_offset_ws/install/lib/python3.10/site-packages/casbot_arm_calibration_web/__init__.py
/workspace/action_data_offset_ws/install/lib/python3.10/site-packages/casbot_arm_calibration_web/arm_cartesian_ik.py
/workspace/action_data_offset_ws/install/lib/python3.10/site-packages/casbot_arm_calibration_web/diag_cartesian_ik.py
/workspace/action_data_offset_ws/install/lib/python3.10/site-packages/casbot_arm_calibration_web/web_node.py
/workspace/action_data_offset_ws/install/lib/python3.10/site-packages/casbot_arm_calibration_web/web/index.html
/workspace/action_data_offset_ws/install/lib/python3.10/site-packages/casbot_arm_calibration_web/web/style.css
/workspace/action_data_offset_ws/install/lib/python3.10/site-packages/casbot_arm_calibration_web/web/app.js
/workspace/action_data_offset_ws/install/lib/python3.10/site-packages/casbot_arm_calibration_web/__pycache__/trajectory_sources.cpython-310.pyc
/workspace/action_data_offset_ws/install/lib/python3.10/site-packages/casbot_arm_calibration_web/__pycache__/arm_fk.cpython-310.pyc
/workspace/action_data_offset_ws/install/lib/python3.10/site-packages/casbot_arm_calibration_web/__pycache__/calibration_data.cpython-310.pyc
/workspace/action_data_offset_ws/install/lib/python3.10/site-packages/casbot_arm_calibration_web/__pycache__/offset_jacobian.cpython-310.pyc
/workspace/action_data_offset_ws/install/lib/python3.10/site-packages/casbot_arm_calibration_web/__pycache__/kin_pin_trac.cpython-310.pyc
/workspace/action_data_offset_ws/install/lib/python3.10/site-packages/casbot_arm_calibration_web/__pycache__/__init__.cpython-310.pyc
/workspace/action_data_offset_ws/install/lib/python3.10/site-packages/casbot_arm_calibration_web/__pycache__/arm_cartesian_ik.cpython-310.pyc
/workspace/action_data_offset_ws/install/lib/python3.10/site-packages/casbot_arm_calibration_web/__pycache__/diag_cartesian_ik.cpython-310.pyc
/workspace/action_data_offset_ws/install/lib/python3.10/site-packages/casbot_arm_calibration_web/__pycache__/web_node.cpython-310.pyc
/workspace/action_data_offset_ws/install/share/ament_index/resource_index/packages/casbot_arm_calibration_web
/workspace/action_data_offset_ws/install/share/casbot_arm_calibration_web/package.xml
/workspace/action_data_offset_ws/install/share/casbot_arm_calibration_web/launch/arm_calibration_web.launch.py
/workspace/action_data_offset_ws/install/share/casbot_arm_calibration_web/urdf/CASBOT02_ENCOS_7dof_shell_20251015_P1L.urdf
/workspace/action_data_offset_ws/install/share/casbot_arm_calibration_web/resource/casbot_arm_calibration_web
/workspace/action_data_offset_ws/install/share/casbot_arm_calibration_web/resource/keyboard/keyboard_start_calibration.data
/workspace/action_data_offset_ws/install/share/casbot_arm_calibration_web/resource/keyboard/keyboard_end_calibration.data
/workspace/action_data_offset_ws/install/share/casbot_arm_calibration_web/new_offset_data/keyboard_start_calibration_web_offset_20260423_144518_648.data
/workspace/action_data_offset_ws/install/share/casbot_arm_calibration_web/new_offset_data/keyboard_start_calibration_web_offset_20260423_141738_887.data
/workspace/action_data_offset_ws/install/share/casbot_arm_calibration_web/new_offset_data/keyboard_start_calibration_web_offset_20260423_000202_549.data
/workspace/action_data_offset_ws/install/share/casbot_arm_calibration_web/new_offset_data/keyboard_start_calibration_web_offset_20260423_161209_724.data
/workspace/action_data_offset_ws/install/share/casbot_arm_calibration_web/new_offset_data/keyboard_start_calibration_web_offset_20260423_105349_842.data
/workspace/action_data_offset_ws/install/share/casbot_arm_calibration_web/new_offset_data/keyboard_start_calibration_web_offset_20260423_110354_050.data
/workspace/action_data_offset_ws/install/share/casbot_arm_calibration_web/new_offset_data/keyboard_start_calibration_web_offset_20260423_150558_571.data
/workspace/action_data_offset_ws/install/share/casbot_arm_calibration_web/new_offset_data/keyboard_start_calibration_web_offset_20260423_110545_391.data
/workspace/action_data_offset_ws/install/share/casbot_arm_calibration_web/new_offset_data/keyboard_start_calibration_web_offset_20260423_110050_257.data
/workspace/action_data_offset_ws/install/lib/python3.10/site-packages/casbot_arm_calibration_web-0.1.0-py3.10.egg-info/zip-safe
/workspace/action_data_offset_ws/install/lib/python3.10/site-packages/casbot_arm_calibration_web-0.1.0-py3.10.egg-info/entry_points.txt
/workspace/action_data_offset_ws/install/lib/python3.10/site-packages/casbot_arm_calibration_web-0.1.0-py3.10.egg-info/PKG-INFO
/workspace/action_data_offset_ws/install/lib/python3.10/site-packages/casbot_arm_calibration_web-0.1.0-py3.10.egg-info/dependency_links.txt
/workspace/action_data_offset_ws/install/lib/python3.10/site-packages/casbot_arm_calibration_web-0.1.0-py3.10.egg-info/SOURCES.txt
/workspace/action_data_offset_ws/install/lib/python3.10/site-packages/casbot_arm_calibration_web-0.1.0-py3.10.egg-info/top_level.txt
/workspace/action_data_offset_ws/install/lib/python3.10/site-packages/casbot_arm_calibration_web-0.1.0-py3.10.egg-info/requires.txt
/workspace/action_data_offset_ws/install/lib/casbot_arm_calibration_web/arm_calibration_web
