[0.175s] Invoking command in '/workspace/action_data_offset_ws/build/crb_ros_msg': CMAKE_PREFIX_PATH=${CMAKE_PREFIX_PATH}:/opt/ros/humble /usr/bin/cmake /workspace/action_data_offset_ws/src/crb_ros_msg -DCMAKE_VERBOSE_MAKEFILE:BOOL=ON -DCMAKE_TOOLCHAIN_FILE=/workspace/action_data_offset_ws/docker_env/environment/cmake-toolchains/generic_pc.cmake -DSECURITY=ON -DBUILD_TESTING=OFF -DCMAKE_INSTALL_PREFIX=/workspace/action_data_offset_ws/install
[0.186s] -- Using SECURITY: ON.
[0.186s] -- Using BUILD_TESTING: OFF.
[0.186s] -- Using CMAKE_TOOLCHAIN_FILE: /workspace/action_data_offset_ws/docker_env/environment/cmake-toolchains/generic_pc.cmake.
[0.187s] -- Using CATKIN_INSTALL_INTO_PREFIX_ROOT: .
[0.200s] -- Found ament_cmake: 1.3.12 (/opt/ros/humble/share/ament_cmake/cmake)
[0.316s] -- Found rosidl_default_generators: 1.2.0 (/opt/ros/humble/share/rosidl_default_generators/cmake)
[0.317s] -- Using all available rosidl_typesupport_c: rosidl_typesupport_fastrtps_c;rosidl_typesupport_introspection_c
[0.319s] -- Found rosidl_adapter: 3.1.7 (/opt/ros/humble/share/rosidl_adapter/cmake)
[0.345s] -- Using all available rosidl_typesupport_cpp: rosidl_typesupport_fastrtps_cpp;rosidl_typesupport_introspection_cpp
[0.366s] -- Found std_msgs: 4.9.0 (/opt/ros/humble/share/std_msgs/cmake)
[0.384s] -- Found sensor_msgs: 4.9.0 (/opt/ros/humble/share/sensor_msgs/cmake)
[0.627s] -- Found ament_cmake_ros: 0.10.0 (/opt/ros/humble/share/ament_cmake_ros/cmake)
[0.888s] -- Using all available rosidl_typesupport_c: rosidl_typesupport_fastrtps_c;rosidl_typesupport_introspection_c
[1.200s] -- Using all available rosidl_typesupport_cpp: rosidl_typesupport_fastrtps_cpp;rosidl_typesupport_introspection_cpp
[1.228s] -- Found python_cmake_module: 0.10.0 (/opt/ros/humble/share/python_cmake_module/cmake)
[1.254s] -- Using PYTHON_EXECUTABLE: /usr/bin/python3
[1.254s] -- Using PYTHON_INCLUDE_DIRS: /usr/include/python3.10
[1.255s] -- Using PYTHON_LIBRARIES: /usr/lib/x86_64-linux-gnu/libpython3.10.so
[1.296s] -- Configuring done
[1.329s] -- Generating done
[1.339s] -- Build files have been written to: /workspace/action_data_offset_ws/build_x86/crb_ros_msg
