running egg_info
creating ../../build_x86/action_data_offset/action_data_offset.egg-info
writing ../../build_x86/action_data_offset/action_data_offset.egg-info/PKG-INFO
writing dependency_links to ../../build_x86/action_data_offset/action_data_offset.egg-info/dependency_links.txt
writing entry points to ../../build_x86/action_data_offset/action_data_offset.egg-info/entry_points.txt
writing requirements to ../../build_x86/action_data_offset/action_data_offset.egg-info/requires.txt
writing top-level names to ../../build_x86/action_data_offset/action_data_offset.egg-info/top_level.txt
writing manifest file '../../build_x86/action_data_offset/action_data_offset.egg-info/SOURCES.txt'
reading manifest file '../../build_x86/action_data_offset/action_data_offset.egg-info/SOURCES.txt'
writing manifest file '../../build_x86/action_data_offset/action_data_offset.egg-info/SOURCES.txt'
running build
running build_py
creating /workspace/action_data_offset_ws/build/action_data_offset/build
creating /workspace/action_data_offset_ws/build/action_data_offset/build/lib
copying action_data_paths.py -> /workspace/action_data_offset_ws/build/action_data_offset/build/lib
copying arm_transform_common.py -> /workspace/action_data_offset_ws/build/action_data_offset/build/lib
copying arm_pinocchio_kin.py -> /workspace/action_data_offset_ws/build/action_data_offset/build/lib
copying arm_trajectory_transform.py -> /workspace/action_data_offset_ws/build/action_data_offset/build/lib
copying arm_trajectory_transform_jacobian.py -> /workspace/action_data_offset_ws/build/action_data_offset/build/lib
copying mujoco_trajectory_sim.py -> /workspace/action_data_offset_ws/build/action_data_offset/build/lib
copying piano_key_audio.py -> /workspace/action_data_offset_ws/build/action_data_offset/build/lib
running install
running install_lib
copying /workspace/action_data_offset_ws/build/action_data_offset/build/lib/arm_transform_common.py -> /workspace/action_data_offset_ws/install/lib/python3.10/site-packages
copying /workspace/action_data_offset_ws/build/action_data_offset/build/lib/arm_pinocchio_kin.py -> /workspace/action_data_offset_ws/install/lib/python3.10/site-packages
copying /workspace/action_data_offset_ws/build/action_data_offset/build/lib/action_data_paths.py -> /workspace/action_data_offset_ws/install/lib/python3.10/site-packages
copying /workspace/action_data_offset_ws/build/action_data_offset/build/lib/arm_trajectory_transform_jacobian.py -> /workspace/action_data_offset_ws/install/lib/python3.10/site-packages
copying /workspace/action_data_offset_ws/build/action_data_offset/build/lib/arm_trajectory_transform.py -> /workspace/action_data_offset_ws/install/lib/python3.10/site-packages
copying /workspace/action_data_offset_ws/build/action_data_offset/build/lib/piano_key_audio.py -> /workspace/action_data_offset_ws/install/lib/python3.10/site-packages
copying /workspace/action_data_offset_ws/build/action_data_offset/build/lib/mujoco_trajectory_sim.py -> /workspace/action_data_offset_ws/install/lib/python3.10/site-packages
byte-compiling /workspace/action_data_offset_ws/install/lib/python3.10/site-packages/arm_transform_common.py to arm_transform_common.cpython-310.pyc
byte-compiling /workspace/action_data_offset_ws/install/lib/python3.10/site-packages/arm_pinocchio_kin.py to arm_pinocchio_kin.cpython-310.pyc
byte-compiling /workspace/action_data_offset_ws/install/lib/python3.10/site-packages/action_data_paths.py to action_data_paths.cpython-310.pyc
byte-compiling /workspace/action_data_offset_ws/install/lib/python3.10/site-packages/arm_trajectory_transform_jacobian.py to arm_trajectory_transform_jacobian.cpython-310.pyc
byte-compiling /workspace/action_data_offset_ws/install/lib/python3.10/site-packages/arm_trajectory_transform.py to arm_trajectory_transform.cpython-310.pyc
byte-compiling /workspace/action_data_offset_ws/install/lib/python3.10/site-packages/piano_key_audio.py to piano_key_audio.cpython-310.pyc
byte-compiling /workspace/action_data_offset_ws/install/lib/python3.10/site-packages/mujoco_trajectory_sim.py to mujoco_trajectory_sim.cpython-310.pyc
running install_data
creating /workspace/action_data_offset_ws/install/share
creating /workspace/action_data_offset_ws/install/share/ament_index
creating /workspace/action_data_offset_ws/install/share/ament_index/resource_index
creating /workspace/action_data_offset_ws/install/share/ament_index/resource_index/packages
copying resource/action_data_offset -> /workspace/action_data_offset_ws/install/share/ament_index/resource_index/packages
creating /workspace/action_data_offset_ws/install/share/action_data_offset
copying package.xml -> /workspace/action_data_offset_ws/install/share/action_data_offset
creating /workspace/action_data_offset_ws/install/share/action_data_offset/doc
copying /workspace/action_data_offset_ws/src/action_data_offset/使用教程.md -> /workspace/action_data_offset_ws/install/share/action_data_offset/doc
creating /workspace/action_data_offset_ws/install/share/action_data_offset/data
copying /workspace/action_data_offset_ws/src/action_data_offset/data/DZQ_GuangHuiSuiYue_20260411_18_02_100HZ_offset_new_mm.data -> /workspace/action_data_offset_ws/install/share/action_data_offset/data
copying /workspace/action_data_offset_ws/src/action_data_offset/data/光辉岁月-20260413_offset.csv -> /workspace/action_data_offset_ws/install/share/action_data_offset/data
copying /workspace/action_data_offset_ws/src/action_data_offset/data/DZQ_PianYi_100HZ_transform2.data -> /workspace/action_data_offset_ws/install/share/action_data_offset/data
copying /workspace/action_data_offset_ws/src/action_data_offset/data/DZQ_GuangHuiSuiYue_20260411_18_02_100HZ_offset_right.data -> /workspace/action_data_offset_ws/install/share/action_data_offset/data
copying /workspace/action_data_offset_ws/src/action_data_offset/data/DZQ_PianYi_100HZ.data -> /workspace/action_data_offset_ws/install/share/action_data_offset/data
copying /workspace/action_data_offset_ws/src/action_data_offset/data/BS_GuangHuiSuiYue_20260418_17_41_100HZ_full_offset.csv -> /workspace/action_data_offset_ws/install/share/action_data_offset/data
copying /workspace/action_data_offset_ws/src/action_data_offset/data/DZQ_PianYi_100HZ_transform_jacobian2.data -> /workspace/action_data_offset_ws/install/share/action_data_offset/data
copying /workspace/action_data_offset_ws/src/action_data_offset/data/DZQ_GuangHuiSuiYue_20260411_18_02_100HZ_offset_new.data -> /workspace/action_data_offset_ws/install/share/action_data_offset/data
copying /workspace/action_data_offset_ws/src/action_data_offset/data/DZQ_GuangHuiSuiYue_20260411_18_02_100HZ_offset_left_mm.data -> /workspace/action_data_offset_ws/install/share/action_data_offset/data
copying /workspace/action_data_offset_ws/src/action_data_offset/data/DZQ_YiShengYouNi_100HZ_offset2.data -> /workspace/action_data_offset_ws/install/share/action_data_offset/data
copying /workspace/action_data_offset_ws/src/action_data_offset/data/DZQ_GuangHuiSuiYue_20260411_18_02_100HZ_offset.data -> /workspace/action_data_offset_ws/install/share/action_data_offset/data
copying /workspace/action_data_offset_ws/src/action_data_offset/data/光辉岁月-20260413.csv -> /workspace/action_data_offset_ws/install/share/action_data_offset/data
copying /workspace/action_data_offset_ws/src/action_data_offset/data/表头.data -> /workspace/action_data_offset_ws/install/share/action_data_offset/data
copying /workspace/action_data_offset_ws/src/action_data_offset/data/DZQ_PianYi_100HZ_transform.data -> /workspace/action_data_offset_ws/install/share/action_data_offset/data
copying /workspace/action_data_offset_ws/src/action_data_offset/data/DZQ_GuangHuiSuiYue_20260411_18_02_100HZ.data -> /workspace/action_data_offset_ws/install/share/action_data_offset/data
copying /workspace/action_data_offset_ws/src/action_data_offset/data/DZQ_GuangHuiSuiYue_20260411_18_02_100HZ_offset1.data -> /workspace/action_data_offset_ws/install/share/action_data_offset/data
copying /workspace/action_data_offset_ws/src/action_data_offset/data/DZQ_YiShengYouNi_100HZ.data -> /workspace/action_data_offset_ws/install/share/action_data_offset/data
copying /workspace/action_data_offset_ws/src/action_data_offset/data/DZQ_GuangHuiSuiYue_20260411_18_02_100HZ_offset_left_mm2.data -> /workspace/action_data_offset_ws/install/share/action_data_offset/data
copying /workspace/action_data_offset_ws/src/action_data_offset/data/DZQ_GuangHuiSuiYue_20260411_18_02_100HZ_offset_left.data -> /workspace/action_data_offset_ws/install/share/action_data_offset/data
copying /workspace/action_data_offset_ws/src/action_data_offset/data/BS_GuangHuiSuiYue_20260418_17_41_100HZ_full_offset2.csv -> /workspace/action_data_offset_ws/install/share/action_data_offset/data
copying /workspace/action_data_offset_ws/src/action_data_offset/data/DZQ_GuangHuiSuiYue_20260411_18_02_100HZ_offset_offset.data -> /workspace/action_data_offset_ws/install/share/action_data_offset/data
copying /workspace/action_data_offset_ws/src/action_data_offset/data/DZQ_GuangHuiSuiYue_20260411_18_02_100HZ_offset_46.data -> /workspace/action_data_offset_ws/install/share/action_data_offset/data
copying /workspace/action_data_offset_ws/src/action_data_offset/data/BS_GuangHuiSuiYue_20260418_17_41_100HZ_full.csv -> /workspace/action_data_offset_ws/install/share/action_data_offset/data
copying /workspace/action_data_offset_ws/src/action_data_offset/data/DZQ_YiShengYouNi_100HZ_offset1.data -> /workspace/action_data_offset_ws/install/share/action_data_offset/data
copying /workspace/action_data_offset_ws/src/action_data_offset/data/DZQ_PianYi_100HZ_transform_jacobian.data -> /workspace/action_data_offset_ws/install/share/action_data_offset/data
creating /workspace/action_data_offset_ws/install/share/action_data_offset/data/bass
copying /workspace/action_data_offset_ws/src/action_data_offset/data/bass/glory-bass1_0_20260418_151400.csv -> /workspace/action_data_offset_ws/install/share/action_data_offset/data/bass
copying /workspace/action_data_offset_ws/src/action_data_offset/data/bass/glory-bass1.txt -> /workspace/action_data_offset_ws/install/share/action_data_offset/data/bass
copying /workspace/action_data_offset_ws/src/action_data_offset/data/bass/glory-bass1_1_20260418_151400.csv -> /workspace/action_data_offset_ws/install/share/action_data_offset/data/bass
copying /workspace/action_data_offset_ws/src/action_data_offset/data/bass/glory-bass1_0_20260418_151400_all_offset.csv -> /workspace/action_data_offset_ws/install/share/action_data_offset/data/bass
copying /workspace/action_data_offset_ws/src/action_data_offset/data/bass/glory-bass1_2_20260418_151400.csv -> /workspace/action_data_offset_ws/install/share/action_data_offset/data/bass
copying /workspace/action_data_offset_ws/src/action_data_offset/data/bass/glory-bass1_0_20260418_151400_all.csv -> /workspace/action_data_offset_ws/install/share/action_data_offset/data/bass
creating /workspace/action_data_offset_ws/install/share/action_data_offset/urdf
copying /workspace/action_data_offset_ws/src/action_data_offset/urdf/CASBOT02_ENCOS_7dof_shell_20251015_P1L.urdf -> /workspace/action_data_offset_ws/install/share/action_data_offset/urdf
creating /workspace/action_data_offset_ws/install/share/action_data_offset/urdf/meshes
copying /workspace/action_data_offset_ws/src/action_data_offset/urdf/meshes/left_index_mcp_link5.STL -> /workspace/action_data_offset_ws/install/share/action_data_offset/urdf/meshes
copying /workspace/action_data_offset_ws/src/action_data_offset/urdf/meshes/right_thumb_tip_link.STL -> /workspace/action_data_offset_ws/install/share/action_data_offset/urdf/meshes
copying /workspace/action_data_offset_ws/src/action_data_offset/urdf/meshes/right_index_dip_link6.STL -> /workspace/action_data_offset_ws/install/share/action_data_offset/urdf/meshes
copying /workspace/action_data_offset_ws/src/action_data_offset/urdf/meshes/left_shoulder_roll_link.STL -> /workspace/action_data_offset_ws/install/share/action_data_offset/urdf/meshes
copying /workspace/action_data_offset_ws/src/action_data_offset/urdf/meshes/right_leg_pelvic_roll_link.STL -> /workspace/action_data_offset_ws/install/share/action_data_offset/urdf/meshes
copying /workspace/action_data_offset_ws/src/action_data_offset/urdf/meshes/left_pinky_dip_link.STL -> /workspace/action_data_offset_ws/install/share/action_data_offset/urdf/meshes
copying /workspace/action_data_offset_ws/src/action_data_offset/urdf/meshes/left_thumb_dip_link4.STL -> /workspace/action_data_offset_ws/install/share/action_data_offset/urdf/meshes
copying /workspace/action_data_offset_ws/src/action_data_offset/urdf/meshes/right_thumb_mcp_roll_link.STL -> /workspace/action_data_offset_ws/install/share/action_data_offset/urdf/meshes
copying /workspace/action_data_offset_ws/src/action_data_offset/urdf/meshes/right_index_mcp_link.STL -> /workspace/action_data_offset_ws/install/share/action_data_offset/urdf/meshes
copying /workspace/action_data_offset_ws/src/action_data_offset/urdf/meshes/left_palm_base_link1.STL -> /workspace/action_data_offset_ws/install/share/action_data_offset/urdf/meshes
copying /workspace/action_data_offset_ws/src/action_data_offset/urdf/meshes/right_elbow_pitch_link.STL -> /workspace/action_data_offset_ws/install/share/action_data_offset/urdf/meshes
copying /workspace/action_data_offset_ws/src/action_data_offset/urdf/meshes/right_thumb_distal_link.STL -> /workspace/action_data_offset_ws/install/share/action_data_offset/urdf/meshes
copying /workspace/action_data_offset_ws/src/action_data_offset/urdf/meshes/right_thumb_proximal_link.STL -> /workspace/action_data_offset_ws/install/share/action_data_offset/urdf/meshes
copying /workspace/action_data_offset_ws/src/action_data_offset/urdf/meshes/right_thumb_metacarpal_link.STL -> /workspace/action_data_offset_ws/install/share/action_data_offset/urdf/meshes
copying /workspace/action_data_offset_ws/src/action_data_offset/urdf/meshes/left_palm_base_link.STL -> /workspace/action_data_offset_ws/install/share/action_data_offset/urdf/meshes
copying /workspace/action_data_offset_ws/src/action_data_offset/urdf/meshes/right_pinky_mcp_link11.STL -> /workspace/action_data_offset_ws/install/share/action_data_offset/urdf/meshes
copying /workspace/action_data_offset_ws/src/action_data_offset/urdf/meshes/left_wrist_yaw_link.STL -> /workspace/action_data_offset_ws/install/share/action_data_offset/urdf/meshes
copying /workspace/action_data_offset_ws/src/action_data_offset/urdf/meshes/left_index_mcp_link.STL -> /workspace/action_data_offset_ws/install/share/action_data_offset/urdf/meshes
copying /workspace/action_data_offset_ws/src/action_data_offset/urdf/meshes/right_leg_pelvic_yaw_link.STL -> /workspace/action_data_offset_ws/install/share/action_data_offset/urdf/meshes
copying /workspace/action_data_offset_ws/src/action_data_offset/urdf/meshes/left_index_dip_link.STL -> /workspace/action_data_offset_ws/install/share/action_data_offset/urdf/meshes
copying /workspace/action_data_offset_ws/src/action_data_offset/urdf/meshes/left_leg_ankle_roll_link.STL -> /workspace/action_data_offset_ws/install/share/action_data_offset/urdf/meshes
copying /workspace/action_data_offset_ws/src/action_data_offset/urdf/meshes/left_pinky_mcp_link.STL -> /workspace/action_data_offset_ws/install/share/action_data_offset/urdf/meshes
copying /workspace/action_data_offset_ws/src/action_data_offset/urdf/meshes/left_thumb_mcp_roll_link.STL -> /workspace/action_data_offset_ws/install/share/action_data_offset/urdf/meshes
copying /workspace/action_data_offset_ws/src/action_data_offset/urdf/meshes/left_middle_dip_link.STL -> /workspace/action_data_offset_ws/install/share/action_data_offset/urdf/meshes
copying /workspace/action_data_offset_ws/src/action_data_offset/urdf/meshes/right_pinky_tip_link.STL -> /workspace/action_data_offset_ws/install/share/action_data_offset/urdf/meshes
copying /workspace/action_data_offset_ws/src/action_data_offset/urdf/meshes/right_middle_mcp_link.STL -> /workspace/action_data_offset_ws/install/share/action_data_offset/urdf/meshes
copying /workspace/action_data_offset_ws/src/action_data_offset/urdf/meshes/right_ring_mcp_link.STL -> /workspace/action_data_offset_ws/install/share/action_data_offset/urdf/meshes
copying /workspace/action_data_offset_ws/src/action_data_offset/urdf/meshes/right_thumb_mcp_roll_link2.STL -> /workspace/action_data_offset_ws/install/share/action_data_offset/urdf/meshes
copying /workspace/action_data_offset_ws/src/action_data_offset/urdf/meshes/left_ring_dip_link10.STL -> /workspace/action_data_offset_ws/install/share/action_data_offset/urdf/meshes
copying /workspace/action_data_offset_ws/src/action_data_offset/urdf/meshes/base_link.STL -> /workspace/action_data_offset_ws/install/share/action_data_offset/urdf/meshes
copying /workspace/action_data_offset_ws/src/action_data_offset/urdf/meshes/right_thumb_dip_link4.STL -> /workspace/action_data_offset_ws/install/share/action_data_offset/urdf/meshes
copying /workspace/action_data_offset_ws/src/action_data_offset/urdf/meshes/right_middle_tip_link.STL -> /workspace/action_data_offset_ws/install/share/action_data_offset/urdf/meshes
copying /workspace/action_data_offset_ws/src/action_data_offset/urdf/meshes/right_fake_hand_link.STL -> /workspace/action_data_offset_ws/install/share/action_data_offset/urdf/meshes
copying /workspace/action_data_offset_ws/src/action_data_offset/urdf/meshes/left_middle_mcp_link.STL -> /workspace/action_data_offset_ws/install/share/action_data_offset/urdf/meshes
copying /workspace/action_data_offset_ws/src/action_data_offset/urdf/meshes/right_base_link.STL -> /workspace/action_data_offset_ws/install/share/action_data_offset/urdf/meshes
copying /workspace/action_data_offset_ws/src/action_data_offset/urdf/meshes/right_thumb_mcp_pitch_link3.STL -> /workspace/action_data_offset_ws/install/share/action_data_offset/urdf/meshes
copying /workspace/action_data_offset_ws/src/action_data_offset/urdf/meshes/left_ring_tip_link.STL -> /workspace/action_data_offset_ws/install/share/action_data_offset/urdf/meshes
copying /workspace/action_data_offset_ws/src/action_data_offset/urdf/meshes/left_pinky_tip_link.STL -> /workspace/action_data_offset_ws/install/share/action_data_offset/urdf/meshes
copying /workspace/action_data_offset_ws/src/action_data_offset/urdf/meshes/right_middle_mcp_link7.STL -> /workspace/action_data_offset_ws/install/share/action_data_offset/urdf/meshes
copying /workspace/action_data_offset_ws/src/action_data_offset/urdf/meshes/right_middle_dip_link8.STL -> /workspace/action_data_offset_ws/install/share/action_data_offset/urdf/meshes
copying /workspace/action_data_offset_ws/src/action_data_offset/urdf/meshes/right_leg_ankle_roll_link.STL -> /workspace/action_data_offset_ws/install/share/action_data_offset/urdf/meshes
copying /workspace/action_data_offset_ws/src/action_data_offset/urdf/meshes/right_wrist_pitch_link.STL -> /workspace/action_data_offset_ws/install/share/action_data_offset/urdf/meshes
copying /workspace/action_data_offset_ws/src/action_data_offset/urdf/meshes/base_link_collision.STL -> /workspace/action_data_offset_ws/install/share/action_data_offset/urdf/meshes
copying /workspace/action_data_offset_ws/src/action_data_offset/urdf/meshes/right_leg_knee_pitch_link.STL -> /workspace/action_data_offset_ws/install/share/action_data_offset/urdf/meshes
copying /workspace/action_data_offset_ws/src/action_data_offset/urdf/meshes/left_pinky_mcp_link11.STL -> /workspace/action_data_offset_ws/install/share/action_data_offset/urdf/meshes
copying /workspace/action_data_offset_ws/src/action_data_offset/urdf/meshes/left_thumb_mcp_pitch_link.STL -> /workspace/action_data_offset_ws/install/share/action_data_offset/urdf/meshes
copying /workspace/action_data_offset_ws/src/action_data_offset/urdf/meshes/right_ring_dip_link10.STL -> /workspace/action_data_offset_ws/install/share/action_data_offset/urdf/meshes
copying /workspace/action_data_offset_ws/src/action_data_offset/urdf/meshes/right_ring_mcp_link9.STL -> /workspace/action_data_offset_ws/install/share/action_data_offset/urdf/meshes
copying /workspace/action_data_offset_ws/src/action_data_offset/urdf/meshes/left_middle_mcp_link7.STL -> /workspace/action_data_offset_ws/install/share/action_data_offset/urdf/meshes
copying /workspace/action_data_offset_ws/src/action_data_offset/urdf/meshes/right_leg_pelvic_pitch_link.STL -> /workspace/action_data_offset_ws/install/share/action_data_offset/urdf/meshes
copying /workspace/action_data_offset_ws/src/action_data_offset/urdf/meshes/left_middle_tip_link.STL -> /workspace/action_data_offset_ws/install/share/action_data_offset/urdf/meshes
copying /workspace/action_data_offset_ws/src/action_data_offset/urdf/meshes/left_middle_dip_link8.STL -> /workspace/action_data_offset_ws/install/share/action_data_offset/urdf/meshes
copying /workspace/action_data_offset_ws/src/action_data_offset/urdf/meshes/left_base_link.STL -> /workspace/action_data_offset_ws/install/share/action_data_offset/urdf/meshes
copying /workspace/action_data_offset_ws/src/action_data_offset/urdf/meshes/right_wrist_roll_link.STL -> /workspace/action_data_offset_ws/install/share/action_data_offset/urdf/meshes
copying /workspace/action_data_offset_ws/src/action_data_offset/urdf/meshes/right_palm_base_link.STL -> /workspace/action_data_offset_ws/install/share/action_data_offset/urdf/meshes
copying /workspace/action_data_offset_ws/src/action_data_offset/urdf/meshes/left_shoulder_yaw_link.STL -> /workspace/action_data_offset_ws/install/share/action_data_offset/urdf/meshes
copying /workspace/action_data_offset_ws/src/action_data_offset/urdf/meshes/right_thumb_dip_link.STL -> /workspace/action_data_offset_ws/install/share/action_data_offset/urdf/meshes
copying /workspace/action_data_offset_ws/src/action_data_offset/urdf/meshes/waist_yaw_link.STL -> /workspace/action_data_offset_ws/install/share/action_data_offset/urdf/meshes
copying /workspace/action_data_offset_ws/src/action_data_offset/urdf/meshes/right_index_tip_link.STL -> /workspace/action_data_offset_ws/install/share/action_data_offset/urdf/meshes
copying /workspace/action_data_offset_ws/src/action_data_offset/urdf/meshes/left_ring_dip_link.STL -> /workspace/action_data_offset_ws/install/share/action_data_offset/urdf/meshes
copying /workspace/action_data_offset_ws/src/action_data_offset/urdf/meshes/right_palm_base_link1.STL -> /workspace/action_data_offset_ws/install/share/action_data_offset/urdf/meshes
copying /workspace/action_data_offset_ws/src/action_data_offset/urdf/meshes/right_index_dip_link.STL -> /workspace/action_data_offset_ws/install/share/action_data_offset/urdf/meshes
copying /workspace/action_data_offset_ws/src/action_data_offset/urdf/meshes/left_elbow_pitch_link.STL -> /workspace/action_data_offset_ws/install/share/action_data_offset/urdf/meshes
copying /workspace/action_data_offset_ws/src/action_data_offset/urdf/meshes/head_yaw_link.STL -> /workspace/action_data_offset_ws/install/share/action_data_offset/urdf/meshes
copying /workspace/action_data_offset_ws/src/action_data_offset/urdf/meshes/right_shoulder_pitch_link.STL -> /workspace/action_data_offset_ws/install/share/action_data_offset/urdf/meshes
copying /workspace/action_data_offset_ws/src/action_data_offset/urdf/meshes/left_thumb_mcp_roll_link2.STL -> /workspace/action_data_offset_ws/install/share/action_data_offset/urdf/meshes
copying /workspace/action_data_offset_ws/src/action_data_offset/urdf/meshes/right_pinky_dip_link.STL -> /workspace/action_data_offset_ws/install/share/action_data_offset/urdf/meshes
copying /workspace/action_data_offset_ws/src/action_data_offset/urdf/meshes/right_ring_dip_link.STL -> /workspace/action_data_offset_ws/install/share/action_data_offset/urdf/meshes
copying /workspace/action_data_offset_ws/src/action_data_offset/urdf/meshes/head_pitch_link.STL -> /workspace/action_data_offset_ws/install/share/action_data_offset/urdf/meshes
copying /workspace/action_data_offset_ws/src/action_data_offset/urdf/meshes/left_index_dip_link6.STL -> /workspace/action_data_offset_ws/install/share/action_data_offset/urdf/meshes
copying /workspace/action_data_offset_ws/src/action_data_offset/urdf/meshes/left_ring_mcp_link.STL -> /workspace/action_data_offset_ws/install/share/action_data_offset/urdf/meshes
copying /workspace/action_data_offset_ws/src/action_data_offset/urdf/meshes/right_ring_tip_link.STL -> /workspace/action_data_offset_ws/install/share/action_data_offset/urdf/meshes
copying /workspace/action_data_offset_ws/src/action_data_offset/urdf/meshes/right_shoulder_yaw_link.STL -> /workspace/action_data_offset_ws/install/share/action_data_offset/urdf/meshes
copying /workspace/action_data_offset_ws/src/action_data_offset/urdf/meshes/left_index_tip_link.STL -> /workspace/action_data_offset_ws/install/share/action_data_offset/urdf/meshes
copying /workspace/action_data_offset_ws/src/action_data_offset/urdf/meshes/right_index_mcp_link5.STL -> /workspace/action_data_offset_ws/install/share/action_data_offset/urdf/meshes
copying /workspace/action_data_offset_ws/src/action_data_offset/urdf/meshes/left_ring_mcp_link9.STL -> /workspace/action_data_offset_ws/install/share/action_data_offset/urdf/meshes
copying /workspace/action_data_offset_ws/src/action_data_offset/urdf/meshes/left_wrist_roll_link.STL -> /workspace/action_data_offset_ws/install/share/action_data_offset/urdf/meshes
copying /workspace/action_data_offset_ws/src/action_data_offset/urdf/meshes/left_wrist_pitch_link.STL -> /workspace/action_data_offset_ws/install/share/action_data_offset/urdf/meshes
copying /workspace/action_data_offset_ws/src/action_data_offset/urdf/meshes/right_shoulder_roll_link.STL -> /workspace/action_data_offset_ws/install/share/action_data_offset/urdf/meshes
copying /workspace/action_data_offset_ws/src/action_data_offset/urdf/meshes/left_pinky_dip_link12.STL -> /workspace/action_data_offset_ws/install/share/action_data_offset/urdf/meshes
copying /workspace/action_data_offset_ws/src/action_data_offset/urdf/meshes/right_thumb_mcp_pitch_link.STL -> /workspace/action_data_offset_ws/install/share/action_data_offset/urdf/meshes
copying /workspace/action_data_offset_ws/src/action_data_offset/urdf/meshes/left_leg_ankle_pitch_link.STL -> /workspace/action_data_offset_ws/install/share/action_data_offset/urdf/meshes
copying /workspace/action_data_offset_ws/src/action_data_offset/urdf/meshes/right_middle_dip_link.STL -> /workspace/action_data_offset_ws/install/share/action_data_offset/urdf/meshes
copying /workspace/action_data_offset_ws/src/action_data_offset/urdf/meshes/right_leg_ankle_pitch_link.STL -> /workspace/action_data_offset_ws/install/share/action_data_offset/urdf/meshes
copying /workspace/action_data_offset_ws/src/action_data_offset/urdf/meshes/waist_yaw_link_bass.STL -> /workspace/action_data_offset_ws/install/share/action_data_offset/urdf/meshes
copying /workspace/action_data_offset_ws/src/action_data_offset/urdf/meshes/left_leg_pelvic_pitch_link.STL -> /workspace/action_data_offset_ws/install/share/action_data_offset/urdf/meshes
copying /workspace/action_data_offset_ws/src/action_data_offset/urdf/meshes/right_pinky_mcp_link.STL -> /workspace/action_data_offset_ws/install/share/action_data_offset/urdf/meshes
copying /workspace/action_data_offset_ws/src/action_data_offset/urdf/meshes/left_thumb_mcp_pitch_link3.STL -> /workspace/action_data_offset_ws/install/share/action_data_offset/urdf/meshes
copying /workspace/action_data_offset_ws/src/action_data_offset/urdf/meshes/left_leg_pelvic_roll_link.STL -> /workspace/action_data_offset_ws/install/share/action_data_offset/urdf/meshes
copying /workspace/action_data_offset_ws/src/action_data_offset/urdf/meshes/waist_yaw_link_guitar.STL -> /workspace/action_data_offset_ws/install/share/action_data_offset/urdf/meshes
copying /workspace/action_data_offset_ws/src/action_data_offset/urdf/meshes/left_thumb_tip_link.STL -> /workspace/action_data_offset_ws/install/share/action_data_offset/urdf/meshes
copying /workspace/action_data_offset_ws/src/action_data_offset/urdf/meshes/left_leg_pelvic_yaw_link.STL -> /workspace/action_data_offset_ws/install/share/action_data_offset/urdf/meshes
copying /workspace/action_data_offset_ws/src/action_data_offset/urdf/meshes/left_thumb_dip_link.STL -> /workspace/action_data_offset_ws/install/share/action_data_offset/urdf/meshes
copying /workspace/action_data_offset_ws/src/action_data_offset/urdf/meshes/right_wrist_yaw_link.STL -> /workspace/action_data_offset_ws/install/share/action_data_offset/urdf/meshes
copying /workspace/action_data_offset_ws/src/action_data_offset/urdf/meshes/right_pinky_dip_link12.STL -> /workspace/action_data_offset_ws/install/share/action_data_offset/urdf/meshes
copying /workspace/action_data_offset_ws/src/action_data_offset/urdf/meshes/left_shoulder_pitch_link.STL -> /workspace/action_data_offset_ws/install/share/action_data_offset/urdf/meshes
copying /workspace/action_data_offset_ws/src/action_data_offset/urdf/meshes/left_leg_knee_pitch_link.STL -> /workspace/action_data_offset_ws/install/share/action_data_offset/urdf/meshes
creating /workspace/action_data_offset_ws/install/share/action_data_offset/urdf/xml
copying /workspace/action_data_offset_ws/src/action_data_offset/urdf/xml/CASBOT02_ENCOS_7dof_shell_20251015_P1L.xml -> /workspace/action_data_offset_ws/install/share/action_data_offset/urdf/xml
copying /workspace/action_data_offset_ws/src/action_data_offset/urdf/xml/CASBOT02_ENCOS_7dof_shell_20251015_P1L_keyboard.xml -> /workspace/action_data_offset_ws/install/share/action_data_offset/urdf/xml
copying /workspace/action_data_offset_ws/src/action_data_offset/urdf/xml/CASBOT02_ENCOS_7dof_shell_20251015_P1L_bass.xml -> /workspace/action_data_offset_ws/install/share/action_data_offset/urdf/xml
copying /workspace/action_data_offset_ws/src/action_data_offset/urdf/xml/CASBOT02_ENCOS_7dof_shell_20251015_P1L_guitar.xml -> /workspace/action_data_offset_ws/install/share/action_data_offset/urdf/xml
copying /workspace/action_data_offset_ws/src/action_data_offset/urdf/xml/CASBOT02_bass_sim.xml -> /workspace/action_data_offset_ws/install/share/action_data_offset/urdf/xml
creating /workspace/action_data_offset_ws/install/share/action_data_offset/examples
copying /workspace/action_data_offset_ws/src/action_data_offset/examples/data_transform_z.csv -> /workspace/action_data_offset_ws/install/share/action_data_offset/examples
copying /workspace/action_data_offset_ws/src/action_data_offset/examples/sample_track.csv -> /workspace/action_data_offset_ws/install/share/action_data_offset/examples
copying /workspace/action_data_offset_ws/src/action_data_offset/examples/data_transform.csv -> /workspace/action_data_offset_ws/install/share/action_data_offset/examples
running install_egg_info
Copying ../../build_x86/action_data_offset/action_data_offset.egg-info to /workspace/action_data_offset_ws/install/lib/python3.10/site-packages/action_data_offset-0.1.0-py3.10.egg-info
running install_scripts
Installing arm_trajectory_transform script to /workspace/action_data_offset_ws/install/lib/action_data_offset
Installing arm_trajectory_transform_jacobian script to /workspace/action_data_offset_ws/install/lib/action_data_offset
Installing mujoco_trajectory_sim script to /workspace/action_data_offset_ws/install/lib/action_data_offset
writing list of installed files to '/workspace/action_data_offset_ws/build/action_data_offset/install.log'
