[0.178s] Invoking command in '/workspace/action_data_offset_ws/build/crb_ros_msg': CMAKE_PREFIX_PATH=${CMAKE_PREFIX_PATH}:/opt/ros/humble /usr/bin/cmake /workspace/action_data_offset_ws/src/crb_ros_msg -DCMAKE_VERBOSE_MAKEFILE:BOOL=ON -DCMAKE_TOOLCHAIN_FILE=/workspace/action_data_offset_ws/docker_env/environment/cmake-toolchains/generic_pc.cmake -DSECURITY=ON -DBUILD_TESTING=OFF -DCMAKE_INSTALL_PREFIX=/workspace/action_data_offset_ws/install
[0.193s] -- Using SECURITY: ON.
[0.193s] -- Using BUILD_TESTING: OFF.
[0.194s] -- Using CMAKE_TOOLCHAIN_FILE: /workspace/action_data_offset_ws/docker_env/environment/cmake-toolchains/generic_pc.cmake.
[0.194s] -- Using CATKIN_INSTALL_INTO_PREFIX_ROOT: .
[0.203s] -- Found ament_cmake: 1.3.12 (/opt/ros/humble/share/ament_cmake/cmake)
[0.317s] -- Found rosidl_default_generators: 1.2.0 (/opt/ros/humble/share/rosidl_default_generators/cmake)
[0.318s] -- Using all available rosidl_typesupport_c: rosidl_typesupport_fastrtps_c;rosidl_typesupport_introspection_c
[0.320s] -- Found rosidl_adapter: 3.1.7 (/opt/ros/humble/share/rosidl_adapter/cmake)
[0.345s] -- Using all available rosidl_typesupport_cpp: rosidl_typesupport_fastrtps_cpp;rosidl_typesupport_introspection_cpp
[0.365s] -- Found std_msgs: 4.9.0 (/opt/ros/humble/share/std_msgs/cmake)
[0.382s] -- Found sensor_msgs: 4.9.0 (/opt/ros/humble/share/sensor_msgs/cmake)
[0.644s] -- Found ament_cmake_ros: 0.10.0 (/opt/ros/humble/share/ament_cmake_ros/cmake)
[0.878s] -- Using all available rosidl_typesupport_c: rosidl_typesupport_fastrtps_c;rosidl_typesupport_introspection_c
[1.205s] -- Using all available rosidl_typesupport_cpp: rosidl_typesupport_fastrtps_cpp;rosidl_typesupport_introspection_cpp
[1.228s] -- Found python_cmake_module: 0.10.0 (/opt/ros/humble/share/python_cmake_module/cmake)
[1.252s] -- Using PYTHON_EXECUTABLE: /usr/bin/python3
[1.252s] -- Using PYTHON_INCLUDE_DIRS: /usr/include/python3.10
[1.252s] -- Using PYTHON_LIBRARIES: /usr/lib/x86_64-linux-gnu/libpython3.10.so
[1.295s] -- Configuring done
[1.326s] -- Generating done
[1.336s] -- Build files have been written to: /workspace/action_data_offset_ws/build_x86/crb_ros_msg
[1.341s] Invoked command in '/workspace/action_data_offset_ws/build/crb_ros_msg' returned '0': CMAKE_PREFIX_PATH=${CMAKE_PREFIX_PATH}:/opt/ros/humble /usr/bin/cmake /workspace/action_data_offset_ws/src/crb_ros_msg -DCMAKE_VERBOSE_MAKEFILE:BOOL=ON -DCMAKE_TOOLCHAIN_FILE=/workspace/action_data_offset_ws/docker_env/environment/cmake-toolchains/generic_pc.cmake -DSECURITY=ON -DBUILD_TESTING=OFF -DCMAKE_INSTALL_PREFIX=/workspace/action_data_offset_ws/install
[1.343s] Invoking command in '/workspace/action_data_offset_ws/build/crb_ros_msg': CMAKE_PREFIX_PATH=${CMAKE_PREFIX_PATH}:/opt/ros/humble /usr/bin/cmake --build /workspace/action_data_offset_ws/build/crb_ros_msg -- -j16 -l16
[1.359s] /usr/bin/cmake -S/workspace/action_data_offset_ws/src/crb_ros_msg -B/workspace/action_data_offset_ws/build_x86/crb_ros_msg --check-build-system CMakeFiles/Makefile.cmake 0
[1.379s] /usr/bin/cmake -E cmake_progress_start /workspace/action_data_offset_ws/build_x86/crb_ros_msg/CMakeFiles /workspace/action_data_offset_ws/build_x86/crb_ros_msg//CMakeFiles/progress.marks
[1.391s] /usr/bin/gmake  -f CMakeFiles/Makefile2 all
[1.394s] gmake[1]: Entering directory '/workspace/action_data_offset_ws/build_x86/crb_ros_msg'
[1.394s] /usr/bin/gmake  -f CMakeFiles/crb_ros_msg__cpp.dir/build.make CMakeFiles/crb_ros_msg__cpp.dir/depend
[1.395s] /usr/bin/gmake  -f CMakeFiles/crb_ros_msg__rosidl_generator_c.dir/build.make CMakeFiles/crb_ros_msg__rosidl_generator_c.dir/depend
[1.395s] /usr/bin/gmake  -f CMakeFiles/ament_cmake_python_copy_crb_ros_msg.dir/build.make CMakeFiles/ament_cmake_python_copy_crb_ros_msg.dir/depend
[1.398s] gmake[2]: Entering directory '/workspace/action_data_offset_ws/build_x86/crb_ros_msg'
[1.398s] cd /workspace/action_data_offset_ws/build_x86/crb_ros_msg && /usr/bin/cmake -E cmake_depends "Unix Makefiles" /workspace/action_data_offset_ws/src/crb_ros_msg /workspace/action_data_offset_ws/src/crb_ros_msg /workspace/action_data_offset_ws/build_x86/crb_ros_msg /workspace/action_data_offset_ws/build_x86/crb_ros_msg /workspace/action_data_offset_ws/build_x86/crb_ros_msg/CMakeFiles/ament_cmake_python_copy_crb_ros_msg.dir/DependInfo.cmake --color=
[1.399s] gmake[2]: Entering directory '/workspace/action_data_offset_ws/build_x86/crb_ros_msg'
[1.399s] cd /workspace/action_data_offset_ws/build_x86/crb_ros_msg && /usr/bin/cmake -E cmake_depends "Unix Makefiles" /workspace/action_data_offset_ws/src/crb_ros_msg /workspace/action_data_offset_ws/src/crb_ros_msg /workspace/action_data_offset_ws/build_x86/crb_ros_msg /workspace/action_data_offset_ws/build_x86/crb_ros_msg /workspace/action_data_offset_ws/build_x86/crb_ros_msg/CMakeFiles/crb_ros_msg__cpp.dir/DependInfo.cmake --color=
[1.399s] gmake[2]: Entering directory '/workspace/action_data_offset_ws/build_x86/crb_ros_msg'
[1.400s] cd /workspace/action_data_offset_ws/build_x86/crb_ros_msg && /usr/bin/cmake -E cmake_depends "Unix Makefiles" /workspace/action_data_offset_ws/src/crb_ros_msg /workspace/action_data_offset_ws/src/crb_ros_msg /workspace/action_data_offset_ws/build_x86/crb_ros_msg /workspace/action_data_offset_ws/build_x86/crb_ros_msg /workspace/action_data_offset_ws/build_x86/crb_ros_msg/CMakeFiles/crb_ros_msg__rosidl_generator_c.dir/DependInfo.cmake --color=
[1.416s] gmake[2]: Leaving directory '/workspace/action_data_offset_ws/build_x86/crb_ros_msg'
[1.416s] /usr/bin/gmake  -f CMakeFiles/crb_ros_msg__cpp.dir/build.make CMakeFiles/crb_ros_msg__cpp.dir/build
[1.416s] Dependencies file "CMakeFiles/crb_ros_msg__rosidl_generator_c.dir/rosidl_generator_c/crb_ros_msg/msg/detail/upper_joint_data__functions.c.o.d" is newer than depends file "/workspace/action_data_offset_ws/build_x86/crb_ros_msg/CMakeFiles/crb_ros_msg__rosidl_generator_c.dir/compiler_depend.internal".
[1.416s] [35m[1mConsolidate compiler generated dependencies of target crb_ros_msg__rosidl_generator_c[0m
[1.421s] gmake[2]: Leaving directory '/workspace/action_data_offset_ws/build_x86/crb_ros_msg'
[1.422s] /usr/bin/gmake  -f CMakeFiles/crb_ros_msg__rosidl_generator_c.dir/build.make CMakeFiles/crb_ros_msg__rosidl_generator_c.dir/build
[1.422s] gmake[2]: Entering directory '/workspace/action_data_offset_ws/build_x86/crb_ros_msg'
[1.423s] gmake[2]: Nothing to be done for 'CMakeFiles/crb_ros_msg__cpp.dir/build'.
[1.423s] gmake[2]: Leaving directory '/workspace/action_data_offset_ws/build_x86/crb_ros_msg'
[1.426s] gmake[2]: Leaving directory '/workspace/action_data_offset_ws/build_x86/crb_ros_msg'
[1.426s] /usr/bin/gmake  -f CMakeFiles/ament_cmake_python_copy_crb_ros_msg.dir/build.make CMakeFiles/ament_cmake_python_copy_crb_ros_msg.dir/build
[1.430s] gmake[2]: Entering directory '/workspace/action_data_offset_ws/build_x86/crb_ros_msg'
[1.430s] gmake[2]: Nothing to be done for 'CMakeFiles/crb_ros_msg__rosidl_generator_c.dir/build'.
[1.431s] gmake[2]: Leaving directory '/workspace/action_data_offset_ws/build_x86/crb_ros_msg'
[1.431s] gmake[2]: Entering directory '/workspace/action_data_offset_ws/build_x86/crb_ros_msg'
[1.431s] /usr/bin/cmake -E copy_directory /workspace/action_data_offset_ws/build_x86/crb_ros_msg/rosidl_generator_py/crb_ros_msg /workspace/action_data_offset_ws/build_x86/crb_ros_msg/ament_cmake_python/crb_ros_msg/crb_ros_msg
[1.438s] [  3%] Built target crb_ros_msg__cpp
[1.439s] /usr/bin/gmake  -f CMakeFiles/crb_ros_msg__rosidl_typesupport_cpp.dir/build.make CMakeFiles/crb_ros_msg__rosidl_typesupport_cpp.dir/depend
[1.439s] /usr/bin/gmake  -f CMakeFiles/crb_ros_msg__rosidl_typesupport_fastrtps_cpp.dir/build.make CMakeFiles/crb_ros_msg__rosidl_typesupport_fastrtps_cpp.dir/depend
[1.439s] /usr/bin/gmake  -f CMakeFiles/crb_ros_msg__rosidl_typesupport_introspection_cpp.dir/build.make CMakeFiles/crb_ros_msg__rosidl_typesupport_introspection_cpp.dir/depend
[1.442s] gmake[2]: Entering directory '/workspace/action_data_offset_ws/build_x86/crb_ros_msg'
[1.443s] cd /workspace/action_data_offset_ws/build_x86/crb_ros_msg && /usr/bin/cmake -E cmake_depends "Unix Makefiles" /workspace/action_data_offset_ws/src/crb_ros_msg /workspace/action_data_offset_ws/src/crb_ros_msg /workspace/action_data_offset_ws/build_x86/crb_ros_msg /workspace/action_data_offset_ws/build_x86/crb_ros_msg /workspace/action_data_offset_ws/build_x86/crb_ros_msg/CMakeFiles/crb_ros_msg__rosidl_typesupport_fastrtps_cpp.dir/DependInfo.cmake --color=
[1.443s] gmake[2]: Entering directory '/workspace/action_data_offset_ws/build_x86/crb_ros_msg'
[1.443s] cd /workspace/action_data_offset_ws/build_x86/crb_ros_msg && /usr/bin/cmake -E cmake_depends "Unix Makefiles" /workspace/action_data_offset_ws/src/crb_ros_msg /workspace/action_data_offset_ws/src/crb_ros_msg /workspace/action_data_offset_ws/build_x86/crb_ros_msg /workspace/action_data_offset_ws/build_x86/crb_ros_msg /workspace/action_data_offset_ws/build_x86/crb_ros_msg/CMakeFiles/crb_ros_msg__rosidl_typesupport_introspection_cpp.dir/DependInfo.cmake --color=
[1.443s] gmake[2]: Leaving directory '/workspace/action_data_offset_ws/build_x86/crb_ros_msg'
[1.444s] gmake[2]: Entering directory '/workspace/action_data_offset_ws/build_x86/crb_ros_msg'
[1.444s] cd /workspace/action_data_offset_ws/build_x86/crb_ros_msg && /usr/bin/cmake -E cmake_depends "Unix Makefiles" /workspace/action_data_offset_ws/src/crb_ros_msg /workspace/action_data_offset_ws/src/crb_ros_msg /workspace/action_data_offset_ws/build_x86/crb_ros_msg /workspace/action_data_offset_ws/build_x86/crb_ros_msg /workspace/action_data_offset_ws/build_x86/crb_ros_msg/CMakeFiles/crb_ros_msg__rosidl_typesupport_cpp.dir/DependInfo.cmake --color=
[1.447s] [ 12%] Built target crb_ros_msg__rosidl_generator_c
[1.448s] /usr/bin/gmake  -f CMakeFiles/crb_ros_msg__rosidl_typesupport_fastrtps_c.dir/build.make CMakeFiles/crb_ros_msg__rosidl_typesupport_fastrtps_c.dir/depend
[1.448s] /usr/bin/gmake  -f CMakeFiles/crb_ros_msg__rosidl_typesupport_introspection_c.dir/build.make CMakeFiles/crb_ros_msg__rosidl_typesupport_introspection_c.dir/depend
[1.448s] /usr/bin/gmake  -f CMakeFiles/crb_ros_msg__rosidl_typesupport_c.dir/build.make CMakeFiles/crb_ros_msg__rosidl_typesupport_c.dir/depend
[1.451s] gmake[2]: Entering directory '/workspace/action_data_offset_ws/build_x86/crb_ros_msg'
[1.451s] cd /workspace/action_data_offset_ws/build_x86/crb_ros_msg && /usr/bin/cmake -E cmake_depends "Unix Makefiles" /workspace/action_data_offset_ws/src/crb_ros_msg /workspace/action_data_offset_ws/src/crb_ros_msg /workspace/action_data_offset_ws/build_x86/crb_ros_msg /workspace/action_data_offset_ws/build_x86/crb_ros_msg /workspace/action_data_offset_ws/build_x86/crb_ros_msg/CMakeFiles/crb_ros_msg__rosidl_typesupport_fastrtps_c.dir/DependInfo.cmake --color=
[1.452s] gmake[2]: Entering directory '/workspace/action_data_offset_ws/build_x86/crb_ros_msg'
[1.452s] cd /workspace/action_data_offset_ws/build_x86/crb_ros_msg && /usr/bin/cmake -E cmake_depends "Unix Makefiles" /workspace/action_data_offset_ws/src/crb_ros_msg /workspace/action_data_offset_ws/src/crb_ros_msg /workspace/action_data_offset_ws/build_x86/crb_ros_msg /workspace/action_data_offset_ws/build_x86/crb_ros_msg /workspace/action_data_offset_ws/build_x86/crb_ros_msg/CMakeFiles/crb_ros_msg__rosidl_typesupport_introspection_c.dir/DependInfo.cmake --color=
[1.453s] gmake[2]: Entering directory '/workspace/action_data_offset_ws/build_x86/crb_ros_msg'
[1.453s] cd /workspace/action_data_offset_ws/build_x86/crb_ros_msg && /usr/bin/cmake -E cmake_depends "Unix Makefiles" /workspace/action_data_offset_ws/src/crb_ros_msg /workspace/action_data_offset_ws/src/crb_ros_msg /workspace/action_data_offset_ws/build_x86/crb_ros_msg /workspace/action_data_offset_ws/build_x86/crb_ros_msg /workspace/action_data_offset_ws/build_x86/crb_ros_msg/CMakeFiles/crb_ros_msg__rosidl_typesupport_c.dir/DependInfo.cmake --color=
[1.454s] Dependencies file "CMakeFiles/crb_ros_msg__rosidl_typesupport_fastrtps_cpp.dir/rosidl_typesupport_fastrtps_cpp/crb_ros_msg/msg/detail/dds_fastrtps/upper_joint_data__type_support.cpp.o.d" is newer than depends file "/workspace/action_data_offset_ws/build_x86/crb_ros_msg/CMakeFiles/crb_ros_msg__rosidl_typesupport_fastrtps_cpp.dir/compiler_depend.internal".
[1.455s] [35m[1mConsolidate compiler generated dependencies of target crb_ros_msg__rosidl_typesupport_fastrtps_cpp[0m
[1.460s] Dependencies file "CMakeFiles/crb_ros_msg__rosidl_typesupport_introspection_cpp.dir/rosidl_typesupport_introspection_cpp/crb_ros_msg/msg/detail/upper_joint_data__type_support.cpp.o.d" is newer than depends file "/workspace/action_data_offset_ws/build_x86/crb_ros_msg/CMakeFiles/crb_ros_msg__rosidl_typesupport_introspection_cpp.dir/compiler_depend.internal".
[1.460s] [ 12%] Built target ament_cmake_python_copy_crb_ros_msg
[1.460s] [35m[1mConsolidate compiler generated dependencies of target crb_ros_msg__rosidl_typesupport_introspection_cpp[0m
[1.460s] gmake[2]: Leaving directory '/workspace/action_data_offset_ws/build_x86/crb_ros_msg'
[1.460s] /usr/bin/gmake  -f CMakeFiles/crb_ros_msg__rosidl_typesupport_fastrtps_cpp.dir/build.make CMakeFiles/crb_ros_msg__rosidl_typesupport_fastrtps_cpp.dir/build
[1.461s] Dependencies file "CMakeFiles/crb_ros_msg__rosidl_typesupport_cpp.dir/rosidl_typesupport_cpp/crb_ros_msg/msg/upper_joint_data__type_support.cpp.o.d" is newer than depends file "/workspace/action_data_offset_ws/build_x86/crb_ros_msg/CMakeFiles/crb_ros_msg__rosidl_typesupport_cpp.dir/compiler_depend.internal".
[1.461s] /usr/bin/gmake  -f CMakeFiles/ament_cmake_python_build_crb_ros_msg_egg.dir/build.make CMakeFiles/ament_cmake_python_build_crb_ros_msg_egg.dir/depend
[1.461s] [35m[1mConsolidate compiler generated dependencies of target crb_ros_msg__rosidl_typesupport_cpp[0m
[1.461s] Dependencies file "CMakeFiles/crb_ros_msg__rosidl_typesupport_fastrtps_c.dir/rosidl_typesupport_fastrtps_c/crb_ros_msg/msg/detail/upper_joint_data__type_support_c.cpp.o.d" is newer than depends file "/workspace/action_data_offset_ws/build_x86/crb_ros_msg/CMakeFiles/crb_ros_msg__rosidl_typesupport_fastrtps_c.dir/compiler_depend.internal".
[1.461s] [35m[1mConsolidate compiler generated dependencies of target crb_ros_msg__rosidl_typesupport_fastrtps_c[0m
[1.462s] Dependencies file "CMakeFiles/crb_ros_msg__rosidl_typesupport_introspection_c.dir/rosidl_typesupport_introspection_c/crb_ros_msg/msg/detail/upper_joint_data__type_support.c.o.d" is newer than depends file "/workspace/action_data_offset_ws/build_x86/crb_ros_msg/CMakeFiles/crb_ros_msg__rosidl_typesupport_introspection_c.dir/compiler_depend.internal".
[1.462s] [35m[1mConsolidate compiler generated dependencies of target crb_ros_msg__rosidl_typesupport_introspection_c[0m
[1.463s] gmake[2]: Entering directory '/workspace/action_data_offset_ws/build_x86/crb_ros_msg'
[1.463s] cd /workspace/action_data_offset_ws/build_x86/crb_ros_msg && /usr/bin/cmake -E cmake_depends "Unix Makefiles" /workspace/action_data_offset_ws/src/crb_ros_msg /workspace/action_data_offset_ws/src/crb_ros_msg /workspace/action_data_offset_ws/build_x86/crb_ros_msg /workspace/action_data_offset_ws/build_x86/crb_ros_msg /workspace/action_data_offset_ws/build_x86/crb_ros_msg/CMakeFiles/ament_cmake_python_build_crb_ros_msg_egg.dir/DependInfo.cmake --color=
[1.465s] gmake[2]: Entering directory '/workspace/action_data_offset_ws/build_x86/crb_ros_msg'
[1.465s] gmake[2]: Leaving directory '/workspace/action_data_offset_ws/build_x86/crb_ros_msg'
[1.465s] gmake[2]: Nothing to be done for 'CMakeFiles/crb_ros_msg__rosidl_typesupport_fastrtps_cpp.dir/build'.
[1.465s] gmake[2]: Leaving directory '/workspace/action_data_offset_ws/build_x86/crb_ros_msg'
[1.465s] /usr/bin/gmake  -f CMakeFiles/crb_ros_msg__rosidl_typesupport_introspection_c.dir/build.make CMakeFiles/crb_ros_msg__rosidl_typesupport_introspection_c.dir/build
[1.466s] gmake[2]: Leaving directory '/workspace/action_data_offset_ws/build_x86/crb_ros_msg'
[1.466s] /usr/bin/gmake  -f CMakeFiles/crb_ros_msg__rosidl_typesupport_fastrtps_c.dir/build.make CMakeFiles/crb_ros_msg__rosidl_typesupport_fastrtps_c.dir/build
[1.468s] gmake[2]: Leaving directory '/workspace/action_data_offset_ws/build_x86/crb_ros_msg'
[1.468s] /usr/bin/gmake  -f CMakeFiles/crb_ros_msg__rosidl_typesupport_introspection_cpp.dir/build.make CMakeFiles/crb_ros_msg__rosidl_typesupport_introspection_cpp.dir/build
[1.469s] gmake[2]: Leaving directory '/workspace/action_data_offset_ws/build_x86/crb_ros_msg'
[1.469s] /usr/bin/gmake  -f CMakeFiles/crb_ros_msg__rosidl_typesupport_cpp.dir/build.make CMakeFiles/crb_ros_msg__rosidl_typesupport_cpp.dir/build
[1.469s] gmake[2]: Entering directory '/workspace/action_data_offset_ws/build_x86/crb_ros_msg'
[1.469s] gmake[2]: Nothing to be done for 'CMakeFiles/crb_ros_msg__rosidl_typesupport_introspection_c.dir/build'.
[1.469s] gmake[2]: Leaving directory '/workspace/action_data_offset_ws/build_x86/crb_ros_msg'
[1.470s] Dependencies file "CMakeFiles/crb_ros_msg__rosidl_typesupport_c.dir/rosidl_typesupport_c/crb_ros_msg/msg/upper_joint_data__type_support.cpp.o.d" is newer than depends file "/workspace/action_data_offset_ws/build_x86/crb_ros_msg/CMakeFiles/crb_ros_msg__rosidl_typesupport_c.dir/compiler_depend.internal".
[1.470s] [35m[1mConsolidate compiler generated dependencies of target crb_ros_msg__rosidl_typesupport_c[0m
[1.472s] gmake[2]: Entering directory '/workspace/action_data_offset_ws/build_x86/crb_ros_msg'
[1.472s] gmake[2]: Nothing to be done for 'CMakeFiles/crb_ros_msg__rosidl_typesupport_fastrtps_c.dir/build'.
[1.472s] gmake[2]: Leaving directory '/workspace/action_data_offset_ws/build_x86/crb_ros_msg'
[1.472s] gmake[2]: Leaving directory '/workspace/action_data_offset_ws/build_x86/crb_ros_msg'
[1.472s] /usr/bin/gmake  -f CMakeFiles/crb_ros_msg__rosidl_typesupport_c.dir/build.make CMakeFiles/crb_ros_msg__rosidl_typesupport_c.dir/build
[1.473s] gmake[2]: Entering directory '/workspace/action_data_offset_ws/build_x86/crb_ros_msg'
[1.473s] gmake[2]: Nothing to be done for 'CMakeFiles/crb_ros_msg__rosidl_typesupport_introspection_cpp.dir/build'.
[1.473s] gmake[2]: Leaving directory '/workspace/action_data_offset_ws/build_x86/crb_ros_msg'
[1.477s] gmake[2]: Entering directory '/workspace/action_data_offset_ws/build_x86/crb_ros_msg'
[1.477s] gmake[2]: Nothing to be done for 'CMakeFiles/crb_ros_msg__rosidl_typesupport_cpp.dir/build'.
[1.478s] gmake[2]: Leaving directory '/workspace/action_data_offset_ws/build_x86/crb_ros_msg'
[1.478s] gmake[2]: Entering directory '/workspace/action_data_offset_ws/build_x86/crb_ros_msg'
[1.478s] gmake[2]: Nothing to be done for 'CMakeFiles/crb_ros_msg__rosidl_typesupport_c.dir/build'.
[1.478s] gmake[2]: Leaving directory '/workspace/action_data_offset_ws/build_x86/crb_ros_msg'
[1.480s] [ 22%] Built target crb_ros_msg__rosidl_typesupport_fastrtps_cpp
[1.480s] [ 32%] Built target crb_ros_msg__rosidl_typesupport_introspection_c
[1.480s] gmake[2]: Leaving directory '/workspace/action_data_offset_ws/build_x86/crb_ros_msg'
[1.481s] /usr/bin/gmake  -f CMakeFiles/ament_cmake_python_build_crb_ros_msg_egg.dir/build.make CMakeFiles/ament_cmake_python_build_crb_ros_msg_egg.dir/build
[1.481s] [ 41%] Built target crb_ros_msg__rosidl_typesupport_fastrtps_c
[1.482s] gmake[2]: Entering directory '/workspace/action_data_offset_ws/build_x86/crb_ros_msg'
[1.482s] cd /workspace/action_data_offset_ws/build_x86/crb_ros_msg/ament_cmake_python/crb_ros_msg && /usr/bin/python3 setup.py egg_info
[1.486s] [ 51%] Built target crb_ros_msg__rosidl_typesupport_introspection_cpp
[1.488s] [ 61%] Built target crb_ros_msg__rosidl_typesupport_c
[1.492s] [ 70%] Built target crb_ros_msg__rosidl_typesupport_cpp
[1.492s] /usr/bin/gmake  -f CMakeFiles/crb_ros_msg.dir/build.make CMakeFiles/crb_ros_msg.dir/depend
[1.495s] gmake[2]: Entering directory '/workspace/action_data_offset_ws/build_x86/crb_ros_msg'
[1.495s] cd /workspace/action_data_offset_ws/build_x86/crb_ros_msg && /usr/bin/cmake -E cmake_depends "Unix Makefiles" /workspace/action_data_offset_ws/src/crb_ros_msg /workspace/action_data_offset_ws/src/crb_ros_msg /workspace/action_data_offset_ws/build_x86/crb_ros_msg /workspace/action_data_offset_ws/build_x86/crb_ros_msg /workspace/action_data_offset_ws/build_x86/crb_ros_msg/CMakeFiles/crb_ros_msg.dir/DependInfo.cmake --color=
[1.504s] gmake[2]: Leaving directory '/workspace/action_data_offset_ws/build_x86/crb_ros_msg'
[1.505s] /usr/bin/gmake  -f CMakeFiles/crb_ros_msg.dir/build.make CMakeFiles/crb_ros_msg.dir/build
[1.507s] gmake[2]: Entering directory '/workspace/action_data_offset_ws/build_x86/crb_ros_msg'
[1.507s] gmake[2]: Nothing to be done for 'CMakeFiles/crb_ros_msg.dir/build'.
[1.508s] gmake[2]: Leaving directory '/workspace/action_data_offset_ws/build_x86/crb_ros_msg'
[1.522s] [ 70%] Built target crb_ros_msg
[1.523s] /usr/bin/gmake  -f crb_ros_msg__py/CMakeFiles/crb_ros_msg__py.dir/build.make crb_ros_msg__py/CMakeFiles/crb_ros_msg__py.dir/depend
[1.525s] gmake[2]: Entering directory '/workspace/action_data_offset_ws/build_x86/crb_ros_msg'
[1.526s] cd /workspace/action_data_offset_ws/build_x86/crb_ros_msg && /usr/bin/cmake -E cmake_depends "Unix Makefiles" /workspace/action_data_offset_ws/src/crb_ros_msg /workspace/action_data_offset_ws/build_x86/crb_ros_msg/crb_ros_msg__py /workspace/action_data_offset_ws/build_x86/crb_ros_msg /workspace/action_data_offset_ws/build_x86/crb_ros_msg/crb_ros_msg__py /workspace/action_data_offset_ws/build_x86/crb_ros_msg/crb_ros_msg__py/CMakeFiles/crb_ros_msg__py.dir/DependInfo.cmake --color=
[1.539s] gmake[2]: Leaving directory '/workspace/action_data_offset_ws/build_x86/crb_ros_msg'
[1.540s] /usr/bin/gmake  -f crb_ros_msg__py/CMakeFiles/crb_ros_msg__py.dir/build.make crb_ros_msg__py/CMakeFiles/crb_ros_msg__py.dir/build
[1.543s] gmake[2]: Entering directory '/workspace/action_data_offset_ws/build_x86/crb_ros_msg'
[1.543s] gmake[2]: Nothing to be done for 'crb_ros_msg__py/CMakeFiles/crb_ros_msg__py.dir/build'.
[1.543s] gmake[2]: Leaving directory '/workspace/action_data_offset_ws/build_x86/crb_ros_msg'
[1.556s] [ 74%] Built target crb_ros_msg__py
[1.556s] /usr/bin/gmake  -f CMakeFiles/crb_ros_msg__rosidl_generator_py.dir/build.make CMakeFiles/crb_ros_msg__rosidl_generator_py.dir/depend
[1.559s] gmake[2]: Entering directory '/workspace/action_data_offset_ws/build_x86/crb_ros_msg'
[1.559s] cd /workspace/action_data_offset_ws/build_x86/crb_ros_msg && /usr/bin/cmake -E cmake_depends "Unix Makefiles" /workspace/action_data_offset_ws/src/crb_ros_msg /workspace/action_data_offset_ws/src/crb_ros_msg /workspace/action_data_offset_ws/build_x86/crb_ros_msg /workspace/action_data_offset_ws/build_x86/crb_ros_msg /workspace/action_data_offset_ws/build_x86/crb_ros_msg/CMakeFiles/crb_ros_msg__rosidl_generator_py.dir/DependInfo.cmake --color=
[1.570s] Dependencies file "CMakeFiles/crb_ros_msg__rosidl_generator_py.dir/rosidl_generator_py/crb_ros_msg/msg/_upper_joint_data_s.c.o.d" is newer than depends file "/workspace/action_data_offset_ws/build_x86/crb_ros_msg/CMakeFiles/crb_ros_msg__rosidl_generator_py.dir/compiler_depend.internal".
[1.571s] [35m[1mConsolidate compiler generated dependencies of target crb_ros_msg__rosidl_generator_py[0m
[1.576s] gmake[2]: Leaving directory '/workspace/action_data_offset_ws/build_x86/crb_ros_msg'
[1.576s] /usr/bin/gmake  -f CMakeFiles/crb_ros_msg__rosidl_generator_py.dir/build.make CMakeFiles/crb_ros_msg__rosidl_generator_py.dir/build
[1.582s] gmake[2]: Entering directory '/workspace/action_data_offset_ws/build_x86/crb_ros_msg'
[1.582s] gmake[2]: Nothing to be done for 'CMakeFiles/crb_ros_msg__rosidl_generator_py.dir/build'.
[1.582s] gmake[2]: Leaving directory '/workspace/action_data_offset_ws/build_x86/crb_ros_msg'
[1.598s] [ 80%] Built target crb_ros_msg__rosidl_generator_py
[1.599s] /usr/bin/gmake  -f CMakeFiles/crb_ros_msg__rosidl_typesupport_fastrtps_c__pyext.dir/build.make CMakeFiles/crb_ros_msg__rosidl_typesupport_fastrtps_c__pyext.dir/depend
[1.600s] /usr/bin/gmake  -f CMakeFiles/crb_ros_msg__rosidl_typesupport_introspection_c__pyext.dir/build.make CMakeFiles/crb_ros_msg__rosidl_typesupport_introspection_c__pyext.dir/depend
[1.603s] gmake[2]: Entering directory '/workspace/action_data_offset_ws/build_x86/crb_ros_msg'
[1.603s] cd /workspace/action_data_offset_ws/build_x86/crb_ros_msg && /usr/bin/cmake -E cmake_depends "Unix Makefiles" /workspace/action_data_offset_ws/src/crb_ros_msg /workspace/action_data_offset_ws/src/crb_ros_msg /workspace/action_data_offset_ws/build_x86/crb_ros_msg /workspace/action_data_offset_ws/build_x86/crb_ros_msg /workspace/action_data_offset_ws/build_x86/crb_ros_msg/CMakeFiles/crb_ros_msg__rosidl_typesupport_fastrtps_c__pyext.dir/DependInfo.cmake --color=
[1.604s] gmake[2]: Entering directory '/workspace/action_data_offset_ws/build_x86/crb_ros_msg'
[1.604s] cd /workspace/action_data_offset_ws/build_x86/crb_ros_msg && /usr/bin/cmake -E cmake_depends "Unix Makefiles" /workspace/action_data_offset_ws/src/crb_ros_msg /workspace/action_data_offset_ws/src/crb_ros_msg /workspace/action_data_offset_ws/build_x86/crb_ros_msg /workspace/action_data_offset_ws/build_x86/crb_ros_msg /workspace/action_data_offset_ws/build_x86/crb_ros_msg/CMakeFiles/crb_ros_msg__rosidl_typesupport_introspection_c__pyext.dir/DependInfo.cmake --color=
[1.604s] /usr/bin/gmake  -f CMakeFiles/crb_ros_msg__rosidl_typesupport_c__pyext.dir/build.make CMakeFiles/crb_ros_msg__rosidl_typesupport_c__pyext.dir/depend
[1.607s] gmake[2]: Entering directory '/workspace/action_data_offset_ws/build_x86/crb_ros_msg'
[1.608s] cd /workspace/action_data_offset_ws/build_x86/crb_ros_msg && /usr/bin/cmake -E cmake_depends "Unix Makefiles" /workspace/action_data_offset_ws/src/crb_ros_msg /workspace/action_data_offset_ws/src/crb_ros_msg /workspace/action_data_offset_ws/build_x86/crb_ros_msg /workspace/action_data_offset_ws/build_x86/crb_ros_msg /workspace/action_data_offset_ws/build_x86/crb_ros_msg/CMakeFiles/crb_ros_msg__rosidl_typesupport_c__pyext.dir/DependInfo.cmake --color=
[1.616s] Dependencies file "CMakeFiles/crb_ros_msg__rosidl_typesupport_fastrtps_c__pyext.dir/rosidl_generator_py/crb_ros_msg/_crb_ros_msg_s.ep.rosidl_typesupport_fastrtps_c.c.o.d" is newer than depends file "/workspace/action_data_offset_ws/build_x86/crb_ros_msg/CMakeFiles/crb_ros_msg__rosidl_typesupport_fastrtps_c__pyext.dir/compiler_depend.internal".
[1.616s] [35m[1mConsolidate compiler generated dependencies of target crb_ros_msg__rosidl_typesupport_fastrtps_c__pyext[0m
[1.620s] Dependencies file "CMakeFiles/crb_ros_msg__rosidl_typesupport_introspection_c__pyext.dir/rosidl_generator_py/crb_ros_msg/_crb_ros_msg_s.ep.rosidl_typesupport_introspection_c.c.o.d" is newer than depends file "/workspace/action_data_offset_ws/build_x86/crb_ros_msg/CMakeFiles/crb_ros_msg__rosidl_typesupport_introspection_c__pyext.dir/compiler_depend.internal".
[1.624s] [35m[1mConsolidate compiler generated dependencies of target crb_ros_msg__rosidl_typesupport_introspection_c__pyext[0m
[1.624s] gmake[2]: Leaving directory '/workspace/action_data_offset_ws/build_x86/crb_ros_msg'
[1.624s] /usr/bin/gmake  -f CMakeFiles/crb_ros_msg__rosidl_typesupport_fastrtps_c__pyext.dir/build.make CMakeFiles/crb_ros_msg__rosidl_typesupport_fastrtps_c__pyext.dir/build
[1.624s] Dependencies file "CMakeFiles/crb_ros_msg__rosidl_typesupport_c__pyext.dir/rosidl_generator_py/crb_ros_msg/_crb_ros_msg_s.ep.rosidl_typesupport_c.c.o.d" is newer than depends file "/workspace/action_data_offset_ws/build_x86/crb_ros_msg/CMakeFiles/crb_ros_msg__rosidl_typesupport_c__pyext.dir/compiler_depend.internal".
[1.625s] [35m[1mConsolidate compiler generated dependencies of target crb_ros_msg__rosidl_typesupport_c__pyext[0m
[1.627s] gmake[2]: Entering directory '/workspace/action_data_offset_ws/build_x86/crb_ros_msg'
[1.628s] gmake[2]: Nothing to be done for 'CMakeFiles/crb_ros_msg__rosidl_typesupport_fastrtps_c__pyext.dir/build'.
[1.628s] gmake[2]: Leaving directory '/workspace/action_data_offset_ws/build_x86/crb_ros_msg'
[1.629s] gmake[2]: Leaving directory '/workspace/action_data_offset_ws/build_x86/crb_ros_msg'
[1.629s] /usr/bin/gmake  -f CMakeFiles/crb_ros_msg__rosidl_typesupport_introspection_c__pyext.dir/build.make CMakeFiles/crb_ros_msg__rosidl_typesupport_introspection_c__pyext.dir/build
[1.631s] gmake[2]: Leaving directory '/workspace/action_data_offset_ws/build_x86/crb_ros_msg'
[1.631s] /usr/bin/gmake  -f CMakeFiles/crb_ros_msg__rosidl_typesupport_c__pyext.dir/build.make CMakeFiles/crb_ros_msg__rosidl_typesupport_c__pyext.dir/build
[1.634s] gmake[2]: Entering directory '/workspace/action_data_offset_ws/build_x86/crb_ros_msg'
[1.634s] gmake[2]: Nothing to be done for 'CMakeFiles/crb_ros_msg__rosidl_typesupport_introspection_c__pyext.dir/build'.
[1.634s] gmake[2]: Leaving directory '/workspace/action_data_offset_ws/build_x86/crb_ros_msg'
[1.638s] gmake[2]: Entering directory '/workspace/action_data_offset_ws/build_x86/crb_ros_msg'
[1.638s] gmake[2]: Nothing to be done for 'CMakeFiles/crb_ros_msg__rosidl_typesupport_c__pyext.dir/build'.
[1.638s] gmake[2]: Leaving directory '/workspace/action_data_offset_ws/build_x86/crb_ros_msg'
[1.640s] [ 87%] Built target crb_ros_msg__rosidl_typesupport_fastrtps_c__pyext
[1.644s] [ 93%] Built target crb_ros_msg__rosidl_typesupport_introspection_c__pyext
[1.650s] [100%] Built target crb_ros_msg__rosidl_typesupport_c__pyext
[1.711s] running egg_info
[1.711s] writing crb_ros_msg.egg-info/PKG-INFO
[1.711s] writing dependency_links to crb_ros_msg.egg-info/dependency_links.txt
[1.711s] writing top-level names to crb_ros_msg.egg-info/top_level.txt
[1.713s] reading manifest file 'crb_ros_msg.egg-info/SOURCES.txt'
[1.714s] writing manifest file 'crb_ros_msg.egg-info/SOURCES.txt'
[1.727s] gmake[2]: Leaving directory '/workspace/action_data_offset_ws/build_x86/crb_ros_msg'
[1.741s] [100%] Built target ament_cmake_python_build_crb_ros_msg_egg
[1.742s] gmake[1]: Leaving directory '/workspace/action_data_offset_ws/build_x86/crb_ros_msg'
[1.742s] /usr/bin/cmake -E cmake_progress_start /workspace/action_data_offset_ws/build_x86/crb_ros_msg/CMakeFiles 0
[1.756s] Invoked command in '/workspace/action_data_offset_ws/build/crb_ros_msg' returned '0': CMAKE_PREFIX_PATH=${CMAKE_PREFIX_PATH}:/opt/ros/humble /usr/bin/cmake --build /workspace/action_data_offset_ws/build/crb_ros_msg -- -j16 -l16
[1.765s] Invoking command in '/workspace/action_data_offset_ws/build/crb_ros_msg': CMAKE_PREFIX_PATH=${CMAKE_PREFIX_PATH}:/opt/ros/humble /usr/bin/cmake --install /workspace/action_data_offset_ws/build/crb_ros_msg
[1.778s] -- Install configuration: ""
[1.778s] -- Up-to-date: /workspace/action_data_offset_ws/install/share/ament_index/resource_index/rosidl_interfaces/crb_ros_msg
[1.778s] -- Up-to-date: /workspace/action_data_offset_ws/install/include/crb_ros_msg/crb_ros_msg
[1.778s] -- Up-to-date: /workspace/action_data_offset_ws/install/include/crb_ros_msg/crb_ros_msg/msg
[1.778s] -- Up-to-date: /workspace/action_data_offset_ws/install/include/crb_ros_msg/crb_ros_msg/msg/detail
[1.778s] -- Up-to-date: /workspace/action_data_offset_ws/install/include/crb_ros_msg/crb_ros_msg/msg/detail/upper_joint_data__functions.h
[1.779s] -- Up-to-date: /workspace/action_data_offset_ws/install/include/crb_ros_msg/crb_ros_msg/msg/detail/upper_joint_data__type_support.h
[1.779s] -- Up-to-date: /workspace/action_data_offset_ws/install/include/crb_ros_msg/crb_ros_msg/msg/detail/upper_joint_data__functions.c
[1.779s] -- Up-to-date: /workspace/action_data_offset_ws/install/include/crb_ros_msg/crb_ros_msg/msg/detail/upper_joint_data__struct.h
[1.779s] -- Up-to-date: /workspace/action_data_offset_ws/install/include/crb_ros_msg/crb_ros_msg/msg/rosidl_generator_c__visibility_control.h
[1.780s] -- Up-to-date: /workspace/action_data_offset_ws/install/include/crb_ros_msg/crb_ros_msg/msg/upper_joint_data.h
[1.780s] -- Up-to-date: /workspace/action_data_offset_ws/install/share/crb_ros_msg/environment/library_path.sh
[1.780s] -- Installing: /workspace/action_data_offset_ws/install/share/crb_ros_msg/environment/library_path.dsv
[1.781s] -- Up-to-date: /workspace/action_data_offset_ws/install/lib/libcrb_ros_msg__rosidl_generator_c.so
[1.782s] -- Up-to-date: /workspace/action_data_offset_ws/install/include/crb_ros_msg/crb_ros_msg
[1.782s] -- Up-to-date: /workspace/action_data_offset_ws/install/include/crb_ros_msg/crb_ros_msg/msg
[1.782s] -- Up-to-date: /workspace/action_data_offset_ws/install/include/crb_ros_msg/crb_ros_msg/msg/rosidl_typesupport_fastrtps_c__visibility_control.h
[1.782s] -- Up-to-date: /workspace/action_data_offset_ws/install/include/crb_ros_msg/crb_ros_msg/msg/detail
[1.783s] -- Up-to-date: /workspace/action_data_offset_ws/install/include/crb_ros_msg/crb_ros_msg/msg/detail/upper_joint_data__rosidl_typesupport_fastrtps_c.h
[1.783s] -- Up-to-date: /workspace/action_data_offset_ws/install/lib/libcrb_ros_msg__rosidl_typesupport_fastrtps_c.so
[1.784s] -- Up-to-date: /workspace/action_data_offset_ws/install/include/crb_ros_msg/crb_ros_msg
[1.785s] -- Up-to-date: /workspace/action_data_offset_ws/install/include/crb_ros_msg/crb_ros_msg/msg
[1.785s] -- Up-to-date: /workspace/action_data_offset_ws/install/include/crb_ros_msg/crb_ros_msg/msg/detail
[1.785s] -- Up-to-date: /workspace/action_data_offset_ws/install/include/crb_ros_msg/crb_ros_msg/msg/detail/upper_joint_data__rosidl_typesupport_introspection_c.h
[1.786s] -- Up-to-date: /workspace/action_data_offset_ws/install/include/crb_ros_msg/crb_ros_msg/msg/detail/upper_joint_data__type_support.c
[1.786s] -- Up-to-date: /workspace/action_data_offset_ws/install/include/crb_ros_msg/crb_ros_msg/msg/rosidl_typesupport_introspection_c__visibility_control.h
[1.786s] -- Up-to-date: /workspace/action_data_offset_ws/install/lib/libcrb_ros_msg__rosidl_typesupport_introspection_c.so
[1.787s] -- Up-to-date: /workspace/action_data_offset_ws/install/lib/libcrb_ros_msg__rosidl_typesupport_c.so
[1.788s] -- Up-to-date: /workspace/action_data_offset_ws/install/include/crb_ros_msg/crb_ros_msg
[1.788s] -- Up-to-date: /workspace/action_data_offset_ws/install/include/crb_ros_msg/crb_ros_msg/msg
[1.788s] -- Up-to-date: /workspace/action_data_offset_ws/install/include/crb_ros_msg/crb_ros_msg/msg/detail
[1.789s] -- Up-to-date: /workspace/action_data_offset_ws/install/include/crb_ros_msg/crb_ros_msg/msg/detail/upper_joint_data__traits.hpp
[1.789s] -- Up-to-date: /workspace/action_data_offset_ws/install/include/crb_ros_msg/crb_ros_msg/msg/detail/upper_joint_data__type_support.hpp
[1.789s] -- Up-to-date: /workspace/action_data_offset_ws/install/include/crb_ros_msg/crb_ros_msg/msg/detail/upper_joint_data__struct.hpp
[1.789s] -- Up-to-date: /workspace/action_data_offset_ws/install/include/crb_ros_msg/crb_ros_msg/msg/detail/upper_joint_data__builder.hpp
[1.789s] -- Up-to-date: /workspace/action_data_offset_ws/install/include/crb_ros_msg/crb_ros_msg/msg/rosidl_generator_cpp__visibility_control.hpp
[1.789s] -- Up-to-date: /workspace/action_data_offset_ws/install/include/crb_ros_msg/crb_ros_msg/msg/upper_joint_data.hpp
[1.790s] -- Up-to-date: /workspace/action_data_offset_ws/install/include/crb_ros_msg/crb_ros_msg
[1.790s] -- Up-to-date: /workspace/action_data_offset_ws/install/include/crb_ros_msg/crb_ros_msg/msg
[1.790s] -- Up-to-date: /workspace/action_data_offset_ws/install/include/crb_ros_msg/crb_ros_msg/msg/detail
[1.790s] -- Up-to-date: /workspace/action_data_offset_ws/install/include/crb_ros_msg/crb_ros_msg/msg/detail/upper_joint_data__rosidl_typesupport_fastrtps_cpp.hpp
[1.790s] -- Up-to-date: /workspace/action_data_offset_ws/install/include/crb_ros_msg/crb_ros_msg/msg/detail/dds_fastrtps
[1.790s] -- Up-to-date: /workspace/action_data_offset_ws/install/include/crb_ros_msg/crb_ros_msg/msg/rosidl_typesupport_fastrtps_cpp__visibility_control.h
[1.790s] -- Up-to-date: /workspace/action_data_offset_ws/install/lib/libcrb_ros_msg__rosidl_typesupport_fastrtps_cpp.so
[1.791s] -- Up-to-date: /workspace/action_data_offset_ws/install/include/crb_ros_msg/crb_ros_msg
[1.791s] -- Up-to-date: /workspace/action_data_offset_ws/install/include/crb_ros_msg/crb_ros_msg/msg
[1.791s] -- Up-to-date: /workspace/action_data_offset_ws/install/include/crb_ros_msg/crb_ros_msg/msg/detail
[1.791s] -- Up-to-date: /workspace/action_data_offset_ws/install/include/crb_ros_msg/crb_ros_msg/msg/detail/upper_joint_data__rosidl_typesupport_introspection_cpp.hpp
[1.791s] -- Up-to-date: /workspace/action_data_offset_ws/install/include/crb_ros_msg/crb_ros_msg/msg/detail/upper_joint_data__type_support.cpp
[1.792s] -- Up-to-date: /workspace/action_data_offset_ws/install/lib/libcrb_ros_msg__rosidl_typesupport_introspection_cpp.so
[1.793s] -- Up-to-date: /workspace/action_data_offset_ws/install/lib/libcrb_ros_msg__rosidl_typesupport_cpp.so
[1.793s] -- Up-to-date: /workspace/action_data_offset_ws/install/share/crb_ros_msg/environment/pythonpath.sh
[1.794s] -- Installing: /workspace/action_data_offset_ws/install/share/crb_ros_msg/environment/pythonpath.dsv
[1.794s] -- Up-to-date: /workspace/action_data_offset_ws/install/local/lib/python3.10/dist-packages/crb_ros_msg-0.1.0-py3.10.egg-info
[1.794s] -- Installing: /workspace/action_data_offset_ws/install/local/lib/python3.10/dist-packages/crb_ros_msg-0.1.0-py3.10.egg-info/PKG-INFO
[1.794s] -- Installing: /workspace/action_data_offset_ws/install/local/lib/python3.10/dist-packages/crb_ros_msg-0.1.0-py3.10.egg-info/dependency_links.txt
[1.795s] -- Installing: /workspace/action_data_offset_ws/install/local/lib/python3.10/dist-packages/crb_ros_msg-0.1.0-py3.10.egg-info/SOURCES.txt
[1.795s] -- Installing: /workspace/action_data_offset_ws/install/local/lib/python3.10/dist-packages/crb_ros_msg-0.1.0-py3.10.egg-info/top_level.txt
[1.795s] -- Up-to-date: /workspace/action_data_offset_ws/install/local/lib/python3.10/dist-packages/crb_ros_msg
[1.795s] -- Up-to-date: /workspace/action_data_offset_ws/install/local/lib/python3.10/dist-packages/crb_ros_msg/libcrb_ros_msg__rosidl_generator_py.so
[1.796s] -- Up-to-date: /workspace/action_data_offset_ws/install/local/lib/python3.10/dist-packages/crb_ros_msg/crb_ros_msg_s__rosidl_typesupport_introspection_c.cpython-310-x86_64-linux-gnu.so
[1.796s] -- Up-to-date: /workspace/action_data_offset_ws/install/local/lib/python3.10/dist-packages/crb_ros_msg/_crb_ros_msg_s.ep.rosidl_typesupport_fastrtps_c.c
[1.796s] -- Up-to-date: /workspace/action_data_offset_ws/install/local/lib/python3.10/dist-packages/crb_ros_msg/_crb_ros_msg_s.ep.rosidl_typesupport_c.c
[1.796s] -- Installing: /workspace/action_data_offset_ws/install/local/lib/python3.10/dist-packages/crb_ros_msg/__init__.py
[1.796s] -- Up-to-date: /workspace/action_data_offset_ws/install/local/lib/python3.10/dist-packages/crb_ros_msg/msg
[1.796s] -- Up-to-date: /workspace/action_data_offset_ws/install/local/lib/python3.10/dist-packages/crb_ros_msg/msg/_upper_joint_data.py
[1.796s] -- Up-to-date: /workspace/action_data_offset_ws/install/local/lib/python3.10/dist-packages/crb_ros_msg/msg/_upper_joint_data_s.c
[1.796s] -- Up-to-date: /workspace/action_data_offset_ws/install/local/lib/python3.10/dist-packages/crb_ros_msg/msg/__init__.py
[1.797s] -- Up-to-date: /workspace/action_data_offset_ws/install/local/lib/python3.10/dist-packages/crb_ros_msg/crb_ros_msg_s__rosidl_typesupport_fastrtps_c.cpython-310-x86_64-linux-gnu.so
[1.797s] -- Up-to-date: /workspace/action_data_offset_ws/install/local/lib/python3.10/dist-packages/crb_ros_msg/crb_ros_msg_s__rosidl_typesupport_c.cpython-310-x86_64-linux-gnu.so
[1.797s] -- Up-to-date: /workspace/action_data_offset_ws/install/local/lib/python3.10/dist-packages/crb_ros_msg/_crb_ros_msg_s.ep.rosidl_typesupport_introspection_c.c
[1.823s] Listing '/workspace/action_data_offset_ws/install/local/lib/python3.10/dist-packages/crb_ros_msg'...
[1.823s] Compiling '/workspace/action_data_offset_ws/install/local/lib/python3.10/dist-packages/crb_ros_msg/__init__.py'...
[1.823s] Listing '/workspace/action_data_offset_ws/install/local/lib/python3.10/dist-packages/crb_ros_msg/msg'...
[1.827s] -- Up-to-date: /workspace/action_data_offset_ws/install/local/lib/python3.10/dist-packages/crb_ros_msg/crb_ros_msg_s__rosidl_typesupport_fastrtps_c.cpython-310-x86_64-linux-gnu.so
[1.828s] -- Up-to-date: /workspace/action_data_offset_ws/install/local/lib/python3.10/dist-packages/crb_ros_msg/crb_ros_msg_s__rosidl_typesupport_introspection_c.cpython-310-x86_64-linux-gnu.so
[1.829s] -- Up-to-date: /workspace/action_data_offset_ws/install/local/lib/python3.10/dist-packages/crb_ros_msg/crb_ros_msg_s__rosidl_typesupport_c.cpython-310-x86_64-linux-gnu.so
[1.831s] -- Up-to-date: /workspace/action_data_offset_ws/install/lib/libcrb_ros_msg__rosidl_generator_py.so
[1.831s] -- Up-to-date: /workspace/action_data_offset_ws/install/share/crb_ros_msg/msg/UpperJointData.idl
[1.831s] -- Up-to-date: /workspace/action_data_offset_ws/install/share/crb_ros_msg/msg/UpperJointData.msg
[1.831s] -- Up-to-date: /workspace/action_data_offset_ws/install/share/ament_index/resource_index/package_run_dependencies/crb_ros_msg
[1.832s] -- Up-to-date: /workspace/action_data_offset_ws/install/share/ament_index/resource_index/parent_prefix_path/crb_ros_msg
[1.832s] -- Up-to-date: /workspace/action_data_offset_ws/install/share/crb_ros_msg/environment/ament_prefix_path.sh
[1.832s] -- Installing: /workspace/action_data_offset_ws/install/share/crb_ros_msg/environment/ament_prefix_path.dsv
[1.832s] -- Up-to-date: /workspace/action_data_offset_ws/install/share/crb_ros_msg/environment/path.sh
[1.832s] -- Installing: /workspace/action_data_offset_ws/install/share/crb_ros_msg/environment/path.dsv
[1.833s] -- Up-to-date: /workspace/action_data_offset_ws/install/share/crb_ros_msg/local_setup.bash
[1.833s] -- Up-to-date: /workspace/action_data_offset_ws/install/share/crb_ros_msg/local_setup.sh
[1.833s] -- Up-to-date: /workspace/action_data_offset_ws/install/share/crb_ros_msg/local_setup.zsh
[1.833s] -- Installing: /workspace/action_data_offset_ws/install/share/crb_ros_msg/local_setup.dsv
[1.833s] -- Installing: /workspace/action_data_offset_ws/install/share/crb_ros_msg/package.dsv
[1.834s] -- Up-to-date: /workspace/action_data_offset_ws/install/share/ament_index/resource_index/packages/crb_ros_msg
[1.834s] -- Up-to-date: /workspace/action_data_offset_ws/install/share/crb_ros_msg/cmake/export_crb_ros_msg__rosidl_generator_cExport.cmake
[1.834s] -- Up-to-date: /workspace/action_data_offset_ws/install/share/crb_ros_msg/cmake/export_crb_ros_msg__rosidl_generator_cExport-noconfig.cmake
[1.834s] -- Up-to-date: /workspace/action_data_offset_ws/install/share/crb_ros_msg/cmake/export_crb_ros_msg__rosidl_typesupport_fastrtps_cExport.cmake
[1.835s] -- Up-to-date: /workspace/action_data_offset_ws/install/share/crb_ros_msg/cmake/export_crb_ros_msg__rosidl_typesupport_fastrtps_cExport-noconfig.cmake
[1.835s] -- Up-to-date: /workspace/action_data_offset_ws/install/share/crb_ros_msg/cmake/crb_ros_msg__rosidl_typesupport_introspection_cExport.cmake
[1.835s] -- Up-to-date: /workspace/action_data_offset_ws/install/share/crb_ros_msg/cmake/crb_ros_msg__rosidl_typesupport_introspection_cExport-noconfig.cmake
[1.835s] -- Up-to-date: /workspace/action_data_offset_ws/install/share/crb_ros_msg/cmake/crb_ros_msg__rosidl_typesupport_cExport.cmake
[1.835s] -- Up-to-date: /workspace/action_data_offset_ws/install/share/crb_ros_msg/cmake/crb_ros_msg__rosidl_typesupport_cExport-noconfig.cmake
[1.836s] -- Up-to-date: /workspace/action_data_offset_ws/install/share/crb_ros_msg/cmake/export_crb_ros_msg__rosidl_generator_cppExport.cmake
[1.836s] -- Up-to-date: /workspace/action_data_offset_ws/install/share/crb_ros_msg/cmake/export_crb_ros_msg__rosidl_typesupport_fastrtps_cppExport.cmake
[1.836s] -- Up-to-date: /workspace/action_data_offset_ws/install/share/crb_ros_msg/cmake/export_crb_ros_msg__rosidl_typesupport_fastrtps_cppExport-noconfig.cmake
[1.836s] -- Up-to-date: /workspace/action_data_offset_ws/install/share/crb_ros_msg/cmake/crb_ros_msg__rosidl_typesupport_introspection_cppExport.cmake
[1.836s] -- Up-to-date: /workspace/action_data_offset_ws/install/share/crb_ros_msg/cmake/crb_ros_msg__rosidl_typesupport_introspection_cppExport-noconfig.cmake
[1.837s] -- Up-to-date: /workspace/action_data_offset_ws/install/share/crb_ros_msg/cmake/crb_ros_msg__rosidl_typesupport_cppExport.cmake
[1.837s] -- Up-to-date: /workspace/action_data_offset_ws/install/share/crb_ros_msg/cmake/crb_ros_msg__rosidl_typesupport_cppExport-noconfig.cmake
[1.837s] -- Up-to-date: /workspace/action_data_offset_ws/install/share/crb_ros_msg/cmake/export_crb_ros_msg__rosidl_generator_pyExport.cmake
[1.837s] -- Up-to-date: /workspace/action_data_offset_ws/install/share/crb_ros_msg/cmake/export_crb_ros_msg__rosidl_generator_pyExport-noconfig.cmake
[1.837s] -- Up-to-date: /workspace/action_data_offset_ws/install/share/crb_ros_msg/cmake/rosidl_cmake-extras.cmake
[1.838s] -- Up-to-date: /workspace/action_data_offset_ws/install/share/crb_ros_msg/cmake/ament_cmake_export_dependencies-extras.cmake
[1.838s] -- Up-to-date: /workspace/action_data_offset_ws/install/share/crb_ros_msg/cmake/ament_cmake_export_include_directories-extras.cmake
[1.838s] -- Up-to-date: /workspace/action_data_offset_ws/install/share/crb_ros_msg/cmake/ament_cmake_export_libraries-extras.cmake
[1.838s] -- Up-to-date: /workspace/action_data_offset_ws/install/share/crb_ros_msg/cmake/ament_cmake_export_targets-extras.cmake
[1.838s] -- Up-to-date: /workspace/action_data_offset_ws/install/share/crb_ros_msg/cmake/rosidl_cmake_export_typesupport_targets-extras.cmake
[1.839s] -- Up-to-date: /workspace/action_data_offset_ws/install/share/crb_ros_msg/cmake/rosidl_cmake_export_typesupport_libraries-extras.cmake
[1.839s] -- Up-to-date: /workspace/action_data_offset_ws/install/share/crb_ros_msg/cmake/crb_ros_msgConfig.cmake
[1.839s] -- Up-to-date: /workspace/action_data_offset_ws/install/share/crb_ros_msg/cmake/crb_ros_msgConfig-version.cmake
[1.839s] -- Up-to-date: /workspace/action_data_offset_ws/install/share/crb_ros_msg/package.xml
[1.841s] Invoked command in '/workspace/action_data_offset_ws/build/crb_ros_msg' returned '0': CMAKE_PREFIX_PATH=${CMAKE_PREFIX_PATH}:/opt/ros/humble /usr/bin/cmake --install /workspace/action_data_offset_ws/build/crb_ros_msg
