[0.588s] Invoking command in '/home/casbot/action_data_offset_ws_old/action_data_offset_ws/src/casbot_arm_calibration_web': AMENT_PREFIX_PATH=/home/casbot/action_data_offset_ws_old/action_data_offset_ws/install:${AMENT_PREFIX_PATH} CMAKE_PREFIX_PATH=/home/casbot/action_data_offset_ws_old/action_data_offset_ws/install LD_LIBRARY_PATH=/home/casbot/action_data_offset_ws_old/action_data_offset_ws/install/lib:${LD_LIBRARY_PATH} PYTHONPATH=/home/casbot/action_data_offset_ws_old/action_data_offset_ws/build/casbot_arm_calibration_web/prefix_override:/usr/lib/python3/dist-packages/colcon_core/task/python/colcon_distutils_commands:/home/casbot/action_data_offset_ws_old/action_data_offset_ws/install/lib/python3.10/site-packages:/home/casbot/action_data_offset_ws_old/action_data_offset_ws/install/local/lib/python3.10/dist-packages:/home/casbot/action_data_offset_ws_old/action_data_offset_ws/install/lib/python3.10/site-packages:${PYTHONPATH} /usr/bin/python3 -W ignore:setup.py install is deprecated -W ignore:easy_install command is deprecated setup.py egg_info --egg-base ../../build/casbot_arm_calibration_web build --build-base /home/casbot/action_data_offset_ws_old/action_data_offset_ws/build/casbot_arm_calibration_web/build install --record /home/casbot/action_data_offset_ws_old/action_data_offset_ws/build/casbot_arm_calibration_web/install.log --single-version-externally-managed install_data
[0.839s] running egg_info
[0.839s] creating ../../build/casbot_arm_calibration_web/casbot_arm_calibration_web.egg-info
[0.839s] writing ../../build/casbot_arm_calibration_web/casbot_arm_calibration_web.egg-info/PKG-INFO
[0.839s] writing dependency_links to ../../build/casbot_arm_calibration_web/casbot_arm_calibration_web.egg-info/dependency_links.txt
[0.840s] writing entry points to ../../build/casbot_arm_calibration_web/casbot_arm_calibration_web.egg-info/entry_points.txt
[0.840s] writing requirements to ../../build/casbot_arm_calibration_web/casbot_arm_calibration_web.egg-info/requires.txt
[0.840s] writing top-level names to ../../build/casbot_arm_calibration_web/casbot_arm_calibration_web.egg-info/top_level.txt
[0.840s] writing manifest file '../../build/casbot_arm_calibration_web/casbot_arm_calibration_web.egg-info/SOURCES.txt'
[0.843s] reading manifest file '../../build/casbot_arm_calibration_web/casbot_arm_calibration_web.egg-info/SOURCES.txt'
[0.844s] writing manifest file '../../build/casbot_arm_calibration_web/casbot_arm_calibration_web.egg-info/SOURCES.txt'
[0.844s] running build
[0.844s] running build_py
[0.845s] creating /home/casbot/action_data_offset_ws_old/action_data_offset_ws/build/casbot_arm_calibration_web/build
[0.845s] creating /home/casbot/action_data_offset_ws_old/action_data_offset_ws/build/casbot_arm_calibration_web/build/lib
[0.845s] creating /home/casbot/action_data_offset_ws_old/action_data_offset_ws/build/casbot_arm_calibration_web/build/lib/casbot_arm_calibration_web
[0.845s] copying casbot_arm_calibration_web/trajectory_sources.py -> /home/casbot/action_data_offset_ws_old/action_data_offset_ws/build/casbot_arm_calibration_web/build/lib/casbot_arm_calibration_web
[0.845s] copying casbot_arm_calibration_web/arm_fk.py -> /home/casbot/action_data_offset_ws_old/action_data_offset_ws/build/casbot_arm_calibration_web/build/lib/casbot_arm_calibration_web
[0.845s] copying casbot_arm_calibration_web/calibration_data.py -> /home/casbot/action_data_offset_ws_old/action_data_offset_ws/build/casbot_arm_calibration_web/build/lib/casbot_arm_calibration_web
[0.845s] copying casbot_arm_calibration_web/offset_jacobian.py -> /home/casbot/action_data_offset_ws_old/action_data_offset_ws/build/casbot_arm_calibration_web/build/lib/casbot_arm_calibration_web
[0.845s] copying casbot_arm_calibration_web/kin_pin_trac.py -> /home/casbot/action_data_offset_ws_old/action_data_offset_ws/build/casbot_arm_calibration_web/build/lib/casbot_arm_calibration_web
[0.845s] copying casbot_arm_calibration_web/__init__.py -> /home/casbot/action_data_offset_ws_old/action_data_offset_ws/build/casbot_arm_calibration_web/build/lib/casbot_arm_calibration_web
[0.845s] copying casbot_arm_calibration_web/arm_cartesian_ik.py -> /home/casbot/action_data_offset_ws_old/action_data_offset_ws/build/casbot_arm_calibration_web/build/lib/casbot_arm_calibration_web
[0.845s] copying casbot_arm_calibration_web/diag_cartesian_ik.py -> /home/casbot/action_data_offset_ws_old/action_data_offset_ws/build/casbot_arm_calibration_web/build/lib/casbot_arm_calibration_web
[0.845s] copying casbot_arm_calibration_web/web_node.py -> /home/casbot/action_data_offset_ws_old/action_data_offset_ws/build/casbot_arm_calibration_web/build/lib/casbot_arm_calibration_web
[0.845s] creating /home/casbot/action_data_offset_ws_old/action_data_offset_ws/build/casbot_arm_calibration_web/build/lib/casbot_arm_calibration_web/web
[0.846s] copying casbot_arm_calibration_web/web/index.html -> /home/casbot/action_data_offset_ws_old/action_data_offset_ws/build/casbot_arm_calibration_web/build/lib/casbot_arm_calibration_web/web
[0.846s] copying casbot_arm_calibration_web/web/style.css -> /home/casbot/action_data_offset_ws_old/action_data_offset_ws/build/casbot_arm_calibration_web/build/lib/casbot_arm_calibration_web/web
[0.846s] copying casbot_arm_calibration_web/web/app.js -> /home/casbot/action_data_offset_ws_old/action_data_offset_ws/build/casbot_arm_calibration_web/build/lib/casbot_arm_calibration_web/web
[0.846s] running install
[0.846s] running install_lib
[0.847s] creating /home/casbot/action_data_offset_ws_old/action_data_offset_ws/install/lib/python3.10/site-packages/casbot_arm_calibration_web
[0.847s] copying /home/casbot/action_data_offset_ws_old/action_data_offset_ws/build/casbot_arm_calibration_web/build/lib/casbot_arm_calibration_web/trajectory_sources.py -> /home/casbot/action_data_offset_ws_old/action_data_offset_ws/install/lib/python3.10/site-packages/casbot_arm_calibration_web
[0.848s] copying /home/casbot/action_data_offset_ws_old/action_data_offset_ws/build/casbot_arm_calibration_web/build/lib/casbot_arm_calibration_web/arm_fk.py -> /home/casbot/action_data_offset_ws_old/action_data_offset_ws/install/lib/python3.10/site-packages/casbot_arm_calibration_web
[0.848s] copying /home/casbot/action_data_offset_ws_old/action_data_offset_ws/build/casbot_arm_calibration_web/build/lib/casbot_arm_calibration_web/calibration_data.py -> /home/casbot/action_data_offset_ws_old/action_data_offset_ws/install/lib/python3.10/site-packages/casbot_arm_calibration_web
[0.848s] copying /home/casbot/action_data_offset_ws_old/action_data_offset_ws/build/casbot_arm_calibration_web/build/lib/casbot_arm_calibration_web/offset_jacobian.py -> /home/casbot/action_data_offset_ws_old/action_data_offset_ws/install/lib/python3.10/site-packages/casbot_arm_calibration_web
[0.848s] copying /home/casbot/action_data_offset_ws_old/action_data_offset_ws/build/casbot_arm_calibration_web/build/lib/casbot_arm_calibration_web/kin_pin_trac.py -> /home/casbot/action_data_offset_ws_old/action_data_offset_ws/install/lib/python3.10/site-packages/casbot_arm_calibration_web
[0.848s] copying /home/casbot/action_data_offset_ws_old/action_data_offset_ws/build/casbot_arm_calibration_web/build/lib/casbot_arm_calibration_web/__init__.py -> /home/casbot/action_data_offset_ws_old/action_data_offset_ws/install/lib/python3.10/site-packages/casbot_arm_calibration_web
[0.848s] copying /home/casbot/action_data_offset_ws_old/action_data_offset_ws/build/casbot_arm_calibration_web/build/lib/casbot_arm_calibration_web/arm_cartesian_ik.py -> /home/casbot/action_data_offset_ws_old/action_data_offset_ws/install/lib/python3.10/site-packages/casbot_arm_calibration_web
[0.848s] creating /home/casbot/action_data_offset_ws_old/action_data_offset_ws/install/lib/python3.10/site-packages/casbot_arm_calibration_web/web
[0.848s] copying /home/casbot/action_data_offset_ws_old/action_data_offset_ws/build/casbot_arm_calibration_web/build/lib/casbot_arm_calibration_web/web/index.html -> /home/casbot/action_data_offset_ws_old/action_data_offset_ws/install/lib/python3.10/site-packages/casbot_arm_calibration_web/web
[0.848s] copying /home/casbot/action_data_offset_ws_old/action_data_offset_ws/build/casbot_arm_calibration_web/build/lib/casbot_arm_calibration_web/web/style.css -> /home/casbot/action_data_offset_ws_old/action_data_offset_ws/install/lib/python3.10/site-packages/casbot_arm_calibration_web/web
[0.849s] copying /home/casbot/action_data_offset_ws_old/action_data_offset_ws/build/casbot_arm_calibration_web/build/lib/casbot_arm_calibration_web/web/app.js -> /home/casbot/action_data_offset_ws_old/action_data_offset_ws/install/lib/python3.10/site-packages/casbot_arm_calibration_web/web
[0.849s] copying /home/casbot/action_data_offset_ws_old/action_data_offset_ws/build/casbot_arm_calibration_web/build/lib/casbot_arm_calibration_web/diag_cartesian_ik.py -> /home/casbot/action_data_offset_ws_old/action_data_offset_ws/install/lib/python3.10/site-packages/casbot_arm_calibration_web
[0.849s] copying /home/casbot/action_data_offset_ws_old/action_data_offset_ws/build/casbot_arm_calibration_web/build/lib/casbot_arm_calibration_web/web_node.py -> /home/casbot/action_data_offset_ws_old/action_data_offset_ws/install/lib/python3.10/site-packages/casbot_arm_calibration_web
[0.849s] byte-compiling /home/casbot/action_data_offset_ws_old/action_data_offset_ws/install/lib/python3.10/site-packages/casbot_arm_calibration_web/trajectory_sources.py to trajectory_sources.cpython-310.pyc
[0.850s] byte-compiling /home/casbot/action_data_offset_ws_old/action_data_offset_ws/install/lib/python3.10/site-packages/casbot_arm_calibration_web/arm_fk.py to arm_fk.cpython-310.pyc
[0.853s] byte-compiling /home/casbot/action_data_offset_ws_old/action_data_offset_ws/install/lib/python3.10/site-packages/casbot_arm_calibration_web/calibration_data.py to calibration_data.cpython-310.pyc
[0.853s] byte-compiling /home/casbot/action_data_offset_ws_old/action_data_offset_ws/install/lib/python3.10/site-packages/casbot_arm_calibration_web/offset_jacobian.py to offset_jacobian.cpython-310.pyc
[0.854s] byte-compiling /home/casbot/action_data_offset_ws_old/action_data_offset_ws/install/lib/python3.10/site-packages/casbot_arm_calibration_web/kin_pin_trac.py to kin_pin_trac.cpython-310.pyc
[0.855s] byte-compiling /home/casbot/action_data_offset_ws_old/action_data_offset_ws/install/lib/python3.10/site-packages/casbot_arm_calibration_web/__init__.py to __init__.cpython-310.pyc
[0.856s] byte-compiling /home/casbot/action_data_offset_ws_old/action_data_offset_ws/install/lib/python3.10/site-packages/casbot_arm_calibration_web/arm_cartesian_ik.py to arm_cartesian_ik.cpython-310.pyc
[0.862s] byte-compiling /home/casbot/action_data_offset_ws_old/action_data_offset_ws/install/lib/python3.10/site-packages/casbot_arm_calibration_web/diag_cartesian_ik.py to diag_cartesian_ik.cpython-310.pyc
[0.863s] byte-compiling /home/casbot/action_data_offset_ws_old/action_data_offset_ws/install/lib/python3.10/site-packages/casbot_arm_calibration_web/web_node.py to web_node.cpython-310.pyc
[0.873s] running install_data
[0.874s] copying package.xml -> /home/casbot/action_data_offset_ws_old/action_data_offset_ws/install/share/casbot_arm_calibration_web
[0.874s] creating /home/casbot/action_data_offset_ws_old/action_data_offset_ws/install/share/casbot_arm_calibration_web/launch
[0.875s] copying launch/arm_calibration_web.launch.py -> /home/casbot/action_data_offset_ws_old/action_data_offset_ws/install/share/casbot_arm_calibration_web/launch
[0.875s] creating /home/casbot/action_data_offset_ws_old/action_data_offset_ws/install/share/casbot_arm_calibration_web/urdf
[0.875s] copying urdf/CASBOT02_ENCOS_7dof_shell_20251015_P1L.urdf -> /home/casbot/action_data_offset_ws_old/action_data_offset_ws/install/share/casbot_arm_calibration_web/urdf
[0.875s] creating /home/casbot/action_data_offset_ws_old/action_data_offset_ws/install/share/casbot_arm_calibration_web/resource
[0.875s] copying resource/casbot_arm_calibration_web -> /home/casbot/action_data_offset_ws_old/action_data_offset_ws/install/share/casbot_arm_calibration_web/resource
[0.875s] creating /home/casbot/action_data_offset_ws_old/action_data_offset_ws/install/share/casbot_arm_calibration_web/resource/keyboard
[0.875s] copying resource/keyboard/keyboard_start_calibration.data -> /home/casbot/action_data_offset_ws_old/action_data_offset_ws/install/share/casbot_arm_calibration_web/resource/keyboard
[0.875s] copying resource/keyboard/keyboard_end_calibration.data -> /home/casbot/action_data_offset_ws_old/action_data_offset_ws/install/share/casbot_arm_calibration_web/resource/keyboard
[0.877s] running install_egg_info
[0.881s] Copying ../../build/casbot_arm_calibration_web/casbot_arm_calibration_web.egg-info to /home/casbot/action_data_offset_ws_old/action_data_offset_ws/install/lib/python3.10/site-packages/casbot_arm_calibration_web-0.1.0-py3.10.egg-info
[0.882s] running install_scripts
[0.903s] Installing arm_calibration_web script to /home/casbot/action_data_offset_ws_old/action_data_offset_ws/install/lib/casbot_arm_calibration_web
[0.903s] writing list of installed files to '/home/casbot/action_data_offset_ws_old/action_data_offset_ws/build/casbot_arm_calibration_web/install.log'
[0.929s] Invoked command in '/home/casbot/action_data_offset_ws_old/action_data_offset_ws/src/casbot_arm_calibration_web' returned '0': AMENT_PREFIX_PATH=/home/casbot/action_data_offset_ws_old/action_data_offset_ws/install:${AMENT_PREFIX_PATH} CMAKE_PREFIX_PATH=/home/casbot/action_data_offset_ws_old/action_data_offset_ws/install LD_LIBRARY_PATH=/home/casbot/action_data_offset_ws_old/action_data_offset_ws/install/lib:${LD_LIBRARY_PATH} PYTHONPATH=/home/casbot/action_data_offset_ws_old/action_data_offset_ws/build/casbot_arm_calibration_web/prefix_override:/usr/lib/python3/dist-packages/colcon_core/task/python/colcon_distutils_commands:/home/casbot/action_data_offset_ws_old/action_data_offset_ws/install/lib/python3.10/site-packages:/home/casbot/action_data_offset_ws_old/action_data_offset_ws/install/local/lib/python3.10/dist-packages:/home/casbot/action_data_offset_ws_old/action_data_offset_ws/install/lib/python3.10/site-packages:${PYTHONPATH} /usr/bin/python3 -W ignore:setup.py install is deprecated -W ignore:easy_install command is deprecated setup.py egg_info --egg-base ../../build/casbot_arm_calibration_web build --build-base /home/casbot/action_data_offset_ws_old/action_data_offset_ws/build/casbot_arm_calibration_web/build install --record /home/casbot/action_data_offset_ws_old/action_data_offset_ws/build/casbot_arm_calibration_web/install.log --single-version-externally-managed install_data
